JUnit version 4.12
.E.E.E
Time: 12.563
There were 3 failures:
1) test2(com.google.javascript.rhino.head.tools.debugger.Dim_ESTest)
com.google.javascript.rhino.head.EvaluatorException: Cannot convert 0&9? to java.lang.Integer
	at com.google.javascript.rhino.head.Context.reportRuntimeError(Context.java:947)
	at com.google.javascript.rhino.head.Context.reportRuntimeError(Context.java:999)
	at com.google.javascript.rhino.head.Context.reportRuntimeError2(Context.java:969)
	at com.google.javascript.rhino.head.NativeJavaObject.reportConversionError(NativeJavaObject.java:894)
	at com.google.javascript.rhino.head.NativeJavaObject.toInteger(NativeJavaObject.java:873)
	at com.google.javascript.rhino.head.NativeJavaObject.coerceToNumber(NativeJavaObject.java:764)
	at com.google.javascript.rhino.head.NativeJavaObject.coerceTypeImpl(NativeJavaObject.java:580)
	at com.google.javascript.rhino.head.Context.jsToJava(Context.java:1727)
	at com.google.javascript.rhino.head.tools.debugger.Dim_ESTest.test2(Dim_ESTest.java:55)
	at sun.reflect.NativeMethodAccessorImpl.invoke0(Native Method)
	at sun.reflect.NativeMethodAccessorImpl.invoke(NativeMethodAccessorImpl.java:62)
	at sun.reflect.DelegatingMethodAccessorImpl.invoke(DelegatingMethodAccessorImpl.java:43)
	at java.lang.reflect.Method.invoke(Method.java:497)
	at org.junit.runners.model.FrameworkMethod$1.runReflectiveCall(FrameworkMethod.java:50)
	at org.junit.internal.runners.model.ReflectiveCallable.run(ReflectiveCallable.java:12)
	at org.junit.runners.model.FrameworkMethod.invokeExplosively(FrameworkMethod.java:47)
	at org.junit.internal.runners.statements.InvokeMethod.evaluate(InvokeMethod.java:17)
	at org.junit.internal.runners.statements.FailOnTimeout$CallableStatement.call(FailOnTimeout.java:298)
	at org.junit.internal.runners.statements.FailOnTimeout$CallableStatement.call(FailOnTimeout.java:292)
	at java.util.concurrent.FutureTask.run(FutureTask.java:266)
	at java.lang.Thread.run(Thread.java:745)
2) test0(com.google.javascript.rhino.head.tools.debugger.Dim_ESTest)
com.google.javascript.rhino.head.EvaluatorException: Cannot convert  /=  to java.lang.Integer
	at com.google.javascript.rhino.head.Context.reportRuntimeError(Context.java:947)
	at com.google.javascript.rhino.head.Context.reportRuntimeError(Context.java:999)
	at com.google.javascript.rhino.head.Context.reportRuntimeError2(Context.java:969)
	at com.google.javascript.rhino.head.NativeJavaObject.reportConversionError(NativeJavaObject.java:894)
	at com.google.javascript.rhino.head.NativeJavaObject.toInteger(NativeJavaObject.java:873)
	at com.google.javascript.rhino.head.NativeJavaObject.coerceToNumber(NativeJavaObject.java:764)
	at com.google.javascript.rhino.head.NativeJavaObject.coerceTypeImpl(NativeJavaObject.java:580)
	at com.google.javascript.rhino.head.Context.jsToJava(Context.java:1727)
	at com.google.javascript.rhino.head.tools.debugger.Dim_ESTest.test0(Dim_ESTest.java:24)
	at sun.reflect.NativeMethodAccessorImpl.invoke0(Native Method)
	at sun.reflect.NativeMethodAccessorImpl.invoke(NativeMethodAccessorImpl.java:62)
	at sun.reflect.DelegatingMethodAccessorImpl.invoke(DelegatingMethodAccessorImpl.java:43)
	at java.lang.reflect.Method.invoke(Method.java:497)
	at org.junit.runners.model.FrameworkMethod$1.runReflectiveCall(FrameworkMethod.java:50)
	at org.junit.internal.runners.model.ReflectiveCallable.run(ReflectiveCallable.java:12)
	at org.junit.runners.model.FrameworkMethod.invokeExplosively(FrameworkMethod.java:47)
	at org.junit.internal.runners.statements.InvokeMethod.evaluate(InvokeMethod.java:17)
	at org.junit.internal.runners.statements.FailOnTimeout$CallableStatement.call(FailOnTimeout.java:298)
	at org.junit.internal.runners.statements.FailOnTimeout$CallableStatement.call(FailOnTimeout.java:292)
	at java.util.concurrent.FutureTask.run(FutureTask.java:266)
	at java.lang.Thread.run(Thread.java:745)
3) test1(com.google.javascript.rhino.head.tools.debugger.Dim_ESTest)
com.google.javascript.rhino.head.EvaluatorException: Cannot convert class java.lang.Integer to java.lang.Integer
	at com.google.javascript.rhino.head.Context.reportRuntimeError(Context.java:947)
	at com.google.javascript.rhino.head.Context.reportRuntimeError(Context.java:999)
	at com.google.javascript.rhino.head.Context.reportRuntimeError2(Context.java:969)
	at com.google.javascript.rhino.head.NativeJavaObject.reportConversionError(NativeJavaObject.java:894)
	at com.google.javascript.rhino.head.NativeJavaObject.coerceTypeImpl(NativeJavaObject.java:600)
	at com.google.javascript.rhino.head.Context.jsToJava(Context.java:1727)
	at com.google.javascript.rhino.head.tools.debugger.Dim_ESTest.test1(Dim_ESTest.java:40)
	at sun.reflect.NativeMethodAccessorImpl.invoke0(Native Method)
	at sun.reflect.NativeMethodAccessorImpl.invoke(NativeMethodAccessorImpl.java:62)
	at sun.reflect.DelegatingMethodAccessorImpl.invoke(DelegatingMethodAccessorImpl.java:43)
	at java.lang.reflect.Method.invoke(Method.java:497)
	at org.junit.runners.model.FrameworkMethod$1.runReflectiveCall(FrameworkMethod.java:50)
	at org.junit.internal.runners.model.ReflectiveCallable.run(ReflectiveCallable.java:12)
	at org.junit.runners.model.FrameworkMethod.invokeExplosively(FrameworkMethod.java:47)
	at org.junit.internal.runners.statements.InvokeMethod.evaluate(InvokeMethod.java:17)
	at org.junit.internal.runners.statements.FailOnTimeout$CallableStatement.call(FailOnTimeout.java:298)
	at org.junit.internal.runners.statements.FailOnTimeout$CallableStatement.call(FailOnTimeout.java:292)
	at java.util.concurrent.FutureTask.run(FutureTask.java:266)
	at java.lang.Thread.run(Thread.java:745)

FAILURES!!!
Tests run: 3,  Failures: 3

