JUnit version 4.12
.II....E.E
Time: 4.17
There were 2 failures:
1) test2(com.google.javascript.rhino.head.NativeContinuation_ESTest)
org.evosuite.runtime.mock.java.lang.MockIllegalArgumentException: BAD FUNCTION ID=4 MASTER=com.google.javascript.rhino.head.NativeContinuation@1
	at com.google.javascript.rhino.head.IdFunctionObject.unknown(IdFunctionObject.java:186)
	at com.google.javascript.rhino.head.IdScriptableObject.execIdCall(IdScriptableObject.java:600)
	at com.google.javascript.rhino.head.NativeContinuation.execIdCall(NativeContinuation.java:108)
	at com.google.javascript.rhino.head.NativeContinuation_ESTest.test2(NativeContinuation_ESTest.java:54)
	at sun.reflect.NativeMethodAccessorImpl.invoke0(Native Method)
	at sun.reflect.NativeMethodAccessorImpl.invoke(NativeMethodAccessorImpl.java:62)
	at sun.reflect.DelegatingMethodAccessorImpl.invoke(DelegatingMethodAccessorImpl.java:43)
	at java.lang.reflect.Method.invoke(Method.java:498)
	at org.junit.runners.model.FrameworkMethod$1.runReflectiveCall(FrameworkMethod.java:50)
	at org.junit.internal.runners.model.ReflectiveCallable.run(ReflectiveCallable.java:12)
	at org.junit.runners.model.FrameworkMethod.invokeExplosively(FrameworkMethod.java:47)
	at org.junit.internal.runners.statements.InvokeMethod.evaluate(InvokeMethod.java:17)
	at org.junit.internal.runners.statements.FailOnTimeout$CallableStatement.call(FailOnTimeout.java:298)
	at org.junit.internal.runners.statements.FailOnTimeout$CallableStatement.call(FailOnTimeout.java:292)
	at java.util.concurrent.FutureTask.run(FutureTask.java:266)
	at java.lang.Thread.run(Thread.java:748)
2) test3(com.google.javascript.rhino.head.NativeContinuation_ESTest)
org.evosuite.runtime.mock.java.lang.MockIllegalArgumentException: 8
	at com.google.javascript.rhino.head.NativeContinuation.initPrototypeId(NativeContinuation.java:98)
	at com.google.javascript.rhino.head.NativeContinuation_ESTest.test3(NativeContinuation_ESTest.java:70)
	at sun.reflect.NativeMethodAccessorImpl.invoke0(Native Method)
	at sun.reflect.NativeMethodAccessorImpl.invoke(NativeMethodAccessorImpl.java:62)
	at sun.reflect.DelegatingMethodAccessorImpl.invoke(DelegatingMethodAccessorImpl.java:43)
	at java.lang.reflect.Method.invoke(Method.java:498)
	at org.junit.runners.model.FrameworkMethod$1.runReflectiveCall(FrameworkMethod.java:50)
	at org.junit.internal.runners.model.ReflectiveCallable.run(ReflectiveCallable.java:12)
	at org.junit.runners.model.FrameworkMethod.invokeExplosively(FrameworkMethod.java:47)
	at org.junit.internal.runners.statements.InvokeMethod.evaluate(InvokeMethod.java:17)
	at org.junit.internal.runners.statements.FailOnTimeout$CallableStatement.call(FailOnTimeout.java:298)
	at org.junit.internal.runners.statements.FailOnTimeout$CallableStatement.call(FailOnTimeout.java:292)
	at java.util.concurrent.FutureTask.run(FutureTask.java:266)
	at java.lang.Thread.run(Thread.java:748)

FAILURES!!!
Tests run: 6,  Failures: 2

