JUnit version 4.12
..............E..................................E................................
Time: 1.315
There were 2 failures:
1) test57(org.joda.time.LocalTime_ESTest)
org.evosuite.runtime.mock.java.lang.MockIllegalArgumentException: Field 'hourOfDay' is not supported
	at org.joda.time.LocalTime.get(LocalTime.java:608)
	at org.joda.time.convert.ReadablePartialConverter.getPartialValues(ReadablePartialConverter.java:91)
	at org.joda.time.convert.AbstractConverter.getPartialValues(AbstractConverter.java:123)
	at org.joda.time.LocalTime.<init>(LocalTime.java:409)
	at org.joda.time.LocalTime_ESTest.test57(LocalTime_ESTest.java:1120)
	at sun.reflect.NativeMethodAccessorImpl.invoke0(Native Method)
	at sun.reflect.NativeMethodAccessorImpl.invoke(NativeMethodAccessorImpl.java:62)
	at sun.reflect.DelegatingMethodAccessorImpl.invoke(DelegatingMethodAccessorImpl.java:43)
	at java.lang.reflect.Method.invoke(Method.java:498)
	at org.junit.runners.model.FrameworkMethod$1.runReflectiveCall(FrameworkMethod.java:50)
	at org.junit.internal.runners.model.ReflectiveCallable.run(ReflectiveCallable.java:12)
	at org.junit.runners.model.FrameworkMethod.invokeExplosively(FrameworkMethod.java:47)
	at org.junit.internal.runners.statements.InvokeMethod.evaluate(InvokeMethod.java:17)
	at org.junit.internal.runners.statements.FailOnTimeout$CallableStatement.call(FailOnTimeout.java:298)
	at org.junit.internal.runners.statements.FailOnTimeout$CallableStatement.call(FailOnTimeout.java:292)
	at java.util.concurrent.FutureTask.run(FutureTask.java:266)
	at java.lang.Thread.run(Thread.java:748)
2) test75(org.joda.time.LocalTime_ESTest)
java.lang.ClassCastException: ReadablePartial objects must have matching field types
	at org.joda.time.base.AbstractPartial.compareTo(AbstractPartial.java:319)
	at org.joda.time.LocalDate.compareTo(LocalDate.java:674)
	at org.joda.time.base.AbstractPartial.isBefore(AbstractPartial.java:375)
	at org.joda.time.LocalDate.toDate(LocalDate.java:989)
	at org.joda.time.LocalTime_ESTest.test75(LocalTime_ESTest.java:1371)
	at sun.reflect.NativeMethodAccessorImpl.invoke0(Native Method)
	at sun.reflect.NativeMethodAccessorImpl.invoke(NativeMethodAccessorImpl.java:62)
	at sun.reflect.DelegatingMethodAccessorImpl.invoke(DelegatingMethodAccessorImpl.java:43)
	at java.lang.reflect.Method.invoke(Method.java:498)
	at org.junit.runners.model.FrameworkMethod$1.runReflectiveCall(FrameworkMethod.java:50)
	at org.junit.internal.runners.model.ReflectiveCallable.run(ReflectiveCallable.java:12)
	at org.junit.runners.model.FrameworkMethod.invokeExplosively(FrameworkMethod.java:47)
	at org.junit.internal.runners.statements.InvokeMethod.evaluate(InvokeMethod.java:17)
	at org.junit.internal.runners.statements.FailOnTimeout$CallableStatement.call(FailOnTimeout.java:298)
	at org.junit.internal.runners.statements.FailOnTimeout$CallableStatement.call(FailOnTimeout.java:292)
	at java.util.concurrent.FutureTask.run(FutureTask.java:266)
	at java.lang.Thread.run(Thread.java:748)

FAILURES!!!
Tests run: 80,  Failures: 2

