JUnit version 4.12
..E.E...E.E.E..E.E..E.E.E.E.E.E.E..E...E.E.E...E.E...E..E...E...E..E......E..E.E.E.E.....
Time: 0.69
There were 30 failures:
1) test38(org.apache.commons.math.transform.FastFourierTransformer_ESTest)
org.evosuite.runtime.mock.java.lang.MockIllegalArgumentException: Number of samples not power of 2, consider padding for fix.
	at org.apache.commons.math.transform.FastFourierTransformer.verifyDataSet(FastFourierTransformer.java:531)
	at org.apache.commons.math.transform.FastFourierTransformer.fft(FastFourierTransformer.java:313)
	at org.apache.commons.math.transform.FastFourierTransformer.transform(FastFourierTransformer.java:100)
	at org.apache.commons.math.transform.FastFourierTransformer_ESTest.test38(FastFourierTransformer_ESTest.java:612)
	at sun.reflect.NativeMethodAccessorImpl.invoke0(Native Method)
	at sun.reflect.NativeMethodAccessorImpl.invoke(NativeMethodAccessorImpl.java:62)
	at sun.reflect.DelegatingMethodAccessorImpl.invoke(DelegatingMethodAccessorImpl.java:43)
	at java.lang.reflect.Method.invoke(Method.java:498)
	at org.junit.runners.model.FrameworkMethod$1.runReflectiveCall(FrameworkMethod.java:50)
	at org.junit.internal.runners.model.ReflectiveCallable.run(ReflectiveCallable.java:12)
	at org.junit.runners.model.FrameworkMethod.invokeExplosively(FrameworkMethod.java:47)
	at org.junit.internal.runners.statements.InvokeMethod.evaluate(InvokeMethod.java:17)
	at org.junit.internal.runners.statements.FailOnTimeout$CallableStatement.call(FailOnTimeout.java:298)
	at org.junit.internal.runners.statements.FailOnTimeout$CallableStatement.call(FailOnTimeout.java:292)
	at java.util.concurrent.FutureTask.run(FutureTask.java:266)
	at java.lang.Thread.run(Thread.java:748)
2) test37(org.apache.commons.math.transform.FastFourierTransformer_ESTest)
org.evosuite.runtime.mock.java.lang.MockIllegalArgumentException: Number of samples not positive.
	at org.apache.commons.math.transform.FastFourierTransformer.sample(FastFourierTransformer.java:471)
	at org.apache.commons.math.transform.FastFourierTransformer.inversetransform(FastFourierTransformer.java:217)
	at org.apache.commons.math.transform.FastFourierTransformer_ESTest.test37(FastFourierTransformer_ESTest.java:592)
	at sun.reflect.NativeMethodAccessorImpl.invoke0(Native Method)
	at sun.reflect.NativeMethodAccessorImpl.invoke(NativeMethodAccessorImpl.java:62)
	at sun.reflect.DelegatingMethodAccessorImpl.invoke(DelegatingMethodAccessorImpl.java:43)
	at java.lang.reflect.Method.invoke(Method.java:498)
	at org.junit.runners.model.FrameworkMethod$1.runReflectiveCall(FrameworkMethod.java:50)
	at org.junit.internal.runners.model.ReflectiveCallable.run(ReflectiveCallable.java:12)
	at org.junit.runners.model.FrameworkMethod.invokeExplosively(FrameworkMethod.java:47)
	at org.junit.internal.runners.statements.InvokeMethod.evaluate(InvokeMethod.java:17)
	at org.junit.internal.runners.statements.FailOnTimeout$CallableStatement.call(FailOnTimeout.java:298)
	at org.junit.internal.runners.statements.FailOnTimeout$CallableStatement.call(FailOnTimeout.java:292)
	at java.util.concurrent.FutureTask.run(FutureTask.java:266)
	at java.lang.Thread.run(Thread.java:748)
3) test34(org.apache.commons.math.transform.FastFourierTransformer_ESTest)
org.evosuite.runtime.mock.java.lang.MockIllegalArgumentException: Number of samples not positive.
	at org.apache.commons.math.transform.FastFourierTransformer.sample(FastFourierTransformer.java:471)
	at org.apache.commons.math.transform.FastFourierTransformer.transform(FastFourierTransformer.java:99)
	at org.apache.commons.math.transform.FastFourierTransformer_ESTest.test34(FastFourierTransformer_ESTest.java:552)
	at sun.reflect.NativeMethodAccessorImpl.invoke0(Native Method)
	at sun.reflect.NativeMethodAccessorImpl.invoke(NativeMethodAccessorImpl.java:62)
	at sun.reflect.DelegatingMethodAccessorImpl.invoke(DelegatingMethodAccessorImpl.java:43)
	at java.lang.reflect.Method.invoke(Method.java:498)
	at org.junit.runners.model.FrameworkMethod$1.runReflectiveCall(FrameworkMethod.java:50)
	at org.junit.internal.runners.model.ReflectiveCallable.run(ReflectiveCallable.java:12)
	at org.junit.runners.model.FrameworkMethod.invokeExplosively(FrameworkMethod.java:47)
	at org.junit.internal.runners.statements.InvokeMethod.evaluate(InvokeMethod.java:17)
	at org.junit.internal.runners.statements.FailOnTimeout$CallableStatement.call(FailOnTimeout.java:298)
	at org.junit.internal.runners.statements.FailOnTimeout$CallableStatement.call(FailOnTimeout.java:292)
	at java.util.concurrent.FutureTask.run(FutureTask.java:266)
	at java.lang.Thread.run(Thread.java:748)
4) test33(org.apache.commons.math.transform.FastFourierTransformer_ESTest)
org.evosuite.runtime.mock.java.lang.MockIllegalArgumentException: Number of samples not positive.
	at org.apache.commons.math.transform.FastFourierTransformer.sample(FastFourierTransformer.java:471)
	at org.apache.commons.math.transform.FastFourierTransformer.inversetransform2(FastFourierTransformer.java:277)
	at org.apache.commons.math.transform.FastFourierTransformer_ESTest.test33(FastFourierTransformer_ESTest.java:533)
	at sun.reflect.NativeMethodAccessorImpl.invoke0(Native Method)
	at sun.reflect.NativeMethodAccessorImpl.invoke(NativeMethodAccessorImpl.java:62)
	at sun.reflect.DelegatingMethodAccessorImpl.invoke(DelegatingMethodAccessorImpl.java:43)
	at java.lang.reflect.Method.invoke(Method.java:498)
	at org.junit.runners.model.FrameworkMethod$1.runReflectiveCall(FrameworkMethod.java:50)
	at org.junit.internal.runners.model.ReflectiveCallable.run(ReflectiveCallable.java:12)
	at org.junit.runners.model.FrameworkMethod.invokeExplosively(FrameworkMethod.java:47)
	at org.junit.internal.runners.statements.InvokeMethod.evaluate(InvokeMethod.java:17)
	at org.junit.internal.runners.statements.FailOnTimeout$CallableStatement.call(FailOnTimeout.java:298)
	at org.junit.internal.runners.statements.FailOnTimeout$CallableStatement.call(FailOnTimeout.java:292)
	at java.util.concurrent.FutureTask.run(FutureTask.java:266)
	at java.lang.Thread.run(Thread.java:748)
5) test32(org.apache.commons.math.transform.FastFourierTransformer_ESTest)
org.evosuite.runtime.mock.java.lang.MockIllegalArgumentException: Number of samples not power of 2, consider padding for fix.
	at org.apache.commons.math.transform.FastFourierTransformer.verifyDataSet(FastFourierTransformer.java:531)
	at org.apache.commons.math.transform.FastFourierTransformer.fft(FastFourierTransformer.java:313)
	at org.apache.commons.math.transform.FastFourierTransformer.inversetransform2(FastFourierTransformer.java:256)
	at org.apache.commons.math.transform.FastFourierTransformer_ESTest.test32(FastFourierTransformer_ESTest.java:514)
	at sun.reflect.NativeMethodAccessorImpl.invoke0(Native Method)
	at sun.reflect.NativeMethodAccessorImpl.invoke(NativeMethodAccessorImpl.java:62)
	at sun.reflect.DelegatingMethodAccessorImpl.invoke(DelegatingMethodAccessorImpl.java:43)
	at java.lang.reflect.Method.invoke(Method.java:498)
	at org.junit.runners.model.FrameworkMethod$1.runReflectiveCall(FrameworkMethod.java:50)
	at org.junit.internal.runners.model.ReflectiveCallable.run(ReflectiveCallable.java:12)
	at org.junit.runners.model.FrameworkMethod.invokeExplosively(FrameworkMethod.java:47)
	at org.junit.internal.runners.statements.InvokeMethod.evaluate(InvokeMethod.java:17)
	at org.junit.internal.runners.statements.FailOnTimeout$CallableStatement.call(FailOnTimeout.java:298)
	at org.junit.internal.runners.statements.FailOnTimeout$CallableStatement.call(FailOnTimeout.java:292)
	at java.util.concurrent.FutureTask.run(FutureTask.java:266)
	at java.lang.Thread.run(Thread.java:748)
6) test30(org.apache.commons.math.transform.FastFourierTransformer_ESTest)
org.evosuite.runtime.mock.java.lang.MockIllegalArgumentException: Number of samples not power of 2, consider padding for fix.
	at org.apache.commons.math.transform.FastFourierTransformer.verifyDataSet(FastFourierTransformer.java:544)
	at org.apache.commons.math.transform.FastFourierTransformer.fft(FastFourierTransformer.java:361)
	at org.apache.commons.math.transform.FastFourierTransformer_ESTest.test30(FastFourierTransformer_ESTest.java:484)
	at sun.reflect.NativeMethodAccessorImpl.invoke0(Native Method)
	at sun.reflect.NativeMethodAccessorImpl.invoke(NativeMethodAccessorImpl.java:62)
	at sun.reflect.DelegatingMethodAccessorImpl.invoke(DelegatingMethodAccessorImpl.java:43)
	at java.lang.reflect.Method.invoke(Method.java:498)
	at org.junit.runners.model.FrameworkMethod$1.runReflectiveCall(FrameworkMethod.java:50)
	at org.junit.internal.runners.model.ReflectiveCallable.run(ReflectiveCallable.java:12)
	at org.junit.runners.model.FrameworkMethod.invokeExplosively(FrameworkMethod.java:47)
	at org.junit.internal.runners.statements.InvokeMethod.evaluate(InvokeMethod.java:17)
	at org.junit.internal.runners.statements.FailOnTimeout$CallableStatement.call(FailOnTimeout.java:298)
	at org.junit.internal.runners.statements.FailOnTimeout$CallableStatement.call(FailOnTimeout.java:292)
	at java.util.concurrent.FutureTask.run(FutureTask.java:266)
	at java.lang.Thread.run(Thread.java:748)
7) test29(org.apache.commons.math.transform.FastFourierTransformer_ESTest)
org.evosuite.runtime.mock.java.lang.MockIllegalArgumentException: Number of samples not power of 2, consider padding for fix.
	at org.apache.commons.math.transform.FastFourierTransformer.verifyDataSet(FastFourierTransformer.java:531)
	at org.apache.commons.math.transform.FastFourierTransformer.fft(FastFourierTransformer.java:313)
	at org.apache.commons.math.transform.FastFourierTransformer.inversetransform(FastFourierTransformer.java:219)
	at org.apache.commons.math.transform.FastFourierTransformer_ESTest.test29(FastFourierTransformer_ESTest.java:466)
	at sun.reflect.NativeMethodAccessorImpl.invoke0(Native Method)
	at sun.reflect.NativeMethodAccessorImpl.invoke(NativeMethodAccessorImpl.java:62)
	at sun.reflect.DelegatingMethodAccessorImpl.invoke(DelegatingMethodAccessorImpl.java:43)
	at java.lang.reflect.Method.invoke(Method.java:498)
	at org.junit.runners.model.FrameworkMethod$1.runReflectiveCall(FrameworkMethod.java:50)
	at org.junit.internal.runners.model.ReflectiveCallable.run(ReflectiveCallable.java:12)
	at org.junit.runners.model.FrameworkMethod.invokeExplosively(FrameworkMethod.java:47)
	at org.junit.internal.runners.statements.InvokeMethod.evaluate(InvokeMethod.java:17)
	at org.junit.internal.runners.statements.FailOnTimeout$CallableStatement.call(FailOnTimeout.java:298)
	at org.junit.internal.runners.statements.FailOnTimeout$CallableStatement.call(FailOnTimeout.java:292)
	at java.util.concurrent.FutureTask.run(FutureTask.java:266)
	at java.lang.Thread.run(Thread.java:748)
8) test27(org.apache.commons.math.transform.FastFourierTransformer_ESTest)
org.evosuite.runtime.mock.java.lang.MockIllegalArgumentException: Number of samples not positive.
	at org.apache.commons.math.transform.FastFourierTransformer.sample(FastFourierTransformer.java:471)
	at org.apache.commons.math.transform.FastFourierTransformer.inversetransform(FastFourierTransformer.java:217)
	at org.apache.commons.math.transform.FastFourierTransformer_ESTest.test27(FastFourierTransformer_ESTest.java:435)
	at sun.reflect.NativeMethodAccessorImpl.invoke0(Native Method)
	at sun.reflect.NativeMethodAccessorImpl.invoke(NativeMethodAccessorImpl.java:62)
	at sun.reflect.DelegatingMethodAccessorImpl.invoke(DelegatingMethodAccessorImpl.java:43)
	at java.lang.reflect.Method.invoke(Method.java:498)
	at org.junit.runners.model.FrameworkMethod$1.runReflectiveCall(FrameworkMethod.java:50)
	at org.junit.internal.runners.model.ReflectiveCallable.run(ReflectiveCallable.java:12)
	at org.junit.runners.model.FrameworkMethod.invokeExplosively(FrameworkMethod.java:47)
	at org.junit.internal.runners.statements.InvokeMethod.evaluate(InvokeMethod.java:17)
	at org.junit.internal.runners.statements.FailOnTimeout$CallableStatement.call(FailOnTimeout.java:298)
	at org.junit.internal.runners.statements.FailOnTimeout$CallableStatement.call(FailOnTimeout.java:292)
	at java.util.concurrent.FutureTask.run(FutureTask.java:266)
	at java.lang.Thread.run(Thread.java:748)
9) test26(org.apache.commons.math.transform.FastFourierTransformer_ESTest)
org.evosuite.runtime.mock.java.lang.MockIllegalArgumentException: Number of samples not positive.
	at org.apache.commons.math.transform.FastFourierTransformer.sample(FastFourierTransformer.java:471)
	at org.apache.commons.math.transform.FastFourierTransformer.inversetransform(FastFourierTransformer.java:217)
	at org.apache.commons.math.transform.FastFourierTransformer_ESTest.test26(FastFourierTransformer_ESTest.java:416)
	at sun.reflect.NativeMethodAccessorImpl.invoke0(Native Method)
	at sun.reflect.NativeMethodAccessorImpl.invoke(NativeMethodAccessorImpl.java:62)
	at sun.reflect.DelegatingMethodAccessorImpl.invoke(DelegatingMethodAccessorImpl.java:43)
	at java.lang.reflect.Method.invoke(Method.java:498)
	at org.junit.runners.model.FrameworkMethod$1.runReflectiveCall(FrameworkMethod.java:50)
	at org.junit.internal.runners.model.ReflectiveCallable.run(ReflectiveCallable.java:12)
	at org.junit.runners.model.FrameworkMethod.invokeExplosively(FrameworkMethod.java:47)
	at org.junit.internal.runners.statements.InvokeMethod.evaluate(InvokeMethod.java:17)
	at org.junit.internal.runners.statements.FailOnTimeout$CallableStatement.call(FailOnTimeout.java:298)
	at org.junit.internal.runners.statements.FailOnTimeout$CallableStatement.call(FailOnTimeout.java:292)
	at java.util.concurrent.FutureTask.run(FutureTask.java:266)
	at java.lang.Thread.run(Thread.java:748)
10) test25(org.apache.commons.math.transform.FastFourierTransformer_ESTest)
org.evosuite.runtime.mock.java.lang.MockIllegalArgumentException: Endpoints do not specify an interval: [2027.6378661, 2027.6378661]
	at org.apache.commons.math.transform.FastFourierTransformer.verifyInterval(FastFourierTransformer.java:560)
	at org.apache.commons.math.transform.FastFourierTransformer_ESTest.test25(FastFourierTransformer_ESTest.java:397)
	at sun.reflect.NativeMethodAccessorImpl.invoke0(Native Method)
	at sun.reflect.NativeMethodAccessorImpl.invoke(NativeMethodAccessorImpl.java:62)
	at sun.reflect.DelegatingMethodAccessorImpl.invoke(DelegatingMethodAccessorImpl.java:43)
	at java.lang.reflect.Method.invoke(Method.java:498)
	at org.junit.runners.model.FrameworkMethod$1.runReflectiveCall(FrameworkMethod.java:50)
	at org.junit.internal.runners.model.ReflectiveCallable.run(ReflectiveCallable.java:12)
	at org.junit.runners.model.FrameworkMethod.invokeExplosively(FrameworkMethod.java:47)
	at org.junit.internal.runners.statements.InvokeMethod.evaluate(InvokeMethod.java:17)
	at org.junit.internal.runners.statements.FailOnTimeout$CallableStatement.call(FailOnTimeout.java:298)
	at org.junit.internal.runners.statements.FailOnTimeout$CallableStatement.call(FailOnTimeout.java:292)
	at java.util.concurrent.FutureTask.run(FutureTask.java:266)
	at java.lang.Thread.run(Thread.java:748)
11) test24(org.apache.commons.math.transform.FastFourierTransformer_ESTest)
org.evosuite.runtime.mock.java.lang.MockIllegalArgumentException: Endpoints do not specify an interval: [-799.12728885, -799.12728885]
	at org.apache.commons.math.transform.FastFourierTransformer.verifyInterval(FastFourierTransformer.java:560)
	at org.apache.commons.math.transform.FastFourierTransformer.sample(FastFourierTransformer.java:473)
	at org.apache.commons.math.transform.FastFourierTransformer.transform(FastFourierTransformer.java:99)
	at org.apache.commons.math.transform.FastFourierTransformer_ESTest.test24(FastFourierTransformer_ESTest.java:381)
	at sun.reflect.NativeMethodAccessorImpl.invoke0(Native Method)
	at sun.reflect.NativeMethodAccessorImpl.invoke(NativeMethodAccessorImpl.java:62)
	at sun.reflect.DelegatingMethodAccessorImpl.invoke(DelegatingMethodAccessorImpl.java:43)
	at java.lang.reflect.Method.invoke(Method.java:498)
	at org.junit.runners.model.FrameworkMethod$1.runReflectiveCall(FrameworkMethod.java:50)
	at org.junit.internal.runners.model.ReflectiveCallable.run(ReflectiveCallable.java:12)
	at org.junit.runners.model.FrameworkMethod.invokeExplosively(FrameworkMethod.java:47)
	at org.junit.internal.runners.statements.InvokeMethod.evaluate(InvokeMethod.java:17)
	at org.junit.internal.runners.statements.FailOnTimeout$CallableStatement.call(FailOnTimeout.java:298)
	at org.junit.internal.runners.statements.FailOnTimeout$CallableStatement.call(FailOnTimeout.java:292)
	at java.util.concurrent.FutureTask.run(FutureTask.java:266)
	at java.lang.Thread.run(Thread.java:748)
12) test23(org.apache.commons.math.transform.FastFourierTransformer_ESTest)
org.evosuite.runtime.mock.java.lang.MockIllegalArgumentException: Number of samples not power of 2, consider padding for fix.
	at org.apache.commons.math.transform.FastFourierTransformer.verifyDataSet(FastFourierTransformer.java:531)
	at org.apache.commons.math.transform.FastFourierTransformer.fft(FastFourierTransformer.java:313)
	at org.apache.commons.math.transform.FastFourierTransformer.transform(FastFourierTransformer.java:100)
	at org.apache.commons.math.transform.FastFourierTransformer_ESTest.test23(FastFourierTransformer_ESTest.java:362)
	at sun.reflect.NativeMethodAccessorImpl.invoke0(Native Method)
	at sun.reflect.NativeMethodAccessorImpl.invoke(NativeMethodAccessorImpl.java:62)
	at sun.reflect.DelegatingMethodAccessorImpl.invoke(DelegatingMethodAccessorImpl.java:43)
	at java.lang.reflect.Method.invoke(Method.java:498)
	at org.junit.runners.model.FrameworkMethod$1.runReflectiveCall(FrameworkMethod.java:50)
	at org.junit.internal.runners.model.ReflectiveCallable.run(ReflectiveCallable.java:12)
	at org.junit.runners.model.FrameworkMethod.invokeExplosively(FrameworkMethod.java:47)
	at org.junit.internal.runners.statements.InvokeMethod.evaluate(InvokeMethod.java:17)
	at org.junit.internal.runners.statements.FailOnTimeout$CallableStatement.call(FailOnTimeout.java:298)
	at org.junit.internal.runners.statements.FailOnTimeout$CallableStatement.call(FailOnTimeout.java:292)
	at java.util.concurrent.FutureTask.run(FutureTask.java:266)
	at java.lang.Thread.run(Thread.java:748)
13) test22(org.apache.commons.math.transform.FastFourierTransformer_ESTest)
org.evosuite.runtime.mock.java.lang.MockIllegalArgumentException: Endpoints do not specify an interval: [-1671.4614, -1671.4614]
	at org.apache.commons.math.transform.FastFourierTransformer.verifyInterval(FastFourierTransformer.java:560)
	at org.apache.commons.math.transform.FastFourierTransformer.sample(FastFourierTransformer.java:473)
	at org.apache.commons.math.transform.FastFourierTransformer.inversetransform2(FastFourierTransformer.java:277)
	at org.apache.commons.math.transform.FastFourierTransformer_ESTest.test22(FastFourierTransformer_ESTest.java:343)
	at sun.reflect.NativeMethodAccessorImpl.invoke0(Native Method)
	at sun.reflect.NativeMethodAccessorImpl.invoke(NativeMethodAccessorImpl.java:62)
	at sun.reflect.DelegatingMethodAccessorImpl.invoke(DelegatingMethodAccessorImpl.java:43)
	at java.lang.reflect.Method.invoke(Method.java:498)
	at org.junit.runners.model.FrameworkMethod$1.runReflectiveCall(FrameworkMethod.java:50)
	at org.junit.internal.runners.model.ReflectiveCallable.run(ReflectiveCallable.java:12)
	at org.junit.runners.model.FrameworkMethod.invokeExplosively(FrameworkMethod.java:47)
	at org.junit.internal.runners.statements.InvokeMethod.evaluate(InvokeMethod.java:17)
	at org.junit.internal.runners.statements.FailOnTimeout$CallableStatement.call(FailOnTimeout.java:298)
	at org.junit.internal.runners.statements.FailOnTimeout$CallableStatement.call(FailOnTimeout.java:292)
	at java.util.concurrent.FutureTask.run(FutureTask.java:266)
	at java.lang.Thread.run(Thread.java:748)
14) test21(org.apache.commons.math.transform.FastFourierTransformer_ESTest)
org.evosuite.runtime.mock.java.lang.MockIllegalArgumentException: Number of samples not power of 2, consider padding for fix.
	at org.apache.commons.math.transform.FastFourierTransformer.verifyDataSet(FastFourierTransformer.java:531)
	at org.apache.commons.math.transform.FastFourierTransformer.fft(FastFourierTransformer.java:313)
	at org.apache.commons.math.transform.FastFourierTransformer.transform2(FastFourierTransformer.java:159)
	at org.apache.commons.math.transform.FastFourierTransformer_ESTest.test21(FastFourierTransformer_ESTest.java:326)
	at sun.reflect.NativeMethodAccessorImpl.invoke0(Native Method)
	at sun.reflect.NativeMethodAccessorImpl.invoke(NativeMethodAccessorImpl.java:62)
	at sun.reflect.DelegatingMethodAccessorImpl.invoke(DelegatingMethodAccessorImpl.java:43)
	at java.lang.reflect.Method.invoke(Method.java:498)
	at org.junit.runners.model.FrameworkMethod$1.runReflectiveCall(FrameworkMethod.java:50)
	at org.junit.internal.runners.model.ReflectiveCallable.run(ReflectiveCallable.java:12)
	at org.junit.runners.model.FrameworkMethod.invokeExplosively(FrameworkMethod.java:47)
	at org.junit.internal.runners.statements.InvokeMethod.evaluate(InvokeMethod.java:17)
	at org.junit.internal.runners.statements.FailOnTimeout$CallableStatement.call(FailOnTimeout.java:298)
	at org.junit.internal.runners.statements.FailOnTimeout$CallableStatement.call(FailOnTimeout.java:292)
	at java.util.concurrent.FutureTask.run(FutureTask.java:266)
	at java.lang.Thread.run(Thread.java:748)
15) test19(org.apache.commons.math.transform.FastFourierTransformer_ESTest)
org.evosuite.runtime.mock.java.lang.MockIllegalArgumentException: Number of samples not power of 2, consider padding for fix.
	at org.apache.commons.math.transform.FastFourierTransformer.verifyDataSet(FastFourierTransformer.java:544)
	at org.apache.commons.math.transform.FastFourierTransformer.fft(FastFourierTransformer.java:361)
	at org.apache.commons.math.transform.FastFourierTransformer.inversetransform2(FastFourierTransformer.java:298)
	at org.apache.commons.math.transform.FastFourierTransformer_ESTest.test19(FastFourierTransformer_ESTest.java:295)
	at sun.reflect.NativeMethodAccessorImpl.invoke0(Native Method)
	at sun.reflect.NativeMethodAccessorImpl.invoke(NativeMethodAccessorImpl.java:62)
	at sun.reflect.DelegatingMethodAccessorImpl.invoke(DelegatingMethodAccessorImpl.java:43)
	at java.lang.reflect.Method.invoke(Method.java:498)
	at org.junit.runners.model.FrameworkMethod$1.runReflectiveCall(FrameworkMethod.java:50)
	at org.junit.internal.runners.model.ReflectiveCallable.run(ReflectiveCallable.java:12)
	at org.junit.runners.model.FrameworkMethod.invokeExplosively(FrameworkMethod.java:47)
	at org.junit.internal.runners.statements.InvokeMethod.evaluate(InvokeMethod.java:17)
	at org.junit.internal.runners.statements.FailOnTimeout$CallableStatement.call(FailOnTimeout.java:298)
	at org.junit.internal.runners.statements.FailOnTimeout$CallableStatement.call(FailOnTimeout.java:292)
	at java.util.concurrent.FutureTask.run(FutureTask.java:266)
	at java.lang.Thread.run(Thread.java:748)
16) test16(org.apache.commons.math.transform.FastFourierTransformer_ESTest)
org.evosuite.runtime.mock.java.lang.MockIllegalArgumentException: Endpoints do not specify an interval: [0.5, 0.5]
	at org.apache.commons.math.transform.FastFourierTransformer.verifyInterval(FastFourierTransformer.java:560)
	at org.apache.commons.math.transform.FastFourierTransformer.sample(FastFourierTransformer.java:473)
	at org.apache.commons.math.transform.FastFourierTransformer.transform2(FastFourierTransformer.java:157)
	at org.apache.commons.math.transform.FastFourierTransformer_ESTest.test16(FastFourierTransformer_ESTest.java:252)
	at sun.reflect.NativeMethodAccessorImpl.invoke0(Native Method)
	at sun.reflect.NativeMethodAccessorImpl.invoke(NativeMethodAccessorImpl.java:62)
	at sun.reflect.DelegatingMethodAccessorImpl.invoke(DelegatingMethodAccessorImpl.java:43)
	at java.lang.reflect.Method.invoke(Method.java:498)
	at org.junit.runners.model.FrameworkMethod$1.runReflectiveCall(FrameworkMethod.java:50)
	at org.junit.internal.runners.model.ReflectiveCallable.run(ReflectiveCallable.java:12)
	at org.junit.runners.model.FrameworkMethod.invokeExplosively(FrameworkMethod.java:47)
	at org.junit.internal.runners.statements.InvokeMethod.evaluate(InvokeMethod.java:17)
	at org.junit.internal.runners.statements.FailOnTimeout$CallableStatement.call(FailOnTimeout.java:298)
	at org.junit.internal.runners.statements.FailOnTimeout$CallableStatement.call(FailOnTimeout.java:292)
	at java.util.concurrent.FutureTask.run(FutureTask.java:266)
	at java.lang.Thread.run(Thread.java:748)
17) test15(org.apache.commons.math.transform.FastFourierTransformer_ESTest)
org.evosuite.runtime.mock.java.lang.MockIllegalArgumentException: Endpoints do not specify an interval: [-799.12728885, -799.12728885]
	at org.apache.commons.math.transform.FastFourierTransformer.verifyInterval(FastFourierTransformer.java:560)
	at org.apache.commons.math.transform.FastFourierTransformer.sample(FastFourierTransformer.java:473)
	at org.apache.commons.math.transform.FastFourierTransformer.transform(FastFourierTransformer.java:99)
	at org.apache.commons.math.transform.FastFourierTransformer_ESTest.test15(FastFourierTransformer_ESTest.java:233)
	at sun.reflect.NativeMethodAccessorImpl.invoke0(Native Method)
	at sun.reflect.NativeMethodAccessorImpl.invoke(NativeMethodAccessorImpl.java:62)
	at sun.reflect.DelegatingMethodAccessorImpl.invoke(DelegatingMethodAccessorImpl.java:43)
	at java.lang.reflect.Method.invoke(Method.java:498)
	at org.junit.runners.model.FrameworkMethod$1.runReflectiveCall(FrameworkMethod.java:50)
	at org.junit.internal.runners.model.ReflectiveCallable.run(ReflectiveCallable.java:12)
	at org.junit.runners.model.FrameworkMethod.invokeExplosively(FrameworkMethod.java:47)
	at org.junit.internal.runners.statements.InvokeMethod.evaluate(InvokeMethod.java:17)
	at org.junit.internal.runners.statements.FailOnTimeout$CallableStatement.call(FailOnTimeout.java:298)
	at org.junit.internal.runners.statements.FailOnTimeout$CallableStatement.call(FailOnTimeout.java:292)
	at java.util.concurrent.FutureTask.run(FutureTask.java:266)
	at java.lang.Thread.run(Thread.java:748)
18) test14(org.apache.commons.math.transform.FastFourierTransformer_ESTest)
org.evosuite.runtime.mock.java.lang.MockIllegalArgumentException: Number of samples not positive.
	at org.apache.commons.math.transform.FastFourierTransformer.sample(FastFourierTransformer.java:471)
	at org.apache.commons.math.transform.FastFourierTransformer.transform2(FastFourierTransformer.java:157)
	at org.apache.commons.math.transform.FastFourierTransformer_ESTest.test14(FastFourierTransformer_ESTest.java:214)
	at sun.reflect.NativeMethodAccessorImpl.invoke0(Native Method)
	at sun.reflect.NativeMethodAccessorImpl.invoke(NativeMethodAccessorImpl.java:62)
	at sun.reflect.DelegatingMethodAccessorImpl.invoke(DelegatingMethodAccessorImpl.java:43)
	at java.lang.reflect.Method.invoke(Method.java:498)
	at org.junit.runners.model.FrameworkMethod$1.runReflectiveCall(FrameworkMethod.java:50)
	at org.junit.internal.runners.model.ReflectiveCallable.run(ReflectiveCallable.java:12)
	at org.junit.runners.model.FrameworkMethod.invokeExplosively(FrameworkMethod.java:47)
	at org.junit.internal.runners.statements.InvokeMethod.evaluate(InvokeMethod.java:17)
	at org.junit.internal.runners.statements.FailOnTimeout$CallableStatement.call(FailOnTimeout.java:298)
	at org.junit.internal.runners.statements.FailOnTimeout$CallableStatement.call(FailOnTimeout.java:292)
	at java.util.concurrent.FutureTask.run(FutureTask.java:266)
	at java.lang.Thread.run(Thread.java:748)
19) test57(org.apache.commons.math.transform.FastFourierTransformer_ESTest)
org.evosuite.runtime.mock.java.lang.MockIllegalArgumentException: Number of samples not power of 2, consider padding for fix.
	at org.apache.commons.math.transform.FastFourierTransformer.verifyDataSet(FastFourierTransformer.java:544)
	at org.apache.commons.math.transform.FastFourierTransformer.fft(FastFourierTransformer.java:361)
	at org.apache.commons.math.transform.FastFourierTransformer.transform2(FastFourierTransformer.java:178)
	at org.apache.commons.math.transform.FastFourierTransformer_ESTest.test57(FastFourierTransformer_ESTest.java:875)
	at sun.reflect.NativeMethodAccessorImpl.invoke0(Native Method)
	at sun.reflect.NativeMethodAccessorImpl.invoke(NativeMethodAccessorImpl.java:62)
	at sun.reflect.DelegatingMethodAccessorImpl.invoke(DelegatingMethodAccessorImpl.java:43)
	at java.lang.reflect.Method.invoke(Method.java:498)
	at org.junit.runners.model.FrameworkMethod$1.runReflectiveCall(FrameworkMethod.java:50)
	at org.junit.internal.runners.model.ReflectiveCallable.run(ReflectiveCallable.java:12)
	at org.junit.runners.model.FrameworkMethod.invokeExplosively(FrameworkMethod.java:47)
	at org.junit.internal.runners.statements.InvokeMethod.evaluate(InvokeMethod.java:17)
	at org.junit.internal.runners.statements.FailOnTimeout$CallableStatement.call(FailOnTimeout.java:298)
	at org.junit.internal.runners.statements.FailOnTimeout$CallableStatement.call(FailOnTimeout.java:292)
	at java.util.concurrent.FutureTask.run(FutureTask.java:266)
	at java.lang.Thread.run(Thread.java:748)
20) test12(org.apache.commons.math.transform.FastFourierTransformer_ESTest)
org.evosuite.runtime.mock.java.lang.MockIllegalArgumentException: Number of samples not positive.
	at org.apache.commons.math.transform.FastFourierTransformer.sample(FastFourierTransformer.java:471)
	at org.apache.commons.math.transform.FastFourierTransformer_ESTest.test12(FastFourierTransformer_ESTest.java:188)
	at sun.reflect.NativeMethodAccessorImpl.invoke0(Native Method)
	at sun.reflect.NativeMethodAccessorImpl.invoke(NativeMethodAccessorImpl.java:62)
	at sun.reflect.DelegatingMethodAccessorImpl.invoke(DelegatingMethodAccessorImpl.java:43)
	at java.lang.reflect.Method.invoke(Method.java:498)
	at org.junit.runners.model.FrameworkMethod$1.runReflectiveCall(FrameworkMethod.java:50)
	at org.junit.internal.runners.model.ReflectiveCallable.run(ReflectiveCallable.java:12)
	at org.junit.runners.model.FrameworkMethod.invokeExplosively(FrameworkMethod.java:47)
	at org.junit.internal.runners.statements.InvokeMethod.evaluate(InvokeMethod.java:17)
	at org.junit.internal.runners.statements.FailOnTimeout$CallableStatement.call(FailOnTimeout.java:298)
	at org.junit.internal.runners.statements.FailOnTimeout$CallableStatement.call(FailOnTimeout.java:292)
	at java.util.concurrent.FutureTask.run(FutureTask.java:266)
	at java.lang.Thread.run(Thread.java:748)
21) test55(org.apache.commons.math.transform.FastFourierTransformer_ESTest)
org.evosuite.runtime.mock.java.lang.MockIllegalArgumentException: Number of samples not power of 2, consider padding for fix.
	at org.apache.commons.math.transform.FastFourierTransformer.verifyDataSet(FastFourierTransformer.java:544)
	at org.apache.commons.math.transform.FastFourierTransformer.fft(FastFourierTransformer.java:361)
	at org.apache.commons.math.transform.FastFourierTransformer.transform2(FastFourierTransformer.java:178)
	at org.apache.commons.math.transform.FastFourierTransformer_ESTest.test55(FastFourierTransformer_ESTest.java:848)
	at sun.reflect.NativeMethodAccessorImpl.invoke0(Native Method)
	at sun.reflect.NativeMethodAccessorImpl.invoke(NativeMethodAccessorImpl.java:62)
	at sun.reflect.DelegatingMethodAccessorImpl.invoke(DelegatingMethodAccessorImpl.java:43)
	at java.lang.reflect.Method.invoke(Method.java:498)
	at org.junit.runners.model.FrameworkMethod$1.runReflectiveCall(FrameworkMethod.java:50)
	at org.junit.internal.runners.model.ReflectiveCallable.run(ReflectiveCallable.java:12)
	at org.junit.runners.model.FrameworkMethod.invokeExplosively(FrameworkMethod.java:47)
	at org.junit.internal.runners.statements.InvokeMethod.evaluate(InvokeMethod.java:17)
	at org.junit.internal.runners.statements.FailOnTimeout$CallableStatement.call(FailOnTimeout.java:298)
	at org.junit.internal.runners.statements.FailOnTimeout$CallableStatement.call(FailOnTimeout.java:292)
	at java.util.concurrent.FutureTask.run(FutureTask.java:266)
	at java.lang.Thread.run(Thread.java:748)
22) test54(org.apache.commons.math.transform.FastFourierTransformer_ESTest)
org.evosuite.runtime.mock.java.lang.MockIllegalArgumentException: Number of samples not power of 2, consider padding for fix.
	at org.apache.commons.math.transform.FastFourierTransformer.verifyDataSet(FastFourierTransformer.java:531)
	at org.apache.commons.math.transform.FastFourierTransformer.fft(FastFourierTransformer.java:313)
	at org.apache.commons.math.transform.FastFourierTransformer.transform(FastFourierTransformer.java:100)
	at org.apache.commons.math.transform.FastFourierTransformer_ESTest.test54(FastFourierTransformer_ESTest.java:830)
	at sun.reflect.NativeMethodAccessorImpl.invoke0(Native Method)
	at sun.reflect.NativeMethodAccessorImpl.invoke(NativeMethodAccessorImpl.java:62)
	at sun.reflect.DelegatingMethodAccessorImpl.invoke(DelegatingMethodAccessorImpl.java:43)
	at java.lang.reflect.Method.invoke(Method.java:498)
	at org.junit.runners.model.FrameworkMethod$1.runReflectiveCall(FrameworkMethod.java:50)
	at org.junit.internal.runners.model.ReflectiveCallable.run(ReflectiveCallable.java:12)
	at org.junit.runners.model.FrameworkMethod.invokeExplosively(FrameworkMethod.java:47)
	at org.junit.internal.runners.statements.InvokeMethod.evaluate(InvokeMethod.java:17)
	at org.junit.internal.runners.statements.FailOnTimeout$CallableStatement.call(FailOnTimeout.java:298)
	at org.junit.internal.runners.statements.FailOnTimeout$CallableStatement.call(FailOnTimeout.java:292)
	at java.util.concurrent.FutureTask.run(FutureTask.java:266)
	at java.lang.Thread.run(Thread.java:748)
23) test51(org.apache.commons.math.transform.FastFourierTransformer_ESTest)
org.evosuite.runtime.mock.java.lang.MockIllegalArgumentException: Number of samples not power of 2, consider padding for fix.
	at org.apache.commons.math.transform.FastFourierTransformer.verifyDataSet(FastFourierTransformer.java:531)
	at org.apache.commons.math.transform.FastFourierTransformer.fft(FastFourierTransformer.java:313)
	at org.apache.commons.math.transform.FastFourierTransformer.inversetransform2(FastFourierTransformer.java:256)
	at org.apache.commons.math.transform.FastFourierTransformer_ESTest.test51(FastFourierTransformer_ESTest.java:789)
	at sun.reflect.NativeMethodAccessorImpl.invoke0(Native Method)
	at sun.reflect.NativeMethodAccessorImpl.invoke(NativeMethodAccessorImpl.java:62)
	at sun.reflect.DelegatingMethodAccessorImpl.invoke(DelegatingMethodAccessorImpl.java:43)
	at java.lang.reflect.Method.invoke(Method.java:498)
	at org.junit.runners.model.FrameworkMethod$1.runReflectiveCall(FrameworkMethod.java:50)
	at org.junit.internal.runners.model.ReflectiveCallable.run(ReflectiveCallable.java:12)
	at org.junit.runners.model.FrameworkMethod.invokeExplosively(FrameworkMethod.java:47)
	at org.junit.internal.runners.statements.InvokeMethod.evaluate(InvokeMethod.java:17)
	at org.junit.internal.runners.statements.FailOnTimeout$CallableStatement.call(FailOnTimeout.java:298)
	at org.junit.internal.runners.statements.FailOnTimeout$CallableStatement.call(FailOnTimeout.java:292)
	at java.util.concurrent.FutureTask.run(FutureTask.java:266)
	at java.lang.Thread.run(Thread.java:748)
24) test08(org.apache.commons.math.transform.FastFourierTransformer_ESTest)
org.evosuite.runtime.mock.java.lang.MockIllegalArgumentException: Number of samples not power of 2, consider padding for fix.
	at org.apache.commons.math.transform.FastFourierTransformer.verifyDataSet(FastFourierTransformer.java:544)
	at org.apache.commons.math.transform.FastFourierTransformer.fft(FastFourierTransformer.java:361)
	at org.apache.commons.math.transform.FastFourierTransformer.inversetransform2(FastFourierTransformer.java:298)
	at org.apache.commons.math.transform.FastFourierTransformer_ESTest.test08(FastFourierTransformer_ESTest.java:137)
	at sun.reflect.NativeMethodAccessorImpl.invoke0(Native Method)
	at sun.reflect.NativeMethodAccessorImpl.invoke(NativeMethodAccessorImpl.java:62)
	at sun.reflect.DelegatingMethodAccessorImpl.invoke(DelegatingMethodAccessorImpl.java:43)
	at java.lang.reflect.Method.invoke(Method.java:498)
	at org.junit.runners.model.FrameworkMethod$1.runReflectiveCall(FrameworkMethod.java:50)
	at org.junit.internal.runners.model.ReflectiveCallable.run(ReflectiveCallable.java:12)
	at org.junit.runners.model.FrameworkMethod.invokeExplosively(FrameworkMethod.java:47)
	at org.junit.internal.runners.statements.InvokeMethod.evaluate(InvokeMethod.java:17)
	at org.junit.internal.runners.statements.FailOnTimeout$CallableStatement.call(FailOnTimeout.java:298)
	at org.junit.internal.runners.statements.FailOnTimeout$CallableStatement.call(FailOnTimeout.java:292)
	at java.util.concurrent.FutureTask.run(FutureTask.java:266)
	at java.lang.Thread.run(Thread.java:748)
25) test06(org.apache.commons.math.transform.FastFourierTransformer_ESTest)
java.lang.NullPointerException
	at org.apache.commons.math.transform.FastFourierTransformer.scaleArray(FastFourierTransformer.java:508)
	at org.apache.commons.math.transform.FastFourierTransformer.inversetransform(FastFourierTransformer.java:238)
	at org.apache.commons.math.transform.FastFourierTransformer_ESTest.test06(FastFourierTransformer_ESTest.java:109)
	at sun.reflect.NativeMethodAccessorImpl.invoke0(Native Method)
	at sun.reflect.NativeMethodAccessorImpl.invoke(NativeMethodAccessorImpl.java:62)
	at sun.reflect.DelegatingMethodAccessorImpl.invoke(DelegatingMethodAccessorImpl.java:43)
	at java.lang.reflect.Method.invoke(Method.java:498)
	at org.junit.runners.model.FrameworkMethod$1.runReflectiveCall(FrameworkMethod.java:50)
	at org.junit.internal.runners.model.ReflectiveCallable.run(ReflectiveCallable.java:12)
	at org.junit.runners.model.FrameworkMethod.invokeExplosively(FrameworkMethod.java:47)
	at org.junit.internal.runners.statements.InvokeMethod.evaluate(InvokeMethod.java:17)
	at org.junit.internal.runners.statements.FailOnTimeout$CallableStatement.call(FailOnTimeout.java:298)
	at org.junit.internal.runners.statements.FailOnTimeout$CallableStatement.call(FailOnTimeout.java:292)
	at java.util.concurrent.FutureTask.run(FutureTask.java:266)
	at java.lang.Thread.run(Thread.java:748)
26) test47(org.apache.commons.math.transform.FastFourierTransformer_ESTest)
org.evosuite.runtime.mock.java.lang.MockIllegalArgumentException: Number of samples not power of 2, consider padding for fix.
	at org.apache.commons.math.transform.FastFourierTransformer.verifyDataSet(FastFourierTransformer.java:531)
	at org.apache.commons.math.transform.FastFourierTransformer.fft(FastFourierTransformer.java:313)
	at org.apache.commons.math.transform.FastFourierTransformer.transform(FastFourierTransformer.java:100)
	at org.apache.commons.math.transform.FastFourierTransformer_ESTest.test47(FastFourierTransformer_ESTest.java:736)
	at sun.reflect.NativeMethodAccessorImpl.invoke0(Native Method)
	at sun.reflect.NativeMethodAccessorImpl.invoke(NativeMethodAccessorImpl.java:62)
	at sun.reflect.DelegatingMethodAccessorImpl.invoke(DelegatingMethodAccessorImpl.java:43)
	at java.lang.reflect.Method.invoke(Method.java:498)
	at org.junit.runners.model.FrameworkMethod$1.runReflectiveCall(FrameworkMethod.java:50)
	at org.junit.internal.runners.model.ReflectiveCallable.run(ReflectiveCallable.java:12)
	at org.junit.runners.model.FrameworkMethod.invokeExplosively(FrameworkMethod.java:47)
	at org.junit.internal.runners.statements.InvokeMethod.evaluate(InvokeMethod.java:17)
	at org.junit.internal.runners.statements.FailOnTimeout$CallableStatement.call(FailOnTimeout.java:298)
	at org.junit.internal.runners.statements.FailOnTimeout$CallableStatement.call(FailOnTimeout.java:292)
	at java.util.concurrent.FutureTask.run(FutureTask.java:266)
	at java.lang.Thread.run(Thread.java:748)
27) test46(org.apache.commons.math.transform.FastFourierTransformer_ESTest)
org.evosuite.runtime.mock.java.lang.MockIllegalArgumentException: Number of samples not positive.
	at org.apache.commons.math.transform.FastFourierTransformer.sample(FastFourierTransformer.java:471)
	at org.apache.commons.math.transform.FastFourierTransformer.transform2(FastFourierTransformer.java:157)
	at org.apache.commons.math.transform.FastFourierTransformer_ESTest.test46(FastFourierTransformer_ESTest.java:717)
	at sun.reflect.NativeMethodAccessorImpl.invoke0(Native Method)
	at sun.reflect.NativeMethodAccessorImpl.invoke(NativeMethodAccessorImpl.java:62)
	at sun.reflect.DelegatingMethodAccessorImpl.invoke(DelegatingMethodAccessorImpl.java:43)
	at java.lang.reflect.Method.invoke(Method.java:498)
	at org.junit.runners.model.FrameworkMethod$1.runReflectiveCall(FrameworkMethod.java:50)
	at org.junit.internal.runners.model.ReflectiveCallable.run(ReflectiveCallable.java:12)
	at org.junit.runners.model.FrameworkMethod.invokeExplosively(FrameworkMethod.java:47)
	at org.junit.internal.runners.statements.InvokeMethod.evaluate(InvokeMethod.java:17)
	at org.junit.internal.runners.statements.FailOnTimeout$CallableStatement.call(FailOnTimeout.java:298)
	at org.junit.internal.runners.statements.FailOnTimeout$CallableStatement.call(FailOnTimeout.java:292)
	at java.util.concurrent.FutureTask.run(FutureTask.java:266)
	at java.lang.Thread.run(Thread.java:748)
28) test01(org.apache.commons.math.transform.FastFourierTransformer_ESTest)
org.evosuite.runtime.mock.java.lang.MockIllegalArgumentException: Endpoints do not specify an interval: [1493.300036627509, -1558.2310947918008]
	at org.apache.commons.math.transform.FastFourierTransformer.verifyInterval(FastFourierTransformer.java:560)
	at org.apache.commons.math.transform.FastFourierTransformer.sample(FastFourierTransformer.java:473)
	at org.apache.commons.math.transform.FastFourierTransformer.inversetransform2(FastFourierTransformer.java:277)
	at org.apache.commons.math.transform.FastFourierTransformer_ESTest.test01(FastFourierTransformer_ESTest.java:49)
	at sun.reflect.NativeMethodAccessorImpl.invoke0(Native Method)
	at sun.reflect.NativeMethodAccessorImpl.invoke(NativeMethodAccessorImpl.java:62)
	at sun.reflect.DelegatingMethodAccessorImpl.invoke(DelegatingMethodAccessorImpl.java:43)
	at java.lang.reflect.Method.invoke(Method.java:498)
	at org.junit.runners.model.FrameworkMethod$1.runReflectiveCall(FrameworkMethod.java:50)
	at org.junit.internal.runners.model.ReflectiveCallable.run(ReflectiveCallable.java:12)
	at org.junit.runners.model.FrameworkMethod.invokeExplosively(FrameworkMethod.java:47)
	at org.junit.internal.runners.statements.InvokeMethod.evaluate(InvokeMethod.java:17)
	at org.junit.internal.runners.statements.FailOnTimeout$CallableStatement.call(FailOnTimeout.java:298)
	at org.junit.internal.runners.statements.FailOnTimeout$CallableStatement.call(FailOnTimeout.java:292)
	at java.util.concurrent.FutureTask.run(FutureTask.java:266)
	at java.lang.Thread.run(Thread.java:748)
29) test45(org.apache.commons.math.transform.FastFourierTransformer_ESTest)
org.evosuite.runtime.mock.java.lang.MockIllegalArgumentException: Number of samples not power of 2, consider padding for fix.
	at org.apache.commons.math.transform.FastFourierTransformer.verifyDataSet(FastFourierTransformer.java:531)
	at org.apache.commons.math.transform.FastFourierTransformer.fft(FastFourierTransformer.java:313)
	at org.apache.commons.math.transform.FastFourierTransformer.inversetransform2(FastFourierTransformer.java:256)
	at org.apache.commons.math.transform.FastFourierTransformer_ESTest.test45(FastFourierTransformer_ESTest.java:698)
	at sun.reflect.NativeMethodAccessorImpl.invoke0(Native Method)
	at sun.reflect.NativeMethodAccessorImpl.invoke(NativeMethodAccessorImpl.java:62)
	at sun.reflect.DelegatingMethodAccessorImpl.invoke(DelegatingMethodAccessorImpl.java:43)
	at java.lang.reflect.Method.invoke(Method.java:498)
	at org.junit.runners.model.FrameworkMethod$1.runReflectiveCall(FrameworkMethod.java:50)
	at org.junit.internal.runners.model.ReflectiveCallable.run(ReflectiveCallable.java:12)
	at org.junit.runners.model.FrameworkMethod.invokeExplosively(FrameworkMethod.java:47)
	at org.junit.internal.runners.statements.InvokeMethod.evaluate(InvokeMethod.java:17)
	at org.junit.internal.runners.statements.FailOnTimeout$CallableStatement.call(FailOnTimeout.java:298)
	at org.junit.internal.runners.statements.FailOnTimeout$CallableStatement.call(FailOnTimeout.java:292)
	at java.util.concurrent.FutureTask.run(FutureTask.java:266)
	at java.lang.Thread.run(Thread.java:748)
30) test00(org.apache.commons.math.transform.FastFourierTransformer_ESTest)
org.evosuite.runtime.mock.java.lang.MockIllegalArgumentException: Number of samples not positive.
	at org.apache.commons.math.transform.FastFourierTransformer.sample(FastFourierTransformer.java:471)
	at org.apache.commons.math.transform.FastFourierTransformer.transform(FastFourierTransformer.java:99)
	at org.apache.commons.math.transform.FastFourierTransformer_ESTest.test00(FastFourierTransformer_ESTest.java:30)
	at sun.reflect.NativeMethodAccessorImpl.invoke0(Native Method)
	at sun.reflect.NativeMethodAccessorImpl.invoke(NativeMethodAccessorImpl.java:62)
	at sun.reflect.DelegatingMethodAccessorImpl.invoke(DelegatingMethodAccessorImpl.java:43)
	at java.lang.reflect.Method.invoke(Method.java:498)
	at org.junit.runners.model.FrameworkMethod$1.runReflectiveCall(FrameworkMethod.java:50)
	at org.junit.internal.runners.model.ReflectiveCallable.run(ReflectiveCallable.java:12)
	at org.junit.runners.model.FrameworkMethod.invokeExplosively(FrameworkMethod.java:47)
	at org.junit.internal.runners.statements.InvokeMethod.evaluate(InvokeMethod.java:17)
	at org.junit.internal.runners.statements.FailOnTimeout$CallableStatement.call(FailOnTimeout.java:298)
	at org.junit.internal.runners.statements.FailOnTimeout$CallableStatement.call(FailOnTimeout.java:292)
	at java.util.concurrent.FutureTask.run(FutureTask.java:266)
	at java.lang.Thread.run(Thread.java:748)

FAILURES!!!
Tests run: 59,  Failures: 30

