JUnit version 4.12
....E....E.E..E.E.E.E.E.E....E.E.E..E.E.E....E..E..E.E.E.E...E......E.....E..E..E.....
Time: 0.736
There were 26 failures:
1) test36(org.apache.commons.math.transform.FastFourierTransformer_ESTest)
org.evosuite.runtime.mock.java.lang.MockIllegalArgumentException: Number of samples not positive.
	at org.apache.commons.math.transform.FastFourierTransformer.sample(FastFourierTransformer.java:471)
	at org.apache.commons.math.transform.FastFourierTransformer.transform(FastFourierTransformer.java:99)
	at org.apache.commons.math.transform.FastFourierTransformer_ESTest.test36(FastFourierTransformer_ESTest.java:565)
	at sun.reflect.NativeMethodAccessorImpl.invoke0(Native Method)
	at sun.reflect.NativeMethodAccessorImpl.invoke(NativeMethodAccessorImpl.java:62)
	at sun.reflect.DelegatingMethodAccessorImpl.invoke(DelegatingMethodAccessorImpl.java:43)
	at java.lang.reflect.Method.invoke(Method.java:498)
	at org.junit.runners.model.FrameworkMethod$1.runReflectiveCall(FrameworkMethod.java:50)
	at org.junit.internal.runners.model.ReflectiveCallable.run(ReflectiveCallable.java:12)
	at org.junit.runners.model.FrameworkMethod.invokeExplosively(FrameworkMethod.java:47)
	at org.junit.internal.runners.statements.InvokeMethod.evaluate(InvokeMethod.java:17)
	at org.junit.internal.runners.statements.FailOnTimeout$CallableStatement.call(FailOnTimeout.java:298)
	at org.junit.internal.runners.statements.FailOnTimeout$CallableStatement.call(FailOnTimeout.java:292)
	at java.util.concurrent.FutureTask.run(FutureTask.java:266)
	at java.lang.Thread.run(Thread.java:748)
2) test32(org.apache.commons.math.transform.FastFourierTransformer_ESTest)
org.evosuite.runtime.mock.java.lang.MockIllegalArgumentException: Number of samples not positive.
	at org.apache.commons.math.transform.FastFourierTransformer.sample(FastFourierTransformer.java:471)
	at org.apache.commons.math.transform.FastFourierTransformer.transform2(FastFourierTransformer.java:157)
	at org.apache.commons.math.transform.FastFourierTransformer_ESTest.test32(FastFourierTransformer_ESTest.java:513)
	at sun.reflect.NativeMethodAccessorImpl.invoke0(Native Method)
	at sun.reflect.NativeMethodAccessorImpl.invoke(NativeMethodAccessorImpl.java:62)
	at sun.reflect.DelegatingMethodAccessorImpl.invoke(DelegatingMethodAccessorImpl.java:43)
	at java.lang.reflect.Method.invoke(Method.java:498)
	at org.junit.runners.model.FrameworkMethod$1.runReflectiveCall(FrameworkMethod.java:50)
	at org.junit.internal.runners.model.ReflectiveCallable.run(ReflectiveCallable.java:12)
	at org.junit.runners.model.FrameworkMethod.invokeExplosively(FrameworkMethod.java:47)
	at org.junit.internal.runners.statements.InvokeMethod.evaluate(InvokeMethod.java:17)
	at org.junit.internal.runners.statements.FailOnTimeout$CallableStatement.call(FailOnTimeout.java:298)
	at org.junit.internal.runners.statements.FailOnTimeout$CallableStatement.call(FailOnTimeout.java:292)
	at java.util.concurrent.FutureTask.run(FutureTask.java:266)
	at java.lang.Thread.run(Thread.java:748)
3) test31(org.apache.commons.math.transform.FastFourierTransformer_ESTest)
org.evosuite.runtime.mock.java.lang.MockIllegalArgumentException: Number of samples not power of 2, consider padding for fix.
	at org.apache.commons.math.transform.FastFourierTransformer.verifyDataSet(FastFourierTransformer.java:531)
	at org.apache.commons.math.transform.FastFourierTransformer.fft(FastFourierTransformer.java:313)
	at org.apache.commons.math.transform.FastFourierTransformer.inversetransform2(FastFourierTransformer.java:256)
	at org.apache.commons.math.transform.FastFourierTransformer_ESTest.test31(FastFourierTransformer_ESTest.java:494)
	at sun.reflect.NativeMethodAccessorImpl.invoke0(Native Method)
	at sun.reflect.NativeMethodAccessorImpl.invoke(NativeMethodAccessorImpl.java:62)
	at sun.reflect.DelegatingMethodAccessorImpl.invoke(DelegatingMethodAccessorImpl.java:43)
	at java.lang.reflect.Method.invoke(Method.java:498)
	at org.junit.runners.model.FrameworkMethod$1.runReflectiveCall(FrameworkMethod.java:50)
	at org.junit.internal.runners.model.ReflectiveCallable.run(ReflectiveCallable.java:12)
	at org.junit.runners.model.FrameworkMethod.invokeExplosively(FrameworkMethod.java:47)
	at org.junit.internal.runners.statements.InvokeMethod.evaluate(InvokeMethod.java:17)
	at org.junit.internal.runners.statements.FailOnTimeout$CallableStatement.call(FailOnTimeout.java:298)
	at org.junit.internal.runners.statements.FailOnTimeout$CallableStatement.call(FailOnTimeout.java:292)
	at java.util.concurrent.FutureTask.run(FutureTask.java:266)
	at java.lang.Thread.run(Thread.java:748)
4) test29(org.apache.commons.math.transform.FastFourierTransformer_ESTest)
org.evosuite.runtime.mock.java.lang.MockIllegalArgumentException: Number of samples not positive.
	at org.apache.commons.math.transform.FastFourierTransformer.sample(FastFourierTransformer.java:471)
	at org.apache.commons.math.transform.FastFourierTransformer.transform2(FastFourierTransformer.java:157)
	at org.apache.commons.math.transform.FastFourierTransformer_ESTest.test29(FastFourierTransformer_ESTest.java:464)
	at sun.reflect.NativeMethodAccessorImpl.invoke0(Native Method)
	at sun.reflect.NativeMethodAccessorImpl.invoke(NativeMethodAccessorImpl.java:62)
	at sun.reflect.DelegatingMethodAccessorImpl.invoke(DelegatingMethodAccessorImpl.java:43)
	at java.lang.reflect.Method.invoke(Method.java:498)
	at org.junit.runners.model.FrameworkMethod$1.runReflectiveCall(FrameworkMethod.java:50)
	at org.junit.internal.runners.model.ReflectiveCallable.run(ReflectiveCallable.java:12)
	at org.junit.runners.model.FrameworkMethod.invokeExplosively(FrameworkMethod.java:47)
	at org.junit.internal.runners.statements.InvokeMethod.evaluate(InvokeMethod.java:17)
	at org.junit.internal.runners.statements.FailOnTimeout$CallableStatement.call(FailOnTimeout.java:298)
	at org.junit.internal.runners.statements.FailOnTimeout$CallableStatement.call(FailOnTimeout.java:292)
	at java.util.concurrent.FutureTask.run(FutureTask.java:266)
	at java.lang.Thread.run(Thread.java:748)
5) test28(org.apache.commons.math.transform.FastFourierTransformer_ESTest)
org.evosuite.runtime.mock.java.lang.MockIllegalArgumentException: Number of samples not positive.
	at org.apache.commons.math.transform.FastFourierTransformer.sample(FastFourierTransformer.java:471)
	at org.apache.commons.math.transform.FastFourierTransformer.inversetransform2(FastFourierTransformer.java:277)
	at org.apache.commons.math.transform.FastFourierTransformer_ESTest.test28(FastFourierTransformer_ESTest.java:445)
	at sun.reflect.NativeMethodAccessorImpl.invoke0(Native Method)
	at sun.reflect.NativeMethodAccessorImpl.invoke(NativeMethodAccessorImpl.java:62)
	at sun.reflect.DelegatingMethodAccessorImpl.invoke(DelegatingMethodAccessorImpl.java:43)
	at java.lang.reflect.Method.invoke(Method.java:498)
	at org.junit.runners.model.FrameworkMethod$1.runReflectiveCall(FrameworkMethod.java:50)
	at org.junit.internal.runners.model.ReflectiveCallable.run(ReflectiveCallable.java:12)
	at org.junit.runners.model.FrameworkMethod.invokeExplosively(FrameworkMethod.java:47)
	at org.junit.internal.runners.statements.InvokeMethod.evaluate(InvokeMethod.java:17)
	at org.junit.internal.runners.statements.FailOnTimeout$CallableStatement.call(FailOnTimeout.java:298)
	at org.junit.internal.runners.statements.FailOnTimeout$CallableStatement.call(FailOnTimeout.java:292)
	at java.util.concurrent.FutureTask.run(FutureTask.java:266)
	at java.lang.Thread.run(Thread.java:748)
6) test27(org.apache.commons.math.transform.FastFourierTransformer_ESTest)
org.evosuite.runtime.mock.java.lang.MockIllegalArgumentException: Endpoints do not specify an interval: [6.283185307179586, 6.283185307179586]
	at org.apache.commons.math.transform.FastFourierTransformer.verifyInterval(FastFourierTransformer.java:560)
	at org.apache.commons.math.transform.FastFourierTransformer.sample(FastFourierTransformer.java:473)
	at org.apache.commons.math.transform.FastFourierTransformer.inversetransform(FastFourierTransformer.java:217)
	at org.apache.commons.math.transform.FastFourierTransformer_ESTest.test27(FastFourierTransformer_ESTest.java:428)
	at sun.reflect.NativeMethodAccessorImpl.invoke0(Native Method)
	at sun.reflect.NativeMethodAccessorImpl.invoke(NativeMethodAccessorImpl.java:62)
	at sun.reflect.DelegatingMethodAccessorImpl.invoke(DelegatingMethodAccessorImpl.java:43)
	at java.lang.reflect.Method.invoke(Method.java:498)
	at org.junit.runners.model.FrameworkMethod$1.runReflectiveCall(FrameworkMethod.java:50)
	at org.junit.internal.runners.model.ReflectiveCallable.run(ReflectiveCallable.java:12)
	at org.junit.runners.model.FrameworkMethod.invokeExplosively(FrameworkMethod.java:47)
	at org.junit.internal.runners.statements.InvokeMethod.evaluate(InvokeMethod.java:17)
	at org.junit.internal.runners.statements.FailOnTimeout$CallableStatement.call(FailOnTimeout.java:298)
	at org.junit.internal.runners.statements.FailOnTimeout$CallableStatement.call(FailOnTimeout.java:292)
	at java.util.concurrent.FutureTask.run(FutureTask.java:266)
	at java.lang.Thread.run(Thread.java:748)
7) test26(org.apache.commons.math.transform.FastFourierTransformer_ESTest)
org.evosuite.runtime.mock.java.lang.MockIllegalArgumentException: Endpoints do not specify an interval: [4891.8244816809, 4891.8244816809]
	at org.apache.commons.math.transform.FastFourierTransformer.verifyInterval(FastFourierTransformer.java:560)
	at org.apache.commons.math.transform.FastFourierTransformer_ESTest.test26(FastFourierTransformer_ESTest.java:409)
	at sun.reflect.NativeMethodAccessorImpl.invoke0(Native Method)
	at sun.reflect.NativeMethodAccessorImpl.invoke(NativeMethodAccessorImpl.java:62)
	at sun.reflect.DelegatingMethodAccessorImpl.invoke(DelegatingMethodAccessorImpl.java:43)
	at java.lang.reflect.Method.invoke(Method.java:498)
	at org.junit.runners.model.FrameworkMethod$1.runReflectiveCall(FrameworkMethod.java:50)
	at org.junit.internal.runners.model.ReflectiveCallable.run(ReflectiveCallable.java:12)
	at org.junit.runners.model.FrameworkMethod.invokeExplosively(FrameworkMethod.java:47)
	at org.junit.internal.runners.statements.InvokeMethod.evaluate(InvokeMethod.java:17)
	at org.junit.internal.runners.statements.FailOnTimeout$CallableStatement.call(FailOnTimeout.java:298)
	at org.junit.internal.runners.statements.FailOnTimeout$CallableStatement.call(FailOnTimeout.java:292)
	at java.util.concurrent.FutureTask.run(FutureTask.java:266)
	at java.lang.Thread.run(Thread.java:748)
8) test25(org.apache.commons.math.transform.FastFourierTransformer_ESTest)
org.evosuite.runtime.mock.java.lang.MockIllegalArgumentException: Endpoints do not specify an interval: [3589.0, 189.0]
	at org.apache.commons.math.transform.FastFourierTransformer.verifyInterval(FastFourierTransformer.java:560)
	at org.apache.commons.math.transform.FastFourierTransformer.sample(FastFourierTransformer.java:473)
	at org.apache.commons.math.transform.FastFourierTransformer_ESTest.test25(FastFourierTransformer_ESTest.java:393)
	at sun.reflect.NativeMethodAccessorImpl.invoke0(Native Method)
	at sun.reflect.NativeMethodAccessorImpl.invoke(NativeMethodAccessorImpl.java:62)
	at sun.reflect.DelegatingMethodAccessorImpl.invoke(DelegatingMethodAccessorImpl.java:43)
	at java.lang.reflect.Method.invoke(Method.java:498)
	at org.junit.runners.model.FrameworkMethod$1.runReflectiveCall(FrameworkMethod.java:50)
	at org.junit.internal.runners.model.ReflectiveCallable.run(ReflectiveCallable.java:12)
	at org.junit.runners.model.FrameworkMethod.invokeExplosively(FrameworkMethod.java:47)
	at org.junit.internal.runners.statements.InvokeMethod.evaluate(InvokeMethod.java:17)
	at org.junit.internal.runners.statements.FailOnTimeout$CallableStatement.call(FailOnTimeout.java:298)
	at org.junit.internal.runners.statements.FailOnTimeout$CallableStatement.call(FailOnTimeout.java:292)
	at java.util.concurrent.FutureTask.run(FutureTask.java:266)
	at java.lang.Thread.run(Thread.java:748)
9) test24(org.apache.commons.math.transform.FastFourierTransformer_ESTest)
org.evosuite.runtime.mock.java.lang.MockIllegalArgumentException: Number of samples not power of 2, consider padding for fix.
	at org.apache.commons.math.transform.FastFourierTransformer.verifyDataSet(FastFourierTransformer.java:531)
	at org.apache.commons.math.transform.FastFourierTransformer.fft(FastFourierTransformer.java:313)
	at org.apache.commons.math.transform.FastFourierTransformer.transform2(FastFourierTransformer.java:136)
	at org.apache.commons.math.transform.FastFourierTransformer_ESTest.test24(FastFourierTransformer_ESTest.java:375)
	at sun.reflect.NativeMethodAccessorImpl.invoke0(Native Method)
	at sun.reflect.NativeMethodAccessorImpl.invoke(NativeMethodAccessorImpl.java:62)
	at sun.reflect.DelegatingMethodAccessorImpl.invoke(DelegatingMethodAccessorImpl.java:43)
	at java.lang.reflect.Method.invoke(Method.java:498)
	at org.junit.runners.model.FrameworkMethod$1.runReflectiveCall(FrameworkMethod.java:50)
	at org.junit.internal.runners.model.ReflectiveCallable.run(ReflectiveCallable.java:12)
	at org.junit.runners.model.FrameworkMethod.invokeExplosively(FrameworkMethod.java:47)
	at org.junit.internal.runners.statements.InvokeMethod.evaluate(InvokeMethod.java:17)
	at org.junit.internal.runners.statements.FailOnTimeout$CallableStatement.call(FailOnTimeout.java:298)
	at org.junit.internal.runners.statements.FailOnTimeout$CallableStatement.call(FailOnTimeout.java:292)
	at java.util.concurrent.FutureTask.run(FutureTask.java:266)
	at java.lang.Thread.run(Thread.java:748)
10) test20(org.apache.commons.math.transform.FastFourierTransformer_ESTest)
org.evosuite.runtime.mock.java.lang.MockIllegalArgumentException: Number of samples not power of 2, consider padding for fix.
	at org.apache.commons.math.transform.FastFourierTransformer.verifyDataSet(FastFourierTransformer.java:544)
	at org.apache.commons.math.transform.FastFourierTransformer.fft(FastFourierTransformer.java:361)
	at org.apache.commons.math.transform.FastFourierTransformer_ESTest.test20(FastFourierTransformer_ESTest.java:316)
	at sun.reflect.NativeMethodAccessorImpl.invoke0(Native Method)
	at sun.reflect.NativeMethodAccessorImpl.invoke(NativeMethodAccessorImpl.java:62)
	at sun.reflect.DelegatingMethodAccessorImpl.invoke(DelegatingMethodAccessorImpl.java:43)
	at java.lang.reflect.Method.invoke(Method.java:498)
	at org.junit.runners.model.FrameworkMethod$1.runReflectiveCall(FrameworkMethod.java:50)
	at org.junit.internal.runners.model.ReflectiveCallable.run(ReflectiveCallable.java:12)
	at org.junit.runners.model.FrameworkMethod.invokeExplosively(FrameworkMethod.java:47)
	at org.junit.internal.runners.statements.InvokeMethod.evaluate(InvokeMethod.java:17)
	at org.junit.internal.runners.statements.FailOnTimeout$CallableStatement.call(FailOnTimeout.java:298)
	at org.junit.internal.runners.statements.FailOnTimeout$CallableStatement.call(FailOnTimeout.java:292)
	at java.util.concurrent.FutureTask.run(FutureTask.java:266)
	at java.lang.Thread.run(Thread.java:748)
11) test19(org.apache.commons.math.transform.FastFourierTransformer_ESTest)
org.evosuite.runtime.mock.java.lang.MockIllegalArgumentException: Endpoints do not specify an interval: [Infinity, -3538519.239914556]
	at org.apache.commons.math.transform.FastFourierTransformer.verifyInterval(FastFourierTransformer.java:560)
	at org.apache.commons.math.transform.FastFourierTransformer.sample(FastFourierTransformer.java:473)
	at org.apache.commons.math.transform.FastFourierTransformer_ESTest.test19(FastFourierTransformer_ESTest.java:298)
	at sun.reflect.NativeMethodAccessorImpl.invoke0(Native Method)
	at sun.reflect.NativeMethodAccessorImpl.invoke(NativeMethodAccessorImpl.java:62)
	at sun.reflect.DelegatingMethodAccessorImpl.invoke(DelegatingMethodAccessorImpl.java:43)
	at java.lang.reflect.Method.invoke(Method.java:498)
	at org.junit.runners.model.FrameworkMethod$1.runReflectiveCall(FrameworkMethod.java:50)
	at org.junit.internal.runners.model.ReflectiveCallable.run(ReflectiveCallable.java:12)
	at org.junit.runners.model.FrameworkMethod.invokeExplosively(FrameworkMethod.java:47)
	at org.junit.internal.runners.statements.InvokeMethod.evaluate(InvokeMethod.java:17)
	at org.junit.internal.runners.statements.FailOnTimeout$CallableStatement.call(FailOnTimeout.java:298)
	at org.junit.internal.runners.statements.FailOnTimeout$CallableStatement.call(FailOnTimeout.java:292)
	at java.util.concurrent.FutureTask.run(FutureTask.java:266)
	at java.lang.Thread.run(Thread.java:748)
12) test18(org.apache.commons.math.transform.FastFourierTransformer_ESTest)
org.evosuite.runtime.mock.java.lang.MockIllegalArgumentException: Endpoints do not specify an interval: [6.283185307179586, 6.283185307179586]
	at org.apache.commons.math.transform.FastFourierTransformer.verifyInterval(FastFourierTransformer.java:560)
	at org.apache.commons.math.transform.FastFourierTransformer_ESTest.test18(FastFourierTransformer_ESTest.java:282)
	at sun.reflect.NativeMethodAccessorImpl.invoke0(Native Method)
	at sun.reflect.NativeMethodAccessorImpl.invoke(NativeMethodAccessorImpl.java:62)
	at sun.reflect.DelegatingMethodAccessorImpl.invoke(DelegatingMethodAccessorImpl.java:43)
	at java.lang.reflect.Method.invoke(Method.java:498)
	at org.junit.runners.model.FrameworkMethod$1.runReflectiveCall(FrameworkMethod.java:50)
	at org.junit.internal.runners.model.ReflectiveCallable.run(ReflectiveCallable.java:12)
	at org.junit.runners.model.FrameworkMethod.invokeExplosively(FrameworkMethod.java:47)
	at org.junit.internal.runners.statements.InvokeMethod.evaluate(InvokeMethod.java:17)
	at org.junit.internal.runners.statements.FailOnTimeout$CallableStatement.call(FailOnTimeout.java:298)
	at org.junit.internal.runners.statements.FailOnTimeout$CallableStatement.call(FailOnTimeout.java:292)
	at java.util.concurrent.FutureTask.run(FutureTask.java:266)
	at java.lang.Thread.run(Thread.java:748)
13) test16(org.apache.commons.math.transform.FastFourierTransformer_ESTest)
org.evosuite.runtime.mock.java.lang.MockIllegalArgumentException: Number of samples not positive.
	at org.apache.commons.math.transform.FastFourierTransformer.sample(FastFourierTransformer.java:471)
	at org.apache.commons.math.transform.FastFourierTransformer_ESTest.test16(FastFourierTransformer_ESTest.java:257)
	at sun.reflect.NativeMethodAccessorImpl.invoke0(Native Method)
	at sun.reflect.NativeMethodAccessorImpl.invoke(NativeMethodAccessorImpl.java:62)
	at sun.reflect.DelegatingMethodAccessorImpl.invoke(DelegatingMethodAccessorImpl.java:43)
	at java.lang.reflect.Method.invoke(Method.java:498)
	at org.junit.runners.model.FrameworkMethod$1.runReflectiveCall(FrameworkMethod.java:50)
	at org.junit.internal.runners.model.ReflectiveCallable.run(ReflectiveCallable.java:12)
	at org.junit.runners.model.FrameworkMethod.invokeExplosively(FrameworkMethod.java:47)
	at org.junit.internal.runners.statements.InvokeMethod.evaluate(InvokeMethod.java:17)
	at org.junit.internal.runners.statements.FailOnTimeout$CallableStatement.call(FailOnTimeout.java:298)
	at org.junit.internal.runners.statements.FailOnTimeout$CallableStatement.call(FailOnTimeout.java:292)
	at java.util.concurrent.FutureTask.run(FutureTask.java:266)
	at java.lang.Thread.run(Thread.java:748)
14) test15(org.apache.commons.math.transform.FastFourierTransformer_ESTest)
org.evosuite.runtime.mock.java.lang.MockIllegalArgumentException: Number of samples not positive.
	at org.apache.commons.math.transform.FastFourierTransformer.sample(FastFourierTransformer.java:471)
	at org.apache.commons.math.transform.FastFourierTransformer.transform2(FastFourierTransformer.java:157)
	at org.apache.commons.math.transform.FastFourierTransformer_ESTest.test15(FastFourierTransformer_ESTest.java:241)
	at sun.reflect.NativeMethodAccessorImpl.invoke0(Native Method)
	at sun.reflect.NativeMethodAccessorImpl.invoke(NativeMethodAccessorImpl.java:62)
	at sun.reflect.DelegatingMethodAccessorImpl.invoke(DelegatingMethodAccessorImpl.java:43)
	at java.lang.reflect.Method.invoke(Method.java:498)
	at org.junit.runners.model.FrameworkMethod$1.runReflectiveCall(FrameworkMethod.java:50)
	at org.junit.internal.runners.model.ReflectiveCallable.run(ReflectiveCallable.java:12)
	at org.junit.runners.model.FrameworkMethod.invokeExplosively(FrameworkMethod.java:47)
	at org.junit.internal.runners.statements.InvokeMethod.evaluate(InvokeMethod.java:17)
	at org.junit.internal.runners.statements.FailOnTimeout$CallableStatement.call(FailOnTimeout.java:298)
	at org.junit.internal.runners.statements.FailOnTimeout$CallableStatement.call(FailOnTimeout.java:292)
	at java.util.concurrent.FutureTask.run(FutureTask.java:266)
	at java.lang.Thread.run(Thread.java:748)
15) test59(org.apache.commons.math.transform.FastFourierTransformer_ESTest)
org.evosuite.runtime.mock.java.lang.MockIllegalArgumentException: Number of samples not power of 2, consider padding for fix.
	at org.apache.commons.math.transform.FastFourierTransformer.verifyDataSet(FastFourierTransformer.java:544)
	at org.apache.commons.math.transform.FastFourierTransformer.fft(FastFourierTransformer.java:361)
	at org.apache.commons.math.transform.FastFourierTransformer_ESTest.test59(FastFourierTransformer_ESTest.java:883)
	at sun.reflect.NativeMethodAccessorImpl.invoke0(Native Method)
	at sun.reflect.NativeMethodAccessorImpl.invoke(NativeMethodAccessorImpl.java:62)
	at sun.reflect.DelegatingMethodAccessorImpl.invoke(DelegatingMethodAccessorImpl.java:43)
	at java.lang.reflect.Method.invoke(Method.java:498)
	at org.junit.runners.model.FrameworkMethod$1.runReflectiveCall(FrameworkMethod.java:50)
	at org.junit.internal.runners.model.ReflectiveCallable.run(ReflectiveCallable.java:12)
	at org.junit.runners.model.FrameworkMethod.invokeExplosively(FrameworkMethod.java:47)
	at org.junit.internal.runners.statements.InvokeMethod.evaluate(InvokeMethod.java:17)
	at org.junit.internal.runners.statements.FailOnTimeout$CallableStatement.call(FailOnTimeout.java:298)
	at org.junit.internal.runners.statements.FailOnTimeout$CallableStatement.call(FailOnTimeout.java:292)
	at java.util.concurrent.FutureTask.run(FutureTask.java:266)
	at java.lang.Thread.run(Thread.java:748)
16) test57(org.apache.commons.math.transform.FastFourierTransformer_ESTest)
org.evosuite.runtime.mock.java.lang.MockIllegalArgumentException: Number of samples not power of 2, consider padding for fix.
	at org.apache.commons.math.transform.FastFourierTransformer.verifyDataSet(FastFourierTransformer.java:531)
	at org.apache.commons.math.transform.FastFourierTransformer.fft(FastFourierTransformer.java:313)
	at org.apache.commons.math.transform.FastFourierTransformer.inversetransform2(FastFourierTransformer.java:279)
	at org.apache.commons.math.transform.FastFourierTransformer_ESTest.test57(FastFourierTransformer_ESTest.java:856)
	at sun.reflect.NativeMethodAccessorImpl.invoke0(Native Method)
	at sun.reflect.NativeMethodAccessorImpl.invoke(NativeMethodAccessorImpl.java:62)
	at sun.reflect.DelegatingMethodAccessorImpl.invoke(DelegatingMethodAccessorImpl.java:43)
	at java.lang.reflect.Method.invoke(Method.java:498)
	at org.junit.runners.model.FrameworkMethod$1.runReflectiveCall(FrameworkMethod.java:50)
	at org.junit.internal.runners.model.ReflectiveCallable.run(ReflectiveCallable.java:12)
	at org.junit.runners.model.FrameworkMethod.invokeExplosively(FrameworkMethod.java:47)
	at org.junit.internal.runners.statements.InvokeMethod.evaluate(InvokeMethod.java:17)
	at org.junit.internal.runners.statements.FailOnTimeout$CallableStatement.call(FailOnTimeout.java:298)
	at org.junit.internal.runners.statements.FailOnTimeout$CallableStatement.call(FailOnTimeout.java:292)
	at java.util.concurrent.FutureTask.run(FutureTask.java:266)
	at java.lang.Thread.run(Thread.java:748)
17) test56(org.apache.commons.math.transform.FastFourierTransformer_ESTest)
org.evosuite.runtime.mock.java.lang.MockIllegalArgumentException: Number of samples not power of 2, consider padding for fix.
	at org.apache.commons.math.transform.FastFourierTransformer.verifyDataSet(FastFourierTransformer.java:544)
	at org.apache.commons.math.transform.FastFourierTransformer.fft(FastFourierTransformer.java:361)
	at org.apache.commons.math.transform.FastFourierTransformer_ESTest.test56(FastFourierTransformer_ESTest.java:837)
	at sun.reflect.NativeMethodAccessorImpl.invoke0(Native Method)
	at sun.reflect.NativeMethodAccessorImpl.invoke(NativeMethodAccessorImpl.java:62)
	at sun.reflect.DelegatingMethodAccessorImpl.invoke(DelegatingMethodAccessorImpl.java:43)
	at java.lang.reflect.Method.invoke(Method.java:498)
	at org.junit.runners.model.FrameworkMethod$1.runReflectiveCall(FrameworkMethod.java:50)
	at org.junit.internal.runners.model.ReflectiveCallable.run(ReflectiveCallable.java:12)
	at org.junit.runners.model.FrameworkMethod.invokeExplosively(FrameworkMethod.java:47)
	at org.junit.internal.runners.statements.InvokeMethod.evaluate(InvokeMethod.java:17)
	at org.junit.internal.runners.statements.FailOnTimeout$CallableStatement.call(FailOnTimeout.java:298)
	at org.junit.internal.runners.statements.FailOnTimeout$CallableStatement.call(FailOnTimeout.java:292)
	at java.util.concurrent.FutureTask.run(FutureTask.java:266)
	at java.lang.Thread.run(Thread.java:748)
18) test55(org.apache.commons.math.transform.FastFourierTransformer_ESTest)
org.evosuite.runtime.mock.java.lang.MockIllegalArgumentException: Number of samples not power of 2, consider padding for fix.
	at org.apache.commons.math.transform.FastFourierTransformer.verifyDataSet(FastFourierTransformer.java:544)
	at org.apache.commons.math.transform.FastFourierTransformer.fft(FastFourierTransformer.java:361)
	at org.apache.commons.math.transform.FastFourierTransformer.transform(FastFourierTransformer.java:118)
	at org.apache.commons.math.transform.FastFourierTransformer_ESTest.test55(FastFourierTransformer_ESTest.java:819)
	at sun.reflect.NativeMethodAccessorImpl.invoke0(Native Method)
	at sun.reflect.NativeMethodAccessorImpl.invoke(NativeMethodAccessorImpl.java:62)
	at sun.reflect.DelegatingMethodAccessorImpl.invoke(DelegatingMethodAccessorImpl.java:43)
	at java.lang.reflect.Method.invoke(Method.java:498)
	at org.junit.runners.model.FrameworkMethod$1.runReflectiveCall(FrameworkMethod.java:50)
	at org.junit.internal.runners.model.ReflectiveCallable.run(ReflectiveCallable.java:12)
	at org.junit.runners.model.FrameworkMethod.invokeExplosively(FrameworkMethod.java:47)
	at org.junit.internal.runners.statements.InvokeMethod.evaluate(InvokeMethod.java:17)
	at org.junit.internal.runners.statements.FailOnTimeout$CallableStatement.call(FailOnTimeout.java:298)
	at org.junit.internal.runners.statements.FailOnTimeout$CallableStatement.call(FailOnTimeout.java:292)
	at java.util.concurrent.FutureTask.run(FutureTask.java:266)
	at java.lang.Thread.run(Thread.java:748)
19) test10(org.apache.commons.math.transform.FastFourierTransformer_ESTest)
org.evosuite.runtime.mock.java.lang.MockIllegalArgumentException: Number of samples not power of 2, consider padding for fix.
	at org.apache.commons.math.transform.FastFourierTransformer.verifyDataSet(FastFourierTransformer.java:544)
	at org.apache.commons.math.transform.FastFourierTransformer.fft(FastFourierTransformer.java:361)
	at org.apache.commons.math.transform.FastFourierTransformer.transform(FastFourierTransformer.java:118)
	at org.apache.commons.math.transform.FastFourierTransformer_ESTest.test10(FastFourierTransformer_ESTest.java:171)
	at sun.reflect.NativeMethodAccessorImpl.invoke0(Native Method)
	at sun.reflect.NativeMethodAccessorImpl.invoke(NativeMethodAccessorImpl.java:62)
	at sun.reflect.DelegatingMethodAccessorImpl.invoke(DelegatingMethodAccessorImpl.java:43)
	at java.lang.reflect.Method.invoke(Method.java:498)
	at org.junit.runners.model.FrameworkMethod$1.runReflectiveCall(FrameworkMethod.java:50)
	at org.junit.internal.runners.model.ReflectiveCallable.run(ReflectiveCallable.java:12)
	at org.junit.runners.model.FrameworkMethod.invokeExplosively(FrameworkMethod.java:47)
	at org.junit.internal.runners.statements.InvokeMethod.evaluate(InvokeMethod.java:17)
	at org.junit.internal.runners.statements.FailOnTimeout$CallableStatement.call(FailOnTimeout.java:298)
	at org.junit.internal.runners.statements.FailOnTimeout$CallableStatement.call(FailOnTimeout.java:292)
	at java.util.concurrent.FutureTask.run(FutureTask.java:266)
	at java.lang.Thread.run(Thread.java:748)
20) test54(org.apache.commons.math.transform.FastFourierTransformer_ESTest)
org.evosuite.runtime.mock.java.lang.MockIllegalArgumentException: Number of samples not power of 2, consider padding for fix.
	at org.apache.commons.math.transform.FastFourierTransformer.verifyDataSet(FastFourierTransformer.java:531)
	at org.apache.commons.math.transform.FastFourierTransformer.fft(FastFourierTransformer.java:313)
	at org.apache.commons.math.transform.FastFourierTransformer.transform(FastFourierTransformer.java:100)
	at org.apache.commons.math.transform.FastFourierTransformer_ESTest.test54(FastFourierTransformer_ESTest.java:801)
	at sun.reflect.NativeMethodAccessorImpl.invoke0(Native Method)
	at sun.reflect.NativeMethodAccessorImpl.invoke(NativeMethodAccessorImpl.java:62)
	at sun.reflect.DelegatingMethodAccessorImpl.invoke(DelegatingMethodAccessorImpl.java:43)
	at java.lang.reflect.Method.invoke(Method.java:498)
	at org.junit.runners.model.FrameworkMethod$1.runReflectiveCall(FrameworkMethod.java:50)
	at org.junit.internal.runners.model.ReflectiveCallable.run(ReflectiveCallable.java:12)
	at org.junit.runners.model.FrameworkMethod.invokeExplosively(FrameworkMethod.java:47)
	at org.junit.internal.runners.statements.InvokeMethod.evaluate(InvokeMethod.java:17)
	at org.junit.internal.runners.statements.FailOnTimeout$CallableStatement.call(FailOnTimeout.java:298)
	at org.junit.internal.runners.statements.FailOnTimeout$CallableStatement.call(FailOnTimeout.java:292)
	at java.util.concurrent.FutureTask.run(FutureTask.java:266)
	at java.lang.Thread.run(Thread.java:748)
21) test53(org.apache.commons.math.transform.FastFourierTransformer_ESTest)
org.evosuite.runtime.mock.java.lang.MockIllegalArgumentException: Number of samples not power of 2, consider padding for fix.
	at org.apache.commons.math.transform.FastFourierTransformer.verifyDataSet(FastFourierTransformer.java:544)
	at org.apache.commons.math.transform.FastFourierTransformer.fft(FastFourierTransformer.java:361)
	at org.apache.commons.math.transform.FastFourierTransformer_ESTest.test53(FastFourierTransformer_ESTest.java:782)
	at sun.reflect.NativeMethodAccessorImpl.invoke0(Native Method)
	at sun.reflect.NativeMethodAccessorImpl.invoke(NativeMethodAccessorImpl.java:62)
	at sun.reflect.DelegatingMethodAccessorImpl.invoke(DelegatingMethodAccessorImpl.java:43)
	at java.lang.reflect.Method.invoke(Method.java:498)
	at org.junit.runners.model.FrameworkMethod$1.runReflectiveCall(FrameworkMethod.java:50)
	at org.junit.internal.runners.model.ReflectiveCallable.run(ReflectiveCallable.java:12)
	at org.junit.runners.model.FrameworkMethod.invokeExplosively(FrameworkMethod.java:47)
	at org.junit.internal.runners.statements.InvokeMethod.evaluate(InvokeMethod.java:17)
	at org.junit.internal.runners.statements.FailOnTimeout$CallableStatement.call(FailOnTimeout.java:298)
	at org.junit.internal.runners.statements.FailOnTimeout$CallableStatement.call(FailOnTimeout.java:292)
	at java.util.concurrent.FutureTask.run(FutureTask.java:266)
	at java.lang.Thread.run(Thread.java:748)
22) test50(org.apache.commons.math.transform.FastFourierTransformer_ESTest)
org.evosuite.runtime.mock.java.lang.MockIllegalArgumentException: Number of samples not power of 2, consider padding for fix.
	at org.apache.commons.math.transform.FastFourierTransformer.verifyDataSet(FastFourierTransformer.java:531)
	at org.apache.commons.math.transform.FastFourierTransformer.fft(FastFourierTransformer.java:313)
	at org.apache.commons.math.transform.FastFourierTransformer.transform2(FastFourierTransformer.java:159)
	at org.apache.commons.math.transform.FastFourierTransformer_ESTest.test50(FastFourierTransformer_ESTest.java:740)
	at sun.reflect.NativeMethodAccessorImpl.invoke0(Native Method)
	at sun.reflect.NativeMethodAccessorImpl.invoke(NativeMethodAccessorImpl.java:62)
	at sun.reflect.DelegatingMethodAccessorImpl.invoke(DelegatingMethodAccessorImpl.java:43)
	at java.lang.reflect.Method.invoke(Method.java:498)
	at org.junit.runners.model.FrameworkMethod$1.runReflectiveCall(FrameworkMethod.java:50)
	at org.junit.internal.runners.model.ReflectiveCallable.run(ReflectiveCallable.java:12)
	at org.junit.runners.model.FrameworkMethod.invokeExplosively(FrameworkMethod.java:47)
	at org.junit.internal.runners.statements.InvokeMethod.evaluate(InvokeMethod.java:17)
	at org.junit.internal.runners.statements.FailOnTimeout$CallableStatement.call(FailOnTimeout.java:298)
	at org.junit.internal.runners.statements.FailOnTimeout$CallableStatement.call(FailOnTimeout.java:292)
	at java.util.concurrent.FutureTask.run(FutureTask.java:266)
	at java.lang.Thread.run(Thread.java:748)
23) test49(org.apache.commons.math.transform.FastFourierTransformer_ESTest)
org.evosuite.runtime.mock.java.lang.MockIllegalArgumentException: Number of samples not power of 2, consider padding for fix.
	at org.apache.commons.math.transform.FastFourierTransformer.verifyDataSet(FastFourierTransformer.java:531)
	at org.apache.commons.math.transform.FastFourierTransformer.fft(FastFourierTransformer.java:313)
	at org.apache.commons.math.transform.FastFourierTransformer.transform2(FastFourierTransformer.java:136)
	at org.apache.commons.math.transform.FastFourierTransformer_ESTest.test49(FastFourierTransformer_ESTest.java:721)
	at sun.reflect.NativeMethodAccessorImpl.invoke0(Native Method)
	at sun.reflect.NativeMethodAccessorImpl.invoke(NativeMethodAccessorImpl.java:62)
	at sun.reflect.DelegatingMethodAccessorImpl.invoke(DelegatingMethodAccessorImpl.java:43)
	at java.lang.reflect.Method.invoke(Method.java:498)
	at org.junit.runners.model.FrameworkMethod$1.runReflectiveCall(FrameworkMethod.java:50)
	at org.junit.internal.runners.model.ReflectiveCallable.run(ReflectiveCallable.java:12)
	at org.junit.runners.model.FrameworkMethod.invokeExplosively(FrameworkMethod.java:47)
	at org.junit.internal.runners.statements.InvokeMethod.evaluate(InvokeMethod.java:17)
	at org.junit.internal.runners.statements.FailOnTimeout$CallableStatement.call(FailOnTimeout.java:298)
	at org.junit.internal.runners.statements.FailOnTimeout$CallableStatement.call(FailOnTimeout.java:292)
	at java.util.concurrent.FutureTask.run(FutureTask.java:266)
	at java.lang.Thread.run(Thread.java:748)
24) test02(org.apache.commons.math.transform.FastFourierTransformer_ESTest)
org.evosuite.runtime.mock.java.lang.MockIllegalArgumentException: Endpoints do not specify an interval: [-4.9E-324, -49.2876]
	at org.apache.commons.math.transform.FastFourierTransformer.verifyInterval(FastFourierTransformer.java:560)
	at org.apache.commons.math.transform.FastFourierTransformer.sample(FastFourierTransformer.java:473)
	at org.apache.commons.math.transform.FastFourierTransformer_ESTest.test02(FastFourierTransformer_ESTest.java:72)
	at sun.reflect.NativeMethodAccessorImpl.invoke0(Native Method)
	at sun.reflect.NativeMethodAccessorImpl.invoke(NativeMethodAccessorImpl.java:62)
	at sun.reflect.DelegatingMethodAccessorImpl.invoke(DelegatingMethodAccessorImpl.java:43)
	at java.lang.reflect.Method.invoke(Method.java:498)
	at org.junit.runners.model.FrameworkMethod$1.runReflectiveCall(FrameworkMethod.java:50)
	at org.junit.internal.runners.model.ReflectiveCallable.run(ReflectiveCallable.java:12)
	at org.junit.runners.model.FrameworkMethod.invokeExplosively(FrameworkMethod.java:47)
	at org.junit.internal.runners.statements.InvokeMethod.evaluate(InvokeMethod.java:17)
	at org.junit.internal.runners.statements.FailOnTimeout$CallableStatement.call(FailOnTimeout.java:298)
	at org.junit.internal.runners.statements.FailOnTimeout$CallableStatement.call(FailOnTimeout.java:292)
	at java.util.concurrent.FutureTask.run(FutureTask.java:266)
	at java.lang.Thread.run(Thread.java:748)
25) test01(org.apache.commons.math.transform.FastFourierTransformer_ESTest)
org.evosuite.runtime.mock.java.lang.MockIllegalArgumentException: Number of samples not positive.
	at org.apache.commons.math.transform.FastFourierTransformer.sample(FastFourierTransformer.java:471)
	at org.apache.commons.math.transform.FastFourierTransformer_ESTest.test01(FastFourierTransformer_ESTest.java:47)
	at sun.reflect.NativeMethodAccessorImpl.invoke0(Native Method)
	at sun.reflect.NativeMethodAccessorImpl.invoke(NativeMethodAccessorImpl.java:62)
	at sun.reflect.DelegatingMethodAccessorImpl.invoke(DelegatingMethodAccessorImpl.java:43)
	at java.lang.reflect.Method.invoke(Method.java:498)
	at org.junit.runners.model.FrameworkMethod$1.runReflectiveCall(FrameworkMethod.java:50)
	at org.junit.internal.runners.model.ReflectiveCallable.run(ReflectiveCallable.java:12)
	at org.junit.runners.model.FrameworkMethod.invokeExplosively(FrameworkMethod.java:47)
	at org.junit.internal.runners.statements.InvokeMethod.evaluate(InvokeMethod.java:17)
	at org.junit.internal.runners.statements.FailOnTimeout$CallableStatement.call(FailOnTimeout.java:298)
	at org.junit.internal.runners.statements.FailOnTimeout$CallableStatement.call(FailOnTimeout.java:292)
	at java.util.concurrent.FutureTask.run(FutureTask.java:266)
	at java.lang.Thread.run(Thread.java:748)
26) test00(org.apache.commons.math.transform.FastFourierTransformer_ESTest)
org.evosuite.runtime.mock.java.lang.MockIllegalArgumentException: Number of samples not positive.
	at org.apache.commons.math.transform.FastFourierTransformer.sample(FastFourierTransformer.java:471)
	at org.apache.commons.math.transform.FastFourierTransformer.inversetransform(FastFourierTransformer.java:217)
	at org.apache.commons.math.transform.FastFourierTransformer_ESTest.test00(FastFourierTransformer_ESTest.java:30)
	at sun.reflect.NativeMethodAccessorImpl.invoke0(Native Method)
	at sun.reflect.NativeMethodAccessorImpl.invoke(NativeMethodAccessorImpl.java:62)
	at sun.reflect.DelegatingMethodAccessorImpl.invoke(DelegatingMethodAccessorImpl.java:43)
	at java.lang.reflect.Method.invoke(Method.java:498)
	at org.junit.runners.model.FrameworkMethod$1.runReflectiveCall(FrameworkMethod.java:50)
	at org.junit.internal.runners.model.ReflectiveCallable.run(ReflectiveCallable.java:12)
	at org.junit.runners.model.FrameworkMethod.invokeExplosively(FrameworkMethod.java:47)
	at org.junit.internal.runners.statements.InvokeMethod.evaluate(InvokeMethod.java:17)
	at org.junit.internal.runners.statements.FailOnTimeout$CallableStatement.call(FailOnTimeout.java:298)
	at org.junit.internal.runners.statements.FailOnTimeout$CallableStatement.call(FailOnTimeout.java:292)
	at java.util.concurrent.FutureTask.run(FutureTask.java:266)
	at java.lang.Thread.run(Thread.java:748)

FAILURES!!!
Tests run: 60,  Failures: 26

