JUnit version 4.12
.E...E........E..E..E...E
Time: 1.569
There were 6 failures:
1) test10(org.apache.commons.math.ode.AdaptiveStepsizeIntegrator_ESTest)
org.apache.commons.math.ode.IntegratorException: dimensions mismatch: ODE problem has dimension 36, initial state vector has dimension 0
	at org.apache.commons.math.ode.AdaptiveStepsizeIntegrator.sanityChecks(AdaptiveStepsizeIntegrator.java:177)
	at org.apache.commons.math.ode.GraggBulirschStoerIntegrator.integrate(GraggBulirschStoerIntegrator.java:527)
	at org.apache.commons.math.ode.AdaptiveStepsizeIntegrator_ESTest.test10(AdaptiveStepsizeIntegrator_ESTest.java:178)
	at sun.reflect.NativeMethodAccessorImpl.invoke0(Native Method)
	at sun.reflect.NativeMethodAccessorImpl.invoke(NativeMethodAccessorImpl.java:62)
	at sun.reflect.DelegatingMethodAccessorImpl.invoke(DelegatingMethodAccessorImpl.java:43)
	at java.lang.reflect.Method.invoke(Method.java:498)
	at org.junit.runners.model.FrameworkMethod$1.runReflectiveCall(FrameworkMethod.java:50)
	at org.junit.internal.runners.model.ReflectiveCallable.run(ReflectiveCallable.java:12)
	at org.junit.runners.model.FrameworkMethod.invokeExplosively(FrameworkMethod.java:47)
	at org.junit.internal.runners.statements.InvokeMethod.evaluate(InvokeMethod.java:17)
	at org.junit.internal.runners.statements.FailOnTimeout$CallableStatement.call(FailOnTimeout.java:298)
	at org.junit.internal.runners.statements.FailOnTimeout$CallableStatement.call(FailOnTimeout.java:292)
	at java.util.concurrent.FutureTask.run(FutureTask.java:266)
	at java.lang.Thread.run(Thread.java:748)
2) test01(org.apache.commons.math.ode.AdaptiveStepsizeIntegrator_ESTest)
org.apache.commons.math.ode.IntegratorException: minimal step size (6,149.755) reached, integration needs 4,549.432
	at org.apache.commons.math.ode.AdaptiveStepsizeIntegrator.filterStep(AdaptiveStepsizeIntegrator.java:309)
	at org.apache.commons.math.ode.AdaptiveStepsizeIntegrator_ESTest.test01(AdaptiveStepsizeIntegrator_ESTest.java:37)
	at sun.reflect.NativeMethodAccessorImpl.invoke0(Native Method)
	at sun.reflect.NativeMethodAccessorImpl.invoke(NativeMethodAccessorImpl.java:62)
	at sun.reflect.DelegatingMethodAccessorImpl.invoke(DelegatingMethodAccessorImpl.java:43)
	at java.lang.reflect.Method.invoke(Method.java:498)
	at org.junit.runners.model.FrameworkMethod$1.runReflectiveCall(FrameworkMethod.java:50)
	at org.junit.internal.runners.model.ReflectiveCallable.run(ReflectiveCallable.java:12)
	at org.junit.runners.model.FrameworkMethod.invokeExplosively(FrameworkMethod.java:47)
	at org.junit.internal.runners.statements.InvokeMethod.evaluate(InvokeMethod.java:17)
	at org.junit.internal.runners.statements.FailOnTimeout$CallableStatement.call(FailOnTimeout.java:298)
	at org.junit.internal.runners.statements.FailOnTimeout$CallableStatement.call(FailOnTimeout.java:292)
	at java.util.concurrent.FutureTask.run(FutureTask.java:266)
	at java.lang.Thread.run(Thread.java:748)
3) test05(org.apache.commons.math.ode.AdaptiveStepsizeIntegrator_ESTest)
org.apache.commons.math.ode.IntegratorException: too small integration interval: length = 0
	at org.apache.commons.math.ode.AdaptiveStepsizeIntegrator.sanityChecks(AdaptiveStepsizeIntegrator.java:209)
	at org.apache.commons.math.ode.GraggBulirschStoerIntegrator.integrate(GraggBulirschStoerIntegrator.java:527)
	at org.apache.commons.math.ode.AdaptiveStepsizeIntegrator_ESTest.test05(AdaptiveStepsizeIntegrator_ESTest.java:85)
	at sun.reflect.NativeMethodAccessorImpl.invoke0(Native Method)
	at sun.reflect.NativeMethodAccessorImpl.invoke(NativeMethodAccessorImpl.java:62)
	at sun.reflect.DelegatingMethodAccessorImpl.invoke(DelegatingMethodAccessorImpl.java:43)
	at java.lang.reflect.Method.invoke(Method.java:498)
	at org.junit.runners.model.FrameworkMethod$1.runReflectiveCall(FrameworkMethod.java:50)
	at org.junit.internal.runners.model.ReflectiveCallable.run(ReflectiveCallable.java:12)
	at org.junit.runners.model.FrameworkMethod.invokeExplosively(FrameworkMethod.java:47)
	at org.junit.internal.runners.statements.InvokeMethod.evaluate(InvokeMethod.java:17)
	at org.junit.internal.runners.statements.FailOnTimeout$CallableStatement.call(FailOnTimeout.java:298)
	at org.junit.internal.runners.statements.FailOnTimeout$CallableStatement.call(FailOnTimeout.java:292)
	at java.util.concurrent.FutureTask.run(FutureTask.java:266)
	at java.lang.Thread.run(Thread.java:748)
4) test06(org.apache.commons.math.ode.AdaptiveStepsizeIntegrator_ESTest)
org.apache.commons.math.ode.IntegratorException: dimensions mismatch: state vector has dimension 0, relative tolerance vector has dimension 6
	at org.apache.commons.math.ode.AdaptiveStepsizeIntegrator.sanityChecks(AdaptiveStepsizeIntegrator.java:201)
	at org.apache.commons.math.ode.GraggBulirschStoerIntegrator.integrate(GraggBulirschStoerIntegrator.java:527)
	at org.apache.commons.math.ode.AdaptiveStepsizeIntegrator_ESTest.test06(AdaptiveStepsizeIntegrator_ESTest.java:106)
	at sun.reflect.NativeMethodAccessorImpl.invoke0(Native Method)
	at sun.reflect.NativeMethodAccessorImpl.invoke(NativeMethodAccessorImpl.java:62)
	at sun.reflect.DelegatingMethodAccessorImpl.invoke(DelegatingMethodAccessorImpl.java:43)
	at java.lang.reflect.Method.invoke(Method.java:498)
	at org.junit.runners.model.FrameworkMethod$1.runReflectiveCall(FrameworkMethod.java:50)
	at org.junit.internal.runners.model.ReflectiveCallable.run(ReflectiveCallable.java:12)
	at org.junit.runners.model.FrameworkMethod.invokeExplosively(FrameworkMethod.java:47)
	at org.junit.internal.runners.statements.InvokeMethod.evaluate(InvokeMethod.java:17)
	at org.junit.internal.runners.statements.FailOnTimeout$CallableStatement.call(FailOnTimeout.java:298)
	at org.junit.internal.runners.statements.FailOnTimeout$CallableStatement.call(FailOnTimeout.java:292)
	at java.util.concurrent.FutureTask.run(FutureTask.java:266)
	at java.lang.Thread.run(Thread.java:748)
5) test07(org.apache.commons.math.ode.AdaptiveStepsizeIntegrator_ESTest)
org.apache.commons.math.ode.IntegratorException: dimensions mismatch: state vector has dimension 0, absolute tolerance vector has dimension 9
	at org.apache.commons.math.ode.AdaptiveStepsizeIntegrator.sanityChecks(AdaptiveStepsizeIntegrator.java:193)
	at org.apache.commons.math.ode.GraggBulirschStoerIntegrator.integrate(GraggBulirschStoerIntegrator.java:527)
	at org.apache.commons.math.ode.AdaptiveStepsizeIntegrator_ESTest.test07(AdaptiveStepsizeIntegrator_ESTest.java:127)
	at sun.reflect.NativeMethodAccessorImpl.invoke0(Native Method)
	at sun.reflect.NativeMethodAccessorImpl.invoke(NativeMethodAccessorImpl.java:62)
	at sun.reflect.DelegatingMethodAccessorImpl.invoke(DelegatingMethodAccessorImpl.java:43)
	at java.lang.reflect.Method.invoke(Method.java:498)
	at org.junit.runners.model.FrameworkMethod$1.runReflectiveCall(FrameworkMethod.java:50)
	at org.junit.internal.runners.model.ReflectiveCallable.run(ReflectiveCallable.java:12)
	at org.junit.runners.model.FrameworkMethod.invokeExplosively(FrameworkMethod.java:47)
	at org.junit.internal.runners.statements.InvokeMethod.evaluate(InvokeMethod.java:17)
	at org.junit.internal.runners.statements.FailOnTimeout$CallableStatement.call(FailOnTimeout.java:298)
	at org.junit.internal.runners.statements.FailOnTimeout$CallableStatement.call(FailOnTimeout.java:292)
	at java.util.concurrent.FutureTask.run(FutureTask.java:266)
	at java.lang.Thread.run(Thread.java:748)
6) test09(org.apache.commons.math.ode.AdaptiveStepsizeIntegrator_ESTest)
org.apache.commons.math.ode.IntegratorException: dimensions mismatch: ODE problem has dimension 0, final state vector has dimension 5
	at org.apache.commons.math.ode.AdaptiveStepsizeIntegrator.sanityChecks(AdaptiveStepsizeIntegrator.java:185)
	at org.apache.commons.math.ode.GraggBulirschStoerIntegrator.integrate(GraggBulirschStoerIntegrator.java:527)
	at org.apache.commons.math.ode.AdaptiveStepsizeIntegrator_ESTest.test09(AdaptiveStepsizeIntegrator_ESTest.java:159)
	at sun.reflect.NativeMethodAccessorImpl.invoke0(Native Method)
	at sun.reflect.NativeMethodAccessorImpl.invoke(NativeMethodAccessorImpl.java:62)
	at sun.reflect.DelegatingMethodAccessorImpl.invoke(DelegatingMethodAccessorImpl.java:43)
	at java.lang.reflect.Method.invoke(Method.java:498)
	at org.junit.runners.model.FrameworkMethod$1.runReflectiveCall(FrameworkMethod.java:50)
	at org.junit.internal.runners.model.ReflectiveCallable.run(ReflectiveCallable.java:12)
	at org.junit.runners.model.FrameworkMethod.invokeExplosively(FrameworkMethod.java:47)
	at org.junit.internal.runners.statements.InvokeMethod.evaluate(InvokeMethod.java:17)
	at org.junit.internal.runners.statements.FailOnTimeout$CallableStatement.call(FailOnTimeout.java:298)
	at org.junit.internal.runners.statements.FailOnTimeout$CallableStatement.call(FailOnTimeout.java:292)
	at java.util.concurrent.FutureTask.run(FutureTask.java:266)
	at java.lang.Thread.run(Thread.java:748)

FAILURES!!!
Tests run: 19,  Failures: 6

