JUnit version 4.12
.......E........E..........
Time: 1.828
There were 2 failures:
1) test01(com.google.javascript.rhino.head.Interpreter_ESTest)
java.lang.NullPointerException
	at com.google.javascript.rhino.head.InterpretedFunction.getParamAndVarCount(InterpretedFunction.java:220)
	at com.google.javascript.rhino.head.ScriptRuntime.initScript(ScriptRuntime.java:3190)
	at com.google.javascript.rhino.head.Interpreter.initFrame(Interpreter.java:2687)
	at com.google.javascript.rhino.head.Interpreter.interpret(Interpreter.java:849)
	at com.google.javascript.rhino.head.InterpretedFunction.call(InterpretedFunction.java:164)
	at com.google.javascript.rhino.head.ContextFactory.doTopCall(ContextFactory.java:426)
	at com.google.javascript.rhino.head.ScriptRuntime.doTopCall(ScriptRuntime.java:3133)
	at com.google.javascript.rhino.head.InterpretedFunction.call(InterpretedFunction.java:162)
	at com.google.javascript.rhino.head.Context$1.run(Context.java:508)
	at com.google.javascript.rhino.head.Context.call(Context.java:519)
	at com.google.javascript.rhino.head.Context.call(Context.java:506)
	at com.google.javascript.rhino.head.Interpreter_ESTest.test01(Interpreter_ESTest.java:166)
	at sun.reflect.NativeMethodAccessorImpl.invoke0(Native Method)
	at sun.reflect.NativeMethodAccessorImpl.invoke(NativeMethodAccessorImpl.java:62)
	at sun.reflect.DelegatingMethodAccessorImpl.invoke(DelegatingMethodAccessorImpl.java:43)
	at java.lang.reflect.Method.invoke(Method.java:498)
	at org.junit.runners.model.FrameworkMethod$1.runReflectiveCall(FrameworkMethod.java:50)
	at org.junit.internal.runners.model.ReflectiveCallable.run(ReflectiveCallable.java:12)
	at org.junit.runners.model.FrameworkMethod.invokeExplosively(FrameworkMethod.java:47)
	at org.junit.internal.runners.statements.InvokeMethod.evaluate(InvokeMethod.java:17)
	at org.junit.internal.runners.statements.FailOnTimeout$CallableStatement.call(FailOnTimeout.java:298)
	at org.junit.internal.runners.statements.FailOnTimeout$CallableStatement.call(FailOnTimeout.java:292)
	at java.util.concurrent.FutureTask.run(FutureTask.java:266)
	at java.lang.Thread.run(Thread.java:748)
2) test04(com.google.javascript.rhino.head.Interpreter_ESTest)
java.lang.AssertionError: Expecting exception: NullPointerException
	at org.junit.Assert.fail(Assert.java:88)
	at com.google.javascript.rhino.head.Interpreter_ESTest.test04(Interpreter_ESTest.java:208)
	at sun.reflect.NativeMethodAccessorImpl.invoke0(Native Method)
	at sun.reflect.NativeMethodAccessorImpl.invoke(NativeMethodAccessorImpl.java:62)
	at sun.reflect.DelegatingMethodAccessorImpl.invoke(DelegatingMethodAccessorImpl.java:43)
	at java.lang.reflect.Method.invoke(Method.java:498)
	at org.junit.runners.model.FrameworkMethod$1.runReflectiveCall(FrameworkMethod.java:50)
	at org.junit.internal.runners.model.ReflectiveCallable.run(ReflectiveCallable.java:12)
	at org.junit.runners.model.FrameworkMethod.invokeExplosively(FrameworkMethod.java:47)
	at org.junit.internal.runners.statements.InvokeMethod.evaluate(InvokeMethod.java:17)
	at org.junit.internal.runners.statements.FailOnTimeout$CallableStatement.call(FailOnTimeout.java:298)
	at org.junit.internal.runners.statements.FailOnTimeout$CallableStatement.call(FailOnTimeout.java:292)
	at java.util.concurrent.FutureTask.run(FutureTask.java:266)
	at java.lang.Thread.run(Thread.java:748)

FAILURES!!!
Tests run: 25,  Failures: 2

