JUnit version 4.12
......E
Time: 1.051
There was 1 failure:
1) test1(org.joda.time.base.BasePartial_ESTest)
org.evosuite.runtime.mock.java.lang.MockIllegalArgumentException: Invalid format: "4a'n{D+'^GFBvV5" is malformed at "a'n{D+'^GFBvV5"
	at org.joda.time.format.DateTimeFormatter.parseMillis(DateTimeFormatter.java:751)
	at org.joda.time.convert.StringConverter.getPartialValues(StringConverter.java:87)
	at org.joda.time.base.BasePartial.<init>(BasePartial.java:163)
	at org.joda.time.YearMonth.<init>(YearMonth.java:289)
	at org.joda.time.base.BasePartial_ESTest.test1(BasePartial_ESTest.java:34)
	at sun.reflect.NativeMethodAccessorImpl.invoke0(Native Method)
	at sun.reflect.NativeMethodAccessorImpl.invoke(NativeMethodAccessorImpl.java:62)
	at sun.reflect.DelegatingMethodAccessorImpl.invoke(DelegatingMethodAccessorImpl.java:43)
	at java.lang.reflect.Method.invoke(Method.java:498)
	at org.junit.runners.model.FrameworkMethod$1.runReflectiveCall(FrameworkMethod.java:50)
	at org.junit.internal.runners.model.ReflectiveCallable.run(ReflectiveCallable.java:12)
	at org.junit.runners.model.FrameworkMethod.invokeExplosively(FrameworkMethod.java:47)
	at org.junit.internal.runners.statements.InvokeMethod.evaluate(InvokeMethod.java:17)
	at org.junit.internal.runners.statements.FailOnTimeout$CallableStatement.call(FailOnTimeout.java:298)
	at org.junit.internal.runners.statements.FailOnTimeout$CallableStatement.call(FailOnTimeout.java:292)
	at java.util.concurrent.FutureTask.run(FutureTask.java:266)
	at java.lang.Thread.run(Thread.java:748)

FAILURES!!!
Tests run: 6,  Failures: 1

