JUnit version 4.12
....E..E
Time: 1.286
There were 2 failures:
1) test3(org.joda.time.base.BasePartial_ESTest)
org.joda.time.IllegalFieldValueException: Value -312 for monthOfYear must not be smaller than 1
	at org.joda.time.chrono.BaseChronology.validate(BaseChronology.java:188)
	at org.joda.time.base.BasePartial.<init>(BasePartial.java:183)
	at org.joda.time.MonthDay.<init>(MonthDay.java:352)
	at org.joda.time.MonthDay.<init>(MonthDay.java:334)
	at org.joda.time.base.BasePartial_ESTest.test3(BasePartial_ESTest.java:57)
	at sun.reflect.NativeMethodAccessorImpl.invoke0(Native Method)
	at sun.reflect.NativeMethodAccessorImpl.invoke(NativeMethodAccessorImpl.java:62)
	at sun.reflect.DelegatingMethodAccessorImpl.invoke(DelegatingMethodAccessorImpl.java:43)
	at java.lang.reflect.Method.invoke(Method.java:498)
	at org.junit.runners.model.FrameworkMethod$1.runReflectiveCall(FrameworkMethod.java:50)
	at org.junit.internal.runners.model.ReflectiveCallable.run(ReflectiveCallable.java:12)
	at org.junit.runners.model.FrameworkMethod.invokeExplosively(FrameworkMethod.java:47)
	at org.junit.internal.runners.statements.InvokeMethod.evaluate(InvokeMethod.java:17)
	at org.junit.internal.runners.statements.FailOnTimeout$CallableStatement.call(FailOnTimeout.java:298)
	at org.junit.internal.runners.statements.FailOnTimeout$CallableStatement.call(FailOnTimeout.java:292)
	at java.util.concurrent.FutureTask.run(FutureTask.java:266)
	at java.lang.Thread.run(Thread.java:748)
2) test1(org.joda.time.base.BasePartial_ESTest)
org.evosuite.runtime.mock.java.lang.MockIllegalArgumentException: No partial converter found for type: java.util.Locale
	at org.joda.time.convert.ConverterManager.getPartialConverter(ConverterManager.java:252)
	at org.joda.time.base.BasePartial.<init>(BasePartial.java:159)
	at org.joda.time.MonthDay.<init>(MonthDay.java:297)
	at org.joda.time.base.BasePartial_ESTest.test1(BasePartial_ESTest.java:36)
	at sun.reflect.NativeMethodAccessorImpl.invoke0(Native Method)
	at sun.reflect.NativeMethodAccessorImpl.invoke(NativeMethodAccessorImpl.java:62)
	at sun.reflect.DelegatingMethodAccessorImpl.invoke(DelegatingMethodAccessorImpl.java:43)
	at java.lang.reflect.Method.invoke(Method.java:498)
	at org.junit.runners.model.FrameworkMethod$1.runReflectiveCall(FrameworkMethod.java:50)
	at org.junit.internal.runners.model.ReflectiveCallable.run(ReflectiveCallable.java:12)
	at org.junit.runners.model.FrameworkMethod.invokeExplosively(FrameworkMethod.java:47)
	at org.junit.internal.runners.statements.InvokeMethod.evaluate(InvokeMethod.java:17)
	at org.junit.internal.runners.statements.FailOnTimeout$CallableStatement.call(FailOnTimeout.java:298)
	at org.junit.internal.runners.statements.FailOnTimeout$CallableStatement.call(FailOnTimeout.java:292)
	at java.util.concurrent.FutureTask.run(FutureTask.java:266)
	at java.lang.Thread.run(Thread.java:748)

FAILURES!!!
Tests run: 6,  Failures: 2

