JUnit version 4.12
..E..E.....E.E..E..E..E...E...........E....E..E.E.E....E.E..E...E..E......E.E.E.E..E..E..E...E..E.......E...E.E....E.E.E...E...E...E...E.........E.E........E...E......E.E...............E..E.....E...E..E.E....E.......E...E...E.........E..E........E...E...E.E...E....E.......E............E............E......E.E.....E.E.......E...E....E....E..E..E......E.E...E......E..
Time: 2.277
There were 78 failures:
1) test086(com.google.javascript.rhino.head.ScriptRuntime_ESTest)
org.evosuite.runtime.mock.java.lang.MockRuntimeException: No Context associated with current Thread
	at com.google.javascript.rhino.head.Context.getContext(Context.java:2332)
	at com.google.javascript.rhino.head.ScriptRuntime_ESTest.test086(ScriptRuntime_ESTest.java:967)
	at sun.reflect.NativeMethodAccessorImpl.invoke0(Native Method)
	at sun.reflect.NativeMethodAccessorImpl.invoke(NativeMethodAccessorImpl.java:62)
	at sun.reflect.DelegatingMethodAccessorImpl.invoke(DelegatingMethodAccessorImpl.java:43)
	at java.lang.reflect.Method.invoke(Method.java:498)
	at org.junit.runners.model.FrameworkMethod$1.runReflectiveCall(FrameworkMethod.java:50)
	at org.junit.internal.runners.model.ReflectiveCallable.run(ReflectiveCallable.java:12)
	at org.junit.runners.model.FrameworkMethod.invokeExplosively(FrameworkMethod.java:47)
	at org.junit.internal.runners.statements.InvokeMethod.evaluate(InvokeMethod.java:17)
	at org.junit.internal.runners.statements.FailOnTimeout$CallableStatement.call(FailOnTimeout.java:298)
	at org.junit.internal.runners.statements.FailOnTimeout$CallableStatement.call(FailOnTimeout.java:292)
	at java.util.concurrent.FutureTask.run(FutureTask.java:266)
	at java.lang.Thread.run(Thread.java:748)
2) test088(com.google.javascript.rhino.head.ScriptRuntime_ESTest)
org.evosuite.runtime.mock.java.lang.MockRuntimeException: No Context associated with current Thread
	at com.google.javascript.rhino.head.Context.getContext(Context.java:2332)
	at com.google.javascript.rhino.head.ScriptRuntime.typeofName(ScriptRuntime.java:2580)
	at com.google.javascript.rhino.head.ScriptRuntime_ESTest.test088(ScriptRuntime_ESTest.java:994)
	at sun.reflect.NativeMethodAccessorImpl.invoke0(Native Method)
	at sun.reflect.NativeMethodAccessorImpl.invoke(NativeMethodAccessorImpl.java:62)
	at sun.reflect.DelegatingMethodAccessorImpl.invoke(DelegatingMethodAccessorImpl.java:43)
	at java.lang.reflect.Method.invoke(Method.java:498)
	at org.junit.runners.model.FrameworkMethod$1.runReflectiveCall(FrameworkMethod.java:50)
	at org.junit.internal.runners.model.ReflectiveCallable.run(ReflectiveCallable.java:12)
	at org.junit.runners.model.FrameworkMethod.invokeExplosively(FrameworkMethod.java:47)
	at org.junit.internal.runners.statements.InvokeMethod.evaluate(InvokeMethod.java:17)
	at org.junit.internal.runners.statements.FailOnTimeout$CallableStatement.call(FailOnTimeout.java:298)
	at org.junit.internal.runners.statements.FailOnTimeout$CallableStatement.call(FailOnTimeout.java:292)
	at java.util.concurrent.FutureTask.run(FutureTask.java:266)
	at java.lang.Thread.run(Thread.java:748)
3) test085(com.google.javascript.rhino.head.ScriptRuntime_ESTest)
org.evosuite.runtime.mock.java.lang.MockRuntimeException: No Context associated with current Thread
	at com.google.javascript.rhino.head.Context.getContext(Context.java:2332)
	at com.google.javascript.rhino.head.Context.reportWarning(Context.java:853)
	at com.google.javascript.rhino.head.Context.reportWarning(Context.java:871)
	at com.google.javascript.rhino.head.ScriptRuntime.warnAboutNonJSObject(ScriptRuntime.java:3841)
	at com.google.javascript.rhino.head.ScriptRuntime.toNumber(ScriptRuntime.java:415)
	at com.google.javascript.rhino.head.ScriptRuntime.add(ScriptRuntime.java:2626)
	at com.google.javascript.rhino.head.ScriptRuntime_ESTest.test085(ScriptRuntime_ESTest.java:954)
	at sun.reflect.NativeMethodAccessorImpl.invoke0(Native Method)
	at sun.reflect.NativeMethodAccessorImpl.invoke(NativeMethodAccessorImpl.java:62)
	at sun.reflect.DelegatingMethodAccessorImpl.invoke(DelegatingMethodAccessorImpl.java:43)
	at java.lang.reflect.Method.invoke(Method.java:498)
	at org.junit.runners.model.FrameworkMethod$1.runReflectiveCall(FrameworkMethod.java:50)
	at org.junit.internal.runners.model.ReflectiveCallable.run(ReflectiveCallable.java:12)
	at org.junit.runners.model.FrameworkMethod.invokeExplosively(FrameworkMethod.java:47)
	at org.junit.internal.runners.statements.InvokeMethod.evaluate(InvokeMethod.java:17)
	at org.junit.internal.runners.statements.FailOnTimeout$CallableStatement.call(FailOnTimeout.java:298)
	at org.junit.internal.runners.statements.FailOnTimeout$CallableStatement.call(FailOnTimeout.java:292)
	at java.util.concurrent.FutureTask.run(FutureTask.java:266)
	at java.lang.Thread.run(Thread.java:748)
4) test080(com.google.javascript.rhino.head.ScriptRuntime_ESTest)
org.evosuite.runtime.mock.java.lang.MockRuntimeException: No Context associated with current Thread
	at com.google.javascript.rhino.head.Context.getContext(Context.java:2332)
	at com.google.javascript.rhino.head.ScriptRuntime_ESTest.test080(ScriptRuntime_ESTest.java:880)
	at sun.reflect.NativeMethodAccessorImpl.invoke0(Native Method)
	at sun.reflect.NativeMethodAccessorImpl.invoke(NativeMethodAccessorImpl.java:62)
	at sun.reflect.DelegatingMethodAccessorImpl.invoke(DelegatingMethodAccessorImpl.java:43)
	at java.lang.reflect.Method.invoke(Method.java:498)
	at org.junit.runners.model.FrameworkMethod$1.runReflectiveCall(FrameworkMethod.java:50)
	at org.junit.internal.runners.model.ReflectiveCallable.run(ReflectiveCallable.java:12)
	at org.junit.runners.model.FrameworkMethod.invokeExplosively(FrameworkMethod.java:47)
	at org.junit.internal.runners.statements.InvokeMethod.evaluate(InvokeMethod.java:17)
	at org.junit.internal.runners.statements.FailOnTimeout$CallableStatement.call(FailOnTimeout.java:298)
	at org.junit.internal.runners.statements.FailOnTimeout$CallableStatement.call(FailOnTimeout.java:292)
	at java.util.concurrent.FutureTask.run(FutureTask.java:266)
	at java.lang.Thread.run(Thread.java:748)
5) test097(com.google.javascript.rhino.head.ScriptRuntime_ESTest)
org.evosuite.runtime.mock.java.lang.MockRuntimeException: No Context associated with current Thread
	at com.google.javascript.rhino.head.Context.getContext(Context.java:2332)
	at com.google.javascript.rhino.head.ScriptRuntime.getArrayElements(ScriptRuntime.java:3582)
	at com.google.javascript.rhino.head.Context.getElements(Context.java:1592)
	at com.google.javascript.rhino.head.ScriptRuntime.getApplyArguments(ScriptRuntime.java:2480)
	at com.google.javascript.rhino.head.ScriptRuntime_ESTest.test097(ScriptRuntime_ESTest.java:1096)
	at sun.reflect.NativeMethodAccessorImpl.invoke0(Native Method)
	at sun.reflect.NativeMethodAccessorImpl.invoke(NativeMethodAccessorImpl.java:62)
	at sun.reflect.DelegatingMethodAccessorImpl.invoke(DelegatingMethodAccessorImpl.java:43)
	at java.lang.reflect.Method.invoke(Method.java:498)
	at org.junit.runners.model.FrameworkMethod$1.runReflectiveCall(FrameworkMethod.java:50)
	at org.junit.internal.runners.model.ReflectiveCallable.run(ReflectiveCallable.java:12)
	at org.junit.runners.model.FrameworkMethod.invokeExplosively(FrameworkMethod.java:47)
	at org.junit.internal.runners.statements.InvokeMethod.evaluate(InvokeMethod.java:17)
	at org.junit.internal.runners.statements.FailOnTimeout$CallableStatement.call(FailOnTimeout.java:298)
	at org.junit.internal.runners.statements.FailOnTimeout$CallableStatement.call(FailOnTimeout.java:292)
	at java.util.concurrent.FutureTask.run(FutureTask.java:266)
	at java.lang.Thread.run(Thread.java:748)
6) test099(com.google.javascript.rhino.head.ScriptRuntime_ESTest)
org.evosuite.runtime.mock.java.lang.MockIllegalStateException
	at com.google.javascript.rhino.head.ScriptRuntime.getTopCallScope(ScriptRuntime.java:3115)
	at com.google.javascript.rhino.head.ScriptRuntime.applyOrCall(ScriptRuntime.java:2454)
	at com.google.javascript.rhino.head.ScriptRuntime_ESTest.test099(ScriptRuntime_ESTest.java:1113)
	at sun.reflect.NativeMethodAccessorImpl.invoke0(Native Method)
	at sun.reflect.NativeMethodAccessorImpl.invoke(NativeMethodAccessorImpl.java:62)
	at sun.reflect.DelegatingMethodAccessorImpl.invoke(DelegatingMethodAccessorImpl.java:43)
	at java.lang.reflect.Method.invoke(Method.java:498)
	at org.junit.runners.model.FrameworkMethod$1.runReflectiveCall(FrameworkMethod.java:50)
	at org.junit.internal.runners.model.ReflectiveCallable.run(ReflectiveCallable.java:12)
	at org.junit.runners.model.FrameworkMethod.invokeExplosively(FrameworkMethod.java:47)
	at org.junit.internal.runners.statements.InvokeMethod.evaluate(InvokeMethod.java:17)
	at org.junit.internal.runners.statements.FailOnTimeout$CallableStatement.call(FailOnTimeout.java:298)
	at org.junit.internal.runners.statements.FailOnTimeout$CallableStatement.call(FailOnTimeout.java:292)
	at java.util.concurrent.FutureTask.run(FutureTask.java:266)
	at java.lang.Thread.run(Thread.java:748)
7) test094(com.google.javascript.rhino.head.ScriptRuntime_ESTest)
java.lang.AssertionError: Expecting exception: NullPointerException
	at org.junit.Assert.fail(Assert.java:88)
	at com.google.javascript.rhino.head.ScriptRuntime_ESTest.test094(ScriptRuntime_ESTest.java:1056)
	at sun.reflect.NativeMethodAccessorImpl.invoke0(Native Method)
	at sun.reflect.NativeMethodAccessorImpl.invoke(NativeMethodAccessorImpl.java:62)
	at sun.reflect.DelegatingMethodAccessorImpl.invoke(DelegatingMethodAccessorImpl.java:43)
	at java.lang.reflect.Method.invoke(Method.java:498)
	at org.junit.runners.model.FrameworkMethod$1.runReflectiveCall(FrameworkMethod.java:50)
	at org.junit.internal.runners.model.ReflectiveCallable.run(ReflectiveCallable.java:12)
	at org.junit.runners.model.FrameworkMethod.invokeExplosively(FrameworkMethod.java:47)
	at org.junit.internal.runners.statements.InvokeMethod.evaluate(InvokeMethod.java:17)
	at org.junit.internal.runners.statements.FailOnTimeout$CallableStatement.call(FailOnTimeout.java:298)
	at org.junit.internal.runners.statements.FailOnTimeout$CallableStatement.call(FailOnTimeout.java:292)
	at java.util.concurrent.FutureTask.run(FutureTask.java:266)
	at java.lang.Thread.run(Thread.java:748)
8) test090(com.google.javascript.rhino.head.ScriptRuntime_ESTest)
org.evosuite.runtime.mock.java.lang.MockRuntimeException: No Context associated with current Thread
	at com.google.javascript.rhino.head.Context.getContext(Context.java:2332)
	at com.google.javascript.rhino.head.ScriptRuntime_ESTest.test090(ScriptRuntime_ESTest.java:1010)
	at sun.reflect.NativeMethodAccessorImpl.invoke0(Native Method)
	at sun.reflect.NativeMethodAccessorImpl.invoke(NativeMethodAccessorImpl.java:62)
	at sun.reflect.DelegatingMethodAccessorImpl.invoke(DelegatingMethodAccessorImpl.java:43)
	at java.lang.reflect.Method.invoke(Method.java:498)
	at org.junit.runners.model.FrameworkMethod$1.runReflectiveCall(FrameworkMethod.java:50)
	at org.junit.internal.runners.model.ReflectiveCallable.run(ReflectiveCallable.java:12)
	at org.junit.runners.model.FrameworkMethod.invokeExplosively(FrameworkMethod.java:47)
	at org.junit.internal.runners.statements.InvokeMethod.evaluate(InvokeMethod.java:17)
	at org.junit.internal.runners.statements.FailOnTimeout$CallableStatement.call(FailOnTimeout.java:298)
	at org.junit.internal.runners.statements.FailOnTimeout$CallableStatement.call(FailOnTimeout.java:292)
	at java.util.concurrent.FutureTask.run(FutureTask.java:266)
	at java.lang.Thread.run(Thread.java:748)
9) test186(com.google.javascript.rhino.head.ScriptRuntime_ESTest)
org.evosuite.runtime.mock.java.lang.MockRuntimeException: No Context associated with current Thread
	at com.google.javascript.rhino.head.Context.getContext(Context.java:2332)
	at com.google.javascript.rhino.head.ScriptRuntime_ESTest.test186(ScriptRuntime_ESTest.java:2104)
	at sun.reflect.NativeMethodAccessorImpl.invoke0(Native Method)
	at sun.reflect.NativeMethodAccessorImpl.invoke(NativeMethodAccessorImpl.java:62)
	at sun.reflect.DelegatingMethodAccessorImpl.invoke(DelegatingMethodAccessorImpl.java:43)
	at java.lang.reflect.Method.invoke(Method.java:498)
	at org.junit.runners.model.FrameworkMethod$1.runReflectiveCall(FrameworkMethod.java:50)
	at org.junit.internal.runners.model.ReflectiveCallable.run(ReflectiveCallable.java:12)
	at org.junit.runners.model.FrameworkMethod.invokeExplosively(FrameworkMethod.java:47)
	at org.junit.internal.runners.statements.InvokeMethod.evaluate(InvokeMethod.java:17)
	at org.junit.internal.runners.statements.FailOnTimeout$CallableStatement.call(FailOnTimeout.java:298)
	at org.junit.internal.runners.statements.FailOnTimeout$CallableStatement.call(FailOnTimeout.java:292)
	at java.util.concurrent.FutureTask.run(FutureTask.java:266)
	at java.lang.Thread.run(Thread.java:748)
10) test188(com.google.javascript.rhino.head.ScriptRuntime_ESTest)
org.evosuite.runtime.mock.java.lang.MockRuntimeException: No Context associated with current Thread
	at com.google.javascript.rhino.head.Context.getContext(Context.java:2332)
	at com.google.javascript.rhino.head.ScriptRuntime.toObject(ScriptRuntime.java:978)
	at com.google.javascript.rhino.head.Context.toObject(Context.java:1658)
	at com.google.javascript.rhino.head.ScriptRuntime_ESTest.test188(ScriptRuntime_ESTest.java:2132)
	at sun.reflect.NativeMethodAccessorImpl.invoke0(Native Method)
	at sun.reflect.NativeMethodAccessorImpl.invoke(NativeMethodAccessorImpl.java:62)
	at sun.reflect.DelegatingMethodAccessorImpl.invoke(DelegatingMethodAccessorImpl.java:43)
	at java.lang.reflect.Method.invoke(Method.java:498)
	at org.junit.runners.model.FrameworkMethod$1.runReflectiveCall(FrameworkMethod.java:50)
	at org.junit.internal.runners.model.ReflectiveCallable.run(ReflectiveCallable.java:12)
	at org.junit.runners.model.FrameworkMethod.invokeExplosively(FrameworkMethod.java:47)
	at org.junit.internal.runners.statements.InvokeMethod.evaluate(InvokeMethod.java:17)
	at org.junit.internal.runners.statements.FailOnTimeout$CallableStatement.call(FailOnTimeout.java:298)
	at org.junit.internal.runners.statements.FailOnTimeout$CallableStatement.call(FailOnTimeout.java:292)
	at java.util.concurrent.FutureTask.run(FutureTask.java:266)
	at java.lang.Thread.run(Thread.java:748)
11) test181(com.google.javascript.rhino.head.ScriptRuntime_ESTest)
com.google.javascript.rhino.head.EvaluatorException: Constructor for "Packages" expects argument of type java.lang.Classloader
	at com.google.javascript.rhino.head.Context.reportRuntimeError(Context.java:947)
	at com.google.javascript.rhino.head.Context.reportRuntimeError(Context.java:999)
	at com.google.javascript.rhino.head.Context.reportRuntimeError0(Context.java:955)
	at com.google.javascript.rhino.head.NativeJavaTopPackage.construct(NativeJavaTopPackage.java:97)
	at com.google.javascript.rhino.head.NativeJavaTopPackage.call(NativeJavaTopPackage.java:81)
	at com.google.javascript.rhino.head.ScriptRuntime.call(ScriptRuntime.java:1083)
	at com.google.javascript.rhino.head.ScriptRuntime_ESTest.test181(ScriptRuntime_ESTest.java:2036)
	at sun.reflect.NativeMethodAccessorImpl.invoke0(Native Method)
	at sun.reflect.NativeMethodAccessorImpl.invoke(NativeMethodAccessorImpl.java:62)
	at sun.reflect.DelegatingMethodAccessorImpl.invoke(DelegatingMethodAccessorImpl.java:43)
	at java.lang.reflect.Method.invoke(Method.java:498)
	at org.junit.runners.model.FrameworkMethod$1.runReflectiveCall(FrameworkMethod.java:50)
	at org.junit.internal.runners.model.ReflectiveCallable.run(ReflectiveCallable.java:12)
	at org.junit.runners.model.FrameworkMethod.invokeExplosively(FrameworkMethod.java:47)
	at org.junit.internal.runners.statements.InvokeMethod.evaluate(InvokeMethod.java:17)
	at org.junit.internal.runners.statements.FailOnTimeout$CallableStatement.call(FailOnTimeout.java:298)
	at org.junit.internal.runners.statements.FailOnTimeout$CallableStatement.call(FailOnTimeout.java:292)
	at java.util.concurrent.FutureTask.run(FutureTask.java:266)
	at java.lang.Thread.run(Thread.java:748)
12) test061(com.google.javascript.rhino.head.ScriptRuntime_ESTest)
org.evosuite.runtime.mock.java.lang.MockRuntimeException: No Context associated with current Thread
	at com.google.javascript.rhino.head.Context.getContext(Context.java:2332)
	at com.google.javascript.rhino.head.ScriptRuntime_ESTest.test061(ScriptRuntime_ESTest.java:734)
	at sun.reflect.NativeMethodAccessorImpl.invoke0(Native Method)
	at sun.reflect.NativeMethodAccessorImpl.invoke(NativeMethodAccessorImpl.java:62)
	at sun.reflect.DelegatingMethodAccessorImpl.invoke(DelegatingMethodAccessorImpl.java:43)
	at java.lang.reflect.Method.invoke(Method.java:498)
	at org.junit.runners.model.FrameworkMethod$1.runReflectiveCall(FrameworkMethod.java:50)
	at org.junit.internal.runners.model.ReflectiveCallable.run(ReflectiveCallable.java:12)
	at org.junit.runners.model.FrameworkMethod.invokeExplosively(FrameworkMethod.java:47)
	at org.junit.internal.runners.statements.InvokeMethod.evaluate(InvokeMethod.java:17)
	at org.junit.internal.runners.statements.FailOnTimeout$CallableStatement.call(FailOnTimeout.java:298)
	at org.junit.internal.runners.statements.FailOnTimeout$CallableStatement.call(FailOnTimeout.java:292)
	at java.util.concurrent.FutureTask.run(FutureTask.java:266)
	at java.lang.Thread.run(Thread.java:748)
13) test182(com.google.javascript.rhino.head.ScriptRuntime_ESTest)
java.lang.NullPointerException
	at com.google.javascript.rhino.head.ScriptRuntime_ESTest.test182(ScriptRuntime_ESTest.java:2043)
	at sun.reflect.NativeMethodAccessorImpl.invoke0(Native Method)
	at sun.reflect.NativeMethodAccessorImpl.invoke(NativeMethodAccessorImpl.java:62)
	at sun.reflect.DelegatingMethodAccessorImpl.invoke(DelegatingMethodAccessorImpl.java:43)
	at java.lang.reflect.Method.invoke(Method.java:498)
	at org.junit.runners.model.FrameworkMethod$1.runReflectiveCall(FrameworkMethod.java:50)
	at org.junit.internal.runners.model.ReflectiveCallable.run(ReflectiveCallable.java:12)
	at org.junit.runners.model.FrameworkMethod.invokeExplosively(FrameworkMethod.java:47)
	at org.junit.internal.runners.statements.InvokeMethod.evaluate(InvokeMethod.java:17)
	at org.junit.internal.runners.statements.FailOnTimeout$CallableStatement.call(FailOnTimeout.java:298)
	at org.junit.internal.runners.statements.FailOnTimeout$CallableStatement.call(FailOnTimeout.java:292)
	at java.util.concurrent.FutureTask.run(FutureTask.java:266)
	at java.lang.Thread.run(Thread.java:748)
14) test184(com.google.javascript.rhino.head.ScriptRuntime_ESTest)
java.lang.AssertionError: Exception was not thrown in com.google.javascript.rhino.head.ScriptRuntime but in com.google.javascript.rhino.head.Context.getContext(Context.java:2332): org.evosuite.runtime.mock.java.lang.MockThrowable: No Context associated with current Thread
	at org.evosuite.runtime.EvoAssertions.assertThrownBy(EvoAssertions.java:112)
	at org.evosuite.runtime.EvoAssertions.verifyException(EvoAssertions.java:49)
	at com.google.javascript.rhino.head.ScriptRuntime_ESTest.test184(ScriptRuntime_ESTest.java:2080)
	at sun.reflect.NativeMethodAccessorImpl.invoke0(Native Method)
	at sun.reflect.NativeMethodAccessorImpl.invoke(NativeMethodAccessorImpl.java:62)
	at sun.reflect.DelegatingMethodAccessorImpl.invoke(DelegatingMethodAccessorImpl.java:43)
	at java.lang.reflect.Method.invoke(Method.java:498)
	at org.junit.runners.model.FrameworkMethod$1.runReflectiveCall(FrameworkMethod.java:50)
	at org.junit.internal.runners.model.ReflectiveCallable.run(ReflectiveCallable.java:12)
	at org.junit.runners.model.FrameworkMethod.invokeExplosively(FrameworkMethod.java:47)
	at org.junit.internal.runners.statements.InvokeMethod.evaluate(InvokeMethod.java:17)
	at org.junit.internal.runners.statements.FailOnTimeout$CallableStatement.call(FailOnTimeout.java:298)
	at org.junit.internal.runners.statements.FailOnTimeout$CallableStatement.call(FailOnTimeout.java:292)
	at java.util.concurrent.FutureTask.run(FutureTask.java:266)
	at java.lang.Thread.run(Thread.java:748)
15) test180(com.google.javascript.rhino.head.ScriptRuntime_ESTest)
org.evosuite.runtime.mock.java.lang.MockRuntimeException: No Context associated with current Thread
	at com.google.javascript.rhino.head.Context.getContext(Context.java:2332)
	at com.google.javascript.rhino.head.ScriptableObject.buildClassCtor(ScriptableObject.java:1261)
	at com.google.javascript.rhino.head.LazilyLoadedCtor.buildValue0(LazilyLoadedCtor.java:138)
	at com.google.javascript.rhino.head.LazilyLoadedCtor.access$000(LazilyLoadedCtor.java:51)
	at com.google.javascript.rhino.head.LazilyLoadedCtor$1.run(LazilyLoadedCtor.java:123)
	at java.security.AccessController.doPrivileged(Native Method)
	at com.google.javascript.rhino.head.LazilyLoadedCtor.buildValue(LazilyLoadedCtor.java:119)
	at com.google.javascript.rhino.head.LazilyLoadedCtor.init(LazilyLoadedCtor.java:99)
	at com.google.javascript.rhino.head.ScriptableObject$GetterSlot.getValue(ScriptableObject.java:345)
	at com.google.javascript.rhino.head.ScriptableObject.get(ScriptableObject.java:494)
	at com.google.javascript.rhino.head.IdScriptableObject.get(IdScriptableObject.java:361)
	at com.google.javascript.rhino.head.ImporterTopLevel.get(ImporterTopLevel.java:129)
	at com.google.javascript.rhino.head.ScriptableObject.getProperty(ScriptableObject.java:2213)
	at com.google.javascript.rhino.head.TopLevel.cacheBuiltins(TopLevel.java:114)
	at com.google.javascript.rhino.head.ScriptRuntime.initStandardObjects(ScriptRuntime.java:262)
	at com.google.javascript.rhino.head.Context.initStandardObjects(Context.java:1074)
	at com.google.javascript.rhino.head.ImporterTopLevel.initStandardObjects(ImporterTopLevel.java:106)
	at com.google.javascript.rhino.head.ImporterTopLevel.<init>(ImporterTopLevel.java:87)
	at com.google.javascript.rhino.head.ScriptRuntime_ESTest.test180(ScriptRuntime_ESTest.java:2022)
	at sun.reflect.NativeMethodAccessorImpl.invoke0(Native Method)
	at sun.reflect.NativeMethodAccessorImpl.invoke(NativeMethodAccessorImpl.java:62)
	at sun.reflect.DelegatingMethodAccessorImpl.invoke(DelegatingMethodAccessorImpl.java:43)
	at java.lang.reflect.Method.invoke(Method.java:498)
	at org.junit.runners.model.FrameworkMethod$1.runReflectiveCall(FrameworkMethod.java:50)
	at org.junit.internal.runners.model.ReflectiveCallable.run(ReflectiveCallable.java:12)
	at org.junit.runners.model.FrameworkMethod.invokeExplosively(FrameworkMethod.java:47)
	at org.junit.internal.runners.statements.InvokeMethod.evaluate(InvokeMethod.java:17)
	at org.junit.internal.runners.statements.FailOnTimeout$CallableStatement.call(FailOnTimeout.java:298)
	at org.junit.internal.runners.statements.FailOnTimeout$CallableStatement.call(FailOnTimeout.java:292)
	at java.util.concurrent.FutureTask.run(FutureTask.java:266)
	at java.lang.Thread.run(Thread.java:748)
16) test189(com.google.javascript.rhino.head.ScriptRuntime_ESTest)
org.evosuite.runtime.mock.java.lang.MockRuntimeException: No Context associated with current Thread
	at com.google.javascript.rhino.head.Context.getContext(Context.java:2332)
	at com.google.javascript.rhino.head.ScriptRuntime_ESTest.test189(ScriptRuntime_ESTest.java:2145)
	at sun.reflect.NativeMethodAccessorImpl.invoke0(Native Method)
	at sun.reflect.NativeMethodAccessorImpl.invoke(NativeMethodAccessorImpl.java:62)
	at sun.reflect.DelegatingMethodAccessorImpl.invoke(DelegatingMethodAccessorImpl.java:43)
	at java.lang.reflect.Method.invoke(Method.java:498)
	at org.junit.runners.model.FrameworkMethod$1.runReflectiveCall(FrameworkMethod.java:50)
	at org.junit.internal.runners.model.ReflectiveCallable.run(ReflectiveCallable.java:12)
	at org.junit.runners.model.FrameworkMethod.invokeExplosively(FrameworkMethod.java:47)
	at org.junit.internal.runners.statements.InvokeMethod.evaluate(InvokeMethod.java:17)
	at org.junit.internal.runners.statements.FailOnTimeout$CallableStatement.call(FailOnTimeout.java:298)
	at org.junit.internal.runners.statements.FailOnTimeout$CallableStatement.call(FailOnTimeout.java:292)
	at java.util.concurrent.FutureTask.run(FutureTask.java:266)
	at java.lang.Thread.run(Thread.java:748)
17) test196(com.google.javascript.rhino.head.ScriptRuntime_ESTest)
java.lang.AssertionError: Exception was not thrown in com.google.javascript.rhino.head.DefaultErrorReporter but in com.google.javascript.rhino.head.Context.reportRuntimeError(Context.java:947): org.evosuite.runtime.mock.java.lang.MockThrowable: illegal radix 94.
	at org.evosuite.runtime.EvoAssertions.assertThrownBy(EvoAssertions.java:112)
	at org.evosuite.runtime.EvoAssertions.verifyException(EvoAssertions.java:49)
	at com.google.javascript.rhino.head.ScriptRuntime_ESTest.test196(ScriptRuntime_ESTest.java:2233)
	at sun.reflect.NativeMethodAccessorImpl.invoke0(Native Method)
	at sun.reflect.NativeMethodAccessorImpl.invoke(NativeMethodAccessorImpl.java:62)
	at sun.reflect.DelegatingMethodAccessorImpl.invoke(DelegatingMethodAccessorImpl.java:43)
	at java.lang.reflect.Method.invoke(Method.java:498)
	at org.junit.runners.model.FrameworkMethod$1.runReflectiveCall(FrameworkMethod.java:50)
	at org.junit.internal.runners.model.ReflectiveCallable.run(ReflectiveCallable.java:12)
	at org.junit.runners.model.FrameworkMethod.invokeExplosively(FrameworkMethod.java:47)
	at org.junit.internal.runners.statements.InvokeMethod.evaluate(InvokeMethod.java:17)
	at org.junit.internal.runners.statements.FailOnTimeout$CallableStatement.call(FailOnTimeout.java:298)
	at org.junit.internal.runners.statements.FailOnTimeout$CallableStatement.call(FailOnTimeout.java:292)
	at java.util.concurrent.FutureTask.run(FutureTask.java:266)
	at java.lang.Thread.run(Thread.java:748)
18) test197(com.google.javascript.rhino.head.ScriptRuntime_ESTest)
java.lang.AssertionError: Exception was not thrown in com.google.javascript.rhino.head.DefaultErrorReporter but in com.google.javascript.rhino.head.Context.reportRuntimeError(Context.java:947): org.evosuite.runtime.mock.java.lang.MockThrowable: illegal radix -2205.
	at org.evosuite.runtime.EvoAssertions.assertThrownBy(EvoAssertions.java:112)
	at org.evosuite.runtime.EvoAssertions.verifyException(EvoAssertions.java:49)
	at com.google.javascript.rhino.head.ScriptRuntime_ESTest.test197(ScriptRuntime_ESTest.java:2248)
	at sun.reflect.NativeMethodAccessorImpl.invoke0(Native Method)
	at sun.reflect.NativeMethodAccessorImpl.invoke(NativeMethodAccessorImpl.java:62)
	at sun.reflect.DelegatingMethodAccessorImpl.invoke(DelegatingMethodAccessorImpl.java:43)
	at java.lang.reflect.Method.invoke(Method.java:498)
	at org.junit.runners.model.FrameworkMethod$1.runReflectiveCall(FrameworkMethod.java:50)
	at org.junit.internal.runners.model.ReflectiveCallable.run(ReflectiveCallable.java:12)
	at org.junit.runners.model.FrameworkMethod.invokeExplosively(FrameworkMethod.java:47)
	at org.junit.internal.runners.statements.InvokeMethod.evaluate(InvokeMethod.java:17)
	at org.junit.internal.runners.statements.FailOnTimeout$CallableStatement.call(FailOnTimeout.java:298)
	at org.junit.internal.runners.statements.FailOnTimeout$CallableStatement.call(FailOnTimeout.java:292)
	at java.util.concurrent.FutureTask.run(FutureTask.java:266)
	at java.lang.Thread.run(Thread.java:748)
19) test192(com.google.javascript.rhino.head.ScriptRuntime_ESTest)
org.evosuite.runtime.mock.java.lang.MockRuntimeException: No Context associated with current Thread
	at com.google.javascript.rhino.head.Context.getContext(Context.java:2332)
	at com.google.javascript.rhino.head.ScriptRuntime_ESTest.test192(ScriptRuntime_ESTest.java:2181)
	at sun.reflect.NativeMethodAccessorImpl.invoke0(Native Method)
	at sun.reflect.NativeMethodAccessorImpl.invoke(NativeMethodAccessorImpl.java:62)
	at sun.reflect.DelegatingMethodAccessorImpl.invoke(DelegatingMethodAccessorImpl.java:43)
	at java.lang.reflect.Method.invoke(Method.java:498)
	at org.junit.runners.model.FrameworkMethod$1.runReflectiveCall(FrameworkMethod.java:50)
	at org.junit.internal.runners.model.ReflectiveCallable.run(ReflectiveCallable.java:12)
	at org.junit.runners.model.FrameworkMethod.invokeExplosively(FrameworkMethod.java:47)
	at org.junit.internal.runners.statements.InvokeMethod.evaluate(InvokeMethod.java:17)
	at org.junit.internal.runners.statements.FailOnTimeout$CallableStatement.call(FailOnTimeout.java:298)
	at org.junit.internal.runners.statements.FailOnTimeout$CallableStatement.call(FailOnTimeout.java:292)
	at java.util.concurrent.FutureTask.run(FutureTask.java:266)
	at java.lang.Thread.run(Thread.java:748)
20) test072(com.google.javascript.rhino.head.ScriptRuntime_ESTest)
org.evosuite.runtime.mock.java.lang.MockRuntimeException: No Context associated with current Thread
	at com.google.javascript.rhino.head.Context.getContext(Context.java:2332)
	at com.google.javascript.rhino.head.Context.reportWarning(Context.java:853)
	at com.google.javascript.rhino.head.Context.reportWarning(Context.java:871)
	at com.google.javascript.rhino.head.ScriptRuntime.warnAboutNonJSObject(ScriptRuntime.java:3841)
	at com.google.javascript.rhino.head.ScriptRuntime.eq(ScriptRuntime.java:2884)
	at com.google.javascript.rhino.head.ScriptRuntime_ESTest.test072(ScriptRuntime_ESTest.java:816)
	at sun.reflect.NativeMethodAccessorImpl.invoke0(Native Method)
	at sun.reflect.NativeMethodAccessorImpl.invoke(NativeMethodAccessorImpl.java:62)
	at sun.reflect.DelegatingMethodAccessorImpl.invoke(DelegatingMethodAccessorImpl.java:43)
	at java.lang.reflect.Method.invoke(Method.java:498)
	at org.junit.runners.model.FrameworkMethod$1.runReflectiveCall(FrameworkMethod.java:50)
	at org.junit.internal.runners.model.ReflectiveCallable.run(ReflectiveCallable.java:12)
	at org.junit.runners.model.FrameworkMethod.invokeExplosively(FrameworkMethod.java:47)
	at org.junit.internal.runners.statements.InvokeMethod.evaluate(InvokeMethod.java:17)
	at org.junit.internal.runners.statements.FailOnTimeout$CallableStatement.call(FailOnTimeout.java:298)
	at org.junit.internal.runners.statements.FailOnTimeout$CallableStatement.call(FailOnTimeout.java:292)
	at java.util.concurrent.FutureTask.run(FutureTask.java:266)
	at java.lang.Thread.run(Thread.java:748)
21) test193(com.google.javascript.rhino.head.ScriptRuntime_ESTest)
org.evosuite.runtime.mock.java.lang.MockRuntimeException: No Context associated with current Thread
	at com.google.javascript.rhino.head.Context.getContext(Context.java:2332)
	at com.google.javascript.rhino.head.InterpretedFunction.<init>(InterpretedFunction.java:62)
	at com.google.javascript.rhino.head.InterpretedFunction.createScript(InterpretedFunction.java:92)
	at com.google.javascript.rhino.head.ScriptRuntime_ESTest.test193(ScriptRuntime_ESTest.java:2201)
	at sun.reflect.NativeMethodAccessorImpl.invoke0(Native Method)
	at sun.reflect.NativeMethodAccessorImpl.invoke(NativeMethodAccessorImpl.java:62)
	at sun.reflect.DelegatingMethodAccessorImpl.invoke(DelegatingMethodAccessorImpl.java:43)
	at java.lang.reflect.Method.invoke(Method.java:498)
	at org.junit.runners.model.FrameworkMethod$1.runReflectiveCall(FrameworkMethod.java:50)
	at org.junit.internal.runners.model.ReflectiveCallable.run(ReflectiveCallable.java:12)
	at org.junit.runners.model.FrameworkMethod.invokeExplosively(FrameworkMethod.java:47)
	at org.junit.internal.runners.statements.InvokeMethod.evaluate(InvokeMethod.java:17)
	at org.junit.internal.runners.statements.FailOnTimeout$CallableStatement.call(FailOnTimeout.java:298)
	at org.junit.internal.runners.statements.FailOnTimeout$CallableStatement.call(FailOnTimeout.java:292)
	at java.util.concurrent.FutureTask.run(FutureTask.java:266)
	at java.lang.Thread.run(Thread.java:748)
22) test073(com.google.javascript.rhino.head.ScriptRuntime_ESTest)
java.lang.NullPointerException
	at com.google.javascript.rhino.head.ScriptRuntime_ESTest.test073(ScriptRuntime_ESTest.java:823)
	at sun.reflect.NativeMethodAccessorImpl.invoke0(Native Method)
	at sun.reflect.NativeMethodAccessorImpl.invoke(NativeMethodAccessorImpl.java:62)
	at sun.reflect.DelegatingMethodAccessorImpl.invoke(DelegatingMethodAccessorImpl.java:43)
	at java.lang.reflect.Method.invoke(Method.java:498)
	at org.junit.runners.model.FrameworkMethod$1.runReflectiveCall(FrameworkMethod.java:50)
	at org.junit.internal.runners.model.ReflectiveCallable.run(ReflectiveCallable.java:12)
	at org.junit.runners.model.FrameworkMethod.invokeExplosively(FrameworkMethod.java:47)
	at org.junit.internal.runners.statements.InvokeMethod.evaluate(InvokeMethod.java:17)
	at org.junit.internal.runners.statements.FailOnTimeout$CallableStatement.call(FailOnTimeout.java:298)
	at org.junit.internal.runners.statements.FailOnTimeout$CallableStatement.call(FailOnTimeout.java:292)
	at java.util.concurrent.FutureTask.run(FutureTask.java:266)
	at java.lang.Thread.run(Thread.java:748)
23) test074(com.google.javascript.rhino.head.ScriptRuntime_ESTest)
org.evosuite.runtime.mock.java.lang.MockRuntimeException: No Context associated with current Thread
	at com.google.javascript.rhino.head.Context.getContext(Context.java:2332)
	at com.google.javascript.rhino.head.Context.reportWarning(Context.java:853)
	at com.google.javascript.rhino.head.Context.reportWarning(Context.java:871)
	at com.google.javascript.rhino.head.ScriptRuntime.warnAboutNonJSObject(ScriptRuntime.java:3841)
	at com.google.javascript.rhino.head.ScriptRuntime.eqNumber(ScriptRuntime.java:2916)
	at com.google.javascript.rhino.head.ScriptRuntime.eq(ScriptRuntime.java:2841)
	at com.google.javascript.rhino.head.ScriptRuntime_ESTest.test074(ScriptRuntime_ESTest.java:830)
	at sun.reflect.NativeMethodAccessorImpl.invoke0(Native Method)
	at sun.reflect.NativeMethodAccessorImpl.invoke(NativeMethodAccessorImpl.java:62)
	at sun.reflect.DelegatingMethodAccessorImpl.invoke(DelegatingMethodAccessorImpl.java:43)
	at java.lang.reflect.Method.invoke(Method.java:498)
	at org.junit.runners.model.FrameworkMethod$1.runReflectiveCall(FrameworkMethod.java:50)
	at org.junit.internal.runners.model.ReflectiveCallable.run(ReflectiveCallable.java:12)
	at org.junit.runners.model.FrameworkMethod.invokeExplosively(FrameworkMethod.java:47)
	at org.junit.internal.runners.statements.InvokeMethod.evaluate(InvokeMethod.java:17)
	at org.junit.internal.runners.statements.FailOnTimeout$CallableStatement.call(FailOnTimeout.java:298)
	at org.junit.internal.runners.statements.FailOnTimeout$CallableStatement.call(FailOnTimeout.java:292)
	at java.util.concurrent.FutureTask.run(FutureTask.java:266)
	at java.lang.Thread.run(Thread.java:748)
24) test190(com.google.javascript.rhino.head.ScriptRuntime_ESTest)
org.junit.ComparisonFailure: expected:<[{}]> but was:<[({})]>
	at org.junit.Assert.assertEquals(Assert.java:115)
	at org.junit.Assert.assertEquals(Assert.java:144)
	at com.google.javascript.rhino.head.ScriptRuntime_ESTest.test190(ScriptRuntime_ESTest.java:2159)
	at sun.reflect.NativeMethodAccessorImpl.invoke0(Native Method)
	at sun.reflect.NativeMethodAccessorImpl.invoke(NativeMethodAccessorImpl.java:62)
	at sun.reflect.DelegatingMethodAccessorImpl.invoke(DelegatingMethodAccessorImpl.java:43)
	at java.lang.reflect.Method.invoke(Method.java:498)
	at org.junit.runners.model.FrameworkMethod$1.runReflectiveCall(FrameworkMethod.java:50)
	at org.junit.internal.runners.model.ReflectiveCallable.run(ReflectiveCallable.java:12)
	at org.junit.runners.model.FrameworkMethod.invokeExplosively(FrameworkMethod.java:47)
	at org.junit.internal.runners.statements.InvokeMethod.evaluate(InvokeMethod.java:17)
	at org.junit.internal.runners.statements.FailOnTimeout$CallableStatement.call(FailOnTimeout.java:298)
	at org.junit.internal.runners.statements.FailOnTimeout$CallableStatement.call(FailOnTimeout.java:292)
	at java.util.concurrent.FutureTask.run(FutureTask.java:266)
	at java.lang.Thread.run(Thread.java:748)
25) test191(com.google.javascript.rhino.head.ScriptRuntime_ESTest)
org.evosuite.runtime.mock.java.lang.MockRuntimeException: No Context associated with current Thread
	at com.google.javascript.rhino.head.Context.getContext(Context.java:2332)
	at com.google.javascript.rhino.head.ScriptRuntime_ESTest.test191(ScriptRuntime_ESTest.java:2164)
	at sun.reflect.NativeMethodAccessorImpl.invoke0(Native Method)
	at sun.reflect.NativeMethodAccessorImpl.invoke(NativeMethodAccessorImpl.java:62)
	at sun.reflect.DelegatingMethodAccessorImpl.invoke(DelegatingMethodAccessorImpl.java:43)
	at java.lang.reflect.Method.invoke(Method.java:498)
	at org.junit.runners.model.FrameworkMethod$1.runReflectiveCall(FrameworkMethod.java:50)
	at org.junit.internal.runners.model.ReflectiveCallable.run(ReflectiveCallable.java:12)
	at org.junit.runners.model.FrameworkMethod.invokeExplosively(FrameworkMethod.java:47)
	at org.junit.internal.runners.statements.InvokeMethod.evaluate(InvokeMethod.java:17)
	at org.junit.internal.runners.statements.FailOnTimeout$CallableStatement.call(FailOnTimeout.java:298)
	at org.junit.internal.runners.statements.FailOnTimeout$CallableStatement.call(FailOnTimeout.java:292)
	at java.util.concurrent.FutureTask.run(FutureTask.java:266)
	at java.lang.Thread.run(Thread.java:748)
26) test204(com.google.javascript.rhino.head.ScriptRuntime_ESTest)
java.lang.AssertionError: Expecting exception: NullPointerException
	at org.junit.Assert.fail(Assert.java:88)
	at com.google.javascript.rhino.head.ScriptRuntime_ESTest.test204(ScriptRuntime_ESTest.java:2316)
	at sun.reflect.NativeMethodAccessorImpl.invoke0(Native Method)
	at sun.reflect.NativeMethodAccessorImpl.invoke(NativeMethodAccessorImpl.java:62)
	at sun.reflect.DelegatingMethodAccessorImpl.invoke(DelegatingMethodAccessorImpl.java:43)
	at java.lang.reflect.Method.invoke(Method.java:498)
	at org.junit.runners.model.FrameworkMethod$1.runReflectiveCall(FrameworkMethod.java:50)
	at org.junit.internal.runners.model.ReflectiveCallable.run(ReflectiveCallable.java:12)
	at org.junit.runners.model.FrameworkMethod.invokeExplosively(FrameworkMethod.java:47)
	at org.junit.internal.runners.statements.InvokeMethod.evaluate(InvokeMethod.java:17)
	at org.junit.internal.runners.statements.FailOnTimeout$CallableStatement.call(FailOnTimeout.java:298)
	at org.junit.internal.runners.statements.FailOnTimeout$CallableStatement.call(FailOnTimeout.java:292)
	at java.util.concurrent.FutureTask.run(FutureTask.java:266)
	at java.lang.Thread.run(Thread.java:748)
27) test206(com.google.javascript.rhino.head.ScriptRuntime_ESTest)
org.evosuite.runtime.mock.java.lang.MockRuntimeException: No Context associated with current Thread
	at com.google.javascript.rhino.head.Context.getContext(Context.java:2332)
	at com.google.javascript.rhino.head.ScriptRuntime_ESTest.test206(ScriptRuntime_ESTest.java:2337)
	at sun.reflect.NativeMethodAccessorImpl.invoke0(Native Method)
	at sun.reflect.NativeMethodAccessorImpl.invoke(NativeMethodAccessorImpl.java:62)
	at sun.reflect.DelegatingMethodAccessorImpl.invoke(DelegatingMethodAccessorImpl.java:43)
	at java.lang.reflect.Method.invoke(Method.java:498)
	at org.junit.runners.model.FrameworkMethod$1.runReflectiveCall(FrameworkMethod.java:50)
	at org.junit.internal.runners.model.ReflectiveCallable.run(ReflectiveCallable.java:12)
	at org.junit.runners.model.FrameworkMethod.invokeExplosively(FrameworkMethod.java:47)
	at org.junit.internal.runners.statements.InvokeMethod.evaluate(InvokeMethod.java:17)
	at org.junit.internal.runners.statements.FailOnTimeout$CallableStatement.call(FailOnTimeout.java:298)
	at org.junit.internal.runners.statements.FailOnTimeout$CallableStatement.call(FailOnTimeout.java:292)
	at java.util.concurrent.FutureTask.run(FutureTask.java:266)
	at java.lang.Thread.run(Thread.java:748)
28) test116(com.google.javascript.rhino.head.ScriptRuntime_ESTest)
org.evosuite.runtime.mock.java.lang.MockRuntimeException: No Context associated with current Thread
	at com.google.javascript.rhino.head.Context.getContext(Context.java:2332)
	at com.google.javascript.rhino.head.ScriptRuntime_ESTest.test116(ScriptRuntime_ESTest.java:1362)
	at sun.reflect.NativeMethodAccessorImpl.invoke0(Native Method)
	at sun.reflect.NativeMethodAccessorImpl.invoke(NativeMethodAccessorImpl.java:62)
	at sun.reflect.DelegatingMethodAccessorImpl.invoke(DelegatingMethodAccessorImpl.java:43)
	at java.lang.reflect.Method.invoke(Method.java:498)
	at org.junit.runners.model.FrameworkMethod$1.runReflectiveCall(FrameworkMethod.java:50)
	at org.junit.internal.runners.model.ReflectiveCallable.run(ReflectiveCallable.java:12)
	at org.junit.runners.model.FrameworkMethod.invokeExplosively(FrameworkMethod.java:47)
	at org.junit.internal.runners.statements.InvokeMethod.evaluate(InvokeMethod.java:17)
	at org.junit.internal.runners.statements.FailOnTimeout$CallableStatement.call(FailOnTimeout.java:298)
	at org.junit.internal.runners.statements.FailOnTimeout$CallableStatement.call(FailOnTimeout.java:292)
	at java.util.concurrent.FutureTask.run(FutureTask.java:266)
	at java.lang.Thread.run(Thread.java:748)
29) test238(com.google.javascript.rhino.head.ScriptRuntime_ESTest)
org.evosuite.runtime.mock.java.lang.MockRuntimeException: No Context associated with current Thread
	at com.google.javascript.rhino.head.Context.getContext(Context.java:2332)
	at com.google.javascript.rhino.head.ScriptRuntime.toBoolean(ScriptRuntime.java:374)
	at com.google.javascript.rhino.head.ScriptRuntime_ESTest.test238(ScriptRuntime_ESTest.java:2593)
	at sun.reflect.NativeMethodAccessorImpl.invoke0(Native Method)
	at sun.reflect.NativeMethodAccessorImpl.invoke(NativeMethodAccessorImpl.java:62)
	at sun.reflect.DelegatingMethodAccessorImpl.invoke(DelegatingMethodAccessorImpl.java:43)
	at java.lang.reflect.Method.invoke(Method.java:498)
	at org.junit.runners.model.FrameworkMethod$1.runReflectiveCall(FrameworkMethod.java:50)
	at org.junit.internal.runners.model.ReflectiveCallable.run(ReflectiveCallable.java:12)
	at org.junit.runners.model.FrameworkMethod.invokeExplosively(FrameworkMethod.java:47)
	at org.junit.internal.runners.statements.InvokeMethod.evaluate(InvokeMethod.java:17)
	at org.junit.internal.runners.statements.FailOnTimeout$CallableStatement.call(FailOnTimeout.java:298)
	at org.junit.internal.runners.statements.FailOnTimeout$CallableStatement.call(FailOnTimeout.java:292)
	at java.util.concurrent.FutureTask.run(FutureTask.java:266)
	at java.lang.Thread.run(Thread.java:748)
30) test118(com.google.javascript.rhino.head.ScriptRuntime_ESTest)
org.evosuite.runtime.mock.java.lang.MockRuntimeException: No Context associated with current Thread
	at com.google.javascript.rhino.head.Context.getContext(Context.java:2332)
	at com.google.javascript.rhino.head.NativeJavaPackage.getPkgProperty(NativeJavaPackage.java:154)
	at com.google.javascript.rhino.head.NativeJavaPackage.get(NativeJavaPackage.java:115)
	at com.google.javascript.rhino.head.NativeWith.get(NativeWith.java:96)
	at com.google.javascript.rhino.head.ScriptableObject.getProperty(ScriptableObject.java:2213)
	at com.google.javascript.rhino.head.ScriptRuntime.toIterator(ScriptRuntime.java:2029)
	at com.google.javascript.rhino.head.ScriptRuntime.enumInit(ScriptRuntime.java:2075)
	at com.google.javascript.rhino.head.ScriptRuntime_ESTest.test118(ScriptRuntime_ESTest.java:1394)
	at sun.reflect.NativeMethodAccessorImpl.invoke0(Native Method)
	at sun.reflect.NativeMethodAccessorImpl.invoke(NativeMethodAccessorImpl.java:62)
	at sun.reflect.DelegatingMethodAccessorImpl.invoke(DelegatingMethodAccessorImpl.java:43)
	at java.lang.reflect.Method.invoke(Method.java:498)
	at org.junit.runners.model.FrameworkMethod$1.runReflectiveCall(FrameworkMethod.java:50)
	at org.junit.internal.runners.model.ReflectiveCallable.run(ReflectiveCallable.java:12)
	at org.junit.runners.model.FrameworkMethod.invokeExplosively(FrameworkMethod.java:47)
	at org.junit.internal.runners.statements.InvokeMethod.evaluate(InvokeMethod.java:17)
	at org.junit.internal.runners.statements.FailOnTimeout$CallableStatement.call(FailOnTimeout.java:298)
	at org.junit.internal.runners.statements.FailOnTimeout$CallableStatement.call(FailOnTimeout.java:292)
	at java.util.concurrent.FutureTask.run(FutureTask.java:266)
	at java.lang.Thread.run(Thread.java:748)
31) test233(com.google.javascript.rhino.head.ScriptRuntime_ESTest)
org.evosuite.runtime.mock.java.lang.MockRuntimeException: No Context associated with current Thread
	at com.google.javascript.rhino.head.Context.getContext(Context.java:2332)
	at com.google.javascript.rhino.head.ScriptRuntime.toBoolean(ScriptRuntime.java:374)
	at com.google.javascript.rhino.head.ScriptableObject.isTrue(ScriptableObject.java:1933)
	at com.google.javascript.rhino.head.ScriptRuntime_ESTest.test233(ScriptRuntime_ESTest.java:2554)
	at sun.reflect.NativeMethodAccessorImpl.invoke0(Native Method)
	at sun.reflect.NativeMethodAccessorImpl.invoke(NativeMethodAccessorImpl.java:62)
	at sun.reflect.DelegatingMethodAccessorImpl.invoke(DelegatingMethodAccessorImpl.java:43)
	at java.lang.reflect.Method.invoke(Method.java:498)
	at org.junit.runners.model.FrameworkMethod$1.runReflectiveCall(FrameworkMethod.java:50)
	at org.junit.internal.runners.model.ReflectiveCallable.run(ReflectiveCallable.java:12)
	at org.junit.runners.model.FrameworkMethod.invokeExplosively(FrameworkMethod.java:47)
	at org.junit.internal.runners.statements.InvokeMethod.evaluate(InvokeMethod.java:17)
	at org.junit.internal.runners.statements.FailOnTimeout$CallableStatement.call(FailOnTimeout.java:298)
	at org.junit.internal.runners.statements.FailOnTimeout$CallableStatement.call(FailOnTimeout.java:292)
	at java.util.concurrent.FutureTask.run(FutureTask.java:266)
	at java.lang.Thread.run(Thread.java:748)
32) test113(com.google.javascript.rhino.head.ScriptRuntime_ESTest)
org.evosuite.runtime.mock.java.lang.MockRuntimeException: No Context associated with current Thread
	at com.google.javascript.rhino.head.Context.getContext(Context.java:2332)
	at com.google.javascript.rhino.head.ScriptRuntime_ESTest.test113(ScriptRuntime_ESTest.java:1339)
	at sun.reflect.NativeMethodAccessorImpl.invoke0(Native Method)
	at sun.reflect.NativeMethodAccessorImpl.invoke(NativeMethodAccessorImpl.java:62)
	at sun.reflect.DelegatingMethodAccessorImpl.invoke(DelegatingMethodAccessorImpl.java:43)
	at java.lang.reflect.Method.invoke(Method.java:498)
	at org.junit.runners.model.FrameworkMethod$1.runReflectiveCall(FrameworkMethod.java:50)
	at org.junit.internal.runners.model.ReflectiveCallable.run(ReflectiveCallable.java:12)
	at org.junit.runners.model.FrameworkMethod.invokeExplosively(FrameworkMethod.java:47)
	at org.junit.internal.runners.statements.InvokeMethod.evaluate(InvokeMethod.java:17)
	at org.junit.internal.runners.statements.FailOnTimeout$CallableStatement.call(FailOnTimeout.java:298)
	at org.junit.internal.runners.statements.FailOnTimeout$CallableStatement.call(FailOnTimeout.java:292)
	at java.util.concurrent.FutureTask.run(FutureTask.java:266)
	at java.lang.Thread.run(Thread.java:748)
33) test234(com.google.javascript.rhino.head.ScriptRuntime_ESTest)
java.lang.NullPointerException
	at com.google.javascript.rhino.head.ScriptRuntime_ESTest.test234(ScriptRuntime_ESTest.java:2561)
	at sun.reflect.NativeMethodAccessorImpl.invoke0(Native Method)
	at sun.reflect.NativeMethodAccessorImpl.invoke(NativeMethodAccessorImpl.java:62)
	at sun.reflect.DelegatingMethodAccessorImpl.invoke(DelegatingMethodAccessorImpl.java:43)
	at java.lang.reflect.Method.invoke(Method.java:498)
	at org.junit.runners.model.FrameworkMethod$1.runReflectiveCall(FrameworkMethod.java:50)
	at org.junit.internal.runners.model.ReflectiveCallable.run(ReflectiveCallable.java:12)
	at org.junit.runners.model.FrameworkMethod.invokeExplosively(FrameworkMethod.java:47)
	at org.junit.internal.runners.statements.InvokeMethod.evaluate(InvokeMethod.java:17)
	at org.junit.internal.runners.statements.FailOnTimeout$CallableStatement.call(FailOnTimeout.java:298)
	at org.junit.internal.runners.statements.FailOnTimeout$CallableStatement.call(FailOnTimeout.java:292)
	at java.util.concurrent.FutureTask.run(FutureTask.java:266)
	at java.lang.Thread.run(Thread.java:748)
34) test115(com.google.javascript.rhino.head.ScriptRuntime_ESTest)
org.evosuite.runtime.mock.java.lang.MockRuntimeException: No Context associated with current Thread
	at com.google.javascript.rhino.head.Context.getContext(Context.java:2332)
	at com.google.javascript.rhino.head.ScriptableObject.buildClassCtor(ScriptableObject.java:1261)
	at com.google.javascript.rhino.head.LazilyLoadedCtor.buildValue0(LazilyLoadedCtor.java:138)
	at com.google.javascript.rhino.head.LazilyLoadedCtor.access$000(LazilyLoadedCtor.java:51)
	at com.google.javascript.rhino.head.LazilyLoadedCtor$1.run(LazilyLoadedCtor.java:123)
	at java.security.AccessController.doPrivileged(Native Method)
	at com.google.javascript.rhino.head.LazilyLoadedCtor.buildValue(LazilyLoadedCtor.java:119)
	at com.google.javascript.rhino.head.LazilyLoadedCtor.init(LazilyLoadedCtor.java:99)
	at com.google.javascript.rhino.head.ScriptableObject$GetterSlot.getValue(ScriptableObject.java:345)
	at com.google.javascript.rhino.head.ScriptableObject.get(ScriptableObject.java:494)
	at com.google.javascript.rhino.head.IdScriptableObject.get(IdScriptableObject.java:361)
	at com.google.javascript.rhino.head.ImporterTopLevel.get(ImporterTopLevel.java:129)
	at com.google.javascript.rhino.head.ScriptableObject.getProperty(ScriptableObject.java:2213)
	at com.google.javascript.rhino.head.TopLevel.cacheBuiltins(TopLevel.java:114)
	at com.google.javascript.rhino.head.ScriptRuntime.initStandardObjects(ScriptRuntime.java:262)
	at com.google.javascript.rhino.head.Context.initStandardObjects(Context.java:1074)
	at com.google.javascript.rhino.head.ImporterTopLevel.initStandardObjects(ImporterTopLevel.java:106)
	at com.google.javascript.rhino.head.ImporterTopLevel.<init>(ImporterTopLevel.java:87)
	at com.google.javascript.rhino.head.ImporterTopLevel.<init>(ImporterTopLevel.java:82)
	at com.google.javascript.rhino.head.ScriptRuntime_ESTest.test115(ScriptRuntime_ESTest.java:1355)
	at sun.reflect.NativeMethodAccessorImpl.invoke0(Native Method)
	at sun.reflect.NativeMethodAccessorImpl.invoke(NativeMethodAccessorImpl.java:62)
	at sun.reflect.DelegatingMethodAccessorImpl.invoke(DelegatingMethodAccessorImpl.java:43)
	at java.lang.reflect.Method.invoke(Method.java:498)
	at org.junit.runners.model.FrameworkMethod$1.runReflectiveCall(FrameworkMethod.java:50)
	at org.junit.internal.runners.model.ReflectiveCallable.run(ReflectiveCallable.java:12)
	at org.junit.runners.model.FrameworkMethod.invokeExplosively(FrameworkMethod.java:47)
	at org.junit.internal.runners.statements.InvokeMethod.evaluate(InvokeMethod.java:17)
	at org.junit.internal.runners.statements.FailOnTimeout$CallableStatement.call(FailOnTimeout.java:298)
	at org.junit.internal.runners.statements.FailOnTimeout$CallableStatement.call(FailOnTimeout.java:292)
	at java.util.concurrent.FutureTask.run(FutureTask.java:266)
	at java.lang.Thread.run(Thread.java:748)
35) test120(com.google.javascript.rhino.head.ScriptRuntime_ESTest)
org.evosuite.runtime.mock.java.lang.MockRuntimeException: No Context associated with current Thread
	at com.google.javascript.rhino.head.Context.getContext(Context.java:2332)
	at com.google.javascript.rhino.head.ScriptRuntime_ESTest.test120(ScriptRuntime_ESTest.java:1418)
	at sun.reflect.NativeMethodAccessorImpl.invoke0(Native Method)
	at sun.reflect.NativeMethodAccessorImpl.invoke(NativeMethodAccessorImpl.java:62)
	at sun.reflect.DelegatingMethodAccessorImpl.invoke(DelegatingMethodAccessorImpl.java:43)
	at java.lang.reflect.Method.invoke(Method.java:498)
	at org.junit.runners.model.FrameworkMethod$1.runReflectiveCall(FrameworkMethod.java:50)
	at org.junit.internal.runners.model.ReflectiveCallable.run(ReflectiveCallable.java:12)
	at org.junit.runners.model.FrameworkMethod.invokeExplosively(FrameworkMethod.java:47)
	at org.junit.internal.runners.statements.InvokeMethod.evaluate(InvokeMethod.java:17)
	at org.junit.internal.runners.statements.FailOnTimeout$CallableStatement.call(FailOnTimeout.java:298)
	at org.junit.internal.runners.statements.FailOnTimeout$CallableStatement.call(FailOnTimeout.java:292)
	at java.util.concurrent.FutureTask.run(FutureTask.java:266)
	at java.lang.Thread.run(Thread.java:748)
36) test121(com.google.javascript.rhino.head.ScriptRuntime_ESTest)
org.evosuite.runtime.mock.java.lang.MockRuntimeException: No Context associated with current Thread
	at com.google.javascript.rhino.head.Context.getContext(Context.java:2332)
	at com.google.javascript.rhino.head.ScriptRuntime_ESTest.test121(ScriptRuntime_ESTest.java:1434)
	at sun.reflect.NativeMethodAccessorImpl.invoke0(Native Method)
	at sun.reflect.NativeMethodAccessorImpl.invoke(NativeMethodAccessorImpl.java:62)
	at sun.reflect.DelegatingMethodAccessorImpl.invoke(DelegatingMethodAccessorImpl.java:43)
	at java.lang.reflect.Method.invoke(Method.java:498)
	at org.junit.runners.model.FrameworkMethod$1.runReflectiveCall(FrameworkMethod.java:50)
	at org.junit.internal.runners.model.ReflectiveCallable.run(ReflectiveCallable.java:12)
	at org.junit.runners.model.FrameworkMethod.invokeExplosively(FrameworkMethod.java:47)
	at org.junit.internal.runners.statements.InvokeMethod.evaluate(InvokeMethod.java:17)
	at org.junit.internal.runners.statements.FailOnTimeout$CallableStatement.call(FailOnTimeout.java:298)
	at org.junit.internal.runners.statements.FailOnTimeout$CallableStatement.call(FailOnTimeout.java:292)
	at java.util.concurrent.FutureTask.run(FutureTask.java:266)
	at java.lang.Thread.run(Thread.java:748)
37) test122(com.google.javascript.rhino.head.ScriptRuntime_ESTest)
org.evosuite.runtime.mock.java.lang.MockRuntimeException: No Context associated with current Thread
	at com.google.javascript.rhino.head.Context.getContext(Context.java:2332)
	at com.google.javascript.rhino.head.ScriptRuntime.typeofName(ScriptRuntime.java:2580)
	at com.google.javascript.rhino.head.ScriptRuntime_ESTest.test122(ScriptRuntime_ESTest.java:1445)
	at sun.reflect.NativeMethodAccessorImpl.invoke0(Native Method)
	at sun.reflect.NativeMethodAccessorImpl.invoke(NativeMethodAccessorImpl.java:62)
	at sun.reflect.DelegatingMethodAccessorImpl.invoke(DelegatingMethodAccessorImpl.java:43)
	at java.lang.reflect.Method.invoke(Method.java:498)
	at org.junit.runners.model.FrameworkMethod$1.runReflectiveCall(FrameworkMethod.java:50)
	at org.junit.internal.runners.model.ReflectiveCallable.run(ReflectiveCallable.java:12)
	at org.junit.runners.model.FrameworkMethod.invokeExplosively(FrameworkMethod.java:47)
	at org.junit.internal.runners.statements.InvokeMethod.evaluate(InvokeMethod.java:17)
	at org.junit.internal.runners.statements.FailOnTimeout$CallableStatement.call(FailOnTimeout.java:298)
	at org.junit.internal.runners.statements.FailOnTimeout$CallableStatement.call(FailOnTimeout.java:292)
	at java.util.concurrent.FutureTask.run(FutureTask.java:266)
	at java.lang.Thread.run(Thread.java:748)
38) test129(com.google.javascript.rhino.head.ScriptRuntime_ESTest)
org.evosuite.runtime.mock.java.lang.MockRuntimeException: No Context associated with current Thread
	at com.google.javascript.rhino.head.Context.getContext(Context.java:2332)
	at com.google.javascript.rhino.head.ScriptRuntime_ESTest.test129(ScriptRuntime_ESTest.java:1554)
	at sun.reflect.NativeMethodAccessorImpl.invoke0(Native Method)
	at sun.reflect.NativeMethodAccessorImpl.invoke(NativeMethodAccessorImpl.java:62)
	at sun.reflect.DelegatingMethodAccessorImpl.invoke(DelegatingMethodAccessorImpl.java:43)
	at java.lang.reflect.Method.invoke(Method.java:498)
	at org.junit.runners.model.FrameworkMethod$1.runReflectiveCall(FrameworkMethod.java:50)
	at org.junit.internal.runners.model.ReflectiveCallable.run(ReflectiveCallable.java:12)
	at org.junit.runners.model.FrameworkMethod.invokeExplosively(FrameworkMethod.java:47)
	at org.junit.internal.runners.statements.InvokeMethod.evaluate(InvokeMethod.java:17)
	at org.junit.internal.runners.statements.FailOnTimeout$CallableStatement.call(FailOnTimeout.java:298)
	at org.junit.internal.runners.statements.FailOnTimeout$CallableStatement.call(FailOnTimeout.java:292)
	at java.util.concurrent.FutureTask.run(FutureTask.java:266)
	at java.lang.Thread.run(Thread.java:748)
39) test009(com.google.javascript.rhino.head.ScriptRuntime_ESTest)
org.evosuite.runtime.mock.java.lang.MockRuntimeException: No Context associated with current Thread
	at com.google.javascript.rhino.head.Context.getContext(Context.java:2332)
	at com.google.javascript.rhino.head.ScriptableObject.buildClassCtor(ScriptableObject.java:1261)
	at com.google.javascript.rhino.head.LazilyLoadedCtor.buildValue0(LazilyLoadedCtor.java:138)
	at com.google.javascript.rhino.head.LazilyLoadedCtor.access$000(LazilyLoadedCtor.java:51)
	at com.google.javascript.rhino.head.LazilyLoadedCtor$1.run(LazilyLoadedCtor.java:123)
	at java.security.AccessController.doPrivileged(Native Method)
	at com.google.javascript.rhino.head.LazilyLoadedCtor.buildValue(LazilyLoadedCtor.java:119)
	at com.google.javascript.rhino.head.LazilyLoadedCtor.init(LazilyLoadedCtor.java:99)
	at com.google.javascript.rhino.head.ScriptableObject$GetterSlot.getValue(ScriptableObject.java:345)
	at com.google.javascript.rhino.head.ScriptableObject.get(ScriptableObject.java:494)
	at com.google.javascript.rhino.head.IdScriptableObject.get(IdScriptableObject.java:361)
	at com.google.javascript.rhino.head.ImporterTopLevel.get(ImporterTopLevel.java:129)
	at com.google.javascript.rhino.head.ScriptableObject.getProperty(ScriptableObject.java:2213)
	at com.google.javascript.rhino.head.TopLevel.cacheBuiltins(TopLevel.java:114)
	at com.google.javascript.rhino.head.ScriptRuntime.initStandardObjects(ScriptRuntime.java:262)
	at com.google.javascript.rhino.head.Context.initStandardObjects(Context.java:1074)
	at com.google.javascript.rhino.head.ImporterTopLevel.initStandardObjects(ImporterTopLevel.java:106)
	at com.google.javascript.rhino.head.ImporterTopLevel.<init>(ImporterTopLevel.java:87)
	at com.google.javascript.rhino.head.ImporterTopLevel.<init>(ImporterTopLevel.java:82)
	at com.google.javascript.rhino.head.ScriptRuntime_ESTest.test009(ScriptRuntime_ESTest.java:157)
	at sun.reflect.NativeMethodAccessorImpl.invoke0(Native Method)
	at sun.reflect.NativeMethodAccessorImpl.invoke(NativeMethodAccessorImpl.java:62)
	at sun.reflect.DelegatingMethodAccessorImpl.invoke(DelegatingMethodAccessorImpl.java:43)
	at java.lang.reflect.Method.invoke(Method.java:498)
	at org.junit.runners.model.FrameworkMethod$1.runReflectiveCall(FrameworkMethod.java:50)
	at org.junit.internal.runners.model.ReflectiveCallable.run(ReflectiveCallable.java:12)
	at org.junit.runners.model.FrameworkMethod.invokeExplosively(FrameworkMethod.java:47)
	at org.junit.internal.runners.statements.InvokeMethod.evaluate(InvokeMethod.java:17)
	at org.junit.internal.runners.statements.FailOnTimeout$CallableStatement.call(FailOnTimeout.java:298)
	at org.junit.internal.runners.statements.FailOnTimeout$CallableStatement.call(FailOnTimeout.java:292)
	at java.util.concurrent.FutureTask.run(FutureTask.java:266)
	at java.lang.Thread.run(Thread.java:748)
40) test125(com.google.javascript.rhino.head.ScriptRuntime_ESTest)
org.evosuite.runtime.mock.java.lang.MockRuntimeException: No Context associated with current Thread
	at com.google.javascript.rhino.head.Context.getContext(Context.java:2332)
	at com.google.javascript.rhino.head.ScriptRuntime_ESTest.test125(ScriptRuntime_ESTest.java:1481)
	at sun.reflect.NativeMethodAccessorImpl.invoke0(Native Method)
	at sun.reflect.NativeMethodAccessorImpl.invoke(NativeMethodAccessorImpl.java:62)
	at sun.reflect.DelegatingMethodAccessorImpl.invoke(DelegatingMethodAccessorImpl.java:43)
	at java.lang.reflect.Method.invoke(Method.java:498)
	at org.junit.runners.model.FrameworkMethod$1.runReflectiveCall(FrameworkMethod.java:50)
	at org.junit.internal.runners.model.ReflectiveCallable.run(ReflectiveCallable.java:12)
	at org.junit.runners.model.FrameworkMethod.invokeExplosively(FrameworkMethod.java:47)
	at org.junit.internal.runners.statements.InvokeMethod.evaluate(InvokeMethod.java:17)
	at org.junit.internal.runners.statements.FailOnTimeout$CallableStatement.call(FailOnTimeout.java:298)
	at org.junit.internal.runners.statements.FailOnTimeout$CallableStatement.call(FailOnTimeout.java:292)
	at java.util.concurrent.FutureTask.run(FutureTask.java:266)
	at java.lang.Thread.run(Thread.java:748)
41) test126(com.google.javascript.rhino.head.ScriptRuntime_ESTest)
java.lang.AssertionError: Exception was not thrown in com.google.javascript.rhino.head.ScriptRuntime but in com.google.javascript.rhino.head.Context.getContext(Context.java:2332): org.evosuite.runtime.mock.java.lang.MockThrowable: No Context associated with current Thread
	at org.evosuite.runtime.EvoAssertions.assertThrownBy(EvoAssertions.java:112)
	at org.evosuite.runtime.EvoAssertions.verifyException(EvoAssertions.java:49)
	at com.google.javascript.rhino.head.ScriptRuntime_ESTest.test126(ScriptRuntime_ESTest.java:1512)
	at sun.reflect.NativeMethodAccessorImpl.invoke0(Native Method)
	at sun.reflect.NativeMethodAccessorImpl.invoke(NativeMethodAccessorImpl.java:62)
	at sun.reflect.DelegatingMethodAccessorImpl.invoke(DelegatingMethodAccessorImpl.java:43)
	at java.lang.reflect.Method.invoke(Method.java:498)
	at org.junit.runners.model.FrameworkMethod$1.runReflectiveCall(FrameworkMethod.java:50)
	at org.junit.internal.runners.model.ReflectiveCallable.run(ReflectiveCallable.java:12)
	at org.junit.runners.model.FrameworkMethod.invokeExplosively(FrameworkMethod.java:47)
	at org.junit.internal.runners.statements.InvokeMethod.evaluate(InvokeMethod.java:17)
	at org.junit.internal.runners.statements.FailOnTimeout$CallableStatement.call(FailOnTimeout.java:298)
	at org.junit.internal.runners.statements.FailOnTimeout$CallableStatement.call(FailOnTimeout.java:292)
	at java.util.concurrent.FutureTask.run(FutureTask.java:266)
	at java.lang.Thread.run(Thread.java:748)
42) test252(com.google.javascript.rhino.head.ScriptRuntime_ESTest)
java.lang.NullPointerException
	at com.google.javascript.rhino.head.ImporterTopLevel.initStandardObjects(ImporterTopLevel.java:106)
	at com.google.javascript.rhino.head.ImporterTopLevel.<init>(ImporterTopLevel.java:87)
	at com.google.javascript.rhino.head.ScriptRuntime_ESTest.test252(ScriptRuntime_ESTest.java:2678)
	at sun.reflect.NativeMethodAccessorImpl.invoke0(Native Method)
	at sun.reflect.NativeMethodAccessorImpl.invoke(NativeMethodAccessorImpl.java:62)
	at sun.reflect.DelegatingMethodAccessorImpl.invoke(DelegatingMethodAccessorImpl.java:43)
	at java.lang.reflect.Method.invoke(Method.java:498)
	at org.junit.runners.model.FrameworkMethod$1.runReflectiveCall(FrameworkMethod.java:50)
	at org.junit.internal.runners.model.ReflectiveCallable.run(ReflectiveCallable.java:12)
	at org.junit.runners.model.FrameworkMethod.invokeExplosively(FrameworkMethod.java:47)
	at org.junit.internal.runners.statements.InvokeMethod.evaluate(InvokeMethod.java:17)
	at org.junit.internal.runners.statements.FailOnTimeout$CallableStatement.call(FailOnTimeout.java:298)
	at org.junit.internal.runners.statements.FailOnTimeout$CallableStatement.call(FailOnTimeout.java:292)
	at java.util.concurrent.FutureTask.run(FutureTask.java:266)
	at java.lang.Thread.run(Thread.java:748)
43) test011(com.google.javascript.rhino.head.ScriptRuntime_ESTest)
org.evosuite.runtime.mock.java.lang.MockRuntimeException: No Context associated with current Thread
	at com.google.javascript.rhino.head.Context.getContext(Context.java:2332)
	at com.google.javascript.rhino.head.Context.reportWarning(Context.java:853)
	at com.google.javascript.rhino.head.Context.reportWarning(Context.java:871)
	at com.google.javascript.rhino.head.ScriptRuntime.checkDeprecated(ScriptRuntime.java:3607)
	at com.google.javascript.rhino.head.ScriptRuntime_ESTest.test011(ScriptRuntime_ESTest.java:184)
	at sun.reflect.NativeMethodAccessorImpl.invoke0(Native Method)
	at sun.reflect.NativeMethodAccessorImpl.invoke(NativeMethodAccessorImpl.java:62)
	at sun.reflect.DelegatingMethodAccessorImpl.invoke(DelegatingMethodAccessorImpl.java:43)
	at java.lang.reflect.Method.invoke(Method.java:498)
	at org.junit.runners.model.FrameworkMethod$1.runReflectiveCall(FrameworkMethod.java:50)
	at org.junit.internal.runners.model.ReflectiveCallable.run(ReflectiveCallable.java:12)
	at org.junit.runners.model.FrameworkMethod.invokeExplosively(FrameworkMethod.java:47)
	at org.junit.internal.runners.statements.InvokeMethod.evaluate(InvokeMethod.java:17)
	at org.junit.internal.runners.statements.FailOnTimeout$CallableStatement.call(FailOnTimeout.java:298)
	at org.junit.internal.runners.statements.FailOnTimeout$CallableStatement.call(FailOnTimeout.java:292)
	at java.util.concurrent.FutureTask.run(FutureTask.java:266)
	at java.lang.Thread.run(Thread.java:748)
44) test214(com.google.javascript.rhino.head.ScriptRuntime_ESTest)
java.lang.AssertionError: Expecting exception: NullPointerException
	at org.junit.Assert.fail(Assert.java:88)
	at com.google.javascript.rhino.head.ScriptRuntime_ESTest.test214(ScriptRuntime_ESTest.java:2405)
	at sun.reflect.NativeMethodAccessorImpl.invoke0(Native Method)
	at sun.reflect.NativeMethodAccessorImpl.invoke(NativeMethodAccessorImpl.java:62)
	at sun.reflect.DelegatingMethodAccessorImpl.invoke(DelegatingMethodAccessorImpl.java:43)
	at java.lang.reflect.Method.invoke(Method.java:498)
	at org.junit.runners.model.FrameworkMethod$1.runReflectiveCall(FrameworkMethod.java:50)
	at org.junit.internal.runners.model.ReflectiveCallable.run(ReflectiveCallable.java:12)
	at org.junit.runners.model.FrameworkMethod.invokeExplosively(FrameworkMethod.java:47)
	at org.junit.internal.runners.statements.InvokeMethod.evaluate(InvokeMethod.java:17)
	at org.junit.internal.runners.statements.FailOnTimeout$CallableStatement.call(FailOnTimeout.java:298)
	at org.junit.internal.runners.statements.FailOnTimeout$CallableStatement.call(FailOnTimeout.java:292)
	at java.util.concurrent.FutureTask.run(FutureTask.java:266)
	at java.lang.Thread.run(Thread.java:748)
45) test100(com.google.javascript.rhino.head.ScriptRuntime_ESTest)
org.evosuite.runtime.mock.java.lang.MockRuntimeException: No Context associated with current Thread
	at com.google.javascript.rhino.head.Context.getContext(Context.java:2332)
	at com.google.javascript.rhino.head.ScriptRuntime_ESTest.test100(ScriptRuntime_ESTest.java:1126)
	at sun.reflect.NativeMethodAccessorImpl.invoke0(Native Method)
	at sun.reflect.NativeMethodAccessorImpl.invoke(NativeMethodAccessorImpl.java:62)
	at sun.reflect.DelegatingMethodAccessorImpl.invoke(DelegatingMethodAccessorImpl.java:43)
	at java.lang.reflect.Method.invoke(Method.java:498)
	at org.junit.runners.model.FrameworkMethod$1.runReflectiveCall(FrameworkMethod.java:50)
	at org.junit.internal.runners.model.ReflectiveCallable.run(ReflectiveCallable.java:12)
	at org.junit.runners.model.FrameworkMethod.invokeExplosively(FrameworkMethod.java:47)
	at org.junit.internal.runners.statements.InvokeMethod.evaluate(InvokeMethod.java:17)
	at org.junit.internal.runners.statements.FailOnTimeout$CallableStatement.call(FailOnTimeout.java:298)
	at org.junit.internal.runners.statements.FailOnTimeout$CallableStatement.call(FailOnTimeout.java:292)
	at java.util.concurrent.FutureTask.run(FutureTask.java:266)
	at java.lang.Thread.run(Thread.java:748)
46) test106(com.google.javascript.rhino.head.ScriptRuntime_ESTest)
org.evosuite.runtime.mock.java.lang.MockIllegalStateException
	at com.google.javascript.rhino.head.ScriptRuntime.getValueFunctionAndThis(ScriptRuntime.java:2337)
	at com.google.javascript.rhino.head.ScriptRuntime_ESTest.test106(ScriptRuntime_ESTest.java:1240)
	at sun.reflect.NativeMethodAccessorImpl.invoke0(Native Method)
	at sun.reflect.NativeMethodAccessorImpl.invoke(NativeMethodAccessorImpl.java:62)
	at sun.reflect.DelegatingMethodAccessorImpl.invoke(DelegatingMethodAccessorImpl.java:43)
	at java.lang.reflect.Method.invoke(Method.java:498)
	at org.junit.runners.model.FrameworkMethod$1.runReflectiveCall(FrameworkMethod.java:50)
	at org.junit.internal.runners.model.ReflectiveCallable.run(ReflectiveCallable.java:12)
	at org.junit.runners.model.FrameworkMethod.invokeExplosively(FrameworkMethod.java:47)
	at org.junit.internal.runners.statements.InvokeMethod.evaluate(InvokeMethod.java:17)
	at org.junit.internal.runners.statements.FailOnTimeout$CallableStatement.call(FailOnTimeout.java:298)
	at org.junit.internal.runners.statements.FailOnTimeout$CallableStatement.call(FailOnTimeout.java:292)
	at java.util.concurrent.FutureTask.run(FutureTask.java:266)
	at java.lang.Thread.run(Thread.java:748)
47) test228(com.google.javascript.rhino.head.ScriptRuntime_ESTest)
java.lang.ArrayIndexOutOfBoundsException: -2769
	at com.google.javascript.rhino.head.ScriptRuntime.toNumber(ScriptRuntime.java:421)
	at com.google.javascript.rhino.head.ScriptRuntime_ESTest.test228(ScriptRuntime_ESTest.java:2502)
	at sun.reflect.NativeMethodAccessorImpl.invoke0(Native Method)
	at sun.reflect.NativeMethodAccessorImpl.invoke(NativeMethodAccessorImpl.java:62)
	at sun.reflect.DelegatingMethodAccessorImpl.invoke(DelegatingMethodAccessorImpl.java:43)
	at java.lang.reflect.Method.invoke(Method.java:498)
	at org.junit.runners.model.FrameworkMethod$1.runReflectiveCall(FrameworkMethod.java:50)
	at org.junit.internal.runners.model.ReflectiveCallable.run(ReflectiveCallable.java:12)
	at org.junit.runners.model.FrameworkMethod.invokeExplosively(FrameworkMethod.java:47)
	at org.junit.internal.runners.statements.InvokeMethod.evaluate(InvokeMethod.java:17)
	at org.junit.internal.runners.statements.FailOnTimeout$CallableStatement.call(FailOnTimeout.java:298)
	at org.junit.internal.runners.statements.FailOnTimeout$CallableStatement.call(FailOnTimeout.java:292)
	at java.util.concurrent.FutureTask.run(FutureTask.java:266)
	at java.lang.Thread.run(Thread.java:748)
48) test229(com.google.javascript.rhino.head.ScriptRuntime_ESTest)
org.evosuite.runtime.mock.java.lang.MockRuntimeException: No Context associated with current Thread
	at com.google.javascript.rhino.head.Context.getContext(Context.java:2332)
	at com.google.javascript.rhino.head.ScriptRuntime_ESTest.test229(ScriptRuntime_ESTest.java:2515)
	at sun.reflect.NativeMethodAccessorImpl.invoke0(Native Method)
	at sun.reflect.NativeMethodAccessorImpl.invoke(NativeMethodAccessorImpl.java:62)
	at sun.reflect.DelegatingMethodAccessorImpl.invoke(DelegatingMethodAccessorImpl.java:43)
	at java.lang.reflect.Method.invoke(Method.java:498)
	at org.junit.runners.model.FrameworkMethod$1.runReflectiveCall(FrameworkMethod.java:50)
	at org.junit.internal.runners.model.ReflectiveCallable.run(ReflectiveCallable.java:12)
	at org.junit.runners.model.FrameworkMethod.invokeExplosively(FrameworkMethod.java:47)
	at org.junit.internal.runners.statements.InvokeMethod.evaluate(InvokeMethod.java:17)
	at org.junit.internal.runners.statements.FailOnTimeout$CallableStatement.call(FailOnTimeout.java:298)
	at org.junit.internal.runners.statements.FailOnTimeout$CallableStatement.call(FailOnTimeout.java:292)
	at java.util.concurrent.FutureTask.run(FutureTask.java:266)
	at java.lang.Thread.run(Thread.java:748)
49) test101(com.google.javascript.rhino.head.ScriptRuntime_ESTest)
org.evosuite.runtime.mock.java.lang.MockIllegalStateException
	at com.google.javascript.rhino.head.ScriptRuntime.getTopCallScope(ScriptRuntime.java:3115)
	at com.google.javascript.rhino.head.ScriptRuntime.applyOrCall(ScriptRuntime.java:2454)
	at com.google.javascript.rhino.head.ScriptRuntime_ESTest.test101(ScriptRuntime_ESTest.java:1149)
	at sun.reflect.NativeMethodAccessorImpl.invoke0(Native Method)
	at sun.reflect.NativeMethodAccessorImpl.invoke(NativeMethodAccessorImpl.java:62)
	at sun.reflect.DelegatingMethodAccessorImpl.invoke(DelegatingMethodAccessorImpl.java:43)
	at java.lang.reflect.Method.invoke(Method.java:498)
	at org.junit.runners.model.FrameworkMethod$1.runReflectiveCall(FrameworkMethod.java:50)
	at org.junit.internal.runners.model.ReflectiveCallable.run(ReflectiveCallable.java:12)
	at org.junit.runners.model.FrameworkMethod.invokeExplosively(FrameworkMethod.java:47)
	at org.junit.internal.runners.statements.InvokeMethod.evaluate(InvokeMethod.java:17)
	at org.junit.internal.runners.statements.FailOnTimeout$CallableStatement.call(FailOnTimeout.java:298)
	at org.junit.internal.runners.statements.FailOnTimeout$CallableStatement.call(FailOnTimeout.java:292)
	at java.util.concurrent.FutureTask.run(FutureTask.java:266)
	at java.lang.Thread.run(Thread.java:748)
50) test103(com.google.javascript.rhino.head.ScriptRuntime_ESTest)
java.lang.NullPointerException
	at com.google.javascript.rhino.head.ScriptRuntime_ESTest.test103(ScriptRuntime_ESTest.java:1180)
	at sun.reflect.NativeMethodAccessorImpl.invoke0(Native Method)
	at sun.reflect.NativeMethodAccessorImpl.invoke(NativeMethodAccessorImpl.java:62)
	at sun.reflect.DelegatingMethodAccessorImpl.invoke(DelegatingMethodAccessorImpl.java:43)
	at java.lang.reflect.Method.invoke(Method.java:498)
	at org.junit.runners.model.FrameworkMethod$1.runReflectiveCall(FrameworkMethod.java:50)
	at org.junit.internal.runners.model.ReflectiveCallable.run(ReflectiveCallable.java:12)
	at org.junit.runners.model.FrameworkMethod.invokeExplosively(FrameworkMethod.java:47)
	at org.junit.internal.runners.statements.InvokeMethod.evaluate(InvokeMethod.java:17)
	at org.junit.internal.runners.statements.FailOnTimeout$CallableStatement.call(FailOnTimeout.java:298)
	at org.junit.internal.runners.statements.FailOnTimeout$CallableStatement.call(FailOnTimeout.java:292)
	at java.util.concurrent.FutureTask.run(FutureTask.java:266)
	at java.lang.Thread.run(Thread.java:748)
51) test111(com.google.javascript.rhino.head.ScriptRuntime_ESTest)
org.evosuite.runtime.mock.java.lang.MockRuntimeException: No Context associated with current Thread
	at com.google.javascript.rhino.head.Context.getContext(Context.java:2332)
	at com.google.javascript.rhino.head.ScriptRuntime_ESTest.test111(ScriptRuntime_ESTest.java:1311)
	at sun.reflect.NativeMethodAccessorImpl.invoke0(Native Method)
	at sun.reflect.NativeMethodAccessorImpl.invoke(NativeMethodAccessorImpl.java:62)
	at sun.reflect.DelegatingMethodAccessorImpl.invoke(DelegatingMethodAccessorImpl.java:43)
	at java.lang.reflect.Method.invoke(Method.java:498)
	at org.junit.runners.model.FrameworkMethod$1.runReflectiveCall(FrameworkMethod.java:50)
	at org.junit.internal.runners.model.ReflectiveCallable.run(ReflectiveCallable.java:12)
	at org.junit.runners.model.FrameworkMethod.invokeExplosively(FrameworkMethod.java:47)
	at org.junit.internal.runners.statements.InvokeMethod.evaluate(InvokeMethod.java:17)
	at org.junit.internal.runners.statements.FailOnTimeout$CallableStatement.call(FailOnTimeout.java:298)
	at org.junit.internal.runners.statements.FailOnTimeout$CallableStatement.call(FailOnTimeout.java:292)
	at java.util.concurrent.FutureTask.run(FutureTask.java:266)
	at java.lang.Thread.run(Thread.java:748)
52) test035(com.google.javascript.rhino.head.ScriptRuntime_ESTest)
org.evosuite.runtime.mock.java.lang.MockRuntimeException: No Context associated with current Thread
	at com.google.javascript.rhino.head.Context.getContext(Context.java:2332)
	at com.google.javascript.rhino.head.ScriptRuntime_ESTest.test035(ScriptRuntime_ESTest.java:507)
	at sun.reflect.NativeMethodAccessorImpl.invoke0(Native Method)
	at sun.reflect.NativeMethodAccessorImpl.invoke(NativeMethodAccessorImpl.java:62)
	at sun.reflect.DelegatingMethodAccessorImpl.invoke(DelegatingMethodAccessorImpl.java:43)
	at java.lang.reflect.Method.invoke(Method.java:498)
	at org.junit.runners.model.FrameworkMethod$1.runReflectiveCall(FrameworkMethod.java:50)
	at org.junit.internal.runners.model.ReflectiveCallable.run(ReflectiveCallable.java:12)
	at org.junit.runners.model.FrameworkMethod.invokeExplosively(FrameworkMethod.java:47)
	at org.junit.internal.runners.statements.InvokeMethod.evaluate(InvokeMethod.java:17)
	at org.junit.internal.runners.statements.FailOnTimeout$CallableStatement.call(FailOnTimeout.java:298)
	at org.junit.internal.runners.statements.FailOnTimeout$CallableStatement.call(FailOnTimeout.java:292)
	at java.util.concurrent.FutureTask.run(FutureTask.java:266)
	at java.lang.Thread.run(Thread.java:748)
53) test036(com.google.javascript.rhino.head.ScriptRuntime_ESTest)
org.evosuite.runtime.mock.java.lang.MockRuntimeException: No Context associated with current Thread
	at com.google.javascript.rhino.head.Context.getContext(Context.java:2332)
	at com.google.javascript.rhino.head.ScriptRuntime_ESTest.test036(ScriptRuntime_ESTest.java:524)
	at sun.reflect.NativeMethodAccessorImpl.invoke0(Native Method)
	at sun.reflect.NativeMethodAccessorImpl.invoke(NativeMethodAccessorImpl.java:62)
	at sun.reflect.DelegatingMethodAccessorImpl.invoke(DelegatingMethodAccessorImpl.java:43)
	at java.lang.reflect.Method.invoke(Method.java:498)
	at org.junit.runners.model.FrameworkMethod$1.runReflectiveCall(FrameworkMethod.java:50)
	at org.junit.internal.runners.model.ReflectiveCallable.run(ReflectiveCallable.java:12)
	at org.junit.runners.model.FrameworkMethod.invokeExplosively(FrameworkMethod.java:47)
	at org.junit.internal.runners.statements.InvokeMethod.evaluate(InvokeMethod.java:17)
	at org.junit.internal.runners.statements.FailOnTimeout$CallableStatement.call(FailOnTimeout.java:298)
	at org.junit.internal.runners.statements.FailOnTimeout$CallableStatement.call(FailOnTimeout.java:292)
	at java.util.concurrent.FutureTask.run(FutureTask.java:266)
	at java.lang.Thread.run(Thread.java:748)
54) test163(com.google.javascript.rhino.head.ScriptRuntime_ESTest)
org.evosuite.runtime.mock.java.lang.MockIllegalStateException
	at com.google.javascript.rhino.head.ScriptRuntime.getTopCallScope(ScriptRuntime.java:3115)
	at com.google.javascript.rhino.head.ScriptRuntime.searchDefaultNamespace(ScriptRuntime.java:1266)
	at com.google.javascript.rhino.head.ScriptRuntime_ESTest.test163(ScriptRuntime_ESTest.java:1903)
	at sun.reflect.NativeMethodAccessorImpl.invoke0(Native Method)
	at sun.reflect.NativeMethodAccessorImpl.invoke(NativeMethodAccessorImpl.java:62)
	at sun.reflect.DelegatingMethodAccessorImpl.invoke(DelegatingMethodAccessorImpl.java:43)
	at java.lang.reflect.Method.invoke(Method.java:498)
	at org.junit.runners.model.FrameworkMethod$1.runReflectiveCall(FrameworkMethod.java:50)
	at org.junit.internal.runners.model.ReflectiveCallable.run(ReflectiveCallable.java:12)
	at org.junit.runners.model.FrameworkMethod.invokeExplosively(FrameworkMethod.java:47)
	at org.junit.internal.runners.statements.InvokeMethod.evaluate(InvokeMethod.java:17)
	at org.junit.internal.runners.statements.FailOnTimeout$CallableStatement.call(FailOnTimeout.java:298)
	at org.junit.internal.runners.statements.FailOnTimeout$CallableStatement.call(FailOnTimeout.java:292)
	at java.util.concurrent.FutureTask.run(FutureTask.java:266)
	at java.lang.Thread.run(Thread.java:748)
55) test043(com.google.javascript.rhino.head.ScriptRuntime_ESTest)
org.evosuite.runtime.mock.java.lang.MockRuntimeException: No Context associated with current Thread
	at com.google.javascript.rhino.head.Context.getContext(Context.java:2332)
	at com.google.javascript.rhino.head.ScriptRuntime_ESTest.test043(ScriptRuntime_ESTest.java:584)
	at sun.reflect.NativeMethodAccessorImpl.invoke0(Native Method)
	at sun.reflect.NativeMethodAccessorImpl.invoke(NativeMethodAccessorImpl.java:62)
	at sun.reflect.DelegatingMethodAccessorImpl.invoke(DelegatingMethodAccessorImpl.java:43)
	at java.lang.reflect.Method.invoke(Method.java:498)
	at org.junit.runners.model.FrameworkMethod$1.runReflectiveCall(FrameworkMethod.java:50)
	at org.junit.internal.runners.model.ReflectiveCallable.run(ReflectiveCallable.java:12)
	at org.junit.runners.model.FrameworkMethod.invokeExplosively(FrameworkMethod.java:47)
	at org.junit.internal.runners.statements.InvokeMethod.evaluate(InvokeMethod.java:17)
	at org.junit.internal.runners.statements.FailOnTimeout$CallableStatement.call(FailOnTimeout.java:298)
	at org.junit.internal.runners.statements.FailOnTimeout$CallableStatement.call(FailOnTimeout.java:292)
	at java.util.concurrent.FutureTask.run(FutureTask.java:266)
	at java.lang.Thread.run(Thread.java:748)
56) test287(com.google.javascript.rhino.head.ScriptRuntime_ESTest)
java.lang.ClassCastException: com.google.javascript.rhino.head.TopLevel cannot be cast to com.google.javascript.rhino.head.Function
	at com.google.javascript.rhino.head.Synchronizer.call(Synchronizer.java:93)
	at com.google.javascript.rhino.head.ScriptRuntime$NoSuchMethodShim.call(ScriptRuntime.java:127)
	at com.google.javascript.rhino.head.ContextFactory.doTopCall(ContextFactory.java:426)
	at com.google.javascript.rhino.head.ScriptRuntime.doTopCall(ScriptRuntime.java:3133)
	at com.google.javascript.rhino.head.ScriptRuntime_ESTest.test287(ScriptRuntime_ESTest.java:3164)
	at sun.reflect.NativeMethodAccessorImpl.invoke0(Native Method)
	at sun.reflect.NativeMethodAccessorImpl.invoke(NativeMethodAccessorImpl.java:62)
	at sun.reflect.DelegatingMethodAccessorImpl.invoke(DelegatingMethodAccessorImpl.java:43)
	at java.lang.reflect.Method.invoke(Method.java:498)
	at org.junit.runners.model.FrameworkMethod$1.runReflectiveCall(FrameworkMethod.java:50)
	at org.junit.internal.runners.model.ReflectiveCallable.run(ReflectiveCallable.java:12)
	at org.junit.runners.model.FrameworkMethod.invokeExplosively(FrameworkMethod.java:47)
	at org.junit.internal.runners.statements.InvokeMethod.evaluate(InvokeMethod.java:17)
	at org.junit.internal.runners.statements.FailOnTimeout$CallableStatement.call(FailOnTimeout.java:298)
	at org.junit.internal.runners.statements.FailOnTimeout$CallableStatement.call(FailOnTimeout.java:292)
	at java.util.concurrent.FutureTask.run(FutureTask.java:266)
	at java.lang.Thread.run(Thread.java:748)
57) test281(com.google.javascript.rhino.head.ScriptRuntime_ESTest)
java.lang.AssertionError: Exception was not thrown in com.google.javascript.rhino.head.DefaultErrorReporter but in com.google.javascript.rhino.head.ScriptRuntime.getTopCallScope(ScriptRuntime.java:3115): org.evosuite.runtime.mock.java.lang.MockThrowable
	at org.evosuite.runtime.EvoAssertions.assertThrownBy(EvoAssertions.java:112)
	at org.evosuite.runtime.EvoAssertions.verifyException(EvoAssertions.java:49)
	at com.google.javascript.rhino.head.ScriptRuntime_ESTest.test281(ScriptRuntime_ESTest.java:3068)
	at sun.reflect.NativeMethodAccessorImpl.invoke0(Native Method)
	at sun.reflect.NativeMethodAccessorImpl.invoke(NativeMethodAccessorImpl.java:62)
	at sun.reflect.DelegatingMethodAccessorImpl.invoke(DelegatingMethodAccessorImpl.java:43)
	at java.lang.reflect.Method.invoke(Method.java:498)
	at org.junit.runners.model.FrameworkMethod$1.runReflectiveCall(FrameworkMethod.java:50)
	at org.junit.internal.runners.model.ReflectiveCallable.run(ReflectiveCallable.java:12)
	at org.junit.runners.model.FrameworkMethod.invokeExplosively(FrameworkMethod.java:47)
	at org.junit.internal.runners.statements.InvokeMethod.evaluate(InvokeMethod.java:17)
	at org.junit.internal.runners.statements.FailOnTimeout$CallableStatement.call(FailOnTimeout.java:298)
	at org.junit.internal.runners.statements.FailOnTimeout$CallableStatement.call(FailOnTimeout.java:292)
	at java.util.concurrent.FutureTask.run(FutureTask.java:266)
	at java.lang.Thread.run(Thread.java:748)
58) test282(com.google.javascript.rhino.head.ScriptRuntime_ESTest)
com.google.javascript.rhino.head.EcmaError: TypeError: com.google.javascript.rhino.head.NativeObject@0000000002 is not a function, it is object.
	at com.google.javascript.rhino.head.ScriptRuntime.constructError(ScriptRuntime.java:3728)
	at com.google.javascript.rhino.head.ScriptRuntime.constructError(ScriptRuntime.java:3706)
	at com.google.javascript.rhino.head.ScriptRuntime.typeError(ScriptRuntime.java:3734)
	at com.google.javascript.rhino.head.ScriptRuntime.typeError2(ScriptRuntime.java:3753)
	at com.google.javascript.rhino.head.ScriptRuntime.notFunctionError(ScriptRuntime.java:3808)
	at com.google.javascript.rhino.head.ScriptRuntime.getCallable(ScriptRuntime.java:2494)
	at com.google.javascript.rhino.head.ScriptRuntime.applyOrCall(ScriptRuntime.java:2446)
	at com.google.javascript.rhino.head.ScriptRuntime_ESTest.test282(ScriptRuntime_ESTest.java:3079)
	at sun.reflect.NativeMethodAccessorImpl.invoke0(Native Method)
	at sun.reflect.NativeMethodAccessorImpl.invoke(NativeMethodAccessorImpl.java:62)
	at sun.reflect.DelegatingMethodAccessorImpl.invoke(DelegatingMethodAccessorImpl.java:43)
	at java.lang.reflect.Method.invoke(Method.java:498)
	at org.junit.runners.model.FrameworkMethod$1.runReflectiveCall(FrameworkMethod.java:50)
	at org.junit.internal.runners.model.ReflectiveCallable.run(ReflectiveCallable.java:12)
	at org.junit.runners.model.FrameworkMethod.invokeExplosively(FrameworkMethod.java:47)
	at org.junit.internal.runners.statements.InvokeMethod.evaluate(InvokeMethod.java:17)
	at org.junit.internal.runners.statements.FailOnTimeout$CallableStatement.call(FailOnTimeout.java:298)
	at org.junit.internal.runners.statements.FailOnTimeout$CallableStatement.call(FailOnTimeout.java:292)
	at java.util.concurrent.FutureTask.run(FutureTask.java:266)
	at java.lang.Thread.run(Thread.java:748)
59) test041(com.google.javascript.rhino.head.ScriptRuntime_ESTest)
java.lang.NullPointerException
	at com.google.javascript.rhino.head.ScriptRuntime.findFunctionActivation(ScriptRuntime.java:3251)
	at com.google.javascript.rhino.head.ScriptRuntime_ESTest.test041(ScriptRuntime_ESTest.java:569)
	at sun.reflect.NativeMethodAccessorImpl.invoke0(Native Method)
	at sun.reflect.NativeMethodAccessorImpl.invoke(NativeMethodAccessorImpl.java:62)
	at sun.reflect.DelegatingMethodAccessorImpl.invoke(DelegatingMethodAccessorImpl.java:43)
	at java.lang.reflect.Method.invoke(Method.java:498)
	at org.junit.runners.model.FrameworkMethod$1.runReflectiveCall(FrameworkMethod.java:50)
	at org.junit.internal.runners.model.ReflectiveCallable.run(ReflectiveCallable.java:12)
	at org.junit.runners.model.FrameworkMethod.invokeExplosively(FrameworkMethod.java:47)
	at org.junit.internal.runners.statements.InvokeMethod.evaluate(InvokeMethod.java:17)
	at org.junit.internal.runners.statements.FailOnTimeout$CallableStatement.call(FailOnTimeout.java:298)
	at org.junit.internal.runners.statements.FailOnTimeout$CallableStatement.call(FailOnTimeout.java:292)
	at java.util.concurrent.FutureTask.run(FutureTask.java:266)
	at java.lang.Thread.run(Thread.java:748)
60) test046(com.google.javascript.rhino.head.ScriptRuntime_ESTest)
java.lang.NullPointerException
	at com.google.javascript.rhino.head.ImporterTopLevel.initStandardObjects(ImporterTopLevel.java:106)
	at com.google.javascript.rhino.head.ImporterTopLevel.<init>(ImporterTopLevel.java:87)
	at com.google.javascript.rhino.head.ImporterTopLevel.<init>(ImporterTopLevel.java:82)
	at com.google.javascript.rhino.head.ScriptRuntime_ESTest.test046(ScriptRuntime_ESTest.java:619)
	at sun.reflect.NativeMethodAccessorImpl.invoke0(Native Method)
	at sun.reflect.NativeMethodAccessorImpl.invoke(NativeMethodAccessorImpl.java:62)
	at sun.reflect.DelegatingMethodAccessorImpl.invoke(DelegatingMethodAccessorImpl.java:43)
	at java.lang.reflect.Method.invoke(Method.java:498)
	at org.junit.runners.model.FrameworkMethod$1.runReflectiveCall(FrameworkMethod.java:50)
	at org.junit.internal.runners.model.ReflectiveCallable.run(ReflectiveCallable.java:12)
	at org.junit.runners.model.FrameworkMethod.invokeExplosively(FrameworkMethod.java:47)
	at org.junit.internal.runners.statements.InvokeMethod.evaluate(InvokeMethod.java:17)
	at org.junit.internal.runners.statements.FailOnTimeout$CallableStatement.call(FailOnTimeout.java:298)
	at org.junit.internal.runners.statements.FailOnTimeout$CallableStatement.call(FailOnTimeout.java:292)
	at java.util.concurrent.FutureTask.run(FutureTask.java:266)
	at java.lang.Thread.run(Thread.java:748)
61) test168(com.google.javascript.rhino.head.ScriptRuntime_ESTest)
org.evosuite.runtime.mock.java.lang.MockRuntimeException: No Context associated with current Thread
	at com.google.javascript.rhino.head.Context.getContext(Context.java:2332)
	at com.google.javascript.rhino.head.ScriptRuntime.getArrayElements(ScriptRuntime.java:3582)
	at com.google.javascript.rhino.head.ScriptRuntime_ESTest.test168(ScriptRuntime_ESTest.java:1935)
	at sun.reflect.NativeMethodAccessorImpl.invoke0(Native Method)
	at sun.reflect.NativeMethodAccessorImpl.invoke(NativeMethodAccessorImpl.java:62)
	at sun.reflect.DelegatingMethodAccessorImpl.invoke(DelegatingMethodAccessorImpl.java:43)
	at java.lang.reflect.Method.invoke(Method.java:498)
	at org.junit.runners.model.FrameworkMethod$1.runReflectiveCall(FrameworkMethod.java:50)
	at org.junit.internal.runners.model.ReflectiveCallable.run(ReflectiveCallable.java:12)
	at org.junit.runners.model.FrameworkMethod.invokeExplosively(FrameworkMethod.java:47)
	at org.junit.internal.runners.statements.InvokeMethod.evaluate(InvokeMethod.java:17)
	at org.junit.internal.runners.statements.FailOnTimeout$CallableStatement.call(FailOnTimeout.java:298)
	at org.junit.internal.runners.statements.FailOnTimeout$CallableStatement.call(FailOnTimeout.java:292)
	at java.util.concurrent.FutureTask.run(FutureTask.java:266)
	at java.lang.Thread.run(Thread.java:748)
62) test175(com.google.javascript.rhino.head.ScriptRuntime_ESTest)
java.lang.ArrayIndexOutOfBoundsException: -1
	at com.google.javascript.rhino.head.ScriptRuntime.toInteger(ScriptRuntime.java:1131)
	at com.google.javascript.rhino.head.ScriptRuntime_ESTest.test175(ScriptRuntime_ESTest.java:1982)
	at sun.reflect.NativeMethodAccessorImpl.invoke0(Native Method)
	at sun.reflect.NativeMethodAccessorImpl.invoke(NativeMethodAccessorImpl.java:62)
	at sun.reflect.DelegatingMethodAccessorImpl.invoke(DelegatingMethodAccessorImpl.java:43)
	at java.lang.reflect.Method.invoke(Method.java:498)
	at org.junit.runners.model.FrameworkMethod$1.runReflectiveCall(FrameworkMethod.java:50)
	at org.junit.internal.runners.model.ReflectiveCallable.run(ReflectiveCallable.java:12)
	at org.junit.runners.model.FrameworkMethod.invokeExplosively(FrameworkMethod.java:47)
	at org.junit.internal.runners.statements.InvokeMethod.evaluate(InvokeMethod.java:17)
	at org.junit.internal.runners.statements.FailOnTimeout$CallableStatement.call(FailOnTimeout.java:298)
	at org.junit.internal.runners.statements.FailOnTimeout$CallableStatement.call(FailOnTimeout.java:292)
	at java.util.concurrent.FutureTask.run(FutureTask.java:266)
	at java.lang.Thread.run(Thread.java:748)
63) test017(com.google.javascript.rhino.head.ScriptRuntime_ESTest)
java.lang.ArrayIndexOutOfBoundsException: 0
	at com.google.javascript.rhino.head.ScriptRuntime.newArrayLiteral(ScriptRuntime.java:3523)
	at com.google.javascript.rhino.head.ScriptRuntime_ESTest.test017(ScriptRuntime_ESTest.java:256)
	at sun.reflect.NativeMethodAccessorImpl.invoke0(Native Method)
	at sun.reflect.NativeMethodAccessorImpl.invoke(NativeMethodAccessorImpl.java:62)
	at sun.reflect.DelegatingMethodAccessorImpl.invoke(DelegatingMethodAccessorImpl.java:43)
	at java.lang.reflect.Method.invoke(Method.java:498)
	at org.junit.runners.model.FrameworkMethod$1.runReflectiveCall(FrameworkMethod.java:50)
	at org.junit.internal.runners.model.ReflectiveCallable.run(ReflectiveCallable.java:12)
	at org.junit.runners.model.FrameworkMethod.invokeExplosively(FrameworkMethod.java:47)
	at org.junit.internal.runners.statements.InvokeMethod.evaluate(InvokeMethod.java:17)
	at org.junit.internal.runners.statements.FailOnTimeout$CallableStatement.call(FailOnTimeout.java:298)
	at org.junit.internal.runners.statements.FailOnTimeout$CallableStatement.call(FailOnTimeout.java:292)
	at java.util.concurrent.FutureTask.run(FutureTask.java:266)
	at java.lang.Thread.run(Thread.java:748)
64) test015(com.google.javascript.rhino.head.ScriptRuntime_ESTest)
java.lang.ArrayIndexOutOfBoundsException: 0
	at com.google.javascript.rhino.head.ScriptRuntime.newObjectLiteral(ScriptRuntime.java:3553)
	at com.google.javascript.rhino.head.ScriptRuntime_ESTest.test015(ScriptRuntime_ESTest.java:218)
	at sun.reflect.NativeMethodAccessorImpl.invoke0(Native Method)
	at sun.reflect.NativeMethodAccessorImpl.invoke(NativeMethodAccessorImpl.java:62)
	at sun.reflect.DelegatingMethodAccessorImpl.invoke(DelegatingMethodAccessorImpl.java:43)
	at java.lang.reflect.Method.invoke(Method.java:498)
	at org.junit.runners.model.FrameworkMethod$1.runReflectiveCall(FrameworkMethod.java:50)
	at org.junit.internal.runners.model.ReflectiveCallable.run(ReflectiveCallable.java:12)
	at org.junit.runners.model.FrameworkMethod.invokeExplosively(FrameworkMethod.java:47)
	at org.junit.internal.runners.statements.InvokeMethod.evaluate(InvokeMethod.java:17)
	at org.junit.internal.runners.statements.FailOnTimeout$CallableStatement.call(FailOnTimeout.java:298)
	at org.junit.internal.runners.statements.FailOnTimeout$CallableStatement.call(FailOnTimeout.java:292)
	at java.util.concurrent.FutureTask.run(FutureTask.java:266)
	at java.lang.Thread.run(Thread.java:748)
65) test020(com.google.javascript.rhino.head.ScriptRuntime_ESTest)
org.evosuite.runtime.mock.java.lang.MockRuntimeException: No Context associated with current Thread
	at com.google.javascript.rhino.head.Context.getContext(Context.java:2332)
	at com.google.javascript.rhino.head.ScriptRuntime_ESTest.test020(ScriptRuntime_ESTest.java:307)
	at sun.reflect.NativeMethodAccessorImpl.invoke0(Native Method)
	at sun.reflect.NativeMethodAccessorImpl.invoke(NativeMethodAccessorImpl.java:62)
	at sun.reflect.DelegatingMethodAccessorImpl.invoke(DelegatingMethodAccessorImpl.java:43)
	at java.lang.reflect.Method.invoke(Method.java:498)
	at org.junit.runners.model.FrameworkMethod$1.runReflectiveCall(FrameworkMethod.java:50)
	at org.junit.internal.runners.model.ReflectiveCallable.run(ReflectiveCallable.java:12)
	at org.junit.runners.model.FrameworkMethod.invokeExplosively(FrameworkMethod.java:47)
	at org.junit.internal.runners.statements.InvokeMethod.evaluate(InvokeMethod.java:17)
	at org.junit.internal.runners.statements.FailOnTimeout$CallableStatement.call(FailOnTimeout.java:298)
	at org.junit.internal.runners.statements.FailOnTimeout$CallableStatement.call(FailOnTimeout.java:292)
	at java.util.concurrent.FutureTask.run(FutureTask.java:266)
	at java.lang.Thread.run(Thread.java:748)
66) test141(com.google.javascript.rhino.head.ScriptRuntime_ESTest)
org.evosuite.runtime.mock.java.lang.MockIllegalStateException
	at com.google.javascript.rhino.head.ScriptRuntime.getTopCallScope(ScriptRuntime.java:3115)
	at com.google.javascript.rhino.head.ScriptRuntime.toObjectOrNull(ScriptRuntime.java:989)
	at com.google.javascript.rhino.head.ScriptRuntime.getObjectIndex(ScriptRuntime.java:1567)
	at com.google.javascript.rhino.head.ScriptRuntime_ESTest.test141(ScriptRuntime_ESTest.java:1719)
	at sun.reflect.NativeMethodAccessorImpl.invoke0(Native Method)
	at sun.reflect.NativeMethodAccessorImpl.invoke(NativeMethodAccessorImpl.java:62)
	at sun.reflect.DelegatingMethodAccessorImpl.invoke(DelegatingMethodAccessorImpl.java:43)
	at java.lang.reflect.Method.invoke(Method.java:498)
	at org.junit.runners.model.FrameworkMethod$1.runReflectiveCall(FrameworkMethod.java:50)
	at org.junit.internal.runners.model.ReflectiveCallable.run(ReflectiveCallable.java:12)
	at org.junit.runners.model.FrameworkMethod.invokeExplosively(FrameworkMethod.java:47)
	at org.junit.internal.runners.statements.InvokeMethod.evaluate(InvokeMethod.java:17)
	at org.junit.internal.runners.statements.FailOnTimeout$CallableStatement.call(FailOnTimeout.java:298)
	at org.junit.internal.runners.statements.FailOnTimeout$CallableStatement.call(FailOnTimeout.java:292)
	at java.util.concurrent.FutureTask.run(FutureTask.java:266)
	at java.lang.Thread.run(Thread.java:748)
67) test022(com.google.javascript.rhino.head.ScriptRuntime_ESTest)
java.lang.NullPointerException
	at com.google.javascript.rhino.head.ScriptRuntime_ESTest.test022(ScriptRuntime_ESTest.java:342)
	at sun.reflect.NativeMethodAccessorImpl.invoke0(Native Method)
	at sun.reflect.NativeMethodAccessorImpl.invoke(NativeMethodAccessorImpl.java:62)
	at sun.reflect.DelegatingMethodAccessorImpl.invoke(DelegatingMethodAccessorImpl.java:43)
	at java.lang.reflect.Method.invoke(Method.java:498)
	at org.junit.runners.model.FrameworkMethod$1.runReflectiveCall(FrameworkMethod.java:50)
	at org.junit.internal.runners.model.ReflectiveCallable.run(ReflectiveCallable.java:12)
	at org.junit.runners.model.FrameworkMethod.invokeExplosively(FrameworkMethod.java:47)
	at org.junit.internal.runners.statements.InvokeMethod.evaluate(InvokeMethod.java:17)
	at org.junit.internal.runners.statements.FailOnTimeout$CallableStatement.call(FailOnTimeout.java:298)
	at org.junit.internal.runners.statements.FailOnTimeout$CallableStatement.call(FailOnTimeout.java:292)
	at java.util.concurrent.FutureTask.run(FutureTask.java:266)
	at java.lang.Thread.run(Thread.java:748)
68) test143(com.google.javascript.rhino.head.ScriptRuntime_ESTest)
org.evosuite.runtime.mock.java.lang.MockRuntimeException: No Context associated with current Thread
	at com.google.javascript.rhino.head.Context.getContext(Context.java:2332)
	at com.google.javascript.rhino.head.ScriptRuntime_ESTest.test143(ScriptRuntime_ESTest.java:1732)
	at sun.reflect.NativeMethodAccessorImpl.invoke0(Native Method)
	at sun.reflect.NativeMethodAccessorImpl.invoke(NativeMethodAccessorImpl.java:62)
	at sun.reflect.DelegatingMethodAccessorImpl.invoke(DelegatingMethodAccessorImpl.java:43)
	at java.lang.reflect.Method.invoke(Method.java:498)
	at org.junit.runners.model.FrameworkMethod$1.runReflectiveCall(FrameworkMethod.java:50)
	at org.junit.internal.runners.model.ReflectiveCallable.run(ReflectiveCallable.java:12)
	at org.junit.runners.model.FrameworkMethod.invokeExplosively(FrameworkMethod.java:47)
	at org.junit.internal.runners.statements.InvokeMethod.evaluate(InvokeMethod.java:17)
	at org.junit.internal.runners.statements.FailOnTimeout$CallableStatement.call(FailOnTimeout.java:298)
	at org.junit.internal.runners.statements.FailOnTimeout$CallableStatement.call(FailOnTimeout.java:292)
	at java.util.concurrent.FutureTask.run(FutureTask.java:266)
	at java.lang.Thread.run(Thread.java:748)
69) test261(com.google.javascript.rhino.head.ScriptRuntime_ESTest)
java.lang.AssertionError: Exception was not thrown in com.google.javascript.rhino.head.DefaultErrorReporter but in com.google.javascript.rhino.head.ScriptRuntime.currentXMLLib(ScriptRuntime.java:3869): java.lang.NullPointerException
	at org.evosuite.runtime.EvoAssertions.assertThrownBy(EvoAssertions.java:112)
	at org.evosuite.runtime.EvoAssertions.verifyException(EvoAssertions.java:49)
	at com.google.javascript.rhino.head.ScriptRuntime_ESTest.test261(ScriptRuntime_ESTest.java:2754)
	at sun.reflect.NativeMethodAccessorImpl.invoke0(Native Method)
	at sun.reflect.NativeMethodAccessorImpl.invoke(NativeMethodAccessorImpl.java:62)
	at sun.reflect.DelegatingMethodAccessorImpl.invoke(DelegatingMethodAccessorImpl.java:43)
	at java.lang.reflect.Method.invoke(Method.java:498)
	at org.junit.runners.model.FrameworkMethod$1.runReflectiveCall(FrameworkMethod.java:50)
	at org.junit.internal.runners.model.ReflectiveCallable.run(ReflectiveCallable.java:12)
	at org.junit.runners.model.FrameworkMethod.invokeExplosively(FrameworkMethod.java:47)
	at org.junit.internal.runners.statements.InvokeMethod.evaluate(InvokeMethod.java:17)
	at org.junit.internal.runners.statements.FailOnTimeout$CallableStatement.call(FailOnTimeout.java:298)
	at org.junit.internal.runners.statements.FailOnTimeout$CallableStatement.call(FailOnTimeout.java:292)
	at java.util.concurrent.FutureTask.run(FutureTask.java:266)
	at java.lang.Thread.run(Thread.java:748)
70) test029(com.google.javascript.rhino.head.ScriptRuntime_ESTest)
java.lang.NullPointerException
	at com.google.javascript.rhino.head.ScriptRuntime.addInstructionCount(ScriptRuntime.java:3175)
	at com.google.javascript.rhino.head.ScriptRuntime_ESTest.test029(ScriptRuntime_ESTest.java:450)
	at sun.reflect.NativeMethodAccessorImpl.invoke0(Native Method)
	at sun.reflect.NativeMethodAccessorImpl.invoke(NativeMethodAccessorImpl.java:62)
	at sun.reflect.DelegatingMethodAccessorImpl.invoke(DelegatingMethodAccessorImpl.java:43)
	at java.lang.reflect.Method.invoke(Method.java:498)
	at org.junit.runners.model.FrameworkMethod$1.runReflectiveCall(FrameworkMethod.java:50)
	at org.junit.internal.runners.model.ReflectiveCallable.run(ReflectiveCallable.java:12)
	at org.junit.runners.model.FrameworkMethod.invokeExplosively(FrameworkMethod.java:47)
	at org.junit.internal.runners.statements.InvokeMethod.evaluate(InvokeMethod.java:17)
	at org.junit.internal.runners.statements.FailOnTimeout$CallableStatement.call(FailOnTimeout.java:298)
	at org.junit.internal.runners.statements.FailOnTimeout$CallableStatement.call(FailOnTimeout.java:292)
	at java.util.concurrent.FutureTask.run(FutureTask.java:266)
	at java.lang.Thread.run(Thread.java:748)
71) test025(com.google.javascript.rhino.head.ScriptRuntime_ESTest)
org.evosuite.runtime.mock.java.lang.MockIllegalStateException
	at com.google.javascript.rhino.head.ScriptRuntime.enterActivationFunction(ScriptRuntime.java:3236)
	at com.google.javascript.rhino.head.ScriptRuntime_ESTest.test025(ScriptRuntime_ESTest.java:390)
	at sun.reflect.NativeMethodAccessorImpl.invoke0(Native Method)
	at sun.reflect.NativeMethodAccessorImpl.invoke(NativeMethodAccessorImpl.java:62)
	at sun.reflect.DelegatingMethodAccessorImpl.invoke(DelegatingMethodAccessorImpl.java:43)
	at java.lang.reflect.Method.invoke(Method.java:498)
	at org.junit.runners.model.FrameworkMethod$1.runReflectiveCall(FrameworkMethod.java:50)
	at org.junit.internal.runners.model.ReflectiveCallable.run(ReflectiveCallable.java:12)
	at org.junit.runners.model.FrameworkMethod.invokeExplosively(FrameworkMethod.java:47)
	at org.junit.internal.runners.statements.InvokeMethod.evaluate(InvokeMethod.java:17)
	at org.junit.internal.runners.statements.FailOnTimeout$CallableStatement.call(FailOnTimeout.java:298)
	at org.junit.internal.runners.statements.FailOnTimeout$CallableStatement.call(FailOnTimeout.java:292)
	at java.util.concurrent.FutureTask.run(FutureTask.java:266)
	at java.lang.Thread.run(Thread.java:748)
72) test147(com.google.javascript.rhino.head.ScriptRuntime_ESTest)
org.evosuite.runtime.mock.java.lang.MockRuntimeException: No Context associated with current Thread
	at com.google.javascript.rhino.head.Context.getContext(Context.java:2332)
	at com.google.javascript.rhino.head.ScriptRuntime_ESTest.test147(ScriptRuntime_ESTest.java:1784)
	at sun.reflect.NativeMethodAccessorImpl.invoke0(Native Method)
	at sun.reflect.NativeMethodAccessorImpl.invoke(NativeMethodAccessorImpl.java:62)
	at sun.reflect.DelegatingMethodAccessorImpl.invoke(DelegatingMethodAccessorImpl.java:43)
	at java.lang.reflect.Method.invoke(Method.java:498)
	at org.junit.runners.model.FrameworkMethod$1.runReflectiveCall(FrameworkMethod.java:50)
	at org.junit.internal.runners.model.ReflectiveCallable.run(ReflectiveCallable.java:12)
	at org.junit.runners.model.FrameworkMethod.invokeExplosively(FrameworkMethod.java:47)
	at org.junit.internal.runners.statements.InvokeMethod.evaluate(InvokeMethod.java:17)
	at org.junit.internal.runners.statements.FailOnTimeout$CallableStatement.call(FailOnTimeout.java:298)
	at org.junit.internal.runners.statements.FailOnTimeout$CallableStatement.call(FailOnTimeout.java:292)
	at java.util.concurrent.FutureTask.run(FutureTask.java:266)
	at java.lang.Thread.run(Thread.java:748)
73) test027(com.google.javascript.rhino.head.ScriptRuntime_ESTest)
org.evosuite.runtime.mock.java.lang.MockRuntimeException: No Context associated with current Thread
	at com.google.javascript.rhino.head.Context.getContext(Context.java:2332)
	at com.google.javascript.rhino.head.InterpretedFunction.<init>(InterpretedFunction.java:62)
	at com.google.javascript.rhino.head.InterpretedFunction.createScript(InterpretedFunction.java:92)
	at com.google.javascript.rhino.head.ScriptRuntime_ESTest.test027(ScriptRuntime_ESTest.java:425)
	at sun.reflect.NativeMethodAccessorImpl.invoke0(Native Method)
	at sun.reflect.NativeMethodAccessorImpl.invoke(NativeMethodAccessorImpl.java:62)
	at sun.reflect.DelegatingMethodAccessorImpl.invoke(DelegatingMethodAccessorImpl.java:43)
	at java.lang.reflect.Method.invoke(Method.java:498)
	at org.junit.runners.model.FrameworkMethod$1.runReflectiveCall(FrameworkMethod.java:50)
	at org.junit.internal.runners.model.ReflectiveCallable.run(ReflectiveCallable.java:12)
	at org.junit.runners.model.FrameworkMethod.invokeExplosively(FrameworkMethod.java:47)
	at org.junit.internal.runners.statements.InvokeMethod.evaluate(InvokeMethod.java:17)
	at org.junit.internal.runners.statements.FailOnTimeout$CallableStatement.call(FailOnTimeout.java:298)
	at org.junit.internal.runners.statements.FailOnTimeout$CallableStatement.call(FailOnTimeout.java:292)
	at java.util.concurrent.FutureTask.run(FutureTask.java:266)
	at java.lang.Thread.run(Thread.java:748)
74) test269(com.google.javascript.rhino.head.ScriptRuntime_ESTest)
java.lang.AssertionError: Exception was not thrown in com.google.javascript.rhino.head.DefaultErrorReporter but in com.google.javascript.rhino.head.ScriptRuntime.currentXMLLib(ScriptRuntime.java:3870): org.evosuite.runtime.mock.java.lang.MockThrowable
	at org.evosuite.runtime.EvoAssertions.assertThrownBy(EvoAssertions.java:112)
	at org.evosuite.runtime.EvoAssertions.verifyException(EvoAssertions.java:49)
	at com.google.javascript.rhino.head.ScriptRuntime_ESTest.test269(ScriptRuntime_ESTest.java:2895)
	at sun.reflect.NativeMethodAccessorImpl.invoke0(Native Method)
	at sun.reflect.NativeMethodAccessorImpl.invoke(NativeMethodAccessorImpl.java:62)
	at sun.reflect.DelegatingMethodAccessorImpl.invoke(DelegatingMethodAccessorImpl.java:43)
	at java.lang.reflect.Method.invoke(Method.java:498)
	at org.junit.runners.model.FrameworkMethod$1.runReflectiveCall(FrameworkMethod.java:50)
	at org.junit.internal.runners.model.ReflectiveCallable.run(ReflectiveCallable.java:12)
	at org.junit.runners.model.FrameworkMethod.invokeExplosively(FrameworkMethod.java:47)
	at org.junit.internal.runners.statements.InvokeMethod.evaluate(InvokeMethod.java:17)
	at org.junit.internal.runners.statements.FailOnTimeout$CallableStatement.call(FailOnTimeout.java:298)
	at org.junit.internal.runners.statements.FailOnTimeout$CallableStatement.call(FailOnTimeout.java:292)
	at java.util.concurrent.FutureTask.run(FutureTask.java:266)
	at java.lang.Thread.run(Thread.java:748)
75) test274(com.google.javascript.rhino.head.ScriptRuntime_ESTest)
java.lang.AssertionError: Exception was not thrown in com.google.javascript.rhino.head.DefaultErrorReporter but in com.google.javascript.rhino.head.ScriptRuntime.currentXMLLib(ScriptRuntime.java:3870): org.evosuite.runtime.mock.java.lang.MockThrowable
	at org.evosuite.runtime.EvoAssertions.assertThrownBy(EvoAssertions.java:112)
	at org.evosuite.runtime.EvoAssertions.verifyException(EvoAssertions.java:49)
	at com.google.javascript.rhino.head.ScriptRuntime_ESTest.test274(ScriptRuntime_ESTest.java:2974)
	at sun.reflect.NativeMethodAccessorImpl.invoke0(Native Method)
	at sun.reflect.NativeMethodAccessorImpl.invoke(NativeMethodAccessorImpl.java:62)
	at sun.reflect.DelegatingMethodAccessorImpl.invoke(DelegatingMethodAccessorImpl.java:43)
	at java.lang.reflect.Method.invoke(Method.java:498)
	at org.junit.runners.model.FrameworkMethod$1.runReflectiveCall(FrameworkMethod.java:50)
	at org.junit.internal.runners.model.ReflectiveCallable.run(ReflectiveCallable.java:12)
	at org.junit.runners.model.FrameworkMethod.invokeExplosively(FrameworkMethod.java:47)
	at org.junit.internal.runners.statements.InvokeMethod.evaluate(InvokeMethod.java:17)
	at org.junit.internal.runners.statements.FailOnTimeout$CallableStatement.call(FailOnTimeout.java:298)
	at org.junit.internal.runners.statements.FailOnTimeout$CallableStatement.call(FailOnTimeout.java:292)
	at java.util.concurrent.FutureTask.run(FutureTask.java:266)
	at java.lang.Thread.run(Thread.java:748)
76) test033(com.google.javascript.rhino.head.ScriptRuntime_ESTest)
com.google.javascript.rhino.head.EcmaError: TypeError: This operation is not allowed.
	at com.google.javascript.rhino.head.ScriptRuntime.constructError(ScriptRuntime.java:3728)
	at com.google.javascript.rhino.head.ScriptRuntime.constructError(ScriptRuntime.java:3706)
	at com.google.javascript.rhino.head.ScriptRuntime.typeError(ScriptRuntime.java:3734)
	at com.google.javascript.rhino.head.ScriptRuntime.typeError0(ScriptRuntime.java:3740)
	at com.google.javascript.rhino.head.ScriptRuntime$1.call(ScriptRuntime.java:88)
	at com.google.javascript.rhino.head.ContextFactory.doTopCall(ContextFactory.java:426)
	at com.google.javascript.rhino.head.ScriptRuntime.doTopCall(ScriptRuntime.java:3133)
	at com.google.javascript.rhino.head.ScriptRuntime_ESTest.test033(ScriptRuntime_ESTest.java:487)
	at sun.reflect.NativeMethodAccessorImpl.invoke0(Native Method)
	at sun.reflect.NativeMethodAccessorImpl.invoke(NativeMethodAccessorImpl.java:62)
	at sun.reflect.DelegatingMethodAccessorImpl.invoke(DelegatingMethodAccessorImpl.java:43)
	at java.lang.reflect.Method.invoke(Method.java:498)
	at org.junit.runners.model.FrameworkMethod$1.runReflectiveCall(FrameworkMethod.java:50)
	at org.junit.internal.runners.model.ReflectiveCallable.run(ReflectiveCallable.java:12)
	at org.junit.runners.model.FrameworkMethod.invokeExplosively(FrameworkMethod.java:47)
	at org.junit.internal.runners.statements.InvokeMethod.evaluate(InvokeMethod.java:17)
	at org.junit.internal.runners.statements.FailOnTimeout$CallableStatement.call(FailOnTimeout.java:298)
	at org.junit.internal.runners.statements.FailOnTimeout$CallableStatement.call(FailOnTimeout.java:292)
	at java.util.concurrent.FutureTask.run(FutureTask.java:266)
	at java.lang.Thread.run(Thread.java:748)
77) test034(com.google.javascript.rhino.head.ScriptRuntime_ESTest)
org.evosuite.runtime.mock.java.lang.MockRuntimeException: No Context associated with current Thread
	at com.google.javascript.rhino.head.Context.getContext(Context.java:2332)
	at com.google.javascript.rhino.head.Context.reportWarning(Context.java:853)
	at com.google.javascript.rhino.head.Context.reportWarning(Context.java:871)
	at com.google.javascript.rhino.head.ScriptRuntime.warnAboutNonJSObject(ScriptRuntime.java:3841)
	at com.google.javascript.rhino.head.ScriptRuntime.toNumber(ScriptRuntime.java:415)
	at com.google.javascript.rhino.head.ScriptRuntime.cmp_LE(ScriptRuntime.java:3076)
	at com.google.javascript.rhino.head.ScriptRuntime_ESTest.test034(ScriptRuntime_ESTest.java:501)
	at sun.reflect.NativeMethodAccessorImpl.invoke0(Native Method)
	at sun.reflect.NativeMethodAccessorImpl.invoke(NativeMethodAccessorImpl.java:62)
	at sun.reflect.DelegatingMethodAccessorImpl.invoke(DelegatingMethodAccessorImpl.java:43)
	at java.lang.reflect.Method.invoke(Method.java:498)
	at org.junit.runners.model.FrameworkMethod$1.runReflectiveCall(FrameworkMethod.java:50)
	at org.junit.internal.runners.model.ReflectiveCallable.run(ReflectiveCallable.java:12)
	at org.junit.runners.model.FrameworkMethod.invokeExplosively(FrameworkMethod.java:47)
	at org.junit.internal.runners.statements.InvokeMethod.evaluate(InvokeMethod.java:17)
	at org.junit.internal.runners.statements.FailOnTimeout$CallableStatement.call(FailOnTimeout.java:298)
	at org.junit.internal.runners.statements.FailOnTimeout$CallableStatement.call(FailOnTimeout.java:292)
	at java.util.concurrent.FutureTask.run(FutureTask.java:266)
	at java.lang.Thread.run(Thread.java:748)
78) test030(com.google.javascript.rhino.head.ScriptRuntime_ESTest)
org.evosuite.runtime.mock.java.lang.MockRuntimeException: No Context associated with current Thread
	at com.google.javascript.rhino.head.Context.getContext(Context.java:2332)
	at com.google.javascript.rhino.head.ScriptRuntime_ESTest.test030(ScriptRuntime_ESTest.java:456)
	at sun.reflect.NativeMethodAccessorImpl.invoke0(Native Method)
	at sun.reflect.NativeMethodAccessorImpl.invoke(NativeMethodAccessorImpl.java:62)
	at sun.reflect.DelegatingMethodAccessorImpl.invoke(DelegatingMethodAccessorImpl.java:43)
	at java.lang.reflect.Method.invoke(Method.java:498)
	at org.junit.runners.model.FrameworkMethod$1.runReflectiveCall(FrameworkMethod.java:50)
	at org.junit.internal.runners.model.ReflectiveCallable.run(ReflectiveCallable.java:12)
	at org.junit.runners.model.FrameworkMethod.invokeExplosively(FrameworkMethod.java:47)
	at org.junit.internal.runners.statements.InvokeMethod.evaluate(InvokeMethod.java:17)
	at org.junit.internal.runners.statements.FailOnTimeout$CallableStatement.call(FailOnTimeout.java:298)
	at org.junit.internal.runners.statements.FailOnTimeout$CallableStatement.call(FailOnTimeout.java:292)
	at java.util.concurrent.FutureTask.run(FutureTask.java:266)
	at java.lang.Thread.run(Thread.java:748)

FAILURES!!!
Tests run: 289,  Failures: 78

