JUnit version 4.12
.E..E.....E.E..........
Time: 26.917
There were 4 failures:
1) test02(com.google.javascript.rhino.head.IRFactory_ESTest)
org.evosuite.runtime.mock.java.lang.MockIllegalStateException: FAILED ASSERTION: unexpected token: FUNCTION
	at com.google.javascript.rhino.head.Kit.codeBug(Kit.java:465)
	at com.google.javascript.rhino.head.IRFactory.decompile(IRFactory.java:2337)
	at com.google.javascript.rhino.head.IRFactory_ESTest.test02(IRFactory_ESTest.java:72)
	at sun.reflect.NativeMethodAccessorImpl.invoke0(Native Method)
	at sun.reflect.NativeMethodAccessorImpl.invoke(NativeMethodAccessorImpl.java:62)
	at sun.reflect.DelegatingMethodAccessorImpl.invoke(DelegatingMethodAccessorImpl.java:43)
	at java.lang.reflect.Method.invoke(Method.java:497)
	at org.junit.runners.model.FrameworkMethod$1.runReflectiveCall(FrameworkMethod.java:50)
	at org.junit.internal.runners.model.ReflectiveCallable.run(ReflectiveCallable.java:12)
	at org.junit.runners.model.FrameworkMethod.invokeExplosively(FrameworkMethod.java:47)
	at org.junit.internal.runners.statements.InvokeMethod.evaluate(InvokeMethod.java:17)
	at org.junit.internal.runners.statements.FailOnTimeout$CallableStatement.call(FailOnTimeout.java:298)
	at org.junit.internal.runners.statements.FailOnTimeout$CallableStatement.call(FailOnTimeout.java:292)
	at java.util.concurrent.FutureTask.run(FutureTask.java:266)
	at java.lang.Thread.run(Thread.java:745)
2) test03(com.google.javascript.rhino.head.IRFactory_ESTest)
org.evosuite.runtime.mock.java.lang.MockIllegalStateException: FAILED ASSERTION: unexpected token: SCRIPT
	at com.google.javascript.rhino.head.Kit.codeBug(Kit.java:465)
	at com.google.javascript.rhino.head.IRFactory.decompile(IRFactory.java:2337)
	at com.google.javascript.rhino.head.IRFactory_ESTest.test03(IRFactory_ESTest.java:95)
	at sun.reflect.NativeMethodAccessorImpl.invoke0(Native Method)
	at sun.reflect.NativeMethodAccessorImpl.invoke(NativeMethodAccessorImpl.java:62)
	at sun.reflect.DelegatingMethodAccessorImpl.invoke(DelegatingMethodAccessorImpl.java:43)
	at java.lang.reflect.Method.invoke(Method.java:497)
	at org.junit.runners.model.FrameworkMethod$1.runReflectiveCall(FrameworkMethod.java:50)
	at org.junit.internal.runners.model.ReflectiveCallable.run(ReflectiveCallable.java:12)
	at org.junit.runners.model.FrameworkMethod.invokeExplosively(FrameworkMethod.java:47)
	at org.junit.internal.runners.statements.InvokeMethod.evaluate(InvokeMethod.java:17)
	at org.junit.internal.runners.statements.FailOnTimeout$CallableStatement.call(FailOnTimeout.java:298)
	at org.junit.internal.runners.statements.FailOnTimeout$CallableStatement.call(FailOnTimeout.java:292)
	at java.util.concurrent.FutureTask.run(FutureTask.java:266)
	at java.lang.Thread.run(Thread.java:745)
3) test16(com.google.javascript.rhino.head.IRFactory_ESTest)
java.lang.NullPointerException
	at com.google.javascript.rhino.head.IRFactory.decompileObjectLiteral(IRFactory.java:2359)
	at com.google.javascript.rhino.head.IRFactory.decompile(IRFactory.java:2314)
	at com.google.javascript.rhino.head.IRFactory.decompilePropertyGet(IRFactory.java:2380)
	at com.google.javascript.rhino.head.IRFactory_ESTest.test16(IRFactory_ESTest.java:269)
	at sun.reflect.NativeMethodAccessorImpl.invoke0(Native Method)
	at sun.reflect.NativeMethodAccessorImpl.invoke(NativeMethodAccessorImpl.java:62)
	at sun.reflect.DelegatingMethodAccessorImpl.invoke(DelegatingMethodAccessorImpl.java:43)
	at java.lang.reflect.Method.invoke(Method.java:497)
	at org.junit.runners.model.FrameworkMethod$1.runReflectiveCall(FrameworkMethod.java:50)
	at org.junit.internal.runners.model.ReflectiveCallable.run(ReflectiveCallable.java:12)
	at org.junit.runners.model.FrameworkMethod.invokeExplosively(FrameworkMethod.java:47)
	at org.junit.internal.runners.statements.InvokeMethod.evaluate(InvokeMethod.java:17)
	at org.junit.internal.runners.statements.FailOnTimeout$CallableStatement.call(FailOnTimeout.java:298)
	at org.junit.internal.runners.statements.FailOnTimeout$CallableStatement.call(FailOnTimeout.java:292)
	at java.util.concurrent.FutureTask.run(FutureTask.java:266)
	at java.lang.Thread.run(Thread.java:745)
4) test10(com.google.javascript.rhino.head.IRFactory_ESTest)
java.lang.NullPointerException
	at com.google.javascript.rhino.head.IRFactory.decompileArrayLiteral(IRFactory.java:2344)
	at com.google.javascript.rhino.head.IRFactory.decompile(IRFactory.java:2311)
	at com.google.javascript.rhino.head.IRFactory.decompilePropertyGet(IRFactory.java:2380)
	at com.google.javascript.rhino.head.IRFactory_ESTest.test10(IRFactory_ESTest.java:190)
	at sun.reflect.NativeMethodAccessorImpl.invoke0(Native Method)
	at sun.reflect.NativeMethodAccessorImpl.invoke(NativeMethodAccessorImpl.java:62)
	at sun.reflect.DelegatingMethodAccessorImpl.invoke(DelegatingMethodAccessorImpl.java:43)
	at java.lang.reflect.Method.invoke(Method.java:497)
	at org.junit.runners.model.FrameworkMethod$1.runReflectiveCall(FrameworkMethod.java:50)
	at org.junit.internal.runners.model.ReflectiveCallable.run(ReflectiveCallable.java:12)
	at org.junit.runners.model.FrameworkMethod.invokeExplosively(FrameworkMethod.java:47)
	at org.junit.internal.runners.statements.InvokeMethod.evaluate(InvokeMethod.java:17)
	at org.junit.internal.runners.statements.FailOnTimeout$CallableStatement.call(FailOnTimeout.java:298)
	at org.junit.internal.runners.statements.FailOnTimeout$CallableStatement.call(FailOnTimeout.java:292)
	at java.util.concurrent.FutureTask.run(FutureTask.java:266)
	at java.lang.Thread.run(Thread.java:745)

FAILURES!!!
Tests run: 19,  Failures: 4

