JUnit version 4.12
..E.II.II..E..EII...I.I....II.E.III.I.EI.I.EI....I.
Time: 25.53
There were 6 failures:
1) test41(com.google.javascript.rhino.head.NativeArray_ESTest)
com.google.javascript.rhino.head.EcmaError: TypeError: Cannot find default value for object.
	at com.google.javascript.rhino.head.ScriptRuntime.constructError(ScriptRuntime.java:3728)
	at com.google.javascript.rhino.head.ScriptRuntime.constructError(ScriptRuntime.java:3706)
	at com.google.javascript.rhino.head.ScriptRuntime.typeError(ScriptRuntime.java:3734)
	at com.google.javascript.rhino.head.ScriptRuntime.typeError1(ScriptRuntime.java:3746)
	at com.google.javascript.rhino.head.ScriptableObject.getDefaultValue(ScriptableObject.java:1014)
	at com.google.javascript.rhino.head.ScriptableObject.getDefaultValue(ScriptableObject.java:933)
	at com.google.javascript.rhino.head.NativeArray.getDefaultValue(NativeArray.java:551)
	at com.google.javascript.rhino.head.Delegator.getDefaultValue(Delegator.java:211)
	at com.google.javascript.rhino.head.ScriptRuntime.toString(ScriptRuntime.java:803)
	at com.google.javascript.rhino.head.ScriptRuntime.toStringIdOrIndex(ScriptRuntime.java:1448)
	at com.google.javascript.rhino.head.ScriptableObject.getSlot(ScriptableObject.java:3100)
	at com.google.javascript.rhino.head.ScriptableObject.defineOwnProperty(ScriptableObject.java:1815)
	at com.google.javascript.rhino.head.NativeArray.defineOwnProperty(NativeArray.java:605)
	at com.google.javascript.rhino.head.NativeArray_ESTest.test41(NativeArray_ESTest.java:514)
	at sun.reflect.NativeMethodAccessorImpl.invoke0(Native Method)
	at sun.reflect.NativeMethodAccessorImpl.invoke(NativeMethodAccessorImpl.java:62)
	at sun.reflect.DelegatingMethodAccessorImpl.invoke(DelegatingMethodAccessorImpl.java:43)
	at java.lang.reflect.Method.invoke(Method.java:497)
	at org.junit.runners.model.FrameworkMethod$1.runReflectiveCall(FrameworkMethod.java:50)
	at org.junit.internal.runners.model.ReflectiveCallable.run(ReflectiveCallable.java:12)
	at org.junit.runners.model.FrameworkMethod.invokeExplosively(FrameworkMethod.java:47)
	at org.junit.internal.runners.statements.InvokeMethod.evaluate(InvokeMethod.java:17)
	at org.junit.internal.runners.statements.FailOnTimeout$CallableStatement.call(FailOnTimeout.java:298)
	at org.junit.internal.runners.statements.FailOnTimeout$CallableStatement.call(FailOnTimeout.java:292)
	at java.util.concurrent.FutureTask.run(FutureTask.java:266)
	at java.lang.Thread.run(Thread.java:745)
2) test27(com.google.javascript.rhino.head.NativeArray_ESTest)
java.lang.IllegalArgumentException: -2786
	at com.google.javascript.rhino.head.ScriptableObject.checkValidAttributes(ScriptableObject.java:419)
	at com.google.javascript.rhino.head.IdScriptableObject.setAttributes(IdScriptableObject.java:463)
	at com.google.javascript.rhino.head.ScriptableObject.defineProperty(ScriptableObject.java:1559)
	at com.google.javascript.rhino.head.NativeArray_ESTest.test27(NativeArray_ESTest.java:350)
	at sun.reflect.NativeMethodAccessorImpl.invoke0(Native Method)
	at sun.reflect.NativeMethodAccessorImpl.invoke(NativeMethodAccessorImpl.java:62)
	at sun.reflect.DelegatingMethodAccessorImpl.invoke(DelegatingMethodAccessorImpl.java:43)
	at java.lang.reflect.Method.invoke(Method.java:497)
	at org.junit.runners.model.FrameworkMethod$1.runReflectiveCall(FrameworkMethod.java:50)
	at org.junit.internal.runners.model.ReflectiveCallable.run(ReflectiveCallable.java:12)
	at org.junit.runners.model.FrameworkMethod.invokeExplosively(FrameworkMethod.java:47)
	at org.junit.internal.runners.statements.InvokeMethod.evaluate(InvokeMethod.java:17)
	at org.junit.internal.runners.statements.FailOnTimeout$CallableStatement.call(FailOnTimeout.java:298)
	at org.junit.internal.runners.statements.FailOnTimeout$CallableStatement.call(FailOnTimeout.java:292)
	at java.util.concurrent.FutureTask.run(FutureTask.java:266)
	at java.lang.Thread.run(Thread.java:745)
3) test42(com.google.javascript.rhino.head.NativeArray_ESTest)
com.google.javascript.rhino.head.EcmaError: TypeError: Cannot find default value for object.
	at com.google.javascript.rhino.head.ScriptRuntime.constructError(ScriptRuntime.java:3728)
	at com.google.javascript.rhino.head.ScriptRuntime.constructError(ScriptRuntime.java:3706)
	at com.google.javascript.rhino.head.ScriptRuntime.typeError(ScriptRuntime.java:3734)
	at com.google.javascript.rhino.head.ScriptRuntime.typeError1(ScriptRuntime.java:3746)
	at com.google.javascript.rhino.head.ScriptableObject.getDefaultValue(ScriptableObject.java:1014)
	at com.google.javascript.rhino.head.ScriptableObject.getDefaultValue(ScriptableObject.java:933)
	at com.google.javascript.rhino.head.ScriptRuntime.toString(ScriptRuntime.java:803)
	at com.google.javascript.rhino.head.ScriptRuntime.toStringIdOrIndex(ScriptRuntime.java:1448)
	at com.google.javascript.rhino.head.ScriptableObject.getSlot(ScriptableObject.java:3100)
	at com.google.javascript.rhino.head.ScriptableObject.defineOwnProperty(ScriptableObject.java:1815)
	at com.google.javascript.rhino.head.NativeArray.defineOwnProperty(NativeArray.java:605)
	at com.google.javascript.rhino.head.NativeArray_ESTest.test42(NativeArray_ESTest.java:534)
	at sun.reflect.NativeMethodAccessorImpl.invoke0(Native Method)
	at sun.reflect.NativeMethodAccessorImpl.invoke(NativeMethodAccessorImpl.java:62)
	at sun.reflect.DelegatingMethodAccessorImpl.invoke(DelegatingMethodAccessorImpl.java:43)
	at java.lang.reflect.Method.invoke(Method.java:497)
	at org.junit.runners.model.FrameworkMethod$1.runReflectiveCall(FrameworkMethod.java:50)
	at org.junit.internal.runners.model.ReflectiveCallable.run(ReflectiveCallable.java:12)
	at org.junit.runners.model.FrameworkMethod.invokeExplosively(FrameworkMethod.java:47)
	at org.junit.internal.runners.statements.InvokeMethod.evaluate(InvokeMethod.java:17)
	at org.junit.internal.runners.statements.FailOnTimeout$CallableStatement.call(FailOnTimeout.java:298)
	at org.junit.internal.runners.statements.FailOnTimeout$CallableStatement.call(FailOnTimeout.java:292)
	at java.util.concurrent.FutureTask.run(FutureTask.java:266)
	at java.lang.Thread.run(Thread.java:745)
4) test13(com.google.javascript.rhino.head.NativeArray_ESTest)
com.google.javascript.rhino.head.EcmaError: TypeError: Cannot find default value for object.
	at com.google.javascript.rhino.head.ScriptRuntime.constructError(ScriptRuntime.java:3728)
	at com.google.javascript.rhino.head.ScriptRuntime.constructError(ScriptRuntime.java:3706)
	at com.google.javascript.rhino.head.ScriptRuntime.typeError(ScriptRuntime.java:3734)
	at com.google.javascript.rhino.head.ScriptRuntime.typeError1(ScriptRuntime.java:3746)
	at com.google.javascript.rhino.head.ScriptableObject.getDefaultValue(ScriptableObject.java:1014)
	at com.google.javascript.rhino.head.ScriptableObject.getDefaultValue(ScriptableObject.java:933)
	at com.google.javascript.rhino.head.ScriptRuntime.toString(ScriptRuntime.java:803)
	at com.google.javascript.rhino.head.ScriptRuntime.toStringIdOrIndex(ScriptRuntime.java:1448)
	at com.google.javascript.rhino.head.ScriptableObject.getSlot(ScriptableObject.java:3100)
	at com.google.javascript.rhino.head.ScriptableObject.getOwnPropertyDescriptor(ScriptableObject.java:3093)
	at com.google.javascript.rhino.head.IdScriptableObject.getOwnPropertyDescriptor(IdScriptableObject.java:778)
	at com.google.javascript.rhino.head.NativeArray.getOwnPropertyDescriptor(NativeArray.java:584)
	at com.google.javascript.rhino.head.NativeArray_ESTest.test13(NativeArray_ESTest.java:196)
	at sun.reflect.NativeMethodAccessorImpl.invoke0(Native Method)
	at sun.reflect.NativeMethodAccessorImpl.invoke(NativeMethodAccessorImpl.java:62)
	at sun.reflect.DelegatingMethodAccessorImpl.invoke(DelegatingMethodAccessorImpl.java:43)
	at java.lang.reflect.Method.invoke(Method.java:497)
	at org.junit.runners.model.FrameworkMethod$1.runReflectiveCall(FrameworkMethod.java:50)
	at org.junit.internal.runners.model.ReflectiveCallable.run(ReflectiveCallable.java:12)
	at org.junit.runners.model.FrameworkMethod.invokeExplosively(FrameworkMethod.java:47)
	at org.junit.internal.runners.statements.InvokeMethod.evaluate(InvokeMethod.java:17)
	at org.junit.internal.runners.statements.FailOnTimeout$CallableStatement.call(FailOnTimeout.java:298)
	at org.junit.internal.runners.statements.FailOnTimeout$CallableStatement.call(FailOnTimeout.java:292)
	at java.util.concurrent.FutureTask.run(FutureTask.java:266)
	at java.lang.Thread.run(Thread.java:745)
5) test38(com.google.javascript.rhino.head.NativeArray_ESTest)
java.lang.IllegalArgumentException: 24
	at com.google.javascript.rhino.head.NativeArray.initPrototypeId(NativeArray.java:241)
	at com.google.javascript.rhino.head.IdScriptableObject$PrototypeValues.ensureId(IdScriptableObject.java:303)
	at com.google.javascript.rhino.head.IdScriptableObject$PrototypeValues.getNames(IdScriptableObject.java:252)
	at com.google.javascript.rhino.head.IdScriptableObject.getIds(IdScriptableObject.java:489)
	at com.google.javascript.rhino.head.ScriptableObject.getIds(ScriptableObject.java:899)
	at com.google.javascript.rhino.head.NativeArray.getIds(NativeArray.java:493)
	at com.google.javascript.rhino.head.NativeArray.getIndexIds(NativeArray.java:532)
	at com.google.javascript.rhino.head.NativeArray_ESTest.test38(NativeArray_ESTest.java:478)
	at sun.reflect.NativeMethodAccessorImpl.invoke0(Native Method)
	at sun.reflect.NativeMethodAccessorImpl.invoke(NativeMethodAccessorImpl.java:62)
	at sun.reflect.DelegatingMethodAccessorImpl.invoke(DelegatingMethodAccessorImpl.java:43)
	at java.lang.reflect.Method.invoke(Method.java:497)
	at org.junit.runners.model.FrameworkMethod$1.runReflectiveCall(FrameworkMethod.java:50)
	at org.junit.internal.runners.model.ReflectiveCallable.run(ReflectiveCallable.java:12)
	at org.junit.runners.model.FrameworkMethod.invokeExplosively(FrameworkMethod.java:47)
	at org.junit.internal.runners.statements.InvokeMethod.evaluate(InvokeMethod.java:17)
	at org.junit.internal.runners.statements.FailOnTimeout$CallableStatement.call(FailOnTimeout.java:298)
	at org.junit.internal.runners.statements.FailOnTimeout$CallableStatement.call(FailOnTimeout.java:292)
	at java.util.concurrent.FutureTask.run(FutureTask.java:266)
	at java.lang.Thread.run(Thread.java:745)
6) test11(com.google.javascript.rhino.head.NativeArray_ESTest)
java.lang.IllegalArgumentException: BAD FUNCTION ID=12 MASTER=com.google.javascript.rhino.head.NativeArray@4809d198
	at com.google.javascript.rhino.head.IdFunctionObject.unknown(IdFunctionObject.java:186)
	at com.google.javascript.rhino.head.IdScriptableObject.execIdCall(IdScriptableObject.java:600)
	at com.google.javascript.rhino.head.NativeArray.execIdCall(NativeArray.java:251)
	at com.google.javascript.rhino.head.NativeArray_ESTest.test11(NativeArray_ESTest.java:168)
	at sun.reflect.NativeMethodAccessorImpl.invoke0(Native Method)
	at sun.reflect.NativeMethodAccessorImpl.invoke(NativeMethodAccessorImpl.java:62)
	at sun.reflect.DelegatingMethodAccessorImpl.invoke(DelegatingMethodAccessorImpl.java:43)
	at java.lang.reflect.Method.invoke(Method.java:497)
	at org.junit.runners.model.FrameworkMethod$1.runReflectiveCall(FrameworkMethod.java:50)
	at org.junit.internal.runners.model.ReflectiveCallable.run(ReflectiveCallable.java:12)
	at org.junit.runners.model.FrameworkMethod.invokeExplosively(FrameworkMethod.java:47)
	at org.junit.internal.runners.statements.InvokeMethod.evaluate(InvokeMethod.java:17)
	at org.junit.internal.runners.statements.FailOnTimeout$CallableStatement.call(FailOnTimeout.java:298)
	at org.junit.internal.runners.statements.FailOnTimeout$CallableStatement.call(FailOnTimeout.java:292)
	at java.util.concurrent.FutureTask.run(FutureTask.java:266)
	at java.lang.Thread.run(Thread.java:745)

FAILURES!!!
Tests run: 27,  Failures: 6

