JUnit version 4.12
.E.I...I.......E...E..E.EII.
Time: 2.516
There were 5 failures:
1) test07(org.joda.time.base.BasePeriod_ESTest)
org.evosuite.runtime.mock.java.lang.MockIllegalArgumentException: Period does not support field 'seconds'
	at org.joda.time.base.BasePeriod.setFieldInto(BasePeriod.java:489)
	at org.joda.time.base.BasePeriod.setField(BasePeriod.java:474)
	at org.joda.time.MutablePeriod.setSeconds(MutablePeriod.java:953)
	at org.joda.time.base.BasePeriod_ESTest.test07(BasePeriod_ESTest.java:125)
	at sun.reflect.NativeMethodAccessorImpl.invoke0(Native Method)
	at sun.reflect.NativeMethodAccessorImpl.invoke(NativeMethodAccessorImpl.java:62)
	at sun.reflect.DelegatingMethodAccessorImpl.invoke(DelegatingMethodAccessorImpl.java:43)
	at java.lang.reflect.Method.invoke(Method.java:498)
	at org.junit.runners.model.FrameworkMethod$1.runReflectiveCall(FrameworkMethod.java:50)
	at org.junit.internal.runners.model.ReflectiveCallable.run(ReflectiveCallable.java:12)
	at org.junit.runners.model.FrameworkMethod.invokeExplosively(FrameworkMethod.java:47)
	at org.junit.internal.runners.statements.InvokeMethod.evaluate(InvokeMethod.java:17)
	at org.junit.internal.runners.statements.FailOnTimeout$CallableStatement.call(FailOnTimeout.java:298)
	at org.junit.internal.runners.statements.FailOnTimeout$CallableStatement.call(FailOnTimeout.java:292)
	at java.util.concurrent.FutureTask.run(FutureTask.java:266)
	at java.lang.Thread.run(Thread.java:748)
2) test04(org.joda.time.base.BasePeriod_ESTest)
org.evosuite.runtime.mock.java.lang.MockIllegalArgumentException: Period does not support field 'null'
	at org.joda.time.base.BasePeriod.addFieldInto(BasePeriod.java:520)
	at org.joda.time.base.BasePeriod.addField(BasePeriod.java:505)
	at org.joda.time.MutablePeriod.add(MutablePeriod.java:625)
	at org.joda.time.base.BasePeriod_ESTest.test04(BasePeriod_ESTest.java:87)
	at sun.reflect.NativeMethodAccessorImpl.invoke0(Native Method)
	at sun.reflect.NativeMethodAccessorImpl.invoke(NativeMethodAccessorImpl.java:62)
	at sun.reflect.DelegatingMethodAccessorImpl.invoke(DelegatingMethodAccessorImpl.java:43)
	at java.lang.reflect.Method.invoke(Method.java:498)
	at org.junit.runners.model.FrameworkMethod$1.runReflectiveCall(FrameworkMethod.java:50)
	at org.junit.internal.runners.model.ReflectiveCallable.run(ReflectiveCallable.java:12)
	at org.junit.runners.model.FrameworkMethod.invokeExplosively(FrameworkMethod.java:47)
	at org.junit.internal.runners.statements.InvokeMethod.evaluate(InvokeMethod.java:17)
	at org.junit.internal.runners.statements.FailOnTimeout$CallableStatement.call(FailOnTimeout.java:298)
	at org.junit.internal.runners.statements.FailOnTimeout$CallableStatement.call(FailOnTimeout.java:292)
	at java.util.concurrent.FutureTask.run(FutureTask.java:266)
	at java.lang.Thread.run(Thread.java:748)
3) test21(org.joda.time.base.BasePeriod_ESTest)
org.evosuite.runtime.mock.java.lang.MockIllegalArgumentException: Period does not support field 'months'
	at org.joda.time.base.BasePeriod.checkAndUpdate(BasePeriod.java:393)
	at org.joda.time.base.BasePeriod.setPeriodInternal(BasePeriod.java:424)
	at org.joda.time.base.BasePeriod.setPeriod(BasePeriod.java:412)
	at org.joda.time.MutablePeriod.setPeriod(MutablePeriod.java:468)
	at org.joda.time.convert.ReadablePeriodConverter.setInto(ReadablePeriodConverter.java:58)
	at org.joda.time.base.BasePeriod.<init>(BasePeriod.java:279)
	at org.joda.time.MutablePeriod.<init>(MutablePeriod.java:426)
	at org.joda.time.base.BasePeriod.<init>(BasePeriod.java:281)
	at org.joda.time.Period.<init>(Period.java:638)
	at org.joda.time.Period.withPeriodType(Period.java:787)
	at org.joda.time.base.BasePeriod_ESTest.test21(BasePeriod_ESTest.java:257)
	at sun.reflect.NativeMethodAccessorImpl.invoke0(Native Method)
	at sun.reflect.NativeMethodAccessorImpl.invoke(NativeMethodAccessorImpl.java:62)
	at sun.reflect.DelegatingMethodAccessorImpl.invoke(DelegatingMethodAccessorImpl.java:43)
	at java.lang.reflect.Method.invoke(Method.java:498)
	at org.junit.runners.model.FrameworkMethod$1.runReflectiveCall(FrameworkMethod.java:50)
	at org.junit.internal.runners.model.ReflectiveCallable.run(ReflectiveCallable.java:12)
	at org.junit.runners.model.FrameworkMethod.invokeExplosively(FrameworkMethod.java:47)
	at org.junit.internal.runners.statements.InvokeMethod.evaluate(InvokeMethod.java:17)
	at org.junit.internal.runners.statements.FailOnTimeout$CallableStatement.call(FailOnTimeout.java:298)
	at org.junit.internal.runners.statements.FailOnTimeout$CallableStatement.call(FailOnTimeout.java:292)
	at java.util.concurrent.FutureTask.run(FutureTask.java:266)
	at java.lang.Thread.run(Thread.java:748)
4) test01(org.joda.time.base.BasePeriod_ESTest)
org.evosuite.runtime.mock.java.lang.MockIllegalArgumentException: Period does not support field 'years'
	at org.joda.time.base.BasePeriod.addFieldInto(BasePeriod.java:520)
	at org.joda.time.base.BasePeriod.addField(BasePeriod.java:505)
	at org.joda.time.MutablePeriod.addYears(MutablePeriod.java:832)
	at org.joda.time.base.BasePeriod_ESTest.test01(BasePeriod_ESTest.java:51)
	at sun.reflect.NativeMethodAccessorImpl.invoke0(Native Method)
	at sun.reflect.NativeMethodAccessorImpl.invoke(NativeMethodAccessorImpl.java:62)
	at sun.reflect.DelegatingMethodAccessorImpl.invoke(DelegatingMethodAccessorImpl.java:43)
	at java.lang.reflect.Method.invoke(Method.java:498)
	at org.junit.runners.model.FrameworkMethod$1.runReflectiveCall(FrameworkMethod.java:50)
	at org.junit.internal.runners.model.ReflectiveCallable.run(ReflectiveCallable.java:12)
	at org.junit.runners.model.FrameworkMethod.invokeExplosively(FrameworkMethod.java:47)
	at org.junit.internal.runners.statements.InvokeMethod.evaluate(InvokeMethod.java:17)
	at org.junit.internal.runners.statements.FailOnTimeout$CallableStatement.call(FailOnTimeout.java:298)
	at org.junit.internal.runners.statements.FailOnTimeout$CallableStatement.call(FailOnTimeout.java:292)
	at java.util.concurrent.FutureTask.run(FutureTask.java:266)
	at java.lang.Thread.run(Thread.java:748)
5) test12(org.joda.time.base.BasePeriod_ESTest)
org.evosuite.runtime.mock.java.lang.MockIllegalArgumentException: Period does not support field 'months'
	at org.joda.time.base.BasePeriod.addPeriodInto(BasePeriod.java:584)
	at org.joda.time.base.BasePeriod.addPeriod(BasePeriod.java:565)
	at org.joda.time.MutablePeriod.add(MutablePeriod.java:637)
	at org.joda.time.base.BasePeriod_ESTest.test12(BasePeriod_ESTest.java:177)
	at sun.reflect.NativeMethodAccessorImpl.invoke0(Native Method)
	at sun.reflect.NativeMethodAccessorImpl.invoke(NativeMethodAccessorImpl.java:62)
	at sun.reflect.DelegatingMethodAccessorImpl.invoke(DelegatingMethodAccessorImpl.java:43)
	at java.lang.reflect.Method.invoke(Method.java:498)
	at org.junit.runners.model.FrameworkMethod$1.runReflectiveCall(FrameworkMethod.java:50)
	at org.junit.internal.runners.model.ReflectiveCallable.run(ReflectiveCallable.java:12)
	at org.junit.runners.model.FrameworkMethod.invokeExplosively(FrameworkMethod.java:47)
	at org.junit.internal.runners.statements.InvokeMethod.evaluate(InvokeMethod.java:17)
	at org.junit.internal.runners.statements.FailOnTimeout$CallableStatement.call(FailOnTimeout.java:298)
	at org.junit.internal.runners.statements.FailOnTimeout$CallableStatement.call(FailOnTimeout.java:292)
	at java.util.concurrent.FutureTask.run(FutureTask.java:266)
	at java.lang.Thread.run(Thread.java:748)

FAILURES!!!
Tests run: 19,  Failures: 5

