JUnit version 4.12
..E...E..E.E.E.......E......E
Time: 1.392
There were 7 failures:
1) test10(org.apache.commons.math.ode.AdaptiveStepsizeIntegrator_ESTest)
org.apache.commons.math.ode.IntegratorException: dimensions mismatch: state vector has dimension 0, absolute tolerance vector has dimension 2
	at org.apache.commons.math.ode.AdaptiveStepsizeIntegrator.sanityChecks(AdaptiveStepsizeIntegrator.java:193)
	at org.apache.commons.math.ode.AdaptiveStepsizeIntegrator_ESTest.test10(AdaptiveStepsizeIntegrator_ESTest.java:178)
	at sun.reflect.NativeMethodAccessorImpl.invoke0(Native Method)
	at sun.reflect.NativeMethodAccessorImpl.invoke(NativeMethodAccessorImpl.java:62)
	at sun.reflect.DelegatingMethodAccessorImpl.invoke(DelegatingMethodAccessorImpl.java:43)
	at java.lang.reflect.Method.invoke(Method.java:498)
	at org.junit.runners.model.FrameworkMethod$1.runReflectiveCall(FrameworkMethod.java:50)
	at org.junit.internal.runners.model.ReflectiveCallable.run(ReflectiveCallable.java:12)
	at org.junit.runners.model.FrameworkMethod.invokeExplosively(FrameworkMethod.java:47)
	at org.junit.internal.runners.statements.InvokeMethod.evaluate(InvokeMethod.java:17)
	at org.junit.internal.runners.statements.FailOnTimeout$CallableStatement.call(FailOnTimeout.java:298)
	at org.junit.internal.runners.statements.FailOnTimeout$CallableStatement.call(FailOnTimeout.java:292)
	at java.util.concurrent.FutureTask.run(FutureTask.java:266)
	at java.lang.Thread.run(Thread.java:748)
2) test11(org.apache.commons.math.ode.AdaptiveStepsizeIntegrator_ESTest)
org.apache.commons.math.ode.IntegratorException: too small integration interval: length = 0
	at org.apache.commons.math.ode.AdaptiveStepsizeIntegrator.sanityChecks(AdaptiveStepsizeIntegrator.java:209)
	at org.apache.commons.math.ode.AdaptiveStepsizeIntegrator_ESTest.test11(AdaptiveStepsizeIntegrator_ESTest.java:197)
	at sun.reflect.NativeMethodAccessorImpl.invoke0(Native Method)
	at sun.reflect.NativeMethodAccessorImpl.invoke(NativeMethodAccessorImpl.java:62)
	at sun.reflect.DelegatingMethodAccessorImpl.invoke(DelegatingMethodAccessorImpl.java:43)
	at java.lang.reflect.Method.invoke(Method.java:498)
	at org.junit.runners.model.FrameworkMethod$1.runReflectiveCall(FrameworkMethod.java:50)
	at org.junit.internal.runners.model.ReflectiveCallable.run(ReflectiveCallable.java:12)
	at org.junit.runners.model.FrameworkMethod.invokeExplosively(FrameworkMethod.java:47)
	at org.junit.internal.runners.statements.InvokeMethod.evaluate(InvokeMethod.java:17)
	at org.junit.internal.runners.statements.FailOnTimeout$CallableStatement.call(FailOnTimeout.java:298)
	at org.junit.internal.runners.statements.FailOnTimeout$CallableStatement.call(FailOnTimeout.java:292)
	at java.util.concurrent.FutureTask.run(FutureTask.java:266)
	at java.lang.Thread.run(Thread.java:748)
3) test12(org.apache.commons.math.ode.AdaptiveStepsizeIntegrator_ESTest)
org.apache.commons.math.ode.IntegratorException: dimensions mismatch: ODE problem has dimension 4, final state vector has dimension 9
	at org.apache.commons.math.ode.AdaptiveStepsizeIntegrator.sanityChecks(AdaptiveStepsizeIntegrator.java:185)
	at org.apache.commons.math.ode.GraggBulirschStoerIntegrator.integrate(GraggBulirschStoerIntegrator.java:527)
	at org.apache.commons.math.ode.AdaptiveStepsizeIntegrator_ESTest.test12(AdaptiveStepsizeIntegrator_ESTest.java:217)
	at sun.reflect.NativeMethodAccessorImpl.invoke0(Native Method)
	at sun.reflect.NativeMethodAccessorImpl.invoke(NativeMethodAccessorImpl.java:62)
	at sun.reflect.DelegatingMethodAccessorImpl.invoke(DelegatingMethodAccessorImpl.java:43)
	at java.lang.reflect.Method.invoke(Method.java:498)
	at org.junit.runners.model.FrameworkMethod$1.runReflectiveCall(FrameworkMethod.java:50)
	at org.junit.internal.runners.model.ReflectiveCallable.run(ReflectiveCallable.java:12)
	at org.junit.runners.model.FrameworkMethod.invokeExplosively(FrameworkMethod.java:47)
	at org.junit.internal.runners.statements.InvokeMethod.evaluate(InvokeMethod.java:17)
	at org.junit.internal.runners.statements.FailOnTimeout$CallableStatement.call(FailOnTimeout.java:298)
	at org.junit.internal.runners.statements.FailOnTimeout$CallableStatement.call(FailOnTimeout.java:292)
	at java.util.concurrent.FutureTask.run(FutureTask.java:266)
	at java.lang.Thread.run(Thread.java:748)
4) test02(org.apache.commons.math.ode.AdaptiveStepsizeIntegrator_ESTest)
org.apache.commons.math.ode.IntegratorException: minimal step size (1) reached, integration needs 0.01
	at org.apache.commons.math.ode.AdaptiveStepsizeIntegrator.filterStep(AdaptiveStepsizeIntegrator.java:309)
	at org.apache.commons.math.ode.AdaptiveStepsizeIntegrator_ESTest.test02(AdaptiveStepsizeIntegrator_ESTest.java:50)
	at sun.reflect.NativeMethodAccessorImpl.invoke0(Native Method)
	at sun.reflect.NativeMethodAccessorImpl.invoke(NativeMethodAccessorImpl.java:62)
	at sun.reflect.DelegatingMethodAccessorImpl.invoke(DelegatingMethodAccessorImpl.java:43)
	at java.lang.reflect.Method.invoke(Method.java:498)
	at org.junit.runners.model.FrameworkMethod$1.runReflectiveCall(FrameworkMethod.java:50)
	at org.junit.internal.runners.model.ReflectiveCallable.run(ReflectiveCallable.java:12)
	at org.junit.runners.model.FrameworkMethod.invokeExplosively(FrameworkMethod.java:47)
	at org.junit.internal.runners.statements.InvokeMethod.evaluate(InvokeMethod.java:17)
	at org.junit.internal.runners.statements.FailOnTimeout$CallableStatement.call(FailOnTimeout.java:298)
	at org.junit.internal.runners.statements.FailOnTimeout$CallableStatement.call(FailOnTimeout.java:292)
	at java.util.concurrent.FutureTask.run(FutureTask.java:266)
	at java.lang.Thread.run(Thread.java:748)
5) test13(org.apache.commons.math.ode.AdaptiveStepsizeIntegrator_ESTest)
org.apache.commons.math.ode.IntegratorException: dimensions mismatch: ODE problem has dimension 0, initial state vector has dimension 9
	at org.apache.commons.math.ode.AdaptiveStepsizeIntegrator.sanityChecks(AdaptiveStepsizeIntegrator.java:177)
	at org.apache.commons.math.ode.GraggBulirschStoerIntegrator.integrate(GraggBulirschStoerIntegrator.java:527)
	at org.apache.commons.math.ode.AdaptiveStepsizeIntegrator_ESTest.test13(AdaptiveStepsizeIntegrator_ESTest.java:236)
	at sun.reflect.NativeMethodAccessorImpl.invoke0(Native Method)
	at sun.reflect.NativeMethodAccessorImpl.invoke(NativeMethodAccessorImpl.java:62)
	at sun.reflect.DelegatingMethodAccessorImpl.invoke(DelegatingMethodAccessorImpl.java:43)
	at java.lang.reflect.Method.invoke(Method.java:498)
	at org.junit.runners.model.FrameworkMethod$1.runReflectiveCall(FrameworkMethod.java:50)
	at org.junit.internal.runners.model.ReflectiveCallable.run(ReflectiveCallable.java:12)
	at org.junit.runners.model.FrameworkMethod.invokeExplosively(FrameworkMethod.java:47)
	at org.junit.internal.runners.statements.InvokeMethod.evaluate(InvokeMethod.java:17)
	at org.junit.internal.runners.statements.FailOnTimeout$CallableStatement.call(FailOnTimeout.java:298)
	at org.junit.internal.runners.statements.FailOnTimeout$CallableStatement.call(FailOnTimeout.java:292)
	at java.util.concurrent.FutureTask.run(FutureTask.java:266)
	at java.lang.Thread.run(Thread.java:748)
6) test06(org.apache.commons.math.ode.AdaptiveStepsizeIntegrator_ESTest)
java.lang.ArrayIndexOutOfBoundsException
	at java.lang.System.arraycopy(Native Method)
	at org.apache.commons.math.ode.FirstOrderConverter.computeDerivatives(FirstOrderConverter.java:99)
	at org.apache.commons.math.ode.AdaptiveStepsizeIntegrator.initializeStep(AdaptiveStepsizeIntegrator.java:262)
	at org.apache.commons.math.ode.AdaptiveStepsizeIntegrator_ESTest.test06(AdaptiveStepsizeIntegrator_ESTest.java:110)
	at sun.reflect.NativeMethodAccessorImpl.invoke0(Native Method)
	at sun.reflect.NativeMethodAccessorImpl.invoke(NativeMethodAccessorImpl.java:62)
	at sun.reflect.DelegatingMethodAccessorImpl.invoke(DelegatingMethodAccessorImpl.java:43)
	at java.lang.reflect.Method.invoke(Method.java:498)
	at org.junit.runners.model.FrameworkMethod$1.runReflectiveCall(FrameworkMethod.java:50)
	at org.junit.internal.runners.model.ReflectiveCallable.run(ReflectiveCallable.java:12)
	at org.junit.runners.model.FrameworkMethod.invokeExplosively(FrameworkMethod.java:47)
	at org.junit.internal.runners.statements.InvokeMethod.evaluate(InvokeMethod.java:17)
	at org.junit.internal.runners.statements.FailOnTimeout$CallableStatement.call(FailOnTimeout.java:298)
	at org.junit.internal.runners.statements.FailOnTimeout$CallableStatement.call(FailOnTimeout.java:292)
	at java.util.concurrent.FutureTask.run(FutureTask.java:266)
	at java.lang.Thread.run(Thread.java:748)
7) test09(org.apache.commons.math.ode.AdaptiveStepsizeIntegrator_ESTest)
org.apache.commons.math.ode.IntegratorException: dimensions mismatch: state vector has dimension 2, relative tolerance vector has dimension 8
	at org.apache.commons.math.ode.AdaptiveStepsizeIntegrator.sanityChecks(AdaptiveStepsizeIntegrator.java:201)
	at org.apache.commons.math.ode.AdaptiveStepsizeIntegrator_ESTest.test09(AdaptiveStepsizeIntegrator_ESTest.java:158)
	at sun.reflect.NativeMethodAccessorImpl.invoke0(Native Method)
	at sun.reflect.NativeMethodAccessorImpl.invoke(NativeMethodAccessorImpl.java:62)
	at sun.reflect.DelegatingMethodAccessorImpl.invoke(DelegatingMethodAccessorImpl.java:43)
	at java.lang.reflect.Method.invoke(Method.java:498)
	at org.junit.runners.model.FrameworkMethod$1.runReflectiveCall(FrameworkMethod.java:50)
	at org.junit.internal.runners.model.ReflectiveCallable.run(ReflectiveCallable.java:12)
	at org.junit.runners.model.FrameworkMethod.invokeExplosively(FrameworkMethod.java:47)
	at org.junit.internal.runners.statements.InvokeMethod.evaluate(InvokeMethod.java:17)
	at org.junit.internal.runners.statements.FailOnTimeout$CallableStatement.call(FailOnTimeout.java:298)
	at org.junit.internal.runners.statements.FailOnTimeout$CallableStatement.call(FailOnTimeout.java:292)
	at java.util.concurrent.FutureTask.run(FutureTask.java:266)
	at java.lang.Thread.run(Thread.java:748)

FAILURES!!!
Tests run: 22,  Failures: 7

