JUnit version 4.12
...E............E.E.E..E..E..E.
Time: 3.422
There were 7 failures:
1) test09(org.joda.time.format.DateTimeParserBucket_ESTest)
org.evosuite.runtime.mock.java.lang.MockIllegalArgumentException: Invalid format: "3x628sFfmw&" is malformed at "x628sFfmw&"
	at org.joda.time.format.DateTimeFormatter.parseDateTime(DateTimeFormatter.java:870)
	at org.joda.time.DateMidnight.parse(DateMidnight.java:145)
	at org.joda.time.DateMidnight.parse(DateMidnight.java:134)
	at org.joda.time.format.DateTimeParserBucket_ESTest.test09(DateTimeParserBucket_ESTest.java:164)
	at sun.reflect.NativeMethodAccessorImpl.invoke0(Native Method)
	at sun.reflect.NativeMethodAccessorImpl.invoke(NativeMethodAccessorImpl.java:62)
	at sun.reflect.DelegatingMethodAccessorImpl.invoke(DelegatingMethodAccessorImpl.java:43)
	at java.lang.reflect.Method.invoke(Method.java:498)
	at org.junit.runners.model.FrameworkMethod$1.runReflectiveCall(FrameworkMethod.java:50)
	at org.junit.internal.runners.model.ReflectiveCallable.run(ReflectiveCallable.java:12)
	at org.junit.runners.model.FrameworkMethod.invokeExplosively(FrameworkMethod.java:47)
	at org.junit.internal.runners.statements.InvokeMethod.evaluate(InvokeMethod.java:17)
	at org.junit.internal.runners.statements.FailOnTimeout$CallableStatement.call(FailOnTimeout.java:298)
	at org.junit.internal.runners.statements.FailOnTimeout$CallableStatement.call(FailOnTimeout.java:292)
	at java.util.concurrent.FutureTask.run(FutureTask.java:266)
	at java.lang.Thread.run(Thread.java:748)
2) test10(org.joda.time.format.DateTimeParserBucket_ESTest)
IllegalArgumentException: The resulting instant is below the supported minimum of 0001-01-01T00:00:00.000+00:19:32 (BuddhistChronology[Europe/Amsterdam])
	at org.joda.time.chrono.LimitChronology.checkLimits(LimitChronology.java:286)
	at org.joda.time.chrono.LimitChronology$LimitDateTimeField.set(LimitChronology.java:511)
	at org.joda.time.format.DateTimeParserBucket$SavedField.set(DateTimeParserBucket.java:483)
	at org.joda.time.format.DateTimeParserBucket.computeMillis(DateTimeParserBucket.java:365)
	at org.joda.time.format.DateTimeParserBucket.computeMillis(DateTimeParserBucket.java:330)
	at org.joda.time.format.DateTimeParserBucket_ESTest.test10(DateTimeParserBucket_ESTest.java:197)
	at sun.reflect.NativeMethodAccessorImpl.invoke0(Native Method)
	at sun.reflect.NativeMethodAccessorImpl.invoke(NativeMethodAccessorImpl.java:62)
	at sun.reflect.DelegatingMethodAccessorImpl.invoke(DelegatingMethodAccessorImpl.java:43)
	at java.lang.reflect.Method.invoke(Method.java:498)
	at org.junit.runners.model.FrameworkMethod$1.runReflectiveCall(FrameworkMethod.java:50)
	at org.junit.internal.runners.model.ReflectiveCallable.run(ReflectiveCallable.java:12)
	at org.junit.runners.model.FrameworkMethod.invokeExplosively(FrameworkMethod.java:47)
	at org.junit.internal.runners.statements.InvokeMethod.evaluate(InvokeMethod.java:17)
	at org.junit.internal.runners.statements.FailOnTimeout$CallableStatement.call(FailOnTimeout.java:298)
	at org.junit.internal.runners.statements.FailOnTimeout$CallableStatement.call(FailOnTimeout.java:292)
	at java.util.concurrent.FutureTask.run(FutureTask.java:266)
	at java.lang.Thread.run(Thread.java:748)
3) test21(org.joda.time.format.DateTimeParserBucket_ESTest)
org.evosuite.runtime.mock.java.lang.MockIllegalArgumentException: Invalid format: ""
	at org.joda.time.format.DateTimeFormatter.parseLocalDateTime(DateTimeFormatter.java:825)
	at org.joda.time.format.DateTimeParserBucket_ESTest.test21(DateTimeParserBucket_ESTest.java:310)
	at sun.reflect.NativeMethodAccessorImpl.invoke0(Native Method)
	at sun.reflect.NativeMethodAccessorImpl.invoke(NativeMethodAccessorImpl.java:62)
	at sun.reflect.DelegatingMethodAccessorImpl.invoke(DelegatingMethodAccessorImpl.java:43)
	at java.lang.reflect.Method.invoke(Method.java:498)
	at org.junit.runners.model.FrameworkMethod$1.runReflectiveCall(FrameworkMethod.java:50)
	at org.junit.internal.runners.model.ReflectiveCallable.run(ReflectiveCallable.java:12)
	at org.junit.runners.model.FrameworkMethod.invokeExplosively(FrameworkMethod.java:47)
	at org.junit.internal.runners.statements.InvokeMethod.evaluate(InvokeMethod.java:17)
	at org.junit.internal.runners.statements.FailOnTimeout$CallableStatement.call(FailOnTimeout.java:298)
	at org.junit.internal.runners.statements.FailOnTimeout$CallableStatement.call(FailOnTimeout.java:292)
	at java.util.concurrent.FutureTask.run(FutureTask.java:266)
	at java.lang.Thread.run(Thread.java:748)
4) test04(org.joda.time.format.DateTimeParserBucket_ESTest)
org.joda.time.IllegalFieldValueException: Cannot parse "org.joda.time.format.DateTimeParserBucket$SavedState": Value "org.joda.time.format.DateTimeParserBucket$SavedState" for clockhourOfHalfday is not supported
	at org.joda.time.field.BaseDateTimeField.convertText(BaseDateTimeField.java:670)
	at org.joda.time.field.BaseDateTimeField.set(BaseDateTimeField.java:618)
	at org.joda.time.chrono.LimitChronology$LimitDateTimeField.set(LimitChronology.java:517)
	at org.joda.time.format.DateTimeParserBucket$SavedField.set(DateTimeParserBucket.java:485)
	at org.joda.time.format.DateTimeParserBucket.computeMillis(DateTimeParserBucket.java:365)
	at org.joda.time.format.DateTimeParserBucket_ESTest.test04(DateTimeParserBucket_ESTest.java:98)
	at sun.reflect.NativeMethodAccessorImpl.invoke0(Native Method)
	at sun.reflect.NativeMethodAccessorImpl.invoke(NativeMethodAccessorImpl.java:62)
	at sun.reflect.DelegatingMethodAccessorImpl.invoke(DelegatingMethodAccessorImpl.java:43)
	at java.lang.reflect.Method.invoke(Method.java:498)
	at org.junit.runners.model.FrameworkMethod$1.runReflectiveCall(FrameworkMethod.java:50)
	at org.junit.internal.runners.model.ReflectiveCallable.run(ReflectiveCallable.java:12)
	at org.junit.runners.model.FrameworkMethod.invokeExplosively(FrameworkMethod.java:47)
	at org.junit.internal.runners.statements.InvokeMethod.evaluate(InvokeMethod.java:17)
	at org.junit.internal.runners.statements.FailOnTimeout$CallableStatement.call(FailOnTimeout.java:298)
	at org.junit.internal.runners.statements.FailOnTimeout$CallableStatement.call(FailOnTimeout.java:292)
	at java.util.concurrent.FutureTask.run(FutureTask.java:266)
	at java.lang.Thread.run(Thread.java:748)
5) test05(org.joda.time.format.DateTimeParserBucket_ESTest)
org.joda.time.IllegalFieldValueException: Value 153692453 for weekOfWeekyear must be in the range [1,50]
	at org.joda.time.field.FieldUtils.verifyValueBounds(FieldUtils.java:218)
	at org.joda.time.field.PreciseDurationDateTimeField.set(PreciseDurationDateTimeField.java:78)
	at org.joda.time.chrono.LimitChronology$LimitDateTimeField.set(LimitChronology.java:510)
	at org.joda.time.format.DateTimeParserBucket$SavedField.set(DateTimeParserBucket.java:483)
	at org.joda.time.format.DateTimeParserBucket.computeMillis(DateTimeParserBucket.java:365)
	at org.joda.time.format.DateTimeParserBucket.computeMillis(DateTimeParserBucket.java:358)
	at org.joda.time.format.DateTimeParserBucket.computeMillis(DateTimeParserBucket.java:318)
	at org.joda.time.format.DateTimeParserBucket_ESTest.test05(DateTimeParserBucket_ESTest.java:118)
	at sun.reflect.NativeMethodAccessorImpl.invoke0(Native Method)
	at sun.reflect.NativeMethodAccessorImpl.invoke(NativeMethodAccessorImpl.java:62)
	at sun.reflect.DelegatingMethodAccessorImpl.invoke(DelegatingMethodAccessorImpl.java:43)
	at java.lang.reflect.Method.invoke(Method.java:498)
	at org.junit.runners.model.FrameworkMethod$1.runReflectiveCall(FrameworkMethod.java:50)
	at org.junit.internal.runners.model.ReflectiveCallable.run(ReflectiveCallable.java:12)
	at org.junit.runners.model.FrameworkMethod.invokeExplosively(FrameworkMethod.java:47)
	at org.junit.internal.runners.statements.InvokeMethod.evaluate(InvokeMethod.java:17)
	at org.junit.internal.runners.statements.FailOnTimeout$CallableStatement.call(FailOnTimeout.java:298)
	at org.junit.internal.runners.statements.FailOnTimeout$CallableStatement.call(FailOnTimeout.java:292)
	at java.util.concurrent.FutureTask.run(FutureTask.java:266)
	at java.lang.Thread.run(Thread.java:748)
6) test02(org.joda.time.format.DateTimeParserBucket_ESTest)
org.evosuite.runtime.mock.java.lang.MockIllegalArgumentException: Cannot parse "": Illegal instant due to time zone offset transition (Europe/Amsterdam)
	at org.joda.time.format.DateTimeParserBucket.computeMillis(DateTimeParserBucket.java:390)
	at org.joda.time.format.DateTimeParserBucket_ESTest.test02(DateTimeParserBucket_ESTest.java:60)
	at sun.reflect.NativeMethodAccessorImpl.invoke0(Native Method)
	at sun.reflect.NativeMethodAccessorImpl.invoke(NativeMethodAccessorImpl.java:62)
	at sun.reflect.DelegatingMethodAccessorImpl.invoke(DelegatingMethodAccessorImpl.java:43)
	at java.lang.reflect.Method.invoke(Method.java:498)
	at org.junit.runners.model.FrameworkMethod$1.runReflectiveCall(FrameworkMethod.java:50)
	at org.junit.internal.runners.model.ReflectiveCallable.run(ReflectiveCallable.java:12)
	at org.junit.runners.model.FrameworkMethod.invokeExplosively(FrameworkMethod.java:47)
	at org.junit.internal.runners.statements.InvokeMethod.evaluate(InvokeMethod.java:17)
	at org.junit.internal.runners.statements.FailOnTimeout$CallableStatement.call(FailOnTimeout.java:298)
	at org.junit.internal.runners.statements.FailOnTimeout$CallableStatement.call(FailOnTimeout.java:292)
	at java.util.concurrent.FutureTask.run(FutureTask.java:266)
	at java.lang.Thread.run(Thread.java:748)
7) test03(org.joda.time.format.DateTimeParserBucket_ESTest)
org.evosuite.runtime.mock.java.lang.MockIllegalArgumentException: Illegal instant due to time zone offset transition (Europe/Amsterdam)
	at org.joda.time.format.DateTimeParserBucket.computeMillis(DateTimeParserBucket.java:390)
	at org.joda.time.format.DateTimeParserBucket.computeMillis(DateTimeParserBucket.java:318)
	at org.joda.time.format.DateTimeParserBucket_ESTest.test03(DateTimeParserBucket_ESTest.java:78)
	at sun.reflect.NativeMethodAccessorImpl.invoke0(Native Method)
	at sun.reflect.NativeMethodAccessorImpl.invoke(NativeMethodAccessorImpl.java:62)
	at sun.reflect.DelegatingMethodAccessorImpl.invoke(DelegatingMethodAccessorImpl.java:43)
	at java.lang.reflect.Method.invoke(Method.java:498)
	at org.junit.runners.model.FrameworkMethod$1.runReflectiveCall(FrameworkMethod.java:50)
	at org.junit.internal.runners.model.ReflectiveCallable.run(ReflectiveCallable.java:12)
	at org.junit.runners.model.FrameworkMethod.invokeExplosively(FrameworkMethod.java:47)
	at org.junit.internal.runners.statements.InvokeMethod.evaluate(InvokeMethod.java:17)
	at org.junit.internal.runners.statements.FailOnTimeout$CallableStatement.call(FailOnTimeout.java:298)
	at org.junit.internal.runners.statements.FailOnTimeout$CallableStatement.call(FailOnTimeout.java:292)
	at java.util.concurrent.FutureTask.run(FutureTask.java:266)
	at java.lang.Thread.run(Thread.java:748)

FAILURES!!!
Tests run: 24,  Failures: 7

