JUnit version 4.12
.E.EI.I.E..E..I....II.....EI..EI...E...EI..E.E.E.E.EI...I.II.E...I.II..E...E.E.E...EII..EI.I.I..E...I.II.I...I.II...E.III.E..E.I..E..I..E.E.I..E.E.II.E...E........I..EI.E.E
Time: 5.527
There were 34 failures:
1) test106(com.google.javascript.rhino.head.ScriptableObject_ESTest)
java.lang.IllegalArgumentException
	at com.google.javascript.rhino.head.ScriptableObject.defineProperty(ScriptableObject.java:1618)
	at com.google.javascript.rhino.head.ScriptableObject_ESTest.test106(ScriptableObject_ESTest.java:1563)
	at sun.reflect.NativeMethodAccessorImpl.invoke0(Native Method)
	at sun.reflect.NativeMethodAccessorImpl.invoke(NativeMethodAccessorImpl.java:62)
	at sun.reflect.DelegatingMethodAccessorImpl.invoke(DelegatingMethodAccessorImpl.java:43)
	at java.lang.reflect.Method.invoke(Method.java:498)
	at org.junit.runners.model.FrameworkMethod$1.runReflectiveCall(FrameworkMethod.java:50)
	at org.junit.internal.runners.model.ReflectiveCallable.run(ReflectiveCallable.java:12)
	at org.junit.runners.model.FrameworkMethod.invokeExplosively(FrameworkMethod.java:47)
	at org.junit.internal.runners.statements.InvokeMethod.evaluate(InvokeMethod.java:17)
	at org.junit.internal.runners.statements.FailOnTimeout$CallableStatement.call(FailOnTimeout.java:298)
	at org.junit.internal.runners.statements.FailOnTimeout$CallableStatement.call(FailOnTimeout.java:292)
	at java.util.concurrent.FutureTask.run(FutureTask.java:266)
	at java.lang.Thread.run(Thread.java:748)
2) test105(com.google.javascript.rhino.head.ScriptableObject_ESTest)
com.google.javascript.rhino.head.EcmaError: TypeError: Cannot find default value for object.
	at com.google.javascript.rhino.head.ScriptRuntime.constructError(ScriptRuntime.java:3728)
	at com.google.javascript.rhino.head.ScriptRuntime.constructError(ScriptRuntime.java:3706)
	at com.google.javascript.rhino.head.ScriptRuntime.typeError(ScriptRuntime.java:3734)
	at com.google.javascript.rhino.head.ScriptRuntime.typeError1(ScriptRuntime.java:3746)
	at com.google.javascript.rhino.head.ScriptableObject.getDefaultValue(ScriptableObject.java:1014)
	at com.google.javascript.rhino.head.ScriptableObject_ESTest.test105(ScriptableObject_ESTest.java:1543)
	at sun.reflect.NativeMethodAccessorImpl.invoke0(Native Method)
	at sun.reflect.NativeMethodAccessorImpl.invoke(NativeMethodAccessorImpl.java:62)
	at sun.reflect.DelegatingMethodAccessorImpl.invoke(DelegatingMethodAccessorImpl.java:43)
	at java.lang.reflect.Method.invoke(Method.java:498)
	at org.junit.runners.model.FrameworkMethod$1.runReflectiveCall(FrameworkMethod.java:50)
	at org.junit.internal.runners.model.ReflectiveCallable.run(ReflectiveCallable.java:12)
	at org.junit.runners.model.FrameworkMethod.invokeExplosively(FrameworkMethod.java:47)
	at org.junit.internal.runners.statements.InvokeMethod.evaluate(InvokeMethod.java:17)
	at org.junit.internal.runners.statements.FailOnTimeout$CallableStatement.call(FailOnTimeout.java:298)
	at org.junit.internal.runners.statements.FailOnTimeout$CallableStatement.call(FailOnTimeout.java:292)
	at java.util.concurrent.FutureTask.run(FutureTask.java:266)
	at java.lang.Thread.run(Thread.java:748)
3) test102(com.google.javascript.rhino.head.ScriptableObject_ESTest)
com.google.javascript.rhino.head.EcmaError: TypeError: Cannot find default value for object.
	at com.google.javascript.rhino.head.ScriptRuntime.constructError(ScriptRuntime.java:3728)
	at com.google.javascript.rhino.head.ScriptRuntime.constructError(ScriptRuntime.java:3706)
	at com.google.javascript.rhino.head.ScriptRuntime.typeError(ScriptRuntime.java:3734)
	at com.google.javascript.rhino.head.ScriptRuntime.typeError1(ScriptRuntime.java:3746)
	at com.google.javascript.rhino.head.ScriptableObject.getDefaultValue(ScriptableObject.java:1014)
	at com.google.javascript.rhino.head.ScriptableObject.getDefaultValue(ScriptableObject.java:933)
	at com.google.javascript.rhino.head.ScriptRuntime.toString(ScriptRuntime.java:803)
	at com.google.javascript.rhino.head.ScriptRuntime.toStringIdOrIndex(ScriptRuntime.java:1448)
	at com.google.javascript.rhino.head.ScriptableObject.getSlot(ScriptableObject.java:3100)
	at com.google.javascript.rhino.head.ScriptableObject.defineOwnProperty(ScriptableObject.java:1815)
	at com.google.javascript.rhino.head.ScriptableObject.defineOwnProperty(ScriptableObject.java:1799)
	at com.google.javascript.rhino.head.IdScriptableObject.defineOwnProperty(IdScriptableObject.java:772)
	at com.google.javascript.rhino.head.ScriptableObject_ESTest.test102(ScriptableObject_ESTest.java:1501)
	at sun.reflect.NativeMethodAccessorImpl.invoke0(Native Method)
	at sun.reflect.NativeMethodAccessorImpl.invoke(NativeMethodAccessorImpl.java:62)
	at sun.reflect.DelegatingMethodAccessorImpl.invoke(DelegatingMethodAccessorImpl.java:43)
	at java.lang.reflect.Method.invoke(Method.java:498)
	at org.junit.runners.model.FrameworkMethod$1.runReflectiveCall(FrameworkMethod.java:50)
	at org.junit.internal.runners.model.ReflectiveCallable.run(ReflectiveCallable.java:12)
	at org.junit.runners.model.FrameworkMethod.invokeExplosively(FrameworkMethod.java:47)
	at org.junit.internal.runners.statements.InvokeMethod.evaluate(InvokeMethod.java:17)
	at org.junit.internal.runners.statements.FailOnTimeout$CallableStatement.call(FailOnTimeout.java:298)
	at org.junit.internal.runners.statements.FailOnTimeout$CallableStatement.call(FailOnTimeout.java:292)
	at java.util.concurrent.FutureTask.run(FutureTask.java:266)
	at java.lang.Thread.run(Thread.java:748)
4) test101(com.google.javascript.rhino.head.ScriptableObject_ESTest)
java.lang.NumberFormatException: For input string: "msg.obj.getter.parms"
	at java.lang.NumberFormatException.forInputString(NumberFormatException.java:65)
	at java.lang.Long.parseLong(Long.java:589)
	at java.lang.Long.valueOf(Long.java:776)
	at java.lang.Long.decode(Long.java:928)
	at com.google.javascript.rhino.head.ScriptableObject_ESTest.test101(ScriptableObject_ESTest.java:1483)
	at sun.reflect.NativeMethodAccessorImpl.invoke0(Native Method)
	at sun.reflect.NativeMethodAccessorImpl.invoke(NativeMethodAccessorImpl.java:62)
	at sun.reflect.DelegatingMethodAccessorImpl.invoke(DelegatingMethodAccessorImpl.java:43)
	at java.lang.reflect.Method.invoke(Method.java:498)
	at org.junit.runners.model.FrameworkMethod$1.runReflectiveCall(FrameworkMethod.java:50)
	at org.junit.internal.runners.model.ReflectiveCallable.run(ReflectiveCallable.java:12)
	at org.junit.runners.model.FrameworkMethod.invokeExplosively(FrameworkMethod.java:47)
	at org.junit.internal.runners.statements.InvokeMethod.evaluate(InvokeMethod.java:17)
	at org.junit.internal.runners.statements.FailOnTimeout$CallableStatement.call(FailOnTimeout.java:298)
	at org.junit.internal.runners.statements.FailOnTimeout$CallableStatement.call(FailOnTimeout.java:292)
	at java.util.concurrent.FutureTask.run(FutureTask.java:266)
	at java.lang.Thread.run(Thread.java:748)
5) test073(com.google.javascript.rhino.head.ScriptableObject_ESTest)
com.google.javascript.rhino.head.EvaluatorException: Invalid JavaScript value of type com.google.javascript.rhino.head.Context
	at com.google.javascript.rhino.head.DefaultErrorReporter.runtimeError(DefaultErrorReporter.java:108)
	at com.google.javascript.rhino.head.Context.reportRuntimeError(Context.java:943)
	at com.google.javascript.rhino.head.Context.reportRuntimeError(Context.java:999)
	at com.google.javascript.rhino.head.Context.reportRuntimeError1(Context.java:962)
	at com.google.javascript.rhino.head.ScriptRuntime.errorWithClassName(ScriptRuntime.java:4000)
	at com.google.javascript.rhino.head.ScriptRuntime.typeof(ScriptRuntime.java:2572)
	at com.google.javascript.rhino.head.ScriptableObject.ensureScriptableObject(ScriptableObject.java:2028)
	at com.google.javascript.rhino.head.ScriptableObject.defineOwnProperties(ScriptableObject.java:1781)
	at com.google.javascript.rhino.head.ScriptableObject_ESTest.test073(ScriptableObject_ESTest.java:1097)
	at sun.reflect.NativeMethodAccessorImpl.invoke0(Native Method)
	at sun.reflect.NativeMethodAccessorImpl.invoke(NativeMethodAccessorImpl.java:62)
	at sun.reflect.DelegatingMethodAccessorImpl.invoke(DelegatingMethodAccessorImpl.java:43)
	at java.lang.reflect.Method.invoke(Method.java:498)
	at org.junit.runners.model.FrameworkMethod$1.runReflectiveCall(FrameworkMethod.java:50)
	at org.junit.internal.runners.model.ReflectiveCallable.run(ReflectiveCallable.java:12)
	at org.junit.runners.model.FrameworkMethod.invokeExplosively(FrameworkMethod.java:47)
	at org.junit.internal.runners.statements.InvokeMethod.evaluate(InvokeMethod.java:17)
	at org.junit.internal.runners.statements.FailOnTimeout$CallableStatement.call(FailOnTimeout.java:298)
	at org.junit.internal.runners.statements.FailOnTimeout$CallableStatement.call(FailOnTimeout.java:292)
	at java.util.concurrent.FutureTask.run(FutureTask.java:266)
	at java.lang.Thread.run(Thread.java:748)
6) test059(com.google.javascript.rhino.head.ScriptableObject_ESTest)
java.lang.IllegalArgumentException
	at com.google.javascript.rhino.head.ScriptableObject.associateValue(ScriptableObject.java:2633)
	at com.google.javascript.rhino.head.ScriptableObject_ESTest.test059(ScriptableObject_ESTest.java:903)
	at sun.reflect.NativeMethodAccessorImpl.invoke0(Native Method)
	at sun.reflect.NativeMethodAccessorImpl.invoke(NativeMethodAccessorImpl.java:62)
	at sun.reflect.DelegatingMethodAccessorImpl.invoke(DelegatingMethodAccessorImpl.java:43)
	at java.lang.reflect.Method.invoke(Method.java:498)
	at org.junit.runners.model.FrameworkMethod$1.runReflectiveCall(FrameworkMethod.java:50)
	at org.junit.internal.runners.model.ReflectiveCallable.run(ReflectiveCallable.java:12)
	at org.junit.runners.model.FrameworkMethod.invokeExplosively(FrameworkMethod.java:47)
	at org.junit.internal.runners.statements.InvokeMethod.evaluate(InvokeMethod.java:17)
	at org.junit.internal.runners.statements.FailOnTimeout$CallableStatement.call(FailOnTimeout.java:298)
	at org.junit.internal.runners.statements.FailOnTimeout$CallableStatement.call(FailOnTimeout.java:292)
	at java.util.concurrent.FutureTask.run(FutureTask.java:266)
	at java.lang.Thread.run(Thread.java:748)
7) test100(com.google.javascript.rhino.head.ScriptableObject_ESTest)
com.google.javascript.rhino.head.EcmaError: TypeError: Cannot find default value for object.
	at com.google.javascript.rhino.head.ScriptRuntime.constructError(ScriptRuntime.java:3728)
	at com.google.javascript.rhino.head.ScriptRuntime.constructError(ScriptRuntime.java:3706)
	at com.google.javascript.rhino.head.ScriptRuntime.typeError(ScriptRuntime.java:3734)
	at com.google.javascript.rhino.head.ScriptRuntime.typeError1(ScriptRuntime.java:3746)
	at com.google.javascript.rhino.head.ScriptableObject.getDefaultValue(ScriptableObject.java:1014)
	at com.google.javascript.rhino.head.ScriptableObject.getDefaultValue(ScriptableObject.java:933)
	at com.google.javascript.rhino.head.ScriptableObject_ESTest.test100(ScriptableObject_ESTest.java:1465)
	at sun.reflect.NativeMethodAccessorImpl.invoke0(Native Method)
	at sun.reflect.NativeMethodAccessorImpl.invoke(NativeMethodAccessorImpl.java:62)
	at sun.reflect.DelegatingMethodAccessorImpl.invoke(DelegatingMethodAccessorImpl.java:43)
	at java.lang.reflect.Method.invoke(Method.java:498)
	at org.junit.runners.model.FrameworkMethod$1.runReflectiveCall(FrameworkMethod.java:50)
	at org.junit.internal.runners.model.ReflectiveCallable.run(ReflectiveCallable.java:12)
	at org.junit.runners.model.FrameworkMethod.invokeExplosively(FrameworkMethod.java:47)
	at org.junit.internal.runners.statements.InvokeMethod.evaluate(InvokeMethod.java:17)
	at org.junit.internal.runners.statements.FailOnTimeout$CallableStatement.call(FailOnTimeout.java:298)
	at org.junit.internal.runners.statements.FailOnTimeout$CallableStatement.call(FailOnTimeout.java:292)
	at java.util.concurrent.FutureTask.run(FutureTask.java:266)
	at java.lang.Thread.run(Thread.java:748)
8) test060(com.google.javascript.rhino.head.ScriptableObject_ESTest)
org.evosuite.runtime.mock.java.lang.MockIllegalArgumentException
	at com.google.javascript.rhino.head.IdScriptableObject$PrototypeValues.<init>(IdScriptableObject.java:88)
	at com.google.javascript.rhino.head.IdScriptableObject.activatePrototypeMap(IdScriptableObject.java:633)
	at com.google.javascript.rhino.head.ScriptableObject_ESTest.test060(ScriptableObject_ESTest.java:922)
	at sun.reflect.NativeMethodAccessorImpl.invoke0(Native Method)
	at sun.reflect.NativeMethodAccessorImpl.invoke(NativeMethodAccessorImpl.java:62)
	at sun.reflect.DelegatingMethodAccessorImpl.invoke(DelegatingMethodAccessorImpl.java:43)
	at java.lang.reflect.Method.invoke(Method.java:498)
	at org.junit.runners.model.FrameworkMethod$1.runReflectiveCall(FrameworkMethod.java:50)
	at org.junit.internal.runners.model.ReflectiveCallable.run(ReflectiveCallable.java:12)
	at org.junit.runners.model.FrameworkMethod.invokeExplosively(FrameworkMethod.java:47)
	at org.junit.internal.runners.statements.InvokeMethod.evaluate(InvokeMethod.java:17)
	at org.junit.internal.runners.statements.FailOnTimeout$CallableStatement.call(FailOnTimeout.java:298)
	at org.junit.internal.runners.statements.FailOnTimeout$CallableStatement.call(FailOnTimeout.java:292)
	at java.util.concurrent.FutureTask.run(FutureTask.java:266)
	at java.lang.Thread.run(Thread.java:748)
9) test007(com.google.javascript.rhino.head.ScriptableObject_ESTest)
java.lang.NumberFormatException: For input string: "enumerable"
	at java.lang.NumberFormatException.forInputString(NumberFormatException.java:65)
	at java.lang.Long.parseLong(Long.java:589)
	at java.lang.Long.valueOf(Long.java:776)
	at java.lang.Long.decode(Long.java:928)
	at com.google.javascript.rhino.head.ScriptableObject_ESTest.test007(ScriptableObject_ESTest.java:168)
	at sun.reflect.NativeMethodAccessorImpl.invoke0(Native Method)
	at sun.reflect.NativeMethodAccessorImpl.invoke(NativeMethodAccessorImpl.java:62)
	at sun.reflect.DelegatingMethodAccessorImpl.invoke(DelegatingMethodAccessorImpl.java:43)
	at java.lang.reflect.Method.invoke(Method.java:498)
	at org.junit.runners.model.FrameworkMethod$1.runReflectiveCall(FrameworkMethod.java:50)
	at org.junit.internal.runners.model.ReflectiveCallable.run(ReflectiveCallable.java:12)
	at org.junit.runners.model.FrameworkMethod.invokeExplosively(FrameworkMethod.java:47)
	at org.junit.internal.runners.statements.InvokeMethod.evaluate(InvokeMethod.java:17)
	at org.junit.internal.runners.statements.FailOnTimeout$CallableStatement.call(FailOnTimeout.java:298)
	at org.junit.internal.runners.statements.FailOnTimeout$CallableStatement.call(FailOnTimeout.java:292)
	at java.util.concurrent.FutureTask.run(FutureTask.java:266)
	at java.lang.Thread.run(Thread.java:748)
10) test128(com.google.javascript.rhino.head.ScriptableObject_ESTest)
com.google.javascript.rhino.head.EcmaError: TypeError: Cannot find default value for object.
	at com.google.javascript.rhino.head.ScriptRuntime.constructError(ScriptRuntime.java:3728)
	at com.google.javascript.rhino.head.ScriptRuntime.constructError(ScriptRuntime.java:3706)
	at com.google.javascript.rhino.head.ScriptRuntime.typeError(ScriptRuntime.java:3734)
	at com.google.javascript.rhino.head.ScriptRuntime.typeError1(ScriptRuntime.java:3746)
	at com.google.javascript.rhino.head.ScriptableObject.getDefaultValue(ScriptableObject.java:1014)
	at com.google.javascript.rhino.head.ScriptableObject.getDefaultValue(ScriptableObject.java:933)
	at com.google.javascript.rhino.head.ScriptRuntime.toString(ScriptRuntime.java:803)
	at com.google.javascript.rhino.head.ScriptRuntime.toStringIdOrIndex(ScriptRuntime.java:1448)
	at com.google.javascript.rhino.head.ScriptableObject.getSlot(ScriptableObject.java:3100)
	at com.google.javascript.rhino.head.ScriptableObject.getOwnPropertyDescriptor(ScriptableObject.java:3093)
	at com.google.javascript.rhino.head.IdScriptableObject.getOwnPropertyDescriptor(IdScriptableObject.java:778)
	at com.google.javascript.rhino.head.ScriptableObject_ESTest.test128(ScriptableObject_ESTest.java:3224)
	at sun.reflect.NativeMethodAccessorImpl.invoke0(Native Method)
	at sun.reflect.NativeMethodAccessorImpl.invoke(NativeMethodAccessorImpl.java:62)
	at sun.reflect.DelegatingMethodAccessorImpl.invoke(DelegatingMethodAccessorImpl.java:43)
	at java.lang.reflect.Method.invoke(Method.java:498)
	at org.junit.runners.model.FrameworkMethod$1.runReflectiveCall(FrameworkMethod.java:50)
	at org.junit.internal.runners.model.ReflectiveCallable.run(ReflectiveCallable.java:12)
	at org.junit.runners.model.FrameworkMethod.invokeExplosively(FrameworkMethod.java:47)
	at org.junit.internal.runners.statements.InvokeMethod.evaluate(InvokeMethod.java:17)
	at org.junit.internal.runners.statements.FailOnTimeout$CallableStatement.call(FailOnTimeout.java:298)
	at org.junit.internal.runners.statements.FailOnTimeout$CallableStatement.call(FailOnTimeout.java:292)
	at java.util.concurrent.FutureTask.run(FutureTask.java:266)
	at java.lang.Thread.run(Thread.java:748)
11) test006(com.google.javascript.rhino.head.ScriptableObject_ESTest)
com.google.javascript.rhino.head.EcmaError: TypeError: java.lang.String@0000000370 is not a function, it is object.
	at com.google.javascript.rhino.head.ScriptRuntime.constructError(ScriptRuntime.java:3728)
	at com.google.javascript.rhino.head.ScriptRuntime.constructError(ScriptRuntime.java:3706)
	at com.google.javascript.rhino.head.ScriptRuntime.typeError(ScriptRuntime.java:3734)
	at com.google.javascript.rhino.head.ScriptRuntime.typeError2(ScriptRuntime.java:3753)
	at com.google.javascript.rhino.head.ScriptRuntime.notFunctionError(ScriptRuntime.java:3808)
	at com.google.javascript.rhino.head.ScriptableObject.callMethod(ScriptableObject.java:2539)
	at com.google.javascript.rhino.head.ScriptableObject_ESTest.test006(ScriptableObject_ESTest.java:152)
	at sun.reflect.NativeMethodAccessorImpl.invoke0(Native Method)
	at sun.reflect.NativeMethodAccessorImpl.invoke(NativeMethodAccessorImpl.java:62)
	at sun.reflect.DelegatingMethodAccessorImpl.invoke(DelegatingMethodAccessorImpl.java:43)
	at java.lang.reflect.Method.invoke(Method.java:498)
	at org.junit.runners.model.FrameworkMethod$1.runReflectiveCall(FrameworkMethod.java:50)
	at org.junit.internal.runners.model.ReflectiveCallable.run(ReflectiveCallable.java:12)
	at org.junit.runners.model.FrameworkMethod.invokeExplosively(FrameworkMethod.java:47)
	at org.junit.internal.runners.statements.InvokeMethod.evaluate(InvokeMethod.java:17)
	at org.junit.internal.runners.statements.FailOnTimeout$CallableStatement.call(FailOnTimeout.java:298)
	at org.junit.internal.runners.statements.FailOnTimeout$CallableStatement.call(FailOnTimeout.java:292)
	at java.util.concurrent.FutureTask.run(FutureTask.java:266)
	at java.lang.Thread.run(Thread.java:748)
12) test127(com.google.javascript.rhino.head.ScriptableObject_ESTest)
com.google.javascript.rhino.head.EcmaError: TypeError: Cannot find default value for object.
	at com.google.javascript.rhino.head.ScriptRuntime.constructError(ScriptRuntime.java:3728)
	at com.google.javascript.rhino.head.ScriptRuntime.constructError(ScriptRuntime.java:3706)
	at com.google.javascript.rhino.head.ScriptRuntime.typeError(ScriptRuntime.java:3734)
	at com.google.javascript.rhino.head.ScriptRuntime.typeError1(ScriptRuntime.java:3746)
	at com.google.javascript.rhino.head.ScriptableObject.getDefaultValue(ScriptableObject.java:1014)
	at com.google.javascript.rhino.head.ScriptableObject.getDefaultValue(ScriptableObject.java:933)
	at com.google.javascript.rhino.head.ScriptRuntime.toString(ScriptRuntime.java:803)
	at com.google.javascript.rhino.head.ScriptRuntime.toStringIdOrIndex(ScriptRuntime.java:1448)
	at com.google.javascript.rhino.head.ScriptableObject.getSlot(ScriptableObject.java:3100)
	at com.google.javascript.rhino.head.ScriptableObject.getOwnPropertyDescriptor(ScriptableObject.java:3093)
	at com.google.javascript.rhino.head.IdScriptableObject.getOwnPropertyDescriptor(IdScriptableObject.java:778)
	at com.google.javascript.rhino.head.ScriptableObject_ESTest.test127(ScriptableObject_ESTest.java:3160)
	at sun.reflect.NativeMethodAccessorImpl.invoke0(Native Method)
	at sun.reflect.NativeMethodAccessorImpl.invoke(NativeMethodAccessorImpl.java:62)
	at sun.reflect.DelegatingMethodAccessorImpl.invoke(DelegatingMethodAccessorImpl.java:43)
	at java.lang.reflect.Method.invoke(Method.java:498)
	at org.junit.runners.model.FrameworkMethod$1.runReflectiveCall(FrameworkMethod.java:50)
	at org.junit.internal.runners.model.ReflectiveCallable.run(ReflectiveCallable.java:12)
	at org.junit.runners.model.FrameworkMethod.invokeExplosively(FrameworkMethod.java:47)
	at org.junit.internal.runners.statements.InvokeMethod.evaluate(InvokeMethod.java:17)
	at org.junit.internal.runners.statements.FailOnTimeout$CallableStatement.call(FailOnTimeout.java:298)
	at org.junit.internal.runners.statements.FailOnTimeout$CallableStatement.call(FailOnTimeout.java:292)
	at java.util.concurrent.FutureTask.run(FutureTask.java:266)
	at java.lang.Thread.run(Thread.java:748)
13) test009(com.google.javascript.rhino.head.ScriptableObject_ESTest)
java.lang.NullPointerException
	at com.google.javascript.rhino.head.ScriptableObject.getBase(ScriptableObject.java:2560)
	at com.google.javascript.rhino.head.ScriptableObject.hasProperty(ScriptableObject.java:2313)
	at com.google.javascript.rhino.head.ScriptableObject.isAccessorDescriptor(ScriptableObject.java:2008)
	at com.google.javascript.rhino.head.ScriptableObject_ESTest.test009(ScriptableObject_ESTest.java:205)
	at sun.reflect.NativeMethodAccessorImpl.invoke0(Native Method)
	at sun.reflect.NativeMethodAccessorImpl.invoke(NativeMethodAccessorImpl.java:62)
	at sun.reflect.DelegatingMethodAccessorImpl.invoke(DelegatingMethodAccessorImpl.java:43)
	at java.lang.reflect.Method.invoke(Method.java:498)
	at org.junit.runners.model.FrameworkMethod$1.runReflectiveCall(FrameworkMethod.java:50)
	at org.junit.internal.runners.model.ReflectiveCallable.run(ReflectiveCallable.java:12)
	at org.junit.runners.model.FrameworkMethod.invokeExplosively(FrameworkMethod.java:47)
	at org.junit.internal.runners.statements.InvokeMethod.evaluate(InvokeMethod.java:17)
	at org.junit.internal.runners.statements.FailOnTimeout$CallableStatement.call(FailOnTimeout.java:298)
	at org.junit.internal.runners.statements.FailOnTimeout$CallableStatement.call(FailOnTimeout.java:292)
	at java.util.concurrent.FutureTask.run(FutureTask.java:266)
	at java.lang.Thread.run(Thread.java:748)
14) test004(com.google.javascript.rhino.head.ScriptableObject_ESTest)
com.google.javascript.rhino.head.EcmaError: TypeError: java.lang.String@0000000612 is not a function, it is object.
	at com.google.javascript.rhino.head.ScriptRuntime.constructError(ScriptRuntime.java:3728)
	at com.google.javascript.rhino.head.ScriptRuntime.constructError(ScriptRuntime.java:3706)
	at com.google.javascript.rhino.head.ScriptRuntime.typeError(ScriptRuntime.java:3734)
	at com.google.javascript.rhino.head.ScriptRuntime.typeError2(ScriptRuntime.java:3753)
	at com.google.javascript.rhino.head.ScriptRuntime.notFunctionError(ScriptRuntime.java:3808)
	at com.google.javascript.rhino.head.ScriptableObject.callMethod(ScriptableObject.java:2539)
	at com.google.javascript.rhino.head.ScriptableObject_ESTest.test004(ScriptableObject_ESTest.java:114)
	at sun.reflect.NativeMethodAccessorImpl.invoke0(Native Method)
	at sun.reflect.NativeMethodAccessorImpl.invoke(NativeMethodAccessorImpl.java:62)
	at sun.reflect.DelegatingMethodAccessorImpl.invoke(DelegatingMethodAccessorImpl.java:43)
	at java.lang.reflect.Method.invoke(Method.java:498)
	at org.junit.runners.model.FrameworkMethod$1.runReflectiveCall(FrameworkMethod.java:50)
	at org.junit.internal.runners.model.ReflectiveCallable.run(ReflectiveCallable.java:12)
	at org.junit.runners.model.FrameworkMethod.invokeExplosively(FrameworkMethod.java:47)
	at org.junit.internal.runners.statements.InvokeMethod.evaluate(InvokeMethod.java:17)
	at org.junit.internal.runners.statements.FailOnTimeout$CallableStatement.call(FailOnTimeout.java:298)
	at org.junit.internal.runners.statements.FailOnTimeout$CallableStatement.call(FailOnTimeout.java:292)
	at java.util.concurrent.FutureTask.run(FutureTask.java:266)
	at java.lang.Thread.run(Thread.java:748)
15) test130(com.google.javascript.rhino.head.ScriptableObject_ESTest)
java.lang.IllegalArgumentException: -1648
	at com.google.javascript.rhino.head.ScriptableObject.checkValidAttributes(ScriptableObject.java:419)
	at com.google.javascript.rhino.head.IdScriptableObject.setAttributes(IdScriptableObject.java:463)
	at com.google.javascript.rhino.head.ScriptableObject.defineProperty(ScriptableObject.java:1559)
	at com.google.javascript.rhino.head.ScriptableObject.defineProperty(ScriptableObject.java:1577)
	at com.google.javascript.rhino.head.ScriptableObject_ESTest.test130(ScriptableObject_ESTest.java:3338)
	at sun.reflect.NativeMethodAccessorImpl.invoke0(Native Method)
	at sun.reflect.NativeMethodAccessorImpl.invoke(NativeMethodAccessorImpl.java:62)
	at sun.reflect.DelegatingMethodAccessorImpl.invoke(DelegatingMethodAccessorImpl.java:43)
	at java.lang.reflect.Method.invoke(Method.java:498)
	at org.junit.runners.model.FrameworkMethod$1.runReflectiveCall(FrameworkMethod.java:50)
	at org.junit.internal.runners.model.ReflectiveCallable.run(ReflectiveCallable.java:12)
	at org.junit.runners.model.FrameworkMethod.invokeExplosively(FrameworkMethod.java:47)
	at org.junit.internal.runners.statements.InvokeMethod.evaluate(InvokeMethod.java:17)
	at org.junit.internal.runners.statements.FailOnTimeout$CallableStatement.call(FailOnTimeout.java:298)
	at org.junit.internal.runners.statements.FailOnTimeout$CallableStatement.call(FailOnTimeout.java:292)
	at java.util.concurrent.FutureTask.run(FutureTask.java:266)
	at java.lang.Thread.run(Thread.java:748)
16) test011(com.google.javascript.rhino.head.ScriptableObject_ESTest)
java.lang.IllegalArgumentException
	at com.google.javascript.rhino.head.ScriptableObject.<init>(ScriptableObject.java:430)
	at com.google.javascript.rhino.head.IdScriptableObject.<init>(IdScriptableObject.java:322)
	at com.google.javascript.rhino.head.BaseFunction.<init>(BaseFunction.java:69)
	at com.google.javascript.rhino.head.ScriptableObject_ESTest.test011(ScriptableObject_ESTest.java:229)
	at sun.reflect.NativeMethodAccessorImpl.invoke0(Native Method)
	at sun.reflect.NativeMethodAccessorImpl.invoke(NativeMethodAccessorImpl.java:62)
	at sun.reflect.DelegatingMethodAccessorImpl.invoke(DelegatingMethodAccessorImpl.java:43)
	at java.lang.reflect.Method.invoke(Method.java:498)
	at org.junit.runners.model.FrameworkMethod$1.runReflectiveCall(FrameworkMethod.java:50)
	at org.junit.internal.runners.model.ReflectiveCallable.run(ReflectiveCallable.java:12)
	at org.junit.runners.model.FrameworkMethod.invokeExplosively(FrameworkMethod.java:47)
	at org.junit.internal.runners.statements.InvokeMethod.evaluate(InvokeMethod.java:17)
	at org.junit.internal.runners.statements.FailOnTimeout$CallableStatement.call(FailOnTimeout.java:298)
	at org.junit.internal.runners.statements.FailOnTimeout$CallableStatement.call(FailOnTimeout.java:292)
	at java.util.concurrent.FutureTask.run(FutureTask.java:266)
	at java.lang.Thread.run(Thread.java:748)
17) test099(com.google.javascript.rhino.head.ScriptableObject_ESTest)
com.google.javascript.rhino.head.EcmaError: TypeError: Cannot find default value for object.
	at com.google.javascript.rhino.head.ScriptRuntime.constructError(ScriptRuntime.java:3728)
	at com.google.javascript.rhino.head.ScriptRuntime.constructError(ScriptRuntime.java:3706)
	at com.google.javascript.rhino.head.ScriptRuntime.typeError(ScriptRuntime.java:3734)
	at com.google.javascript.rhino.head.ScriptRuntime.typeError1(ScriptRuntime.java:3746)
	at com.google.javascript.rhino.head.ScriptableObject.getDefaultValue(ScriptableObject.java:1014)
	at com.google.javascript.rhino.head.ScriptableObject.getDefaultValue(ScriptableObject.java:933)
	at com.google.javascript.rhino.head.ScriptRuntime.toString(ScriptRuntime.java:803)
	at com.google.javascript.rhino.head.ScriptRuntime.toStringIdOrIndex(ScriptRuntime.java:1448)
	at com.google.javascript.rhino.head.ScriptableObject.getSlot(ScriptableObject.java:3100)
	at com.google.javascript.rhino.head.ScriptableObject.getOwnPropertyDescriptor(ScriptableObject.java:3093)
	at com.google.javascript.rhino.head.IdScriptableObject.getOwnPropertyDescriptor(IdScriptableObject.java:778)
	at com.google.javascript.rhino.head.ScriptableObject_ESTest.test099(ScriptableObject_ESTest.java:1447)
	at sun.reflect.NativeMethodAccessorImpl.invoke0(Native Method)
	at sun.reflect.NativeMethodAccessorImpl.invoke(NativeMethodAccessorImpl.java:62)
	at sun.reflect.DelegatingMethodAccessorImpl.invoke(DelegatingMethodAccessorImpl.java:43)
	at java.lang.reflect.Method.invoke(Method.java:498)
	at org.junit.runners.model.FrameworkMethod$1.runReflectiveCall(FrameworkMethod.java:50)
	at org.junit.internal.runners.model.ReflectiveCallable.run(ReflectiveCallable.java:12)
	at org.junit.runners.model.FrameworkMethod.invokeExplosively(FrameworkMethod.java:47)
	at org.junit.internal.runners.statements.InvokeMethod.evaluate(InvokeMethod.java:17)
	at org.junit.internal.runners.statements.FailOnTimeout$CallableStatement.call(FailOnTimeout.java:298)
	at org.junit.internal.runners.statements.FailOnTimeout$CallableStatement.call(FailOnTimeout.java:292)
	at java.util.concurrent.FutureTask.run(FutureTask.java:266)
	at java.lang.Thread.run(Thread.java:748)
18) test132(com.google.javascript.rhino.head.ScriptableObject_ESTest)
org.evosuite.runtime.mock.java.lang.MockRuntimeException: Can't find top level scope for ClassCache.get
	at com.google.javascript.rhino.head.ClassCache.get(ClassCache.java:82)
	at com.google.javascript.rhino.head.JavaMembers.lookupClass(JavaMembers.java:831)
	at com.google.javascript.rhino.head.NativeJavaObject.initMembers(NativeJavaObject.java:89)
	at com.google.javascript.rhino.head.NativeJavaObject.<init>(NativeJavaObject.java:79)
	at com.google.javascript.rhino.head.NativeJavaObject.<init>(NativeJavaObject.java:69)
	at com.google.javascript.rhino.head.NativeJavaArray.<init>(NativeJavaArray.java:74)
	at com.google.javascript.rhino.head.ScriptableObject_ESTest.test132(ScriptableObject_ESTest.java:3379)
	at sun.reflect.NativeMethodAccessorImpl.invoke0(Native Method)
	at sun.reflect.NativeMethodAccessorImpl.invoke(NativeMethodAccessorImpl.java:62)
	at sun.reflect.DelegatingMethodAccessorImpl.invoke(DelegatingMethodAccessorImpl.java:43)
	at java.lang.reflect.Method.invoke(Method.java:498)
	at org.junit.runners.model.FrameworkMethod$1.runReflectiveCall(FrameworkMethod.java:50)
	at org.junit.internal.runners.model.ReflectiveCallable.run(ReflectiveCallable.java:12)
	at org.junit.runners.model.FrameworkMethod.invokeExplosively(FrameworkMethod.java:47)
	at org.junit.internal.runners.statements.InvokeMethod.evaluate(InvokeMethod.java:17)
	at org.junit.internal.runners.statements.FailOnTimeout$CallableStatement.call(FailOnTimeout.java:298)
	at org.junit.internal.runners.statements.FailOnTimeout$CallableStatement.call(FailOnTimeout.java:292)
	at java.util.concurrent.FutureTask.run(FutureTask.java:266)
	at java.lang.Thread.run(Thread.java:748)
19) test096(com.google.javascript.rhino.head.ScriptableObject_ESTest)
com.google.javascript.rhino.head.EvaluatorException: Property language version not found.
	at com.google.javascript.rhino.head.DefaultErrorReporter.runtimeError(DefaultErrorReporter.java:108)
	at com.google.javascript.rhino.head.Context.reportRuntimeError(Context.java:943)
	at com.google.javascript.rhino.head.Context.reportRuntimeError(Context.java:999)
	at com.google.javascript.rhino.head.Context.reportRuntimeError1(Context.java:962)
	at com.google.javascript.rhino.head.ScriptableObject.findAttributeSlot(ScriptableObject.java:2724)
	at com.google.javascript.rhino.head.ScriptableObject.getAttributes(ScriptableObject.java:688)
	at com.google.javascript.rhino.head.IdScriptableObject.getAttributes(IdScriptableObject.java:457)
	at com.google.javascript.rhino.head.ScriptableObject.getAttributes(ScriptableObject.java:639)
	at com.google.javascript.rhino.head.ScriptableObject_ESTest.test096(ScriptableObject_ESTest.java:1398)
	at sun.reflect.NativeMethodAccessorImpl.invoke0(Native Method)
	at sun.reflect.NativeMethodAccessorImpl.invoke(NativeMethodAccessorImpl.java:62)
	at sun.reflect.DelegatingMethodAccessorImpl.invoke(DelegatingMethodAccessorImpl.java:43)
	at java.lang.reflect.Method.invoke(Method.java:498)
	at org.junit.runners.model.FrameworkMethod$1.runReflectiveCall(FrameworkMethod.java:50)
	at org.junit.internal.runners.model.ReflectiveCallable.run(ReflectiveCallable.java:12)
	at org.junit.runners.model.FrameworkMethod.invokeExplosively(FrameworkMethod.java:47)
	at org.junit.internal.runners.statements.InvokeMethod.evaluate(InvokeMethod.java:17)
	at org.junit.internal.runners.statements.FailOnTimeout$CallableStatement.call(FailOnTimeout.java:298)
	at org.junit.internal.runners.statements.FailOnTimeout$CallableStatement.call(FailOnTimeout.java:292)
	at java.util.concurrent.FutureTask.run(FutureTask.java:266)
	at java.lang.Thread.run(Thread.java:748)
20) test119(com.google.javascript.rhino.head.ScriptableObject_ESTest)
org.evosuite.runtime.mock.java.lang.MockRuntimeException: Can't find top level scope for ClassCache.get
	at com.google.javascript.rhino.head.ClassCache.get(ClassCache.java:82)
	at com.google.javascript.rhino.head.JavaMembers.lookupClass(JavaMembers.java:831)
	at com.google.javascript.rhino.head.NativeJavaObject.initMembers(NativeJavaObject.java:89)
	at com.google.javascript.rhino.head.NativeJavaObject.<init>(NativeJavaObject.java:79)
	at com.google.javascript.rhino.head.NativeJavaObject.<init>(NativeJavaObject.java:69)
	at com.google.javascript.rhino.head.NativeJavaArray.<init>(NativeJavaArray.java:74)
	at com.google.javascript.rhino.head.ScriptableObject_ESTest.test119(ScriptableObject_ESTest.java:2552)
	at sun.reflect.NativeMethodAccessorImpl.invoke0(Native Method)
	at sun.reflect.NativeMethodAccessorImpl.invoke(NativeMethodAccessorImpl.java:62)
	at sun.reflect.DelegatingMethodAccessorImpl.invoke(DelegatingMethodAccessorImpl.java:43)
	at java.lang.reflect.Method.invoke(Method.java:498)
	at org.junit.runners.model.FrameworkMethod$1.runReflectiveCall(FrameworkMethod.java:50)
	at org.junit.internal.runners.model.ReflectiveCallable.run(ReflectiveCallable.java:12)
	at org.junit.runners.model.FrameworkMethod.invokeExplosively(FrameworkMethod.java:47)
	at org.junit.internal.runners.statements.InvokeMethod.evaluate(InvokeMethod.java:17)
	at org.junit.internal.runners.statements.FailOnTimeout$CallableStatement.call(FailOnTimeout.java:298)
	at org.junit.internal.runners.statements.FailOnTimeout$CallableStatement.call(FailOnTimeout.java:292)
	at java.util.concurrent.FutureTask.run(FutureTask.java:266)
	at java.lang.Thread.run(Thread.java:748)
21) test081(com.google.javascript.rhino.head.ScriptableObject_ESTest)
java.lang.IllegalArgumentException: msg.prop.not.found
	at com.google.javascript.rhino.head.ScriptableObject.addLazilyInitializedValue(ScriptableObject.java:845)
	at com.google.javascript.rhino.head.ScriptableObject_ESTest.test081(ScriptableObject_ESTest.java:1189)
	at sun.reflect.NativeMethodAccessorImpl.invoke0(Native Method)
	at sun.reflect.NativeMethodAccessorImpl.invoke(NativeMethodAccessorImpl.java:62)
	at sun.reflect.DelegatingMethodAccessorImpl.invoke(DelegatingMethodAccessorImpl.java:43)
	at java.lang.reflect.Method.invoke(Method.java:498)
	at org.junit.runners.model.FrameworkMethod$1.runReflectiveCall(FrameworkMethod.java:50)
	at org.junit.internal.runners.model.ReflectiveCallable.run(ReflectiveCallable.java:12)
	at org.junit.runners.model.FrameworkMethod.invokeExplosively(FrameworkMethod.java:47)
	at org.junit.internal.runners.statements.InvokeMethod.evaluate(InvokeMethod.java:17)
	at org.junit.internal.runners.statements.FailOnTimeout$CallableStatement.call(FailOnTimeout.java:298)
	at org.junit.internal.runners.statements.FailOnTimeout$CallableStatement.call(FailOnTimeout.java:292)
	at java.util.concurrent.FutureTask.run(FutureTask.java:266)
	at java.lang.Thread.run(Thread.java:748)
22) test027(com.google.javascript.rhino.head.ScriptableObject_ESTest)
com.google.javascript.rhino.head.EcmaError: TypeError: Expected argument of type object, but instead had type number
	at com.google.javascript.rhino.head.ScriptRuntime.constructError(ScriptRuntime.java:3728)
	at com.google.javascript.rhino.head.ScriptRuntime.constructError(ScriptRuntime.java:3706)
	at com.google.javascript.rhino.head.ScriptRuntime.typeError(ScriptRuntime.java:3734)
	at com.google.javascript.rhino.head.ScriptRuntime.typeError1(ScriptRuntime.java:3746)
	at com.google.javascript.rhino.head.ScriptableObject.ensureScriptable(ScriptableObject.java:2022)
	at com.google.javascript.rhino.head.ScriptableObject_ESTest.test027(ScriptableObject_ESTest.java:448)
	at sun.reflect.NativeMethodAccessorImpl.invoke0(Native Method)
	at sun.reflect.NativeMethodAccessorImpl.invoke(NativeMethodAccessorImpl.java:62)
	at sun.reflect.DelegatingMethodAccessorImpl.invoke(DelegatingMethodAccessorImpl.java:43)
	at java.lang.reflect.Method.invoke(Method.java:498)
	at org.junit.runners.model.FrameworkMethod$1.runReflectiveCall(FrameworkMethod.java:50)
	at org.junit.internal.runners.model.ReflectiveCallable.run(ReflectiveCallable.java:12)
	at org.junit.runners.model.FrameworkMethod.invokeExplosively(FrameworkMethod.java:47)
	at org.junit.internal.runners.statements.InvokeMethod.evaluate(InvokeMethod.java:17)
	at org.junit.internal.runners.statements.FailOnTimeout$CallableStatement.call(FailOnTimeout.java:298)
	at org.junit.internal.runners.statements.FailOnTimeout$CallableStatement.call(FailOnTimeout.java:292)
	at java.util.concurrent.FutureTask.run(FutureTask.java:266)
	at java.lang.Thread.run(Thread.java:748)
23) test033(com.google.javascript.rhino.head.ScriptableObject_ESTest)
java.lang.IllegalStateException: 52
	at com.google.javascript.rhino.head.IdScriptableObject.setInstanceIdValue(IdScriptableObject.java:578)
	at com.google.javascript.rhino.head.ScriptableObject_ESTest.test033(ScriptableObject_ESTest.java:548)
	at sun.reflect.NativeMethodAccessorImpl.invoke0(Native Method)
	at sun.reflect.NativeMethodAccessorImpl.invoke(NativeMethodAccessorImpl.java:62)
	at sun.reflect.DelegatingMethodAccessorImpl.invoke(DelegatingMethodAccessorImpl.java:43)
	at java.lang.reflect.Method.invoke(Method.java:498)
	at org.junit.runners.model.FrameworkMethod$1.runReflectiveCall(FrameworkMethod.java:50)
	at org.junit.internal.runners.model.ReflectiveCallable.run(ReflectiveCallable.java:12)
	at org.junit.runners.model.FrameworkMethod.invokeExplosively(FrameworkMethod.java:47)
	at org.junit.internal.runners.statements.InvokeMethod.evaluate(InvokeMethod.java:17)
	at org.junit.internal.runners.statements.FailOnTimeout$CallableStatement.call(FailOnTimeout.java:298)
	at org.junit.internal.runners.statements.FailOnTimeout$CallableStatement.call(FailOnTimeout.java:292)
	at java.util.concurrent.FutureTask.run(FutureTask.java:266)
	at java.lang.Thread.run(Thread.java:748)
24) test018(com.google.javascript.rhino.head.ScriptableObject_ESTest)
java.lang.NullPointerException
	at com.google.javascript.rhino.head.ScriptableObject.defineProperty(ScriptableObject.java:1573)
	at com.google.javascript.rhino.head.ScriptableObject.defineConstProperty(ScriptableObject.java:1593)
	at com.google.javascript.rhino.head.ScriptableObject_ESTest.test018(ScriptableObject_ESTest.java:307)
	at sun.reflect.NativeMethodAccessorImpl.invoke0(Native Method)
	at sun.reflect.NativeMethodAccessorImpl.invoke(NativeMethodAccessorImpl.java:62)
	at sun.reflect.DelegatingMethodAccessorImpl.invoke(DelegatingMethodAccessorImpl.java:43)
	at java.lang.reflect.Method.invoke(Method.java:498)
	at org.junit.runners.model.FrameworkMethod$1.runReflectiveCall(FrameworkMethod.java:50)
	at org.junit.internal.runners.model.ReflectiveCallable.run(ReflectiveCallable.java:12)
	at org.junit.runners.model.FrameworkMethod.invokeExplosively(FrameworkMethod.java:47)
	at org.junit.internal.runners.statements.InvokeMethod.evaluate(InvokeMethod.java:17)
	at org.junit.internal.runners.statements.FailOnTimeout$CallableStatement.call(FailOnTimeout.java:298)
	at org.junit.internal.runners.statements.FailOnTimeout$CallableStatement.call(FailOnTimeout.java:292)
	at java.util.concurrent.FutureTask.run(FutureTask.java:266)
	at java.lang.Thread.run(Thread.java:748)
25) test135(com.google.javascript.rhino.head.ScriptableObject_ESTest)
java.lang.IllegalArgumentException: error reporter
	at com.google.javascript.rhino.head.ScriptableObject.setGetterOrSetter(ScriptableObject.java:767)
	at com.google.javascript.rhino.head.ScriptableObject.setGetterOrSetter(ScriptableObject.java:760)
	at com.google.javascript.rhino.head.ScriptableObject_ESTest.test135(ScriptableObject_ESTest.java:3415)
	at sun.reflect.NativeMethodAccessorImpl.invoke0(Native Method)
	at sun.reflect.NativeMethodAccessorImpl.invoke(NativeMethodAccessorImpl.java:62)
	at sun.reflect.DelegatingMethodAccessorImpl.invoke(DelegatingMethodAccessorImpl.java:43)
	at java.lang.reflect.Method.invoke(Method.java:498)
	at org.junit.runners.model.FrameworkMethod$1.runReflectiveCall(FrameworkMethod.java:50)
	at org.junit.internal.runners.model.ReflectiveCallable.run(ReflectiveCallable.java:12)
	at org.junit.runners.model.FrameworkMethod.invokeExplosively(FrameworkMethod.java:47)
	at org.junit.internal.runners.statements.InvokeMethod.evaluate(InvokeMethod.java:17)
	at org.junit.internal.runners.statements.FailOnTimeout$CallableStatement.call(FailOnTimeout.java:298)
	at org.junit.internal.runners.statements.FailOnTimeout$CallableStatement.call(FailOnTimeout.java:292)
	at java.util.concurrent.FutureTask.run(FutureTask.java:266)
	at java.lang.Thread.run(Thread.java:748)
26) test015(com.google.javascript.rhino.head.ScriptableObject_ESTest)
org.evosuite.runtime.mock.java.lang.MockIllegalArgumentException
	at com.google.javascript.rhino.head.IdFunctionObject.<init>(IdFunctionObject.java:66)
	at com.google.javascript.rhino.head.IdScriptableObject.newIdFunction(IdScriptableObject.java:718)
	at com.google.javascript.rhino.head.IdScriptableObject.initPrototypeMethod(IdScriptableObject.java:645)
	at com.google.javascript.rhino.head.ScriptableObject_ESTest.test015(ScriptableObject_ESTest.java:274)
	at sun.reflect.NativeMethodAccessorImpl.invoke0(Native Method)
	at sun.reflect.NativeMethodAccessorImpl.invoke(NativeMethodAccessorImpl.java:62)
	at sun.reflect.DelegatingMethodAccessorImpl.invoke(DelegatingMethodAccessorImpl.java:43)
	at java.lang.reflect.Method.invoke(Method.java:498)
	at org.junit.runners.model.FrameworkMethod$1.runReflectiveCall(FrameworkMethod.java:50)
	at org.junit.internal.runners.model.ReflectiveCallable.run(ReflectiveCallable.java:12)
	at org.junit.runners.model.FrameworkMethod.invokeExplosively(FrameworkMethod.java:47)
	at org.junit.internal.runners.statements.InvokeMethod.evaluate(InvokeMethod.java:17)
	at org.junit.internal.runners.statements.FailOnTimeout$CallableStatement.call(FailOnTimeout.java:298)
	at org.junit.internal.runners.statements.FailOnTimeout$CallableStatement.call(FailOnTimeout.java:292)
	at java.util.concurrent.FutureTask.run(FutureTask.java:266)
	at java.lang.Thread.run(Thread.java:748)
27) test136(com.google.javascript.rhino.head.ScriptableObject_ESTest)
java.lang.NullPointerException
	at com.google.javascript.rhino.head.ScriptableObject.putConst(ScriptableObject.java:605)
	at com.google.javascript.rhino.head.ScriptableObject_ESTest.test136(ScriptableObject_ESTest.java:3432)
	at sun.reflect.NativeMethodAccessorImpl.invoke0(Native Method)
	at sun.reflect.NativeMethodAccessorImpl.invoke(NativeMethodAccessorImpl.java:62)
	at sun.reflect.DelegatingMethodAccessorImpl.invoke(DelegatingMethodAccessorImpl.java:43)
	at java.lang.reflect.Method.invoke(Method.java:498)
	at org.junit.runners.model.FrameworkMethod$1.runReflectiveCall(FrameworkMethod.java:50)
	at org.junit.internal.runners.model.ReflectiveCallable.run(ReflectiveCallable.java:12)
	at org.junit.runners.model.FrameworkMethod.invokeExplosively(FrameworkMethod.java:47)
	at org.junit.internal.runners.statements.InvokeMethod.evaluate(InvokeMethod.java:17)
	at org.junit.internal.runners.statements.FailOnTimeout$CallableStatement.call(FailOnTimeout.java:298)
	at org.junit.internal.runners.statements.FailOnTimeout$CallableStatement.call(FailOnTimeout.java:292)
	at java.util.concurrent.FutureTask.run(FutureTask.java:266)
	at java.lang.Thread.run(Thread.java:748)
28) test022(com.google.javascript.rhino.head.ScriptableObject_ESTest)
java.lang.NumberFormatException: For input string: "3_-kE7BZo{Qjj!=[6eg"
	at java.lang.NumberFormatException.forInputString(NumberFormatException.java:65)
	at java.lang.Long.parseLong(Long.java:589)
	at java.lang.Long.valueOf(Long.java:776)
	at java.lang.Long.decode(Long.java:928)
	at com.google.javascript.rhino.head.ScriptableObject_ESTest.test022(ScriptableObject_ESTest.java:366)
	at sun.reflect.NativeMethodAccessorImpl.invoke0(Native Method)
	at sun.reflect.NativeMethodAccessorImpl.invoke(NativeMethodAccessorImpl.java:62)
	at sun.reflect.DelegatingMethodAccessorImpl.invoke(DelegatingMethodAccessorImpl.java:43)
	at java.lang.reflect.Method.invoke(Method.java:498)
	at org.junit.runners.model.FrameworkMethod$1.runReflectiveCall(FrameworkMethod.java:50)
	at org.junit.internal.runners.model.ReflectiveCallable.run(ReflectiveCallable.java:12)
	at org.junit.runners.model.FrameworkMethod.invokeExplosively(FrameworkMethod.java:47)
	at org.junit.internal.runners.statements.InvokeMethod.evaluate(InvokeMethod.java:17)
	at org.junit.internal.runners.statements.FailOnTimeout$CallableStatement.call(FailOnTimeout.java:298)
	at org.junit.internal.runners.statements.FailOnTimeout$CallableStatement.call(FailOnTimeout.java:292)
	at java.util.concurrent.FutureTask.run(FutureTask.java:266)
	at java.lang.Thread.run(Thread.java:748)
29) test047(com.google.javascript.rhino.head.ScriptableObject_ESTest)
com.google.javascript.rhino.head.EvaluatorException: Cannot modify a property of a sealed object: 98689.
	at com.google.javascript.rhino.head.DefaultErrorReporter.runtimeError(DefaultErrorReporter.java:108)
	at com.google.javascript.rhino.head.Context.reportRuntimeError(Context.java:943)
	at com.google.javascript.rhino.head.Context.reportRuntimeError(Context.java:999)
	at com.google.javascript.rhino.head.Context.reportRuntimeError1(Context.java:962)
	at com.google.javascript.rhino.head.ScriptableObject.checkNotSealed(ScriptableObject.java:2193)
	at com.google.javascript.rhino.head.ScriptableObject.delete(ScriptableObject.java:577)
	at com.google.javascript.rhino.head.ScriptableObject_ESTest.test047(ScriptableObject_ESTest.java:742)
	at sun.reflect.NativeMethodAccessorImpl.invoke0(Native Method)
	at sun.reflect.NativeMethodAccessorImpl.invoke(NativeMethodAccessorImpl.java:62)
	at sun.reflect.DelegatingMethodAccessorImpl.invoke(DelegatingMethodAccessorImpl.java:43)
	at java.lang.reflect.Method.invoke(Method.java:498)
	at org.junit.runners.model.FrameworkMethod$1.runReflectiveCall(FrameworkMethod.java:50)
	at org.junit.internal.runners.model.ReflectiveCallable.run(ReflectiveCallable.java:12)
	at org.junit.runners.model.FrameworkMethod.invokeExplosively(FrameworkMethod.java:47)
	at org.junit.internal.runners.statements.InvokeMethod.evaluate(InvokeMethod.java:17)
	at org.junit.internal.runners.statements.FailOnTimeout$CallableStatement.call(FailOnTimeout.java:298)
	at org.junit.internal.runners.statements.FailOnTimeout$CallableStatement.call(FailOnTimeout.java:292)
	at java.util.concurrent.FutureTask.run(FutureTask.java:266)
	at java.lang.Thread.run(Thread.java:748)
30) test054(com.google.javascript.rhino.head.ScriptableObject_ESTest)
com.google.javascript.rhino.head.EcmaError: TypeError: java.lang.String@0000000002 is not a function, it is object.
	at com.google.javascript.rhino.head.ScriptRuntime.constructError(ScriptRuntime.java:3728)
	at com.google.javascript.rhino.head.ScriptRuntime.constructError(ScriptRuntime.java:3706)
	at com.google.javascript.rhino.head.ScriptRuntime.typeError(ScriptRuntime.java:3734)
	at com.google.javascript.rhino.head.ScriptRuntime.typeError2(ScriptRuntime.java:3753)
	at com.google.javascript.rhino.head.ScriptRuntime.notFunctionError(ScriptRuntime.java:3808)
	at com.google.javascript.rhino.head.ScriptableObject.callMethod(ScriptableObject.java:2539)
	at com.google.javascript.rhino.head.ScriptableObject.callMethod(ScriptableObject.java:2523)
	at com.google.javascript.rhino.head.ScriptableObject_ESTest.test054(ScriptableObject_ESTest.java:833)
	at sun.reflect.NativeMethodAccessorImpl.invoke0(Native Method)
	at sun.reflect.NativeMethodAccessorImpl.invoke(NativeMethodAccessorImpl.java:62)
	at sun.reflect.DelegatingMethodAccessorImpl.invoke(DelegatingMethodAccessorImpl.java:43)
	at java.lang.reflect.Method.invoke(Method.java:498)
	at org.junit.runners.model.FrameworkMethod$1.runReflectiveCall(FrameworkMethod.java:50)
	at org.junit.internal.runners.model.ReflectiveCallable.run(ReflectiveCallable.java:12)
	at org.junit.runners.model.FrameworkMethod.invokeExplosively(FrameworkMethod.java:47)
	at org.junit.internal.runners.statements.InvokeMethod.evaluate(InvokeMethod.java:17)
	at org.junit.internal.runners.statements.FailOnTimeout$CallableStatement.call(FailOnTimeout.java:298)
	at org.junit.internal.runners.statements.FailOnTimeout$CallableStatement.call(FailOnTimeout.java:292)
	at java.util.concurrent.FutureTask.run(FutureTask.java:266)
	at java.lang.Thread.run(Thread.java:748)
31) test055(com.google.javascript.rhino.head.ScriptableObject_ESTest)
java.lang.NullPointerException
	at com.google.javascript.rhino.head.ScriptableObject.getProperty(ScriptableObject.java:2213)
	at com.google.javascript.rhino.head.ScriptableObject.getDefaultValue(ScriptableObject.java:987)
	at com.google.javascript.rhino.head.ScriptableObject_ESTest.test055(ScriptableObject_ESTest.java:858)
	at sun.reflect.NativeMethodAccessorImpl.invoke0(Native Method)
	at sun.reflect.NativeMethodAccessorImpl.invoke(NativeMethodAccessorImpl.java:62)
	at sun.reflect.DelegatingMethodAccessorImpl.invoke(DelegatingMethodAccessorImpl.java:43)
	at java.lang.reflect.Method.invoke(Method.java:498)
	at org.junit.runners.model.FrameworkMethod$1.runReflectiveCall(FrameworkMethod.java:50)
	at org.junit.internal.runners.model.ReflectiveCallable.run(ReflectiveCallable.java:12)
	at org.junit.runners.model.FrameworkMethod.invokeExplosively(FrameworkMethod.java:47)
	at org.junit.internal.runners.statements.InvokeMethod.evaluate(InvokeMethod.java:17)
	at org.junit.internal.runners.statements.FailOnTimeout$CallableStatement.call(FailOnTimeout.java:298)
	at org.junit.internal.runners.statements.FailOnTimeout$CallableStatement.call(FailOnTimeout.java:292)
	at java.util.concurrent.FutureTask.run(FutureTask.java:266)
	at java.lang.Thread.run(Thread.java:748)
32) test045(com.google.javascript.rhino.head.ScriptableObject_ESTest)
java.lang.IllegalArgumentException: -1174
	at com.google.javascript.rhino.head.ScriptableObject.checkValidAttributes(ScriptableObject.java:419)
	at com.google.javascript.rhino.head.ScriptableObject$Slot.setAttributes(ScriptableObject.java:223)
	at com.google.javascript.rhino.head.ScriptableObject.setAttributes(ScriptableObject.java:751)
	at com.google.javascript.rhino.head.ScriptableObject_ESTest.test045(ScriptableObject_ESTest.java:712)
	at sun.reflect.NativeMethodAccessorImpl.invoke0(Native Method)
	at sun.reflect.NativeMethodAccessorImpl.invoke(NativeMethodAccessorImpl.java:62)
	at sun.reflect.DelegatingMethodAccessorImpl.invoke(DelegatingMethodAccessorImpl.java:43)
	at java.lang.reflect.Method.invoke(Method.java:498)
	at org.junit.runners.model.FrameworkMethod$1.runReflectiveCall(FrameworkMethod.java:50)
	at org.junit.internal.runners.model.ReflectiveCallable.run(ReflectiveCallable.java:12)
	at org.junit.runners.model.FrameworkMethod.invokeExplosively(FrameworkMethod.java:47)
	at org.junit.internal.runners.statements.InvokeMethod.evaluate(InvokeMethod.java:17)
	at org.junit.internal.runners.statements.FailOnTimeout$CallableStatement.call(FailOnTimeout.java:298)
	at org.junit.internal.runners.statements.FailOnTimeout$CallableStatement.call(FailOnTimeout.java:292)
	at java.util.concurrent.FutureTask.run(FutureTask.java:266)
	at java.lang.Thread.run(Thread.java:748)
33) test041(com.google.javascript.rhino.head.ScriptableObject_ESTest)
java.lang.NullPointerException
	at com.google.javascript.rhino.head.IdScriptableObject.initPrototypeMethod(IdScriptableObject.java:646)
	at com.google.javascript.rhino.head.ScriptableObject_ESTest.test041(ScriptableObject_ESTest.java:649)
	at sun.reflect.NativeMethodAccessorImpl.invoke0(Native Method)
	at sun.reflect.NativeMethodAccessorImpl.invoke(NativeMethodAccessorImpl.java:62)
	at sun.reflect.DelegatingMethodAccessorImpl.invoke(DelegatingMethodAccessorImpl.java:43)
	at java.lang.reflect.Method.invoke(Method.java:498)
	at org.junit.runners.model.FrameworkMethod$1.runReflectiveCall(FrameworkMethod.java:50)
	at org.junit.internal.runners.model.ReflectiveCallable.run(ReflectiveCallable.java:12)
	at org.junit.runners.model.FrameworkMethod.invokeExplosively(FrameworkMethod.java:47)
	at org.junit.internal.runners.statements.InvokeMethod.evaluate(InvokeMethod.java:17)
	at org.junit.internal.runners.statements.FailOnTimeout$CallableStatement.call(FailOnTimeout.java:298)
	at org.junit.internal.runners.statements.FailOnTimeout$CallableStatement.call(FailOnTimeout.java:292)
	at java.util.concurrent.FutureTask.run(FutureTask.java:266)
	at java.lang.Thread.run(Thread.java:748)
34) test040(com.google.javascript.rhino.head.ScriptableObject_ESTest)
java.lang.IllegalArgumentException: 965
	at com.google.javascript.rhino.head.ScriptableObject.checkValidAttributes(ScriptableObject.java:419)
	at com.google.javascript.rhino.head.ScriptableObject$Slot.setAttributes(ScriptableObject.java:223)
	at com.google.javascript.rhino.head.ScriptableObject.defineProperty(ScriptableObject.java:1766)
	at com.google.javascript.rhino.head.ScriptableObject.defineProperty(ScriptableObject.java:1634)
	at com.google.javascript.rhino.head.ScriptableObject_ESTest.test040(ScriptableObject_ESTest.java:628)
	at sun.reflect.NativeMethodAccessorImpl.invoke0(Native Method)
	at sun.reflect.NativeMethodAccessorImpl.invoke(NativeMethodAccessorImpl.java:62)
	at sun.reflect.DelegatingMethodAccessorImpl.invoke(DelegatingMethodAccessorImpl.java:43)
	at java.lang.reflect.Method.invoke(Method.java:498)
	at org.junit.runners.model.FrameworkMethod$1.runReflectiveCall(FrameworkMethod.java:50)
	at org.junit.internal.runners.model.ReflectiveCallable.run(ReflectiveCallable.java:12)
	at org.junit.runners.model.FrameworkMethod.invokeExplosively(FrameworkMethod.java:47)
	at org.junit.internal.runners.statements.InvokeMethod.evaluate(InvokeMethod.java:17)
	at org.junit.internal.runners.statements.FailOnTimeout$CallableStatement.call(FailOnTimeout.java:298)
	at org.junit.internal.runners.statements.FailOnTimeout$CallableStatement.call(FailOnTimeout.java:292)
	at java.util.concurrent.FutureTask.run(FutureTask.java:266)
	at java.lang.Thread.run(Thread.java:748)

FAILURES!!!
Tests run: 101,  Failures: 34

