JUnit version 4.12
..E.E....E....E.E
Time: 1.235
There were 5 failures:
1) test06(org.joda.time.base.BaseInterval_ESTest)
org.evosuite.runtime.mock.java.lang.MockIllegalArgumentException: The end instant must be greater or equal to the start
	at org.joda.time.base.AbstractInterval.checkInterval(AbstractInterval.java:63)
	at org.joda.time.base.BaseInterval.<init>(BaseInterval.java:94)
	at org.joda.time.MutableInterval.<init>(MutableInterval.java:115)
	at org.joda.time.base.BaseInterval_ESTest.test06(BaseInterval_ESTest.java:96)
	at sun.reflect.NativeMethodAccessorImpl.invoke0(Native Method)
	at sun.reflect.NativeMethodAccessorImpl.invoke(NativeMethodAccessorImpl.java:62)
	at sun.reflect.DelegatingMethodAccessorImpl.invoke(DelegatingMethodAccessorImpl.java:43)
	at java.lang.reflect.Method.invoke(Method.java:498)
	at org.junit.runners.model.FrameworkMethod$1.runReflectiveCall(FrameworkMethod.java:50)
	at org.junit.internal.runners.model.ReflectiveCallable.run(ReflectiveCallable.java:12)
	at org.junit.runners.model.FrameworkMethod.invokeExplosively(FrameworkMethod.java:47)
	at org.junit.internal.runners.statements.InvokeMethod.evaluate(InvokeMethod.java:17)
	at org.junit.internal.runners.statements.FailOnTimeout$CallableStatement.call(FailOnTimeout.java:298)
	at org.junit.internal.runners.statements.FailOnTimeout$CallableStatement.call(FailOnTimeout.java:292)
	at java.util.concurrent.FutureTask.run(FutureTask.java:266)
	at java.lang.Thread.run(Thread.java:748)
2) test09(org.joda.time.base.BaseInterval_ESTest)
org.evosuite.runtime.mock.java.lang.MockIllegalArgumentException: Format requires a '/' separator: 
	at org.joda.time.convert.StringConverter.setInto(StringConverter.java:182)
	at org.joda.time.base.BaseInterval.<init>(BaseInterval.java:200)
	at org.joda.time.Interval.<init>(Interval.java:193)
	at org.joda.time.Interval.parse(Interval.java:69)
	at org.joda.time.base.BaseInterval_ESTest.test09(BaseInterval_ESTest.java:125)
	at sun.reflect.NativeMethodAccessorImpl.invoke0(Native Method)
	at sun.reflect.NativeMethodAccessorImpl.invoke(NativeMethodAccessorImpl.java:62)
	at sun.reflect.DelegatingMethodAccessorImpl.invoke(DelegatingMethodAccessorImpl.java:43)
	at java.lang.reflect.Method.invoke(Method.java:498)
	at org.junit.runners.model.FrameworkMethod$1.runReflectiveCall(FrameworkMethod.java:50)
	at org.junit.internal.runners.model.ReflectiveCallable.run(ReflectiveCallable.java:12)
	at org.junit.runners.model.FrameworkMethod.invokeExplosively(FrameworkMethod.java:47)
	at org.junit.internal.runners.statements.InvokeMethod.evaluate(InvokeMethod.java:17)
	at org.junit.internal.runners.statements.FailOnTimeout$CallableStatement.call(FailOnTimeout.java:298)
	at org.junit.internal.runners.statements.FailOnTimeout$CallableStatement.call(FailOnTimeout.java:292)
	at java.util.concurrent.FutureTask.run(FutureTask.java:266)
	at java.lang.Thread.run(Thread.java:748)
3) test05(org.joda.time.base.BaseInterval_ESTest)
org.evosuite.runtime.mock.java.lang.MockIllegalArgumentException: The end instant must be greater or equal to the start
	at org.joda.time.base.AbstractInterval.checkInterval(AbstractInterval.java:63)
	at org.joda.time.base.BaseInterval.<init>(BaseInterval.java:153)
	at org.joda.time.MutableInterval.<init>(MutableInterval.java:154)
	at org.joda.time.base.BaseInterval_ESTest.test05(BaseInterval_ESTest.java:79)
	at sun.reflect.NativeMethodAccessorImpl.invoke0(Native Method)
	at sun.reflect.NativeMethodAccessorImpl.invoke(NativeMethodAccessorImpl.java:62)
	at sun.reflect.DelegatingMethodAccessorImpl.invoke(DelegatingMethodAccessorImpl.java:43)
	at java.lang.reflect.Method.invoke(Method.java:498)
	at org.junit.runners.model.FrameworkMethod$1.runReflectiveCall(FrameworkMethod.java:50)
	at org.junit.internal.runners.model.ReflectiveCallable.run(ReflectiveCallable.java:12)
	at org.junit.runners.model.FrameworkMethod.invokeExplosively(FrameworkMethod.java:47)
	at org.junit.internal.runners.statements.InvokeMethod.evaluate(InvokeMethod.java:17)
	at org.junit.internal.runners.statements.FailOnTimeout$CallableStatement.call(FailOnTimeout.java:298)
	at org.junit.internal.runners.statements.FailOnTimeout$CallableStatement.call(FailOnTimeout.java:292)
	at java.util.concurrent.FutureTask.run(FutureTask.java:266)
	at java.lang.Thread.run(Thread.java:748)
4) test00(org.joda.time.base.BaseInterval_ESTest)
org.evosuite.runtime.mock.java.lang.MockIllegalArgumentException: Format requires a '/' separator: }35aPE9yK:bC
	at org.joda.time.convert.StringConverter.setInto(StringConverter.java:182)
	at org.joda.time.base.BaseInterval.<init>(BaseInterval.java:197)
	at org.joda.time.MutableInterval.<init>(MutableInterval.java:186)
	at org.joda.time.MutableInterval.parse(MutableInterval.java:71)
	at org.joda.time.base.BaseInterval_ESTest.test00(BaseInterval_ESTest.java:33)
	at sun.reflect.NativeMethodAccessorImpl.invoke0(Native Method)
	at sun.reflect.NativeMethodAccessorImpl.invoke(NativeMethodAccessorImpl.java:62)
	at sun.reflect.DelegatingMethodAccessorImpl.invoke(DelegatingMethodAccessorImpl.java:43)
	at java.lang.reflect.Method.invoke(Method.java:498)
	at org.junit.runners.model.FrameworkMethod$1.runReflectiveCall(FrameworkMethod.java:50)
	at org.junit.internal.runners.model.ReflectiveCallable.run(ReflectiveCallable.java:12)
	at org.junit.runners.model.FrameworkMethod.invokeExplosively(FrameworkMethod.java:47)
	at org.junit.internal.runners.statements.InvokeMethod.evaluate(InvokeMethod.java:17)
	at org.junit.internal.runners.statements.FailOnTimeout$CallableStatement.call(FailOnTimeout.java:298)
	at org.junit.internal.runners.statements.FailOnTimeout$CallableStatement.call(FailOnTimeout.java:292)
	at java.util.concurrent.FutureTask.run(FutureTask.java:266)
	at java.lang.Thread.run(Thread.java:748)
5) test11(org.joda.time.base.BaseInterval_ESTest)
org.evosuite.runtime.mock.java.lang.MockIllegalArgumentException: The end instant must be greater or equal to the start
	at org.joda.time.base.AbstractInterval.checkInterval(AbstractInterval.java:63)
	at org.joda.time.base.BaseInterval.setInterval(BaseInterval.java:248)
	at org.joda.time.MutableInterval.setEndMillis(MutableInterval.java:296)
	at org.joda.time.base.BaseInterval_ESTest.test11(BaseInterval_ESTest.java:150)
	at sun.reflect.NativeMethodAccessorImpl.invoke0(Native Method)
	at sun.reflect.NativeMethodAccessorImpl.invoke(NativeMethodAccessorImpl.java:62)
	at sun.reflect.DelegatingMethodAccessorImpl.invoke(DelegatingMethodAccessorImpl.java:43)
	at java.lang.reflect.Method.invoke(Method.java:498)
	at org.junit.runners.model.FrameworkMethod$1.runReflectiveCall(FrameworkMethod.java:50)
	at org.junit.internal.runners.model.ReflectiveCallable.run(ReflectiveCallable.java:12)
	at org.junit.runners.model.FrameworkMethod.invokeExplosively(FrameworkMethod.java:47)
	at org.junit.internal.runners.statements.InvokeMethod.evaluate(InvokeMethod.java:17)
	at org.junit.internal.runners.statements.FailOnTimeout$CallableStatement.call(FailOnTimeout.java:298)
	at org.junit.internal.runners.statements.FailOnTimeout$CallableStatement.call(FailOnTimeout.java:292)
	at java.util.concurrent.FutureTask.run(FutureTask.java:266)
	at java.lang.Thread.run(Thread.java:748)

FAILURES!!!
Tests run: 12,  Failures: 5

