JUnit version 4.12
.E
Time: 2.354
There was 1 failure:
1) test0(org.joda.time.format.DateTimeFormatterBuilder_ESTest)
org.evosuite.runtime.mock.java.lang.MockIllegalArgumentException: No partial converter found for type: org.joda.time.tz.FixedDateTimeZone
	at org.joda.time.convert.ConverterManager.getPartialConverter(ConverterManager.java:252)
	at org.joda.time.base.BasePartial.<init>(BasePartial.java:159)
	at org.joda.time.YearMonth.<init>(YearMonth.java:311)
	at org.joda.time.format.DateTimeFormatterBuilder_ESTest.test0(DateTimeFormatterBuilder_ESTest.java:29)
	at sun.reflect.NativeMethodAccessorImpl.invoke0(Native Method)
	at sun.reflect.NativeMethodAccessorImpl.invoke(NativeMethodAccessorImpl.java:62)
	at sun.reflect.DelegatingMethodAccessorImpl.invoke(DelegatingMethodAccessorImpl.java:43)
	at java.lang.reflect.Method.invoke(Method.java:498)
	at org.junit.runners.model.FrameworkMethod$1.runReflectiveCall(FrameworkMethod.java:50)
	at org.junit.internal.runners.model.ReflectiveCallable.run(ReflectiveCallable.java:12)
	at org.junit.runners.model.FrameworkMethod.invokeExplosively(FrameworkMethod.java:47)
	at org.junit.internal.runners.statements.InvokeMethod.evaluate(InvokeMethod.java:17)
	at org.junit.internal.runners.statements.FailOnTimeout$CallableStatement.call(FailOnTimeout.java:298)
	at org.junit.internal.runners.statements.FailOnTimeout$CallableStatement.call(FailOnTimeout.java:292)
	at java.util.concurrent.FutureTask.run(FutureTask.java:266)
	at java.lang.Thread.run(Thread.java:748)

FAILURES!!!
Tests run: 1,  Failures: 1

