JUnit version 4.12
..E....................................E.............E......
Time: 2.387
There were 3 failures:
1) test39(com.google.javascript.rhino.head.NativeObject_ESTest)
com.google.javascript.rhino.head.EcmaError: TypeError: Expected argument of type object, but instead had type undefined
	at com.google.javascript.rhino.head.ScriptRuntime.constructError(ScriptRuntime.java:3728)
	at com.google.javascript.rhino.head.ScriptRuntime.constructError(ScriptRuntime.java:3706)
	at com.google.javascript.rhino.head.ScriptRuntime.typeError(ScriptRuntime.java:3734)
	at com.google.javascript.rhino.head.ScriptRuntime.typeError1(ScriptRuntime.java:3746)
	at com.google.javascript.rhino.head.ScriptableObject.ensureScriptableObject(ScriptableObject.java:2028)
	at com.google.javascript.rhino.head.NativeObject.execIdCall(NativeObject.java:339)
	at com.google.javascript.rhino.head.IdFunctionObject.call(IdFunctionObject.java:129)
	at com.google.javascript.rhino.head.Context$1.run(Context.java:508)
	at com.google.javascript.rhino.head.Context.call(Context.java:519)
	at com.google.javascript.rhino.head.Context.call(Context.java:506)
	at com.google.javascript.rhino.head.ScriptableObject.callMethod(ScriptableObject.java:2553)
	at com.google.javascript.rhino.head.ScriptableObject.callMethod(ScriptableObject.java:2523)
	at com.google.javascript.rhino.head.NativeObject_ESTest.test39(NativeObject_ESTest.java:526)
	at sun.reflect.NativeMethodAccessorImpl.invoke0(Native Method)
	at sun.reflect.NativeMethodAccessorImpl.invoke(NativeMethodAccessorImpl.java:62)
	at sun.reflect.DelegatingMethodAccessorImpl.invoke(DelegatingMethodAccessorImpl.java:43)
	at java.lang.reflect.Method.invoke(Method.java:498)
	at org.junit.runners.model.FrameworkMethod$1.runReflectiveCall(FrameworkMethod.java:50)
	at org.junit.internal.runners.model.ReflectiveCallable.run(ReflectiveCallable.java:12)
	at org.junit.runners.model.FrameworkMethod.invokeExplosively(FrameworkMethod.java:47)
	at org.junit.internal.runners.statements.InvokeMethod.evaluate(InvokeMethod.java:17)
	at org.junit.internal.runners.statements.FailOnTimeout$CallableStatement.call(FailOnTimeout.java:298)
	at org.junit.internal.runners.statements.FailOnTimeout$CallableStatement.call(FailOnTimeout.java:292)
	at java.util.concurrent.FutureTask.run(FutureTask.java:266)
	at java.lang.Thread.run(Thread.java:748)
2) test41(com.google.javascript.rhino.head.NativeObject_ESTest)
com.google.javascript.rhino.head.EcmaError: TypeError: Expected argument of type object, but instead had type undefined
	at com.google.javascript.rhino.head.ScriptRuntime.constructError(ScriptRuntime.java:3728)
	at com.google.javascript.rhino.head.ScriptRuntime.constructError(ScriptRuntime.java:3706)
	at com.google.javascript.rhino.head.ScriptRuntime.typeError(ScriptRuntime.java:3734)
	at com.google.javascript.rhino.head.ScriptRuntime.typeError1(ScriptRuntime.java:3746)
	at com.google.javascript.rhino.head.ScriptableObject.ensureScriptableObject(ScriptableObject.java:2028)
	at com.google.javascript.rhino.head.NativeObject.execIdCall(NativeObject.java:362)
	at com.google.javascript.rhino.head.IdFunctionObject.call(IdFunctionObject.java:129)
	at com.google.javascript.rhino.head.Context$1.run(Context.java:508)
	at com.google.javascript.rhino.head.Context.call(Context.java:519)
	at com.google.javascript.rhino.head.Context.call(Context.java:506)
	at com.google.javascript.rhino.head.ScriptableObject.callMethod(ScriptableObject.java:2553)
	at com.google.javascript.rhino.head.ScriptableObject.callMethod(ScriptableObject.java:2523)
	at com.google.javascript.rhino.head.NativeObject_ESTest.test41(NativeObject_ESTest.java:562)
	at sun.reflect.NativeMethodAccessorImpl.invoke0(Native Method)
	at sun.reflect.NativeMethodAccessorImpl.invoke(NativeMethodAccessorImpl.java:62)
	at sun.reflect.DelegatingMethodAccessorImpl.invoke(DelegatingMethodAccessorImpl.java:43)
	at java.lang.reflect.Method.invoke(Method.java:498)
	at org.junit.runners.model.FrameworkMethod$1.runReflectiveCall(FrameworkMethod.java:50)
	at org.junit.internal.runners.model.ReflectiveCallable.run(ReflectiveCallable.java:12)
	at org.junit.runners.model.FrameworkMethod.invokeExplosively(FrameworkMethod.java:47)
	at org.junit.internal.runners.statements.InvokeMethod.evaluate(InvokeMethod.java:17)
	at org.junit.internal.runners.statements.FailOnTimeout$CallableStatement.call(FailOnTimeout.java:298)
	at org.junit.internal.runners.statements.FailOnTimeout$CallableStatement.call(FailOnTimeout.java:292)
	at java.util.concurrent.FutureTask.run(FutureTask.java:266)
	at java.lang.Thread.run(Thread.java:748)
3) test48(com.google.javascript.rhino.head.NativeObject_ESTest)
java.lang.AssertionError: Expecting exception: NullPointerException
	at org.junit.Assert.fail(Assert.java:88)
	at com.google.javascript.rhino.head.NativeObject_ESTest.test48(NativeObject_ESTest.java:685)
	at sun.reflect.NativeMethodAccessorImpl.invoke0(Native Method)
	at sun.reflect.NativeMethodAccessorImpl.invoke(NativeMethodAccessorImpl.java:62)
	at sun.reflect.DelegatingMethodAccessorImpl.invoke(DelegatingMethodAccessorImpl.java:43)
	at java.lang.reflect.Method.invoke(Method.java:498)
	at org.junit.runners.model.FrameworkMethod$1.runReflectiveCall(FrameworkMethod.java:50)
	at org.junit.internal.runners.model.ReflectiveCallable.run(ReflectiveCallable.java:12)
	at org.junit.runners.model.FrameworkMethod.invokeExplosively(FrameworkMethod.java:47)
	at org.junit.internal.runners.statements.InvokeMethod.evaluate(InvokeMethod.java:17)
	at org.junit.internal.runners.statements.FailOnTimeout$CallableStatement.call(FailOnTimeout.java:298)
	at org.junit.internal.runners.statements.FailOnTimeout$CallableStatement.call(FailOnTimeout.java:292)
	at java.util.concurrent.FutureTask.run(FutureTask.java:266)
	at java.lang.Thread.run(Thread.java:748)

FAILURES!!!
Tests run: 57,  Failures: 3

