JUnit version 4.12
.E.E.E.E....E
Time: 1.031
There were 5 failures:
1) test1(org.apache.commons.math.ode.DormandPrince853StepInterpolator_ESTest)
java.lang.ArrayIndexOutOfBoundsException: 0
	at org.apache.commons.math.ode.DormandPrince853StepInterpolator.doFinalize(DormandPrince853StepInterpolator.java:225)
	at org.apache.commons.math.ode.DormandPrince853StepInterpolator_ESTest.test1(DormandPrince853StepInterpolator_ESTest.java:58)
	at sun.reflect.NativeMethodAccessorImpl.invoke0(Native Method)
	at sun.reflect.NativeMethodAccessorImpl.invoke(NativeMethodAccessorImpl.java:62)
	at sun.reflect.DelegatingMethodAccessorImpl.invoke(DelegatingMethodAccessorImpl.java:43)
	at java.lang.reflect.Method.invoke(Method.java:498)
	at org.junit.runners.model.FrameworkMethod$1.runReflectiveCall(FrameworkMethod.java:50)
	at org.junit.internal.runners.model.ReflectiveCallable.run(ReflectiveCallable.java:12)
	at org.junit.runners.model.FrameworkMethod.invokeExplosively(FrameworkMethod.java:47)
	at org.junit.internal.runners.statements.InvokeMethod.evaluate(InvokeMethod.java:17)
	at org.junit.internal.runners.statements.FailOnTimeout$CallableStatement.call(FailOnTimeout.java:298)
	at org.junit.internal.runners.statements.FailOnTimeout$CallableStatement.call(FailOnTimeout.java:292)
	at java.util.concurrent.FutureTask.run(FutureTask.java:266)
	at java.lang.Thread.run(Thread.java:748)
2) test0(org.apache.commons.math.ode.DormandPrince853StepInterpolator_ESTest)
java.lang.NullPointerException
	at org.apache.commons.math.ode.RungeKuttaStepInterpolator.writeExternal(RungeKuttaStepInterpolator.java:133)
	at org.apache.commons.math.ode.DormandPrince853StepInterpolator.writeExternal(DormandPrince853StepInterpolator.java:275)
	at org.apache.commons.math.ode.DormandPrince853StepInterpolator_ESTest.test0(DormandPrince853StepInterpolator_ESTest.java:39)
	at sun.reflect.NativeMethodAccessorImpl.invoke0(Native Method)
	at sun.reflect.NativeMethodAccessorImpl.invoke(NativeMethodAccessorImpl.java:62)
	at sun.reflect.DelegatingMethodAccessorImpl.invoke(DelegatingMethodAccessorImpl.java:43)
	at java.lang.reflect.Method.invoke(Method.java:498)
	at org.junit.runners.model.FrameworkMethod$1.runReflectiveCall(FrameworkMethod.java:50)
	at org.junit.internal.runners.model.ReflectiveCallable.run(ReflectiveCallable.java:12)
	at org.junit.runners.model.FrameworkMethod.invokeExplosively(FrameworkMethod.java:47)
	at org.junit.internal.runners.statements.InvokeMethod.evaluate(InvokeMethod.java:17)
	at org.junit.internal.runners.statements.FailOnTimeout$CallableStatement.call(FailOnTimeout.java:298)
	at org.junit.internal.runners.statements.FailOnTimeout$CallableStatement.call(FailOnTimeout.java:292)
	at java.util.concurrent.FutureTask.run(FutureTask.java:266)
	at java.lang.Thread.run(Thread.java:748)
3) test3(org.apache.commons.math.ode.DormandPrince853StepInterpolator_ESTest)
java.lang.NullPointerException
	at org.apache.commons.math.ode.DormandPrince853StepInterpolator.doFinalize(DormandPrince853StepInterpolator.java:230)
	at org.apache.commons.math.ode.AbstractStepInterpolator.finalizeStep(AbstractStepInterpolator.java:343)
	at org.apache.commons.math.ode.DormandPrince853StepInterpolator.computeInterpolatedState(DormandPrince853StepInterpolator.java:172)
	at org.apache.commons.math.ode.DormandPrince853StepInterpolator_ESTest.test3(DormandPrince853StepInterpolator_ESTest.java:95)
	at sun.reflect.NativeMethodAccessorImpl.invoke0(Native Method)
	at sun.reflect.NativeMethodAccessorImpl.invoke(NativeMethodAccessorImpl.java:62)
	at sun.reflect.DelegatingMethodAccessorImpl.invoke(DelegatingMethodAccessorImpl.java:43)
	at java.lang.reflect.Method.invoke(Method.java:498)
	at org.junit.runners.model.FrameworkMethod$1.runReflectiveCall(FrameworkMethod.java:50)
	at org.junit.internal.runners.model.ReflectiveCallable.run(ReflectiveCallable.java:12)
	at org.junit.runners.model.FrameworkMethod.invokeExplosively(FrameworkMethod.java:47)
	at org.junit.internal.runners.statements.InvokeMethod.evaluate(InvokeMethod.java:17)
	at org.junit.internal.runners.statements.FailOnTimeout$CallableStatement.call(FailOnTimeout.java:298)
	at org.junit.internal.runners.statements.FailOnTimeout$CallableStatement.call(FailOnTimeout.java:292)
	at java.util.concurrent.FutureTask.run(FutureTask.java:266)
	at java.lang.Thread.run(Thread.java:748)
4) test2(org.apache.commons.math.ode.DormandPrince853StepInterpolator_ESTest)
java.lang.NullPointerException
	at org.apache.commons.math.ode.DormandPrince853StepInterpolator.computeInterpolatedState(DormandPrince853StepInterpolator.java:176)
	at org.apache.commons.math.ode.DormandPrince853StepInterpolator_ESTest.test2(DormandPrince853StepInterpolator_ESTest.java:76)
	at sun.reflect.NativeMethodAccessorImpl.invoke0(Native Method)
	at sun.reflect.NativeMethodAccessorImpl.invoke(NativeMethodAccessorImpl.java:62)
	at sun.reflect.DelegatingMethodAccessorImpl.invoke(DelegatingMethodAccessorImpl.java:43)
	at java.lang.reflect.Method.invoke(Method.java:498)
	at org.junit.runners.model.FrameworkMethod$1.runReflectiveCall(FrameworkMethod.java:50)
	at org.junit.internal.runners.model.ReflectiveCallable.run(ReflectiveCallable.java:12)
	at org.junit.runners.model.FrameworkMethod.invokeExplosively(FrameworkMethod.java:47)
	at org.junit.internal.runners.statements.InvokeMethod.evaluate(InvokeMethod.java:17)
	at org.junit.internal.runners.statements.FailOnTimeout$CallableStatement.call(FailOnTimeout.java:298)
	at org.junit.internal.runners.statements.FailOnTimeout$CallableStatement.call(FailOnTimeout.java:292)
	at java.util.concurrent.FutureTask.run(FutureTask.java:266)
	at java.lang.Thread.run(Thread.java:748)
5) test6(org.apache.commons.math.ode.DormandPrince853StepInterpolator_ESTest)
java.lang.NullPointerException
	at org.apache.commons.math.ode.AbstractStepInterpolator.storeTime(AbstractStepInterpolator.java:210)
	at org.apache.commons.math.ode.DormandPrince853StepInterpolator.storeTime(DormandPrince853StepInterpolator.java:144)
	at org.apache.commons.math.ode.DormandPrince853StepInterpolator_ESTest.test6(DormandPrince853StepInterpolator_ESTest.java:131)
	at sun.reflect.NativeMethodAccessorImpl.invoke0(Native Method)
	at sun.reflect.NativeMethodAccessorImpl.invoke(NativeMethodAccessorImpl.java:62)
	at sun.reflect.DelegatingMethodAccessorImpl.invoke(DelegatingMethodAccessorImpl.java:43)
	at java.lang.reflect.Method.invoke(Method.java:498)
	at org.junit.runners.model.FrameworkMethod$1.runReflectiveCall(FrameworkMethod.java:50)
	at org.junit.internal.runners.model.ReflectiveCallable.run(ReflectiveCallable.java:12)
	at org.junit.runners.model.FrameworkMethod.invokeExplosively(FrameworkMethod.java:47)
	at org.junit.internal.runners.statements.InvokeMethod.evaluate(InvokeMethod.java:17)
	at org.junit.internal.runners.statements.FailOnTimeout$CallableStatement.call(FailOnTimeout.java:298)
	at org.junit.internal.runners.statements.FailOnTimeout$CallableStatement.call(FailOnTimeout.java:292)
	at java.util.concurrent.FutureTask.run(FutureTask.java:266)
	at java.lang.Thread.run(Thread.java:748)

FAILURES!!!
Tests run: 8,  Failures: 5

