JUnit version 4.12
.E.E..E.E..E...E..E..E..E.E.E.E.E.E........E....E.E.E.E..E.E...E..E..E..E.E..E..E.E..E.E.E.E.E..E..E..E.E..E.E.E...E.E..E...E..I...E..E.E...E..E.E...E.....E..E..E...E.E.E.E..E....E...E..E.E...E..E.E..E.E.E.E.E...E..E..E..E.I........E.E..E...E.E.E.E....E.E..E..E..E...E..E...E.....E.E..E..E.E.E.E..E...E.E..E.E.E..E.E.E...E..E.E.E...E
Time: 16.547
There were 112 failures:
1) test111(org.joda.time.format.DateTimeFormatterBuilder_ESTest)
org.evosuite.runtime.mock.java.lang.MockIllegalArgumentException
	at org.joda.time.format.DateTimeFormatterBuilder$TimeZoneOffset.<init>(DateTimeFormatterBuilder.java:2088)
	at org.joda.time.format.DateTimeFormatterBuilder_ESTest.test111(DateTimeFormatterBuilder_ESTest.java:2369)
	at sun.reflect.NativeMethodAccessorImpl.invoke0(Native Method)
	at sun.reflect.NativeMethodAccessorImpl.invoke(NativeMethodAccessorImpl.java:62)
	at sun.reflect.DelegatingMethodAccessorImpl.invoke(DelegatingMethodAccessorImpl.java:43)
	at java.lang.reflect.Method.invoke(Method.java:498)
	at org.junit.runners.model.FrameworkMethod$1.runReflectiveCall(FrameworkMethod.java:50)
	at org.junit.internal.runners.model.ReflectiveCallable.run(ReflectiveCallable.java:12)
	at org.junit.runners.model.FrameworkMethod.invokeExplosively(FrameworkMethod.java:47)
	at org.junit.internal.runners.statements.InvokeMethod.evaluate(InvokeMethod.java:17)
	at org.junit.internal.runners.statements.FailOnTimeout$CallableStatement.call(FailOnTimeout.java:298)
	at org.junit.internal.runners.statements.FailOnTimeout$CallableStatement.call(FailOnTimeout.java:292)
	at java.util.concurrent.FutureTask.run(FutureTask.java:266)
	at java.lang.Thread.run(Thread.java:748)
2) test110(org.joda.time.format.DateTimeFormatterBuilder_ESTest)
java.lang.UnsupportedOperationException
	at org.joda.time.format.DateTimeFormatterBuilder$Composite.parseInto(DateTimeFormatterBuilder.java:2690)
	at org.joda.time.format.DateTimeFormatter.parseLocalDateTime(DateTimeFormatter.java:809)
	at org.joda.time.format.DateTimeFormatter.parseLocalDate(DateTimeFormatter.java:769)
	at org.joda.time.format.DateTimeFormatterBuilder_ESTest.test110(DateTimeFormatterBuilder_ESTest.java:2351)
	at sun.reflect.NativeMethodAccessorImpl.invoke0(Native Method)
	at sun.reflect.NativeMethodAccessorImpl.invoke(NativeMethodAccessorImpl.java:62)
	at sun.reflect.DelegatingMethodAccessorImpl.invoke(DelegatingMethodAccessorImpl.java:43)
	at java.lang.reflect.Method.invoke(Method.java:498)
	at org.junit.runners.model.FrameworkMethod$1.runReflectiveCall(FrameworkMethod.java:50)
	at org.junit.internal.runners.model.ReflectiveCallable.run(ReflectiveCallable.java:12)
	at org.junit.runners.model.FrameworkMethod.invokeExplosively(FrameworkMethod.java:47)
	at org.junit.internal.runners.statements.InvokeMethod.evaluate(InvokeMethod.java:17)
	at org.junit.internal.runners.statements.FailOnTimeout$CallableStatement.call(FailOnTimeout.java:298)
	at org.junit.internal.runners.statements.FailOnTimeout$CallableStatement.call(FailOnTimeout.java:292)
	at java.util.concurrent.FutureTask.run(FutureTask.java:266)
	at java.lang.Thread.run(Thread.java:748)
3) test106(org.joda.time.format.DateTimeFormatterBuilder_ESTest)
java.lang.UnsupportedOperationException
	at org.joda.time.format.DateTimeFormatterBuilder$Composite.printTo(DateTimeFormatterBuilder.java:2635)
	at org.joda.time.format.DateTimeFormatterBuilder_ESTest.test106(DateTimeFormatterBuilder_ESTest.java:2279)
	at sun.reflect.NativeMethodAccessorImpl.invoke0(Native Method)
	at sun.reflect.NativeMethodAccessorImpl.invoke(NativeMethodAccessorImpl.java:62)
	at sun.reflect.DelegatingMethodAccessorImpl.invoke(DelegatingMethodAccessorImpl.java:43)
	at java.lang.reflect.Method.invoke(Method.java:498)
	at org.junit.runners.model.FrameworkMethod$1.runReflectiveCall(FrameworkMethod.java:50)
	at org.junit.internal.runners.model.ReflectiveCallable.run(ReflectiveCallable.java:12)
	at org.junit.runners.model.FrameworkMethod.invokeExplosively(FrameworkMethod.java:47)
	at org.junit.internal.runners.statements.InvokeMethod.evaluate(InvokeMethod.java:17)
	at org.junit.internal.runners.statements.FailOnTimeout$CallableStatement.call(FailOnTimeout.java:298)
	at org.junit.internal.runners.statements.FailOnTimeout$CallableStatement.call(FailOnTimeout.java:292)
	at java.util.concurrent.FutureTask.run(FutureTask.java:266)
	at java.lang.Thread.run(Thread.java:748)
4) test105(org.joda.time.format.DateTimeFormatterBuilder_ESTest)
java.lang.NullPointerException
	at org.joda.time.format.DateTimeFormatterBuilder$UnpaddedNumber.printTo(DateTimeFormatterBuilder.java:1393)
	at org.joda.time.format.DateTimeFormatterBuilder$Composite.printTo(DateTimeFormatterBuilder.java:2662)
	at org.joda.time.format.DateTimeFormatterBuilder_ESTest.test105(DateTimeFormatterBuilder_ESTest.java:2254)
	at sun.reflect.NativeMethodAccessorImpl.invoke0(Native Method)
	at sun.reflect.NativeMethodAccessorImpl.invoke(NativeMethodAccessorImpl.java:62)
	at sun.reflect.DelegatingMethodAccessorImpl.invoke(DelegatingMethodAccessorImpl.java:43)
	at java.lang.reflect.Method.invoke(Method.java:498)
	at org.junit.runners.model.FrameworkMethod$1.runReflectiveCall(FrameworkMethod.java:50)
	at org.junit.internal.runners.model.ReflectiveCallable.run(ReflectiveCallable.java:12)
	at org.junit.runners.model.FrameworkMethod.invokeExplosively(FrameworkMethod.java:47)
	at org.junit.internal.runners.statements.InvokeMethod.evaluate(InvokeMethod.java:17)
	at org.junit.internal.runners.statements.FailOnTimeout$CallableStatement.call(FailOnTimeout.java:298)
	at org.junit.internal.runners.statements.FailOnTimeout$CallableStatement.call(FailOnTimeout.java:292)
	at java.util.concurrent.FutureTask.run(FutureTask.java:266)
	at java.lang.Thread.run(Thread.java:748)
5) test107(org.joda.time.format.DateTimeFormatterBuilder_ESTest)
org.evosuite.runtime.mock.java.lang.MockIllegalArgumentException
	at org.joda.time.format.DateTimeFormatterBuilder.appendDecimal(DateTimeFormatterBuilder.java:403)
	at org.joda.time.format.DateTimeFormatterBuilder_ESTest.test107(DateTimeFormatterBuilder_ESTest.java:2302)
	at sun.reflect.NativeMethodAccessorImpl.invoke0(Native Method)
	at sun.reflect.NativeMethodAccessorImpl.invoke(NativeMethodAccessorImpl.java:62)
	at sun.reflect.DelegatingMethodAccessorImpl.invoke(DelegatingMethodAccessorImpl.java:43)
	at java.lang.reflect.Method.invoke(Method.java:498)
	at org.junit.runners.model.FrameworkMethod$1.runReflectiveCall(FrameworkMethod.java:50)
	at org.junit.internal.runners.model.ReflectiveCallable.run(ReflectiveCallable.java:12)
	at org.junit.runners.model.FrameworkMethod.invokeExplosively(FrameworkMethod.java:47)
	at org.junit.internal.runners.statements.InvokeMethod.evaluate(InvokeMethod.java:17)
	at org.junit.internal.runners.statements.FailOnTimeout$CallableStatement.call(FailOnTimeout.java:298)
	at org.junit.internal.runners.statements.FailOnTimeout$CallableStatement.call(FailOnTimeout.java:292)
	at java.util.concurrent.FutureTask.run(FutureTask.java:266)
	at java.lang.Thread.run(Thread.java:748)
6) test104(org.joda.time.format.DateTimeFormatterBuilder_ESTest)
java.lang.NullPointerException
	at org.joda.time.format.DateTimeFormatterBuilder$TwoDigitYear.printTo(DateTimeFormatterBuilder.java:1685)
	at org.joda.time.format.DateTimeFormatterBuilder_ESTest.test104(DateTimeFormatterBuilder_ESTest.java:2220)
	at sun.reflect.NativeMethodAccessorImpl.invoke0(Native Method)
	at sun.reflect.NativeMethodAccessorImpl.invoke(NativeMethodAccessorImpl.java:62)
	at sun.reflect.DelegatingMethodAccessorImpl.invoke(DelegatingMethodAccessorImpl.java:43)
	at java.lang.reflect.Method.invoke(Method.java:498)
	at org.junit.runners.model.FrameworkMethod$1.runReflectiveCall(FrameworkMethod.java:50)
	at org.junit.internal.runners.model.ReflectiveCallable.run(ReflectiveCallable.java:12)
	at org.junit.runners.model.FrameworkMethod.invokeExplosively(FrameworkMethod.java:47)
	at org.junit.internal.runners.statements.InvokeMethod.evaluate(InvokeMethod.java:17)
	at org.junit.internal.runners.statements.FailOnTimeout$CallableStatement.call(FailOnTimeout.java:298)
	at org.junit.internal.runners.statements.FailOnTimeout$CallableStatement.call(FailOnTimeout.java:292)
	at java.util.concurrent.FutureTask.run(FutureTask.java:266)
	at java.lang.Thread.run(Thread.java:748)
7) test100(org.joda.time.format.DateTimeFormatterBuilder_ESTest)
java.io.IOException: Pipe not connected
	at java.io.PipedWriter.write(PipedWriter.java:146)
	at java.io.Writer.write(Writer.java:192)
	at java.io.Writer.write(Writer.java:157)
	at org.joda.time.format.DateTimeFormatterBuilder$TextField.printTo(DateTimeFormatterBuilder.java:1739)
	at org.joda.time.format.DateTimeFormatterBuilder_ESTest.test100(DateTimeFormatterBuilder_ESTest.java:2153)
	at sun.reflect.NativeMethodAccessorImpl.invoke0(Native Method)
	at sun.reflect.NativeMethodAccessorImpl.invoke(NativeMethodAccessorImpl.java:62)
	at sun.reflect.DelegatingMethodAccessorImpl.invoke(DelegatingMethodAccessorImpl.java:43)
	at java.lang.reflect.Method.invoke(Method.java:498)
	at org.junit.runners.model.FrameworkMethod$1.runReflectiveCall(FrameworkMethod.java:50)
	at org.junit.internal.runners.model.ReflectiveCallable.run(ReflectiveCallable.java:12)
	at org.junit.runners.model.FrameworkMethod.invokeExplosively(FrameworkMethod.java:47)
	at org.junit.internal.runners.statements.InvokeMethod.evaluate(InvokeMethod.java:17)
	at org.junit.internal.runners.statements.FailOnTimeout$CallableStatement.call(FailOnTimeout.java:298)
	at org.junit.internal.runners.statements.FailOnTimeout$CallableStatement.call(FailOnTimeout.java:292)
	at java.util.concurrent.FutureTask.run(FutureTask.java:266)
	at java.lang.Thread.run(Thread.java:748)
8) test219(org.joda.time.format.DateTimeFormatterBuilder_ESTest)
org.evosuite.runtime.mock.java.lang.MockIllegalArgumentException: Invalid format: "-z" is malformed at "z"
	at org.joda.time.format.DateTimeFormatter.parseLocalDateTime(DateTimeFormatter.java:825)
	at org.joda.time.format.DateTimeFormatter.parseLocalDate(DateTimeFormatter.java:769)
	at org.joda.time.LocalDate.parse(LocalDate.java:178)
	at org.joda.time.format.DateTimeFormatterBuilder_ESTest.test219(DateTimeFormatterBuilder_ESTest.java:8960)
	at sun.reflect.NativeMethodAccessorImpl.invoke0(Native Method)
	at sun.reflect.NativeMethodAccessorImpl.invoke(NativeMethodAccessorImpl.java:62)
	at sun.reflect.DelegatingMethodAccessorImpl.invoke(DelegatingMethodAccessorImpl.java:43)
	at java.lang.reflect.Method.invoke(Method.java:498)
	at org.junit.runners.model.FrameworkMethod$1.runReflectiveCall(FrameworkMethod.java:50)
	at org.junit.internal.runners.model.ReflectiveCallable.run(ReflectiveCallable.java:12)
	at org.junit.runners.model.FrameworkMethod.invokeExplosively(FrameworkMethod.java:47)
	at org.junit.internal.runners.statements.InvokeMethod.evaluate(InvokeMethod.java:17)
	at org.junit.internal.runners.statements.FailOnTimeout$CallableStatement.call(FailOnTimeout.java:298)
	at org.junit.internal.runners.statements.FailOnTimeout$CallableStatement.call(FailOnTimeout.java:292)
	at java.util.concurrent.FutureTask.run(FutureTask.java:266)
	at java.lang.Thread.run(Thread.java:748)
9) test215(org.joda.time.format.DateTimeFormatterBuilder_ESTest)
java.lang.IllegalArgumentException: No enum constant org.joda.time.format.DateTimeFormatterBuilder.TimeZoneId.
	at java.lang.Enum.valueOf(Enum.java:238)
	at org.joda.time.format.DateTimeFormatterBuilder$TimeZoneId.valueOf(DateTimeFormatterBuilder.java:2498)
	at org.joda.time.format.DateTimeFormatterBuilder_ESTest.test215(DateTimeFormatterBuilder_ESTest.java:8889)
	at sun.reflect.NativeMethodAccessorImpl.invoke0(Native Method)
	at sun.reflect.NativeMethodAccessorImpl.invoke(NativeMethodAccessorImpl.java:62)
	at sun.reflect.DelegatingMethodAccessorImpl.invoke(DelegatingMethodAccessorImpl.java:43)
	at java.lang.reflect.Method.invoke(Method.java:498)
	at org.junit.runners.model.FrameworkMethod$1.runReflectiveCall(FrameworkMethod.java:50)
	at org.junit.internal.runners.model.ReflectiveCallable.run(ReflectiveCallable.java:12)
	at org.junit.runners.model.FrameworkMethod.invokeExplosively(FrameworkMethod.java:47)
	at org.junit.internal.runners.statements.InvokeMethod.evaluate(InvokeMethod.java:17)
	at org.junit.internal.runners.statements.FailOnTimeout$CallableStatement.call(FailOnTimeout.java:298)
	at org.junit.internal.runners.statements.FailOnTimeout$CallableStatement.call(FailOnTimeout.java:292)
	at java.util.concurrent.FutureTask.run(FutureTask.java:266)
	at java.lang.Thread.run(Thread.java:748)
10) test218(org.joda.time.format.DateTimeFormatterBuilder_ESTest)
java.lang.NullPointerException
	at org.joda.time.format.FormatUtils.writePaddedInteger(FormatUtils.java:158)
	at org.joda.time.format.DateTimeFormatterBuilder$TwoDigitYear.printTo(DateTimeFormatterBuilder.java:1688)
	at org.joda.time.format.DateTimeFormatterBuilder_ESTest.test218(DateTimeFormatterBuilder_ESTest.java:8938)
	at sun.reflect.NativeMethodAccessorImpl.invoke0(Native Method)
	at sun.reflect.NativeMethodAccessorImpl.invoke(NativeMethodAccessorImpl.java:62)
	at sun.reflect.DelegatingMethodAccessorImpl.invoke(DelegatingMethodAccessorImpl.java:43)
	at java.lang.reflect.Method.invoke(Method.java:498)
	at org.junit.runners.model.FrameworkMethod$1.runReflectiveCall(FrameworkMethod.java:50)
	at org.junit.internal.runners.model.ReflectiveCallable.run(ReflectiveCallable.java:12)
	at org.junit.runners.model.FrameworkMethod.invokeExplosively(FrameworkMethod.java:47)
	at org.junit.internal.runners.statements.InvokeMethod.evaluate(InvokeMethod.java:17)
	at org.junit.internal.runners.statements.FailOnTimeout$CallableStatement.call(FailOnTimeout.java:298)
	at org.junit.internal.runners.statements.FailOnTimeout$CallableStatement.call(FailOnTimeout.java:292)
	at java.util.concurrent.FutureTask.run(FutureTask.java:266)
	at java.lang.Thread.run(Thread.java:748)
11) test217(org.joda.time.format.DateTimeFormatterBuilder_ESTest)
org.evosuite.runtime.mock.java.lang.MockIllegalArgumentException: Field type must not be null
	at org.joda.time.format.DateTimeFormatterBuilder.appendText(DateTimeFormatterBuilder.java:497)
	at org.joda.time.format.DateTimeFormatterBuilder_ESTest.test217(DateTimeFormatterBuilder_ESTest.java:8916)
	at sun.reflect.NativeMethodAccessorImpl.invoke0(Native Method)
	at sun.reflect.NativeMethodAccessorImpl.invoke(NativeMethodAccessorImpl.java:62)
	at sun.reflect.DelegatingMethodAccessorImpl.invoke(DelegatingMethodAccessorImpl.java:43)
	at java.lang.reflect.Method.invoke(Method.java:498)
	at org.junit.runners.model.FrameworkMethod$1.runReflectiveCall(FrameworkMethod.java:50)
	at org.junit.internal.runners.model.ReflectiveCallable.run(ReflectiveCallable.java:12)
	at org.junit.runners.model.FrameworkMethod.invokeExplosively(FrameworkMethod.java:47)
	at org.junit.internal.runners.statements.InvokeMethod.evaluate(InvokeMethod.java:17)
	at org.junit.internal.runners.statements.FailOnTimeout$CallableStatement.call(FailOnTimeout.java:298)
	at org.junit.internal.runners.statements.FailOnTimeout$CallableStatement.call(FailOnTimeout.java:292)
	at java.util.concurrent.FutureTask.run(FutureTask.java:266)
	at java.lang.Thread.run(Thread.java:748)
12) test212(org.joda.time.format.DateTimeFormatterBuilder_ESTest)
org.evosuite.runtime.mock.java.lang.MockIllegalArgumentException: Invalid format: "'3R5*b*E<"
	at org.joda.time.format.DateTimeFormatter.parseLocalDateTime(DateTimeFormatter.java:825)
	at org.joda.time.format.DateTimeFormatter.parseLocalDate(DateTimeFormatter.java:769)
	at org.joda.time.format.DateTimeFormatterBuilder_ESTest.test212(DateTimeFormatterBuilder_ESTest.java:8829)
	at sun.reflect.NativeMethodAccessorImpl.invoke0(Native Method)
	at sun.reflect.NativeMethodAccessorImpl.invoke(NativeMethodAccessorImpl.java:62)
	at sun.reflect.DelegatingMethodAccessorImpl.invoke(DelegatingMethodAccessorImpl.java:43)
	at java.lang.reflect.Method.invoke(Method.java:498)
	at org.junit.runners.model.FrameworkMethod$1.runReflectiveCall(FrameworkMethod.java:50)
	at org.junit.internal.runners.model.ReflectiveCallable.run(ReflectiveCallable.java:12)
	at org.junit.runners.model.FrameworkMethod.invokeExplosively(FrameworkMethod.java:47)
	at org.junit.internal.runners.statements.InvokeMethod.evaluate(InvokeMethod.java:17)
	at org.junit.internal.runners.statements.FailOnTimeout$CallableStatement.call(FailOnTimeout.java:298)
	at org.junit.internal.runners.statements.FailOnTimeout$CallableStatement.call(FailOnTimeout.java:292)
	at java.util.concurrent.FutureTask.run(FutureTask.java:266)
	at java.lang.Thread.run(Thread.java:748)
13) test211(org.joda.time.format.DateTimeFormatterBuilder_ESTest)
java.lang.UnsupportedOperationException
	at org.joda.time.format.DateTimeFormatterBuilder$Composite.printTo(DateTimeFormatterBuilder.java:2669)
	at org.joda.time.format.DateTimeFormatterBuilder_ESTest.test211(DateTimeFormatterBuilder_ESTest.java:8803)
	at sun.reflect.NativeMethodAccessorImpl.invoke0(Native Method)
	at sun.reflect.NativeMethodAccessorImpl.invoke(NativeMethodAccessorImpl.java:62)
	at sun.reflect.DelegatingMethodAccessorImpl.invoke(DelegatingMethodAccessorImpl.java:43)
	at java.lang.reflect.Method.invoke(Method.java:498)
	at org.junit.runners.model.FrameworkMethod$1.runReflectiveCall(FrameworkMethod.java:50)
	at org.junit.internal.runners.model.ReflectiveCallable.run(ReflectiveCallable.java:12)
	at org.junit.runners.model.FrameworkMethod.invokeExplosively(FrameworkMethod.java:47)
	at org.junit.internal.runners.statements.InvokeMethod.evaluate(InvokeMethod.java:17)
	at org.junit.internal.runners.statements.FailOnTimeout$CallableStatement.call(FailOnTimeout.java:298)
	at org.junit.internal.runners.statements.FailOnTimeout$CallableStatement.call(FailOnTimeout.java:292)
	at java.util.concurrent.FutureTask.run(FutureTask.java:266)
	at java.lang.Thread.run(Thread.java:748)
14) test214(org.joda.time.format.DateTimeFormatterBuilder_ESTest)
org.evosuite.runtime.mock.java.lang.MockIllegalArgumentException
	at org.joda.time.format.DateTimeFormatterBuilder.appendDecimal(DateTimeFormatterBuilder.java:403)
	at org.joda.time.format.DateTimeFormatterBuilder.appendHourOfHalfday(DateTimeFormatterBuilder.java:707)
	at org.joda.time.format.DateTimeFormatterBuilder_ESTest.test214(DateTimeFormatterBuilder_ESTest.java:8860)
	at sun.reflect.NativeMethodAccessorImpl.invoke0(Native Method)
	at sun.reflect.NativeMethodAccessorImpl.invoke(NativeMethodAccessorImpl.java:62)
	at sun.reflect.DelegatingMethodAccessorImpl.invoke(DelegatingMethodAccessorImpl.java:43)
	at java.lang.reflect.Method.invoke(Method.java:498)
	at org.junit.runners.model.FrameworkMethod$1.runReflectiveCall(FrameworkMethod.java:50)
	at org.junit.internal.runners.model.ReflectiveCallable.run(ReflectiveCallable.java:12)
	at org.junit.runners.model.FrameworkMethod.invokeExplosively(FrameworkMethod.java:47)
	at org.junit.internal.runners.statements.InvokeMethod.evaluate(InvokeMethod.java:17)
	at org.junit.internal.runners.statements.FailOnTimeout$CallableStatement.call(FailOnTimeout.java:298)
	at org.junit.internal.runners.statements.FailOnTimeout$CallableStatement.call(FailOnTimeout.java:292)
	at java.util.concurrent.FutureTask.run(FutureTask.java:266)
	at java.lang.Thread.run(Thread.java:748)
15) test132(org.joda.time.format.DateTimeFormatterBuilder_ESTest)
org.evosuite.runtime.mock.java.lang.MockIllegalArgumentException: No formatter supplied
	at org.joda.time.format.DateTimeFormatterBuilder.append(DateTimeFormatterBuilder.java:210)
	at org.joda.time.format.DateTimeFormatterBuilder_ESTest.test132(DateTimeFormatterBuilder_ESTest.java:3934)
	at sun.reflect.NativeMethodAccessorImpl.invoke0(Native Method)
	at sun.reflect.NativeMethodAccessorImpl.invoke(NativeMethodAccessorImpl.java:62)
	at sun.reflect.DelegatingMethodAccessorImpl.invoke(DelegatingMethodAccessorImpl.java:43)
	at java.lang.reflect.Method.invoke(Method.java:498)
	at org.junit.runners.model.FrameworkMethod$1.runReflectiveCall(FrameworkMethod.java:50)
	at org.junit.internal.runners.model.ReflectiveCallable.run(ReflectiveCallable.java:12)
	at org.junit.runners.model.FrameworkMethod.invokeExplosively(FrameworkMethod.java:47)
	at org.junit.internal.runners.statements.InvokeMethod.evaluate(InvokeMethod.java:17)
	at org.junit.internal.runners.statements.FailOnTimeout$CallableStatement.call(FailOnTimeout.java:298)
	at org.junit.internal.runners.statements.FailOnTimeout$CallableStatement.call(FailOnTimeout.java:292)
	at java.util.concurrent.FutureTask.run(FutureTask.java:266)
	at java.lang.Thread.run(Thread.java:748)
16) test127(org.joda.time.format.DateTimeFormatterBuilder_ESTest)
java.lang.NullPointerException
	at org.joda.time.format.FormatUtils.appendPaddedInteger(FormatUtils.java:64)
	at org.joda.time.format.DateTimeFormatterBuilder$TwoDigitYear.printTo(DateTimeFormatterBuilder.java:1678)
	at org.joda.time.format.DateTimeFormatterBuilder_ESTest.test127(DateTimeFormatterBuilder_ESTest.java:3351)
	at sun.reflect.NativeMethodAccessorImpl.invoke0(Native Method)
	at sun.reflect.NativeMethodAccessorImpl.invoke(NativeMethodAccessorImpl.java:62)
	at sun.reflect.DelegatingMethodAccessorImpl.invoke(DelegatingMethodAccessorImpl.java:43)
	at java.lang.reflect.Method.invoke(Method.java:498)
	at org.junit.runners.model.FrameworkMethod$1.runReflectiveCall(FrameworkMethod.java:50)
	at org.junit.internal.runners.model.ReflectiveCallable.run(ReflectiveCallable.java:12)
	at org.junit.runners.model.FrameworkMethod.invokeExplosively(FrameworkMethod.java:47)
	at org.junit.internal.runners.statements.InvokeMethod.evaluate(InvokeMethod.java:17)
	at org.junit.internal.runners.statements.FailOnTimeout$CallableStatement.call(FailOnTimeout.java:298)
	at org.junit.internal.runners.statements.FailOnTimeout$CallableStatement.call(FailOnTimeout.java:292)
	at java.util.concurrent.FutureTask.run(FutureTask.java:266)
	at java.lang.Thread.run(Thread.java:748)
17) test009(org.joda.time.format.DateTimeFormatterBuilder_ESTest)
org.evosuite.runtime.mock.java.lang.MockIllegalArgumentException: Invalid format: "+L|)4lnB'SfY_C," is malformed at "L|)4lnB'SfY_C,"
	at org.joda.time.format.DateTimeFormatter.parseLocalDateTime(DateTimeFormatter.java:825)
	at org.joda.time.format.DateTimeFormatter.parseLocalDate(DateTimeFormatter.java:769)
	at org.joda.time.format.DateTimeFormatterBuilder_ESTest.test009(DateTimeFormatterBuilder_ESTest.java:307)
	at sun.reflect.NativeMethodAccessorImpl.invoke0(Native Method)
	at sun.reflect.NativeMethodAccessorImpl.invoke(NativeMethodAccessorImpl.java:62)
	at sun.reflect.DelegatingMethodAccessorImpl.invoke(DelegatingMethodAccessorImpl.java:43)
	at java.lang.reflect.Method.invoke(Method.java:498)
	at org.junit.runners.model.FrameworkMethod$1.runReflectiveCall(FrameworkMethod.java:50)
	at org.junit.internal.runners.model.ReflectiveCallable.run(ReflectiveCallable.java:12)
	at org.junit.runners.model.FrameworkMethod.invokeExplosively(FrameworkMethod.java:47)
	at org.junit.internal.runners.statements.InvokeMethod.evaluate(InvokeMethod.java:17)
	at org.junit.internal.runners.statements.FailOnTimeout$CallableStatement.call(FailOnTimeout.java:298)
	at org.junit.internal.runners.statements.FailOnTimeout$CallableStatement.call(FailOnTimeout.java:292)
	at java.util.concurrent.FutureTask.run(FutureTask.java:266)
	at java.lang.Thread.run(Thread.java:748)
18) test008(org.joda.time.format.DateTimeFormatterBuilder_ESTest)
org.evosuite.runtime.mock.java.lang.MockIllegalArgumentException: Invalid format: "1l{v" is malformed at "l{v"
	at org.joda.time.format.DateTimeFormatter.parseLocalDateTime(DateTimeFormatter.java:825)
	at org.joda.time.format.DateTimeFormatter.parseLocalDate(DateTimeFormatter.java:769)
	at org.joda.time.MonthDay.parse(MonthDay.java:160)
	at org.joda.time.MonthDay.parse(MonthDay.java:149)
	at org.joda.time.format.DateTimeFormatterBuilder_ESTest.test008(DateTimeFormatterBuilder_ESTest.java:273)
	at sun.reflect.NativeMethodAccessorImpl.invoke0(Native Method)
	at sun.reflect.NativeMethodAccessorImpl.invoke(NativeMethodAccessorImpl.java:62)
	at sun.reflect.DelegatingMethodAccessorImpl.invoke(DelegatingMethodAccessorImpl.java:43)
	at java.lang.reflect.Method.invoke(Method.java:498)
	at org.junit.runners.model.FrameworkMethod$1.runReflectiveCall(FrameworkMethod.java:50)
	at org.junit.internal.runners.model.ReflectiveCallable.run(ReflectiveCallable.java:12)
	at org.junit.runners.model.FrameworkMethod.invokeExplosively(FrameworkMethod.java:47)
	at org.junit.internal.runners.statements.InvokeMethod.evaluate(InvokeMethod.java:17)
	at org.junit.internal.runners.statements.FailOnTimeout$CallableStatement.call(FailOnTimeout.java:298)
	at org.junit.internal.runners.statements.FailOnTimeout$CallableStatement.call(FailOnTimeout.java:292)
	at java.util.concurrent.FutureTask.run(FutureTask.java:266)
	at java.lang.Thread.run(Thread.java:748)
19) test129(org.joda.time.format.DateTimeFormatterBuilder_ESTest)
org.evosuite.runtime.mock.java.lang.MockIllegalArgumentException
	at org.joda.time.format.DateTimeFormatterBuilder.appendFraction(DateTimeFormatterBuilder.java:539)
	at org.joda.time.format.DateTimeFormatterBuilder.appendFractionOfDay(DateTimeFormatterBuilder.java:610)
	at org.joda.time.format.DateTimeFormatterBuilder_ESTest.test129(DateTimeFormatterBuilder_ESTest.java:3447)
	at sun.reflect.NativeMethodAccessorImpl.invoke0(Native Method)
	at sun.reflect.NativeMethodAccessorImpl.invoke(NativeMethodAccessorImpl.java:62)
	at sun.reflect.DelegatingMethodAccessorImpl.invoke(DelegatingMethodAccessorImpl.java:43)
	at java.lang.reflect.Method.invoke(Method.java:498)
	at org.junit.runners.model.FrameworkMethod$1.runReflectiveCall(FrameworkMethod.java:50)
	at org.junit.internal.runners.model.ReflectiveCallable.run(ReflectiveCallable.java:12)
	at org.junit.runners.model.FrameworkMethod.invokeExplosively(FrameworkMethod.java:47)
	at org.junit.internal.runners.statements.InvokeMethod.evaluate(InvokeMethod.java:17)
	at org.junit.internal.runners.statements.FailOnTimeout$CallableStatement.call(FailOnTimeout.java:298)
	at org.junit.internal.runners.statements.FailOnTimeout$CallableStatement.call(FailOnTimeout.java:292)
	at java.util.concurrent.FutureTask.run(FutureTask.java:266)
	at java.lang.Thread.run(Thread.java:748)
20) test124(org.joda.time.format.DateTimeFormatterBuilder_ESTest)
org.evosuite.runtime.mock.java.lang.MockIllegalArgumentException: Invalid format: "P Ewffb'nF[C7J|%g.a"
	at org.joda.time.format.DateTimeFormatter.parseLocalDateTime(DateTimeFormatter.java:825)
	at org.joda.time.format.DateTimeFormatter.parseLocalDate(DateTimeFormatter.java:769)
	at org.joda.time.format.DateTimeFormatterBuilder_ESTest.test124(DateTimeFormatterBuilder_ESTest.java:3190)
	at sun.reflect.NativeMethodAccessorImpl.invoke0(Native Method)
	at sun.reflect.NativeMethodAccessorImpl.invoke(NativeMethodAccessorImpl.java:62)
	at sun.reflect.DelegatingMethodAccessorImpl.invoke(DelegatingMethodAccessorImpl.java:43)
	at java.lang.reflect.Method.invoke(Method.java:498)
	at org.junit.runners.model.FrameworkMethod$1.runReflectiveCall(FrameworkMethod.java:50)
	at org.junit.internal.runners.model.ReflectiveCallable.run(ReflectiveCallable.java:12)
	at org.junit.runners.model.FrameworkMethod.invokeExplosively(FrameworkMethod.java:47)
	at org.junit.internal.runners.statements.InvokeMethod.evaluate(InvokeMethod.java:17)
	at org.junit.internal.runners.statements.FailOnTimeout$CallableStatement.call(FailOnTimeout.java:298)
	at org.junit.internal.runners.statements.FailOnTimeout$CallableStatement.call(FailOnTimeout.java:292)
	at java.util.concurrent.FutureTask.run(FutureTask.java:266)
	at java.lang.Thread.run(Thread.java:748)
21) test002(org.joda.time.format.DateTimeFormatterBuilder_ESTest)
java.lang.NullPointerException
	at org.joda.time.format.DateTimeFormatterBuilder$Fraction.printTo(DateTimeFormatterBuilder.java:1953)
	at org.joda.time.format.DateTimeFormatterBuilder$Fraction.printTo(DateTimeFormatterBuilder.java:1875)
	at org.joda.time.format.DateTimeFormatterBuilder_ESTest.test002(DateTimeFormatterBuilder_ESTest.java:158)
	at sun.reflect.NativeMethodAccessorImpl.invoke0(Native Method)
	at sun.reflect.NativeMethodAccessorImpl.invoke(NativeMethodAccessorImpl.java:62)
	at sun.reflect.DelegatingMethodAccessorImpl.invoke(DelegatingMethodAccessorImpl.java:43)
	at java.lang.reflect.Method.invoke(Method.java:498)
	at org.junit.runners.model.FrameworkMethod$1.runReflectiveCall(FrameworkMethod.java:50)
	at org.junit.internal.runners.model.ReflectiveCallable.run(ReflectiveCallable.java:12)
	at org.junit.runners.model.FrameworkMethod.invokeExplosively(FrameworkMethod.java:47)
	at org.junit.internal.runners.statements.InvokeMethod.evaluate(InvokeMethod.java:17)
	at org.junit.internal.runners.statements.FailOnTimeout$CallableStatement.call(FailOnTimeout.java:298)
	at org.junit.internal.runners.statements.FailOnTimeout$CallableStatement.call(FailOnTimeout.java:292)
	at java.util.concurrent.FutureTask.run(FutureTask.java:266)
	at java.lang.Thread.run(Thread.java:748)
22) test126(org.joda.time.format.DateTimeFormatterBuilder_ESTest)
java.lang.IllegalArgumentException: Offset is too large
	at org.joda.time.DateTimeZone.forOffsetHoursMinutes(DateTimeZone.java:270)
	at org.joda.time.format.DateTimeFormatterBuilder_ESTest.test126(DateTimeFormatterBuilder_ESTest.java:3299)
	at sun.reflect.NativeMethodAccessorImpl.invoke0(Native Method)
	at sun.reflect.NativeMethodAccessorImpl.invoke(NativeMethodAccessorImpl.java:62)
	at sun.reflect.DelegatingMethodAccessorImpl.invoke(DelegatingMethodAccessorImpl.java:43)
	at java.lang.reflect.Method.invoke(Method.java:498)
	at org.junit.runners.model.FrameworkMethod$1.runReflectiveCall(FrameworkMethod.java:50)
	at org.junit.internal.runners.model.ReflectiveCallable.run(ReflectiveCallable.java:12)
	at org.junit.runners.model.FrameworkMethod.invokeExplosively(FrameworkMethod.java:47)
	at org.junit.internal.runners.statements.InvokeMethod.evaluate(InvokeMethod.java:17)
	at org.junit.internal.runners.statements.FailOnTimeout$CallableStatement.call(FailOnTimeout.java:298)
	at org.junit.internal.runners.statements.FailOnTimeout$CallableStatement.call(FailOnTimeout.java:292)
	at java.util.concurrent.FutureTask.run(FutureTask.java:266)
	at java.lang.Thread.run(Thread.java:748)
23) test125(org.joda.time.format.DateTimeFormatterBuilder_ESTest)
org.evosuite.runtime.mock.java.lang.MockIllegalArgumentException: Invalid format: "3Qe-)#6"
	at org.joda.time.format.DateTimeFormatter.parseLocalDateTime(DateTimeFormatter.java:825)
	at org.joda.time.format.DateTimeFormatter.parseLocalDate(DateTimeFormatter.java:769)
	at org.joda.time.format.DateTimeFormatterBuilder_ESTest.test125(DateTimeFormatterBuilder_ESTest.java:3256)
	at sun.reflect.NativeMethodAccessorImpl.invoke0(Native Method)
	at sun.reflect.NativeMethodAccessorImpl.invoke(NativeMethodAccessorImpl.java:62)
	at sun.reflect.DelegatingMethodAccessorImpl.invoke(DelegatingMethodAccessorImpl.java:43)
	at java.lang.reflect.Method.invoke(Method.java:498)
	at org.junit.runners.model.FrameworkMethod$1.runReflectiveCall(FrameworkMethod.java:50)
	at org.junit.internal.runners.model.ReflectiveCallable.run(ReflectiveCallable.java:12)
	at org.junit.runners.model.FrameworkMethod.invokeExplosively(FrameworkMethod.java:47)
	at org.junit.internal.runners.statements.InvokeMethod.evaluate(InvokeMethod.java:17)
	at org.junit.internal.runners.statements.FailOnTimeout$CallableStatement.call(FailOnTimeout.java:298)
	at org.junit.internal.runners.statements.FailOnTimeout$CallableStatement.call(FailOnTimeout.java:292)
	at java.util.concurrent.FutureTask.run(FutureTask.java:266)
	at java.lang.Thread.run(Thread.java:748)
24) test001(org.joda.time.format.DateTimeFormatterBuilder_ESTest)
java.lang.IllegalArgumentException: No enum constant org.joda.time.format.DateTimeFormatterBuilder.TimeZoneId.9 K8ce+ca0+,g
	at java.lang.Enum.valueOf(Enum.java:238)
	at org.joda.time.format.DateTimeFormatterBuilder$TimeZoneId.valueOf(DateTimeFormatterBuilder.java:2498)
	at org.joda.time.format.DateTimeFormatterBuilder_ESTest.test001(DateTimeFormatterBuilder_ESTest.java:135)
	at sun.reflect.NativeMethodAccessorImpl.invoke0(Native Method)
	at sun.reflect.NativeMethodAccessorImpl.invoke(NativeMethodAccessorImpl.java:62)
	at sun.reflect.DelegatingMethodAccessorImpl.invoke(DelegatingMethodAccessorImpl.java:43)
	at java.lang.reflect.Method.invoke(Method.java:498)
	at org.junit.runners.model.FrameworkMethod$1.runReflectiveCall(FrameworkMethod.java:50)
	at org.junit.internal.runners.model.ReflectiveCallable.run(ReflectiveCallable.java:12)
	at org.junit.runners.model.FrameworkMethod.invokeExplosively(FrameworkMethod.java:47)
	at org.junit.internal.runners.statements.InvokeMethod.evaluate(InvokeMethod.java:17)
	at org.junit.internal.runners.statements.FailOnTimeout$CallableStatement.call(FailOnTimeout.java:298)
	at org.junit.internal.runners.statements.FailOnTimeout$CallableStatement.call(FailOnTimeout.java:292)
	at java.util.concurrent.FutureTask.run(FutureTask.java:266)
	at java.lang.Thread.run(Thread.java:748)
25) test000(org.joda.time.format.DateTimeFormatterBuilder_ESTest)
org.evosuite.runtime.mock.java.lang.MockIllegalArgumentException: Invalid format: "America/Argentina/Buenos_Aires"
	at org.joda.time.format.DateTimeFormatter.parseLocalDateTime(DateTimeFormatter.java:825)
	at org.joda.time.format.DateTimeFormatter.parseLocalDate(DateTimeFormatter.java:769)
	at org.joda.time.MonthDay.parse(MonthDay.java:160)
	at org.joda.time.MonthDay.parse(MonthDay.java:149)
	at org.joda.time.format.DateTimeFormatterBuilder_ESTest.test000(DateTimeFormatterBuilder_ESTest.java:99)
	at sun.reflect.NativeMethodAccessorImpl.invoke0(Native Method)
	at sun.reflect.NativeMethodAccessorImpl.invoke(NativeMethodAccessorImpl.java:62)
	at sun.reflect.DelegatingMethodAccessorImpl.invoke(DelegatingMethodAccessorImpl.java:43)
	at java.lang.reflect.Method.invoke(Method.java:498)
	at org.junit.runners.model.FrameworkMethod$1.runReflectiveCall(FrameworkMethod.java:50)
	at org.junit.internal.runners.model.ReflectiveCallable.run(ReflectiveCallable.java:12)
	at org.junit.runners.model.FrameworkMethod.invokeExplosively(FrameworkMethod.java:47)
	at org.junit.internal.runners.statements.InvokeMethod.evaluate(InvokeMethod.java:17)
	at org.junit.internal.runners.statements.FailOnTimeout$CallableStatement.call(FailOnTimeout.java:298)
	at org.junit.internal.runners.statements.FailOnTimeout$CallableStatement.call(FailOnTimeout.java:292)
	at java.util.concurrent.FutureTask.run(FutureTask.java:266)
	at java.lang.Thread.run(Thread.java:748)
26) test121(org.joda.time.format.DateTimeFormatterBuilder_ESTest)
org.evosuite.runtime.mock.java.lang.MockIllegalArgumentException: Invalid format: "1l{v" is malformed at "l{v"
	at org.joda.time.format.DateTimeFormatter.parseLocalDateTime(DateTimeFormatter.java:825)
	at org.joda.time.format.DateTimeFormatter.parseLocalDate(DateTimeFormatter.java:769)
	at org.joda.time.MonthDay.parse(MonthDay.java:160)
	at org.joda.time.MonthDay.parse(MonthDay.java:149)
	at org.joda.time.format.DateTimeFormatterBuilder_ESTest.test121(DateTimeFormatterBuilder_ESTest.java:2866)
	at sun.reflect.NativeMethodAccessorImpl.invoke0(Native Method)
	at sun.reflect.NativeMethodAccessorImpl.invoke(NativeMethodAccessorImpl.java:62)
	at sun.reflect.DelegatingMethodAccessorImpl.invoke(DelegatingMethodAccessorImpl.java:43)
	at java.lang.reflect.Method.invoke(Method.java:498)
	at org.junit.runners.model.FrameworkMethod$1.runReflectiveCall(FrameworkMethod.java:50)
	at org.junit.internal.runners.model.ReflectiveCallable.run(ReflectiveCallable.java:12)
	at org.junit.runners.model.FrameworkMethod.invokeExplosively(FrameworkMethod.java:47)
	at org.junit.internal.runners.statements.InvokeMethod.evaluate(InvokeMethod.java:17)
	at org.junit.internal.runners.statements.FailOnTimeout$CallableStatement.call(FailOnTimeout.java:298)
	at org.junit.internal.runners.statements.FailOnTimeout$CallableStatement.call(FailOnTimeout.java:292)
	at java.util.concurrent.FutureTask.run(FutureTask.java:266)
	at java.lang.Thread.run(Thread.java:748)
27) test116(org.joda.time.format.DateTimeFormatterBuilder_ESTest)
java.lang.NegativeArraySizeException
	at java.lang.AbstractStringBuilder.<init>(AbstractStringBuilder.java:68)
	at java.lang.StringBuffer.<init>(StringBuffer.java:128)
	at org.joda.time.format.DateTimeFormatterBuilder_ESTest.test116(DateTimeFormatterBuilder_ESTest.java:2470)
	at sun.reflect.NativeMethodAccessorImpl.invoke0(Native Method)
	at sun.reflect.NativeMethodAccessorImpl.invoke(NativeMethodAccessorImpl.java:62)
	at sun.reflect.DelegatingMethodAccessorImpl.invoke(DelegatingMethodAccessorImpl.java:43)
	at java.lang.reflect.Method.invoke(Method.java:498)
	at org.junit.runners.model.FrameworkMethod$1.runReflectiveCall(FrameworkMethod.java:50)
	at org.junit.internal.runners.model.ReflectiveCallable.run(ReflectiveCallable.java:12)
	at org.junit.runners.model.FrameworkMethod.invokeExplosively(FrameworkMethod.java:47)
	at org.junit.internal.runners.statements.InvokeMethod.evaluate(InvokeMethod.java:17)
	at org.junit.internal.runners.statements.FailOnTimeout$CallableStatement.call(FailOnTimeout.java:298)
	at org.junit.internal.runners.statements.FailOnTimeout$CallableStatement.call(FailOnTimeout.java:292)
	at java.util.concurrent.FutureTask.run(FutureTask.java:266)
	at java.lang.Thread.run(Thread.java:748)
28) test118(org.joda.time.format.DateTimeFormatterBuilder_ESTest)
java.lang.NullPointerException
	at org.joda.time.format.DateTimeFormatterBuilder$Fraction.printTo(DateTimeFormatterBuilder.java:1901)
	at org.joda.time.format.DateTimeFormatterBuilder_ESTest.test118(DateTimeFormatterBuilder_ESTest.java:2634)
	at sun.reflect.NativeMethodAccessorImpl.invoke0(Native Method)
	at sun.reflect.NativeMethodAccessorImpl.invoke(NativeMethodAccessorImpl.java:62)
	at sun.reflect.DelegatingMethodAccessorImpl.invoke(DelegatingMethodAccessorImpl.java:43)
	at java.lang.reflect.Method.invoke(Method.java:498)
	at org.junit.runners.model.FrameworkMethod$1.runReflectiveCall(FrameworkMethod.java:50)
	at org.junit.internal.runners.model.ReflectiveCallable.run(ReflectiveCallable.java:12)
	at org.junit.runners.model.FrameworkMethod.invokeExplosively(FrameworkMethod.java:47)
	at org.junit.internal.runners.statements.InvokeMethod.evaluate(InvokeMethod.java:17)
	at org.junit.internal.runners.statements.FailOnTimeout$CallableStatement.call(FailOnTimeout.java:298)
	at org.junit.internal.runners.statements.FailOnTimeout$CallableStatement.call(FailOnTimeout.java:292)
	at java.util.concurrent.FutureTask.run(FutureTask.java:266)
	at java.lang.Thread.run(Thread.java:748)
29) test113(org.joda.time.format.DateTimeFormatterBuilder_ESTest)
org.evosuite.runtime.mock.java.lang.MockIllegalArgumentException: Invalid format: "1l{v" is malformed at "l{v"
	at org.joda.time.format.DateTimeFormatter.parseLocalDateTime(DateTimeFormatter.java:825)
	at org.joda.time.format.DateTimeFormatter.parseLocalDate(DateTimeFormatter.java:769)
	at org.joda.time.MonthDay.parse(MonthDay.java:160)
	at org.joda.time.MonthDay.parse(MonthDay.java:149)
	at org.joda.time.format.DateTimeFormatterBuilder_ESTest.test113(DateTimeFormatterBuilder_ESTest.java:2399)
	at sun.reflect.NativeMethodAccessorImpl.invoke0(Native Method)
	at sun.reflect.NativeMethodAccessorImpl.invoke(NativeMethodAccessorImpl.java:62)
	at sun.reflect.DelegatingMethodAccessorImpl.invoke(DelegatingMethodAccessorImpl.java:43)
	at java.lang.reflect.Method.invoke(Method.java:498)
	at org.junit.runners.model.FrameworkMethod$1.runReflectiveCall(FrameworkMethod.java:50)
	at org.junit.internal.runners.model.ReflectiveCallable.run(ReflectiveCallable.java:12)
	at org.junit.runners.model.FrameworkMethod.invokeExplosively(FrameworkMethod.java:47)
	at org.junit.internal.runners.statements.InvokeMethod.evaluate(InvokeMethod.java:17)
	at org.junit.internal.runners.statements.FailOnTimeout$CallableStatement.call(FailOnTimeout.java:298)
	at org.junit.internal.runners.statements.FailOnTimeout$CallableStatement.call(FailOnTimeout.java:292)
	at java.util.concurrent.FutureTask.run(FutureTask.java:266)
	at java.lang.Thread.run(Thread.java:748)
30) test115(org.joda.time.format.DateTimeFormatterBuilder_ESTest)
org.evosuite.runtime.mock.java.lang.MockIllegalArgumentException: Invalid format: "1l{v" is malformed at "l{v"
	at org.joda.time.format.DateTimeFormatter.parseLocalDateTime(DateTimeFormatter.java:825)
	at org.joda.time.format.DateTimeFormatter.parseLocalDate(DateTimeFormatter.java:769)
	at org.joda.time.MonthDay.parse(MonthDay.java:160)
	at org.joda.time.MonthDay.parse(MonthDay.java:149)
	at org.joda.time.format.DateTimeFormatterBuilder_ESTest.test115(DateTimeFormatterBuilder_ESTest.java:2434)
	at sun.reflect.NativeMethodAccessorImpl.invoke0(Native Method)
	at sun.reflect.NativeMethodAccessorImpl.invoke(NativeMethodAccessorImpl.java:62)
	at sun.reflect.DelegatingMethodAccessorImpl.invoke(DelegatingMethodAccessorImpl.java:43)
	at java.lang.reflect.Method.invoke(Method.java:498)
	at org.junit.runners.model.FrameworkMethod$1.runReflectiveCall(FrameworkMethod.java:50)
	at org.junit.internal.runners.model.ReflectiveCallable.run(ReflectiveCallable.java:12)
	at org.junit.runners.model.FrameworkMethod.invokeExplosively(FrameworkMethod.java:47)
	at org.junit.internal.runners.statements.InvokeMethod.evaluate(InvokeMethod.java:17)
	at org.junit.internal.runners.statements.FailOnTimeout$CallableStatement.call(FailOnTimeout.java:298)
	at org.junit.internal.runners.statements.FailOnTimeout$CallableStatement.call(FailOnTimeout.java:292)
	at java.util.concurrent.FutureTask.run(FutureTask.java:266)
	at java.lang.Thread.run(Thread.java:748)
31) test114(org.joda.time.format.DateTimeFormatterBuilder_ESTest)
org.evosuite.runtime.mock.java.lang.MockIllegalArgumentException
	at org.joda.time.format.DateTimeFormatterBuilder.appendDecimal(DateTimeFormatterBuilder.java:403)
	at org.joda.time.format.DateTimeFormatterBuilder.appendHourOfDay(DateTimeFormatterBuilder.java:687)
	at org.joda.time.format.DateTimeFormatterBuilder_ESTest.test114(DateTimeFormatterBuilder_ESTest.java:2415)
	at sun.reflect.NativeMethodAccessorImpl.invoke0(Native Method)
	at sun.reflect.NativeMethodAccessorImpl.invoke(NativeMethodAccessorImpl.java:62)
	at sun.reflect.DelegatingMethodAccessorImpl.invoke(DelegatingMethodAccessorImpl.java:43)
	at java.lang.reflect.Method.invoke(Method.java:498)
	at org.junit.runners.model.FrameworkMethod$1.runReflectiveCall(FrameworkMethod.java:50)
	at org.junit.internal.runners.model.ReflectiveCallable.run(ReflectiveCallable.java:12)
	at org.junit.runners.model.FrameworkMethod.invokeExplosively(FrameworkMethod.java:47)
	at org.junit.internal.runners.statements.InvokeMethod.evaluate(InvokeMethod.java:17)
	at org.junit.internal.runners.statements.FailOnTimeout$CallableStatement.call(FailOnTimeout.java:298)
	at org.junit.internal.runners.statements.FailOnTimeout$CallableStatement.call(FailOnTimeout.java:292)
	at java.util.concurrent.FutureTask.run(FutureTask.java:266)
	at java.lang.Thread.run(Thread.java:748)
32) test032(org.joda.time.format.DateTimeFormatterBuilder_ESTest)
org.evosuite.runtime.mock.java.lang.MockIllegalArgumentException
	at org.joda.time.format.DateTimeFormatterBuilder$TimeZoneOffset.<init>(DateTimeFormatterBuilder.java:2088)
	at org.joda.time.format.DateTimeFormatterBuilder.appendTimeZoneOffset(DateTimeFormatterBuilder.java:1080)
	at org.joda.time.format.DateTimeFormatterBuilder_ESTest.test032(DateTimeFormatterBuilder_ESTest.java:766)
	at sun.reflect.NativeMethodAccessorImpl.invoke0(Native Method)
	at sun.reflect.NativeMethodAccessorImpl.invoke(NativeMethodAccessorImpl.java:62)
	at sun.reflect.DelegatingMethodAccessorImpl.invoke(DelegatingMethodAccessorImpl.java:43)
	at java.lang.reflect.Method.invoke(Method.java:498)
	at org.junit.runners.model.FrameworkMethod$1.runReflectiveCall(FrameworkMethod.java:50)
	at org.junit.internal.runners.model.ReflectiveCallable.run(ReflectiveCallable.java:12)
	at org.junit.runners.model.FrameworkMethod.invokeExplosively(FrameworkMethod.java:47)
	at org.junit.internal.runners.statements.InvokeMethod.evaluate(InvokeMethod.java:17)
	at org.junit.internal.runners.statements.FailOnTimeout$CallableStatement.call(FailOnTimeout.java:298)
	at org.junit.internal.runners.statements.FailOnTimeout$CallableStatement.call(FailOnTimeout.java:292)
	at java.util.concurrent.FutureTask.run(FutureTask.java:266)
	at java.lang.Thread.run(Thread.java:748)
33) test153(org.joda.time.format.DateTimeFormatterBuilder_ESTest)
org.evosuite.runtime.mock.java.lang.MockIllegalArgumentException: Incomplete parser array
	at org.joda.time.format.DateTimeFormatterBuilder.append(DateTimeFormatterBuilder.java:291)
	at org.joda.time.format.DateTimeFormatterBuilder_ESTest.test153(DateTimeFormatterBuilder_ESTest.java:5395)
	at sun.reflect.NativeMethodAccessorImpl.invoke0(Native Method)
	at sun.reflect.NativeMethodAccessorImpl.invoke(NativeMethodAccessorImpl.java:62)
	at sun.reflect.DelegatingMethodAccessorImpl.invoke(DelegatingMethodAccessorImpl.java:43)
	at java.lang.reflect.Method.invoke(Method.java:498)
	at org.junit.runners.model.FrameworkMethod$1.runReflectiveCall(FrameworkMethod.java:50)
	at org.junit.internal.runners.model.ReflectiveCallable.run(ReflectiveCallable.java:12)
	at org.junit.runners.model.FrameworkMethod.invokeExplosively(FrameworkMethod.java:47)
	at org.junit.internal.runners.statements.InvokeMethod.evaluate(InvokeMethod.java:17)
	at org.junit.internal.runners.statements.FailOnTimeout$CallableStatement.call(FailOnTimeout.java:298)
	at org.junit.internal.runners.statements.FailOnTimeout$CallableStatement.call(FailOnTimeout.java:292)
	at java.util.concurrent.FutureTask.run(FutureTask.java:266)
	at java.lang.Thread.run(Thread.java:748)
34) test031(org.joda.time.format.DateTimeFormatterBuilder_ESTest)
org.evosuite.runtime.mock.java.lang.MockIllegalArgumentException: Invalid format: "!: YYr m<n)NAmj"
	at org.joda.time.format.DateTimeFormatter.parseLocalDateTime(DateTimeFormatter.java:825)
	at org.joda.time.format.DateTimeFormatter.parseLocalDate(DateTimeFormatter.java:769)
	at org.joda.time.format.DateTimeFormatterBuilder_ESTest.test031(DateTimeFormatterBuilder_ESTest.java:746)
	at sun.reflect.NativeMethodAccessorImpl.invoke0(Native Method)
	at sun.reflect.NativeMethodAccessorImpl.invoke(NativeMethodAccessorImpl.java:62)
	at sun.reflect.DelegatingMethodAccessorImpl.invoke(DelegatingMethodAccessorImpl.java:43)
	at java.lang.reflect.Method.invoke(Method.java:498)
	at org.junit.runners.model.FrameworkMethod$1.runReflectiveCall(FrameworkMethod.java:50)
	at org.junit.internal.runners.model.ReflectiveCallable.run(ReflectiveCallable.java:12)
	at org.junit.runners.model.FrameworkMethod.invokeExplosively(FrameworkMethod.java:47)
	at org.junit.internal.runners.statements.InvokeMethod.evaluate(InvokeMethod.java:17)
	at org.junit.internal.runners.statements.FailOnTimeout$CallableStatement.call(FailOnTimeout.java:298)
	at org.junit.internal.runners.statements.FailOnTimeout$CallableStatement.call(FailOnTimeout.java:292)
	at java.util.concurrent.FutureTask.run(FutureTask.java:266)
	at java.lang.Thread.run(Thread.java:748)
35) test034(org.joda.time.format.DateTimeFormatterBuilder_ESTest)
org.evosuite.runtime.mock.java.lang.MockIllegalArgumentException: Invalid format: "1l{v" is malformed at "l{v"
	at org.joda.time.format.DateTimeFormatter.parseLocalDateTime(DateTimeFormatter.java:825)
	at org.joda.time.format.DateTimeFormatter.parseLocalDate(DateTimeFormatter.java:769)
	at org.joda.time.MonthDay.parse(MonthDay.java:160)
	at org.joda.time.MonthDay.parse(MonthDay.java:149)
	at org.joda.time.format.DateTimeFormatterBuilder_ESTest.test034(DateTimeFormatterBuilder_ESTest.java:807)
	at sun.reflect.NativeMethodAccessorImpl.invoke0(Native Method)
	at sun.reflect.NativeMethodAccessorImpl.invoke(NativeMethodAccessorImpl.java:62)
	at sun.reflect.DelegatingMethodAccessorImpl.invoke(DelegatingMethodAccessorImpl.java:43)
	at java.lang.reflect.Method.invoke(Method.java:498)
	at org.junit.runners.model.FrameworkMethod$1.runReflectiveCall(FrameworkMethod.java:50)
	at org.junit.internal.runners.model.ReflectiveCallable.run(ReflectiveCallable.java:12)
	at org.junit.runners.model.FrameworkMethod.invokeExplosively(FrameworkMethod.java:47)
	at org.junit.internal.runners.statements.InvokeMethod.evaluate(InvokeMethod.java:17)
	at org.junit.internal.runners.statements.FailOnTimeout$CallableStatement.call(FailOnTimeout.java:298)
	at org.junit.internal.runners.statements.FailOnTimeout$CallableStatement.call(FailOnTimeout.java:292)
	at java.util.concurrent.FutureTask.run(FutureTask.java:266)
	at java.lang.Thread.run(Thread.java:748)
36) test033(org.joda.time.format.DateTimeFormatterBuilder_ESTest)
java.lang.NullPointerException
	at org.joda.time.format.DateTimeFormatterBuilder$Fraction.printTo(DateTimeFormatterBuilder.java:1985)
	at org.joda.time.format.DateTimeFormatterBuilder$Fraction.printTo(DateTimeFormatterBuilder.java:1875)
	at org.joda.time.format.DateTimeFormatterBuilder_ESTest.test033(DateTimeFormatterBuilder_ESTest.java:789)
	at sun.reflect.NativeMethodAccessorImpl.invoke0(Native Method)
	at sun.reflect.NativeMethodAccessorImpl.invoke(NativeMethodAccessorImpl.java:62)
	at sun.reflect.DelegatingMethodAccessorImpl.invoke(DelegatingMethodAccessorImpl.java:43)
	at java.lang.reflect.Method.invoke(Method.java:498)
	at org.junit.runners.model.FrameworkMethod$1.runReflectiveCall(FrameworkMethod.java:50)
	at org.junit.internal.runners.model.ReflectiveCallable.run(ReflectiveCallable.java:12)
	at org.junit.runners.model.FrameworkMethod.invokeExplosively(FrameworkMethod.java:47)
	at org.junit.internal.runners.statements.InvokeMethod.evaluate(InvokeMethod.java:17)
	at org.junit.internal.runners.statements.FailOnTimeout$CallableStatement.call(FailOnTimeout.java:298)
	at org.junit.internal.runners.statements.FailOnTimeout$CallableStatement.call(FailOnTimeout.java:292)
	at java.util.concurrent.FutureTask.run(FutureTask.java:266)
	at java.lang.Thread.run(Thread.java:748)
37) test030(org.joda.time.format.DateTimeFormatterBuilder_ESTest)
org.evosuite.runtime.mock.java.lang.MockIllegalArgumentException
	at org.joda.time.format.DateTimeFormatterBuilder.appendDecimal(DateTimeFormatterBuilder.java:403)
	at org.joda.time.format.DateTimeFormatterBuilder.appendSecondOfMinute(DateTimeFormatterBuilder.java:647)
	at org.joda.time.format.DateTimeFormatterBuilder_ESTest.test030(DateTimeFormatterBuilder_ESTest.java:706)
	at sun.reflect.NativeMethodAccessorImpl.invoke0(Native Method)
	at sun.reflect.NativeMethodAccessorImpl.invoke(NativeMethodAccessorImpl.java:62)
	at sun.reflect.DelegatingMethodAccessorImpl.invoke(DelegatingMethodAccessorImpl.java:43)
	at java.lang.reflect.Method.invoke(Method.java:498)
	at org.junit.runners.model.FrameworkMethod$1.runReflectiveCall(FrameworkMethod.java:50)
	at org.junit.internal.runners.model.ReflectiveCallable.run(ReflectiveCallable.java:12)
	at org.junit.runners.model.FrameworkMethod.invokeExplosively(FrameworkMethod.java:47)
	at org.junit.internal.runners.statements.InvokeMethod.evaluate(InvokeMethod.java:17)
	at org.junit.internal.runners.statements.FailOnTimeout$CallableStatement.call(FailOnTimeout.java:298)
	at org.junit.internal.runners.statements.FailOnTimeout$CallableStatement.call(FailOnTimeout.java:292)
	at java.util.concurrent.FutureTask.run(FutureTask.java:266)
	at java.lang.Thread.run(Thread.java:748)
38) test151(org.joda.time.format.DateTimeFormatterBuilder_ESTest)
org.evosuite.runtime.mock.java.lang.MockIllegalArgumentException: Invalid format: "rO~"
	at org.joda.time.format.DateTimeFormatter.parseLocalDateTime(DateTimeFormatter.java:825)
	at org.joda.time.format.DateTimeFormatter.parseLocalDate(DateTimeFormatter.java:769)
	at org.joda.time.format.DateTimeFormatterBuilder_ESTest.test151(DateTimeFormatterBuilder_ESTest.java:5229)
	at sun.reflect.NativeMethodAccessorImpl.invoke0(Native Method)
	at sun.reflect.NativeMethodAccessorImpl.invoke(NativeMethodAccessorImpl.java:62)
	at sun.reflect.DelegatingMethodAccessorImpl.invoke(DelegatingMethodAccessorImpl.java:43)
	at java.lang.reflect.Method.invoke(Method.java:498)
	at org.junit.runners.model.FrameworkMethod$1.runReflectiveCall(FrameworkMethod.java:50)
	at org.junit.internal.runners.model.ReflectiveCallable.run(ReflectiveCallable.java:12)
	at org.junit.runners.model.FrameworkMethod.invokeExplosively(FrameworkMethod.java:47)
	at org.junit.internal.runners.statements.InvokeMethod.evaluate(InvokeMethod.java:17)
	at org.junit.internal.runners.statements.FailOnTimeout$CallableStatement.call(FailOnTimeout.java:298)
	at org.junit.internal.runners.statements.FailOnTimeout$CallableStatement.call(FailOnTimeout.java:292)
	at java.util.concurrent.FutureTask.run(FutureTask.java:266)
	at java.lang.Thread.run(Thread.java:748)
39) test029(org.joda.time.format.DateTimeFormatterBuilder_ESTest)
org.evosuite.runtime.mock.java.lang.MockIllegalArgumentException: Invalid format: "--ngapore" is malformed at "-ngapore"
	at org.joda.time.format.DateTimeFormatter.parseMillis(DateTimeFormatter.java:751)
	at org.joda.time.DateTimeZone.parseOffset(DateTimeZone.java:618)
	at org.joda.time.DateTimeZone.forID(DateTimeZone.java:215)
	at org.joda.time.format.DateTimeFormatterBuilder_ESTest.test029(DateTimeFormatterBuilder_ESTest.java:667)
	at sun.reflect.NativeMethodAccessorImpl.invoke0(Native Method)
	at sun.reflect.NativeMethodAccessorImpl.invoke(NativeMethodAccessorImpl.java:62)
	at sun.reflect.DelegatingMethodAccessorImpl.invoke(DelegatingMethodAccessorImpl.java:43)
	at java.lang.reflect.Method.invoke(Method.java:498)
	at org.junit.runners.model.FrameworkMethod$1.runReflectiveCall(FrameworkMethod.java:50)
	at org.junit.internal.runners.model.ReflectiveCallable.run(ReflectiveCallable.java:12)
	at org.junit.runners.model.FrameworkMethod.invokeExplosively(FrameworkMethod.java:47)
	at org.junit.internal.runners.statements.InvokeMethod.evaluate(InvokeMethod.java:17)
	at org.junit.internal.runners.statements.FailOnTimeout$CallableStatement.call(FailOnTimeout.java:298)
	at org.junit.internal.runners.statements.FailOnTimeout$CallableStatement.call(FailOnTimeout.java:292)
	at java.util.concurrent.FutureTask.run(FutureTask.java:266)
	at java.lang.Thread.run(Thread.java:748)
40) test028(org.joda.time.format.DateTimeFormatterBuilder_ESTest)
org.evosuite.runtime.mock.java.lang.MockIllegalArgumentException: No partial converter found for type: org.joda.time.format.DateTimeFormatterBuilder$FixedNumber
	at org.joda.time.convert.ConverterManager.getPartialConverter(ConverterManager.java:252)
	at org.joda.time.LocalDateTime.<init>(LocalDateTime.java:371)
	at org.joda.time.format.DateTimeFormatterBuilder_ESTest.test028(DateTimeFormatterBuilder_ESTest.java:650)
	at sun.reflect.NativeMethodAccessorImpl.invoke0(Native Method)
	at sun.reflect.NativeMethodAccessorImpl.invoke(NativeMethodAccessorImpl.java:62)
	at sun.reflect.DelegatingMethodAccessorImpl.invoke(DelegatingMethodAccessorImpl.java:43)
	at java.lang.reflect.Method.invoke(Method.java:498)
	at org.junit.runners.model.FrameworkMethod$1.runReflectiveCall(FrameworkMethod.java:50)
	at org.junit.internal.runners.model.ReflectiveCallable.run(ReflectiveCallable.java:12)
	at org.junit.runners.model.FrameworkMethod.invokeExplosively(FrameworkMethod.java:47)
	at org.junit.internal.runners.statements.InvokeMethod.evaluate(InvokeMethod.java:17)
	at org.junit.internal.runners.statements.FailOnTimeout$CallableStatement.call(FailOnTimeout.java:298)
	at org.junit.internal.runners.statements.FailOnTimeout$CallableStatement.call(FailOnTimeout.java:292)
	at java.util.concurrent.FutureTask.run(FutureTask.java:266)
	at java.lang.Thread.run(Thread.java:748)
41) test149(org.joda.time.format.DateTimeFormatterBuilder_ESTest)
org.evosuite.runtime.mock.java.lang.MockIllegalArgumentException
	at org.joda.time.format.DateTimeFormatterBuilder.appendSignedDecimal(DateTimeFormatterBuilder.java:455)
	at org.joda.time.format.DateTimeFormatterBuilder.appendYear(DateTimeFormatterBuilder.java:791)
	at org.joda.time.format.DateTimeFormatterBuilder_ESTest.test149(DateTimeFormatterBuilder_ESTest.java:5127)
	at sun.reflect.NativeMethodAccessorImpl.invoke0(Native Method)
	at sun.reflect.NativeMethodAccessorImpl.invoke(NativeMethodAccessorImpl.java:62)
	at sun.reflect.DelegatingMethodAccessorImpl.invoke(DelegatingMethodAccessorImpl.java:43)
	at java.lang.reflect.Method.invoke(Method.java:498)
	at org.junit.runners.model.FrameworkMethod$1.runReflectiveCall(FrameworkMethod.java:50)
	at org.junit.internal.runners.model.ReflectiveCallable.run(ReflectiveCallable.java:12)
	at org.junit.runners.model.FrameworkMethod.invokeExplosively(FrameworkMethod.java:47)
	at org.junit.internal.runners.statements.InvokeMethod.evaluate(InvokeMethod.java:17)
	at org.junit.internal.runners.statements.FailOnTimeout$CallableStatement.call(FailOnTimeout.java:298)
	at org.junit.internal.runners.statements.FailOnTimeout$CallableStatement.call(FailOnTimeout.java:292)
	at java.util.concurrent.FutureTask.run(FutureTask.java:266)
	at java.lang.Thread.run(Thread.java:748)
42) test024(org.joda.time.format.DateTimeFormatterBuilder_ESTest)
org.evosuite.runtime.mock.java.lang.MockIllegalArgumentException: Invalid format: "z4>UbE"
	at org.joda.time.format.DateTimeFormatter.parseLocalDateTime(DateTimeFormatter.java:825)
	at org.joda.time.format.DateTimeFormatter.parseLocalDate(DateTimeFormatter.java:769)
	at org.joda.time.MonthDay.parse(MonthDay.java:160)
	at org.joda.time.MonthDay.parse(MonthDay.java:149)
	at org.joda.time.format.DateTimeFormatterBuilder_ESTest.test024(DateTimeFormatterBuilder_ESTest.java:581)
	at sun.reflect.NativeMethodAccessorImpl.invoke0(Native Method)
	at sun.reflect.NativeMethodAccessorImpl.invoke(NativeMethodAccessorImpl.java:62)
	at sun.reflect.DelegatingMethodAccessorImpl.invoke(DelegatingMethodAccessorImpl.java:43)
	at java.lang.reflect.Method.invoke(Method.java:498)
	at org.junit.runners.model.FrameworkMethod$1.runReflectiveCall(FrameworkMethod.java:50)
	at org.junit.internal.runners.model.ReflectiveCallable.run(ReflectiveCallable.java:12)
	at org.junit.runners.model.FrameworkMethod.invokeExplosively(FrameworkMethod.java:47)
	at org.junit.internal.runners.statements.InvokeMethod.evaluate(InvokeMethod.java:17)
	at org.junit.internal.runners.statements.FailOnTimeout$CallableStatement.call(FailOnTimeout.java:298)
	at org.junit.internal.runners.statements.FailOnTimeout$CallableStatement.call(FailOnTimeout.java:292)
	at java.util.concurrent.FutureTask.run(FutureTask.java:266)
	at java.lang.Thread.run(Thread.java:748)
43) test145(org.joda.time.format.DateTimeFormatterBuilder_ESTest)
org.evosuite.runtime.mock.java.lang.MockIllegalArgumentException: Literal must not be null
	at org.joda.time.format.DateTimeFormatterBuilder.appendLiteral(DateTimeFormatterBuilder.java:371)
	at org.joda.time.format.DateTimeFormatterBuilder_ESTest.test145(DateTimeFormatterBuilder_ESTest.java:4849)
	at sun.reflect.NativeMethodAccessorImpl.invoke0(Native Method)
	at sun.reflect.NativeMethodAccessorImpl.invoke(NativeMethodAccessorImpl.java:62)
	at sun.reflect.DelegatingMethodAccessorImpl.invoke(DelegatingMethodAccessorImpl.java:43)
	at java.lang.reflect.Method.invoke(Method.java:498)
	at org.junit.runners.model.FrameworkMethod$1.runReflectiveCall(FrameworkMethod.java:50)
	at org.junit.internal.runners.model.ReflectiveCallable.run(ReflectiveCallable.java:12)
	at org.junit.runners.model.FrameworkMethod.invokeExplosively(FrameworkMethod.java:47)
	at org.junit.internal.runners.statements.InvokeMethod.evaluate(InvokeMethod.java:17)
	at org.junit.internal.runners.statements.FailOnTimeout$CallableStatement.call(FailOnTimeout.java:298)
	at org.junit.internal.runners.statements.FailOnTimeout$CallableStatement.call(FailOnTimeout.java:292)
	at java.util.concurrent.FutureTask.run(FutureTask.java:266)
	at java.lang.Thread.run(Thread.java:748)
44) test148(org.joda.time.format.DateTimeFormatterBuilder_ESTest)
org.evosuite.runtime.mock.java.lang.MockIllegalArgumentException
	at org.joda.time.format.DateTimeFormatterBuilder$TimeZoneOffset.<init>(DateTimeFormatterBuilder.java:2088)
	at org.joda.time.format.DateTimeFormatterBuilder_ESTest.test148(DateTimeFormatterBuilder_ESTest.java:5098)
	at sun.reflect.NativeMethodAccessorImpl.invoke0(Native Method)
	at sun.reflect.NativeMethodAccessorImpl.invoke(NativeMethodAccessorImpl.java:62)
	at sun.reflect.DelegatingMethodAccessorImpl.invoke(DelegatingMethodAccessorImpl.java:43)
	at java.lang.reflect.Method.invoke(Method.java:498)
	at org.junit.runners.model.FrameworkMethod$1.runReflectiveCall(FrameworkMethod.java:50)
	at org.junit.internal.runners.model.ReflectiveCallable.run(ReflectiveCallable.java:12)
	at org.junit.runners.model.FrameworkMethod.invokeExplosively(FrameworkMethod.java:47)
	at org.junit.internal.runners.statements.InvokeMethod.evaluate(InvokeMethod.java:17)
	at org.junit.internal.runners.statements.FailOnTimeout$CallableStatement.call(FailOnTimeout.java:298)
	at org.junit.internal.runners.statements.FailOnTimeout$CallableStatement.call(FailOnTimeout.java:292)
	at java.util.concurrent.FutureTask.run(FutureTask.java:266)
	at java.lang.Thread.run(Thread.java:748)
45) test021(org.joda.time.format.DateTimeFormatterBuilder_ESTest)
org.evosuite.runtime.mock.java.lang.MockIllegalArgumentException
	at org.joda.time.format.DateTimeFormatterBuilder.appendSignedDecimal(DateTimeFormatterBuilder.java:455)
	at org.joda.time.format.DateTimeFormatterBuilder.appendCenturyOfEra(DateTimeFormatterBuilder.java:907)
	at org.joda.time.format.DateTimeFormatterBuilder_ESTest.test021(DateTimeFormatterBuilder_ESTest.java:529)
	at sun.reflect.NativeMethodAccessorImpl.invoke0(Native Method)
	at sun.reflect.NativeMethodAccessorImpl.invoke(NativeMethodAccessorImpl.java:62)
	at sun.reflect.DelegatingMethodAccessorImpl.invoke(DelegatingMethodAccessorImpl.java:43)
	at java.lang.reflect.Method.invoke(Method.java:498)
	at org.junit.runners.model.FrameworkMethod$1.runReflectiveCall(FrameworkMethod.java:50)
	at org.junit.internal.runners.model.ReflectiveCallable.run(ReflectiveCallable.java:12)
	at org.junit.runners.model.FrameworkMethod.invokeExplosively(FrameworkMethod.java:47)
	at org.junit.internal.runners.statements.InvokeMethod.evaluate(InvokeMethod.java:17)
	at org.junit.internal.runners.statements.FailOnTimeout$CallableStatement.call(FailOnTimeout.java:298)
	at org.junit.internal.runners.statements.FailOnTimeout$CallableStatement.call(FailOnTimeout.java:292)
	at java.util.concurrent.FutureTask.run(FutureTask.java:266)
	at java.lang.Thread.run(Thread.java:748)
46) test022(org.joda.time.format.DateTimeFormatterBuilder_ESTest)
java.lang.IllegalArgumentException: No enum constant org.joda.time.format.DateTimeFormatterBuilder.TimeZoneId.r
	at java.lang.Enum.valueOf(Enum.java:238)
	at org.joda.time.format.DateTimeFormatterBuilder$TimeZoneId.valueOf(DateTimeFormatterBuilder.java:2498)
	at org.joda.time.format.DateTimeFormatterBuilder_ESTest.test022(DateTimeFormatterBuilder_ESTest.java:553)
	at sun.reflect.NativeMethodAccessorImpl.invoke0(Native Method)
	at sun.reflect.NativeMethodAccessorImpl.invoke(NativeMethodAccessorImpl.java:62)
	at sun.reflect.DelegatingMethodAccessorImpl.invoke(DelegatingMethodAccessorImpl.java:43)
	at java.lang.reflect.Method.invoke(Method.java:498)
	at org.junit.runners.model.FrameworkMethod$1.runReflectiveCall(FrameworkMethod.java:50)
	at org.junit.internal.runners.model.ReflectiveCallable.run(ReflectiveCallable.java:12)
	at org.junit.runners.model.FrameworkMethod.invokeExplosively(FrameworkMethod.java:47)
	at org.junit.internal.runners.statements.InvokeMethod.evaluate(InvokeMethod.java:17)
	at org.junit.internal.runners.statements.FailOnTimeout$CallableStatement.call(FailOnTimeout.java:298)
	at org.junit.internal.runners.statements.FailOnTimeout$CallableStatement.call(FailOnTimeout.java:292)
	at java.util.concurrent.FutureTask.run(FutureTask.java:266)
	at java.lang.Thread.run(Thread.java:748)
47) test140(org.joda.time.format.DateTimeFormatterBuilder_ESTest)
java.lang.IllegalArgumentException: No enum constant org.joda.time.format.DateTimeFormatterBuilder.TimeZoneId.The type must not be null
	at java.lang.Enum.valueOf(Enum.java:238)
	at org.joda.time.format.DateTimeFormatterBuilder$TimeZoneId.valueOf(DateTimeFormatterBuilder.java:2498)
	at org.joda.time.format.DateTimeFormatterBuilder_ESTest.test140(DateTimeFormatterBuilder_ESTest.java:4490)
	at sun.reflect.NativeMethodAccessorImpl.invoke0(Native Method)
	at sun.reflect.NativeMethodAccessorImpl.invoke(NativeMethodAccessorImpl.java:62)
	at sun.reflect.DelegatingMethodAccessorImpl.invoke(DelegatingMethodAccessorImpl.java:43)
	at java.lang.reflect.Method.invoke(Method.java:498)
	at org.junit.runners.model.FrameworkMethod$1.runReflectiveCall(FrameworkMethod.java:50)
	at org.junit.internal.runners.model.ReflectiveCallable.run(ReflectiveCallable.java:12)
	at org.junit.runners.model.FrameworkMethod.invokeExplosively(FrameworkMethod.java:47)
	at org.junit.internal.runners.statements.InvokeMethod.evaluate(InvokeMethod.java:17)
	at org.junit.internal.runners.statements.FailOnTimeout$CallableStatement.call(FailOnTimeout.java:298)
	at org.junit.internal.runners.statements.FailOnTimeout$CallableStatement.call(FailOnTimeout.java:292)
	at java.util.concurrent.FutureTask.run(FutureTask.java:266)
	at java.lang.Thread.run(Thread.java:748)
48) test018(org.joda.time.format.DateTimeFormatterBuilder_ESTest)
org.evosuite.runtime.mock.java.lang.MockIllegalArgumentException: Invalid format: "1l{Cv" is malformed at "l{Cv"
	at org.joda.time.format.DateTimeFormatter.parseLocalDateTime(DateTimeFormatter.java:825)
	at org.joda.time.format.DateTimeFormatter.parseLocalDate(DateTimeFormatter.java:769)
	at org.joda.time.MonthDay.parse(MonthDay.java:160)
	at org.joda.time.MonthDay.parse(MonthDay.java:149)
	at org.joda.time.format.DateTimeFormatterBuilder_ESTest.test018(DateTimeFormatterBuilder_ESTest.java:463)
	at sun.reflect.NativeMethodAccessorImpl.invoke0(Native Method)
	at sun.reflect.NativeMethodAccessorImpl.invoke(NativeMethodAccessorImpl.java:62)
	at sun.reflect.DelegatingMethodAccessorImpl.invoke(DelegatingMethodAccessorImpl.java:43)
	at java.lang.reflect.Method.invoke(Method.java:498)
	at org.junit.runners.model.FrameworkMethod$1.runReflectiveCall(FrameworkMethod.java:50)
	at org.junit.internal.runners.model.ReflectiveCallable.run(ReflectiveCallable.java:12)
	at org.junit.runners.model.FrameworkMethod.invokeExplosively(FrameworkMethod.java:47)
	at org.junit.internal.runners.statements.InvokeMethod.evaluate(InvokeMethod.java:17)
	at org.junit.internal.runners.statements.FailOnTimeout$CallableStatement.call(FailOnTimeout.java:298)
	at org.junit.internal.runners.statements.FailOnTimeout$CallableStatement.call(FailOnTimeout.java:292)
	at java.util.concurrent.FutureTask.run(FutureTask.java:266)
	at java.lang.Thread.run(Thread.java:748)
49) test138(org.joda.time.format.DateTimeFormatterBuilder_ESTest)
org.evosuite.runtime.mock.java.lang.MockIllegalArgumentException: Illegal number of digits: 0
	at org.joda.time.format.DateTimeFormatterBuilder.appendFixedDecimal(DateTimeFormatterBuilder.java:430)
	at org.joda.time.format.DateTimeFormatterBuilder_ESTest.test138(DateTimeFormatterBuilder_ESTest.java:4389)
	at sun.reflect.NativeMethodAccessorImpl.invoke0(Native Method)
	at sun.reflect.NativeMethodAccessorImpl.invoke(NativeMethodAccessorImpl.java:62)
	at sun.reflect.DelegatingMethodAccessorImpl.invoke(DelegatingMethodAccessorImpl.java:43)
	at java.lang.reflect.Method.invoke(Method.java:498)
	at org.junit.runners.model.FrameworkMethod$1.runReflectiveCall(FrameworkMethod.java:50)
	at org.junit.internal.runners.model.ReflectiveCallable.run(ReflectiveCallable.java:12)
	at org.junit.runners.model.FrameworkMethod.invokeExplosively(FrameworkMethod.java:47)
	at org.junit.internal.runners.statements.InvokeMethod.evaluate(InvokeMethod.java:17)
	at org.junit.internal.runners.statements.FailOnTimeout$CallableStatement.call(FailOnTimeout.java:298)
	at org.junit.internal.runners.statements.FailOnTimeout$CallableStatement.call(FailOnTimeout.java:292)
	at java.util.concurrent.FutureTask.run(FutureTask.java:266)
	at java.lang.Thread.run(Thread.java:748)
50) test014(org.joda.time.format.DateTimeFormatterBuilder_ESTest)
java.lang.IllegalArgumentException: No enum constant org.joda.time.format.DateTimeFormatterBuilder.TimeZoneId.w(KD
	at java.lang.Enum.valueOf(Enum.java:238)
	at org.joda.time.format.DateTimeFormatterBuilder$TimeZoneId.valueOf(DateTimeFormatterBuilder.java:2498)
	at org.joda.time.format.DateTimeFormatterBuilder_ESTest.test014(DateTimeFormatterBuilder_ESTest.java:396)
	at sun.reflect.NativeMethodAccessorImpl.invoke0(Native Method)
	at sun.reflect.NativeMethodAccessorImpl.invoke(NativeMethodAccessorImpl.java:62)
	at sun.reflect.DelegatingMethodAccessorImpl.invoke(DelegatingMethodAccessorImpl.java:43)
	at java.lang.reflect.Method.invoke(Method.java:498)
	at org.junit.runners.model.FrameworkMethod$1.runReflectiveCall(FrameworkMethod.java:50)
	at org.junit.internal.runners.model.ReflectiveCallable.run(ReflectiveCallable.java:12)
	at org.junit.runners.model.FrameworkMethod.invokeExplosively(FrameworkMethod.java:47)
	at org.junit.internal.runners.statements.InvokeMethod.evaluate(InvokeMethod.java:17)
	at org.junit.internal.runners.statements.FailOnTimeout$CallableStatement.call(FailOnTimeout.java:298)
	at org.junit.internal.runners.statements.FailOnTimeout$CallableStatement.call(FailOnTimeout.java:292)
	at java.util.concurrent.FutureTask.run(FutureTask.java:266)
	at java.lang.Thread.run(Thread.java:748)
51) test135(org.joda.time.format.DateTimeFormatterBuilder_ESTest)
org.evosuite.runtime.mock.java.lang.MockIllegalArgumentException: Invalid format: "'T=/`*"
	at org.joda.time.format.DateTimeFormatter.parseLocalDateTime(DateTimeFormatter.java:825)
	at org.joda.time.format.DateTimeFormatter.parseLocalDate(DateTimeFormatter.java:769)
	at org.joda.time.format.DateTimeFormatterBuilder_ESTest.test135(DateTimeFormatterBuilder_ESTest.java:4165)
	at sun.reflect.NativeMethodAccessorImpl.invoke0(Native Method)
	at sun.reflect.NativeMethodAccessorImpl.invoke(NativeMethodAccessorImpl.java:62)
	at sun.reflect.DelegatingMethodAccessorImpl.invoke(DelegatingMethodAccessorImpl.java:43)
	at java.lang.reflect.Method.invoke(Method.java:498)
	at org.junit.runners.model.FrameworkMethod$1.runReflectiveCall(FrameworkMethod.java:50)
	at org.junit.internal.runners.model.ReflectiveCallable.run(ReflectiveCallable.java:12)
	at org.junit.runners.model.FrameworkMethod.invokeExplosively(FrameworkMethod.java:47)
	at org.junit.internal.runners.statements.InvokeMethod.evaluate(InvokeMethod.java:17)
	at org.junit.internal.runners.statements.FailOnTimeout$CallableStatement.call(FailOnTimeout.java:298)
	at org.junit.internal.runners.statements.FailOnTimeout$CallableStatement.call(FailOnTimeout.java:292)
	at java.util.concurrent.FutureTask.run(FutureTask.java:266)
	at java.lang.Thread.run(Thread.java:748)
52) test016(org.joda.time.format.DateTimeFormatterBuilder_ESTest)
java.io.IOException: Pipe not connected
	at java.io.PipedWriter.write(PipedWriter.java:122)
	at org.joda.time.format.FormatUtils.writePaddedInteger(FormatUtils.java:182)
	at org.joda.time.format.DateTimeFormatterBuilder$PaddedNumber.printTo(DateTimeFormatterBuilder.java:1470)
	at org.joda.time.format.DateTimeFormatterBuilder_ESTest.test016(DateTimeFormatterBuilder_ESTest.java:430)
	at sun.reflect.NativeMethodAccessorImpl.invoke0(Native Method)
	at sun.reflect.NativeMethodAccessorImpl.invoke(NativeMethodAccessorImpl.java:62)
	at sun.reflect.DelegatingMethodAccessorImpl.invoke(DelegatingMethodAccessorImpl.java:43)
	at java.lang.reflect.Method.invoke(Method.java:498)
	at org.junit.runners.model.FrameworkMethod$1.runReflectiveCall(FrameworkMethod.java:50)
	at org.junit.internal.runners.model.ReflectiveCallable.run(ReflectiveCallable.java:12)
	at org.junit.runners.model.FrameworkMethod.invokeExplosively(FrameworkMethod.java:47)
	at org.junit.internal.runners.statements.InvokeMethod.evaluate(InvokeMethod.java:17)
	at org.junit.internal.runners.statements.FailOnTimeout$CallableStatement.call(FailOnTimeout.java:298)
	at org.junit.internal.runners.statements.FailOnTimeout$CallableStatement.call(FailOnTimeout.java:292)
	at java.util.concurrent.FutureTask.run(FutureTask.java:266)
	at java.lang.Thread.run(Thread.java:748)
53) test175(org.joda.time.format.DateTimeFormatterBuilder_ESTest)
org.evosuite.runtime.mock.java.lang.MockIllegalArgumentException: No parsers supplied
	at org.joda.time.format.DateTimeFormatterBuilder.append(DateTimeFormatterBuilder.java:277)
	at org.joda.time.format.DateTimeFormatterBuilder_ESTest.test175(DateTimeFormatterBuilder_ESTest.java:7056)
	at sun.reflect.NativeMethodAccessorImpl.invoke0(Native Method)
	at sun.reflect.NativeMethodAccessorImpl.invoke(NativeMethodAccessorImpl.java:62)
	at sun.reflect.DelegatingMethodAccessorImpl.invoke(DelegatingMethodAccessorImpl.java:43)
	at java.lang.reflect.Method.invoke(Method.java:498)
	at org.junit.runners.model.FrameworkMethod$1.runReflectiveCall(FrameworkMethod.java:50)
	at org.junit.internal.runners.model.ReflectiveCallable.run(ReflectiveCallable.java:12)
	at org.junit.runners.model.FrameworkMethod.invokeExplosively(FrameworkMethod.java:47)
	at org.junit.internal.runners.statements.InvokeMethod.evaluate(InvokeMethod.java:17)
	at org.junit.internal.runners.statements.FailOnTimeout$CallableStatement.call(FailOnTimeout.java:298)
	at org.junit.internal.runners.statements.FailOnTimeout$CallableStatement.call(FailOnTimeout.java:292)
	at java.util.concurrent.FutureTask.run(FutureTask.java:266)
	at java.lang.Thread.run(Thread.java:748)
54) test174(org.joda.time.format.DateTimeFormatterBuilder_ESTest)
org.evosuite.runtime.mock.java.lang.MockIllegalArgumentException: No parser supplied
	at org.joda.time.format.DateTimeFormatterBuilder.checkParser(DateTimeFormatterBuilder.java:320)
	at org.joda.time.format.DateTimeFormatterBuilder.append(DateTimeFormatterBuilder.java:237)
	at org.joda.time.format.DateTimeFormatterBuilder_ESTest.test174(DateTimeFormatterBuilder_ESTest.java:7018)
	at sun.reflect.NativeMethodAccessorImpl.invoke0(Native Method)
	at sun.reflect.NativeMethodAccessorImpl.invoke(NativeMethodAccessorImpl.java:62)
	at sun.reflect.DelegatingMethodAccessorImpl.invoke(DelegatingMethodAccessorImpl.java:43)
	at java.lang.reflect.Method.invoke(Method.java:498)
	at org.junit.runners.model.FrameworkMethod$1.runReflectiveCall(FrameworkMethod.java:50)
	at org.junit.internal.runners.model.ReflectiveCallable.run(ReflectiveCallable.java:12)
	at org.junit.runners.model.FrameworkMethod.invokeExplosively(FrameworkMethod.java:47)
	at org.junit.internal.runners.statements.InvokeMethod.evaluate(InvokeMethod.java:17)
	at org.junit.internal.runners.statements.FailOnTimeout$CallableStatement.call(FailOnTimeout.java:298)
	at org.junit.internal.runners.statements.FailOnTimeout$CallableStatement.call(FailOnTimeout.java:292)
	at java.util.concurrent.FutureTask.run(FutureTask.java:266)
	at java.lang.Thread.run(Thread.java:748)
55) test177(org.joda.time.format.DateTimeFormatterBuilder_ESTest)
java.lang.UnsupportedOperationException: Printing is not supported
	at org.joda.time.format.DateTimeFormatterBuilder.toPrinter(DateTimeFormatterBuilder.java:136)
	at org.joda.time.format.DateTimeFormatterBuilder_ESTest.test177(DateTimeFormatterBuilder_ESTest.java:7308)
	at sun.reflect.NativeMethodAccessorImpl.invoke0(Native Method)
	at sun.reflect.NativeMethodAccessorImpl.invoke(NativeMethodAccessorImpl.java:62)
	at sun.reflect.DelegatingMethodAccessorImpl.invoke(DelegatingMethodAccessorImpl.java:43)
	at java.lang.reflect.Method.invoke(Method.java:498)
	at org.junit.runners.model.FrameworkMethod$1.runReflectiveCall(FrameworkMethod.java:50)
	at org.junit.internal.runners.model.ReflectiveCallable.run(ReflectiveCallable.java:12)
	at org.junit.runners.model.FrameworkMethod.invokeExplosively(FrameworkMethod.java:47)
	at org.junit.internal.runners.statements.InvokeMethod.evaluate(InvokeMethod.java:17)
	at org.junit.internal.runners.statements.FailOnTimeout$CallableStatement.call(FailOnTimeout.java:298)
	at org.junit.internal.runners.statements.FailOnTimeout$CallableStatement.call(FailOnTimeout.java:292)
	at java.util.concurrent.FutureTask.run(FutureTask.java:266)
	at java.lang.Thread.run(Thread.java:748)
56) test050(org.joda.time.format.DateTimeFormatterBuilder_ESTest)
java.lang.UnsupportedOperationException: Both printing and parsing not supported
	at org.joda.time.format.DateTimeFormatterBuilder.toFormatter(DateTimeFormatterBuilder.java:116)
	at org.joda.time.format.DateTimeFormatterBuilder_ESTest.test050(DateTimeFormatterBuilder_ESTest.java:1161)
	at sun.reflect.NativeMethodAccessorImpl.invoke0(Native Method)
	at sun.reflect.NativeMethodAccessorImpl.invoke(NativeMethodAccessorImpl.java:62)
	at sun.reflect.DelegatingMethodAccessorImpl.invoke(DelegatingMethodAccessorImpl.java:43)
	at java.lang.reflect.Method.invoke(Method.java:498)
	at org.junit.runners.model.FrameworkMethod$1.runReflectiveCall(FrameworkMethod.java:50)
	at org.junit.internal.runners.model.ReflectiveCallable.run(ReflectiveCallable.java:12)
	at org.junit.runners.model.FrameworkMethod.invokeExplosively(FrameworkMethod.java:47)
	at org.junit.internal.runners.statements.InvokeMethod.evaluate(InvokeMethod.java:17)
	at org.junit.internal.runners.statements.FailOnTimeout$CallableStatement.call(FailOnTimeout.java:298)
	at org.junit.internal.runners.statements.FailOnTimeout$CallableStatement.call(FailOnTimeout.java:292)
	at java.util.concurrent.FutureTask.run(FutureTask.java:266)
	at java.lang.Thread.run(Thread.java:748)
57) test171(org.joda.time.format.DateTimeFormatterBuilder_ESTest)
java.lang.IllegalArgumentException: Offset is too large
	at org.joda.time.DateTimeZone.forOffsetHoursMinutes(DateTimeZone.java:270)
	at org.joda.time.format.DateTimeFormatterBuilder_ESTest.test171(DateTimeFormatterBuilder_ESTest.java:6598)
	at sun.reflect.NativeMethodAccessorImpl.invoke0(Native Method)
	at sun.reflect.NativeMethodAccessorImpl.invoke(NativeMethodAccessorImpl.java:62)
	at sun.reflect.DelegatingMethodAccessorImpl.invoke(DelegatingMethodAccessorImpl.java:43)
	at java.lang.reflect.Method.invoke(Method.java:498)
	at org.junit.runners.model.FrameworkMethod$1.runReflectiveCall(FrameworkMethod.java:50)
	at org.junit.internal.runners.model.ReflectiveCallable.run(ReflectiveCallable.java:12)
	at org.junit.runners.model.FrameworkMethod.invokeExplosively(FrameworkMethod.java:47)
	at org.junit.internal.runners.statements.InvokeMethod.evaluate(InvokeMethod.java:17)
	at org.junit.internal.runners.statements.FailOnTimeout$CallableStatement.call(FailOnTimeout.java:298)
	at org.junit.internal.runners.statements.FailOnTimeout$CallableStatement.call(FailOnTimeout.java:292)
	at java.util.concurrent.FutureTask.run(FutureTask.java:266)
	at java.lang.Thread.run(Thread.java:748)
58) test170(org.joda.time.format.DateTimeFormatterBuilder_ESTest)
org.evosuite.runtime.mock.java.lang.MockIllegalArgumentException: Invalid format: "-"
	at org.joda.time.format.DateTimeFormatter.parseLocalDateTime(DateTimeFormatter.java:825)
	at org.joda.time.format.DateTimeFormatter.parseLocalDate(DateTimeFormatter.java:769)
	at org.joda.time.MonthDay.parse(MonthDay.java:160)
	at org.joda.time.MonthDay.parse(MonthDay.java:149)
	at org.joda.time.format.DateTimeFormatterBuilder_ESTest.test170(DateTimeFormatterBuilder_ESTest.java:6485)
	at sun.reflect.NativeMethodAccessorImpl.invoke0(Native Method)
	at sun.reflect.NativeMethodAccessorImpl.invoke(NativeMethodAccessorImpl.java:62)
	at sun.reflect.DelegatingMethodAccessorImpl.invoke(DelegatingMethodAccessorImpl.java:43)
	at java.lang.reflect.Method.invoke(Method.java:498)
	at org.junit.runners.model.FrameworkMethod$1.runReflectiveCall(FrameworkMethod.java:50)
	at org.junit.internal.runners.model.ReflectiveCallable.run(ReflectiveCallable.java:12)
	at org.junit.runners.model.FrameworkMethod.invokeExplosively(FrameworkMethod.java:47)
	at org.junit.internal.runners.statements.InvokeMethod.evaluate(InvokeMethod.java:17)
	at org.junit.internal.runners.statements.FailOnTimeout$CallableStatement.call(FailOnTimeout.java:298)
	at org.junit.internal.runners.statements.FailOnTimeout$CallableStatement.call(FailOnTimeout.java:292)
	at java.util.concurrent.FutureTask.run(FutureTask.java:266)
	at java.lang.Thread.run(Thread.java:748)
59) test052(org.joda.time.format.DateTimeFormatterBuilder_ESTest)
org.evosuite.runtime.mock.java.lang.MockIllegalArgumentException
	at org.joda.time.format.DateTimeFormatterBuilder$TimeZoneOffset.<init>(DateTimeFormatterBuilder.java:2088)
	at org.joda.time.format.DateTimeFormatterBuilder_ESTest.test052(DateTimeFormatterBuilder_ESTest.java:1196)
	at sun.reflect.NativeMethodAccessorImpl.invoke0(Native Method)
	at sun.reflect.NativeMethodAccessorImpl.invoke(NativeMethodAccessorImpl.java:62)
	at sun.reflect.DelegatingMethodAccessorImpl.invoke(DelegatingMethodAccessorImpl.java:43)
	at java.lang.reflect.Method.invoke(Method.java:498)
	at org.junit.runners.model.FrameworkMethod$1.runReflectiveCall(FrameworkMethod.java:50)
	at org.junit.internal.runners.model.ReflectiveCallable.run(ReflectiveCallable.java:12)
	at org.junit.runners.model.FrameworkMethod.invokeExplosively(FrameworkMethod.java:47)
	at org.junit.internal.runners.statements.InvokeMethod.evaluate(InvokeMethod.java:17)
	at org.junit.internal.runners.statements.FailOnTimeout$CallableStatement.call(FailOnTimeout.java:298)
	at org.junit.internal.runners.statements.FailOnTimeout$CallableStatement.call(FailOnTimeout.java:292)
	at java.util.concurrent.FutureTask.run(FutureTask.java:266)
	at java.lang.Thread.run(Thread.java:748)
60) test051(org.joda.time.format.DateTimeFormatterBuilder_ESTest)
org.evosuite.runtime.mock.java.lang.MockIllegalArgumentException: Field type must not be null
	at org.joda.time.format.DateTimeFormatterBuilder.appendShortText(DateTimeFormatterBuilder.java:512)
	at org.joda.time.format.DateTimeFormatterBuilder_ESTest.test051(DateTimeFormatterBuilder_ESTest.java:1180)
	at sun.reflect.NativeMethodAccessorImpl.invoke0(Native Method)
	at sun.reflect.NativeMethodAccessorImpl.invoke(NativeMethodAccessorImpl.java:62)
	at sun.reflect.DelegatingMethodAccessorImpl.invoke(DelegatingMethodAccessorImpl.java:43)
	at java.lang.reflect.Method.invoke(Method.java:498)
	at org.junit.runners.model.FrameworkMethod$1.runReflectiveCall(FrameworkMethod.java:50)
	at org.junit.internal.runners.model.ReflectiveCallable.run(ReflectiveCallable.java:12)
	at org.junit.runners.model.FrameworkMethod.invokeExplosively(FrameworkMethod.java:47)
	at org.junit.internal.runners.statements.InvokeMethod.evaluate(InvokeMethod.java:17)
	at org.junit.internal.runners.statements.FailOnTimeout$CallableStatement.call(FailOnTimeout.java:298)
	at org.junit.internal.runners.statements.FailOnTimeout$CallableStatement.call(FailOnTimeout.java:292)
	at java.util.concurrent.FutureTask.run(FutureTask.java:266)
	at java.lang.Thread.run(Thread.java:748)
61) test046(org.joda.time.format.DateTimeFormatterBuilder_ESTest)
org.evosuite.runtime.mock.java.lang.MockIllegalArgumentException
	at org.joda.time.format.DateTimeFormatterBuilder.appendDecimal(DateTimeFormatterBuilder.java:403)
	at org.joda.time.format.DateTimeFormatterBuilder.appendSecondOfMinute(DateTimeFormatterBuilder.java:647)
	at org.joda.time.format.DateTimeFormatterBuilder_ESTest.test046(DateTimeFormatterBuilder_ESTest.java:1092)
	at sun.reflect.NativeMethodAccessorImpl.invoke0(Native Method)
	at sun.reflect.NativeMethodAccessorImpl.invoke(NativeMethodAccessorImpl.java:62)
	at sun.reflect.DelegatingMethodAccessorImpl.invoke(DelegatingMethodAccessorImpl.java:43)
	at java.lang.reflect.Method.invoke(Method.java:498)
	at org.junit.runners.model.FrameworkMethod$1.runReflectiveCall(FrameworkMethod.java:50)
	at org.junit.internal.runners.model.ReflectiveCallable.run(ReflectiveCallable.java:12)
	at org.junit.runners.model.FrameworkMethod.invokeExplosively(FrameworkMethod.java:47)
	at org.junit.internal.runners.statements.InvokeMethod.evaluate(InvokeMethod.java:17)
	at org.junit.internal.runners.statements.FailOnTimeout$CallableStatement.call(FailOnTimeout.java:298)
	at org.junit.internal.runners.statements.FailOnTimeout$CallableStatement.call(FailOnTimeout.java:292)
	at java.util.concurrent.FutureTask.run(FutureTask.java:266)
	at java.lang.Thread.run(Thread.java:748)
62) test048(org.joda.time.format.DateTimeFormatterBuilder_ESTest)
java.io.IOException: Pipe not connected
	at java.io.PipedWriter.write(PipedWriter.java:146)
	at java.io.Writer.write(Writer.java:192)
	at java.io.Writer.write(Writer.java:157)
	at org.joda.time.format.DateTimeFormatterBuilder$Fraction.printTo(DateTimeFormatterBuilder.java:1985)
	at org.joda.time.format.DateTimeFormatterBuilder$Fraction.printTo(DateTimeFormatterBuilder.java:1884)
	at org.joda.time.format.DateTimeFormatterBuilder_ESTest.test048(DateTimeFormatterBuilder_ESTest.java:1134)
	at sun.reflect.NativeMethodAccessorImpl.invoke0(Native Method)
	at sun.reflect.NativeMethodAccessorImpl.invoke(NativeMethodAccessorImpl.java:62)
	at sun.reflect.DelegatingMethodAccessorImpl.invoke(DelegatingMethodAccessorImpl.java:43)
	at java.lang.reflect.Method.invoke(Method.java:498)
	at org.junit.runners.model.FrameworkMethod$1.runReflectiveCall(FrameworkMethod.java:50)
	at org.junit.internal.runners.model.ReflectiveCallable.run(ReflectiveCallable.java:12)
	at org.junit.runners.model.FrameworkMethod.invokeExplosively(FrameworkMethod.java:47)
	at org.junit.internal.runners.statements.InvokeMethod.evaluate(InvokeMethod.java:17)
	at org.junit.internal.runners.statements.FailOnTimeout$CallableStatement.call(FailOnTimeout.java:298)
	at org.junit.internal.runners.statements.FailOnTimeout$CallableStatement.call(FailOnTimeout.java:292)
	at java.util.concurrent.FutureTask.run(FutureTask.java:266)
	at java.lang.Thread.run(Thread.java:748)
63) test043(org.joda.time.format.DateTimeFormatterBuilder_ESTest)
java.lang.UnsupportedOperationException
	at org.joda.time.format.DateTimeFormatterBuilder$Composite.printTo(DateTimeFormatterBuilder.java:2652)
	at org.joda.time.format.DateTimeFormatterBuilder_ESTest.test043(DateTimeFormatterBuilder_ESTest.java:1002)
	at sun.reflect.NativeMethodAccessorImpl.invoke0(Native Method)
	at sun.reflect.NativeMethodAccessorImpl.invoke(NativeMethodAccessorImpl.java:62)
	at sun.reflect.DelegatingMethodAccessorImpl.invoke(DelegatingMethodAccessorImpl.java:43)
	at java.lang.reflect.Method.invoke(Method.java:498)
	at org.junit.runners.model.FrameworkMethod$1.runReflectiveCall(FrameworkMethod.java:50)
	at org.junit.internal.runners.model.ReflectiveCallable.run(ReflectiveCallable.java:12)
	at org.junit.runners.model.FrameworkMethod.invokeExplosively(FrameworkMethod.java:47)
	at org.junit.internal.runners.statements.InvokeMethod.evaluate(InvokeMethod.java:17)
	at org.junit.internal.runners.statements.FailOnTimeout$CallableStatement.call(FailOnTimeout.java:298)
	at org.junit.internal.runners.statements.FailOnTimeout$CallableStatement.call(FailOnTimeout.java:292)
	at java.util.concurrent.FutureTask.run(FutureTask.java:266)
	at java.lang.Thread.run(Thread.java:748)
64) test164(org.joda.time.format.DateTimeFormatterBuilder_ESTest)
org.evosuite.runtime.mock.java.lang.MockIllegalArgumentException
	at org.joda.time.format.DateTimeFormatterBuilder.appendDecimal(DateTimeFormatterBuilder.java:403)
	at org.joda.time.format.DateTimeFormatterBuilder.appendMillisOfDay(DateTimeFormatterBuilder.java:637)
	at org.joda.time.format.DateTimeFormatterBuilder_ESTest.test164(DateTimeFormatterBuilder_ESTest.java:6135)
	at sun.reflect.NativeMethodAccessorImpl.invoke0(Native Method)
	at sun.reflect.NativeMethodAccessorImpl.invoke(NativeMethodAccessorImpl.java:62)
	at sun.reflect.DelegatingMethodAccessorImpl.invoke(DelegatingMethodAccessorImpl.java:43)
	at java.lang.reflect.Method.invoke(Method.java:498)
	at org.junit.runners.model.FrameworkMethod$1.runReflectiveCall(FrameworkMethod.java:50)
	at org.junit.internal.runners.model.ReflectiveCallable.run(ReflectiveCallable.java:12)
	at org.junit.runners.model.FrameworkMethod.invokeExplosively(FrameworkMethod.java:47)
	at org.junit.internal.runners.statements.InvokeMethod.evaluate(InvokeMethod.java:17)
	at org.junit.internal.runners.statements.FailOnTimeout$CallableStatement.call(FailOnTimeout.java:298)
	at org.junit.internal.runners.statements.FailOnTimeout$CallableStatement.call(FailOnTimeout.java:292)
	at java.util.concurrent.FutureTask.run(FutureTask.java:266)
	at java.lang.Thread.run(Thread.java:748)
65) test045(org.joda.time.format.DateTimeFormatterBuilder_ESTest)
java.lang.UnsupportedOperationException
	at org.joda.time.format.DateTimeFormatterBuilder$Composite.parseInto(DateTimeFormatterBuilder.java:2690)
	at org.joda.time.format.DateTimeFormatterBuilder$MatchingParser.parseInto(DateTimeFormatterBuilder.java:2793)
	at org.joda.time.format.DateTimeFormatterBuilder_ESTest.test045(DateTimeFormatterBuilder_ESTest.java:1062)
	at sun.reflect.NativeMethodAccessorImpl.invoke0(Native Method)
	at sun.reflect.NativeMethodAccessorImpl.invoke(NativeMethodAccessorImpl.java:62)
	at sun.reflect.DelegatingMethodAccessorImpl.invoke(DelegatingMethodAccessorImpl.java:43)
	at java.lang.reflect.Method.invoke(Method.java:498)
	at org.junit.runners.model.FrameworkMethod$1.runReflectiveCall(FrameworkMethod.java:50)
	at org.junit.internal.runners.model.ReflectiveCallable.run(ReflectiveCallable.java:12)
	at org.junit.runners.model.FrameworkMethod.invokeExplosively(FrameworkMethod.java:47)
	at org.junit.internal.runners.statements.InvokeMethod.evaluate(InvokeMethod.java:17)
	at org.junit.internal.runners.statements.FailOnTimeout$CallableStatement.call(FailOnTimeout.java:298)
	at org.junit.internal.runners.statements.FailOnTimeout$CallableStatement.call(FailOnTimeout.java:292)
	at java.util.concurrent.FutureTask.run(FutureTask.java:266)
	at java.lang.Thread.run(Thread.java:748)
66) test044(org.joda.time.format.DateTimeFormatterBuilder_ESTest)
org.evosuite.runtime.mock.java.lang.MockIllegalArgumentException: No parser supplied
	at org.joda.time.format.DateTimeFormatterBuilder.append(DateTimeFormatterBuilder.java:282)
	at org.joda.time.format.DateTimeFormatterBuilder_ESTest.test044(DateTimeFormatterBuilder_ESTest.java:1024)
	at sun.reflect.NativeMethodAccessorImpl.invoke0(Native Method)
	at sun.reflect.NativeMethodAccessorImpl.invoke(NativeMethodAccessorImpl.java:62)
	at sun.reflect.DelegatingMethodAccessorImpl.invoke(DelegatingMethodAccessorImpl.java:43)
	at java.lang.reflect.Method.invoke(Method.java:498)
	at org.junit.runners.model.FrameworkMethod$1.runReflectiveCall(FrameworkMethod.java:50)
	at org.junit.internal.runners.model.ReflectiveCallable.run(ReflectiveCallable.java:12)
	at org.junit.runners.model.FrameworkMethod.invokeExplosively(FrameworkMethod.java:47)
	at org.junit.internal.runners.statements.InvokeMethod.evaluate(InvokeMethod.java:17)
	at org.junit.internal.runners.statements.FailOnTimeout$CallableStatement.call(FailOnTimeout.java:298)
	at org.junit.internal.runners.statements.FailOnTimeout$CallableStatement.call(FailOnTimeout.java:292)
	at java.util.concurrent.FutureTask.run(FutureTask.java:266)
	at java.lang.Thread.run(Thread.java:748)
67) test165(org.joda.time.format.DateTimeFormatterBuilder_ESTest)
org.evosuite.runtime.mock.java.lang.MockIllegalArgumentException
	at org.joda.time.format.DateTimeFormatterBuilder.appendDecimal(DateTimeFormatterBuilder.java:403)
	at org.joda.time.format.DateTimeFormatterBuilder.appendHourOfHalfday(DateTimeFormatterBuilder.java:707)
	at org.joda.time.format.DateTimeFormatterBuilder_ESTest.test165(DateTimeFormatterBuilder_ESTest.java:6171)
	at sun.reflect.NativeMethodAccessorImpl.invoke0(Native Method)
	at sun.reflect.NativeMethodAccessorImpl.invoke(NativeMethodAccessorImpl.java:62)
	at sun.reflect.DelegatingMethodAccessorImpl.invoke(DelegatingMethodAccessorImpl.java:43)
	at java.lang.reflect.Method.invoke(Method.java:498)
	at org.junit.runners.model.FrameworkMethod$1.runReflectiveCall(FrameworkMethod.java:50)
	at org.junit.internal.runners.model.ReflectiveCallable.run(ReflectiveCallable.java:12)
	at org.junit.runners.model.FrameworkMethod.invokeExplosively(FrameworkMethod.java:47)
	at org.junit.internal.runners.statements.InvokeMethod.evaluate(InvokeMethod.java:17)
	at org.junit.internal.runners.statements.FailOnTimeout$CallableStatement.call(FailOnTimeout.java:298)
	at org.junit.internal.runners.statements.FailOnTimeout$CallableStatement.call(FailOnTimeout.java:292)
	at java.util.concurrent.FutureTask.run(FutureTask.java:266)
	at java.lang.Thread.run(Thread.java:748)
68) test041(org.joda.time.format.DateTimeFormatterBuilder_ESTest)
org.evosuite.runtime.mock.java.lang.MockIllegalArgumentException: Invalid format: "'Lkqsz*N_SWQVIV;AX"
	at org.joda.time.format.DateTimeFormatter.parseLocalDateTime(DateTimeFormatter.java:825)
	at org.joda.time.format.DateTimeFormatter.parseLocalDate(DateTimeFormatter.java:769)
	at org.joda.time.format.DateTimeFormatterBuilder_ESTest.test041(DateTimeFormatterBuilder_ESTest.java:965)
	at sun.reflect.NativeMethodAccessorImpl.invoke0(Native Method)
	at sun.reflect.NativeMethodAccessorImpl.invoke(NativeMethodAccessorImpl.java:62)
	at sun.reflect.DelegatingMethodAccessorImpl.invoke(DelegatingMethodAccessorImpl.java:43)
	at java.lang.reflect.Method.invoke(Method.java:498)
	at org.junit.runners.model.FrameworkMethod$1.runReflectiveCall(FrameworkMethod.java:50)
	at org.junit.internal.runners.model.ReflectiveCallable.run(ReflectiveCallable.java:12)
	at org.junit.runners.model.FrameworkMethod.invokeExplosively(FrameworkMethod.java:47)
	at org.junit.internal.runners.statements.InvokeMethod.evaluate(InvokeMethod.java:17)
	at org.junit.internal.runners.statements.FailOnTimeout$CallableStatement.call(FailOnTimeout.java:298)
	at org.junit.internal.runners.statements.FailOnTimeout$CallableStatement.call(FailOnTimeout.java:292)
	at java.util.concurrent.FutureTask.run(FutureTask.java:266)
	at java.lang.Thread.run(Thread.java:748)
69) test162(org.joda.time.format.DateTimeFormatterBuilder_ESTest)
java.lang.NullPointerException
	at org.joda.time.format.DateTimeFormatterBuilder$StringLiteral.printTo(DateTimeFormatterBuilder.java:1257)
	at org.joda.time.format.DateTimeFormatterBuilder_ESTest.test162(DateTimeFormatterBuilder_ESTest.java:6060)
	at sun.reflect.NativeMethodAccessorImpl.invoke0(Native Method)
	at sun.reflect.NativeMethodAccessorImpl.invoke(NativeMethodAccessorImpl.java:62)
	at sun.reflect.DelegatingMethodAccessorImpl.invoke(DelegatingMethodAccessorImpl.java:43)
	at java.lang.reflect.Method.invoke(Method.java:498)
	at org.junit.runners.model.FrameworkMethod$1.runReflectiveCall(FrameworkMethod.java:50)
	at org.junit.internal.runners.model.ReflectiveCallable.run(ReflectiveCallable.java:12)
	at org.junit.runners.model.FrameworkMethod.invokeExplosively(FrameworkMethod.java:47)
	at org.junit.internal.runners.statements.InvokeMethod.evaluate(InvokeMethod.java:17)
	at org.junit.internal.runners.statements.FailOnTimeout$CallableStatement.call(FailOnTimeout.java:298)
	at org.junit.internal.runners.statements.FailOnTimeout$CallableStatement.call(FailOnTimeout.java:292)
	at java.util.concurrent.FutureTask.run(FutureTask.java:266)
	at java.lang.Thread.run(Thread.java:748)
70) test040(org.joda.time.format.DateTimeFormatterBuilder_ESTest)
org.evosuite.runtime.mock.java.lang.MockIllegalArgumentException
	at org.joda.time.format.DateTimeFormatterBuilder.appendFraction(DateTimeFormatterBuilder.java:539)
	at org.joda.time.format.DateTimeFormatterBuilder.appendFractionOfSecond(DateTimeFormatterBuilder.java:559)
	at org.joda.time.format.DateTimeFormatterBuilder_ESTest.test040(DateTimeFormatterBuilder_ESTest.java:939)
	at sun.reflect.NativeMethodAccessorImpl.invoke0(Native Method)
	at sun.reflect.NativeMethodAccessorImpl.invoke(NativeMethodAccessorImpl.java:62)
	at sun.reflect.DelegatingMethodAccessorImpl.invoke(DelegatingMethodAccessorImpl.java:43)
	at java.lang.reflect.Method.invoke(Method.java:498)
	at org.junit.runners.model.FrameworkMethod$1.runReflectiveCall(FrameworkMethod.java:50)
	at org.junit.internal.runners.model.ReflectiveCallable.run(ReflectiveCallable.java:12)
	at org.junit.runners.model.FrameworkMethod.invokeExplosively(FrameworkMethod.java:47)
	at org.junit.internal.runners.statements.InvokeMethod.evaluate(InvokeMethod.java:17)
	at org.junit.internal.runners.statements.FailOnTimeout$CallableStatement.call(FailOnTimeout.java:298)
	at org.junit.internal.runners.statements.FailOnTimeout$CallableStatement.call(FailOnTimeout.java:292)
	at java.util.concurrent.FutureTask.run(FutureTask.java:266)
	at java.lang.Thread.run(Thread.java:748)
71) test161(org.joda.time.format.DateTimeFormatterBuilder_ESTest)
org.evosuite.runtime.mock.java.lang.MockIllegalArgumentException: Illegal number of digits: -3282
	at org.joda.time.format.DateTimeFormatterBuilder.appendFixedDecimal(DateTimeFormatterBuilder.java:430)
	at org.joda.time.format.DateTimeFormatterBuilder_ESTest.test161(DateTimeFormatterBuilder_ESTest.java:6002)
	at sun.reflect.NativeMethodAccessorImpl.invoke0(Native Method)
	at sun.reflect.NativeMethodAccessorImpl.invoke(NativeMethodAccessorImpl.java:62)
	at sun.reflect.DelegatingMethodAccessorImpl.invoke(DelegatingMethodAccessorImpl.java:43)
	at java.lang.reflect.Method.invoke(Method.java:498)
	at org.junit.runners.model.FrameworkMethod$1.runReflectiveCall(FrameworkMethod.java:50)
	at org.junit.internal.runners.model.ReflectiveCallable.run(ReflectiveCallable.java:12)
	at org.junit.runners.model.FrameworkMethod.invokeExplosively(FrameworkMethod.java:47)
	at org.junit.internal.runners.statements.InvokeMethod.evaluate(InvokeMethod.java:17)
	at org.junit.internal.runners.statements.FailOnTimeout$CallableStatement.call(FailOnTimeout.java:298)
	at org.junit.internal.runners.statements.FailOnTimeout$CallableStatement.call(FailOnTimeout.java:292)
	at java.util.concurrent.FutureTask.run(FutureTask.java:266)
	at java.lang.Thread.run(Thread.java:748)
72) test039(org.joda.time.format.DateTimeFormatterBuilder_ESTest)
org.evosuite.runtime.mock.java.lang.MockIllegalArgumentException: Invalid format: "+ I~O<}R?}"
	at org.joda.time.format.DateTimeFormatter.parseLocalDateTime(DateTimeFormatter.java:825)
	at org.joda.time.format.DateTimeFormatter.parseLocalDate(DateTimeFormatter.java:769)
	at org.joda.time.MonthDay.parse(MonthDay.java:160)
	at org.joda.time.MonthDay.parse(MonthDay.java:149)
	at org.joda.time.format.DateTimeFormatterBuilder_ESTest.test039(DateTimeFormatterBuilder_ESTest.java:922)
	at sun.reflect.NativeMethodAccessorImpl.invoke0(Native Method)
	at sun.reflect.NativeMethodAccessorImpl.invoke(NativeMethodAccessorImpl.java:62)
	at sun.reflect.DelegatingMethodAccessorImpl.invoke(DelegatingMethodAccessorImpl.java:43)
	at java.lang.reflect.Method.invoke(Method.java:498)
	at org.junit.runners.model.FrameworkMethod$1.runReflectiveCall(FrameworkMethod.java:50)
	at org.junit.internal.runners.model.ReflectiveCallable.run(ReflectiveCallable.java:12)
	at org.junit.runners.model.FrameworkMethod.invokeExplosively(FrameworkMethod.java:47)
	at org.junit.internal.runners.statements.InvokeMethod.evaluate(InvokeMethod.java:17)
	at org.junit.internal.runners.statements.FailOnTimeout$CallableStatement.call(FailOnTimeout.java:298)
	at org.junit.internal.runners.statements.FailOnTimeout$CallableStatement.call(FailOnTimeout.java:292)
	at java.util.concurrent.FutureTask.run(FutureTask.java:266)
	at java.lang.Thread.run(Thread.java:748)
73) test035(org.joda.time.format.DateTimeFormatterBuilder_ESTest)
org.evosuite.runtime.mock.java.lang.MockIllegalArgumentException
	at org.joda.time.format.DateTimeFormatterBuilder.appendDecimal(DateTimeFormatterBuilder.java:403)
	at org.joda.time.format.DateTimeFormatterBuilder.appendSecondOfDay(DateTimeFormatterBuilder.java:657)
	at org.joda.time.format.DateTimeFormatterBuilder_ESTest.test035(DateTimeFormatterBuilder_ESTest.java:837)
	at sun.reflect.NativeMethodAccessorImpl.invoke0(Native Method)
	at sun.reflect.NativeMethodAccessorImpl.invoke(NativeMethodAccessorImpl.java:62)
	at sun.reflect.DelegatingMethodAccessorImpl.invoke(DelegatingMethodAccessorImpl.java:43)
	at java.lang.reflect.Method.invoke(Method.java:498)
	at org.junit.runners.model.FrameworkMethod$1.runReflectiveCall(FrameworkMethod.java:50)
	at org.junit.internal.runners.model.ReflectiveCallable.run(ReflectiveCallable.java:12)
	at org.junit.runners.model.FrameworkMethod.invokeExplosively(FrameworkMethod.java:47)
	at org.junit.internal.runners.statements.InvokeMethod.evaluate(InvokeMethod.java:17)
	at org.junit.internal.runners.statements.FailOnTimeout$CallableStatement.call(FailOnTimeout.java:298)
	at org.junit.internal.runners.statements.FailOnTimeout$CallableStatement.call(FailOnTimeout.java:292)
	at java.util.concurrent.FutureTask.run(FutureTask.java:266)
	at java.lang.Thread.run(Thread.java:748)
74) test038(org.joda.time.format.DateTimeFormatterBuilder_ESTest)
java.lang.IllegalArgumentException: No enum constant org.joda.time.format.DateTimeFormatterBuilder.TimeZoneId.r
	at java.lang.Enum.valueOf(Enum.java:238)
	at org.joda.time.format.DateTimeFormatterBuilder$TimeZoneId.valueOf(DateTimeFormatterBuilder.java:2498)
	at org.joda.time.format.DateTimeFormatterBuilder_ESTest.test038(DateTimeFormatterBuilder_ESTest.java:899)
	at sun.reflect.NativeMethodAccessorImpl.invoke0(Native Method)
	at sun.reflect.NativeMethodAccessorImpl.invoke(NativeMethodAccessorImpl.java:62)
	at sun.reflect.DelegatingMethodAccessorImpl.invoke(DelegatingMethodAccessorImpl.java:43)
	at java.lang.reflect.Method.invoke(Method.java:498)
	at org.junit.runners.model.FrameworkMethod$1.runReflectiveCall(FrameworkMethod.java:50)
	at org.junit.internal.runners.model.ReflectiveCallable.run(ReflectiveCallable.java:12)
	at org.junit.runners.model.FrameworkMethod.invokeExplosively(FrameworkMethod.java:47)
	at org.junit.internal.runners.statements.InvokeMethod.evaluate(InvokeMethod.java:17)
	at org.junit.internal.runners.statements.FailOnTimeout$CallableStatement.call(FailOnTimeout.java:298)
	at org.junit.internal.runners.statements.FailOnTimeout$CallableStatement.call(FailOnTimeout.java:292)
	at java.util.concurrent.FutureTask.run(FutureTask.java:266)
	at java.lang.Thread.run(Thread.java:748)
75) test037(org.joda.time.format.DateTimeFormatterBuilder_ESTest)
org.evosuite.runtime.mock.java.lang.MockIllegalArgumentException: Invalid format: "US/Mountain7sN&CE.AH,1K?k"
	at org.joda.time.format.DateTimeFormatter.parseLocalDateTime(DateTimeFormatter.java:825)
	at org.joda.time.format.DateTimeFormatter.parseLocalDate(DateTimeFormatter.java:769)
	at org.joda.time.format.DateTimeFormatterBuilder_ESTest.test037(DateTimeFormatterBuilder_ESTest.java:879)
	at sun.reflect.NativeMethodAccessorImpl.invoke0(Native Method)
	at sun.reflect.NativeMethodAccessorImpl.invoke(NativeMethodAccessorImpl.java:62)
	at sun.reflect.DelegatingMethodAccessorImpl.invoke(DelegatingMethodAccessorImpl.java:43)
	at java.lang.reflect.Method.invoke(Method.java:498)
	at org.junit.runners.model.FrameworkMethod$1.runReflectiveCall(FrameworkMethod.java:50)
	at org.junit.internal.runners.model.ReflectiveCallable.run(ReflectiveCallable.java:12)
	at org.junit.runners.model.FrameworkMethod.invokeExplosively(FrameworkMethod.java:47)
	at org.junit.internal.runners.statements.InvokeMethod.evaluate(InvokeMethod.java:17)
	at org.junit.internal.runners.statements.FailOnTimeout$CallableStatement.call(FailOnTimeout.java:298)
	at org.junit.internal.runners.statements.FailOnTimeout$CallableStatement.call(FailOnTimeout.java:292)
	at java.util.concurrent.FutureTask.run(FutureTask.java:266)
	at java.lang.Thread.run(Thread.java:748)
76) test076(org.joda.time.format.DateTimeFormatterBuilder_ESTest)
java.lang.NullPointerException
	at org.joda.time.format.DateTimeFormatterBuilder$Fraction.printTo(DateTimeFormatterBuilder.java:1908)
	at org.joda.time.format.DateTimeFormatterBuilder_ESTest.test076(DateTimeFormatterBuilder_ESTest.java:1635)
	at sun.reflect.NativeMethodAccessorImpl.invoke0(Native Method)
	at sun.reflect.NativeMethodAccessorImpl.invoke(NativeMethodAccessorImpl.java:62)
	at sun.reflect.DelegatingMethodAccessorImpl.invoke(DelegatingMethodAccessorImpl.java:43)
	at java.lang.reflect.Method.invoke(Method.java:498)
	at org.junit.runners.model.FrameworkMethod$1.runReflectiveCall(FrameworkMethod.java:50)
	at org.junit.internal.runners.model.ReflectiveCallable.run(ReflectiveCallable.java:12)
	at org.junit.runners.model.FrameworkMethod.invokeExplosively(FrameworkMethod.java:47)
	at org.junit.internal.runners.statements.InvokeMethod.evaluate(InvokeMethod.java:17)
	at org.junit.internal.runners.statements.FailOnTimeout$CallableStatement.call(FailOnTimeout.java:298)
	at org.junit.internal.runners.statements.FailOnTimeout$CallableStatement.call(FailOnTimeout.java:292)
	at java.util.concurrent.FutureTask.run(FutureTask.java:266)
	at java.lang.Thread.run(Thread.java:748)
77) test071(org.joda.time.format.DateTimeFormatterBuilder_ESTest)
org.evosuite.runtime.mock.java.lang.MockIllegalArgumentException: No printer supplied
	at org.joda.time.format.DateTimeFormatterBuilder.checkPrinter(DateTimeFormatterBuilder.java:331)
	at org.joda.time.format.DateTimeFormatterBuilder.append(DateTimeFormatterBuilder.java:224)
	at org.joda.time.format.DateTimeFormatterBuilder_ESTest.test071(DateTimeFormatterBuilder_ESTest.java:1521)
	at sun.reflect.NativeMethodAccessorImpl.invoke0(Native Method)
	at sun.reflect.NativeMethodAccessorImpl.invoke(NativeMethodAccessorImpl.java:62)
	at sun.reflect.DelegatingMethodAccessorImpl.invoke(DelegatingMethodAccessorImpl.java:43)
	at java.lang.reflect.Method.invoke(Method.java:498)
	at org.junit.runners.model.FrameworkMethod$1.runReflectiveCall(FrameworkMethod.java:50)
	at org.junit.internal.runners.model.ReflectiveCallable.run(ReflectiveCallable.java:12)
	at org.junit.runners.model.FrameworkMethod.invokeExplosively(FrameworkMethod.java:47)
	at org.junit.internal.runners.statements.InvokeMethod.evaluate(InvokeMethod.java:17)
	at org.junit.internal.runners.statements.FailOnTimeout$CallableStatement.call(FailOnTimeout.java:298)
	at org.junit.internal.runners.statements.FailOnTimeout$CallableStatement.call(FailOnTimeout.java:292)
	at java.util.concurrent.FutureTask.run(FutureTask.java:266)
	at java.lang.Thread.run(Thread.java:748)
78) test192(org.joda.time.format.DateTimeFormatterBuilder_ESTest)
org.evosuite.runtime.mock.java.lang.MockIllegalArgumentException
	at org.joda.time.format.DateTimeFormatterBuilder.appendDecimal(DateTimeFormatterBuilder.java:403)
	at org.joda.time.format.DateTimeFormatterBuilder.appendMonthOfYear(DateTimeFormatterBuilder.java:779)
	at org.joda.time.format.DateTimeFormatterBuilder_ESTest.test192(DateTimeFormatterBuilder_ESTest.java:8340)
	at sun.reflect.NativeMethodAccessorImpl.invoke0(Native Method)
	at sun.reflect.NativeMethodAccessorImpl.invoke(NativeMethodAccessorImpl.java:62)
	at sun.reflect.DelegatingMethodAccessorImpl.invoke(DelegatingMethodAccessorImpl.java:43)
	at java.lang.reflect.Method.invoke(Method.java:498)
	at org.junit.runners.model.FrameworkMethod$1.runReflectiveCall(FrameworkMethod.java:50)
	at org.junit.internal.runners.model.ReflectiveCallable.run(ReflectiveCallable.java:12)
	at org.junit.runners.model.FrameworkMethod.invokeExplosively(FrameworkMethod.java:47)
	at org.junit.internal.runners.statements.InvokeMethod.evaluate(InvokeMethod.java:17)
	at org.junit.internal.runners.statements.FailOnTimeout$CallableStatement.call(FailOnTimeout.java:298)
	at org.junit.internal.runners.statements.FailOnTimeout$CallableStatement.call(FailOnTimeout.java:292)
	at java.util.concurrent.FutureTask.run(FutureTask.java:266)
	at java.lang.Thread.run(Thread.java:748)
79) test195(org.joda.time.format.DateTimeFormatterBuilder_ESTest)
java.lang.StringIndexOutOfBoundsException: String index out of range: -8
	at java.lang.String.substring(String.java:1931)
	at org.joda.time.format.DateTimeFormatterBuilder$TimeZoneId.parseInto(DateTimeFormatterBuilder.java:2541)
	at org.joda.time.format.DateTimeFormatterBuilder_ESTest.test195(DateTimeFormatterBuilder_ESTest.java:8415)
	at sun.reflect.NativeMethodAccessorImpl.invoke0(Native Method)
	at sun.reflect.NativeMethodAccessorImpl.invoke(NativeMethodAccessorImpl.java:62)
	at sun.reflect.DelegatingMethodAccessorImpl.invoke(DelegatingMethodAccessorImpl.java:43)
	at java.lang.reflect.Method.invoke(Method.java:498)
	at org.junit.runners.model.FrameworkMethod$1.runReflectiveCall(FrameworkMethod.java:50)
	at org.junit.internal.runners.model.ReflectiveCallable.run(ReflectiveCallable.java:12)
	at org.junit.runners.model.FrameworkMethod.invokeExplosively(FrameworkMethod.java:47)
	at org.junit.internal.runners.statements.InvokeMethod.evaluate(InvokeMethod.java:17)
	at org.junit.internal.runners.statements.FailOnTimeout$CallableStatement.call(FailOnTimeout.java:298)
	at org.junit.internal.runners.statements.FailOnTimeout$CallableStatement.call(FailOnTimeout.java:292)
	at java.util.concurrent.FutureTask.run(FutureTask.java:266)
	at java.lang.Thread.run(Thread.java:748)
80) test070(org.joda.time.format.DateTimeFormatterBuilder_ESTest)
org.evosuite.runtime.mock.java.lang.MockIllegalArgumentException
	at org.joda.time.format.DateTimeFormatterBuilder.appendSignedDecimal(DateTimeFormatterBuilder.java:455)
	at org.joda.time.format.DateTimeFormatterBuilder.appendYear(DateTimeFormatterBuilder.java:791)
	at org.joda.time.format.DateTimeFormatterBuilder_ESTest.test070(DateTimeFormatterBuilder_ESTest.java:1505)
	at sun.reflect.NativeMethodAccessorImpl.invoke0(Native Method)
	at sun.reflect.NativeMethodAccessorImpl.invoke(NativeMethodAccessorImpl.java:62)
	at sun.reflect.DelegatingMethodAccessorImpl.invoke(DelegatingMethodAccessorImpl.java:43)
	at java.lang.reflect.Method.invoke(Method.java:498)
	at org.junit.runners.model.FrameworkMethod$1.runReflectiveCall(FrameworkMethod.java:50)
	at org.junit.internal.runners.model.ReflectiveCallable.run(ReflectiveCallable.java:12)
	at org.junit.runners.model.FrameworkMethod.invokeExplosively(FrameworkMethod.java:47)
	at org.junit.internal.runners.statements.InvokeMethod.evaluate(InvokeMethod.java:17)
	at org.junit.internal.runners.statements.FailOnTimeout$CallableStatement.call(FailOnTimeout.java:298)
	at org.junit.internal.runners.statements.FailOnTimeout$CallableStatement.call(FailOnTimeout.java:292)
	at java.util.concurrent.FutureTask.run(FutureTask.java:266)
	at java.lang.Thread.run(Thread.java:748)
81) test191(org.joda.time.format.DateTimeFormatterBuilder_ESTest)
org.evosuite.runtime.mock.java.lang.MockIllegalArgumentException: Invalid format: "3Qe-)#6" is malformed at "Qe-)#6"
	at org.joda.time.format.DateTimeFormatter.parseLocalDateTime(DateTimeFormatter.java:825)
	at org.joda.time.format.DateTimeFormatter.parseLocalDate(DateTimeFormatter.java:769)
	at org.joda.time.format.DateTimeFormatterBuilder_ESTest.test191(DateTimeFormatterBuilder_ESTest.java:8321)
	at sun.reflect.NativeMethodAccessorImpl.invoke0(Native Method)
	at sun.reflect.NativeMethodAccessorImpl.invoke(NativeMethodAccessorImpl.java:62)
	at sun.reflect.DelegatingMethodAccessorImpl.invoke(DelegatingMethodAccessorImpl.java:43)
	at java.lang.reflect.Method.invoke(Method.java:498)
	at org.junit.runners.model.FrameworkMethod$1.runReflectiveCall(FrameworkMethod.java:50)
	at org.junit.internal.runners.model.ReflectiveCallable.run(ReflectiveCallable.java:12)
	at org.junit.runners.model.FrameworkMethod.invokeExplosively(FrameworkMethod.java:47)
	at org.junit.internal.runners.statements.InvokeMethod.evaluate(InvokeMethod.java:17)
	at org.junit.internal.runners.statements.FailOnTimeout$CallableStatement.call(FailOnTimeout.java:298)
	at org.junit.internal.runners.statements.FailOnTimeout$CallableStatement.call(FailOnTimeout.java:292)
	at java.util.concurrent.FutureTask.run(FutureTask.java:266)
	at java.lang.Thread.run(Thread.java:748)
82) test190(org.joda.time.format.DateTimeFormatterBuilder_ESTest)
java.lang.NullPointerException
	at org.joda.time.format.DateTimeFormatterBuilder$StringLiteral.estimateParsedLength(DateTimeFormatterBuilder.java:1261)
	at org.joda.time.format.DateTimeFormatterBuilder$MatchingParser.<init>(DateTimeFormatterBuilder.java:2758)
	at org.joda.time.format.DateTimeFormatterBuilder_ESTest.test190(DateTimeFormatterBuilder_ESTest.java:8281)
	at sun.reflect.NativeMethodAccessorImpl.invoke0(Native Method)
	at sun.reflect.NativeMethodAccessorImpl.invoke(NativeMethodAccessorImpl.java:62)
	at sun.reflect.DelegatingMethodAccessorImpl.invoke(DelegatingMethodAccessorImpl.java:43)
	at java.lang.reflect.Method.invoke(Method.java:498)
	at org.junit.runners.model.FrameworkMethod$1.runReflectiveCall(FrameworkMethod.java:50)
	at org.junit.internal.runners.model.ReflectiveCallable.run(ReflectiveCallable.java:12)
	at org.junit.runners.model.FrameworkMethod.invokeExplosively(FrameworkMethod.java:47)
	at org.junit.internal.runners.statements.InvokeMethod.evaluate(InvokeMethod.java:17)
	at org.junit.internal.runners.statements.FailOnTimeout$CallableStatement.call(FailOnTimeout.java:298)
	at org.junit.internal.runners.statements.FailOnTimeout$CallableStatement.call(FailOnTimeout.java:292)
	at java.util.concurrent.FutureTask.run(FutureTask.java:266)
	at java.lang.Thread.run(Thread.java:748)
83) test069(org.joda.time.format.DateTimeFormatterBuilder_ESTest)
org.evosuite.runtime.mock.java.lang.MockIllegalArgumentException: Illegal pattern component: l
	at org.joda.time.format.DateTimeFormat.parsePatternTo(DateTimeFormat.java:559)
	at org.joda.time.format.DateTimeFormat.appendPatternTo(DateTimeFormat.java:377)
	at org.joda.time.format.DateTimeFormatterBuilder.appendPattern(DateTimeFormatterBuilder.java:1094)
	at org.joda.time.format.DateTimeFormatterBuilder_ESTest.test069(DateTimeFormatterBuilder_ESTest.java:1485)
	at sun.reflect.NativeMethodAccessorImpl.invoke0(Native Method)
	at sun.reflect.NativeMethodAccessorImpl.invoke(NativeMethodAccessorImpl.java:62)
	at sun.reflect.DelegatingMethodAccessorImpl.invoke(DelegatingMethodAccessorImpl.java:43)
	at java.lang.reflect.Method.invoke(Method.java:498)
	at org.junit.runners.model.FrameworkMethod$1.runReflectiveCall(FrameworkMethod.java:50)
	at org.junit.internal.runners.model.ReflectiveCallable.run(ReflectiveCallable.java:12)
	at org.junit.runners.model.FrameworkMethod.invokeExplosively(FrameworkMethod.java:47)
	at org.junit.internal.runners.statements.InvokeMethod.evaluate(InvokeMethod.java:17)
	at org.junit.internal.runners.statements.FailOnTimeout$CallableStatement.call(FailOnTimeout.java:298)
	at org.junit.internal.runners.statements.FailOnTimeout$CallableStatement.call(FailOnTimeout.java:292)
	at java.util.concurrent.FutureTask.run(FutureTask.java:266)
	at java.lang.Thread.run(Thread.java:748)
84) test186(org.joda.time.format.DateTimeFormatterBuilder_ESTest)
org.evosuite.runtime.mock.java.lang.MockIllegalArgumentException
	at org.joda.time.format.DateTimeFormatterBuilder.appendDecimal(DateTimeFormatterBuilder.java:403)
	at org.joda.time.format.DateTimeFormatterBuilder.appendHourOfHalfday(DateTimeFormatterBuilder.java:707)
	at org.joda.time.format.DateTimeFormatterBuilder_ESTest.test186(DateTimeFormatterBuilder_ESTest.java:8058)
	at sun.reflect.NativeMethodAccessorImpl.invoke0(Native Method)
	at sun.reflect.NativeMethodAccessorImpl.invoke(NativeMethodAccessorImpl.java:62)
	at sun.reflect.DelegatingMethodAccessorImpl.invoke(DelegatingMethodAccessorImpl.java:43)
	at java.lang.reflect.Method.invoke(Method.java:498)
	at org.junit.runners.model.FrameworkMethod$1.runReflectiveCall(FrameworkMethod.java:50)
	at org.junit.internal.runners.model.ReflectiveCallable.run(ReflectiveCallable.java:12)
	at org.junit.runners.model.FrameworkMethod.invokeExplosively(FrameworkMethod.java:47)
	at org.junit.internal.runners.statements.InvokeMethod.evaluate(InvokeMethod.java:17)
	at org.junit.internal.runners.statements.FailOnTimeout$CallableStatement.call(FailOnTimeout.java:298)
	at org.junit.internal.runners.statements.FailOnTimeout$CallableStatement.call(FailOnTimeout.java:292)
	at java.util.concurrent.FutureTask.run(FutureTask.java:266)
	at java.lang.Thread.run(Thread.java:748)
85) test064(org.joda.time.format.DateTimeFormatterBuilder_ESTest)
org.evosuite.runtime.mock.java.lang.MockIllegalArgumentException: Field type must not be null
	at org.joda.time.format.DateTimeFormatterBuilder.appendSignedDecimal(DateTimeFormatterBuilder.java:449)
	at org.joda.time.format.DateTimeFormatterBuilder_ESTest.test064(DateTimeFormatterBuilder_ESTest.java:1372)
	at sun.reflect.NativeMethodAccessorImpl.invoke0(Native Method)
	at sun.reflect.NativeMethodAccessorImpl.invoke(NativeMethodAccessorImpl.java:62)
	at sun.reflect.DelegatingMethodAccessorImpl.invoke(DelegatingMethodAccessorImpl.java:43)
	at java.lang.reflect.Method.invoke(Method.java:498)
	at org.junit.runners.model.FrameworkMethod$1.runReflectiveCall(FrameworkMethod.java:50)
	at org.junit.internal.runners.model.ReflectiveCallable.run(ReflectiveCallable.java:12)
	at org.junit.runners.model.FrameworkMethod.invokeExplosively(FrameworkMethod.java:47)
	at org.junit.internal.runners.statements.InvokeMethod.evaluate(InvokeMethod.java:17)
	at org.junit.internal.runners.statements.FailOnTimeout$CallableStatement.call(FailOnTimeout.java:298)
	at org.junit.internal.runners.statements.FailOnTimeout$CallableStatement.call(FailOnTimeout.java:292)
	at java.util.concurrent.FutureTask.run(FutureTask.java:266)
	at java.lang.Thread.run(Thread.java:748)
86) test067(org.joda.time.format.DateTimeFormatterBuilder_ESTest)
org.evosuite.runtime.mock.java.lang.MockIllegalArgumentException
	at org.joda.time.format.DateTimeFormatterBuilder$TimeZoneOffset.<init>(DateTimeFormatterBuilder.java:2088)
	at org.joda.time.format.DateTimeFormatterBuilder_ESTest.test067(DateTimeFormatterBuilder_ESTest.java:1446)
	at sun.reflect.NativeMethodAccessorImpl.invoke0(Native Method)
	at sun.reflect.NativeMethodAccessorImpl.invoke(NativeMethodAccessorImpl.java:62)
	at sun.reflect.DelegatingMethodAccessorImpl.invoke(DelegatingMethodAccessorImpl.java:43)
	at java.lang.reflect.Method.invoke(Method.java:498)
	at org.junit.runners.model.FrameworkMethod$1.runReflectiveCall(FrameworkMethod.java:50)
	at org.junit.internal.runners.model.ReflectiveCallable.run(ReflectiveCallable.java:12)
	at org.junit.runners.model.FrameworkMethod.invokeExplosively(FrameworkMethod.java:47)
	at org.junit.internal.runners.statements.InvokeMethod.evaluate(InvokeMethod.java:17)
	at org.junit.internal.runners.statements.FailOnTimeout$CallableStatement.call(FailOnTimeout.java:298)
	at org.junit.internal.runners.statements.FailOnTimeout$CallableStatement.call(FailOnTimeout.java:292)
	at java.util.concurrent.FutureTask.run(FutureTask.java:266)
	at java.lang.Thread.run(Thread.java:748)
87) test066(org.joda.time.format.DateTimeFormatterBuilder_ESTest)
org.evosuite.runtime.mock.java.lang.MockIllegalArgumentException: Invalid format: "1l{v" is malformed at "l{v"
	at org.joda.time.format.DateTimeFormatter.parseLocalDateTime(DateTimeFormatter.java:825)
	at org.joda.time.format.DateTimeFormatter.parseLocalDate(DateTimeFormatter.java:769)
	at org.joda.time.MonthDay.parse(MonthDay.java:160)
	at org.joda.time.MonthDay.parse(MonthDay.java:149)
	at org.joda.time.format.DateTimeFormatterBuilder_ESTest.test066(DateTimeFormatterBuilder_ESTest.java:1411)
	at sun.reflect.NativeMethodAccessorImpl.invoke0(Native Method)
	at sun.reflect.NativeMethodAccessorImpl.invoke(NativeMethodAccessorImpl.java:62)
	at sun.reflect.DelegatingMethodAccessorImpl.invoke(DelegatingMethodAccessorImpl.java:43)
	at java.lang.reflect.Method.invoke(Method.java:498)
	at org.junit.runners.model.FrameworkMethod$1.runReflectiveCall(FrameworkMethod.java:50)
	at org.junit.internal.runners.model.ReflectiveCallable.run(ReflectiveCallable.java:12)
	at org.junit.runners.model.FrameworkMethod.invokeExplosively(FrameworkMethod.java:47)
	at org.junit.internal.runners.statements.InvokeMethod.evaluate(InvokeMethod.java:17)
	at org.junit.internal.runners.statements.FailOnTimeout$CallableStatement.call(FailOnTimeout.java:298)
	at org.junit.internal.runners.statements.FailOnTimeout$CallableStatement.call(FailOnTimeout.java:292)
	at java.util.concurrent.FutureTask.run(FutureTask.java:266)
	at java.lang.Thread.run(Thread.java:748)
88) test061(org.joda.time.format.DateTimeFormatterBuilder_ESTest)
java.lang.UnsupportedOperationException
	at org.joda.time.format.DateTimeFormatterBuilder$Composite.printTo(DateTimeFormatterBuilder.java:2616)
	at org.joda.time.format.DateTimeFormatterBuilder_ESTest.test061(DateTimeFormatterBuilder_ESTest.java:1319)
	at sun.reflect.NativeMethodAccessorImpl.invoke0(Native Method)
	at sun.reflect.NativeMethodAccessorImpl.invoke(NativeMethodAccessorImpl.java:62)
	at sun.reflect.DelegatingMethodAccessorImpl.invoke(DelegatingMethodAccessorImpl.java:43)
	at java.lang.reflect.Method.invoke(Method.java:498)
	at org.junit.runners.model.FrameworkMethod$1.runReflectiveCall(FrameworkMethod.java:50)
	at org.junit.internal.runners.model.ReflectiveCallable.run(ReflectiveCallable.java:12)
	at org.junit.runners.model.FrameworkMethod.invokeExplosively(FrameworkMethod.java:47)
	at org.junit.internal.runners.statements.InvokeMethod.evaluate(InvokeMethod.java:17)
	at org.junit.internal.runners.statements.FailOnTimeout$CallableStatement.call(FailOnTimeout.java:298)
	at org.junit.internal.runners.statements.FailOnTimeout$CallableStatement.call(FailOnTimeout.java:292)
	at java.util.concurrent.FutureTask.run(FutureTask.java:266)
	at java.lang.Thread.run(Thread.java:748)
89) test181(org.joda.time.format.DateTimeFormatterBuilder_ESTest)
org.evosuite.runtime.mock.java.lang.MockIllegalArgumentException: Invalid format: "-z"
	at org.joda.time.format.DateTimeFormatter.parseLocalDateTime(DateTimeFormatter.java:825)
	at org.joda.time.format.DateTimeFormatter.parseLocalDate(DateTimeFormatter.java:769)
	at org.joda.time.LocalDate.parse(LocalDate.java:178)
	at org.joda.time.format.DateTimeFormatterBuilder_ESTest.test181(DateTimeFormatterBuilder_ESTest.java:7699)
	at sun.reflect.NativeMethodAccessorImpl.invoke0(Native Method)
	at sun.reflect.NativeMethodAccessorImpl.invoke(NativeMethodAccessorImpl.java:62)
	at sun.reflect.DelegatingMethodAccessorImpl.invoke(DelegatingMethodAccessorImpl.java:43)
	at java.lang.reflect.Method.invoke(Method.java:498)
	at org.junit.runners.model.FrameworkMethod$1.runReflectiveCall(FrameworkMethod.java:50)
	at org.junit.internal.runners.model.ReflectiveCallable.run(ReflectiveCallable.java:12)
	at org.junit.runners.model.FrameworkMethod.invokeExplosively(FrameworkMethod.java:47)
	at org.junit.internal.runners.statements.InvokeMethod.evaluate(InvokeMethod.java:17)
	at org.junit.internal.runners.statements.FailOnTimeout$CallableStatement.call(FailOnTimeout.java:298)
	at org.junit.internal.runners.statements.FailOnTimeout$CallableStatement.call(FailOnTimeout.java:292)
	at java.util.concurrent.FutureTask.run(FutureTask.java:266)
	at java.lang.Thread.run(Thread.java:748)
90) test184(org.joda.time.format.DateTimeFormatterBuilder_ESTest)
java.lang.IllegalArgumentException: No enum constant org.joda.time.format.DateTimeFormatterBuilder.TimeZoneId.
	at java.lang.Enum.valueOf(Enum.java:238)
	at org.joda.time.format.DateTimeFormatterBuilder$TimeZoneId.valueOf(DateTimeFormatterBuilder.java:2498)
	at org.joda.time.format.DateTimeFormatterBuilder_ESTest.test184(DateTimeFormatterBuilder_ESTest.java:7890)
	at sun.reflect.NativeMethodAccessorImpl.invoke0(Native Method)
	at sun.reflect.NativeMethodAccessorImpl.invoke(NativeMethodAccessorImpl.java:62)
	at sun.reflect.DelegatingMethodAccessorImpl.invoke(DelegatingMethodAccessorImpl.java:43)
	at java.lang.reflect.Method.invoke(Method.java:498)
	at org.junit.runners.model.FrameworkMethod$1.runReflectiveCall(FrameworkMethod.java:50)
	at org.junit.internal.runners.model.ReflectiveCallable.run(ReflectiveCallable.java:12)
	at org.junit.runners.model.FrameworkMethod.invokeExplosively(FrameworkMethod.java:47)
	at org.junit.internal.runners.statements.InvokeMethod.evaluate(InvokeMethod.java:17)
	at org.junit.internal.runners.statements.FailOnTimeout$CallableStatement.call(FailOnTimeout.java:298)
	at org.junit.internal.runners.statements.FailOnTimeout$CallableStatement.call(FailOnTimeout.java:292)
	at java.util.concurrent.FutureTask.run(FutureTask.java:266)
	at java.lang.Thread.run(Thread.java:748)
91) test180(org.joda.time.format.DateTimeFormatterBuilder_ESTest)
org.evosuite.runtime.mock.java.lang.MockIllegalArgumentException: Invalid format: "3Qe-)#6" is malformed at "Qe-)#6"
	at org.joda.time.format.DateTimeFormatter.parseLocalDateTime(DateTimeFormatter.java:825)
	at org.joda.time.format.DateTimeFormatter.parseLocalDate(DateTimeFormatter.java:769)
	at org.joda.time.format.DateTimeFormatterBuilder_ESTest.test180(DateTimeFormatterBuilder_ESTest.java:7659)
	at sun.reflect.NativeMethodAccessorImpl.invoke0(Native Method)
	at sun.reflect.NativeMethodAccessorImpl.invoke(NativeMethodAccessorImpl.java:62)
	at sun.reflect.DelegatingMethodAccessorImpl.invoke(DelegatingMethodAccessorImpl.java:43)
	at java.lang.reflect.Method.invoke(Method.java:498)
	at org.junit.runners.model.FrameworkMethod$1.runReflectiveCall(FrameworkMethod.java:50)
	at org.junit.internal.runners.model.ReflectiveCallable.run(ReflectiveCallable.java:12)
	at org.junit.runners.model.FrameworkMethod.invokeExplosively(FrameworkMethod.java:47)
	at org.junit.internal.runners.statements.InvokeMethod.evaluate(InvokeMethod.java:17)
	at org.junit.internal.runners.statements.FailOnTimeout$CallableStatement.call(FailOnTimeout.java:298)
	at org.junit.internal.runners.statements.FailOnTimeout$CallableStatement.call(FailOnTimeout.java:292)
	at java.util.concurrent.FutureTask.run(FutureTask.java:266)
	at java.lang.Thread.run(Thread.java:748)
92) test059(org.joda.time.format.DateTimeFormatterBuilder_ESTest)
org.evosuite.runtime.mock.java.lang.MockIllegalArgumentException: Field type must not be null
	at org.joda.time.format.DateTimeFormatterBuilder.appendDecimal(DateTimeFormatterBuilder.java:397)
	at org.joda.time.format.DateTimeFormatterBuilder_ESTest.test059(DateTimeFormatterBuilder_ESTest.java:1284)
	at sun.reflect.NativeMethodAccessorImpl.invoke0(Native Method)
	at sun.reflect.NativeMethodAccessorImpl.invoke(NativeMethodAccessorImpl.java:62)
	at sun.reflect.DelegatingMethodAccessorImpl.invoke(DelegatingMethodAccessorImpl.java:43)
	at java.lang.reflect.Method.invoke(Method.java:498)
	at org.junit.runners.model.FrameworkMethod$1.runReflectiveCall(FrameworkMethod.java:50)
	at org.junit.internal.runners.model.ReflectiveCallable.run(ReflectiveCallable.java:12)
	at org.junit.runners.model.FrameworkMethod.invokeExplosively(FrameworkMethod.java:47)
	at org.junit.internal.runners.statements.InvokeMethod.evaluate(InvokeMethod.java:17)
	at org.junit.internal.runners.statements.FailOnTimeout$CallableStatement.call(FailOnTimeout.java:298)
	at org.junit.internal.runners.statements.FailOnTimeout$CallableStatement.call(FailOnTimeout.java:292)
	at java.util.concurrent.FutureTask.run(FutureTask.java:266)
	at java.lang.Thread.run(Thread.java:748)
93) test098(org.joda.time.format.DateTimeFormatterBuilder_ESTest)
org.evosuite.runtime.mock.java.lang.MockIllegalArgumentException: Invalid format: "3Q3e-)#6" is malformed at "Q3e-)#6"
	at org.joda.time.format.DateTimeFormatter.parseLocalDateTime(DateTimeFormatter.java:825)
	at org.joda.time.format.DateTimeFormatter.parseLocalDate(DateTimeFormatter.java:769)
	at org.joda.time.format.DateTimeFormatterBuilder_ESTest.test098(DateTimeFormatterBuilder_ESTest.java:2110)
	at sun.reflect.NativeMethodAccessorImpl.invoke0(Native Method)
	at sun.reflect.NativeMethodAccessorImpl.invoke(NativeMethodAccessorImpl.java:62)
	at sun.reflect.DelegatingMethodAccessorImpl.invoke(DelegatingMethodAccessorImpl.java:43)
	at java.lang.reflect.Method.invoke(Method.java:498)
	at org.junit.runners.model.FrameworkMethod$1.runReflectiveCall(FrameworkMethod.java:50)
	at org.junit.internal.runners.model.ReflectiveCallable.run(ReflectiveCallable.java:12)
	at org.junit.runners.model.FrameworkMethod.invokeExplosively(FrameworkMethod.java:47)
	at org.junit.internal.runners.statements.InvokeMethod.evaluate(InvokeMethod.java:17)
	at org.junit.internal.runners.statements.FailOnTimeout$CallableStatement.call(FailOnTimeout.java:298)
	at org.junit.internal.runners.statements.FailOnTimeout$CallableStatement.call(FailOnTimeout.java:292)
	at java.util.concurrent.FutureTask.run(FutureTask.java:266)
	at java.lang.Thread.run(Thread.java:748)
94) test099(org.joda.time.format.DateTimeFormatterBuilder_ESTest)
org.evosuite.runtime.mock.java.lang.MockIllegalArgumentException: No partial converter found for type: java.util.LinkedList
	at org.joda.time.convert.ConverterManager.getPartialConverter(ConverterManager.java:252)
	at org.joda.time.LocalDate.<init>(LocalDate.java:402)
	at org.joda.time.LocalDate.<init>(LocalDate.java:354)
	at org.joda.time.format.DateTimeFormatterBuilder_ESTest.test099(DateTimeFormatterBuilder_ESTest.java:2128)
	at sun.reflect.NativeMethodAccessorImpl.invoke0(Native Method)
	at sun.reflect.NativeMethodAccessorImpl.invoke(NativeMethodAccessorImpl.java:62)
	at sun.reflect.DelegatingMethodAccessorImpl.invoke(DelegatingMethodAccessorImpl.java:43)
	at java.lang.reflect.Method.invoke(Method.java:498)
	at org.junit.runners.model.FrameworkMethod$1.runReflectiveCall(FrameworkMethod.java:50)
	at org.junit.internal.runners.model.ReflectiveCallable.run(ReflectiveCallable.java:12)
	at org.junit.runners.model.FrameworkMethod.invokeExplosively(FrameworkMethod.java:47)
	at org.junit.internal.runners.statements.InvokeMethod.evaluate(InvokeMethod.java:17)
	at org.junit.internal.runners.statements.FailOnTimeout$CallableStatement.call(FailOnTimeout.java:298)
	at org.junit.internal.runners.statements.FailOnTimeout$CallableStatement.call(FailOnTimeout.java:292)
	at java.util.concurrent.FutureTask.run(FutureTask.java:266)
	at java.lang.Thread.run(Thread.java:748)
95) test093(org.joda.time.format.DateTimeFormatterBuilder_ESTest)
java.lang.StringIndexOutOfBoundsException: String index out of range: -2797
	at java.lang.String.substring(String.java:1960)
	at org.joda.time.format.DateTimeFormatterBuilder$TextField.parseInto(DateTimeFormatterBuilder.java:1838)
	at org.joda.time.format.DateTimeFormatterBuilder_ESTest.test093(DateTimeFormatterBuilder_ESTest.java:1995)
	at sun.reflect.NativeMethodAccessorImpl.invoke0(Native Method)
	at sun.reflect.NativeMethodAccessorImpl.invoke(NativeMethodAccessorImpl.java:62)
	at sun.reflect.DelegatingMethodAccessorImpl.invoke(DelegatingMethodAccessorImpl.java:43)
	at java.lang.reflect.Method.invoke(Method.java:498)
	at org.junit.runners.model.FrameworkMethod$1.runReflectiveCall(FrameworkMethod.java:50)
	at org.junit.internal.runners.model.ReflectiveCallable.run(ReflectiveCallable.java:12)
	at org.junit.runners.model.FrameworkMethod.invokeExplosively(FrameworkMethod.java:47)
	at org.junit.internal.runners.statements.InvokeMethod.evaluate(InvokeMethod.java:17)
	at org.junit.internal.runners.statements.FailOnTimeout$CallableStatement.call(FailOnTimeout.java:298)
	at org.junit.internal.runners.statements.FailOnTimeout$CallableStatement.call(FailOnTimeout.java:292)
	at java.util.concurrent.FutureTask.run(FutureTask.java:266)
	at java.lang.Thread.run(Thread.java:748)
96) test096(org.joda.time.format.DateTimeFormatterBuilder_ESTest)
java.lang.NullPointerException
	at org.joda.time.format.DateTimeFormatterBuilder$Fraction.printTo(DateTimeFormatterBuilder.java:1975)
	at org.joda.time.format.DateTimeFormatterBuilder$Fraction.printTo(DateTimeFormatterBuilder.java:1875)
	at org.joda.time.format.DateTimeFormatterBuilder_ESTest.test096(DateTimeFormatterBuilder_ESTest.java:2064)
	at sun.reflect.NativeMethodAccessorImpl.invoke0(Native Method)
	at sun.reflect.NativeMethodAccessorImpl.invoke(NativeMethodAccessorImpl.java:62)
	at sun.reflect.DelegatingMethodAccessorImpl.invoke(DelegatingMethodAccessorImpl.java:43)
	at java.lang.reflect.Method.invoke(Method.java:498)
	at org.junit.runners.model.FrameworkMethod$1.runReflectiveCall(FrameworkMethod.java:50)
	at org.junit.internal.runners.model.ReflectiveCallable.run(ReflectiveCallable.java:12)
	at org.junit.runners.model.FrameworkMethod.invokeExplosively(FrameworkMethod.java:47)
	at org.junit.internal.runners.statements.InvokeMethod.evaluate(InvokeMethod.java:17)
	at org.junit.internal.runners.statements.FailOnTimeout$CallableStatement.call(FailOnTimeout.java:298)
	at org.junit.internal.runners.statements.FailOnTimeout$CallableStatement.call(FailOnTimeout.java:292)
	at java.util.concurrent.FutureTask.run(FutureTask.java:266)
	at java.lang.Thread.run(Thread.java:748)
97) test095(org.joda.time.format.DateTimeFormatterBuilder_ESTest)
java.lang.StringIndexOutOfBoundsException: String index out of range: -1298
	at java.lang.String.charAt(String.java:658)
	at org.joda.time.format.DateTimeFormatterBuilder$TwoDigitYear.parseInto(DateTimeFormatterBuilder.java:1546)
	at org.joda.time.format.DateTimeFormatterBuilder_ESTest.test095(DateTimeFormatterBuilder_ESTest.java:2040)
	at sun.reflect.NativeMethodAccessorImpl.invoke0(Native Method)
	at sun.reflect.NativeMethodAccessorImpl.invoke(NativeMethodAccessorImpl.java:62)
	at sun.reflect.DelegatingMethodAccessorImpl.invoke(DelegatingMethodAccessorImpl.java:43)
	at java.lang.reflect.Method.invoke(Method.java:498)
	at org.junit.runners.model.FrameworkMethod$1.runReflectiveCall(FrameworkMethod.java:50)
	at org.junit.internal.runners.model.ReflectiveCallable.run(ReflectiveCallable.java:12)
	at org.junit.runners.model.FrameworkMethod.invokeExplosively(FrameworkMethod.java:47)
	at org.junit.internal.runners.statements.InvokeMethod.evaluate(InvokeMethod.java:17)
	at org.junit.internal.runners.statements.FailOnTimeout$CallableStatement.call(FailOnTimeout.java:298)
	at org.junit.internal.runners.statements.FailOnTimeout$CallableStatement.call(FailOnTimeout.java:292)
	at java.util.concurrent.FutureTask.run(FutureTask.java:266)
	at java.lang.Thread.run(Thread.java:748)
98) test090(org.joda.time.format.DateTimeFormatterBuilder_ESTest)
org.evosuite.runtime.mock.java.lang.MockIllegalArgumentException: Invalid format: "org.joda.time.convert.ReadableDu..."
	at org.joda.time.format.DateTimeFormatter.parseLocalDateTime(DateTimeFormatter.java:825)
	at org.joda.time.format.DateTimeFormatter.parseLocalDate(DateTimeFormatter.java:769)
	at org.joda.time.LocalDate.parse(LocalDate.java:178)
	at org.joda.time.format.DateTimeFormatterBuilder_ESTest.test090(DateTimeFormatterBuilder_ESTest.java:1916)
	at sun.reflect.NativeMethodAccessorImpl.invoke0(Native Method)
	at sun.reflect.NativeMethodAccessorImpl.invoke(NativeMethodAccessorImpl.java:62)
	at sun.reflect.DelegatingMethodAccessorImpl.invoke(DelegatingMethodAccessorImpl.java:43)
	at java.lang.reflect.Method.invoke(Method.java:498)
	at org.junit.runners.model.FrameworkMethod$1.runReflectiveCall(FrameworkMethod.java:50)
	at org.junit.internal.runners.model.ReflectiveCallable.run(ReflectiveCallable.java:12)
	at org.junit.runners.model.FrameworkMethod.invokeExplosively(FrameworkMethod.java:47)
	at org.junit.internal.runners.statements.InvokeMethod.evaluate(InvokeMethod.java:17)
	at org.junit.internal.runners.statements.FailOnTimeout$CallableStatement.call(FailOnTimeout.java:298)
	at org.junit.internal.runners.statements.FailOnTimeout$CallableStatement.call(FailOnTimeout.java:292)
	at java.util.concurrent.FutureTask.run(FutureTask.java:266)
	at java.lang.Thread.run(Thread.java:748)
99) test091(org.joda.time.format.DateTimeFormatterBuilder_ESTest)
org.evosuite.runtime.mock.java.lang.MockIllegalArgumentException: Invalid format: "--"
	at org.joda.time.format.DateTimeFormatter.parseLocalDateTime(DateTimeFormatter.java:825)
	at org.joda.time.format.DateTimeFormatter.parseLocalDate(DateTimeFormatter.java:769)
	at org.joda.time.format.DateTimeFormatterBuilder_ESTest.test091(DateTimeFormatterBuilder_ESTest.java:1950)
	at sun.reflect.NativeMethodAccessorImpl.invoke0(Native Method)
	at sun.reflect.NativeMethodAccessorImpl.invoke(NativeMethodAccessorImpl.java:62)
	at sun.reflect.DelegatingMethodAccessorImpl.invoke(DelegatingMethodAccessorImpl.java:43)
	at java.lang.reflect.Method.invoke(Method.java:498)
	at org.junit.runners.model.FrameworkMethod$1.runReflectiveCall(FrameworkMethod.java:50)
	at org.junit.internal.runners.model.ReflectiveCallable.run(ReflectiveCallable.java:12)
	at org.junit.runners.model.FrameworkMethod.invokeExplosively(FrameworkMethod.java:47)
	at org.junit.internal.runners.statements.InvokeMethod.evaluate(InvokeMethod.java:17)
	at org.junit.internal.runners.statements.FailOnTimeout$CallableStatement.call(FailOnTimeout.java:298)
	at org.junit.internal.runners.statements.FailOnTimeout$CallableStatement.call(FailOnTimeout.java:292)
	at java.util.concurrent.FutureTask.run(FutureTask.java:266)
	at java.lang.Thread.run(Thread.java:748)
100) test089(org.joda.time.format.DateTimeFormatterBuilder_ESTest)
org.evosuite.runtime.mock.java.lang.MockIllegalArgumentException: Field type must not be null
	at org.joda.time.format.DateTimeFormatterBuilder.appendFixedSignedDecimal(DateTimeFormatterBuilder.java:479)
	at org.joda.time.format.DateTimeFormatterBuilder_ESTest.test089(DateTimeFormatterBuilder_ESTest.java:1896)
	at sun.reflect.NativeMethodAccessorImpl.invoke0(Native Method)
	at sun.reflect.NativeMethodAccessorImpl.invoke(NativeMethodAccessorImpl.java:62)
	at sun.reflect.DelegatingMethodAccessorImpl.invoke(DelegatingMethodAccessorImpl.java:43)
	at java.lang.reflect.Method.invoke(Method.java:498)
	at org.junit.runners.model.FrameworkMethod$1.runReflectiveCall(FrameworkMethod.java:50)
	at org.junit.internal.runners.model.ReflectiveCallable.run(ReflectiveCallable.java:12)
	at org.junit.runners.model.FrameworkMethod.invokeExplosively(FrameworkMethod.java:47)
	at org.junit.internal.runners.statements.InvokeMethod.evaluate(InvokeMethod.java:17)
	at org.junit.internal.runners.statements.FailOnTimeout$CallableStatement.call(FailOnTimeout.java:298)
	at org.junit.internal.runners.statements.FailOnTimeout$CallableStatement.call(FailOnTimeout.java:292)
	at java.util.concurrent.FutureTask.run(FutureTask.java:266)
	at java.lang.Thread.run(Thread.java:748)
101) test088(org.joda.time.format.DateTimeFormatterBuilder_ESTest)
org.evosuite.runtime.mock.java.lang.MockIllegalArgumentException: Invalid format: "3Qe-)#6" is malformed at "Qe-)#6"
	at org.joda.time.format.DateTimeFormatter.parseLocalDateTime(DateTimeFormatter.java:825)
	at org.joda.time.format.DateTimeFormatter.parseLocalDate(DateTimeFormatter.java:769)
	at org.joda.time.format.DateTimeFormatterBuilder_ESTest.test088(DateTimeFormatterBuilder_ESTest.java:1875)
	at sun.reflect.NativeMethodAccessorImpl.invoke0(Native Method)
	at sun.reflect.NativeMethodAccessorImpl.invoke(NativeMethodAccessorImpl.java:62)
	at sun.reflect.DelegatingMethodAccessorImpl.invoke(DelegatingMethodAccessorImpl.java:43)
	at java.lang.reflect.Method.invoke(Method.java:498)
	at org.junit.runners.model.FrameworkMethod$1.runReflectiveCall(FrameworkMethod.java:50)
	at org.junit.internal.runners.model.ReflectiveCallable.run(ReflectiveCallable.java:12)
	at org.junit.runners.model.FrameworkMethod.invokeExplosively(FrameworkMethod.java:47)
	at org.junit.internal.runners.statements.InvokeMethod.evaluate(InvokeMethod.java:17)
	at org.junit.internal.runners.statements.FailOnTimeout$CallableStatement.call(FailOnTimeout.java:298)
	at org.junit.internal.runners.statements.FailOnTimeout$CallableStatement.call(FailOnTimeout.java:292)
	at java.util.concurrent.FutureTask.run(FutureTask.java:266)
	at java.lang.Thread.run(Thread.java:748)
102) test082(org.joda.time.format.DateTimeFormatterBuilder_ESTest)
java.lang.StringIndexOutOfBoundsException: String index out of range: -48
	at java.lang.String.charAt(String.java:658)
	at org.joda.time.format.DateTimeFormatterBuilder$FixedNumber.parseInto(DateTimeFormatterBuilder.java:1495)
	at org.joda.time.format.DateTimeFormatterBuilder_ESTest.test082(DateTimeFormatterBuilder_ESTest.java:1759)
	at sun.reflect.NativeMethodAccessorImpl.invoke0(Native Method)
	at sun.reflect.NativeMethodAccessorImpl.invoke(NativeMethodAccessorImpl.java:62)
	at sun.reflect.DelegatingMethodAccessorImpl.invoke(DelegatingMethodAccessorImpl.java:43)
	at java.lang.reflect.Method.invoke(Method.java:498)
	at org.junit.runners.model.FrameworkMethod$1.runReflectiveCall(FrameworkMethod.java:50)
	at org.junit.internal.runners.model.ReflectiveCallable.run(ReflectiveCallable.java:12)
	at org.junit.runners.model.FrameworkMethod.invokeExplosively(FrameworkMethod.java:47)
	at org.junit.internal.runners.statements.InvokeMethod.evaluate(InvokeMethod.java:17)
	at org.junit.internal.runners.statements.FailOnTimeout$CallableStatement.call(FailOnTimeout.java:298)
	at org.junit.internal.runners.statements.FailOnTimeout$CallableStatement.call(FailOnTimeout.java:292)
	at java.util.concurrent.FutureTask.run(FutureTask.java:266)
	at java.lang.Thread.run(Thread.java:748)
103) test085(org.joda.time.format.DateTimeFormatterBuilder_ESTest)
org.evosuite.runtime.mock.java.lang.MockIllegalArgumentException: Field type must not be null
	at org.joda.time.format.DateTimeFormatterBuilder.appendFixedDecimal(DateTimeFormatterBuilder.java:427)
	at org.joda.time.format.DateTimeFormatterBuilder_ESTest.test085(DateTimeFormatterBuilder_ESTest.java:1829)
	at sun.reflect.NativeMethodAccessorImpl.invoke0(Native Method)
	at sun.reflect.NativeMethodAccessorImpl.invoke(NativeMethodAccessorImpl.java:62)
	at sun.reflect.DelegatingMethodAccessorImpl.invoke(DelegatingMethodAccessorImpl.java:43)
	at java.lang.reflect.Method.invoke(Method.java:498)
	at org.junit.runners.model.FrameworkMethod$1.runReflectiveCall(FrameworkMethod.java:50)
	at org.junit.internal.runners.model.ReflectiveCallable.run(ReflectiveCallable.java:12)
	at org.junit.runners.model.FrameworkMethod.invokeExplosively(FrameworkMethod.java:47)
	at org.junit.internal.runners.statements.InvokeMethod.evaluate(InvokeMethod.java:17)
	at org.junit.internal.runners.statements.FailOnTimeout$CallableStatement.call(FailOnTimeout.java:298)
	at org.junit.internal.runners.statements.FailOnTimeout$CallableStatement.call(FailOnTimeout.java:292)
	at java.util.concurrent.FutureTask.run(FutureTask.java:266)
	at java.lang.Thread.run(Thread.java:748)
104) test084(org.joda.time.format.DateTimeFormatterBuilder_ESTest)
java.lang.IllegalArgumentException: No enum constant org.joda.time.format.DateTimeFormatterBuilder.TimeZoneId.ADK><[L#y! .q,
	at java.lang.Enum.valueOf(Enum.java:238)
	at org.joda.time.format.DateTimeFormatterBuilder$TimeZoneId.valueOf(DateTimeFormatterBuilder.java:2498)
	at org.joda.time.format.DateTimeFormatterBuilder_ESTest.test084(DateTimeFormatterBuilder_ESTest.java:1803)
	at sun.reflect.NativeMethodAccessorImpl.invoke0(Native Method)
	at sun.reflect.NativeMethodAccessorImpl.invoke(NativeMethodAccessorImpl.java:62)
	at sun.reflect.DelegatingMethodAccessorImpl.invoke(DelegatingMethodAccessorImpl.java:43)
	at java.lang.reflect.Method.invoke(Method.java:498)
	at org.junit.runners.model.FrameworkMethod$1.runReflectiveCall(FrameworkMethod.java:50)
	at org.junit.internal.runners.model.ReflectiveCallable.run(ReflectiveCallable.java:12)
	at org.junit.runners.model.FrameworkMethod.invokeExplosively(FrameworkMethod.java:47)
	at org.junit.internal.runners.statements.InvokeMethod.evaluate(InvokeMethod.java:17)
	at org.junit.internal.runners.statements.FailOnTimeout$CallableStatement.call(FailOnTimeout.java:298)
	at org.junit.internal.runners.statements.FailOnTimeout$CallableStatement.call(FailOnTimeout.java:292)
	at java.util.concurrent.FutureTask.run(FutureTask.java:266)
	at java.lang.Thread.run(Thread.java:748)
105) test080(org.joda.time.format.DateTimeFormatterBuilder_ESTest)
org.evosuite.runtime.mock.java.lang.MockIllegalArgumentException: Illegal pattern component: I
	at org.joda.time.format.DateTimeFormat.parsePatternTo(DateTimeFormat.java:559)
	at org.joda.time.format.DateTimeFormat.appendPatternTo(DateTimeFormat.java:377)
	at org.joda.time.format.DateTimeFormatterBuilder.appendPattern(DateTimeFormatterBuilder.java:1094)
	at org.joda.time.format.DateTimeFormatterBuilder_ESTest.test080(DateTimeFormatterBuilder_ESTest.java:1710)
	at sun.reflect.NativeMethodAccessorImpl.invoke0(Native Method)
	at sun.reflect.NativeMethodAccessorImpl.invoke(NativeMethodAccessorImpl.java:62)
	at sun.reflect.DelegatingMethodAccessorImpl.invoke(DelegatingMethodAccessorImpl.java:43)
	at java.lang.reflect.Method.invoke(Method.java:498)
	at org.junit.runners.model.FrameworkMethod$1.runReflectiveCall(FrameworkMethod.java:50)
	at org.junit.internal.runners.model.ReflectiveCallable.run(ReflectiveCallable.java:12)
	at org.junit.runners.model.FrameworkMethod.invokeExplosively(FrameworkMethod.java:47)
	at org.junit.internal.runners.statements.InvokeMethod.evaluate(InvokeMethod.java:17)
	at org.junit.internal.runners.statements.FailOnTimeout$CallableStatement.call(FailOnTimeout.java:298)
	at org.junit.internal.runners.statements.FailOnTimeout$CallableStatement.call(FailOnTimeout.java:292)
	at java.util.concurrent.FutureTask.run(FutureTask.java:266)
	at java.lang.Thread.run(Thread.java:748)
106) test079(org.joda.time.format.DateTimeFormatterBuilder_ESTest)
java.lang.UnsupportedOperationException: Parsing is not supported
	at org.joda.time.format.DateTimeFormatterBuilder.toParser(DateTimeFormatterBuilder.java:156)
	at org.joda.time.format.DateTimeFormatterBuilder_ESTest.test079(DateTimeFormatterBuilder_ESTest.java:1684)
	at sun.reflect.NativeMethodAccessorImpl.invoke0(Native Method)
	at sun.reflect.NativeMethodAccessorImpl.invoke(NativeMethodAccessorImpl.java:62)
	at sun.reflect.DelegatingMethodAccessorImpl.invoke(DelegatingMethodAccessorImpl.java:43)
	at java.lang.reflect.Method.invoke(Method.java:498)
	at org.junit.runners.model.FrameworkMethod$1.runReflectiveCall(FrameworkMethod.java:50)
	at org.junit.internal.runners.model.ReflectiveCallable.run(ReflectiveCallable.java:12)
	at org.junit.runners.model.FrameworkMethod.invokeExplosively(FrameworkMethod.java:47)
	at org.junit.internal.runners.statements.InvokeMethod.evaluate(InvokeMethod.java:17)
	at org.junit.internal.runners.statements.FailOnTimeout$CallableStatement.call(FailOnTimeout.java:298)
	at org.junit.internal.runners.statements.FailOnTimeout$CallableStatement.call(FailOnTimeout.java:292)
	at java.util.concurrent.FutureTask.run(FutureTask.java:266)
	at java.lang.Thread.run(Thread.java:748)
107) test210(org.joda.time.format.DateTimeFormatterBuilder_ESTest)
org.evosuite.runtime.mock.java.lang.MockIllegalArgumentException: Illegal number of digits: -3432
	at org.joda.time.format.DateTimeFormatterBuilder.appendFixedSignedDecimal(DateTimeFormatterBuilder.java:482)
	at org.joda.time.format.DateTimeFormatterBuilder_ESTest.test210(DateTimeFormatterBuilder_ESTest.java:8780)
	at sun.reflect.NativeMethodAccessorImpl.invoke0(Native Method)
	at sun.reflect.NativeMethodAccessorImpl.invoke(NativeMethodAccessorImpl.java:62)
	at sun.reflect.DelegatingMethodAccessorImpl.invoke(DelegatingMethodAccessorImpl.java:43)
	at java.lang.reflect.Method.invoke(Method.java:498)
	at org.junit.runners.model.FrameworkMethod$1.runReflectiveCall(FrameworkMethod.java:50)
	at org.junit.internal.runners.model.ReflectiveCallable.run(ReflectiveCallable.java:12)
	at org.junit.runners.model.FrameworkMethod.invokeExplosively(FrameworkMethod.java:47)
	at org.junit.internal.runners.statements.InvokeMethod.evaluate(InvokeMethod.java:17)
	at org.junit.internal.runners.statements.FailOnTimeout$CallableStatement.call(FailOnTimeout.java:298)
	at org.junit.internal.runners.statements.FailOnTimeout$CallableStatement.call(FailOnTimeout.java:292)
	at java.util.concurrent.FutureTask.run(FutureTask.java:266)
	at java.lang.Thread.run(Thread.java:748)
108) test205(org.joda.time.format.DateTimeFormatterBuilder_ESTest)
java.lang.IllegalArgumentException: No enum constant org.joda.time.format.DateTimeFormatterBuilder.TimeZoneId.w(KD
	at java.lang.Enum.valueOf(Enum.java:238)
	at org.joda.time.format.DateTimeFormatterBuilder$TimeZoneId.valueOf(DateTimeFormatterBuilder.java:2498)
	at org.joda.time.format.DateTimeFormatterBuilder_ESTest.test205(DateTimeFormatterBuilder_ESTest.java:8630)
	at sun.reflect.NativeMethodAccessorImpl.invoke0(Native Method)
	at sun.reflect.NativeMethodAccessorImpl.invoke(NativeMethodAccessorImpl.java:62)
	at sun.reflect.DelegatingMethodAccessorImpl.invoke(DelegatingMethodAccessorImpl.java:43)
	at java.lang.reflect.Method.invoke(Method.java:498)
	at org.junit.runners.model.FrameworkMethod$1.runReflectiveCall(FrameworkMethod.java:50)
	at org.junit.internal.runners.model.ReflectiveCallable.run(ReflectiveCallable.java:12)
	at org.junit.runners.model.FrameworkMethod.invokeExplosively(FrameworkMethod.java:47)
	at org.junit.internal.runners.statements.InvokeMethod.evaluate(InvokeMethod.java:17)
	at org.junit.internal.runners.statements.FailOnTimeout$CallableStatement.call(FailOnTimeout.java:298)
	at org.junit.internal.runners.statements.FailOnTimeout$CallableStatement.call(FailOnTimeout.java:292)
	at java.util.concurrent.FutureTask.run(FutureTask.java:266)
	at java.lang.Thread.run(Thread.java:748)
109) test207(org.joda.time.format.DateTimeFormatterBuilder_ESTest)
java.util.concurrent.ExecutionException: java.lang.SecurityException: Security manager blocks ("java.lang.RuntimePermission" "writeFileDescriptor")
java.lang.Thread.getStackTrace(Thread.java:1559)
org.evosuite.runtime.sandbox.MSecurityManager.checkPermission(MSecurityManager.java:434)
java.lang.SecurityManager.checkWrite(SecurityManager.java:954)
java.io.FileOutputStream.<init>(FileOutputStream.java:245)
java.io.FileWriter.<init>(FileWriter.java:116)
org.evosuite.runtime.mock.java.io.MockFileWriter.<init>(MockFileWriter.java:79)
org.joda.time.format.DateTimeFormatterBuilder_ESTest$1.run(DateTimeFormatterBuilder_ESTest.java:8698)
java.util.concurrent.Executors$RunnableAdapter.call(Executors.java:511)
java.util.concurrent.FutureTask.run(FutureTask.java:266)
java.util.concurrent.ThreadPoolExecutor.runWorker(ThreadPoolExecutor.java:1149)
java.util.concurrent.ThreadPoolExecutor$Worker.run(ThreadPoolExecutor.java:624)
java.lang.Thread.run(Thread.java:748)

	at java.util.concurrent.FutureTask.report(FutureTask.java:122)
	at java.util.concurrent.FutureTask.get(FutureTask.java:206)
	at org.joda.time.format.DateTimeFormatterBuilder_ESTest.test207(DateTimeFormatterBuilder_ESTest.java:8728)
	at sun.reflect.NativeMethodAccessorImpl.invoke0(Native Method)
	at sun.reflect.NativeMethodAccessorImpl.invoke(NativeMethodAccessorImpl.java:62)
	at sun.reflect.DelegatingMethodAccessorImpl.invoke(DelegatingMethodAccessorImpl.java:43)
	at java.lang.reflect.Method.invoke(Method.java:498)
	at org.junit.runners.model.FrameworkMethod$1.runReflectiveCall(FrameworkMethod.java:50)
	at org.junit.internal.runners.model.ReflectiveCallable.run(ReflectiveCallable.java:12)
	at org.junit.runners.model.FrameworkMethod.invokeExplosively(FrameworkMethod.java:47)
	at org.junit.internal.runners.statements.InvokeMethod.evaluate(InvokeMethod.java:17)
	at org.junit.internal.runners.statements.FailOnTimeout$CallableStatement.call(FailOnTimeout.java:298)
	at org.junit.internal.runners.statements.FailOnTimeout$CallableStatement.call(FailOnTimeout.java:292)
	at java.util.concurrent.FutureTask.run(FutureTask.java:266)
	at java.lang.Thread.run(Thread.java:748)
Caused by: java.lang.SecurityException: Security manager blocks ("java.lang.RuntimePermission" "writeFileDescriptor")
java.lang.Thread.getStackTrace(Thread.java:1559)
org.evosuite.runtime.sandbox.MSecurityManager.checkPermission(MSecurityManager.java:434)
java.lang.SecurityManager.checkWrite(SecurityManager.java:954)
java.io.FileOutputStream.<init>(FileOutputStream.java:245)
java.io.FileWriter.<init>(FileWriter.java:116)
org.evosuite.runtime.mock.java.io.MockFileWriter.<init>(MockFileWriter.java:79)
org.joda.time.format.DateTimeFormatterBuilder_ESTest$1.run(DateTimeFormatterBuilder_ESTest.java:8698)
java.util.concurrent.Executors$RunnableAdapter.call(Executors.java:511)
java.util.concurrent.FutureTask.run(FutureTask.java:266)
java.util.concurrent.ThreadPoolExecutor.runWorker(ThreadPoolExecutor.java:1149)
java.util.concurrent.ThreadPoolExecutor$Worker.run(ThreadPoolExecutor.java:624)
java.lang.Thread.run(Thread.java:748)

	at org.evosuite.runtime.sandbox.MSecurityManager.checkPermission(MSecurityManager.java:452)
	at java.lang.SecurityManager.checkWrite(SecurityManager.java:954)
	at java.io.FileOutputStream.<init>(FileOutputStream.java:245)
	at java.io.FileWriter.<init>(FileWriter.java:116)
	at org.evosuite.runtime.mock.java.io.MockFileWriter.<init>(MockFileWriter.java:79)
	at org.joda.time.format.DateTimeFormatterBuilder_ESTest$1.run(DateTimeFormatterBuilder_ESTest.java:8698)
	at java.util.concurrent.Executors$RunnableAdapter.call(Executors.java:511)
	at java.util.concurrent.FutureTask.run(FutureTask.java:266)
	at java.util.concurrent.ThreadPoolExecutor.runWorker(ThreadPoolExecutor.java:1149)
	at java.util.concurrent.ThreadPoolExecutor$Worker.run(ThreadPoolExecutor.java:624)
	... 1 more
110) test206(org.joda.time.format.DateTimeFormatterBuilder_ESTest)
java.io.FileNotFoundException
	at org.evosuite.runtime.mock.java.io.MockFileOutputStream.<init>(MockFileOutputStream.java:104)
	at org.evosuite.runtime.mock.java.io.MockFileOutputStream.<init>(MockFileOutputStream.java:59)
	at org.joda.time.format.DateTimeFormatterBuilder_ESTest.test206(DateTimeFormatterBuilder_ESTest.java:8657)
	at sun.reflect.NativeMethodAccessorImpl.invoke0(Native Method)
	at sun.reflect.NativeMethodAccessorImpl.invoke(NativeMethodAccessorImpl.java:62)
	at sun.reflect.DelegatingMethodAccessorImpl.invoke(DelegatingMethodAccessorImpl.java:43)
	at java.lang.reflect.Method.invoke(Method.java:498)
	at org.junit.runners.model.FrameworkMethod$1.runReflectiveCall(FrameworkMethod.java:50)
	at org.junit.internal.runners.model.ReflectiveCallable.run(ReflectiveCallable.java:12)
	at org.junit.runners.model.FrameworkMethod.invokeExplosively(FrameworkMethod.java:47)
	at org.junit.internal.runners.statements.InvokeMethod.evaluate(InvokeMethod.java:17)
	at org.junit.internal.runners.statements.FailOnTimeout$CallableStatement.call(FailOnTimeout.java:298)
	at org.junit.internal.runners.statements.FailOnTimeout$CallableStatement.call(FailOnTimeout.java:292)
	at java.util.concurrent.FutureTask.run(FutureTask.java:266)
	at java.lang.Thread.run(Thread.java:748)
111) test201(org.joda.time.format.DateTimeFormatterBuilder_ESTest)
org.evosuite.runtime.mock.java.lang.MockIllegalArgumentException: Invalid format: "1l{v" is malformed at "l{v"
	at org.joda.time.format.DateTimeFormatter.parseLocalDateTime(DateTimeFormatter.java:825)
	at org.joda.time.format.DateTimeFormatter.parseLocalDate(DateTimeFormatter.java:769)
	at org.joda.time.MonthDay.parse(MonthDay.java:160)
	at org.joda.time.MonthDay.parse(MonthDay.java:149)
	at org.joda.time.format.DateTimeFormatterBuilder_ESTest.test201(DateTimeFormatterBuilder_ESTest.java:8544)
	at sun.reflect.NativeMethodAccessorImpl.invoke0(Native Method)
	at sun.reflect.NativeMethodAccessorImpl.invoke(NativeMethodAccessorImpl.java:62)
	at sun.reflect.DelegatingMethodAccessorImpl.invoke(DelegatingMethodAccessorImpl.java:43)
	at java.lang.reflect.Method.invoke(Method.java:498)
	at org.junit.runners.model.FrameworkMethod$1.runReflectiveCall(FrameworkMethod.java:50)
	at org.junit.internal.runners.model.ReflectiveCallable.run(ReflectiveCallable.java:12)
	at org.junit.runners.model.FrameworkMethod.invokeExplosively(FrameworkMethod.java:47)
	at org.junit.internal.runners.statements.InvokeMethod.evaluate(InvokeMethod.java:17)
	at org.junit.internal.runners.statements.FailOnTimeout$CallableStatement.call(FailOnTimeout.java:298)
	at org.junit.internal.runners.statements.FailOnTimeout$CallableStatement.call(FailOnTimeout.java:292)
	at java.util.concurrent.FutureTask.run(FutureTask.java:266)
	at java.lang.Thread.run(Thread.java:748)
112) test202(org.joda.time.format.DateTimeFormatterBuilder_ESTest)
org.evosuite.runtime.mock.java.lang.MockIllegalArgumentException: Invalid format: "3Qe-)#" is malformed at "Qe-)#"
	at org.joda.time.format.DateTimeFormatter.parseLocalDateTime(DateTimeFormatter.java:825)
	at org.joda.time.format.DateTimeFormatter.parseLocalDate(DateTimeFormatter.java:769)
	at org.joda.time.format.DateTimeFormatterBuilder_ESTest.test202(DateTimeFormatterBuilder_ESTest.java:8565)
	at sun.reflect.NativeMethodAccessorImpl.invoke0(Native Method)
	at sun.reflect.NativeMethodAccessorImpl.invoke(NativeMethodAccessorImpl.java:62)
	at sun.reflect.DelegatingMethodAccessorImpl.invoke(DelegatingMethodAccessorImpl.java:43)
	at java.lang.reflect.Method.invoke(Method.java:498)
	at org.junit.runners.model.FrameworkMethod$1.runReflectiveCall(FrameworkMethod.java:50)
	at org.junit.internal.runners.model.ReflectiveCallable.run(ReflectiveCallable.java:12)
	at org.junit.runners.model.FrameworkMethod.invokeExplosively(FrameworkMethod.java:47)
	at org.junit.internal.runners.statements.InvokeMethod.evaluate(InvokeMethod.java:17)
	at org.junit.internal.runners.statements.FailOnTimeout$CallableStatement.call(FailOnTimeout.java:298)
	at org.junit.internal.runners.statements.FailOnTimeout$CallableStatement.call(FailOnTimeout.java:292)
	at java.util.concurrent.FutureTask.run(FutureTask.java:266)
	at java.lang.Thread.run(Thread.java:748)

FAILURES!!!
Tests run: 219,  Failures: 112

