JUnit version 4.12
.E.E.E..E.E...E.E.E....E..E..E.E...E.E.E.E.E.E..E.E.E.E.E..E..E..E....E.E.E.E..E..E.......E.E..E...E.E.E.E.E.E.E.E...E.E..E...E..E..E.E..E....E......E....E.......E.......E............E.........E..E.E....................E..E....E...E..E..E.E.E.E.E.E..E.E.E.E...E.E.E..E.E.E.E.
Time: 6.631
There were 82 failures:
1) test111(org.joda.time.format.DateTimeFormatterBuilder_ESTest)
org.evosuite.runtime.mock.java.lang.MockIllegalArgumentException: Invalid format: "-"
	at org.joda.time.format.DateTimeFormatter.parseLocalDateTime(DateTimeFormatter.java:825)
	at org.joda.time.format.DateTimeFormatter.parseLocalDate(DateTimeFormatter.java:769)
	at org.joda.time.LocalDate.parse(LocalDate.java:178)
	at org.joda.time.LocalDate.parse(LocalDate.java:167)
	at org.joda.time.format.DateTimeFormatterBuilder_ESTest.test111(DateTimeFormatterBuilder_ESTest.java:4151)
	at sun.reflect.NativeMethodAccessorImpl.invoke0(Native Method)
	at sun.reflect.NativeMethodAccessorImpl.invoke(NativeMethodAccessorImpl.java:62)
	at sun.reflect.DelegatingMethodAccessorImpl.invoke(DelegatingMethodAccessorImpl.java:43)
	at java.lang.reflect.Method.invoke(Method.java:498)
	at org.junit.runners.model.FrameworkMethod$1.runReflectiveCall(FrameworkMethod.java:50)
	at org.junit.internal.runners.model.ReflectiveCallable.run(ReflectiveCallable.java:12)
	at org.junit.runners.model.FrameworkMethod.invokeExplosively(FrameworkMethod.java:47)
	at org.junit.internal.runners.statements.InvokeMethod.evaluate(InvokeMethod.java:17)
	at org.junit.internal.runners.statements.FailOnTimeout$CallableStatement.call(FailOnTimeout.java:298)
	at org.junit.internal.runners.statements.FailOnTimeout$CallableStatement.call(FailOnTimeout.java:292)
	at java.util.concurrent.FutureTask.run(FutureTask.java:266)
	at java.lang.Thread.run(Thread.java:748)
2) test110(org.joda.time.format.DateTimeFormatterBuilder_ESTest)
org.evosuite.runtime.mock.java.lang.MockIllegalArgumentException: Invalid format: "+(s41n"day}2yz7/hs3"
	at org.joda.time.format.DateTimeFormatter.parseLocalDateTime(DateTimeFormatter.java:825)
	at org.joda.time.format.DateTimeFormatter.parseLocalDate(DateTimeFormatter.java:769)
	at org.joda.time.LocalDate.parse(LocalDate.java:178)
	at org.joda.time.LocalDate.parse(LocalDate.java:167)
	at org.joda.time.format.DateTimeFormatterBuilder_ESTest.test110(DateTimeFormatterBuilder_ESTest.java:4136)
	at sun.reflect.NativeMethodAccessorImpl.invoke0(Native Method)
	at sun.reflect.NativeMethodAccessorImpl.invoke(NativeMethodAccessorImpl.java:62)
	at sun.reflect.DelegatingMethodAccessorImpl.invoke(DelegatingMethodAccessorImpl.java:43)
	at java.lang.reflect.Method.invoke(Method.java:498)
	at org.junit.runners.model.FrameworkMethod$1.runReflectiveCall(FrameworkMethod.java:50)
	at org.junit.internal.runners.model.ReflectiveCallable.run(ReflectiveCallable.java:12)
	at org.junit.runners.model.FrameworkMethod.invokeExplosively(FrameworkMethod.java:47)
	at org.junit.internal.runners.statements.InvokeMethod.evaluate(InvokeMethod.java:17)
	at org.junit.internal.runners.statements.FailOnTimeout$CallableStatement.call(FailOnTimeout.java:298)
	at org.junit.internal.runners.statements.FailOnTimeout$CallableStatement.call(FailOnTimeout.java:292)
	at java.util.concurrent.FutureTask.run(FutureTask.java:266)
	at java.lang.Thread.run(Thread.java:748)
3) test109(org.joda.time.format.DateTimeFormatterBuilder_ESTest)
org.evosuite.runtime.mock.java.lang.MockIllegalArgumentException: Invalid format: "-FHG"
	at org.joda.time.format.DateTimeFormatter.parseLocalDateTime(DateTimeFormatter.java:825)
	at org.joda.time.format.DateTimeFormatter.parseLocalDate(DateTimeFormatter.java:769)
	at org.joda.time.LocalDate.parse(LocalDate.java:178)
	at org.joda.time.LocalDate.parse(LocalDate.java:167)
	at org.joda.time.format.DateTimeFormatterBuilder_ESTest.test109(DateTimeFormatterBuilder_ESTest.java:4121)
	at sun.reflect.NativeMethodAccessorImpl.invoke0(Native Method)
	at sun.reflect.NativeMethodAccessorImpl.invoke(NativeMethodAccessorImpl.java:62)
	at sun.reflect.DelegatingMethodAccessorImpl.invoke(DelegatingMethodAccessorImpl.java:43)
	at java.lang.reflect.Method.invoke(Method.java:498)
	at org.junit.runners.model.FrameworkMethod$1.runReflectiveCall(FrameworkMethod.java:50)
	at org.junit.internal.runners.model.ReflectiveCallable.run(ReflectiveCallable.java:12)
	at org.junit.runners.model.FrameworkMethod.invokeExplosively(FrameworkMethod.java:47)
	at org.junit.internal.runners.statements.InvokeMethod.evaluate(InvokeMethod.java:17)
	at org.junit.internal.runners.statements.FailOnTimeout$CallableStatement.call(FailOnTimeout.java:298)
	at org.junit.internal.runners.statements.FailOnTimeout$CallableStatement.call(FailOnTimeout.java:292)
	at java.util.concurrent.FutureTask.run(FutureTask.java:266)
	at java.lang.Thread.run(Thread.java:748)
4) test105(org.joda.time.format.DateTimeFormatterBuilder_ESTest)
java.lang.NullPointerException
	at org.joda.time.format.DateTimeFormatterBuilder$UnpaddedNumber.printTo(DateTimeFormatterBuilder.java:1412)
	at org.joda.time.format.DateTimeFormatterBuilder_ESTest.test105(DateTimeFormatterBuilder_ESTest.java:4071)
	at sun.reflect.NativeMethodAccessorImpl.invoke0(Native Method)
	at sun.reflect.NativeMethodAccessorImpl.invoke(NativeMethodAccessorImpl.java:62)
	at sun.reflect.DelegatingMethodAccessorImpl.invoke(DelegatingMethodAccessorImpl.java:43)
	at java.lang.reflect.Method.invoke(Method.java:498)
	at org.junit.runners.model.FrameworkMethod$1.runReflectiveCall(FrameworkMethod.java:50)
	at org.junit.internal.runners.model.ReflectiveCallable.run(ReflectiveCallable.java:12)
	at org.junit.runners.model.FrameworkMethod.invokeExplosively(FrameworkMethod.java:47)
	at org.junit.internal.runners.statements.InvokeMethod.evaluate(InvokeMethod.java:17)
	at org.junit.internal.runners.statements.FailOnTimeout$CallableStatement.call(FailOnTimeout.java:298)
	at org.junit.internal.runners.statements.FailOnTimeout$CallableStatement.call(FailOnTimeout.java:292)
	at java.util.concurrent.FutureTask.run(FutureTask.java:266)
	at java.lang.Thread.run(Thread.java:748)
5) test108(org.joda.time.format.DateTimeFormatterBuilder_ESTest)
org.evosuite.runtime.mock.java.lang.MockIllegalArgumentException: Invalid format: "2147483648" is malformed at "8"
	at org.joda.time.format.DateTimeFormatter.parseLocalDateTime(DateTimeFormatter.java:825)
	at org.joda.time.format.DateTimeFormatter.parseLocalDate(DateTimeFormatter.java:769)
	at org.joda.time.LocalDate.parse(LocalDate.java:178)
	at org.joda.time.LocalDate.parse(LocalDate.java:167)
	at org.joda.time.format.DateTimeFormatterBuilder_ESTest.test108(DateTimeFormatterBuilder_ESTest.java:4106)
	at sun.reflect.NativeMethodAccessorImpl.invoke0(Native Method)
	at sun.reflect.NativeMethodAccessorImpl.invoke(NativeMethodAccessorImpl.java:62)
	at sun.reflect.DelegatingMethodAccessorImpl.invoke(DelegatingMethodAccessorImpl.java:43)
	at java.lang.reflect.Method.invoke(Method.java:498)
	at org.junit.runners.model.FrameworkMethod$1.runReflectiveCall(FrameworkMethod.java:50)
	at org.junit.internal.runners.model.ReflectiveCallable.run(ReflectiveCallable.java:12)
	at org.junit.runners.model.FrameworkMethod.invokeExplosively(FrameworkMethod.java:47)
	at org.junit.internal.runners.statements.InvokeMethod.evaluate(InvokeMethod.java:17)
	at org.junit.internal.runners.statements.FailOnTimeout$CallableStatement.call(FailOnTimeout.java:298)
	at org.junit.internal.runners.statements.FailOnTimeout$CallableStatement.call(FailOnTimeout.java:292)
	at java.util.concurrent.FutureTask.run(FutureTask.java:266)
	at java.lang.Thread.run(Thread.java:748)
6) test101(org.joda.time.format.DateTimeFormatterBuilder_ESTest)
org.evosuite.runtime.mock.java.lang.MockIllegalArgumentException: Invalid format: "93N5T]{wl!BH^6.g9" is malformed at "N5T]{wl!BH^6.g9"
	at org.joda.time.format.DateTimeFormatter.parseLocalDateTime(DateTimeFormatter.java:825)
	at org.joda.time.format.DateTimeFormatter.parseLocalDate(DateTimeFormatter.java:769)
	at org.joda.time.MonthDay.parse(MonthDay.java:160)
	at org.joda.time.format.DateTimeFormatterBuilder_ESTest.test101(DateTimeFormatterBuilder_ESTest.java:3972)
	at sun.reflect.NativeMethodAccessorImpl.invoke0(Native Method)
	at sun.reflect.NativeMethodAccessorImpl.invoke(NativeMethodAccessorImpl.java:62)
	at sun.reflect.DelegatingMethodAccessorImpl.invoke(DelegatingMethodAccessorImpl.java:43)
	at java.lang.reflect.Method.invoke(Method.java:498)
	at org.junit.runners.model.FrameworkMethod$1.runReflectiveCall(FrameworkMethod.java:50)
	at org.junit.internal.runners.model.ReflectiveCallable.run(ReflectiveCallable.java:12)
	at org.junit.runners.model.FrameworkMethod.invokeExplosively(FrameworkMethod.java:47)
	at org.junit.internal.runners.statements.InvokeMethod.evaluate(InvokeMethod.java:17)
	at org.junit.internal.runners.statements.FailOnTimeout$CallableStatement.call(FailOnTimeout.java:298)
	at org.junit.internal.runners.statements.FailOnTimeout$CallableStatement.call(FailOnTimeout.java:292)
	at java.util.concurrent.FutureTask.run(FutureTask.java:266)
	at java.lang.Thread.run(Thread.java:748)
7) test104(org.joda.time.format.DateTimeFormatterBuilder_ESTest)
java.lang.NullPointerException
	at org.joda.time.format.DateTimeFormatterBuilder.printUnknownString(DateTimeFormatterBuilder.java:1158)
	at org.joda.time.format.DateTimeFormatterBuilder$PaddedNumber.printTo(DateTimeFormatterBuilder.java:1475)
	at org.joda.time.format.DateTimeFormatterBuilder_ESTest.test104(DateTimeFormatterBuilder_ESTest.java:4052)
	at sun.reflect.NativeMethodAccessorImpl.invoke0(Native Method)
	at sun.reflect.NativeMethodAccessorImpl.invoke(NativeMethodAccessorImpl.java:62)
	at sun.reflect.DelegatingMethodAccessorImpl.invoke(DelegatingMethodAccessorImpl.java:43)
	at java.lang.reflect.Method.invoke(Method.java:498)
	at org.junit.runners.model.FrameworkMethod$1.runReflectiveCall(FrameworkMethod.java:50)
	at org.junit.internal.runners.model.ReflectiveCallable.run(ReflectiveCallable.java:12)
	at org.junit.runners.model.FrameworkMethod.invokeExplosively(FrameworkMethod.java:47)
	at org.junit.internal.runners.statements.InvokeMethod.evaluate(InvokeMethod.java:17)
	at org.junit.internal.runners.statements.FailOnTimeout$CallableStatement.call(FailOnTimeout.java:298)
	at org.junit.internal.runners.statements.FailOnTimeout$CallableStatement.call(FailOnTimeout.java:292)
	at java.util.concurrent.FutureTask.run(FutureTask.java:266)
	at java.lang.Thread.run(Thread.java:748)
8) test103(org.joda.time.format.DateTimeFormatterBuilder_ESTest)
org.evosuite.runtime.mock.java.lang.MockIllegalArgumentException: Invalid format: "-0" is too short
	at org.joda.time.format.DateTimeFormatter.parseLocalDateTime(DateTimeFormatter.java:825)
	at org.joda.time.format.DateTimeFormatter.parseLocalDate(DateTimeFormatter.java:769)
	at org.joda.time.MonthDay.parse(MonthDay.java:160)
	at org.joda.time.format.DateTimeFormatterBuilder_ESTest.test103(DateTimeFormatterBuilder_ESTest.java:4033)
	at sun.reflect.NativeMethodAccessorImpl.invoke0(Native Method)
	at sun.reflect.NativeMethodAccessorImpl.invoke(NativeMethodAccessorImpl.java:62)
	at sun.reflect.DelegatingMethodAccessorImpl.invoke(DelegatingMethodAccessorImpl.java:43)
	at java.lang.reflect.Method.invoke(Method.java:498)
	at org.junit.runners.model.FrameworkMethod$1.runReflectiveCall(FrameworkMethod.java:50)
	at org.junit.internal.runners.model.ReflectiveCallable.run(ReflectiveCallable.java:12)
	at org.junit.runners.model.FrameworkMethod.invokeExplosively(FrameworkMethod.java:47)
	at org.junit.internal.runners.statements.InvokeMethod.evaluate(InvokeMethod.java:17)
	at org.junit.internal.runners.statements.FailOnTimeout$CallableStatement.call(FailOnTimeout.java:298)
	at org.junit.internal.runners.statements.FailOnTimeout$CallableStatement.call(FailOnTimeout.java:292)
	at java.util.concurrent.FutureTask.run(FutureTask.java:266)
	at java.lang.Thread.run(Thread.java:748)
9) test130(org.joda.time.format.DateTimeFormatterBuilder_ESTest)
org.evosuite.runtime.mock.java.lang.MockIllegalArgumentException: Illegal number of digits: -1410
	at org.joda.time.format.DateTimeFormatterBuilder.appendFixedSignedDecimal(DateTimeFormatterBuilder.java:482)
	at org.joda.time.format.DateTimeFormatterBuilder_ESTest.test130(DateTimeFormatterBuilder_ESTest.java:4414)
	at sun.reflect.NativeMethodAccessorImpl.invoke0(Native Method)
	at sun.reflect.NativeMethodAccessorImpl.invoke(NativeMethodAccessorImpl.java:62)
	at sun.reflect.DelegatingMethodAccessorImpl.invoke(DelegatingMethodAccessorImpl.java:43)
	at java.lang.reflect.Method.invoke(Method.java:498)
	at org.junit.runners.model.FrameworkMethod$1.runReflectiveCall(FrameworkMethod.java:50)
	at org.junit.internal.runners.model.ReflectiveCallable.run(ReflectiveCallable.java:12)
	at org.junit.runners.model.FrameworkMethod.invokeExplosively(FrameworkMethod.java:47)
	at org.junit.internal.runners.statements.InvokeMethod.evaluate(InvokeMethod.java:17)
	at org.junit.internal.runners.statements.FailOnTimeout$CallableStatement.call(FailOnTimeout.java:298)
	at org.junit.internal.runners.statements.FailOnTimeout$CallableStatement.call(FailOnTimeout.java:292)
	at java.util.concurrent.FutureTask.run(FutureTask.java:266)
	at java.lang.Thread.run(Thread.java:748)
10) test133(org.joda.time.format.DateTimeFormatterBuilder_ESTest)
org.evosuite.runtime.mock.java.lang.MockIllegalArgumentException
	at org.joda.time.format.DateTimeFormatterBuilder.appendSignedDecimal(DateTimeFormatterBuilder.java:455)
	at org.joda.time.format.DateTimeFormatterBuilder_ESTest.test133(DateTimeFormatterBuilder_ESTest.java:4454)
	at sun.reflect.NativeMethodAccessorImpl.invoke0(Native Method)
	at sun.reflect.NativeMethodAccessorImpl.invoke(NativeMethodAccessorImpl.java:62)
	at sun.reflect.DelegatingMethodAccessorImpl.invoke(DelegatingMethodAccessorImpl.java:43)
	at java.lang.reflect.Method.invoke(Method.java:498)
	at org.junit.runners.model.FrameworkMethod$1.runReflectiveCall(FrameworkMethod.java:50)
	at org.junit.internal.runners.model.ReflectiveCallable.run(ReflectiveCallable.java:12)
	at org.junit.runners.model.FrameworkMethod.invokeExplosively(FrameworkMethod.java:47)
	at org.junit.internal.runners.statements.InvokeMethod.evaluate(InvokeMethod.java:17)
	at org.junit.internal.runners.statements.FailOnTimeout$CallableStatement.call(FailOnTimeout.java:298)
	at org.junit.internal.runners.statements.FailOnTimeout$CallableStatement.call(FailOnTimeout.java:292)
	at java.util.concurrent.FutureTask.run(FutureTask.java:266)
	at java.lang.Thread.run(Thread.java:748)
11) test132(org.joda.time.format.DateTimeFormatterBuilder_ESTest)
org.evosuite.runtime.mock.java.lang.MockIllegalArgumentException
	at org.joda.time.format.DateTimeFormatterBuilder.appendSignedDecimal(DateTimeFormatterBuilder.java:455)
	at org.joda.time.format.DateTimeFormatterBuilder.appendCenturyOfEra(DateTimeFormatterBuilder.java:907)
	at org.joda.time.format.DateTimeFormatterBuilder_ESTest.test132(DateTimeFormatterBuilder_ESTest.java:4437)
	at sun.reflect.NativeMethodAccessorImpl.invoke0(Native Method)
	at sun.reflect.NativeMethodAccessorImpl.invoke(NativeMethodAccessorImpl.java:62)
	at sun.reflect.DelegatingMethodAccessorImpl.invoke(DelegatingMethodAccessorImpl.java:43)
	at java.lang.reflect.Method.invoke(Method.java:498)
	at org.junit.runners.model.FrameworkMethod$1.runReflectiveCall(FrameworkMethod.java:50)
	at org.junit.internal.runners.model.ReflectiveCallable.run(ReflectiveCallable.java:12)
	at org.junit.runners.model.FrameworkMethod.invokeExplosively(FrameworkMethod.java:47)
	at org.junit.internal.runners.statements.InvokeMethod.evaluate(InvokeMethod.java:17)
	at org.junit.internal.runners.statements.FailOnTimeout$CallableStatement.call(FailOnTimeout.java:298)
	at org.junit.internal.runners.statements.FailOnTimeout$CallableStatement.call(FailOnTimeout.java:292)
	at java.util.concurrent.FutureTask.run(FutureTask.java:266)
	at java.lang.Thread.run(Thread.java:748)
12) test007(org.joda.time.format.DateTimeFormatterBuilder_ESTest)
java.lang.UnsupportedOperationException
	at org.joda.time.format.DateTimeFormatterBuilder$Composite.printTo(DateTimeFormatterBuilder.java:2635)
	at org.joda.time.format.DateTimeFormatterBuilder_ESTest.test007(DateTimeFormatterBuilder_ESTest.java:346)
	at sun.reflect.NativeMethodAccessorImpl.invoke0(Native Method)
	at sun.reflect.NativeMethodAccessorImpl.invoke(NativeMethodAccessorImpl.java:62)
	at sun.reflect.DelegatingMethodAccessorImpl.invoke(DelegatingMethodAccessorImpl.java:43)
	at java.lang.reflect.Method.invoke(Method.java:498)
	at org.junit.runners.model.FrameworkMethod$1.runReflectiveCall(FrameworkMethod.java:50)
	at org.junit.internal.runners.model.ReflectiveCallable.run(ReflectiveCallable.java:12)
	at org.junit.runners.model.FrameworkMethod.invokeExplosively(FrameworkMethod.java:47)
	at org.junit.internal.runners.statements.InvokeMethod.evaluate(InvokeMethod.java:17)
	at org.junit.internal.runners.statements.FailOnTimeout$CallableStatement.call(FailOnTimeout.java:298)
	at org.junit.internal.runners.statements.FailOnTimeout$CallableStatement.call(FailOnTimeout.java:292)
	at java.util.concurrent.FutureTask.run(FutureTask.java:266)
	at java.lang.Thread.run(Thread.java:748)
13) test127(org.joda.time.format.DateTimeFormatterBuilder_ESTest)
org.evosuite.runtime.mock.java.lang.MockIllegalArgumentException: Field type must not be null
	at org.joda.time.format.DateTimeFormatterBuilder.appendText(DateTimeFormatterBuilder.java:497)
	at org.joda.time.format.DateTimeFormatterBuilder_ESTest.test127(DateTimeFormatterBuilder_ESTest.java:4373)
	at sun.reflect.NativeMethodAccessorImpl.invoke0(Native Method)
	at sun.reflect.NativeMethodAccessorImpl.invoke(NativeMethodAccessorImpl.java:62)
	at sun.reflect.DelegatingMethodAccessorImpl.invoke(DelegatingMethodAccessorImpl.java:43)
	at java.lang.reflect.Method.invoke(Method.java:498)
	at org.junit.runners.model.FrameworkMethod$1.runReflectiveCall(FrameworkMethod.java:50)
	at org.junit.internal.runners.model.ReflectiveCallable.run(ReflectiveCallable.java:12)
	at org.junit.runners.model.FrameworkMethod.invokeExplosively(FrameworkMethod.java:47)
	at org.junit.internal.runners.statements.InvokeMethod.evaluate(InvokeMethod.java:17)
	at org.junit.internal.runners.statements.FailOnTimeout$CallableStatement.call(FailOnTimeout.java:298)
	at org.junit.internal.runners.statements.FailOnTimeout$CallableStatement.call(FailOnTimeout.java:292)
	at java.util.concurrent.FutureTask.run(FutureTask.java:266)
	at java.lang.Thread.run(Thread.java:748)
14) test009(org.joda.time.format.DateTimeFormatterBuilder_ESTest)
org.evosuite.runtime.mock.java.lang.MockIllegalArgumentException: Invalid format: "org.joda.time.format.DateTimeFor..."
	at org.joda.time.format.DateTimeFormatter.parseLocalDateTime(DateTimeFormatter.java:825)
	at org.joda.time.format.DateTimeFormatter.parseLocalDate(DateTimeFormatter.java:769)
	at org.joda.time.MonthDay.parse(MonthDay.java:160)
	at org.joda.time.format.DateTimeFormatterBuilder_ESTest.test009(DateTimeFormatterBuilder_ESTest.java:422)
	at sun.reflect.NativeMethodAccessorImpl.invoke0(Native Method)
	at sun.reflect.NativeMethodAccessorImpl.invoke(NativeMethodAccessorImpl.java:62)
	at sun.reflect.DelegatingMethodAccessorImpl.invoke(DelegatingMethodAccessorImpl.java:43)
	at java.lang.reflect.Method.invoke(Method.java:498)
	at org.junit.runners.model.FrameworkMethod$1.runReflectiveCall(FrameworkMethod.java:50)
	at org.junit.internal.runners.model.ReflectiveCallable.run(ReflectiveCallable.java:12)
	at org.junit.runners.model.FrameworkMethod.invokeExplosively(FrameworkMethod.java:47)
	at org.junit.internal.runners.statements.InvokeMethod.evaluate(InvokeMethod.java:17)
	at org.junit.internal.runners.statements.FailOnTimeout$CallableStatement.call(FailOnTimeout.java:298)
	at org.junit.internal.runners.statements.FailOnTimeout$CallableStatement.call(FailOnTimeout.java:292)
	at java.util.concurrent.FutureTask.run(FutureTask.java:266)
	at java.lang.Thread.run(Thread.java:748)
15) test008(org.joda.time.format.DateTimeFormatterBuilder_ESTest)
java.lang.UnsupportedOperationException
	at org.joda.time.format.DateTimeFormatterBuilder$Composite.printTo(DateTimeFormatterBuilder.java:2616)
	at org.joda.time.format.DateTimeFormatterBuilder_ESTest.test008(DateTimeFormatterBuilder_ESTest.java:393)
	at sun.reflect.NativeMethodAccessorImpl.invoke0(Native Method)
	at sun.reflect.NativeMethodAccessorImpl.invoke(NativeMethodAccessorImpl.java:62)
	at sun.reflect.DelegatingMethodAccessorImpl.invoke(DelegatingMethodAccessorImpl.java:43)
	at java.lang.reflect.Method.invoke(Method.java:498)
	at org.junit.runners.model.FrameworkMethod$1.runReflectiveCall(FrameworkMethod.java:50)
	at org.junit.internal.runners.model.ReflectiveCallable.run(ReflectiveCallable.java:12)
	at org.junit.runners.model.FrameworkMethod.invokeExplosively(FrameworkMethod.java:47)
	at org.junit.internal.runners.statements.InvokeMethod.evaluate(InvokeMethod.java:17)
	at org.junit.internal.runners.statements.FailOnTimeout$CallableStatement.call(FailOnTimeout.java:298)
	at org.junit.internal.runners.statements.FailOnTimeout$CallableStatement.call(FailOnTimeout.java:292)
	at java.util.concurrent.FutureTask.run(FutureTask.java:266)
	at java.lang.Thread.run(Thread.java:748)
16) test129(org.joda.time.format.DateTimeFormatterBuilder_ESTest)
org.evosuite.runtime.mock.java.lang.MockIllegalArgumentException: Field type must not be null
	at org.joda.time.format.DateTimeFormatterBuilder.appendFixedSignedDecimal(DateTimeFormatterBuilder.java:479)
	at org.joda.time.format.DateTimeFormatterBuilder_ESTest.test129(DateTimeFormatterBuilder_ESTest.java:4397)
	at sun.reflect.NativeMethodAccessorImpl.invoke0(Native Method)
	at sun.reflect.NativeMethodAccessorImpl.invoke(NativeMethodAccessorImpl.java:62)
	at sun.reflect.DelegatingMethodAccessorImpl.invoke(DelegatingMethodAccessorImpl.java:43)
	at java.lang.reflect.Method.invoke(Method.java:498)
	at org.junit.runners.model.FrameworkMethod$1.runReflectiveCall(FrameworkMethod.java:50)
	at org.junit.internal.runners.model.ReflectiveCallable.run(ReflectiveCallable.java:12)
	at org.junit.runners.model.FrameworkMethod.invokeExplosively(FrameworkMethod.java:47)
	at org.junit.internal.runners.statements.InvokeMethod.evaluate(InvokeMethod.java:17)
	at org.junit.internal.runners.statements.FailOnTimeout$CallableStatement.call(FailOnTimeout.java:298)
	at org.junit.internal.runners.statements.FailOnTimeout$CallableStatement.call(FailOnTimeout.java:292)
	at java.util.concurrent.FutureTask.run(FutureTask.java:266)
	at java.lang.Thread.run(Thread.java:748)
17) test003(org.joda.time.format.DateTimeFormatterBuilder_ESTest)
java.lang.UnsupportedOperationException
	at org.joda.time.format.DateTimeFormatterBuilder$Composite.parseInto(DateTimeFormatterBuilder.java:2690)
	at org.joda.time.format.DateTimeFormatter.parseLocalDateTime(DateTimeFormatter.java:809)
	at org.joda.time.format.DateTimeFormatter.parseLocalDate(DateTimeFormatter.java:769)
	at org.joda.time.LocalDate.parse(LocalDate.java:178)
	at org.joda.time.format.DateTimeFormatterBuilder_ESTest.test003(DateTimeFormatterBuilder_ESTest.java:168)
	at sun.reflect.NativeMethodAccessorImpl.invoke0(Native Method)
	at sun.reflect.NativeMethodAccessorImpl.invoke(NativeMethodAccessorImpl.java:62)
	at sun.reflect.DelegatingMethodAccessorImpl.invoke(DelegatingMethodAccessorImpl.java:43)
	at java.lang.reflect.Method.invoke(Method.java:498)
	at org.junit.runners.model.FrameworkMethod$1.runReflectiveCall(FrameworkMethod.java:50)
	at org.junit.internal.runners.model.ReflectiveCallable.run(ReflectiveCallable.java:12)
	at org.junit.runners.model.FrameworkMethod.invokeExplosively(FrameworkMethod.java:47)
	at org.junit.internal.runners.statements.InvokeMethod.evaluate(InvokeMethod.java:17)
	at org.junit.internal.runners.statements.FailOnTimeout$CallableStatement.call(FailOnTimeout.java:298)
	at org.junit.internal.runners.statements.FailOnTimeout$CallableStatement.call(FailOnTimeout.java:292)
	at java.util.concurrent.FutureTask.run(FutureTask.java:266)
	at java.lang.Thread.run(Thread.java:748)
18) test124(org.joda.time.format.DateTimeFormatterBuilder_ESTest)
org.evosuite.runtime.mock.java.lang.MockIllegalArgumentException
	at org.joda.time.format.DateTimeFormatterBuilder.appendFraction(DateTimeFormatterBuilder.java:539)
	at org.joda.time.format.DateTimeFormatterBuilder.appendFractionOfHour(DateTimeFormatterBuilder.java:593)
	at org.joda.time.format.DateTimeFormatterBuilder_ESTest.test124(DateTimeFormatterBuilder_ESTest.java:4325)
	at sun.reflect.NativeMethodAccessorImpl.invoke0(Native Method)
	at sun.reflect.NativeMethodAccessorImpl.invoke(NativeMethodAccessorImpl.java:62)
	at sun.reflect.DelegatingMethodAccessorImpl.invoke(DelegatingMethodAccessorImpl.java:43)
	at java.lang.reflect.Method.invoke(Method.java:498)
	at org.junit.runners.model.FrameworkMethod$1.runReflectiveCall(FrameworkMethod.java:50)
	at org.junit.internal.runners.model.ReflectiveCallable.run(ReflectiveCallable.java:12)
	at org.junit.runners.model.FrameworkMethod.invokeExplosively(FrameworkMethod.java:47)
	at org.junit.internal.runners.statements.InvokeMethod.evaluate(InvokeMethod.java:17)
	at org.junit.internal.runners.statements.FailOnTimeout$CallableStatement.call(FailOnTimeout.java:298)
	at org.junit.internal.runners.statements.FailOnTimeout$CallableStatement.call(FailOnTimeout.java:292)
	at java.util.concurrent.FutureTask.run(FutureTask.java:266)
	at java.lang.Thread.run(Thread.java:748)
19) test123(org.joda.time.format.DateTimeFormatterBuilder_ESTest)
org.evosuite.runtime.mock.java.lang.MockIllegalArgumentException
	at org.joda.time.format.DateTimeFormatterBuilder.appendFraction(DateTimeFormatterBuilder.java:539)
	at org.joda.time.format.DateTimeFormatterBuilder.appendFractionOfSecond(DateTimeFormatterBuilder.java:559)
	at org.joda.time.format.DateTimeFormatterBuilder_ESTest.test123(DateTimeFormatterBuilder_ESTest.java:4309)
	at sun.reflect.NativeMethodAccessorImpl.invoke0(Native Method)
	at sun.reflect.NativeMethodAccessorImpl.invoke(NativeMethodAccessorImpl.java:62)
	at sun.reflect.DelegatingMethodAccessorImpl.invoke(DelegatingMethodAccessorImpl.java:43)
	at java.lang.reflect.Method.invoke(Method.java:498)
	at org.junit.runners.model.FrameworkMethod$1.runReflectiveCall(FrameworkMethod.java:50)
	at org.junit.internal.runners.model.ReflectiveCallable.run(ReflectiveCallable.java:12)
	at org.junit.runners.model.FrameworkMethod.invokeExplosively(FrameworkMethod.java:47)
	at org.junit.internal.runners.statements.InvokeMethod.evaluate(InvokeMethod.java:17)
	at org.junit.internal.runners.statements.FailOnTimeout$CallableStatement.call(FailOnTimeout.java:298)
	at org.junit.internal.runners.statements.FailOnTimeout$CallableStatement.call(FailOnTimeout.java:292)
	at java.util.concurrent.FutureTask.run(FutureTask.java:266)
	at java.lang.Thread.run(Thread.java:748)
20) test005(org.joda.time.format.DateTimeFormatterBuilder_ESTest)
java.lang.UnsupportedOperationException
	at org.joda.time.format.DateTimeFormatterBuilder$Composite.printTo(DateTimeFormatterBuilder.java:2652)
	at org.joda.time.format.DateTimeFormatterBuilder_ESTest.test005(DateTimeFormatterBuilder_ESTest.java:249)
	at sun.reflect.NativeMethodAccessorImpl.invoke0(Native Method)
	at sun.reflect.NativeMethodAccessorImpl.invoke(NativeMethodAccessorImpl.java:62)
	at sun.reflect.DelegatingMethodAccessorImpl.invoke(DelegatingMethodAccessorImpl.java:43)
	at java.lang.reflect.Method.invoke(Method.java:498)
	at org.junit.runners.model.FrameworkMethod$1.runReflectiveCall(FrameworkMethod.java:50)
	at org.junit.internal.runners.model.ReflectiveCallable.run(ReflectiveCallable.java:12)
	at org.junit.runners.model.FrameworkMethod.invokeExplosively(FrameworkMethod.java:47)
	at org.junit.internal.runners.statements.InvokeMethod.evaluate(InvokeMethod.java:17)
	at org.junit.internal.runners.statements.FailOnTimeout$CallableStatement.call(FailOnTimeout.java:298)
	at org.junit.internal.runners.statements.FailOnTimeout$CallableStatement.call(FailOnTimeout.java:292)
	at java.util.concurrent.FutureTask.run(FutureTask.java:266)
	at java.lang.Thread.run(Thread.java:748)
21) test126(org.joda.time.format.DateTimeFormatterBuilder_ESTest)
org.evosuite.runtime.mock.java.lang.MockIllegalArgumentException: Field type must not be null
	at org.joda.time.format.DateTimeFormatterBuilder.appendShortText(DateTimeFormatterBuilder.java:512)
	at org.joda.time.format.DateTimeFormatterBuilder_ESTest.test126(DateTimeFormatterBuilder_ESTest.java:4357)
	at sun.reflect.NativeMethodAccessorImpl.invoke0(Native Method)
	at sun.reflect.NativeMethodAccessorImpl.invoke(NativeMethodAccessorImpl.java:62)
	at sun.reflect.DelegatingMethodAccessorImpl.invoke(DelegatingMethodAccessorImpl.java:43)
	at java.lang.reflect.Method.invoke(Method.java:498)
	at org.junit.runners.model.FrameworkMethod$1.runReflectiveCall(FrameworkMethod.java:50)
	at org.junit.internal.runners.model.ReflectiveCallable.run(ReflectiveCallable.java:12)
	at org.junit.runners.model.FrameworkMethod.invokeExplosively(FrameworkMethod.java:47)
	at org.junit.internal.runners.statements.InvokeMethod.evaluate(InvokeMethod.java:17)
	at org.junit.internal.runners.statements.FailOnTimeout$CallableStatement.call(FailOnTimeout.java:298)
	at org.junit.internal.runners.statements.FailOnTimeout$CallableStatement.call(FailOnTimeout.java:292)
	at java.util.concurrent.FutureTask.run(FutureTask.java:266)
	at java.lang.Thread.run(Thread.java:748)
22) test004(org.joda.time.format.DateTimeFormatterBuilder_ESTest)
java.lang.UnsupportedOperationException
	at org.joda.time.format.DateTimeFormatterBuilder$Composite.printTo(DateTimeFormatterBuilder.java:2669)
	at org.joda.time.format.DateTimeFormatterBuilder_ESTest.test004(DateTimeFormatterBuilder_ESTest.java:206)
	at sun.reflect.NativeMethodAccessorImpl.invoke0(Native Method)
	at sun.reflect.NativeMethodAccessorImpl.invoke(NativeMethodAccessorImpl.java:62)
	at sun.reflect.DelegatingMethodAccessorImpl.invoke(DelegatingMethodAccessorImpl.java:43)
	at java.lang.reflect.Method.invoke(Method.java:498)
	at org.junit.runners.model.FrameworkMethod$1.runReflectiveCall(FrameworkMethod.java:50)
	at org.junit.internal.runners.model.ReflectiveCallable.run(ReflectiveCallable.java:12)
	at org.junit.runners.model.FrameworkMethod.invokeExplosively(FrameworkMethod.java:47)
	at org.junit.internal.runners.statements.InvokeMethod.evaluate(InvokeMethod.java:17)
	at org.junit.internal.runners.statements.FailOnTimeout$CallableStatement.call(FailOnTimeout.java:298)
	at org.junit.internal.runners.statements.FailOnTimeout$CallableStatement.call(FailOnTimeout.java:292)
	at java.util.concurrent.FutureTask.run(FutureTask.java:266)
	at java.lang.Thread.run(Thread.java:748)
23) test125(org.joda.time.format.DateTimeFormatterBuilder_ESTest)
org.evosuite.runtime.mock.java.lang.MockIllegalArgumentException: Field type must not be null
	at org.joda.time.format.DateTimeFormatterBuilder.appendFraction(DateTimeFormatterBuilder.java:533)
	at org.joda.time.format.DateTimeFormatterBuilder_ESTest.test125(DateTimeFormatterBuilder_ESTest.java:4341)
	at sun.reflect.NativeMethodAccessorImpl.invoke0(Native Method)
	at sun.reflect.NativeMethodAccessorImpl.invoke(NativeMethodAccessorImpl.java:62)
	at sun.reflect.DelegatingMethodAccessorImpl.invoke(DelegatingMethodAccessorImpl.java:43)
	at java.lang.reflect.Method.invoke(Method.java:498)
	at org.junit.runners.model.FrameworkMethod$1.runReflectiveCall(FrameworkMethod.java:50)
	at org.junit.internal.runners.model.ReflectiveCallable.run(ReflectiveCallable.java:12)
	at org.junit.runners.model.FrameworkMethod.invokeExplosively(FrameworkMethod.java:47)
	at org.junit.internal.runners.statements.InvokeMethod.evaluate(InvokeMethod.java:17)
	at org.junit.internal.runners.statements.FailOnTimeout$CallableStatement.call(FailOnTimeout.java:298)
	at org.junit.internal.runners.statements.FailOnTimeout$CallableStatement.call(FailOnTimeout.java:292)
	at java.util.concurrent.FutureTask.run(FutureTask.java:266)
	at java.lang.Thread.run(Thread.java:748)
24) test001(org.joda.time.format.DateTimeFormatterBuilder_ESTest)
java.lang.IndexOutOfBoundsException: Index: 1, Size: 1
	at java.util.LinkedList.checkElementIndex(LinkedList.java:555)
	at java.util.LinkedList.get(LinkedList.java:476)
	at org.joda.time.format.DateTimeFormatterBuilder$Composite.decompose(DateTimeFormatterBuilder.java:2724)
	at org.joda.time.format.DateTimeFormatterBuilder$Composite.<init>(DateTimeFormatterBuilder.java:2574)
	at org.joda.time.format.DateTimeFormatterBuilder_ESTest.test001(DateTimeFormatterBuilder_ESTest.java:105)
	at sun.reflect.NativeMethodAccessorImpl.invoke0(Native Method)
	at sun.reflect.NativeMethodAccessorImpl.invoke(NativeMethodAccessorImpl.java:62)
	at sun.reflect.DelegatingMethodAccessorImpl.invoke(DelegatingMethodAccessorImpl.java:43)
	at java.lang.reflect.Method.invoke(Method.java:498)
	at org.junit.runners.model.FrameworkMethod$1.runReflectiveCall(FrameworkMethod.java:50)
	at org.junit.internal.runners.model.ReflectiveCallable.run(ReflectiveCallable.java:12)
	at org.junit.runners.model.FrameworkMethod.invokeExplosively(FrameworkMethod.java:47)
	at org.junit.internal.runners.statements.InvokeMethod.evaluate(InvokeMethod.java:17)
	at org.junit.internal.runners.statements.FailOnTimeout$CallableStatement.call(FailOnTimeout.java:298)
	at org.junit.internal.runners.statements.FailOnTimeout$CallableStatement.call(FailOnTimeout.java:292)
	at java.util.concurrent.FutureTask.run(FutureTask.java:266)
	at java.lang.Thread.run(Thread.java:748)
25) test000(org.joda.time.format.DateTimeFormatterBuilder_ESTest)
org.evosuite.runtime.mock.java.lang.MockIllegalArgumentException: Invalid format: "2014-02-14T21:21:21.320" is malformed at "T21:21:21.320"
	at org.joda.time.format.DateTimeFormatter.parseLocalDateTime(DateTimeFormatter.java:825)
	at org.joda.time.format.DateTimeFormatter.parseLocalDate(DateTimeFormatter.java:769)
	at org.joda.time.LocalDate.parse(LocalDate.java:178)
	at org.joda.time.LocalDate.parse(LocalDate.java:167)
	at org.joda.time.format.DateTimeFormatterBuilder_ESTest.test000(DateTimeFormatterBuilder_ESTest.java:75)
	at sun.reflect.NativeMethodAccessorImpl.invoke0(Native Method)
	at sun.reflect.NativeMethodAccessorImpl.invoke(NativeMethodAccessorImpl.java:62)
	at sun.reflect.DelegatingMethodAccessorImpl.invoke(DelegatingMethodAccessorImpl.java:43)
	at java.lang.reflect.Method.invoke(Method.java:498)
	at org.junit.runners.model.FrameworkMethod$1.runReflectiveCall(FrameworkMethod.java:50)
	at org.junit.internal.runners.model.ReflectiveCallable.run(ReflectiveCallable.java:12)
	at org.junit.runners.model.FrameworkMethod.invokeExplosively(FrameworkMethod.java:47)
	at org.junit.internal.runners.statements.InvokeMethod.evaluate(InvokeMethod.java:17)
	at org.junit.internal.runners.statements.FailOnTimeout$CallableStatement.call(FailOnTimeout.java:298)
	at org.junit.internal.runners.statements.FailOnTimeout$CallableStatement.call(FailOnTimeout.java:292)
	at java.util.concurrent.FutureTask.run(FutureTask.java:266)
	at java.lang.Thread.run(Thread.java:748)
26) test117(org.joda.time.format.DateTimeFormatterBuilder_ESTest)
org.evosuite.runtime.mock.java.lang.MockIllegalArgumentException: Invalid format: "6.UDS4AbmO5" is malformed at ".UDS4AbmO5"
	at org.joda.time.format.DateTimeFormatter.parseDateTime(DateTimeFormatter.java:870)
	at org.joda.time.Instant.parse(Instant.java:98)
	at org.joda.time.Instant.parse(Instant.java:87)
	at org.joda.time.format.DateTimeFormatterBuilder_ESTest.test117(DateTimeFormatterBuilder_ESTest.java:4234)
	at sun.reflect.NativeMethodAccessorImpl.invoke0(Native Method)
	at sun.reflect.NativeMethodAccessorImpl.invoke(NativeMethodAccessorImpl.java:62)
	at sun.reflect.DelegatingMethodAccessorImpl.invoke(DelegatingMethodAccessorImpl.java:43)
	at java.lang.reflect.Method.invoke(Method.java:498)
	at org.junit.runners.model.FrameworkMethod$1.runReflectiveCall(FrameworkMethod.java:50)
	at org.junit.internal.runners.model.ReflectiveCallable.run(ReflectiveCallable.java:12)
	at org.junit.runners.model.FrameworkMethod.invokeExplosively(FrameworkMethod.java:47)
	at org.junit.internal.runners.statements.InvokeMethod.evaluate(InvokeMethod.java:17)
	at org.junit.internal.runners.statements.FailOnTimeout$CallableStatement.call(FailOnTimeout.java:298)
	at org.junit.internal.runners.statements.FailOnTimeout$CallableStatement.call(FailOnTimeout.java:292)
	at java.util.concurrent.FutureTask.run(FutureTask.java:266)
	at java.lang.Thread.run(Thread.java:748)
27) test113(org.joda.time.format.DateTimeFormatterBuilder_ESTest)
org.evosuite.runtime.mock.java.lang.MockIllegalArgumentException: Invalid format: "+6QMoyO" is malformed at "QMoyO"
	at org.joda.time.format.DateTimeFormatter.parseLocalDateTime(DateTimeFormatter.java:825)
	at org.joda.time.format.DateTimeFormatter.parseLocalDate(DateTimeFormatter.java:769)
	at org.joda.time.LocalDate.parse(LocalDate.java:178)
	at org.joda.time.LocalDate.parse(LocalDate.java:167)
	at org.joda.time.format.DateTimeFormatterBuilder_ESTest.test113(DateTimeFormatterBuilder_ESTest.java:4181)
	at sun.reflect.NativeMethodAccessorImpl.invoke0(Native Method)
	at sun.reflect.NativeMethodAccessorImpl.invoke(NativeMethodAccessorImpl.java:62)
	at sun.reflect.DelegatingMethodAccessorImpl.invoke(DelegatingMethodAccessorImpl.java:43)
	at java.lang.reflect.Method.invoke(Method.java:498)
	at org.junit.runners.model.FrameworkMethod$1.runReflectiveCall(FrameworkMethod.java:50)
	at org.junit.internal.runners.model.ReflectiveCallable.run(ReflectiveCallable.java:12)
	at org.junit.runners.model.FrameworkMethod.invokeExplosively(FrameworkMethod.java:47)
	at org.junit.internal.runners.statements.InvokeMethod.evaluate(InvokeMethod.java:17)
	at org.junit.internal.runners.statements.FailOnTimeout$CallableStatement.call(FailOnTimeout.java:298)
	at org.junit.internal.runners.statements.FailOnTimeout$CallableStatement.call(FailOnTimeout.java:292)
	at java.util.concurrent.FutureTask.run(FutureTask.java:266)
	at java.lang.Thread.run(Thread.java:748)
28) test112(org.joda.time.format.DateTimeFormatterBuilder_ESTest)
org.evosuite.runtime.mock.java.lang.MockIllegalArgumentException: Invalid format: "6--" is malformed at "--"
	at org.joda.time.format.DateTimeFormatter.parseLocalDateTime(DateTimeFormatter.java:825)
	at org.joda.time.format.DateTimeFormatter.parseLocalDate(DateTimeFormatter.java:769)
	at org.joda.time.LocalDate.parse(LocalDate.java:178)
	at org.joda.time.LocalDate.parse(LocalDate.java:167)
	at org.joda.time.format.DateTimeFormatterBuilder_ESTest.test112(DateTimeFormatterBuilder_ESTest.java:4166)
	at sun.reflect.NativeMethodAccessorImpl.invoke0(Native Method)
	at sun.reflect.NativeMethodAccessorImpl.invoke(NativeMethodAccessorImpl.java:62)
	at sun.reflect.DelegatingMethodAccessorImpl.invoke(DelegatingMethodAccessorImpl.java:43)
	at java.lang.reflect.Method.invoke(Method.java:498)
	at org.junit.runners.model.FrameworkMethod$1.runReflectiveCall(FrameworkMethod.java:50)
	at org.junit.internal.runners.model.ReflectiveCallable.run(ReflectiveCallable.java:12)
	at org.junit.runners.model.FrameworkMethod.invokeExplosively(FrameworkMethod.java:47)
	at org.junit.internal.runners.statements.InvokeMethod.evaluate(InvokeMethod.java:17)
	at org.junit.internal.runners.statements.FailOnTimeout$CallableStatement.call(FailOnTimeout.java:298)
	at org.junit.internal.runners.statements.FailOnTimeout$CallableStatement.call(FailOnTimeout.java:292)
	at java.util.concurrent.FutureTask.run(FutureTask.java:266)
	at java.lang.Thread.run(Thread.java:748)
29) test115(org.joda.time.format.DateTimeFormatterBuilder_ESTest)
org.evosuite.runtime.mock.java.lang.MockIllegalArgumentException: Invalid format: "2014-w" is malformed at "-w"
	at org.joda.time.format.DateTimeFormatter.parseLocalDateTime(DateTimeFormatter.java:825)
	at org.joda.time.format.DateTimeFormatter.parseLocalDate(DateTimeFormatter.java:769)
	at org.joda.time.LocalDate.parse(LocalDate.java:178)
	at org.joda.time.LocalDate.parse(LocalDate.java:167)
	at org.joda.time.format.DateTimeFormatterBuilder_ESTest.test115(DateTimeFormatterBuilder_ESTest.java:4213)
	at sun.reflect.NativeMethodAccessorImpl.invoke0(Native Method)
	at sun.reflect.NativeMethodAccessorImpl.invoke(NativeMethodAccessorImpl.java:62)
	at sun.reflect.DelegatingMethodAccessorImpl.invoke(DelegatingMethodAccessorImpl.java:43)
	at java.lang.reflect.Method.invoke(Method.java:498)
	at org.junit.runners.model.FrameworkMethod$1.runReflectiveCall(FrameworkMethod.java:50)
	at org.junit.internal.runners.model.ReflectiveCallable.run(ReflectiveCallable.java:12)
	at org.junit.runners.model.FrameworkMethod.invokeExplosively(FrameworkMethod.java:47)
	at org.junit.internal.runners.statements.InvokeMethod.evaluate(InvokeMethod.java:17)
	at org.junit.internal.runners.statements.FailOnTimeout$CallableStatement.call(FailOnTimeout.java:298)
	at org.junit.internal.runners.statements.FailOnTimeout$CallableStatement.call(FailOnTimeout.java:292)
	at java.util.concurrent.FutureTask.run(FutureTask.java:266)
	at java.lang.Thread.run(Thread.java:748)
30) test114(org.joda.time.format.DateTimeFormatterBuilder_ESTest)
org.evosuite.runtime.mock.java.lang.MockIllegalArgumentException: Invalid format: "Y/XGyp" is malformed at "/XGyp"
	at org.joda.time.format.DateTimeFormatter.parseLocalDateTime(DateTimeFormatter.java:825)
	at org.joda.time.format.DateTimeFormatter.parseLocalDate(DateTimeFormatter.java:769)
	at org.joda.time.MonthDay.parse(MonthDay.java:160)
	at org.joda.time.format.DateTimeFormatterBuilder_ESTest.test114(DateTimeFormatterBuilder_ESTest.java:4198)
	at sun.reflect.NativeMethodAccessorImpl.invoke0(Native Method)
	at sun.reflect.NativeMethodAccessorImpl.invoke(NativeMethodAccessorImpl.java:62)
	at sun.reflect.DelegatingMethodAccessorImpl.invoke(DelegatingMethodAccessorImpl.java:43)
	at java.lang.reflect.Method.invoke(Method.java:498)
	at org.junit.runners.model.FrameworkMethod$1.runReflectiveCall(FrameworkMethod.java:50)
	at org.junit.internal.runners.model.ReflectiveCallable.run(ReflectiveCallable.java:12)
	at org.junit.runners.model.FrameworkMethod.invokeExplosively(FrameworkMethod.java:47)
	at org.junit.internal.runners.statements.InvokeMethod.evaluate(InvokeMethod.java:17)
	at org.junit.internal.runners.statements.FailOnTimeout$CallableStatement.call(FailOnTimeout.java:298)
	at org.junit.internal.runners.statements.FailOnTimeout$CallableStatement.call(FailOnTimeout.java:292)
	at java.util.concurrent.FutureTask.run(FutureTask.java:266)
	at java.lang.Thread.run(Thread.java:748)
31) test153(org.joda.time.format.DateTimeFormatterBuilder_ESTest)
java.lang.UnsupportedOperationException: Both printing and parsing not supported
	at org.joda.time.format.DateTimeFormatterBuilder.toFormatter(DateTimeFormatterBuilder.java:116)
	at org.joda.time.format.DateTimeFormatterBuilder_ESTest.test153(DateTimeFormatterBuilder_ESTest.java:4742)
	at sun.reflect.NativeMethodAccessorImpl.invoke0(Native Method)
	at sun.reflect.NativeMethodAccessorImpl.invoke(NativeMethodAccessorImpl.java:62)
	at sun.reflect.DelegatingMethodAccessorImpl.invoke(DelegatingMethodAccessorImpl.java:43)
	at java.lang.reflect.Method.invoke(Method.java:498)
	at org.junit.runners.model.FrameworkMethod$1.runReflectiveCall(FrameworkMethod.java:50)
	at org.junit.internal.runners.model.ReflectiveCallable.run(ReflectiveCallable.java:12)
	at org.junit.runners.model.FrameworkMethod.invokeExplosively(FrameworkMethod.java:47)
	at org.junit.internal.runners.statements.InvokeMethod.evaluate(InvokeMethod.java:17)
	at org.junit.internal.runners.statements.FailOnTimeout$CallableStatement.call(FailOnTimeout.java:298)
	at org.junit.internal.runners.statements.FailOnTimeout$CallableStatement.call(FailOnTimeout.java:292)
	at java.util.concurrent.FutureTask.run(FutureTask.java:266)
	at java.lang.Thread.run(Thread.java:748)
32) test152(org.joda.time.format.DateTimeFormatterBuilder_ESTest)
java.lang.UnsupportedOperationException: Printing is not supported
	at org.joda.time.format.DateTimeFormatterBuilder.toPrinter(DateTimeFormatterBuilder.java:136)
	at org.joda.time.format.DateTimeFormatterBuilder_ESTest.test152(DateTimeFormatterBuilder_ESTest.java:4726)
	at sun.reflect.NativeMethodAccessorImpl.invoke0(Native Method)
	at sun.reflect.NativeMethodAccessorImpl.invoke(NativeMethodAccessorImpl.java:62)
	at sun.reflect.DelegatingMethodAccessorImpl.invoke(DelegatingMethodAccessorImpl.java:43)
	at java.lang.reflect.Method.invoke(Method.java:498)
	at org.junit.runners.model.FrameworkMethod$1.runReflectiveCall(FrameworkMethod.java:50)
	at org.junit.internal.runners.model.ReflectiveCallable.run(ReflectiveCallable.java:12)
	at org.junit.runners.model.FrameworkMethod.invokeExplosively(FrameworkMethod.java:47)
	at org.junit.internal.runners.statements.InvokeMethod.evaluate(InvokeMethod.java:17)
	at org.junit.internal.runners.statements.FailOnTimeout$CallableStatement.call(FailOnTimeout.java:298)
	at org.junit.internal.runners.statements.FailOnTimeout$CallableStatement.call(FailOnTimeout.java:292)
	at java.util.concurrent.FutureTask.run(FutureTask.java:266)
	at java.lang.Thread.run(Thread.java:748)
33) test150(org.joda.time.format.DateTimeFormatterBuilder_ESTest)
java.lang.UnsupportedOperationException: Parsing is not supported
	at org.joda.time.format.DateTimeFormatterBuilder.toParser(DateTimeFormatterBuilder.java:156)
	at org.joda.time.format.DateTimeFormatterBuilder_ESTest.test150(DateTimeFormatterBuilder_ESTest.java:4702)
	at sun.reflect.NativeMethodAccessorImpl.invoke0(Native Method)
	at sun.reflect.NativeMethodAccessorImpl.invoke(NativeMethodAccessorImpl.java:62)
	at sun.reflect.DelegatingMethodAccessorImpl.invoke(DelegatingMethodAccessorImpl.java:43)
	at java.lang.reflect.Method.invoke(Method.java:498)
	at org.junit.runners.model.FrameworkMethod$1.runReflectiveCall(FrameworkMethod.java:50)
	at org.junit.internal.runners.model.ReflectiveCallable.run(ReflectiveCallable.java:12)
	at org.junit.runners.model.FrameworkMethod.invokeExplosively(FrameworkMethod.java:47)
	at org.junit.internal.runners.statements.InvokeMethod.evaluate(InvokeMethod.java:17)
	at org.junit.internal.runners.statements.FailOnTimeout$CallableStatement.call(FailOnTimeout.java:298)
	at org.junit.internal.runners.statements.FailOnTimeout$CallableStatement.call(FailOnTimeout.java:292)
	at java.util.concurrent.FutureTask.run(FutureTask.java:266)
	at java.lang.Thread.run(Thread.java:748)
34) test029(org.joda.time.format.DateTimeFormatterBuilder_ESTest)
org.evosuite.runtime.mock.java.lang.MockIllegalArgumentException: Invalid format: "+z:3c-xxv0hX#O`N" is malformed at "z:3c-xxv0hX#O`N"
	at org.joda.time.format.DateTimeFormatter.parseLocalDateTime(DateTimeFormatter.java:825)
	at org.joda.time.format.DateTimeFormatter.parseLocalDate(DateTimeFormatter.java:769)
	at org.joda.time.MonthDay.parse(MonthDay.java:160)
	at org.joda.time.format.DateTimeFormatterBuilder_ESTest.test029(DateTimeFormatterBuilder_ESTest.java:1187)
	at sun.reflect.NativeMethodAccessorImpl.invoke0(Native Method)
	at sun.reflect.NativeMethodAccessorImpl.invoke(NativeMethodAccessorImpl.java:62)
	at sun.reflect.DelegatingMethodAccessorImpl.invoke(DelegatingMethodAccessorImpl.java:43)
	at java.lang.reflect.Method.invoke(Method.java:498)
	at org.junit.runners.model.FrameworkMethod$1.runReflectiveCall(FrameworkMethod.java:50)
	at org.junit.internal.runners.model.ReflectiveCallable.run(ReflectiveCallable.java:12)
	at org.junit.runners.model.FrameworkMethod.invokeExplosively(FrameworkMethod.java:47)
	at org.junit.internal.runners.statements.InvokeMethod.evaluate(InvokeMethod.java:17)
	at org.junit.internal.runners.statements.FailOnTimeout$CallableStatement.call(FailOnTimeout.java:298)
	at org.junit.internal.runners.statements.FailOnTimeout$CallableStatement.call(FailOnTimeout.java:292)
	at java.util.concurrent.FutureTask.run(FutureTask.java:266)
	at java.lang.Thread.run(Thread.java:748)
35) test149(org.joda.time.format.DateTimeFormatterBuilder_ESTest)
org.evosuite.runtime.mock.java.lang.MockIllegalArgumentException: No formatter supplied
	at org.joda.time.format.DateTimeFormatterBuilder.append(DateTimeFormatterBuilder.java:210)
	at org.joda.time.format.DateTimeFormatterBuilder_ESTest.test149(DateTimeFormatterBuilder_ESTest.java:4686)
	at sun.reflect.NativeMethodAccessorImpl.invoke0(Native Method)
	at sun.reflect.NativeMethodAccessorImpl.invoke(NativeMethodAccessorImpl.java:62)
	at sun.reflect.DelegatingMethodAccessorImpl.invoke(DelegatingMethodAccessorImpl.java:43)
	at java.lang.reflect.Method.invoke(Method.java:498)
	at org.junit.runners.model.FrameworkMethod$1.runReflectiveCall(FrameworkMethod.java:50)
	at org.junit.internal.runners.model.ReflectiveCallable.run(ReflectiveCallable.java:12)
	at org.junit.runners.model.FrameworkMethod.invokeExplosively(FrameworkMethod.java:47)
	at org.junit.internal.runners.statements.InvokeMethod.evaluate(InvokeMethod.java:17)
	at org.junit.internal.runners.statements.FailOnTimeout$CallableStatement.call(FailOnTimeout.java:298)
	at org.junit.internal.runners.statements.FailOnTimeout$CallableStatement.call(FailOnTimeout.java:292)
	at java.util.concurrent.FutureTask.run(FutureTask.java:266)
	at java.lang.Thread.run(Thread.java:748)
36) test024(org.joda.time.format.DateTimeFormatterBuilder_ESTest)
org.evosuite.runtime.mock.java.lang.MockIllegalArgumentException: Invalid format: "US/Michigan&]Gx8[EW}P@PrhWk"
	at org.joda.time.format.DateTimeFormatter.parseLocalDateTime(DateTimeFormatter.java:825)
	at org.joda.time.format.DateTimeFormatter.parseLocalDate(DateTimeFormatter.java:769)
	at org.joda.time.format.DateTimeFormatterBuilder_ESTest.test024(DateTimeFormatterBuilder_ESTest.java:979)
	at sun.reflect.NativeMethodAccessorImpl.invoke0(Native Method)
	at sun.reflect.NativeMethodAccessorImpl.invoke(NativeMethodAccessorImpl.java:62)
	at sun.reflect.DelegatingMethodAccessorImpl.invoke(DelegatingMethodAccessorImpl.java:43)
	at java.lang.reflect.Method.invoke(Method.java:498)
	at org.junit.runners.model.FrameworkMethod$1.runReflectiveCall(FrameworkMethod.java:50)
	at org.junit.internal.runners.model.ReflectiveCallable.run(ReflectiveCallable.java:12)
	at org.junit.runners.model.FrameworkMethod.invokeExplosively(FrameworkMethod.java:47)
	at org.junit.internal.runners.statements.InvokeMethod.evaluate(InvokeMethod.java:17)
	at org.junit.internal.runners.statements.FailOnTimeout$CallableStatement.call(FailOnTimeout.java:298)
	at org.junit.internal.runners.statements.FailOnTimeout$CallableStatement.call(FailOnTimeout.java:292)
	at java.util.concurrent.FutureTask.run(FutureTask.java:266)
	at java.lang.Thread.run(Thread.java:748)
37) test145(org.joda.time.format.DateTimeFormatterBuilder_ESTest)
org.evosuite.runtime.mock.java.lang.MockIllegalArgumentException: Incomplete parser array
	at org.joda.time.format.DateTimeFormatterBuilder.append(DateTimeFormatterBuilder.java:291)
	at org.joda.time.format.DateTimeFormatterBuilder_ESTest.test145(DateTimeFormatterBuilder_ESTest.java:4624)
	at sun.reflect.NativeMethodAccessorImpl.invoke0(Native Method)
	at sun.reflect.NativeMethodAccessorImpl.invoke(NativeMethodAccessorImpl.java:62)
	at sun.reflect.DelegatingMethodAccessorImpl.invoke(DelegatingMethodAccessorImpl.java:43)
	at java.lang.reflect.Method.invoke(Method.java:498)
	at org.junit.runners.model.FrameworkMethod$1.runReflectiveCall(FrameworkMethod.java:50)
	at org.junit.internal.runners.model.ReflectiveCallable.run(ReflectiveCallable.java:12)
	at org.junit.runners.model.FrameworkMethod.invokeExplosively(FrameworkMethod.java:47)
	at org.junit.internal.runners.statements.InvokeMethod.evaluate(InvokeMethod.java:17)
	at org.junit.internal.runners.statements.FailOnTimeout$CallableStatement.call(FailOnTimeout.java:298)
	at org.junit.internal.runners.statements.FailOnTimeout$CallableStatement.call(FailOnTimeout.java:292)
	at java.util.concurrent.FutureTask.run(FutureTask.java:266)
	at java.lang.Thread.run(Thread.java:748)
38) test027(org.joda.time.format.DateTimeFormatterBuilder_ESTest)
org.evosuite.runtime.mock.java.lang.MockIllegalArgumentException: Invalid format: "-w" is malformed at "w"
	at org.joda.time.format.DateTimeFormatter.parseLocalDateTime(DateTimeFormatter.java:825)
	at org.joda.time.format.DateTimeFormatter.parseLocalDate(DateTimeFormatter.java:769)
	at org.joda.time.MonthDay.parse(MonthDay.java:160)
	at org.joda.time.format.DateTimeFormatterBuilder_ESTest.test027(DateTimeFormatterBuilder_ESTest.java:1104)
	at sun.reflect.NativeMethodAccessorImpl.invoke0(Native Method)
	at sun.reflect.NativeMethodAccessorImpl.invoke(NativeMethodAccessorImpl.java:62)
	at sun.reflect.DelegatingMethodAccessorImpl.invoke(DelegatingMethodAccessorImpl.java:43)
	at java.lang.reflect.Method.invoke(Method.java:498)
	at org.junit.runners.model.FrameworkMethod$1.runReflectiveCall(FrameworkMethod.java:50)
	at org.junit.internal.runners.model.ReflectiveCallable.run(ReflectiveCallable.java:12)
	at org.junit.runners.model.FrameworkMethod.invokeExplosively(FrameworkMethod.java:47)
	at org.junit.internal.runners.statements.InvokeMethod.evaluate(InvokeMethod.java:17)
	at org.junit.internal.runners.statements.FailOnTimeout$CallableStatement.call(FailOnTimeout.java:298)
	at org.junit.internal.runners.statements.FailOnTimeout$CallableStatement.call(FailOnTimeout.java:292)
	at java.util.concurrent.FutureTask.run(FutureTask.java:266)
	at java.lang.Thread.run(Thread.java:748)
39) test148(org.joda.time.format.DateTimeFormatterBuilder_ESTest)
org.evosuite.runtime.mock.java.lang.MockIllegalArgumentException: No parsers supplied
	at org.joda.time.format.DateTimeFormatterBuilder.append(DateTimeFormatterBuilder.java:277)
	at org.joda.time.format.DateTimeFormatterBuilder_ESTest.test148(DateTimeFormatterBuilder_ESTest.java:4670)
	at sun.reflect.NativeMethodAccessorImpl.invoke0(Native Method)
	at sun.reflect.NativeMethodAccessorImpl.invoke(NativeMethodAccessorImpl.java:62)
	at sun.reflect.DelegatingMethodAccessorImpl.invoke(DelegatingMethodAccessorImpl.java:43)
	at java.lang.reflect.Method.invoke(Method.java:498)
	at org.junit.runners.model.FrameworkMethod$1.runReflectiveCall(FrameworkMethod.java:50)
	at org.junit.internal.runners.model.ReflectiveCallable.run(ReflectiveCallable.java:12)
	at org.junit.runners.model.FrameworkMethod.invokeExplosively(FrameworkMethod.java:47)
	at org.junit.internal.runners.statements.InvokeMethod.evaluate(InvokeMethod.java:17)
	at org.junit.internal.runners.statements.FailOnTimeout$CallableStatement.call(FailOnTimeout.java:298)
	at org.junit.internal.runners.statements.FailOnTimeout$CallableStatement.call(FailOnTimeout.java:292)
	at java.util.concurrent.FutureTask.run(FutureTask.java:266)
	at java.lang.Thread.run(Thread.java:748)
40) test026(org.joda.time.format.DateTimeFormatterBuilder_ESTest)
org.evosuite.runtime.mock.java.lang.MockIllegalArgumentException: Invalid format: "Types array must not contain dup..."
	at org.joda.time.format.DateTimeFormatter.parseLocalDateTime(DateTimeFormatter.java:825)
	at org.joda.time.format.DateTimeFormatter.parseLocalDate(DateTimeFormatter.java:769)
	at org.joda.time.MonthDay.parse(MonthDay.java:160)
	at org.joda.time.format.DateTimeFormatterBuilder_ESTest.test026(DateTimeFormatterBuilder_ESTest.java:1058)
	at sun.reflect.NativeMethodAccessorImpl.invoke0(Native Method)
	at sun.reflect.NativeMethodAccessorImpl.invoke(NativeMethodAccessorImpl.java:62)
	at sun.reflect.DelegatingMethodAccessorImpl.invoke(DelegatingMethodAccessorImpl.java:43)
	at java.lang.reflect.Method.invoke(Method.java:498)
	at org.junit.runners.model.FrameworkMethod$1.runReflectiveCall(FrameworkMethod.java:50)
	at org.junit.internal.runners.model.ReflectiveCallable.run(ReflectiveCallable.java:12)
	at org.junit.runners.model.FrameworkMethod.invokeExplosively(FrameworkMethod.java:47)
	at org.junit.internal.runners.statements.InvokeMethod.evaluate(InvokeMethod.java:17)
	at org.junit.internal.runners.statements.FailOnTimeout$CallableStatement.call(FailOnTimeout.java:298)
	at org.junit.internal.runners.statements.FailOnTimeout$CallableStatement.call(FailOnTimeout.java:292)
	at java.util.concurrent.FutureTask.run(FutureTask.java:266)
	at java.lang.Thread.run(Thread.java:748)
41) test147(org.joda.time.format.DateTimeFormatterBuilder_ESTest)
org.evosuite.runtime.mock.java.lang.MockIllegalArgumentException: No parser supplied
	at org.joda.time.format.DateTimeFormatterBuilder.append(DateTimeFormatterBuilder.java:282)
	at org.joda.time.format.DateTimeFormatterBuilder_ESTest.test147(DateTimeFormatterBuilder_ESTest.java:4652)
	at sun.reflect.NativeMethodAccessorImpl.invoke0(Native Method)
	at sun.reflect.NativeMethodAccessorImpl.invoke(NativeMethodAccessorImpl.java:62)
	at sun.reflect.DelegatingMethodAccessorImpl.invoke(DelegatingMethodAccessorImpl.java:43)
	at java.lang.reflect.Method.invoke(Method.java:498)
	at org.junit.runners.model.FrameworkMethod$1.runReflectiveCall(FrameworkMethod.java:50)
	at org.junit.internal.runners.model.ReflectiveCallable.run(ReflectiveCallable.java:12)
	at org.junit.runners.model.FrameworkMethod.invokeExplosively(FrameworkMethod.java:47)
	at org.junit.internal.runners.statements.InvokeMethod.evaluate(InvokeMethod.java:17)
	at org.junit.internal.runners.statements.FailOnTimeout$CallableStatement.call(FailOnTimeout.java:298)
	at org.junit.internal.runners.statements.FailOnTimeout$CallableStatement.call(FailOnTimeout.java:292)
	at java.util.concurrent.FutureTask.run(FutureTask.java:266)
	at java.lang.Thread.run(Thread.java:748)
42) test021(org.joda.time.format.DateTimeFormatterBuilder_ESTest)
org.evosuite.runtime.mock.java.lang.MockIllegalArgumentException: Invalid format: "--" is malformed at "-"
	at org.joda.time.format.DateTimeFormatter.parseMillis(DateTimeFormatter.java:751)
	at org.joda.time.DateTimeZone.parseOffset(DateTimeZone.java:618)
	at org.joda.time.DateTimeZone.forID(DateTimeZone.java:215)
	at org.joda.time.format.DateTimeFormatterBuilder_ESTest.test021(DateTimeFormatterBuilder_ESTest.java:917)
	at sun.reflect.NativeMethodAccessorImpl.invoke0(Native Method)
	at sun.reflect.NativeMethodAccessorImpl.invoke(NativeMethodAccessorImpl.java:62)
	at sun.reflect.DelegatingMethodAccessorImpl.invoke(DelegatingMethodAccessorImpl.java:43)
	at java.lang.reflect.Method.invoke(Method.java:498)
	at org.junit.runners.model.FrameworkMethod$1.runReflectiveCall(FrameworkMethod.java:50)
	at org.junit.internal.runners.model.ReflectiveCallable.run(ReflectiveCallable.java:12)
	at org.junit.runners.model.FrameworkMethod.invokeExplosively(FrameworkMethod.java:47)
	at org.junit.internal.runners.statements.InvokeMethod.evaluate(InvokeMethod.java:17)
	at org.junit.internal.runners.statements.FailOnTimeout$CallableStatement.call(FailOnTimeout.java:298)
	at org.junit.internal.runners.statements.FailOnTimeout$CallableStatement.call(FailOnTimeout.java:292)
	at java.util.concurrent.FutureTask.run(FutureTask.java:266)
	at java.lang.Thread.run(Thread.java:748)
43) test142(org.joda.time.format.DateTimeFormatterBuilder_ESTest)
org.evosuite.runtime.mock.java.lang.MockIllegalArgumentException: Literal must not be null
	at org.joda.time.format.DateTimeFormatterBuilder.appendLiteral(DateTimeFormatterBuilder.java:371)
	at org.joda.time.format.DateTimeFormatterBuilder_ESTest.test142(DateTimeFormatterBuilder_ESTest.java:4573)
	at sun.reflect.NativeMethodAccessorImpl.invoke0(Native Method)
	at sun.reflect.NativeMethodAccessorImpl.invoke(NativeMethodAccessorImpl.java:62)
	at sun.reflect.DelegatingMethodAccessorImpl.invoke(DelegatingMethodAccessorImpl.java:43)
	at java.lang.reflect.Method.invoke(Method.java:498)
	at org.junit.runners.model.FrameworkMethod$1.runReflectiveCall(FrameworkMethod.java:50)
	at org.junit.internal.runners.model.ReflectiveCallable.run(ReflectiveCallable.java:12)
	at org.junit.runners.model.FrameworkMethod.invokeExplosively(FrameworkMethod.java:47)
	at org.junit.internal.runners.statements.InvokeMethod.evaluate(InvokeMethod.java:17)
	at org.junit.internal.runners.statements.FailOnTimeout$CallableStatement.call(FailOnTimeout.java:298)
	at org.junit.internal.runners.statements.FailOnTimeout$CallableStatement.call(FailOnTimeout.java:292)
	at java.util.concurrent.FutureTask.run(FutureTask.java:266)
	at java.lang.Thread.run(Thread.java:748)
44) test023(org.joda.time.format.DateTimeFormatterBuilder_ESTest)
org.evosuite.runtime.mock.java.lang.MockIllegalArgumentException: Invalid format: "-88qr!^)>i2?zhg]J" is malformed at "88qr!^)>i2?zhg]J"
	at org.joda.time.format.DateTimeFormatter.parseMillis(DateTimeFormatter.java:751)
	at org.joda.time.DateTimeZone.parseOffset(DateTimeZone.java:618)
	at org.joda.time.DateTimeZone.forID(DateTimeZone.java:215)
	at org.joda.time.format.DateTimeFormatterBuilder_ESTest.test023(DateTimeFormatterBuilder_ESTest.java:949)
	at sun.reflect.NativeMethodAccessorImpl.invoke0(Native Method)
	at sun.reflect.NativeMethodAccessorImpl.invoke(NativeMethodAccessorImpl.java:62)
	at sun.reflect.DelegatingMethodAccessorImpl.invoke(DelegatingMethodAccessorImpl.java:43)
	at java.lang.reflect.Method.invoke(Method.java:498)
	at org.junit.runners.model.FrameworkMethod$1.runReflectiveCall(FrameworkMethod.java:50)
	at org.junit.internal.runners.model.ReflectiveCallable.run(ReflectiveCallable.java:12)
	at org.junit.runners.model.FrameworkMethod.invokeExplosively(FrameworkMethod.java:47)
	at org.junit.internal.runners.statements.InvokeMethod.evaluate(InvokeMethod.java:17)
	at org.junit.internal.runners.statements.FailOnTimeout$CallableStatement.call(FailOnTimeout.java:298)
	at org.junit.internal.runners.statements.FailOnTimeout$CallableStatement.call(FailOnTimeout.java:292)
	at java.util.concurrent.FutureTask.run(FutureTask.java:266)
	at java.lang.Thread.run(Thread.java:748)
45) test144(org.joda.time.format.DateTimeFormatterBuilder_ESTest)
org.evosuite.runtime.mock.java.lang.MockIllegalArgumentException: No parser supplied
	at org.joda.time.format.DateTimeFormatterBuilder.checkParser(DateTimeFormatterBuilder.java:320)
	at org.joda.time.format.DateTimeFormatterBuilder.appendOptional(DateTimeFormatterBuilder.java:307)
	at org.joda.time.format.DateTimeFormatterBuilder_ESTest.test144(DateTimeFormatterBuilder_ESTest.java:4605)
	at sun.reflect.NativeMethodAccessorImpl.invoke0(Native Method)
	at sun.reflect.NativeMethodAccessorImpl.invoke(NativeMethodAccessorImpl.java:62)
	at sun.reflect.DelegatingMethodAccessorImpl.invoke(DelegatingMethodAccessorImpl.java:43)
	at java.lang.reflect.Method.invoke(Method.java:498)
	at org.junit.runners.model.FrameworkMethod$1.runReflectiveCall(FrameworkMethod.java:50)
	at org.junit.internal.runners.model.ReflectiveCallable.run(ReflectiveCallable.java:12)
	at org.junit.runners.model.FrameworkMethod.invokeExplosively(FrameworkMethod.java:47)
	at org.junit.internal.runners.statements.InvokeMethod.evaluate(InvokeMethod.java:17)
	at org.junit.internal.runners.statements.FailOnTimeout$CallableStatement.call(FailOnTimeout.java:298)
	at org.junit.internal.runners.statements.FailOnTimeout$CallableStatement.call(FailOnTimeout.java:292)
	at java.util.concurrent.FutureTask.run(FutureTask.java:266)
	at java.lang.Thread.run(Thread.java:748)
46) test143(org.joda.time.format.DateTimeFormatterBuilder_ESTest)
org.evosuite.runtime.mock.java.lang.MockIllegalArgumentException: No printer supplied
	at org.joda.time.format.DateTimeFormatterBuilder.checkPrinter(DateTimeFormatterBuilder.java:331)
	at org.joda.time.format.DateTimeFormatterBuilder.append(DateTimeFormatterBuilder.java:224)
	at org.joda.time.format.DateTimeFormatterBuilder_ESTest.test143(DateTimeFormatterBuilder_ESTest.java:4589)
	at sun.reflect.NativeMethodAccessorImpl.invoke0(Native Method)
	at sun.reflect.NativeMethodAccessorImpl.invoke(NativeMethodAccessorImpl.java:62)
	at sun.reflect.DelegatingMethodAccessorImpl.invoke(DelegatingMethodAccessorImpl.java:43)
	at java.lang.reflect.Method.invoke(Method.java:498)
	at org.junit.runners.model.FrameworkMethod$1.runReflectiveCall(FrameworkMethod.java:50)
	at org.junit.internal.runners.model.ReflectiveCallable.run(ReflectiveCallable.java:12)
	at org.junit.runners.model.FrameworkMethod.invokeExplosively(FrameworkMethod.java:47)
	at org.junit.internal.runners.statements.InvokeMethod.evaluate(InvokeMethod.java:17)
	at org.junit.internal.runners.statements.FailOnTimeout$CallableStatement.call(FailOnTimeout.java:298)
	at org.junit.internal.runners.statements.FailOnTimeout$CallableStatement.call(FailOnTimeout.java:292)
	at java.util.concurrent.FutureTask.run(FutureTask.java:266)
	at java.lang.Thread.run(Thread.java:748)
47) test139(org.joda.time.format.DateTimeFormatterBuilder_ESTest)
org.evosuite.runtime.mock.java.lang.MockIllegalArgumentException: Field type must not be null
	at org.joda.time.format.DateTimeFormatterBuilder.appendDecimal(DateTimeFormatterBuilder.java:397)
	at org.joda.time.format.DateTimeFormatterBuilder_ESTest.test139(DateTimeFormatterBuilder_ESTest.java:4543)
	at sun.reflect.NativeMethodAccessorImpl.invoke0(Native Method)
	at sun.reflect.NativeMethodAccessorImpl.invoke(NativeMethodAccessorImpl.java:62)
	at sun.reflect.DelegatingMethodAccessorImpl.invoke(DelegatingMethodAccessorImpl.java:43)
	at java.lang.reflect.Method.invoke(Method.java:498)
	at org.junit.runners.model.FrameworkMethod$1.runReflectiveCall(FrameworkMethod.java:50)
	at org.junit.internal.runners.model.ReflectiveCallable.run(ReflectiveCallable.java:12)
	at org.junit.runners.model.FrameworkMethod.invokeExplosively(FrameworkMethod.java:47)
	at org.junit.internal.runners.statements.InvokeMethod.evaluate(InvokeMethod.java:17)
	at org.junit.internal.runners.statements.FailOnTimeout$CallableStatement.call(FailOnTimeout.java:298)
	at org.junit.internal.runners.statements.FailOnTimeout$CallableStatement.call(FailOnTimeout.java:292)
	at java.util.concurrent.FutureTask.run(FutureTask.java:266)
	at java.lang.Thread.run(Thread.java:748)
48) test138(org.joda.time.format.DateTimeFormatterBuilder_ESTest)
org.evosuite.runtime.mock.java.lang.MockIllegalArgumentException
	at org.joda.time.format.DateTimeFormatterBuilder.appendDecimal(DateTimeFormatterBuilder.java:403)
	at org.joda.time.format.DateTimeFormatterBuilder.appendYearOfEra(DateTimeFormatterBuilder.java:883)
	at org.joda.time.format.DateTimeFormatterBuilder_ESTest.test138(DateTimeFormatterBuilder_ESTest.java:4527)
	at sun.reflect.NativeMethodAccessorImpl.invoke0(Native Method)
	at sun.reflect.NativeMethodAccessorImpl.invoke(NativeMethodAccessorImpl.java:62)
	at sun.reflect.DelegatingMethodAccessorImpl.invoke(DelegatingMethodAccessorImpl.java:43)
	at java.lang.reflect.Method.invoke(Method.java:498)
	at org.junit.runners.model.FrameworkMethod$1.runReflectiveCall(FrameworkMethod.java:50)
	at org.junit.internal.runners.model.ReflectiveCallable.run(ReflectiveCallable.java:12)
	at org.junit.runners.model.FrameworkMethod.invokeExplosively(FrameworkMethod.java:47)
	at org.junit.internal.runners.statements.InvokeMethod.evaluate(InvokeMethod.java:17)
	at org.junit.internal.runners.statements.FailOnTimeout$CallableStatement.call(FailOnTimeout.java:298)
	at org.junit.internal.runners.statements.FailOnTimeout$CallableStatement.call(FailOnTimeout.java:292)
	at java.util.concurrent.FutureTask.run(FutureTask.java:266)
	at java.lang.Thread.run(Thread.java:748)
49) test014(org.joda.time.format.DateTimeFormatterBuilder_ESTest)
org.evosuite.runtime.mock.java.lang.MockIllegalArgumentException: Invalid format: "US/MountainPacific/Saipan"
	at org.joda.time.format.DateTimeFormatter.parseLocalDateTime(DateTimeFormatter.java:825)
	at org.joda.time.format.DateTimeFormatter.parseLocalDate(DateTimeFormatter.java:769)
	at org.joda.time.MonthDay.parse(MonthDay.java:160)
	at org.joda.time.format.DateTimeFormatterBuilder_ESTest.test014(DateTimeFormatterBuilder_ESTest.java:624)
	at sun.reflect.NativeMethodAccessorImpl.invoke0(Native Method)
	at sun.reflect.NativeMethodAccessorImpl.invoke(NativeMethodAccessorImpl.java:62)
	at sun.reflect.DelegatingMethodAccessorImpl.invoke(DelegatingMethodAccessorImpl.java:43)
	at java.lang.reflect.Method.invoke(Method.java:498)
	at org.junit.runners.model.FrameworkMethod$1.runReflectiveCall(FrameworkMethod.java:50)
	at org.junit.internal.runners.model.ReflectiveCallable.run(ReflectiveCallable.java:12)
	at org.junit.runners.model.FrameworkMethod.invokeExplosively(FrameworkMethod.java:47)
	at org.junit.internal.runners.statements.InvokeMethod.evaluate(InvokeMethod.java:17)
	at org.junit.internal.runners.statements.FailOnTimeout$CallableStatement.call(FailOnTimeout.java:298)
	at org.junit.internal.runners.statements.FailOnTimeout$CallableStatement.call(FailOnTimeout.java:292)
	at java.util.concurrent.FutureTask.run(FutureTask.java:266)
	at java.lang.Thread.run(Thread.java:748)
50) test135(org.joda.time.format.DateTimeFormatterBuilder_ESTest)
org.evosuite.runtime.mock.java.lang.MockIllegalArgumentException: Illegal number of digits: -1325
	at org.joda.time.format.DateTimeFormatterBuilder.appendFixedDecimal(DateTimeFormatterBuilder.java:430)
	at org.joda.time.format.DateTimeFormatterBuilder_ESTest.test135(DateTimeFormatterBuilder_ESTest.java:4487)
	at sun.reflect.NativeMethodAccessorImpl.invoke0(Native Method)
	at sun.reflect.NativeMethodAccessorImpl.invoke(NativeMethodAccessorImpl.java:62)
	at sun.reflect.DelegatingMethodAccessorImpl.invoke(DelegatingMethodAccessorImpl.java:43)
	at java.lang.reflect.Method.invoke(Method.java:498)
	at org.junit.runners.model.FrameworkMethod$1.runReflectiveCall(FrameworkMethod.java:50)
	at org.junit.internal.runners.model.ReflectiveCallable.run(ReflectiveCallable.java:12)
	at org.junit.runners.model.FrameworkMethod.invokeExplosively(FrameworkMethod.java:47)
	at org.junit.internal.runners.statements.InvokeMethod.evaluate(InvokeMethod.java:17)
	at org.junit.internal.runners.statements.FailOnTimeout$CallableStatement.call(FailOnTimeout.java:298)
	at org.junit.internal.runners.statements.FailOnTimeout$CallableStatement.call(FailOnTimeout.java:292)
	at java.util.concurrent.FutureTask.run(FutureTask.java:266)
	at java.lang.Thread.run(Thread.java:748)
51) test134(org.joda.time.format.DateTimeFormatterBuilder_ESTest)
org.evosuite.runtime.mock.java.lang.MockIllegalArgumentException: Field type must not be null
	at org.joda.time.format.DateTimeFormatterBuilder.appendSignedDecimal(DateTimeFormatterBuilder.java:449)
	at org.joda.time.format.DateTimeFormatterBuilder_ESTest.test134(DateTimeFormatterBuilder_ESTest.java:4470)
	at sun.reflect.NativeMethodAccessorImpl.invoke0(Native Method)
	at sun.reflect.NativeMethodAccessorImpl.invoke(NativeMethodAccessorImpl.java:62)
	at sun.reflect.DelegatingMethodAccessorImpl.invoke(DelegatingMethodAccessorImpl.java:43)
	at java.lang.reflect.Method.invoke(Method.java:498)
	at org.junit.runners.model.FrameworkMethod$1.runReflectiveCall(FrameworkMethod.java:50)
	at org.junit.internal.runners.model.ReflectiveCallable.run(ReflectiveCallable.java:12)
	at org.junit.runners.model.FrameworkMethod.invokeExplosively(FrameworkMethod.java:47)
	at org.junit.internal.runners.statements.InvokeMethod.evaluate(InvokeMethod.java:17)
	at org.junit.internal.runners.statements.FailOnTimeout$CallableStatement.call(FailOnTimeout.java:298)
	at org.junit.internal.runners.statements.FailOnTimeout$CallableStatement.call(FailOnTimeout.java:292)
	at java.util.concurrent.FutureTask.run(FutureTask.java:266)
	at java.lang.Thread.run(Thread.java:748)
52) test136(org.joda.time.format.DateTimeFormatterBuilder_ESTest)
org.evosuite.runtime.mock.java.lang.MockIllegalArgumentException: Field type must not be null
	at org.joda.time.format.DateTimeFormatterBuilder.appendFixedDecimal(DateTimeFormatterBuilder.java:427)
	at org.joda.time.format.DateTimeFormatterBuilder_ESTest.test136(DateTimeFormatterBuilder_ESTest.java:4503)
	at sun.reflect.NativeMethodAccessorImpl.invoke0(Native Method)
	at sun.reflect.NativeMethodAccessorImpl.invoke(NativeMethodAccessorImpl.java:62)
	at sun.reflect.DelegatingMethodAccessorImpl.invoke(DelegatingMethodAccessorImpl.java:43)
	at java.lang.reflect.Method.invoke(Method.java:498)
	at org.junit.runners.model.FrameworkMethod$1.runReflectiveCall(FrameworkMethod.java:50)
	at org.junit.internal.runners.model.ReflectiveCallable.run(ReflectiveCallable.java:12)
	at org.junit.runners.model.FrameworkMethod.invokeExplosively(FrameworkMethod.java:47)
	at org.junit.internal.runners.statements.InvokeMethod.evaluate(InvokeMethod.java:17)
	at org.junit.internal.runners.statements.FailOnTimeout$CallableStatement.call(FailOnTimeout.java:298)
	at org.junit.internal.runners.statements.FailOnTimeout$CallableStatement.call(FailOnTimeout.java:292)
	at java.util.concurrent.FutureTask.run(FutureTask.java:266)
	at java.lang.Thread.run(Thread.java:748)
53) test177(org.joda.time.format.DateTimeFormatterBuilder_ESTest)
org.evosuite.runtime.mock.java.lang.MockIllegalArgumentException
	at org.joda.time.format.DateTimeFormatterBuilder.appendDecimal(DateTimeFormatterBuilder.java:403)
	at org.joda.time.format.DateTimeFormatterBuilder.appendSecondOfDay(DateTimeFormatterBuilder.java:657)
	at org.joda.time.format.DateTimeFormatterBuilder_ESTest.test177(DateTimeFormatterBuilder_ESTest.java:4993)
	at sun.reflect.NativeMethodAccessorImpl.invoke0(Native Method)
	at sun.reflect.NativeMethodAccessorImpl.invoke(NativeMethodAccessorImpl.java:62)
	at sun.reflect.DelegatingMethodAccessorImpl.invoke(DelegatingMethodAccessorImpl.java:43)
	at java.lang.reflect.Method.invoke(Method.java:498)
	at org.junit.runners.model.FrameworkMethod$1.runReflectiveCall(FrameworkMethod.java:50)
	at org.junit.internal.runners.model.ReflectiveCallable.run(ReflectiveCallable.java:12)
	at org.junit.runners.model.FrameworkMethod.invokeExplosively(FrameworkMethod.java:47)
	at org.junit.internal.runners.statements.InvokeMethod.evaluate(InvokeMethod.java:17)
	at org.junit.internal.runners.statements.FailOnTimeout$CallableStatement.call(FailOnTimeout.java:298)
	at org.junit.internal.runners.statements.FailOnTimeout$CallableStatement.call(FailOnTimeout.java:292)
	at java.util.concurrent.FutureTask.run(FutureTask.java:266)
	at java.lang.Thread.run(Thread.java:748)
54) test171(org.joda.time.format.DateTimeFormatterBuilder_ESTest)
org.evosuite.runtime.mock.java.lang.MockIllegalArgumentException: Illegal pattern component: I
	at org.joda.time.format.DateTimeFormat.parsePatternTo(DateTimeFormat.java:559)
	at org.joda.time.format.DateTimeFormat.appendPatternTo(DateTimeFormat.java:377)
	at org.joda.time.format.DateTimeFormatterBuilder.appendPattern(DateTimeFormatterBuilder.java:1094)
	at org.joda.time.format.DateTimeFormatterBuilder_ESTest.test171(DateTimeFormatterBuilder_ESTest.java:4942)
	at sun.reflect.NativeMethodAccessorImpl.invoke0(Native Method)
	at sun.reflect.NativeMethodAccessorImpl.invoke(NativeMethodAccessorImpl.java:62)
	at sun.reflect.DelegatingMethodAccessorImpl.invoke(DelegatingMethodAccessorImpl.java:43)
	at java.lang.reflect.Method.invoke(Method.java:498)
	at org.junit.runners.model.FrameworkMethod$1.runReflectiveCall(FrameworkMethod.java:50)
	at org.junit.internal.runners.model.ReflectiveCallable.run(ReflectiveCallable.java:12)
	at org.junit.runners.model.FrameworkMethod.invokeExplosively(FrameworkMethod.java:47)
	at org.junit.internal.runners.statements.InvokeMethod.evaluate(InvokeMethod.java:17)
	at org.junit.internal.runners.statements.FailOnTimeout$CallableStatement.call(FailOnTimeout.java:298)
	at org.junit.internal.runners.statements.FailOnTimeout$CallableStatement.call(FailOnTimeout.java:292)
	at java.util.concurrent.FutureTask.run(FutureTask.java:266)
	at java.lang.Thread.run(Thread.java:748)
55) test168(org.joda.time.format.DateTimeFormatterBuilder_ESTest)
org.evosuite.runtime.mock.java.lang.MockIllegalArgumentException
	at org.joda.time.format.DateTimeFormatterBuilder.appendDecimal(DateTimeFormatterBuilder.java:403)
	at org.joda.time.format.DateTimeFormatterBuilder.appendYearOfCentury(DateTimeFormatterBuilder.java:895)
	at org.joda.time.format.DateTimeFormatterBuilder_ESTest.test168(DateTimeFormatterBuilder_ESTest.java:4910)
	at sun.reflect.NativeMethodAccessorImpl.invoke0(Native Method)
	at sun.reflect.NativeMethodAccessorImpl.invoke(NativeMethodAccessorImpl.java:62)
	at sun.reflect.DelegatingMethodAccessorImpl.invoke(DelegatingMethodAccessorImpl.java:43)
	at java.lang.reflect.Method.invoke(Method.java:498)
	at org.junit.runners.model.FrameworkMethod$1.runReflectiveCall(FrameworkMethod.java:50)
	at org.junit.internal.runners.model.ReflectiveCallable.run(ReflectiveCallable.java:12)
	at org.junit.runners.model.FrameworkMethod.invokeExplosively(FrameworkMethod.java:47)
	at org.junit.internal.runners.statements.InvokeMethod.evaluate(InvokeMethod.java:17)
	at org.junit.internal.runners.statements.FailOnTimeout$CallableStatement.call(FailOnTimeout.java:298)
	at org.junit.internal.runners.statements.FailOnTimeout$CallableStatement.call(FailOnTimeout.java:292)
	at java.util.concurrent.FutureTask.run(FutureTask.java:266)
	at java.lang.Thread.run(Thread.java:748)
56) test164(org.joda.time.format.DateTimeFormatterBuilder_ESTest)
org.evosuite.runtime.mock.java.lang.MockIllegalArgumentException
	at org.joda.time.format.DateTimeFormatterBuilder.appendDecimal(DateTimeFormatterBuilder.java:403)
	at org.joda.time.format.DateTimeFormatterBuilder.appendClockhourOfDay(DateTimeFormatterBuilder.java:697)
	at org.joda.time.format.DateTimeFormatterBuilder_ESTest.test164(DateTimeFormatterBuilder_ESTest.java:4873)
	at sun.reflect.NativeMethodAccessorImpl.invoke0(Native Method)
	at sun.reflect.NativeMethodAccessorImpl.invoke(NativeMethodAccessorImpl.java:62)
	at sun.reflect.DelegatingMethodAccessorImpl.invoke(DelegatingMethodAccessorImpl.java:43)
	at java.lang.reflect.Method.invoke(Method.java:498)
	at org.junit.runners.model.FrameworkMethod$1.runReflectiveCall(FrameworkMethod.java:50)
	at org.junit.internal.runners.model.ReflectiveCallable.run(ReflectiveCallable.java:12)
	at org.junit.runners.model.FrameworkMethod.invokeExplosively(FrameworkMethod.java:47)
	at org.junit.internal.runners.statements.InvokeMethod.evaluate(InvokeMethod.java:17)
	at org.junit.internal.runners.statements.FailOnTimeout$CallableStatement.call(FailOnTimeout.java:298)
	at org.junit.internal.runners.statements.FailOnTimeout$CallableStatement.call(FailOnTimeout.java:292)
	at java.util.concurrent.FutureTask.run(FutureTask.java:266)
	at java.lang.Thread.run(Thread.java:748)
57) test039(org.joda.time.format.DateTimeFormatterBuilder_ESTest)
java.lang.NullPointerException
	at org.joda.time.format.DateTimeFormatterBuilder$TimeZoneOffset.printTo(DateTimeFormatterBuilder.java:2179)
	at org.joda.time.format.DateTimeFormatterBuilder_ESTest.test039(DateTimeFormatterBuilder_ESTest.java:1596)
	at sun.reflect.NativeMethodAccessorImpl.invoke0(Native Method)
	at sun.reflect.NativeMethodAccessorImpl.invoke(NativeMethodAccessorImpl.java:62)
	at sun.reflect.DelegatingMethodAccessorImpl.invoke(DelegatingMethodAccessorImpl.java:43)
	at java.lang.reflect.Method.invoke(Method.java:498)
	at org.junit.runners.model.FrameworkMethod$1.runReflectiveCall(FrameworkMethod.java:50)
	at org.junit.internal.runners.model.ReflectiveCallable.run(ReflectiveCallable.java:12)
	at org.junit.runners.model.FrameworkMethod.invokeExplosively(FrameworkMethod.java:47)
	at org.junit.internal.runners.statements.InvokeMethod.evaluate(InvokeMethod.java:17)
	at org.junit.internal.runners.statements.FailOnTimeout$CallableStatement.call(FailOnTimeout.java:298)
	at org.junit.internal.runners.statements.FailOnTimeout$CallableStatement.call(FailOnTimeout.java:292)
	at java.util.concurrent.FutureTask.run(FutureTask.java:266)
	at java.lang.Thread.run(Thread.java:748)
58) test076(org.joda.time.format.DateTimeFormatterBuilder_ESTest)
org.evosuite.runtime.mock.java.lang.MockIllegalArgumentException: Invalid format: "<LVW10w"
	at org.joda.time.format.DateTimeFormatter.parseLocalDateTime(DateTimeFormatter.java:825)
	at org.joda.time.format.DateTimeFormatter.parseLocalDate(DateTimeFormatter.java:769)
	at org.joda.time.MonthDay.parse(MonthDay.java:160)
	at org.joda.time.format.DateTimeFormatterBuilder_ESTest.test076(DateTimeFormatterBuilder_ESTest.java:2930)
	at sun.reflect.NativeMethodAccessorImpl.invoke0(Native Method)
	at sun.reflect.NativeMethodAccessorImpl.invoke(NativeMethodAccessorImpl.java:62)
	at sun.reflect.DelegatingMethodAccessorImpl.invoke(DelegatingMethodAccessorImpl.java:43)
	at java.lang.reflect.Method.invoke(Method.java:498)
	at org.junit.runners.model.FrameworkMethod$1.runReflectiveCall(FrameworkMethod.java:50)
	at org.junit.internal.runners.model.ReflectiveCallable.run(ReflectiveCallable.java:12)
	at org.junit.runners.model.FrameworkMethod.invokeExplosively(FrameworkMethod.java:47)
	at org.junit.internal.runners.statements.InvokeMethod.evaluate(InvokeMethod.java:17)
	at org.junit.internal.runners.statements.FailOnTimeout$CallableStatement.call(FailOnTimeout.java:298)
	at org.junit.internal.runners.statements.FailOnTimeout$CallableStatement.call(FailOnTimeout.java:292)
	at java.util.concurrent.FutureTask.run(FutureTask.java:266)
	at java.lang.Thread.run(Thread.java:748)
59) test078(org.joda.time.format.DateTimeFormatterBuilder_ESTest)
java.lang.NullPointerException
	at org.joda.time.format.DateTimeFormatterBuilder$TextField.printTo(DateTimeFormatterBuilder.java:1749)
	at org.joda.time.format.DateTimeFormatterBuilder_ESTest.test078(DateTimeFormatterBuilder_ESTest.java:3004)
	at sun.reflect.NativeMethodAccessorImpl.invoke0(Native Method)
	at sun.reflect.NativeMethodAccessorImpl.invoke(NativeMethodAccessorImpl.java:62)
	at sun.reflect.DelegatingMethodAccessorImpl.invoke(DelegatingMethodAccessorImpl.java:43)
	at java.lang.reflect.Method.invoke(Method.java:498)
	at org.junit.runners.model.FrameworkMethod$1.runReflectiveCall(FrameworkMethod.java:50)
	at org.junit.internal.runners.model.ReflectiveCallable.run(ReflectiveCallable.java:12)
	at org.junit.runners.model.FrameworkMethod.invokeExplosively(FrameworkMethod.java:47)
	at org.junit.internal.runners.statements.InvokeMethod.evaluate(InvokeMethod.java:17)
	at org.junit.internal.runners.statements.FailOnTimeout$CallableStatement.call(FailOnTimeout.java:298)
	at org.junit.internal.runners.statements.FailOnTimeout$CallableStatement.call(FailOnTimeout.java:292)
	at java.util.concurrent.FutureTask.run(FutureTask.java:266)
	at java.lang.Thread.run(Thread.java:748)
60) test077(org.joda.time.format.DateTimeFormatterBuilder_ESTest)
org.evosuite.runtime.mock.java.lang.MockIllegalArgumentException: Invalid format: "kL']rO#gxeVYG"
	at org.joda.time.format.DateTimeFormatter.parseLocalDateTime(DateTimeFormatter.java:825)
	at org.joda.time.format.DateTimeFormatter.parseLocalDate(DateTimeFormatter.java:769)
	at org.joda.time.MonthDay.parse(MonthDay.java:160)
	at org.joda.time.format.DateTimeFormatterBuilder_ESTest.test077(DateTimeFormatterBuilder_ESTest.java:2969)
	at sun.reflect.NativeMethodAccessorImpl.invoke0(Native Method)
	at sun.reflect.NativeMethodAccessorImpl.invoke(NativeMethodAccessorImpl.java:62)
	at sun.reflect.DelegatingMethodAccessorImpl.invoke(DelegatingMethodAccessorImpl.java:43)
	at java.lang.reflect.Method.invoke(Method.java:498)
	at org.junit.runners.model.FrameworkMethod$1.runReflectiveCall(FrameworkMethod.java:50)
	at org.junit.internal.runners.model.ReflectiveCallable.run(ReflectiveCallable.java:12)
	at org.junit.runners.model.FrameworkMethod.invokeExplosively(FrameworkMethod.java:47)
	at org.junit.internal.runners.statements.InvokeMethod.evaluate(InvokeMethod.java:17)
	at org.junit.internal.runners.statements.FailOnTimeout$CallableStatement.call(FailOnTimeout.java:298)
	at org.junit.internal.runners.statements.FailOnTimeout$CallableStatement.call(FailOnTimeout.java:292)
	at java.util.concurrent.FutureTask.run(FutureTask.java:266)
	at java.lang.Thread.run(Thread.java:748)
61) test061(org.joda.time.format.DateTimeFormatterBuilder_ESTest)
org.evosuite.runtime.mock.java.lang.MockIllegalArgumentException: Invalid format: "7M1<v5Y"
	at org.joda.time.format.DateTimeFormatter.parseLocalDateTime(DateTimeFormatter.java:825)
	at org.joda.time.format.DateTimeFormatter.parseLocalDate(DateTimeFormatter.java:769)
	at org.joda.time.MonthDay.parse(MonthDay.java:160)
	at org.joda.time.format.DateTimeFormatterBuilder_ESTest.test061(DateTimeFormatterBuilder_ESTest.java:2397)
	at sun.reflect.NativeMethodAccessorImpl.invoke0(Native Method)
	at sun.reflect.NativeMethodAccessorImpl.invoke(NativeMethodAccessorImpl.java:62)
	at sun.reflect.DelegatingMethodAccessorImpl.invoke(DelegatingMethodAccessorImpl.java:43)
	at java.lang.reflect.Method.invoke(Method.java:498)
	at org.junit.runners.model.FrameworkMethod$1.runReflectiveCall(FrameworkMethod.java:50)
	at org.junit.internal.runners.model.ReflectiveCallable.run(ReflectiveCallable.java:12)
	at org.junit.runners.model.FrameworkMethod.invokeExplosively(FrameworkMethod.java:47)
	at org.junit.internal.runners.statements.InvokeMethod.evaluate(InvokeMethod.java:17)
	at org.junit.internal.runners.statements.FailOnTimeout$CallableStatement.call(FailOnTimeout.java:298)
	at org.junit.internal.runners.statements.FailOnTimeout$CallableStatement.call(FailOnTimeout.java:292)
	at java.util.concurrent.FutureTask.run(FutureTask.java:266)
	at java.lang.Thread.run(Thread.java:748)
62) test060(org.joda.time.format.DateTimeFormatterBuilder_ESTest)
org.evosuite.runtime.mock.java.lang.MockIllegalArgumentException: Invalid format: "-88qr!^)>z2?z$hg]J"
	at org.joda.time.format.DateTimeFormatter.parseLocalDateTime(DateTimeFormatter.java:825)
	at org.joda.time.format.DateTimeFormatter.parseLocalDate(DateTimeFormatter.java:769)
	at org.joda.time.MonthDay.parse(MonthDay.java:160)
	at org.joda.time.format.DateTimeFormatterBuilder_ESTest.test060(DateTimeFormatterBuilder_ESTest.java:2358)
	at sun.reflect.NativeMethodAccessorImpl.invoke0(Native Method)
	at sun.reflect.NativeMethodAccessorImpl.invoke(NativeMethodAccessorImpl.java:62)
	at sun.reflect.DelegatingMethodAccessorImpl.invoke(DelegatingMethodAccessorImpl.java:43)
	at java.lang.reflect.Method.invoke(Method.java:498)
	at org.junit.runners.model.FrameworkMethod$1.runReflectiveCall(FrameworkMethod.java:50)
	at org.junit.internal.runners.model.ReflectiveCallable.run(ReflectiveCallable.java:12)
	at org.junit.runners.model.FrameworkMethod.invokeExplosively(FrameworkMethod.java:47)
	at org.junit.internal.runners.statements.InvokeMethod.evaluate(InvokeMethod.java:17)
	at org.junit.internal.runners.statements.FailOnTimeout$CallableStatement.call(FailOnTimeout.java:298)
	at org.junit.internal.runners.statements.FailOnTimeout$CallableStatement.call(FailOnTimeout.java:292)
	at java.util.concurrent.FutureTask.run(FutureTask.java:266)
	at java.lang.Thread.run(Thread.java:748)
63) test062(org.joda.time.format.DateTimeFormatterBuilder_ESTest)
org.evosuite.runtime.mock.java.lang.MockIllegalArgumentException: Invalid format: "US/Michigan&]Gx8[EW}P@PrhWk"
	at org.joda.time.format.DateTimeFormatter.parseLocalDateTime(DateTimeFormatter.java:825)
	at org.joda.time.format.DateTimeFormatter.parseLocalDate(DateTimeFormatter.java:769)
	at org.joda.time.format.DateTimeFormatterBuilder_ESTest.test062(DateTimeFormatterBuilder_ESTest.java:2436)
	at sun.reflect.NativeMethodAccessorImpl.invoke0(Native Method)
	at sun.reflect.NativeMethodAccessorImpl.invoke(NativeMethodAccessorImpl.java:62)
	at sun.reflect.DelegatingMethodAccessorImpl.invoke(DelegatingMethodAccessorImpl.java:43)
	at java.lang.reflect.Method.invoke(Method.java:498)
	at org.junit.runners.model.FrameworkMethod$1.runReflectiveCall(FrameworkMethod.java:50)
	at org.junit.internal.runners.model.ReflectiveCallable.run(ReflectiveCallable.java:12)
	at org.junit.runners.model.FrameworkMethod.invokeExplosively(FrameworkMethod.java:47)
	at org.junit.internal.runners.statements.InvokeMethod.evaluate(InvokeMethod.java:17)
	at org.junit.internal.runners.statements.FailOnTimeout$CallableStatement.call(FailOnTimeout.java:298)
	at org.junit.internal.runners.statements.FailOnTimeout$CallableStatement.call(FailOnTimeout.java:292)
	at java.util.concurrent.FutureTask.run(FutureTask.java:266)
	at java.lang.Thread.run(Thread.java:748)
64) test058(org.joda.time.format.DateTimeFormatterBuilder_ESTest)
org.evosuite.runtime.mock.java.lang.MockIllegalArgumentException
	at org.joda.time.format.DateTimeFormatterBuilder$TimeZoneOffset.<init>(DateTimeFormatterBuilder.java:2088)
	at org.joda.time.format.DateTimeFormatterBuilder_ESTest.test058(DateTimeFormatterBuilder_ESTest.java:2280)
	at sun.reflect.NativeMethodAccessorImpl.invoke0(Native Method)
	at sun.reflect.NativeMethodAccessorImpl.invoke(NativeMethodAccessorImpl.java:62)
	at sun.reflect.DelegatingMethodAccessorImpl.invoke(DelegatingMethodAccessorImpl.java:43)
	at java.lang.reflect.Method.invoke(Method.java:498)
	at org.junit.runners.model.FrameworkMethod$1.runReflectiveCall(FrameworkMethod.java:50)
	at org.junit.internal.runners.model.ReflectiveCallable.run(ReflectiveCallable.java:12)
	at org.junit.runners.model.FrameworkMethod.invokeExplosively(FrameworkMethod.java:47)
	at org.junit.internal.runners.statements.InvokeMethod.evaluate(InvokeMethod.java:17)
	at org.junit.internal.runners.statements.FailOnTimeout$CallableStatement.call(FailOnTimeout.java:298)
	at org.junit.internal.runners.statements.FailOnTimeout$CallableStatement.call(FailOnTimeout.java:292)
	at java.util.concurrent.FutureTask.run(FutureTask.java:266)
	at java.lang.Thread.run(Thread.java:748)
65) test057(org.joda.time.format.DateTimeFormatterBuilder_ESTest)
org.evosuite.runtime.mock.java.lang.MockIllegalArgumentException
	at org.joda.time.format.DateTimeFormatterBuilder$TimeZoneOffset.<init>(DateTimeFormatterBuilder.java:2088)
	at org.joda.time.format.DateTimeFormatterBuilder_ESTest.test057(DateTimeFormatterBuilder_ESTest.java:2265)
	at sun.reflect.NativeMethodAccessorImpl.invoke0(Native Method)
	at sun.reflect.NativeMethodAccessorImpl.invoke(NativeMethodAccessorImpl.java:62)
	at sun.reflect.DelegatingMethodAccessorImpl.invoke(DelegatingMethodAccessorImpl.java:43)
	at java.lang.reflect.Method.invoke(Method.java:498)
	at org.junit.runners.model.FrameworkMethod$1.runReflectiveCall(FrameworkMethod.java:50)
	at org.junit.internal.runners.model.ReflectiveCallable.run(ReflectiveCallable.java:12)
	at org.junit.runners.model.FrameworkMethod.invokeExplosively(FrameworkMethod.java:47)
	at org.junit.internal.runners.statements.InvokeMethod.evaluate(InvokeMethod.java:17)
	at org.junit.internal.runners.statements.FailOnTimeout$CallableStatement.call(FailOnTimeout.java:298)
	at org.junit.internal.runners.statements.FailOnTimeout$CallableStatement.call(FailOnTimeout.java:292)
	at java.util.concurrent.FutureTask.run(FutureTask.java:266)
	at java.lang.Thread.run(Thread.java:748)
66) test059(org.joda.time.format.DateTimeFormatterBuilder_ESTest)
org.evosuite.runtime.mock.java.lang.MockIllegalArgumentException: Invalid format: "45k."N" is malformed at "k."N"
	at org.joda.time.format.DateTimeFormatter.parseLocalDateTime(DateTimeFormatter.java:825)
	at org.joda.time.format.DateTimeFormatter.parseLocalDate(DateTimeFormatter.java:769)
	at org.joda.time.MonthDay.parse(MonthDay.java:160)
	at org.joda.time.format.DateTimeFormatterBuilder_ESTest.test059(DateTimeFormatterBuilder_ESTest.java:2319)
	at sun.reflect.NativeMethodAccessorImpl.invoke0(Native Method)
	at sun.reflect.NativeMethodAccessorImpl.invoke(NativeMethodAccessorImpl.java:62)
	at sun.reflect.DelegatingMethodAccessorImpl.invoke(DelegatingMethodAccessorImpl.java:43)
	at java.lang.reflect.Method.invoke(Method.java:498)
	at org.junit.runners.model.FrameworkMethod$1.runReflectiveCall(FrameworkMethod.java:50)
	at org.junit.internal.runners.model.ReflectiveCallable.run(ReflectiveCallable.java:12)
	at org.junit.runners.model.FrameworkMethod.invokeExplosively(FrameworkMethod.java:47)
	at org.junit.internal.runners.statements.InvokeMethod.evaluate(InvokeMethod.java:17)
	at org.junit.internal.runners.statements.FailOnTimeout$CallableStatement.call(FailOnTimeout.java:298)
	at org.junit.internal.runners.statements.FailOnTimeout$CallableStatement.call(FailOnTimeout.java:292)
	at java.util.concurrent.FutureTask.run(FutureTask.java:266)
	at java.lang.Thread.run(Thread.java:748)
67) test098(org.joda.time.format.DateTimeFormatterBuilder_ESTest)
org.evosuite.runtime.mock.java.lang.MockIllegalArgumentException: Invalid format: "+" is too short
	at org.joda.time.format.DateTimeFormatter.parseLocalDateTime(DateTimeFormatter.java:825)
	at org.joda.time.format.DateTimeFormatter.parseLocalDate(DateTimeFormatter.java:769)
	at org.joda.time.MonthDay.parse(MonthDay.java:160)
	at org.joda.time.format.DateTimeFormatterBuilder_ESTest.test098(DateTimeFormatterBuilder_ESTest.java:3872)
	at sun.reflect.NativeMethodAccessorImpl.invoke0(Native Method)
	at sun.reflect.NativeMethodAccessorImpl.invoke(NativeMethodAccessorImpl.java:62)
	at sun.reflect.DelegatingMethodAccessorImpl.invoke(DelegatingMethodAccessorImpl.java:43)
	at java.lang.reflect.Method.invoke(Method.java:498)
	at org.junit.runners.model.FrameworkMethod$1.runReflectiveCall(FrameworkMethod.java:50)
	at org.junit.internal.runners.model.ReflectiveCallable.run(ReflectiveCallable.java:12)
	at org.junit.runners.model.FrameworkMethod.invokeExplosively(FrameworkMethod.java:47)
	at org.junit.internal.runners.statements.InvokeMethod.evaluate(InvokeMethod.java:17)
	at org.junit.internal.runners.statements.FailOnTimeout$CallableStatement.call(FailOnTimeout.java:298)
	at org.junit.internal.runners.statements.FailOnTimeout$CallableStatement.call(FailOnTimeout.java:292)
	at java.util.concurrent.FutureTask.run(FutureTask.java:266)
	at java.lang.Thread.run(Thread.java:748)
68) test097(org.joda.time.format.DateTimeFormatterBuilder_ESTest)
org.evosuite.runtime.mock.java.lang.MockIllegalArgumentException: Invalid format: "US/Pacific-New"
	at org.joda.time.format.DateTimeFormatter.parseLocalDateTime(DateTimeFormatter.java:825)
	at org.joda.time.format.DateTimeFormatter.parseLocalDate(DateTimeFormatter.java:769)
	at org.joda.time.MonthDay.parse(MonthDay.java:160)
	at org.joda.time.format.DateTimeFormatterBuilder_ESTest.test097(DateTimeFormatterBuilder_ESTest.java:3833)
	at sun.reflect.NativeMethodAccessorImpl.invoke0(Native Method)
	at sun.reflect.NativeMethodAccessorImpl.invoke(NativeMethodAccessorImpl.java:62)
	at sun.reflect.DelegatingMethodAccessorImpl.invoke(DelegatingMethodAccessorImpl.java:43)
	at java.lang.reflect.Method.invoke(Method.java:498)
	at org.junit.runners.model.FrameworkMethod$1.runReflectiveCall(FrameworkMethod.java:50)
	at org.junit.internal.runners.model.ReflectiveCallable.run(ReflectiveCallable.java:12)
	at org.junit.runners.model.FrameworkMethod.invokeExplosively(FrameworkMethod.java:47)
	at org.junit.internal.runners.statements.InvokeMethod.evaluate(InvokeMethod.java:17)
	at org.junit.internal.runners.statements.FailOnTimeout$CallableStatement.call(FailOnTimeout.java:298)
	at org.junit.internal.runners.statements.FailOnTimeout$CallableStatement.call(FailOnTimeout.java:292)
	at java.util.concurrent.FutureTask.run(FutureTask.java:266)
	at java.lang.Thread.run(Thread.java:748)
69) test099(org.joda.time.format.DateTimeFormatterBuilder_ESTest)
org.evosuite.runtime.mock.java.lang.MockIllegalArgumentException: Invalid format: "0}[" is malformed at "}["
	at org.joda.time.format.DateTimeFormatter.parseLocalDateTime(DateTimeFormatter.java:825)
	at org.joda.time.format.DateTimeFormatter.parseLocalDate(DateTimeFormatter.java:769)
	at org.joda.time.MonthDay.parse(MonthDay.java:160)
	at org.joda.time.format.DateTimeFormatterBuilder_ESTest.test099(DateTimeFormatterBuilder_ESTest.java:3911)
	at sun.reflect.NativeMethodAccessorImpl.invoke0(Native Method)
	at sun.reflect.NativeMethodAccessorImpl.invoke(NativeMethodAccessorImpl.java:62)
	at sun.reflect.DelegatingMethodAccessorImpl.invoke(DelegatingMethodAccessorImpl.java:43)
	at java.lang.reflect.Method.invoke(Method.java:498)
	at org.junit.runners.model.FrameworkMethod$1.runReflectiveCall(FrameworkMethod.java:50)
	at org.junit.internal.runners.model.ReflectiveCallable.run(ReflectiveCallable.java:12)
	at org.junit.runners.model.FrameworkMethod.invokeExplosively(FrameworkMethod.java:47)
	at org.junit.internal.runners.statements.InvokeMethod.evaluate(InvokeMethod.java:17)
	at org.junit.internal.runners.statements.FailOnTimeout$CallableStatement.call(FailOnTimeout.java:298)
	at org.junit.internal.runners.statements.FailOnTimeout$CallableStatement.call(FailOnTimeout.java:292)
	at java.util.concurrent.FutureTask.run(FutureTask.java:266)
	at java.lang.Thread.run(Thread.java:748)
70) test094(org.joda.time.format.DateTimeFormatterBuilder_ESTest)
org.evosuite.runtime.mock.java.lang.MockIllegalArgumentException: Invalid format: "-88qr!^)>z2?z$hg]J" is malformed at "qr!^)>z2?z$hg]J"
	at org.joda.time.format.DateTimeFormatter.parseLocalDateTime(DateTimeFormatter.java:825)
	at org.joda.time.format.DateTimeFormatter.parseLocalDate(DateTimeFormatter.java:769)
	at org.joda.time.MonthDay.parse(MonthDay.java:160)
	at org.joda.time.format.DateTimeFormatterBuilder_ESTest.test094(DateTimeFormatterBuilder_ESTest.java:3733)
	at sun.reflect.NativeMethodAccessorImpl.invoke0(Native Method)
	at sun.reflect.NativeMethodAccessorImpl.invoke(NativeMethodAccessorImpl.java:62)
	at sun.reflect.DelegatingMethodAccessorImpl.invoke(DelegatingMethodAccessorImpl.java:43)
	at java.lang.reflect.Method.invoke(Method.java:498)
	at org.junit.runners.model.FrameworkMethod$1.runReflectiveCall(FrameworkMethod.java:50)
	at org.junit.internal.runners.model.ReflectiveCallable.run(ReflectiveCallable.java:12)
	at org.junit.runners.model.FrameworkMethod.invokeExplosively(FrameworkMethod.java:47)
	at org.junit.internal.runners.statements.InvokeMethod.evaluate(InvokeMethod.java:17)
	at org.junit.internal.runners.statements.FailOnTimeout$CallableStatement.call(FailOnTimeout.java:298)
	at org.junit.internal.runners.statements.FailOnTimeout$CallableStatement.call(FailOnTimeout.java:292)
	at java.util.concurrent.FutureTask.run(FutureTask.java:266)
	at java.lang.Thread.run(Thread.java:748)
71) test093(org.joda.time.format.DateTimeFormatterBuilder_ESTest)
java.lang.NumberFormatException: For input string: "3372036854775808"
	at java.lang.NumberFormatException.forInputString(NumberFormatException.java:65)
	at java.lang.Integer.parseInt(Integer.java:583)
	at java.lang.Integer.parseInt(Integer.java:615)
	at org.joda.time.format.DateTimeFormatterBuilder$TwoDigitYear.parseInto(DateTimeFormatterBuilder.java:1574)
	at org.joda.time.format.DateTimeFormatterBuilder_ESTest.test093(DateTimeFormatterBuilder_ESTest.java:3694)
	at sun.reflect.NativeMethodAccessorImpl.invoke0(Native Method)
	at sun.reflect.NativeMethodAccessorImpl.invoke(NativeMethodAccessorImpl.java:62)
	at sun.reflect.DelegatingMethodAccessorImpl.invoke(DelegatingMethodAccessorImpl.java:43)
	at java.lang.reflect.Method.invoke(Method.java:498)
	at org.junit.runners.model.FrameworkMethod$1.runReflectiveCall(FrameworkMethod.java:50)
	at org.junit.internal.runners.model.ReflectiveCallable.run(ReflectiveCallable.java:12)
	at org.junit.runners.model.FrameworkMethod.invokeExplosively(FrameworkMethod.java:47)
	at org.junit.internal.runners.statements.InvokeMethod.evaluate(InvokeMethod.java:17)
	at org.junit.internal.runners.statements.FailOnTimeout$CallableStatement.call(FailOnTimeout.java:298)
	at org.junit.internal.runners.statements.FailOnTimeout$CallableStatement.call(FailOnTimeout.java:292)
	at java.util.concurrent.FutureTask.run(FutureTask.java:266)
	at java.lang.Thread.run(Thread.java:748)
72) test095(org.joda.time.format.DateTimeFormatterBuilder_ESTest)
org.evosuite.runtime.mock.java.lang.MockIllegalArgumentException: Invalid format: "0007-07-07T07:07:00.000" is malformed at "-07-07T07:07:00.000"
	at org.joda.time.format.DateTimeFormatter.parseLocalDateTime(DateTimeFormatter.java:825)
	at org.joda.time.format.DateTimeFormatter.parseLocalDate(DateTimeFormatter.java:769)
	at org.joda.time.MonthDay.parse(MonthDay.java:160)
	at org.joda.time.format.DateTimeFormatterBuilder_ESTest.test095(DateTimeFormatterBuilder_ESTest.java:3772)
	at sun.reflect.NativeMethodAccessorImpl.invoke0(Native Method)
	at sun.reflect.NativeMethodAccessorImpl.invoke(NativeMethodAccessorImpl.java:62)
	at sun.reflect.DelegatingMethodAccessorImpl.invoke(DelegatingMethodAccessorImpl.java:43)
	at java.lang.reflect.Method.invoke(Method.java:498)
	at org.junit.runners.model.FrameworkMethod$1.runReflectiveCall(FrameworkMethod.java:50)
	at org.junit.internal.runners.model.ReflectiveCallable.run(ReflectiveCallable.java:12)
	at org.junit.runners.model.FrameworkMethod.invokeExplosively(FrameworkMethod.java:47)
	at org.junit.internal.runners.statements.InvokeMethod.evaluate(InvokeMethod.java:17)
	at org.junit.internal.runners.statements.FailOnTimeout$CallableStatement.call(FailOnTimeout.java:298)
	at org.junit.internal.runners.statements.FailOnTimeout$CallableStatement.call(FailOnTimeout.java:292)
	at java.util.concurrent.FutureTask.run(FutureTask.java:266)
	at java.lang.Thread.run(Thread.java:748)
73) test090(org.joda.time.format.DateTimeFormatterBuilder_ESTest)
org.evosuite.runtime.mock.java.lang.MockIllegalArgumentException: Invalid format: "8f*u|L"
	at org.joda.time.format.DateTimeFormatter.parseLocalDateTime(DateTimeFormatter.java:825)
	at org.joda.time.format.DateTimeFormatter.parseLocalDate(DateTimeFormatter.java:769)
	at org.joda.time.MonthDay.parse(MonthDay.java:160)
	at org.joda.time.format.DateTimeFormatterBuilder_ESTest.test090(DateTimeFormatterBuilder_ESTest.java:3540)
	at sun.reflect.NativeMethodAccessorImpl.invoke0(Native Method)
	at sun.reflect.NativeMethodAccessorImpl.invoke(NativeMethodAccessorImpl.java:62)
	at sun.reflect.DelegatingMethodAccessorImpl.invoke(DelegatingMethodAccessorImpl.java:43)
	at java.lang.reflect.Method.invoke(Method.java:498)
	at org.junit.runners.model.FrameworkMethod$1.runReflectiveCall(FrameworkMethod.java:50)
	at org.junit.internal.runners.model.ReflectiveCallable.run(ReflectiveCallable.java:12)
	at org.junit.runners.model.FrameworkMethod.invokeExplosively(FrameworkMethod.java:47)
	at org.junit.internal.runners.statements.InvokeMethod.evaluate(InvokeMethod.java:17)
	at org.junit.internal.runners.statements.FailOnTimeout$CallableStatement.call(FailOnTimeout.java:298)
	at org.junit.internal.runners.statements.FailOnTimeout$CallableStatement.call(FailOnTimeout.java:292)
	at java.util.concurrent.FutureTask.run(FutureTask.java:266)
	at java.lang.Thread.run(Thread.java:748)
74) test092(org.joda.time.format.DateTimeFormatterBuilder_ESTest)
org.evosuite.runtime.mock.java.lang.MockIllegalArgumentException: Invalid format: "-88qr!^)>z2?z$hg]J"
	at org.joda.time.format.DateTimeFormatter.parseLocalDateTime(DateTimeFormatter.java:825)
	at org.joda.time.format.DateTimeFormatter.parseLocalDate(DateTimeFormatter.java:769)
	at org.joda.time.MonthDay.parse(MonthDay.java:160)
	at org.joda.time.format.DateTimeFormatterBuilder_ESTest.test092(DateTimeFormatterBuilder_ESTest.java:3627)
	at sun.reflect.NativeMethodAccessorImpl.invoke0(Native Method)
	at sun.reflect.NativeMethodAccessorImpl.invoke(NativeMethodAccessorImpl.java:62)
	at sun.reflect.DelegatingMethodAccessorImpl.invoke(DelegatingMethodAccessorImpl.java:43)
	at java.lang.reflect.Method.invoke(Method.java:498)
	at org.junit.runners.model.FrameworkMethod$1.runReflectiveCall(FrameworkMethod.java:50)
	at org.junit.internal.runners.model.ReflectiveCallable.run(ReflectiveCallable.java:12)
	at org.junit.runners.model.FrameworkMethod.invokeExplosively(FrameworkMethod.java:47)
	at org.junit.internal.runners.statements.InvokeMethod.evaluate(InvokeMethod.java:17)
	at org.junit.internal.runners.statements.FailOnTimeout$CallableStatement.call(FailOnTimeout.java:298)
	at org.junit.internal.runners.statements.FailOnTimeout$CallableStatement.call(FailOnTimeout.java:292)
	at java.util.concurrent.FutureTask.run(FutureTask.java:266)
	at java.lang.Thread.run(Thread.java:748)
75) test091(org.joda.time.format.DateTimeFormatterBuilder_ESTest)
org.evosuite.runtime.mock.java.lang.MockIllegalArgumentException: Invalid format: "0/["
	at org.joda.time.format.DateTimeFormatter.parseLocalDateTime(DateTimeFormatter.java:825)
	at org.joda.time.format.DateTimeFormatter.parseLocalDate(DateTimeFormatter.java:769)
	at org.joda.time.MonthDay.parse(MonthDay.java:160)
	at org.joda.time.format.DateTimeFormatterBuilder_ESTest.test091(DateTimeFormatterBuilder_ESTest.java:3588)
	at sun.reflect.NativeMethodAccessorImpl.invoke0(Native Method)
	at sun.reflect.NativeMethodAccessorImpl.invoke(NativeMethodAccessorImpl.java:62)
	at sun.reflect.DelegatingMethodAccessorImpl.invoke(DelegatingMethodAccessorImpl.java:43)
	at java.lang.reflect.Method.invoke(Method.java:498)
	at org.junit.runners.model.FrameworkMethod$1.runReflectiveCall(FrameworkMethod.java:50)
	at org.junit.internal.runners.model.ReflectiveCallable.run(ReflectiveCallable.java:12)
	at org.junit.runners.model.FrameworkMethod.invokeExplosively(FrameworkMethod.java:47)
	at org.junit.internal.runners.statements.InvokeMethod.evaluate(InvokeMethod.java:17)
	at org.junit.internal.runners.statements.FailOnTimeout$CallableStatement.call(FailOnTimeout.java:298)
	at org.junit.internal.runners.statements.FailOnTimeout$CallableStatement.call(FailOnTimeout.java:292)
	at java.util.concurrent.FutureTask.run(FutureTask.java:266)
	at java.lang.Thread.run(Thread.java:748)
76) test089(org.joda.time.format.DateTimeFormatterBuilder_ESTest)
org.evosuite.runtime.mock.java.lang.MockIllegalArgumentException: Invalid format: "45k."N" is malformed at "k."N"
	at org.joda.time.format.DateTimeFormatter.parseLocalDateTime(DateTimeFormatter.java:825)
	at org.joda.time.format.DateTimeFormatter.parseLocalDate(DateTimeFormatter.java:769)
	at org.joda.time.MonthDay.parse(MonthDay.java:160)
	at org.joda.time.format.DateTimeFormatterBuilder_ESTest.test089(DateTimeFormatterBuilder_ESTest.java:3501)
	at sun.reflect.NativeMethodAccessorImpl.invoke0(Native Method)
	at sun.reflect.NativeMethodAccessorImpl.invoke(NativeMethodAccessorImpl.java:62)
	at sun.reflect.DelegatingMethodAccessorImpl.invoke(DelegatingMethodAccessorImpl.java:43)
	at java.lang.reflect.Method.invoke(Method.java:498)
	at org.junit.runners.model.FrameworkMethod$1.runReflectiveCall(FrameworkMethod.java:50)
	at org.junit.internal.runners.model.ReflectiveCallable.run(ReflectiveCallable.java:12)
	at org.junit.runners.model.FrameworkMethod.invokeExplosively(FrameworkMethod.java:47)
	at org.junit.internal.runners.statements.InvokeMethod.evaluate(InvokeMethod.java:17)
	at org.junit.internal.runners.statements.FailOnTimeout$CallableStatement.call(FailOnTimeout.java:298)
	at org.junit.internal.runners.statements.FailOnTimeout$CallableStatement.call(FailOnTimeout.java:292)
	at java.util.concurrent.FutureTask.run(FutureTask.java:266)
	at java.lang.Thread.run(Thread.java:748)
77) test088(org.joda.time.format.DateTimeFormatterBuilder_ESTest)
org.evosuite.runtime.mock.java.lang.MockIllegalArgumentException: Invalid format: "45k."N" is malformed at "k."N"
	at org.joda.time.format.DateTimeFormatter.parseLocalDateTime(DateTimeFormatter.java:825)
	at org.joda.time.format.DateTimeFormatter.parseLocalDate(DateTimeFormatter.java:769)
	at org.joda.time.MonthDay.parse(MonthDay.java:160)
	at org.joda.time.format.DateTimeFormatterBuilder_ESTest.test088(DateTimeFormatterBuilder_ESTest.java:3442)
	at sun.reflect.NativeMethodAccessorImpl.invoke0(Native Method)
	at sun.reflect.NativeMethodAccessorImpl.invoke(NativeMethodAccessorImpl.java:62)
	at sun.reflect.DelegatingMethodAccessorImpl.invoke(DelegatingMethodAccessorImpl.java:43)
	at java.lang.reflect.Method.invoke(Method.java:498)
	at org.junit.runners.model.FrameworkMethod$1.runReflectiveCall(FrameworkMethod.java:50)
	at org.junit.internal.runners.model.ReflectiveCallable.run(ReflectiveCallable.java:12)
	at org.junit.runners.model.FrameworkMethod.invokeExplosively(FrameworkMethod.java:47)
	at org.junit.internal.runners.statements.InvokeMethod.evaluate(InvokeMethod.java:17)
	at org.junit.internal.runners.statements.FailOnTimeout$CallableStatement.call(FailOnTimeout.java:298)
	at org.junit.internal.runners.statements.FailOnTimeout$CallableStatement.call(FailOnTimeout.java:292)
	at java.util.concurrent.FutureTask.run(FutureTask.java:266)
	at java.lang.Thread.run(Thread.java:748)
78) test083(org.joda.time.format.DateTimeFormatterBuilder_ESTest)
java.lang.NullPointerException
	at org.joda.time.format.FormatUtils.appendPaddedInteger(FormatUtils.java:64)
	at org.joda.time.format.DateTimeFormatterBuilder$TwoDigitYear.printTo(DateTimeFormatterBuilder.java:1678)
	at org.joda.time.format.DateTimeFormatterBuilder_ESTest.test083(DateTimeFormatterBuilder_ESTest.java:3237)
	at sun.reflect.NativeMethodAccessorImpl.invoke0(Native Method)
	at sun.reflect.NativeMethodAccessorImpl.invoke(NativeMethodAccessorImpl.java:62)
	at sun.reflect.DelegatingMethodAccessorImpl.invoke(DelegatingMethodAccessorImpl.java:43)
	at java.lang.reflect.Method.invoke(Method.java:498)
	at org.junit.runners.model.FrameworkMethod$1.runReflectiveCall(FrameworkMethod.java:50)
	at org.junit.internal.runners.model.ReflectiveCallable.run(ReflectiveCallable.java:12)
	at org.junit.runners.model.FrameworkMethod.invokeExplosively(FrameworkMethod.java:47)
	at org.junit.internal.runners.statements.InvokeMethod.evaluate(InvokeMethod.java:17)
	at org.junit.internal.runners.statements.FailOnTimeout$CallableStatement.call(FailOnTimeout.java:298)
	at org.junit.internal.runners.statements.FailOnTimeout$CallableStatement.call(FailOnTimeout.java:292)
	at java.util.concurrent.FutureTask.run(FutureTask.java:266)
	at java.lang.Thread.run(Thread.java:748)
79) test085(org.joda.time.format.DateTimeFormatterBuilder_ESTest)
java.io.IOException: Pipe not connected
	at java.io.PipedWriter.write(PipedWriter.java:122)
	at org.joda.time.format.FormatUtils.writePaddedInteger(FormatUtils.java:158)
	at org.joda.time.format.DateTimeFormatterBuilder$TwoDigitYear.printTo(DateTimeFormatterBuilder.java:1656)
	at org.joda.time.format.DateTimeFormatterBuilder_ESTest.test085(DateTimeFormatterBuilder_ESTest.java:3297)
	at sun.reflect.NativeMethodAccessorImpl.invoke0(Native Method)
	at sun.reflect.NativeMethodAccessorImpl.invoke(NativeMethodAccessorImpl.java:62)
	at sun.reflect.DelegatingMethodAccessorImpl.invoke(DelegatingMethodAccessorImpl.java:43)
	at java.lang.reflect.Method.invoke(Method.java:498)
	at org.junit.runners.model.FrameworkMethod$1.runReflectiveCall(FrameworkMethod.java:50)
	at org.junit.internal.runners.model.ReflectiveCallable.run(ReflectiveCallable.java:12)
	at org.junit.runners.model.FrameworkMethod.invokeExplosively(FrameworkMethod.java:47)
	at org.junit.internal.runners.statements.InvokeMethod.evaluate(InvokeMethod.java:17)
	at org.junit.internal.runners.statements.FailOnTimeout$CallableStatement.call(FailOnTimeout.java:298)
	at org.junit.internal.runners.statements.FailOnTimeout$CallableStatement.call(FailOnTimeout.java:292)
	at java.util.concurrent.FutureTask.run(FutureTask.java:266)
	at java.lang.Thread.run(Thread.java:748)
80) test084(org.joda.time.format.DateTimeFormatterBuilder_ESTest)
java.io.IOException: Pipe not connected
	at java.io.PipedWriter.write(PipedWriter.java:122)
	at org.joda.time.format.DateTimeFormatterBuilder$TwoDigitYear.printTo(DateTimeFormatterBuilder.java:1653)
	at org.joda.time.format.DateTimeFormatterBuilder_ESTest.test084(DateTimeFormatterBuilder_ESTest.java:3265)
	at sun.reflect.NativeMethodAccessorImpl.invoke0(Native Method)
	at sun.reflect.NativeMethodAccessorImpl.invoke(NativeMethodAccessorImpl.java:62)
	at sun.reflect.DelegatingMethodAccessorImpl.invoke(DelegatingMethodAccessorImpl.java:43)
	at java.lang.reflect.Method.invoke(Method.java:498)
	at org.junit.runners.model.FrameworkMethod$1.runReflectiveCall(FrameworkMethod.java:50)
	at org.junit.internal.runners.model.ReflectiveCallable.run(ReflectiveCallable.java:12)
	at org.junit.runners.model.FrameworkMethod.invokeExplosively(FrameworkMethod.java:47)
	at org.junit.internal.runners.statements.InvokeMethod.evaluate(InvokeMethod.java:17)
	at org.junit.internal.runners.statements.FailOnTimeout$CallableStatement.call(FailOnTimeout.java:298)
	at org.junit.internal.runners.statements.FailOnTimeout$CallableStatement.call(FailOnTimeout.java:292)
	at java.util.concurrent.FutureTask.run(FutureTask.java:266)
	at java.lang.Thread.run(Thread.java:748)
81) test081(org.joda.time.format.DateTimeFormatterBuilder_ESTest)
java.lang.NullPointerException
	at org.joda.time.format.FormatUtils.writePaddedInteger(FormatUtils.java:158)
	at org.joda.time.format.DateTimeFormatterBuilder$TwoDigitYear.printTo(DateTimeFormatterBuilder.java:1688)
	at org.joda.time.format.DateTimeFormatterBuilder_ESTest.test081(DateTimeFormatterBuilder_ESTest.java:3141)
	at sun.reflect.NativeMethodAccessorImpl.invoke0(Native Method)
	at sun.reflect.NativeMethodAccessorImpl.invoke(NativeMethodAccessorImpl.java:62)
	at sun.reflect.DelegatingMethodAccessorImpl.invoke(DelegatingMethodAccessorImpl.java:43)
	at java.lang.reflect.Method.invoke(Method.java:498)
	at org.junit.runners.model.FrameworkMethod$1.runReflectiveCall(FrameworkMethod.java:50)
	at org.junit.internal.runners.model.ReflectiveCallable.run(ReflectiveCallable.java:12)
	at org.junit.runners.model.FrameworkMethod.invokeExplosively(FrameworkMethod.java:47)
	at org.junit.internal.runners.statements.InvokeMethod.evaluate(InvokeMethod.java:17)
	at org.junit.internal.runners.statements.FailOnTimeout$CallableStatement.call(FailOnTimeout.java:298)
	at org.junit.internal.runners.statements.FailOnTimeout$CallableStatement.call(FailOnTimeout.java:292)
	at java.util.concurrent.FutureTask.run(FutureTask.java:266)
	at java.lang.Thread.run(Thread.java:748)
82) test080(org.joda.time.format.DateTimeFormatterBuilder_ESTest)
java.lang.NullPointerException
	at org.joda.time.format.DateTimeFormatterBuilder$TwoDigitYear.printTo(DateTimeFormatterBuilder.java:1685)
	at org.joda.time.format.DateTimeFormatterBuilder_ESTest.test080(DateTimeFormatterBuilder_ESTest.java:3101)
	at sun.reflect.NativeMethodAccessorImpl.invoke0(Native Method)
	at sun.reflect.NativeMethodAccessorImpl.invoke(NativeMethodAccessorImpl.java:62)
	at sun.reflect.DelegatingMethodAccessorImpl.invoke(DelegatingMethodAccessorImpl.java:43)
	at java.lang.reflect.Method.invoke(Method.java:498)
	at org.junit.runners.model.FrameworkMethod$1.runReflectiveCall(FrameworkMethod.java:50)
	at org.junit.internal.runners.model.ReflectiveCallable.run(ReflectiveCallable.java:12)
	at org.junit.runners.model.FrameworkMethod.invokeExplosively(FrameworkMethod.java:47)
	at org.junit.internal.runners.statements.InvokeMethod.evaluate(InvokeMethod.java:17)
	at org.junit.internal.runners.statements.FailOnTimeout$CallableStatement.call(FailOnTimeout.java:298)
	at org.junit.internal.runners.statements.FailOnTimeout$CallableStatement.call(FailOnTimeout.java:292)
	at java.util.concurrent.FutureTask.run(FutureTask.java:266)
	at java.lang.Thread.run(Thread.java:748)

FAILURES!!!
Tests run: 193,  Failures: 82

