JUnit version 4.12
.EI.E....EI..EI.E.E.E.E.E.E..E..I.E
Time: 27.019
There were 12 failures:
1) test09(com.google.javascript.rhino.head.regexp.NativeRegExp_ESTest)
java.lang.IllegalStateException: 504
	at com.google.javascript.rhino.head.IdScriptableObject.setInstanceIdValue(IdScriptableObject.java:578)
	at com.google.javascript.rhino.head.regexp.NativeRegExp.setInstanceIdValue(NativeRegExp.java:2521)
	at com.google.javascript.rhino.head.regexp.NativeRegExp_ESTest.test09(NativeRegExp_ESTest.java:142)
	at sun.reflect.NativeMethodAccessorImpl.invoke0(Native Method)
	at sun.reflect.NativeMethodAccessorImpl.invoke(NativeMethodAccessorImpl.java:62)
	at sun.reflect.DelegatingMethodAccessorImpl.invoke(DelegatingMethodAccessorImpl.java:43)
	at java.lang.reflect.Method.invoke(Method.java:497)
	at org.junit.runners.model.FrameworkMethod$1.runReflectiveCall(FrameworkMethod.java:50)
	at org.junit.internal.runners.model.ReflectiveCallable.run(ReflectiveCallable.java:12)
	at org.junit.runners.model.FrameworkMethod.invokeExplosively(FrameworkMethod.java:47)
	at org.junit.internal.runners.statements.InvokeMethod.evaluate(InvokeMethod.java:17)
	at org.junit.internal.runners.statements.FailOnTimeout$CallableStatement.call(FailOnTimeout.java:298)
	at org.junit.internal.runners.statements.FailOnTimeout$CallableStatement.call(FailOnTimeout.java:292)
	at java.util.concurrent.FutureTask.run(FutureTask.java:266)
	at java.lang.Thread.run(Thread.java:745)
2) test19(com.google.javascript.rhino.head.regexp.NativeRegExp_ESTest)
java.lang.IllegalStateException: 19
	at com.google.javascript.rhino.head.IdScriptableObject.setInstanceIdValue(IdScriptableObject.java:578)
	at com.google.javascript.rhino.head.regexp.NativeRegExp.setInstanceIdValue(NativeRegExp.java:2521)
	at com.google.javascript.rhino.head.regexp.NativeRegExp_ESTest.test19(NativeRegExp_ESTest.java:305)
	at sun.reflect.NativeMethodAccessorImpl.invoke0(Native Method)
	at sun.reflect.NativeMethodAccessorImpl.invoke(NativeMethodAccessorImpl.java:62)
	at sun.reflect.DelegatingMethodAccessorImpl.invoke(DelegatingMethodAccessorImpl.java:43)
	at java.lang.reflect.Method.invoke(Method.java:497)
	at org.junit.runners.model.FrameworkMethod$1.runReflectiveCall(FrameworkMethod.java:50)
	at org.junit.internal.runners.model.ReflectiveCallable.run(ReflectiveCallable.java:12)
	at org.junit.runners.model.FrameworkMethod.invokeExplosively(FrameworkMethod.java:47)
	at org.junit.internal.runners.statements.InvokeMethod.evaluate(InvokeMethod.java:17)
	at org.junit.internal.runners.statements.FailOnTimeout$CallableStatement.call(FailOnTimeout.java:298)
	at org.junit.internal.runners.statements.FailOnTimeout$CallableStatement.call(FailOnTimeout.java:292)
	at java.util.concurrent.FutureTask.run(FutureTask.java:266)
	at java.lang.Thread.run(Thread.java:745)
3) test17(com.google.javascript.rhino.head.regexp.NativeRegExp_ESTest)
com.google.javascript.rhino.head.EcmaError: TypeError: java.lang.String@0000000359 is not a function, it is object.
	at com.google.javascript.rhino.head.ScriptRuntime.constructError(ScriptRuntime.java:3728)
	at com.google.javascript.rhino.head.ScriptRuntime.constructError(ScriptRuntime.java:3706)
	at com.google.javascript.rhino.head.ScriptRuntime.typeError(ScriptRuntime.java:3734)
	at com.google.javascript.rhino.head.ScriptRuntime.typeError2(ScriptRuntime.java:3753)
	at com.google.javascript.rhino.head.ScriptRuntime.notFunctionError(ScriptRuntime.java:3808)
	at com.google.javascript.rhino.head.ScriptableObject.callMethod(ScriptableObject.java:2539)
	at com.google.javascript.rhino.head.ScriptableObject.callMethod(ScriptableObject.java:2523)
	at com.google.javascript.rhino.head.regexp.NativeRegExp_ESTest.test17(NativeRegExp_ESTest.java:276)
	at sun.reflect.NativeMethodAccessorImpl.invoke0(Native Method)
	at sun.reflect.NativeMethodAccessorImpl.invoke(NativeMethodAccessorImpl.java:62)
	at sun.reflect.DelegatingMethodAccessorImpl.invoke(DelegatingMethodAccessorImpl.java:43)
	at java.lang.reflect.Method.invoke(Method.java:497)
	at org.junit.runners.model.FrameworkMethod$1.runReflectiveCall(FrameworkMethod.java:50)
	at org.junit.internal.runners.model.ReflectiveCallable.run(ReflectiveCallable.java:12)
	at org.junit.runners.model.FrameworkMethod.invokeExplosively(FrameworkMethod.java:47)
	at org.junit.internal.runners.statements.InvokeMethod.evaluate(InvokeMethod.java:17)
	at org.junit.internal.runners.statements.FailOnTimeout$CallableStatement.call(FailOnTimeout.java:298)
	at org.junit.internal.runners.statements.FailOnTimeout$CallableStatement.call(FailOnTimeout.java:292)
	at java.util.concurrent.FutureTask.run(FutureTask.java:266)
	at java.lang.Thread.run(Thread.java:745)
4) test04(com.google.javascript.rhino.head.regexp.NativeRegExp_ESTest)
com.google.javascript.rhino.head.EcmaError: TypeError: java.lang.String@0000000357 is not a function, it is object.
	at com.google.javascript.rhino.head.ScriptRuntime.constructError(ScriptRuntime.java:3728)
	at com.google.javascript.rhino.head.ScriptRuntime.constructError(ScriptRuntime.java:3706)
	at com.google.javascript.rhino.head.ScriptRuntime.typeError(ScriptRuntime.java:3734)
	at com.google.javascript.rhino.head.ScriptRuntime.typeError2(ScriptRuntime.java:3753)
	at com.google.javascript.rhino.head.ScriptRuntime.notFunctionError(ScriptRuntime.java:3808)
	at com.google.javascript.rhino.head.ScriptableObject.callMethod(ScriptableObject.java:2539)
	at com.google.javascript.rhino.head.regexp.NativeRegExp_ESTest.test04(NativeRegExp_ESTest.java:96)
	at sun.reflect.NativeMethodAccessorImpl.invoke0(Native Method)
	at sun.reflect.NativeMethodAccessorImpl.invoke(NativeMethodAccessorImpl.java:62)
	at sun.reflect.DelegatingMethodAccessorImpl.invoke(DelegatingMethodAccessorImpl.java:43)
	at java.lang.reflect.Method.invoke(Method.java:497)
	at org.junit.runners.model.FrameworkMethod$1.runReflectiveCall(FrameworkMethod.java:50)
	at org.junit.internal.runners.model.ReflectiveCallable.run(ReflectiveCallable.java:12)
	at org.junit.runners.model.FrameworkMethod.invokeExplosively(FrameworkMethod.java:47)
	at org.junit.internal.runners.statements.InvokeMethod.evaluate(InvokeMethod.java:17)
	at org.junit.internal.runners.statements.FailOnTimeout$CallableStatement.call(FailOnTimeout.java:298)
	at org.junit.internal.runners.statements.FailOnTimeout$CallableStatement.call(FailOnTimeout.java:292)
	at java.util.concurrent.FutureTask.run(FutureTask.java:266)
	at java.lang.Thread.run(Thread.java:745)
5) test03(com.google.javascript.rhino.head.regexp.NativeRegExp_ESTest)
org.junit.ComparisonFailure: expected:<[com.google.javascript.rhino.head.EcmaError: InternalError: [object RegExp] (o]*'=+Q?#4009)]> but was:<[org.evosuite.runtime.mock.java.lang.MockThrowable]>
	at org.junit.Assert.assertEquals(Assert.java:115)
	at org.junit.Assert.assertEquals(Assert.java:144)
	at com.google.javascript.rhino.head.regexp.NativeRegExp_ESTest.test03(NativeRegExp_ESTest.java:85)
	at sun.reflect.NativeMethodAccessorImpl.invoke0(Native Method)
	at sun.reflect.NativeMethodAccessorImpl.invoke(NativeMethodAccessorImpl.java:62)
	at sun.reflect.DelegatingMethodAccessorImpl.invoke(DelegatingMethodAccessorImpl.java:43)
	at java.lang.reflect.Method.invoke(Method.java:497)
	at org.junit.runners.model.FrameworkMethod$1.runReflectiveCall(FrameworkMethod.java:50)
	at org.junit.internal.runners.model.ReflectiveCallable.run(ReflectiveCallable.java:12)
	at org.junit.runners.model.FrameworkMethod.invokeExplosively(FrameworkMethod.java:47)
	at org.junit.internal.runners.statements.InvokeMethod.evaluate(InvokeMethod.java:17)
	at org.junit.internal.runners.statements.FailOnTimeout$CallableStatement.call(FailOnTimeout.java:298)
	at org.junit.internal.runners.statements.FailOnTimeout$CallableStatement.call(FailOnTimeout.java:292)
	at java.util.concurrent.FutureTask.run(FutureTask.java:266)
	at java.lang.Thread.run(Thread.java:745)
6) test14(com.google.javascript.rhino.head.regexp.NativeRegExp_ESTest)
com.google.javascript.rhino.head.EcmaError: TypeError: Method "" called on incompatible object.
	at com.google.javascript.rhino.head.ScriptRuntime.constructError(ScriptRuntime.java:3728)
	at com.google.javascript.rhino.head.ScriptRuntime.constructError(ScriptRuntime.java:3706)
	at com.google.javascript.rhino.head.ScriptRuntime.typeError(ScriptRuntime.java:3734)
	at com.google.javascript.rhino.head.ScriptRuntime.typeError1(ScriptRuntime.java:3746)
	at com.google.javascript.rhino.head.IdScriptableObject.incompatibleCallError(IdScriptableObject.java:711)
	at com.google.javascript.rhino.head.regexp.NativeRegExp.realThis(NativeRegExp.java:2574)
	at com.google.javascript.rhino.head.regexp.NativeRegExp.execIdCall(NativeRegExp.java:2555)
	at com.google.javascript.rhino.head.regexp.NativeRegExp_ESTest.test14(NativeRegExp_ESTest.java:228)
	at sun.reflect.NativeMethodAccessorImpl.invoke0(Native Method)
	at sun.reflect.NativeMethodAccessorImpl.invoke(NativeMethodAccessorImpl.java:62)
	at sun.reflect.DelegatingMethodAccessorImpl.invoke(DelegatingMethodAccessorImpl.java:43)
	at java.lang.reflect.Method.invoke(Method.java:497)
	at org.junit.runners.model.FrameworkMethod$1.runReflectiveCall(FrameworkMethod.java:50)
	at org.junit.internal.runners.model.ReflectiveCallable.run(ReflectiveCallable.java:12)
	at org.junit.runners.model.FrameworkMethod.invokeExplosively(FrameworkMethod.java:47)
	at org.junit.internal.runners.statements.InvokeMethod.evaluate(InvokeMethod.java:17)
	at org.junit.internal.runners.statements.FailOnTimeout$CallableStatement.call(FailOnTimeout.java:298)
	at org.junit.internal.runners.statements.FailOnTimeout$CallableStatement.call(FailOnTimeout.java:292)
	at java.util.concurrent.FutureTask.run(FutureTask.java:266)
	at java.lang.Thread.run(Thread.java:745)
7) test02(com.google.javascript.rhino.head.regexp.NativeRegExp_ESTest)
com.google.javascript.rhino.head.EcmaError: SyntaxError: Unterminated parenthetical 
	at com.google.javascript.rhino.head.ScriptRuntime.constructError(ScriptRuntime.java:3728)
	at com.google.javascript.rhino.head.ScriptRuntime.constructError(ScriptRuntime.java:3706)
	at com.google.javascript.rhino.head.regexp.NativeRegExp.reportError(NativeRegExp.java:2414)
	at com.google.javascript.rhino.head.regexp.NativeRegExp.parseTerm(NativeRegExp.java:986)
	at com.google.javascript.rhino.head.regexp.NativeRegExp.parseAlternative(NativeRegExp.java:493)
	at com.google.javascript.rhino.head.regexp.NativeRegExp.parseDisjunction(NativeRegExp.java:454)
	at com.google.javascript.rhino.head.regexp.NativeRegExp.compileRE(NativeRegExp.java:321)
	at com.google.javascript.rhino.head.regexp.NativeRegExp_ESTest.test02(NativeRegExp_ESTest.java:67)
	at sun.reflect.NativeMethodAccessorImpl.invoke0(Native Method)
	at sun.reflect.NativeMethodAccessorImpl.invoke(NativeMethodAccessorImpl.java:62)
	at sun.reflect.DelegatingMethodAccessorImpl.invoke(DelegatingMethodAccessorImpl.java:43)
	at java.lang.reflect.Method.invoke(Method.java:497)
	at org.junit.runners.model.FrameworkMethod$1.runReflectiveCall(FrameworkMethod.java:50)
	at org.junit.internal.runners.model.ReflectiveCallable.run(ReflectiveCallable.java:12)
	at org.junit.runners.model.FrameworkMethod.invokeExplosively(FrameworkMethod.java:47)
	at org.junit.internal.runners.statements.InvokeMethod.evaluate(InvokeMethod.java:17)
	at org.junit.internal.runners.statements.FailOnTimeout$CallableStatement.call(FailOnTimeout.java:298)
	at org.junit.internal.runners.statements.FailOnTimeout$CallableStatement.call(FailOnTimeout.java:292)
	at java.util.concurrent.FutureTask.run(FutureTask.java:266)
	at java.lang.Thread.run(Thread.java:745)
8) test13(com.google.javascript.rhino.head.regexp.NativeRegExp_ESTest)
com.google.javascript.rhino.head.EcmaError: SyntaxError: invalid flag after regular expression
	at com.google.javascript.rhino.head.ScriptRuntime.constructError(ScriptRuntime.java:3728)
	at com.google.javascript.rhino.head.ScriptRuntime.constructError(ScriptRuntime.java:3706)
	at com.google.javascript.rhino.head.regexp.NativeRegExp.reportError(NativeRegExp.java:2414)
	at com.google.javascript.rhino.head.regexp.NativeRegExp.compileRE(NativeRegExp.java:303)
	at com.google.javascript.rhino.head.regexp.NativeRegExp_ESTest.test13(NativeRegExp_ESTest.java:206)
	at sun.reflect.NativeMethodAccessorImpl.invoke0(Native Method)
	at sun.reflect.NativeMethodAccessorImpl.invoke(NativeMethodAccessorImpl.java:62)
	at sun.reflect.DelegatingMethodAccessorImpl.invoke(DelegatingMethodAccessorImpl.java:43)
	at java.lang.reflect.Method.invoke(Method.java:497)
	at org.junit.runners.model.FrameworkMethod$1.runReflectiveCall(FrameworkMethod.java:50)
	at org.junit.internal.runners.model.ReflectiveCallable.run(ReflectiveCallable.java:12)
	at org.junit.runners.model.FrameworkMethod.invokeExplosively(FrameworkMethod.java:47)
	at org.junit.internal.runners.statements.InvokeMethod.evaluate(InvokeMethod.java:17)
	at org.junit.internal.runners.statements.FailOnTimeout$CallableStatement.call(FailOnTimeout.java:298)
	at org.junit.internal.runners.statements.FailOnTimeout$CallableStatement.call(FailOnTimeout.java:292)
	at java.util.concurrent.FutureTask.run(FutureTask.java:266)
	at java.lang.Thread.run(Thread.java:745)
9) test01(com.google.javascript.rhino.head.regexp.NativeRegExp_ESTest)
java.lang.IllegalArgumentException: -958
	at com.google.javascript.rhino.head.regexp.NativeRegExp.execIdCall(NativeRegExp.java:2568)
	at com.google.javascript.rhino.head.regexp.NativeRegExp_ESTest.test01(NativeRegExp_ESTest.java:52)
	at sun.reflect.NativeMethodAccessorImpl.invoke0(Native Method)
	at sun.reflect.NativeMethodAccessorImpl.invoke(NativeMethodAccessorImpl.java:62)
	at sun.reflect.DelegatingMethodAccessorImpl.invoke(DelegatingMethodAccessorImpl.java:43)
	at java.lang.reflect.Method.invoke(Method.java:497)
	at org.junit.runners.model.FrameworkMethod$1.runReflectiveCall(FrameworkMethod.java:50)
	at org.junit.internal.runners.model.ReflectiveCallable.run(ReflectiveCallable.java:12)
	at org.junit.runners.model.FrameworkMethod.invokeExplosively(FrameworkMethod.java:47)
	at org.junit.internal.runners.statements.InvokeMethod.evaluate(InvokeMethod.java:17)
	at org.junit.internal.runners.statements.FailOnTimeout$CallableStatement.call(FailOnTimeout.java:298)
	at org.junit.internal.runners.statements.FailOnTimeout$CallableStatement.call(FailOnTimeout.java:292)
	at java.util.concurrent.FutureTask.run(FutureTask.java:266)
	at java.lang.Thread.run(Thread.java:745)
10) test12(com.google.javascript.rhino.head.regexp.NativeRegExp_ESTest)
com.google.javascript.rhino.head.EcmaError: TypeError: Cannot find default value for object.
	at com.google.javascript.rhino.head.ScriptRuntime.constructError(ScriptRuntime.java:3728)
	at com.google.javascript.rhino.head.ScriptRuntime.constructError(ScriptRuntime.java:3706)
	at com.google.javascript.rhino.head.ScriptRuntime.typeError(ScriptRuntime.java:3734)
	at com.google.javascript.rhino.head.ScriptRuntime.typeError1(ScriptRuntime.java:3746)
	at com.google.javascript.rhino.head.ScriptableObject.getDefaultValue(ScriptableObject.java:1014)
	at com.google.javascript.rhino.head.ScriptableObject.getDefaultValue(ScriptableObject.java:933)
	at com.google.javascript.rhino.head.ScriptRuntime.toString(ScriptRuntime.java:803)
	at com.google.javascript.rhino.head.EcmaError.<init>(EcmaError.java:83)
	at com.google.javascript.rhino.head.regexp.NativeRegExp_ESTest.test12(NativeRegExp_ESTest.java:191)
	at sun.reflect.NativeMethodAccessorImpl.invoke0(Native Method)
	at sun.reflect.NativeMethodAccessorImpl.invoke(NativeMethodAccessorImpl.java:62)
	at sun.reflect.DelegatingMethodAccessorImpl.invoke(DelegatingMethodAccessorImpl.java:43)
	at java.lang.reflect.Method.invoke(Method.java:497)
	at org.junit.runners.model.FrameworkMethod$1.runReflectiveCall(FrameworkMethod.java:50)
	at org.junit.internal.runners.model.ReflectiveCallable.run(ReflectiveCallable.java:12)
	at org.junit.runners.model.FrameworkMethod.invokeExplosively(FrameworkMethod.java:47)
	at org.junit.internal.runners.statements.InvokeMethod.evaluate(InvokeMethod.java:17)
	at org.junit.internal.runners.statements.FailOnTimeout$CallableStatement.call(FailOnTimeout.java:298)
	at org.junit.internal.runners.statements.FailOnTimeout$CallableStatement.call(FailOnTimeout.java:292)
	at java.util.concurrent.FutureTask.run(FutureTask.java:266)
	at java.lang.Thread.run(Thread.java:745)
11) test11(com.google.javascript.rhino.head.regexp.NativeRegExp_ESTest)
com.google.javascript.rhino.head.EcmaError: TypeError: Method "" called on incompatible object.
	at com.google.javascript.rhino.head.ScriptRuntime.constructError(ScriptRuntime.java:3728)
	at com.google.javascript.rhino.head.ScriptRuntime.constructError(ScriptRuntime.java:3706)
	at com.google.javascript.rhino.head.ScriptRuntime.typeError(ScriptRuntime.java:3734)
	at com.google.javascript.rhino.head.ScriptRuntime.typeError1(ScriptRuntime.java:3746)
	at com.google.javascript.rhino.head.IdScriptableObject.incompatibleCallError(IdScriptableObject.java:711)
	at com.google.javascript.rhino.head.regexp.NativeRegExp.realThis(NativeRegExp.java:2574)
	at com.google.javascript.rhino.head.regexp.NativeRegExp.execIdCall(NativeRegExp.java:2555)
	at com.google.javascript.rhino.head.regexp.NativeRegExp_ESTest.test11(NativeRegExp_ESTest.java:173)
	at sun.reflect.NativeMethodAccessorImpl.invoke0(Native Method)
	at sun.reflect.NativeMethodAccessorImpl.invoke(NativeMethodAccessorImpl.java:62)
	at sun.reflect.DelegatingMethodAccessorImpl.invoke(DelegatingMethodAccessorImpl.java:43)
	at java.lang.reflect.Method.invoke(Method.java:497)
	at org.junit.runners.model.FrameworkMethod$1.runReflectiveCall(FrameworkMethod.java:50)
	at org.junit.internal.runners.model.ReflectiveCallable.run(ReflectiveCallable.java:12)
	at org.junit.runners.model.FrameworkMethod.invokeExplosively(FrameworkMethod.java:47)
	at org.junit.internal.runners.statements.InvokeMethod.evaluate(InvokeMethod.java:17)
	at org.junit.internal.runners.statements.FailOnTimeout$CallableStatement.call(FailOnTimeout.java:298)
	at org.junit.internal.runners.statements.FailOnTimeout$CallableStatement.call(FailOnTimeout.java:292)
	at java.util.concurrent.FutureTask.run(FutureTask.java:266)
	at java.lang.Thread.run(Thread.java:745)
12) test20(com.google.javascript.rhino.head.regexp.NativeRegExp_ESTest)
java.lang.IllegalStateException: 8
	at com.google.javascript.rhino.head.IdScriptableObject.setInstanceIdValue(IdScriptableObject.java:578)
	at com.google.javascript.rhino.head.regexp.NativeRegExp.setInstanceIdValue(NativeRegExp.java:2521)
	at com.google.javascript.rhino.head.regexp.NativeRegExp_ESTest.test20(NativeRegExp_ESTest.java:324)
	at sun.reflect.NativeMethodAccessorImpl.invoke0(Native Method)
	at sun.reflect.NativeMethodAccessorImpl.invoke(NativeMethodAccessorImpl.java:62)
	at sun.reflect.DelegatingMethodAccessorImpl.invoke(DelegatingMethodAccessorImpl.java:43)
	at java.lang.reflect.Method.invoke(Method.java:497)
	at org.junit.runners.model.FrameworkMethod$1.runReflectiveCall(FrameworkMethod.java:50)
	at org.junit.internal.runners.model.ReflectiveCallable.run(ReflectiveCallable.java:12)
	at org.junit.runners.model.FrameworkMethod.invokeExplosively(FrameworkMethod.java:47)
	at org.junit.internal.runners.statements.InvokeMethod.evaluate(InvokeMethod.java:17)
	at org.junit.internal.runners.statements.FailOnTimeout$CallableStatement.call(FailOnTimeout.java:298)
	at org.junit.internal.runners.statements.FailOnTimeout$CallableStatement.call(FailOnTimeout.java:292)
	at java.util.concurrent.FutureTask.run(FutureTask.java:266)
	at java.lang.Thread.run(Thread.java:745)

FAILURES!!!
Tests run: 19,  Failures: 12

