JUnit version 4.12
.E.E.E..E.E.E
Time: 1.516
There were 6 failures:
1) test6(org.apache.commons.math.ode.GraggBulirschStoerStepInterpolator_ESTest)
java.lang.ArrayIndexOutOfBoundsException: 1
	at org.apache.commons.math.ode.GraggBulirschStoerStepInterpolator.computeInterpolatedState(GraggBulirschStoerStepInterpolator.java:326)
	at org.apache.commons.math.ode.AbstractStepInterpolator.setInterpolatedTime(AbstractStepInterpolator.java:260)
	at org.apache.commons.math.ode.GraggBulirschStoerStepInterpolator.readExternal(GraggBulirschStoerStepInterpolator.java:388)
	at org.apache.commons.math.ode.GraggBulirschStoerStepInterpolator_ESTest.test6(GraggBulirschStoerStepInterpolator_ESTest.java:149)
	at sun.reflect.NativeMethodAccessorImpl.invoke0(Native Method)
	at sun.reflect.NativeMethodAccessorImpl.invoke(NativeMethodAccessorImpl.java:62)
	at sun.reflect.DelegatingMethodAccessorImpl.invoke(DelegatingMethodAccessorImpl.java:43)
	at java.lang.reflect.Method.invoke(Method.java:498)
	at org.junit.runners.model.FrameworkMethod$1.runReflectiveCall(FrameworkMethod.java:50)
	at org.junit.internal.runners.model.ReflectiveCallable.run(ReflectiveCallable.java:12)
	at org.junit.runners.model.FrameworkMethod.invokeExplosively(FrameworkMethod.java:47)
	at org.junit.internal.runners.statements.InvokeMethod.evaluate(InvokeMethod.java:17)
	at org.junit.internal.runners.statements.FailOnTimeout$CallableStatement.call(FailOnTimeout.java:298)
	at org.junit.internal.runners.statements.FailOnTimeout$CallableStatement.call(FailOnTimeout.java:292)
	at java.util.concurrent.FutureTask.run(FutureTask.java:266)
	at java.lang.Thread.run(Thread.java:748)
2) test3(org.apache.commons.math.ode.GraggBulirschStoerStepInterpolator_ESTest)
java.lang.ArrayIndexOutOfBoundsException: 0
	at org.apache.commons.math.ode.GraggBulirschStoerStepInterpolator.computeCoefficients(GraggBulirschStoerStepInterpolator.java:244)
	at org.apache.commons.math.ode.GraggBulirschStoerStepInterpolator_ESTest.test3(GraggBulirschStoerStepInterpolator_ESTest.java:92)
	at sun.reflect.NativeMethodAccessorImpl.invoke0(Native Method)
	at sun.reflect.NativeMethodAccessorImpl.invoke(NativeMethodAccessorImpl.java:62)
	at sun.reflect.DelegatingMethodAccessorImpl.invoke(DelegatingMethodAccessorImpl.java:43)
	at java.lang.reflect.Method.invoke(Method.java:498)
	at org.junit.runners.model.FrameworkMethod$1.runReflectiveCall(FrameworkMethod.java:50)
	at org.junit.internal.runners.model.ReflectiveCallable.run(ReflectiveCallable.java:12)
	at org.junit.runners.model.FrameworkMethod.invokeExplosively(FrameworkMethod.java:47)
	at org.junit.internal.runners.statements.InvokeMethod.evaluate(InvokeMethod.java:17)
	at org.junit.internal.runners.statements.FailOnTimeout$CallableStatement.call(FailOnTimeout.java:298)
	at org.junit.internal.runners.statements.FailOnTimeout$CallableStatement.call(FailOnTimeout.java:292)
	at java.util.concurrent.FutureTask.run(FutureTask.java:266)
	at java.lang.Thread.run(Thread.java:748)
3) test2(org.apache.commons.math.ode.GraggBulirschStoerStepInterpolator_ESTest)
java.lang.NullPointerException
	at org.apache.commons.math.ode.GraggBulirschStoerStepInterpolator.<init>(GraggBulirschStoerStepInterpolator.java:211)
	at org.apache.commons.math.ode.GraggBulirschStoerStepInterpolator.doCopy(GraggBulirschStoerStepInterpolator.java:225)
	at org.apache.commons.math.ode.GraggBulirschStoerStepInterpolator_ESTest.test2(GraggBulirschStoerStepInterpolator_ESTest.java:70)
	at sun.reflect.NativeMethodAccessorImpl.invoke0(Native Method)
	at sun.reflect.NativeMethodAccessorImpl.invoke(NativeMethodAccessorImpl.java:62)
	at sun.reflect.DelegatingMethodAccessorImpl.invoke(DelegatingMethodAccessorImpl.java:43)
	at java.lang.reflect.Method.invoke(Method.java:498)
	at org.junit.runners.model.FrameworkMethod$1.runReflectiveCall(FrameworkMethod.java:50)
	at org.junit.internal.runners.model.ReflectiveCallable.run(ReflectiveCallable.java:12)
	at org.junit.runners.model.FrameworkMethod.invokeExplosively(FrameworkMethod.java:47)
	at org.junit.internal.runners.statements.InvokeMethod.evaluate(InvokeMethod.java:17)
	at org.junit.internal.runners.statements.FailOnTimeout$CallableStatement.call(FailOnTimeout.java:298)
	at org.junit.internal.runners.statements.FailOnTimeout$CallableStatement.call(FailOnTimeout.java:292)
	at java.util.concurrent.FutureTask.run(FutureTask.java:266)
	at java.lang.Thread.run(Thread.java:748)
4) test4(org.apache.commons.math.ode.GraggBulirschStoerStepInterpolator_ESTest)
java.lang.NullPointerException
	at org.apache.commons.math.ode.GraggBulirschStoerStepInterpolator.<init>(GraggBulirschStoerStepInterpolator.java:196)
	at org.apache.commons.math.ode.GraggBulirschStoerStepInterpolator.doCopy(GraggBulirschStoerStepInterpolator.java:225)
	at org.apache.commons.math.ode.GraggBulirschStoerStepInterpolator_ESTest.test4(GraggBulirschStoerStepInterpolator_ESTest.java:112)
	at sun.reflect.NativeMethodAccessorImpl.invoke0(Native Method)
	at sun.reflect.NativeMethodAccessorImpl.invoke(NativeMethodAccessorImpl.java:62)
	at sun.reflect.DelegatingMethodAccessorImpl.invoke(DelegatingMethodAccessorImpl.java:43)
	at java.lang.reflect.Method.invoke(Method.java:498)
	at org.junit.runners.model.FrameworkMethod$1.runReflectiveCall(FrameworkMethod.java:50)
	at org.junit.internal.runners.model.ReflectiveCallable.run(ReflectiveCallable.java:12)
	at org.junit.runners.model.FrameworkMethod.invokeExplosively(FrameworkMethod.java:47)
	at org.junit.internal.runners.statements.InvokeMethod.evaluate(InvokeMethod.java:17)
	at org.junit.internal.runners.statements.FailOnTimeout$CallableStatement.call(FailOnTimeout.java:298)
	at org.junit.internal.runners.statements.FailOnTimeout$CallableStatement.call(FailOnTimeout.java:292)
	at java.util.concurrent.FutureTask.run(FutureTask.java:266)
	at java.lang.Thread.run(Thread.java:748)
5) test1(org.apache.commons.math.ode.GraggBulirschStoerStepInterpolator_ESTest)
java.lang.ArrayIndexOutOfBoundsException: 3
	at org.apache.commons.math.ode.GraggBulirschStoerStepInterpolator.computeCoefficients(GraggBulirschStoerStepInterpolator.java:243)
	at org.apache.commons.math.ode.GraggBulirschStoerStepInterpolator_ESTest.test1(GraggBulirschStoerStepInterpolator_ESTest.java:51)
	at sun.reflect.NativeMethodAccessorImpl.invoke0(Native Method)
	at sun.reflect.NativeMethodAccessorImpl.invoke(NativeMethodAccessorImpl.java:62)
	at sun.reflect.DelegatingMethodAccessorImpl.invoke(DelegatingMethodAccessorImpl.java:43)
	at java.lang.reflect.Method.invoke(Method.java:498)
	at org.junit.runners.model.FrameworkMethod$1.runReflectiveCall(FrameworkMethod.java:50)
	at org.junit.internal.runners.model.ReflectiveCallable.run(ReflectiveCallable.java:12)
	at org.junit.runners.model.FrameworkMethod.invokeExplosively(FrameworkMethod.java:47)
	at org.junit.internal.runners.statements.InvokeMethod.evaluate(InvokeMethod.java:17)
	at org.junit.internal.runners.statements.FailOnTimeout$CallableStatement.call(FailOnTimeout.java:298)
	at org.junit.internal.runners.statements.FailOnTimeout$CallableStatement.call(FailOnTimeout.java:292)
	at java.util.concurrent.FutureTask.run(FutureTask.java:266)
	at java.lang.Thread.run(Thread.java:748)
6) test0(org.apache.commons.math.ode.GraggBulirschStoerStepInterpolator_ESTest)
java.lang.NullPointerException
	at org.apache.commons.math.ode.GraggBulirschStoerStepInterpolator.computeCoefficients(GraggBulirschStoerStepInterpolator.java:243)
	at org.apache.commons.math.ode.GraggBulirschStoerStepInterpolator_ESTest.test0(GraggBulirschStoerStepInterpolator_ESTest.java:32)
	at sun.reflect.NativeMethodAccessorImpl.invoke0(Native Method)
	at sun.reflect.NativeMethodAccessorImpl.invoke(NativeMethodAccessorImpl.java:62)
	at sun.reflect.DelegatingMethodAccessorImpl.invoke(DelegatingMethodAccessorImpl.java:43)
	at java.lang.reflect.Method.invoke(Method.java:498)
	at org.junit.runners.model.FrameworkMethod$1.runReflectiveCall(FrameworkMethod.java:50)
	at org.junit.internal.runners.model.ReflectiveCallable.run(ReflectiveCallable.java:12)
	at org.junit.runners.model.FrameworkMethod.invokeExplosively(FrameworkMethod.java:47)
	at org.junit.internal.runners.statements.InvokeMethod.evaluate(InvokeMethod.java:17)
	at org.junit.internal.runners.statements.FailOnTimeout$CallableStatement.call(FailOnTimeout.java:298)
	at org.junit.internal.runners.statements.FailOnTimeout$CallableStatement.call(FailOnTimeout.java:292)
	at java.util.concurrent.FutureTask.run(FutureTask.java:266)
	at java.lang.Thread.run(Thread.java:748)

FAILURES!!!
Tests run: 7,  Failures: 6

