Randoop for Java version "4.3.0, local changes, branch master, commit 7af20ae, 2022-01-31".
Cannot instantiate non-accessible class com.google.javascript.rhino.head.ScriptableObject$Slot specified via --testclass or --classlist; will use its static methods.

Will try to generate tests for 39 classes.
PUBLIC MEMBERS=589
Explorer = ForwardGenerator(steps: 0, null steps: 0, num_sequences_generated: 0;
    allSequences: 0, regresson seqs: 0, error seqs: 0=0=0, invalid seqs: 0, subsumed_sequences: 0, num_failed_output_test: 0;
    runtimePrimitivesSeen:38)

Progress update: steps=1, test inputs generated=0, failing inputs=0      (2022-02-23T04:00:47.200Z     301M used)
Progress update: steps=1000, test inputs generated=742, failing inputs=0      (2022-02-23T04:01:00.724Z     719M used)
Progress update: steps=2000, test inputs generated=1425, failing inputs=3      (2022-02-23T04:01:12.901Z     293M used)
Progress update: steps=3000, test inputs generated=2081, failing inputs=3      (2022-02-23T04:01:22.507Z     538M used)
Progress update: steps=4000, test inputs generated=2753, failing inputs=4      (2022-02-23T04:01:31.183Z     544M used)
Progress update: steps=5000, test inputs generated=3400, failing inputs=6      (2022-02-23T04:01:40.758Z     1,01G used)
Progress update: steps=5647, test inputs generated=3804, failing inputs=8      (2022-02-23T04:01:47.221Z     1,38G used)
Progress update: steps=6000, test inputs generated=4032, failing inputs=8      (2022-02-23T04:01:50.872Z     1,05G used)
Progress update: steps=7000, test inputs generated=4647, failing inputs=9      (2022-02-23T04:02:00.283Z     218M used)
Progress update: steps=8000, test inputs generated=5270, failing inputs=10      (2022-02-23T04:02:09.386Z     672M used)
Progress update: steps=9000, test inputs generated=5910, failing inputs=10      (2022-02-23T04:02:18.621Z     1,36G used)
Progress update: steps=10000, test inputs generated=6535, failing inputs=11      (2022-02-23T04:02:27.833Z     423M used)
Progress update: steps=11000, test inputs generated=7150, failing inputs=12      (2022-02-23T04:02:36.429Z     514M used)
Progress update: steps=12000, test inputs generated=7776, failing inputs=14      (2022-02-23T04:02:45.669Z     1,21G used)
Progress update: steps=12178, test inputs generated=7891, failing inputs=16      (2022-02-23T04:02:47.222Z     1,19G used)
Progress update: steps=13000, test inputs generated=8412, failing inputs=21      (2022-02-23T04:02:55.273Z     1,07G used)
Progress update: steps=14000, test inputs generated=9041, failing inputs=21      (2022-02-23T04:03:04.729Z     430M used)
Progress update: steps=15000, test inputs generated=9653, failing inputs=21      (2022-02-23T04:03:14.727Z     996M used)
Progress update: steps=16000, test inputs generated=10270, failing inputs=24      (2022-02-23T04:03:24.020Z     329M used)
Progress update: steps=17000, test inputs generated=10867, failing inputs=25      (2022-02-23T04:03:33.530Z     710M used)
Progress update: steps=18000, test inputs generated=11460, failing inputs=26      (2022-02-23T04:03:44.553Z     1,41G used)
Progress update: steps=18148, test inputs generated=11548, failing inputs=26      (2022-02-23T04:03:47.225Z     1,10G used)
Progress update: steps=19000, test inputs generated=12071, failing inputs=28      (2022-02-23T04:03:59.132Z     1,42G used)
Progress update: steps=20000, test inputs generated=12655, failing inputs=31      (2022-02-23T04:04:10.334Z     415M used)
Progress update: steps=21000, test inputs generated=13210, failing inputs=31      (2022-02-23T04:04:20.503Z     482M used)
Progress update: steps=22000, test inputs generated=13823, failing inputs=32      (2022-02-23T04:04:32.187Z     994M used)
Progress update: steps=23000, test inputs generated=14436, failing inputs=33      (2022-02-23T04:04:42.311Z     1,27G used)
Progress update: steps=23494, test inputs generated=14718, failing inputs=33      (2022-02-23T04:04:47.226Z     629M used)
Progress update: steps=24000, test inputs generated=14999, failing inputs=33      (2022-02-23T04:04:52.027Z     1,39G used)
Progress update: steps=25000, test inputs generated=15601, failing inputs=34      (2022-02-23T04:05:02.355Z     748M used)
Progress update: steps=26000, test inputs generated=16202, failing inputs=36      (2022-02-23T04:05:12.654Z     1,15G used)
Progress update: steps=27000, test inputs generated=16778, failing inputs=37      (2022-02-23T04:05:23.340Z     1,54G used)
Progress update: steps=28000, test inputs generated=17385, failing inputs=38      (2022-02-23T04:05:34.234Z     688M used)
Progress update: steps=29000, test inputs generated=17983, failing inputs=38      (2022-02-23T04:05:45.359Z     1,20G used)
Progress update: steps=29196, test inputs generated=18107, failing inputs=38      (2022-02-23T04:05:47.227Z     1,28G used)
Progress update: steps=30000, test inputs generated=18557, failing inputs=39      (2022-02-23T04:05:54.581Z     1,47G used)
Progress update: steps=31000, test inputs generated=19166, failing inputs=39      (2022-02-23T04:06:04.335Z     994M used)
Progress update: steps=32000, test inputs generated=19771, failing inputs=41      (2022-02-23T04:06:14.471Z     1,45G used)
Progress update: steps=33000, test inputs generated=20362, failing inputs=42      (2022-02-23T04:06:23.996Z     1,78G used)
Progress update: steps=34000, test inputs generated=20953, failing inputs=42      (2022-02-23T04:06:33.533Z     883M used)createAndClassifySequences threw an exception
randoop.main.RandoopBug: code=Call to public com.google.javascript.rhino.head.Scriptable com.google.javascript.rhino.head.Context.newArray(com.google.javascript.rhino.head.Scriptable,int) receiver: com.google.javascript.rhino.head.Context@1a451d4d args: [com.google.javascript.rhino.head.BaseFunction@271257, -1] failed to run
	at randoop.util.ReflectionExecutor.executeReflectionCodeUnThreaded(ReflectionExecutor.java:169)
	at randoop.util.ReflectionExecutor.executeReflectionCode(ReflectionExecutor.java:94)
	at randoop.operation.MethodCall.execute(MethodCall.java:176)
	at randoop.operation.TypedOperation.execute(TypedOperation.java:310)
	at randoop.sequence.Statement.execute(Statement.java:163)
	at randoop.sequence.ExecutableSequence.executeStatement(ExecutableSequence.java:416)
	at randoop.sequence.ExecutableSequence.execute(ExecutableSequence.java:308)
	at randoop.sequence.ExecutableSequence.execute(ExecutableSequence.java:237)
	at randoop.generation.ForwardGenerator.step(ForwardGenerator.java:237)
	at randoop.generation.AbstractGenerator.createAndClassifySequences(AbstractGenerator.java:321)
	at randoop.main.GenTests.handle(GenTests.java:510)
	at randoop.main.Main.nonStaticMain(Main.java:71)
	at randoop.main.Main.main(Main.java:31)
Caused by: randoop.util.ReflectionCode$ReflectionCodeException: error invoking public com.google.javascript.rhino.head.Scriptable com.google.javascript.rhino.head.Context.newArray(com.google.javascript.rhino.head.Scriptable,int) on 3 arguments:
  com.google.javascript.rhino.head.Context@1a451d4d
  com.google.javascript.rhino.head.BaseFunction@271257
  -1
	at randoop.util.MethodReflectionCode.runReflectionCodeRaw(MethodReflectionCode.java:83)
	at randoop.util.ReflectionCode.runReflectionCode(ReflectionCode.java:59)
	at randoop.util.ReflectionExecutor.executeReflectionCodeUnThreaded(ReflectionExecutor.java:164)
	... 12 more
Caused by: java.lang.IndexOutOfBoundsException: Index: 0
	at com.google.javascript.rhino.head.NativeArray.listIterator(NativeArray.java:1806)
	at com.google.javascript.rhino.head.NativeArray.iterator(NativeArray.java:1791)
	at randoop.org.plumelib.util.StringsPlume.listToString(StringsPlume.java:1068)
	at randoop.org.plumelib.util.StringsPlume.listToStringAndClass(StringsPlume.java:1047)
	at randoop.org.plumelib.util.StringsPlume.toStringAndClass(StringsPlume.java:1022)
	at randoop.org.plumelib.util.StringsPlume.toStringAndClass(StringsPlume.java:999)
	at randoop.util.MethodReflectionCode.runReflectionCodeRaw(MethodReflectionCode.java:57)
	... 14 more


Randoop failed in an unexpected way.
Please report at https://github.com/randoop/randoop/issues ,
providing the information requested at https://randoop.github.io/randoop/manual/index.html#bug-reporting .
randoop.main.RandoopBug: code=Call to public com.google.javascript.rhino.head.Scriptable com.google.javascript.rhino.head.Context.newArray(com.google.javascript.rhino.head.Scriptable,int) receiver: com.google.javascript.rhino.head.Context@1a451d4d args: [com.google.javascript.rhino.head.BaseFunction@271257, -1] failed to run
	at randoop.util.ReflectionExecutor.executeReflectionCodeUnThreaded(ReflectionExecutor.java:169)
	at randoop.util.ReflectionExecutor.executeReflectionCode(ReflectionExecutor.java:94)
	at randoop.operation.MethodCall.execute(MethodCall.java:176)
	at randoop.operation.TypedOperation.execute(TypedOperation.java:310)
	at randoop.sequence.Statement.execute(Statement.java:163)
	at randoop.sequence.ExecutableSequence.executeStatement(ExecutableSequence.java:416)
	at randoop.sequence.ExecutableSequence.execute(ExecutableSequence.java:308)
	at randoop.sequence.ExecutableSequence.execute(ExecutableSequence.java:237)
	at randoop.generation.ForwardGenerator.step(ForwardGenerator.java:237)
	at randoop.generation.AbstractGenerator.createAndClassifySequences(AbstractGenerator.java:321)
	at randoop.main.GenTests.handle(GenTests.java:510)
	at randoop.main.Main.nonStaticMain(Main.java:71)
	at randoop.main.Main.main(Main.java:31)
Caused by: randoop.util.ReflectionCode$ReflectionCodeException: error invoking public com.google.javascript.rhino.head.Scriptable com.google.javascript.rhino.head.Context.newArray(com.google.javascript.rhino.head.Scriptable,int) on 3 arguments:
  com.google.javascript.rhino.head.Context@1a451d4d
  com.google.javascript.rhino.head.BaseFunction@271257
  -1
	at randoop.util.MethodReflectionCode.runReflectionCodeRaw(MethodReflectionCode.java:83)
	at randoop.util.ReflectionCode.runReflectionCode(ReflectionCode.java:59)
	at randoop.util.ReflectionExecutor.executeReflectionCodeUnThreaded(ReflectionExecutor.java:164)
	... 12 more
Caused by: java.lang.IndexOutOfBoundsException: Index: 0
	at com.google.javascript.rhino.head.NativeArray.listIterator(NativeArray.java:1806)
	at com.google.javascript.rhino.head.NativeArray.iterator(NativeArray.java:1791)
	at randoop.org.plumelib.util.StringsPlume.listToString(StringsPlume.java:1068)
	at randoop.org.plumelib.util.StringsPlume.listToStringAndClass(StringsPlume.java:1047)
	at randoop.org.plumelib.util.StringsPlume.toStringAndClass(StringsPlume.java:1022)
	at randoop.org.plumelib.util.StringsPlume.toStringAndClass(StringsPlume.java:999)
	at randoop.util.MethodReflectionCode.runReflectionCodeRaw(MethodReflectionCode.java:57)
	... 14 more
