Randoop for Java version "4.3.0, local changes, branch master, commit 7af20ae, 2022-01-31".
Cannot instantiate non-accessible class com.google.javascript.rhino.head.Node$PropListItem specified via --testclass or --classlist; will use its static methods.
Cannot instantiate non-accessible class com.google.javascript.rhino.head.optimizer.BodyCodegen specified via --testclass or --classlist; will use its static methods.

Will try to generate tests for 16 classes.
PUBLIC MEMBERS=363
Explorer = ForwardGenerator(steps: 0, null steps: 0, num_sequences_generated: 0;
    allSequences: 0, regresson seqs: 0, error seqs: 0=0=0, invalid seqs: 0, subsumed_sequences: 0, num_failed_output_test: 0;
    runtimePrimitivesSeen:38)

Progress update: steps=1, test inputs generated=0, failing inputs=0      (2022-02-23T04:51:54.552Z     301M used)
Progress update: steps=1000, test inputs generated=794, failing inputs=33      (2022-02-23T04:52:25.538Z     3.15G used)
Progress update: steps=1583, test inputs generated=1280, failing inputs=46      (2022-02-23T04:52:54.566Z     2.56G used)
Progress update: steps=2000, test inputs generated=1615, failing inputs=50      (2022-02-23T04:53:20.010Z     3.12G used)
Progress update: steps=2701, test inputs generated=2201, failing inputs=67      (2022-02-23T04:53:54.567Z     944M used)
Progress update: steps=3000, test inputs generated=2460, failing inputs=73      (2022-02-23T04:54:12.776Z     2.68G used)
Progress update: steps=3864, test inputs generated=3200, failing inputs=97      (2022-02-23T04:54:57.157Z     1.25G used)
Progress update: steps=4000, test inputs generated=3312, failing inputs=99      (2022-02-23T04:55:03.029Z     3.21G used)
Progress update: steps=4783, test inputs generated=3969, failing inputs=110      (2022-02-23T04:55:57.160Z     1.70G used)
Progress update: steps=5000, test inputs generated=4150, failing inputs=115      (2022-02-23T04:56:13.277Z     115M used)
Progress update: steps=5550, test inputs generated=4607, failing inputs=123      (2022-02-23T04:56:57.161Z     959M used)
Progress update: steps=6000, test inputs generated=4974, failing inputs=138      (2022-02-23T04:57:37.241Z     2.67G used)
Progress update: steps=6270, test inputs generated=5184, failing inputs=146      (2022-02-23T04:58:01.148Z     3.76G used)
Progress update: steps=7000, test inputs generated=5769, failing inputs=159      (2022-02-23T04:58:57.004Z     1.29G used)
Progress update: steps=7287, test inputs generated=5999, failing inputs=161      (2022-02-23T04:59:04.657Z     3.03G used)
Progress update: steps=8000, test inputs generated=6592, failing inputs=168      (2022-02-23T04:59:54.983Z     2.49G used)
Progress update: steps=8190, test inputs generated=6746, failing inputs=171      (2022-02-23T05:00:04.659Z     2.66G used)
Progress update: steps=8961, test inputs generated=7360, failing inputs=184      (2022-02-23T05:01:04.659Z     3.63G used)
Progress update: steps=9000, test inputs generated=7392, failing inputs=184      (2022-02-23T05:01:05.492Z     381M used)
Progress update: steps=9837, test inputs generated=8068, failing inputs=193      (2022-02-23T05:01:56.640Z     1.32G used)
Normal method executions: 8106105
Exceptional method executions: 2123

Average method execution time (normal termination):      0.0155
Average method execution time (exceptional termination): 150
Approximate memory usage 1.32G
Explorer = ForwardGenerator(steps: 9837, null steps: 1769, num_sequences_generated: 8068;
    allSequences: 8068, regresson seqs: 7490, error seqs: 193=193=193, invalid seqs: 0, subsumed_sequences: 0, num_failed_output_test: 385;
    runtimePrimitivesSeen:1600)

Error-revealing test output:
Error-revealing test count: 193
Writing error-revealing JUnit tests...
Created file /experiment/results/randoop10/closure-com.google.javascript.rhino.head.optimizer.BodyCodegen-com.google.javascript.rhino.head.Node-14/ErrorTest0.java
Created file /experiment/results/randoop10/closure-com.google.javascript.rhino.head.optimizer.BodyCodegen-com.google.javascript.rhino.head.Node-14/ErrorTest.java
Wrote error-revealing JUnit tests.

About to look for failing assertions in 4195 regression sequences.

Regression test output:
Regression test count: 4195
Writing regression JUnit tests...
Created file /experiment/results/randoop10/closure-com.google.javascript.rhino.head.optimizer.BodyCodegen-com.google.javascript.rhino.head.Node-14/RegressionTest0.java
                                                                                                                                                                                                       Created file /experiment/results/randoop10/closure-com.google.javascript.rhino.head.optimizer.BodyCodegen-com.google.javascript.rhino.head.Node-14/RegressionTest1.java
failureCount = 45, totalFailures = 64
Didn't find \s+at\s+\QRegressionTest2\E\.\Qtest0529\E\(\QRegressionTest2\E\.java:(\d+)\)in:
JUnit version 4.13.2..........E.java.lang.OutOfMemoryError: Java heap spaceDumping heap to java_pid2055924.hprof ...Heap dump file created [2456840 bytes in 0.018 secs]E......E.E...E.E...E.E..E.E..E.E..E..E.E.E....E..E..........E.....E...E.E..E...E....E..E....E.E..E.E..E..E.E...E.E..E..E....E...E.....E....E.E..E.E..E............E...E..E.E..E....E.E..E.E.E.......E......E..E.E..............E.E...............E.E..E.....Time: 1.315There were 64 failures:1) test0410(RegressionTest2)java.lang.AssertionError: '-8759477' != '-29636437'	at org.junit.Assert.fail(Assert.java:89)	at org.junit.Assert.assertTrue(Assert.java:42)	at RegressionTest2.test0410(RegressionTest2.java:371)2) test0411(RegressionTest2)java.lang.OutOfMemoryError: Java heap space	at java.lang.AbstractStringBuilder.<init>(AbstractStringBuilder.java:68)	at java.lang.StringBuilder.<init>(StringBuilder.java:101)	at com.google.javascript.rhino.head.ast.Comment.toSource(Comment.java:120)	at RegressionTest2.test0411(RegressionTest2.java:391)3) test0417(RegressionTest2)java.lang.AssertionError: '-322415702' != '-196808471'	at org.junit.Assert.fail(Assert.java:89)	at org.junit.Assert.assertTrue(Assert.java:42)	at RegressionTest2.test0417(RegressionTest2.java:588)4) test0418(RegressionTest2)java.lang.AssertionError: '-1876179182' != '661983708'	at org.junit.Assert.fail(Assert.java:89)	at org.junit.Assert.assertTrue(Assert.java:42)	at RegressionTest2.test0418(RegressionTest2.java:696)5) test0421(RegressionTest2)java.lang.AssertionError: '883112578' != '-307506918'	at org.junit.Assert.fail(Assert.java:89)	at org.junit.Assert.assertTrue(Assert.java:42)	at RegressionTest2.test0421(RegressionTest2.java:874)6) test0422(RegressionTest2)java.lang.AssertionError: '-1013778463' != '-540725267'	at org.junit.Assert.fail(Assert.java:89)	at org.junit.Assert.assertTrue(Assert.java:42)	at RegressionTest2.test0422(RegressionTest2.java:916)7) test0425(RegressionTest2)java.lang.AssertionError: '-396486194' != '1567989808'	at org.junit.Assert.fail(Assert.java:89)	at org.junit.Assert.assertTrue(Assert.java:42)	at RegressionTest2.test0425(RegressionTest2.java:1025)8) test0426(RegressionTest2)java.lang.AssertionError: '-315200178' != '539433473'	at org.junit.Assert.fail(Assert.java:89)	at org.junit.Assert.assertTrue(Assert.java:42)	at RegressionTest2.test0426(RegressionTest2.java:1066)9) test0428(RegressionTest2)java.lang.AssertionError: '116750433' != '-672417978'	at org.junit.Assert.fail(Assert.java:89)	at org.junit.Assert.assertTrue(Assert.java:42)	at RegressionTest2.test0428(RegressionTest2.java:1155)10) test0429(RegressionTest2)java.lang.AssertionError: '950050682' != '565741273'	at org.junit.Assert.fail(Assert.java:89)	at org.junit.Assert.assertTrue(Assert.java:42)	at RegressionTest2.test0429(RegressionTest2.java:1234)11) test0431(RegressionTest2)java.lang.AssertionError: '329617064' != '842796129'	at org.junit.Assert.fail(Assert.java:89)	at org.junit.Assert.assertTrue(Assert.java:42)	at RegressionTest2.test0431(RegressionTest2.java:1355)12) test0432(RegressionTest2)java.lang.AssertionError: '64590859' != '-1141076576'	at org.junit.Assert.fail(Assert.java:89)	at org.junit.Assert.assertTrue(Assert.java:42)	at RegressionTest2.test0432(RegressionTest2.java:1453)13) test0434(RegressionTest2)java.lang.AssertionError: '-457908606' != '-1686157355'	at org.junit.Assert.fail(Assert.java:89)	at org.junit.Assert.assertTrue(Assert.java:42)	at RegressionTest2.test0434(RegressionTest2.java:1592)14) test0436(RegressionTest2)java.lang.AssertionError: '-1366943797' != '1071011729'	at org.junit.Assert.fail(Assert.java:89)	at org.junit.Assert.assertTrue(Assert.java:42)	at RegressionTest2.test0436(RegressionTest2.java:1776)15) test0437(RegressionTest2)java.lang.AssertionError: '53215289' != '-611396980'	at org.junit.Assert.fail(Assert.java:89)	at org.junit.Assert.assertTrue(Assert.java:42)	at RegressionTest2.test0437(RegressionTest2.java:1822)16) test0438(RegressionTest2)java.lang.AssertionError: '1819052765' != '-1084789110'	at org.junit.Assert.fail(Assert.java:89)	at org.junit.Assert.assertTrue(Assert.java:42)	at RegressionTest2.test0438(RegressionTest2.java:1866)17) test0442(RegressionTest2)java.lang.AssertionError: '-247642468' != '191967696'	at org.junit.Assert.fail(Assert.java:89)	at org.junit.Assert.assertTrue(Assert.java:42)	at RegressionTest2.test0442(RegressionTest2.java:2074)18) test0444(RegressionTest2)java.lang.AssertionError: '800820376' != '258774442'	at org.junit.Assert.fail(Assert.java:89)	at org.junit.Assert.assertTrue(Assert.java:42)	at RegressionTest2.test0444(RegressionTest2.java:2135)19) test0454(RegressionTest2)java.lang.AssertionError: '923271746' != '-61856638'	at org.junit.Assert.fail(Assert.java:89)	at org.junit.Assert.assertTrue(Assert.java:42)	at RegressionTest2.test0454(RegressionTest2.java:2684)20) test0459(RegressionTest2)java.lang.OutOfMemoryError: Java heap space	at java.lang.AbstractStringBuilder.<init>(AbstractStringBuilder.java:68)	at java.lang.StringBuilder.<init>(StringBuilder.java:101)	at com.google.javascript.rhino.head.ast.Comment.toSource(Comment.java:120)	at RegressionTest2.test0459(RegressionTest2.java:2882)21) test0462(RegressionTest2)java.lang.AssertionError: '632486855' != '-300051561'	at org.junit.Assert.fail(Assert.java:89)	at org.junit.Assert.assertTrue(Assert.java:42)	at RegressionTest2.test0462(RegressionTest2.java:3032)22) test0463(RegressionTest2)java.lang.AssertionError: '-565168309' != '-1102494539'	at org.junit.Assert.fail(Assert.java:89)	at org.junit.Assert.assertTrue(Assert.java:42)	at RegressionTest2.test0463(RegressionTest2.java:3090)23) test0465(RegressionTest2)java.lang.AssertionError: '110763074' != '181776878'	at org.junit.Assert.fail(Assert.java:89)	at org.junit.Assert.assertTrue(Assert.java:42)	at RegressionTest2.test0465(RegressionTest2.java:3162)24) test0468(RegressionTest2)java.lang.AssertionError: '-568439381' != '-897471327'	at org.junit.Assert.fail(Assert.java:89)	at org.junit.Assert.assertTrue(Assert.java:42)	at RegressionTest2.test0468(RegressionTest2.java:3245)25) test0472(RegressionTest2)java.lang.AssertionError: '-716769990' != '-586524196'	at org.junit.Assert.fail(Assert.java:89)	at org.junit.Assert.assertTrue(Assert.java:42)	at RegressionTest2.test0472(RegressionTest2.java:3442)26) test0474(RegressionTest2)java.lang.AssertionError: '284544286' != '-275074201'	at org.junit.Assert.fail(Assert.java:89)	at org.junit.Assert.assertTrue(Assert.java:42)	at RegressionTest2.test0474(RegressionTest2.java:3485)27) test0478(RegressionTest2)java.lang.AssertionError: '392448954' != '770410487'	at org.junit.Assert.fail(Assert.java:89)	at org.junit.Assert.assertTrue(Assert.java:42)	at RegressionTest2.test0478(RegressionTest2.java:3619)28) test0479(RegressionTest2)java.lang.AssertionError: '666702493' != '-867446188'	at org.junit.Assert.fail(Assert.java:89)	at org.junit.Assert.assertTrue(Assert.java:42)	at RegressionTest2.test0479(RegressionTest2.java:3699)29) test0481(RegressionTest2)java.lang.AssertionError: '225023825' != '1519198334'	at org.junit.Assert.fail(Assert.java:89)	at org.junit.Assert.assertTrue(Assert.java:42)	at RegressionTest2.test0481(RegressionTest2.java:3798)30) test0482(RegressionTest2)java.lang.AssertionError: '182763177' != '-1518640995'	at org.junit.Assert.fail(Assert.java:89)	at org.junit.Assert.assertTrue(Assert.java:42)	at RegressionTest2.test0482(RegressionTest2.java:3876)31) test0484(RegressionTest2)java.lang.AssertionError: '-876226451' != '937980962'	at org.junit.Assert.fail(Assert.java:89)	at org.junit.Assert.assertTrue(Assert.java:42)	at RegressionTest2.test0484(RegressionTest2.java:3982)32) test0486(RegressionTest2)java.lang.AssertionError: '-1057690518' != '-1125833991'	at org.junit.Assert.fail(Assert.java:89)	at org.junit.Assert.assertTrue(Assert.java:42)	at RegressionTest2.test0486(RegressionTest2.java:4103)33) test0487(RegressionTest2)java.lang.AssertionError: '516676357' != '283760465'	at org.junit.Assert.fail(Assert.java:89)	at org.junit.Assert.assertTrue(Assert.java:42)	at RegressionTest2.test0487(RegressionTest2.java:4200)34) test0490(RegressionTest2)java.lang.AssertionError: '-643624742' != '-536507736'	at org.junit.Assert.fail(Assert.java:89)	at org.junit.Assert.assertTrue(Assert.java:42)	at RegressionTest2.test0490(RegressionTest2.java:4344)35) test0491(RegressionTest2)java.lang.AssertionError: '-735065027' != '-1314367723'	at org.junit.Assert.fail(Assert.java:89)	at org.junit.Assert.assertTrue(Assert.java:42)	at RegressionTest2.test0491(RegressionTest2.java:4389)36) test0493(RegressionTest2)java.lang.AssertionError: '-1879515949' != '-121704364'	at org.junit.Assert.fail(Assert.java:89)	at org.junit.Assert.assertTrue(Assert.java:42)	at RegressionTest2.test0493(RegressionTest2.java:4438)37) test0495(RegressionTest2)java.lang.AssertionError: '749943265' != '23636211'	at org.junit.Assert.fail(Assert.java:89)	at org.junit.Assert.assertTrue(Assert.java:42)	at RegressionTest2.test0495(RegressionTest2.java:4502)38) test0499(RegressionTest2)java.lang.AssertionError: '-513706890' != '832917677'	at org.junit.Assert.fail(Assert.java:89)	at org.junit.Assert.assertTrue(Assert.java:42)	at RegressionTest2.test0499(RegressionTest2.java:4775)39) test0502(RegressionTest2)java.lang.AssertionError: '440020364' != '-65485869'	at org.junit.Assert.fail(Assert.java:89)	at org.junit.Assert.assertTrue(Assert.java:42)	at RegressionTest2.test0502(RegressionTest2.java:4947)40) test0507(RegressionTest2)java.lang.AssertionError: '-175931351' != '-205125640'	at org.junit.Assert.fail(Assert.java:89)	at org.junit.Assert.assertTrue(Assert.java:42)	at RegressionTest2.test0507(RegressionTest2.java:5118)41) test0511(RegressionTest2)java.lang.AssertionError: '443083676' != '-412107205'	at org.junit.Assert.fail(Assert.java:89)	at org.junit.Assert.assertTrue(Assert.java:42)	at RegressionTest2.test0511(RegressionTest2.java:5214)42) test0512(RegressionTest2)java.lang.AssertionError: '-378073305' != '272307692'	at org.junit.Assert.fail(Assert.java:89)	at org.junit.Assert.assertTrue(Assert.java:42)	at RegressionTest2.test0512(RegressionTest2.java:5247)43) test0514(RegressionTest2)java.lang.AssertionError: '432478175' != '-350109846'	at org.junit.Assert.fail(Assert.java:89)	at org.junit.Assert.assertTrue(Assert.java:42)	at RegressionTest2.test0514(RegressionTest2.java:5331)44) test0515(RegressionTest2)java.lang.AssertionError: '-880264959' != '-206285166'	at org.junit.Assert.fail(Assert.java:89)	at org.junit.Assert.assertTrue(Assert.java:42)	at RegressionTest2.test0515(RegressionTest2.java:5399)45) test0517(RegressionTest2)java.lang.AssertionError: '-1671705200' != '-527082431'	at org.junit.Assert.fail(Assert.java:89)	at org.junit.Assert.assertTrue(Assert.java:42)	at RegressionTest2.test0517(RegressionTest2.java:5469)46) test0529(RegressionTest2)java.lang.OutOfMemoryError: Java heap space47) test0532(RegressionTest2)java.lang.OutOfMemoryError: Java heap space48) test0534(RegressionTest2)java.lang.AssertionError: '1157062001' != '857579524'	at org.junit.Assert.fail(Assert.java:89)	at org.junit.Assert.assertTrue(Assert.java:42)	at RegressionTest2.test0534(RegressionTest2.java:6374)49) test0535(RegressionTest2)java.lang.AssertionError: '464012919' != '-1502171208'	at org.junit.Assert.fail(Assert.java:89)	at org.junit.Assert.assertTrue(Assert.java:42)	at RegressionTest2.test0535(RegressionTest2.java:6431)50) test0537(RegressionTest2)java.lang.AssertionError: '485013711' != '-546604685'	at org.junit.Assert.fail(Assert.java:89)	at org.junit.Assert.assertTrue(Assert.java:42)	at RegressionTest2.test0537(RegressionTest2.java:6559)51) test0541(RegressionTest2)java.lang.AssertionError: '1209012220' != '948009147'	at org.junit.Assert.fail(Assert.java:89)	at org.junit.Assert.assertTrue(Assert.java:42)	at RegressionTest2.test0541(RegressionTest2.java:6812)52) test0542(RegressionTest2)java.lang.AssertionError: '1006865032' != '-1717425098'	at org.junit.Assert.fail(Assert.java:89)	at org.junit.Assert.assertTrue(Assert.java:42)	at RegressionTest2.test0542(RegressionTest2.java:6907)53) test0544(RegressionTest2)java.lang.AssertionError: '-887008752' != '-271067615'	at org.junit.Assert.fail(Assert.java:89)	at org.junit.Assert.assertTrue(Assert.java:42)	at RegressionTest2.test0544(RegressionTest2.java:6963)54) test0545(RegressionTest2)java.lang.AssertionError: '584077038' != '993569469'	at org.junit.Assert.fail(Assert.java:89)	at org.junit.Assert.assertTrue(Assert.java:42)	at RegressionTest2.test0545(RegressionTest2.java:7014)55) test0546(RegressionTest2)java.lang.AssertionError: '1003207674' != '310948694'	at org.junit.Assert.fail(Assert.java:89)	at org.junit.Assert.assertTrue(Assert.java:42)	at RegressionTest2.test0546(RegressionTest2.java:7074)56) test0553(RegressionTest2)java.lang.AssertionError: '1234682045' != '1559124779'	at org.junit.Assert.fail(Assert.java:89)	at org.junit.Assert.assertTrue(Assert.java:42)	at RegressionTest2.test0553(RegressionTest2.java:7424)57) test0559(RegressionTest2)java.lang.AssertionError: '-1133289895' != '-1233079527'	at org.junit.Assert.fail(Assert.java:89)	at org.junit.Assert.assertTrue(Assert.java:42)	at RegressionTest2.test0559(RegressionTest2.java:7613)58) test0561(RegressionTest2)java.lang.AssertionError: '-790105366' != '1558740227'	at org.junit.Assert.fail(Assert.java:89)	at org.junit.Assert.assertTrue(Assert.java:42)	at RegressionTest2.test0561(RegressionTest2.java:7691)59) test0562(RegressionTest2)java.lang.AssertionError: '896163416' != '554391442'	at org.junit.Assert.fail(Assert.java:89)	at org.junit.Assert.assertTrue(Assert.java:42)	at RegressionTest2.test0562(RegressionTest2.java:7761)60) test0576(RegressionTest2)java.lang.AssertionError: '-1286554943' != '-292578120'	at org.junit.Assert.fail(Assert.java:89)	at org.junit.Assert.assertTrue(Assert.java:42)	at RegressionTest2.test0576(RegressionTest2.java:8571)61) test0577(RegressionTest2)java.lang.AssertionError: '-638348059' != '-1063737065'	at org.junit.Assert.fail(Assert.java:89)	at org.junit.Assert.assertTrue(Assert.java:42)	at RegressionTest2.test0577(RegressionTest2.java:8620)62) test0592(RegressionTest2)java.lang.AssertionError: '594767788' != '-370438601'	at org.junit.Assert.fail(Assert.java:89)	at org.junit.Assert.assertTrue(Assert.java:42)	at RegressionTest2.test0592(RegressionTest2.java:9563)63) test0593(RegressionTest2)java.lang.AssertionError: '-917416572' != '1215420647'	at org.junit.Assert.fail(Assert.java:89)	at org.junit.Assert.assertTrue(Assert.java:42)	at RegressionTest2.test0593(RegressionTest2.java:9657)64) test0595(RegressionTest2)java.lang.OutOfMemoryError: Java heap spaceFAILURES!!!Tests run: 200,  Failures: 64End of output for didn't find \s+at\s+\QRegressionTest2\E\.\Qtest0529\E\(\QRegressionTest2\E\.java:(\d+)\)
GenTests.writeTestFiles threw an exception
randoop.output.FailingAssertionCommentWriter$NotMatchedException: NotMatchedException(\s+at\s+\QRegressionTest2\E\.\Qtest0529\E\(\QRegressionTest2\E\.java:(\d+)\))
	at randoop.output.FailingAssertionCommentWriter.readUntilMatch(FailingAssertionCommentWriter.java:526)
	at randoop.output.FailingAssertionCommentWriter.commentFailingAssertions(FailingAssertionCommentWriter.java:336)
	at randoop.output.FailingAssertionCommentWriter.writeClassCode(FailingAssertionCommentWriter.java:173)
	at randoop.main.GenTests.writeTestFiles(GenTests.java:878)
	at randoop.main.GenTests.handle(GenTests.java:575)
	at randoop.main.Main.nonStaticMain(Main.java:71)
	at randoop.main.Main.main(Main.java:31)

Throwable thrown while handling command: randoop.output.FailingAssertionCommentWriter$NotMatchedException: NotMatchedException(\s+at\s+\QRegressionTest2\E\.\Qtest0529\E\(\QRegressionTest2\E\.java:(\d+)\))
randoop.output.FailingAssertionCommentWriter$NotMatchedException: NotMatchedException(\s+at\s+\QRegressionTest2\E\.\Qtest0529\E\(\QRegressionTest2\E\.java:(\d+)\))
	at randoop.output.FailingAssertionCommentWriter.readUntilMatch(FailingAssertionCommentWriter.java:526)
	at randoop.output.FailingAssertionCommentWriter.commentFailingAssertions(FailingAssertionCommentWriter.java:336)
	at randoop.output.FailingAssertionCommentWriter.writeClassCode(FailingAssertionCommentWriter.java:173)
	at randoop.main.GenTests.writeTestFiles(GenTests.java:878)
	at randoop.main.GenTests.handle(GenTests.java:575)
	at randoop.main.Main.nonStaticMain(Main.java:71)
	at randoop.main.Main.main(Main.java:31)

Randoop failed.
Last sequence under execution: 
com.google.javascript.rhino.head.ast.FunctionNode functionNode0 = new com.google.javascript.rhino.head.ast.FunctionNode();
boolean boolean1 = functionNode0.isGetterOrSetter();
functionNode0.setFunctionIsGetter();
com.google.javascript.rhino.head.ast.FunctionNode functionNode3 = new com.google.javascript.rhino.head.ast.FunctionNode();
functionNode3.setRp(10);
com.google.javascript.rhino.head.ast.FunctionNode functionNode6 = new com.google.javascript.rhino.head.ast.FunctionNode();
functionNode3.addChildScope((com.google.javascript.rhino.head.ast.Scope)functionNode6);
boolean boolean8 = functionNode3.isGetterOrSetter();
boolean boolean9 = functionNode0.isParam((com.google.javascript.rhino.head.ast.AstNode)functionNode3);
functionNode3.setFunctionType(1279412660);
functionNode3.setSourceName("{\n}\n");
functionNode3.setSourceName("Symbol (EOF) name=100");
java.lang.String str17 = functionNode3.toSource(749774874);
