RHINO USAGE WARNING: Missed Context.javaToJS() conversion:
Rhino runtime detected object Error of class com.google.javascript.rhino.head.TopLevel$Builtins where it expected String, Number, Boolean or Scriptable instance. Please check your code for missing Context.javaToJS() call.
java.lang.IllegalStateException: FAILED ASSERTION
	at com.google.javascript.rhino.head.Kit.codeBug(Kit.java:449)
	at com.google.javascript.rhino.head.ScriptRuntime.escapeString(ScriptRuntime.java:697)
	at sun.reflect.NativeMethodAccessorImpl.invoke0(Native Method)
	at sun.reflect.NativeMethodAccessorImpl.invoke(NativeMethodAccessorImpl.java:62)
	at sun.reflect.DelegatingMethodAccessorImpl.invoke(DelegatingMethodAccessorImpl.java:43)
	at java.lang.reflect.Method.invoke(Method.java:498)
	at randoop.util.MethodReflectionCode.runReflectionCodeRaw(MethodReflectionCode.java:54)
	at randoop.util.ReflectionCode.runReflectionCode(ReflectionCode.java:59)
	at randoop.util.ReflectionExecutor.executeReflectionCodeUnThreaded(ReflectionExecutor.java:164)
	at randoop.util.ReflectionExecutor.executeReflectionCode(ReflectionExecutor.java:94)
	at randoop.operation.MethodCall.execute(MethodCall.java:176)
	at randoop.operation.TypedOperation.execute(TypedOperation.java:310)
	at randoop.sequence.Statement.execute(Statement.java:163)
	at randoop.sequence.ExecutableSequence.executeStatement(ExecutableSequence.java:416)
	at randoop.sequence.ExecutableSequence.execute(ExecutableSequence.java:308)
	at randoop.sequence.ExecutableSequence.execute(ExecutableSequence.java:237)
	at randoop.generation.ForwardGenerator.step(ForwardGenerator.java:237)
	at randoop.generation.AbstractGenerator.createAndClassifySequences(AbstractGenerator.java:321)
	at randoop.main.GenTests.handle(GenTests.java:510)
	at randoop.main.Main.nonStaticMain(Main.java:71)
	at randoop.main.Main.main(Main.java:31)
RHINO USAGE WARNING: Missed Context.javaToJS() conversion:
Rhino runtime detected object [Lcom.google.javascript.rhino.head.ScriptStackElement;@447d2f68 of class [Lcom.google.javascript.rhino.head.ScriptStackElement; where it expected String, Number, Boolean or Scriptable instance. Please check your code for missing Context.javaToJS() call.
RHINO USAGE WARNING: Missed Context.javaToJS() conversion:
Rhino runtime detected object com.google.javascript.rhino.head.JavaScriptException: class java.lang.Number of class com.google.javascript.rhino.head.JavaScriptException where it expected String, Number, Boolean or Scriptable instance. Please check your code for missing Context.javaToJS() call.
java.lang.IllegalStateException: FAILED ASSERTION
	at com.google.javascript.rhino.head.Kit.codeBug(Kit.java:449)
	at com.google.javascript.rhino.head.ScriptRuntime.callSpecial(ScriptRuntime.java:2411)
	at sun.reflect.NativeMethodAccessorImpl.invoke0(Native Method)
	at sun.reflect.NativeMethodAccessorImpl.invoke(NativeMethodAccessorImpl.java:62)
	at sun.reflect.DelegatingMethodAccessorImpl.invoke(DelegatingMethodAccessorImpl.java:43)
	at java.lang.reflect.Method.invoke(Method.java:498)
	at randoop.util.MethodReflectionCode.runReflectionCodeRaw(MethodReflectionCode.java:54)
	at randoop.util.ReflectionCode.runReflectionCode(ReflectionCode.java:59)
	at randoop.util.ReflectionExecutor.executeReflectionCodeUnThreaded(ReflectionExecutor.java:164)
	at randoop.util.ReflectionExecutor.executeReflectionCode(ReflectionExecutor.java:94)
	at randoop.operation.MethodCall.execute(MethodCall.java:176)
	at randoop.operation.TypedOperation.execute(TypedOperation.java:310)
	at randoop.sequence.Statement.execute(Statement.java:163)
	at randoop.sequence.ExecutableSequence.executeStatement(ExecutableSequence.java:416)
	at randoop.sequence.ExecutableSequence.execute(ExecutableSequence.java:308)
	at randoop.sequence.ExecutableSequence.execute(ExecutableSequence.java:237)
	at randoop.generation.ForwardGenerator.step(ForwardGenerator.java:237)
	at randoop.generation.AbstractGenerator.createAndClassifySequences(AbstractGenerator.java:321)
	at randoop.main.GenTests.handle(GenTests.java:510)
	at randoop.main.Main.nonStaticMain(Main.java:71)
	at randoop.main.Main.main(Main.java:31)
RHINO USAGE WARNING: Missed Context.javaToJS() conversion:
Rhino runtime detected object de of class java.util.Locale where it expected String, Number, Boolean or Scriptable instance. Please check your code for missing Context.javaToJS() call.
java.lang.IllegalStateException: FAILED ASSERTION
	at com.google.javascript.rhino.head.Kit.codeBug(Kit.java:449)
	at com.google.javascript.rhino.head.ScriptRuntime.newSpecial(ScriptRuntime.java:2430)
	at sun.reflect.NativeMethodAccessorImpl.invoke0(Native Method)
	at sun.reflect.NativeMethodAccessorImpl.invoke(NativeMethodAccessorImpl.java:62)
	at sun.reflect.DelegatingMethodAccessorImpl.invoke(DelegatingMethodAccessorImpl.java:43)
	at java.lang.reflect.Method.invoke(Method.java:498)
	at randoop.util.MethodReflectionCode.runReflectionCodeRaw(MethodReflectionCode.java:54)
	at randoop.util.ReflectionCode.runReflectionCode(ReflectionCode.java:59)
	at randoop.util.ReflectionExecutor.executeReflectionCodeUnThreaded(ReflectionExecutor.java:164)
	at randoop.util.ReflectionExecutor.executeReflectionCode(ReflectionExecutor.java:94)
	at randoop.operation.MethodCall.execute(MethodCall.java:176)
	at randoop.operation.TypedOperation.execute(TypedOperation.java:310)
	at randoop.sequence.Statement.execute(Statement.java:163)
	at randoop.sequence.ExecutableSequence.executeStatement(ExecutableSequence.java:416)
	at randoop.sequence.ExecutableSequence.execute(ExecutableSequence.java:308)
	at randoop.sequence.ExecutableSequence.execute(ExecutableSequence.java:237)
	at randoop.generation.ForwardGenerator.step(ForwardGenerator.java:237)
	at randoop.generation.AbstractGenerator.createAndClassifySequences(AbstractGenerator.java:321)
	at randoop.main.GenTests.handle(GenTests.java:510)
	at randoop.main.Main.nonStaticMain(Main.java:71)
	at randoop.main.Main.main(Main.java:31)
RHINO USAGE WARNING: Missed Context.javaToJS() conversion:
Rhino runtime detected object de of class java.util.Locale where it expected String, Number, Boolean or Scriptable instance. Please check your code for missing Context.javaToJS() call.
RHINO USAGE WARNING: Missed Context.javaToJS() conversion:
Rhino runtime detected object java.lang.IllegalArgumentException: BAD FUNCTION ID=100 MASTER=com.google.javascript.rhino.head.ScriptRuntime$1@1a520087 of class java.lang.IllegalArgumentException where it expected String, Number, Boolean or Scriptable instance. Please check your code for missing Context.javaToJS() call.
