RHINO USAGE WARNING: Missed Context.javaToJS() conversion:
Rhino runtime detected object # of class java.lang.Character where it expected String, Number, Boolean or Scriptable instance. Please check your code for missing Context.javaToJS() call.
RHINO USAGE WARNING: Missed Context.javaToJS() conversion:
Rhino runtime detected object java.util.ArrayList$ListItr@4ab93e75 of class java.util.ArrayList$ListItr where it expected String, Number, Boolean or Scriptable instance. Please check your code for missing Context.javaToJS() call.
RHINO USAGE WARNING: Missed Context.javaToJS() conversion:
Rhino runtime detected object class java.lang.Boolean of class java.lang.Class where it expected String, Number, Boolean or Scriptable instance. Please check your code for missing Context.javaToJS() call.
RHINO USAGE WARNING: Missed Context.javaToJS() conversion:
Rhino runtime detected object java.util.ArrayList$ListItr@39027b5a of class java.util.ArrayList$ListItr where it expected String, Number, Boolean or Scriptable instance. Please check your code for missing Context.javaToJS() call.
java.lang.IllegalStateException: FAILED ASSERTION
	at com.google.javascript.rhino.head.Kit.codeBug(Kit.java:449)
	at com.google.javascript.rhino.head.ScriptRuntime.escapeString(ScriptRuntime.java:697)
	at sun.reflect.NativeMethodAccessorImpl.invoke0(Native Method)
	at sun.reflect.NativeMethodAccessorImpl.invoke(NativeMethodAccessorImpl.java:62)
	at sun.reflect.DelegatingMethodAccessorImpl.invoke(DelegatingMethodAccessorImpl.java:43)
	at java.lang.reflect.Method.invoke(Method.java:498)
	at randoop.util.MethodReflectionCode.runReflectionCodeRaw(MethodReflectionCode.java:54)
	at randoop.util.ReflectionCode.runReflectionCode(ReflectionCode.java:59)
	at randoop.util.ReflectionExecutor.executeReflectionCodeUnThreaded(ReflectionExecutor.java:164)
	at randoop.util.ReflectionExecutor.executeReflectionCode(ReflectionExecutor.java:94)
	at randoop.operation.MethodCall.execute(MethodCall.java:176)
	at randoop.operation.TypedOperation.execute(TypedOperation.java:310)
	at randoop.sequence.Statement.execute(Statement.java:163)
	at randoop.sequence.ExecutableSequence.executeStatement(ExecutableSequence.java:416)
	at randoop.sequence.ExecutableSequence.execute(ExecutableSequence.java:308)
	at randoop.sequence.ExecutableSequence.execute(ExecutableSequence.java:237)
	at randoop.generation.ForwardGenerator.step(ForwardGenerator.java:237)
	at randoop.generation.AbstractGenerator.createAndClassifySequences(AbstractGenerator.java:321)
	at randoop.main.GenTests.handle(GenTests.java:510)
	at randoop.main.Main.nonStaticMain(Main.java:71)
	at randoop.main.Main.main(Main.java:31)
RHINO USAGE WARNING: Missed Context.javaToJS() conversion:
Rhino runtime detected object java.util.ArrayList$ListItr@345d59cb of class java.util.ArrayList$ListItr where it expected String, Number, Boolean or Scriptable instance. Please check your code for missing Context.javaToJS() call.
RHINO USAGE WARNING: Missed Context.javaToJS() conversion:
Rhino runtime detected object java.util.ArrayList$ListItr@2000a42a of class java.util.ArrayList$ListItr where it expected String, Number, Boolean or Scriptable instance. Please check your code for missing Context.javaToJS() call.
RHINO USAGE WARNING: Missed Context.javaToJS() conversion:
Rhino runtime detected object java.util.ArrayList$ListItr@71ff07b7 of class java.util.ArrayList$ListItr where it expected String, Number, Boolean or Scriptable instance. Please check your code for missing Context.javaToJS() call.
RHINO USAGE WARNING: Missed Context.javaToJS() conversion:
Rhino runtime detected object com.google.javascript.rhino.head.EcmaError: Array: Array of class com.google.javascript.rhino.head.EcmaError where it expected String, Number, Boolean or Scriptable instance. Please check your code for missing Context.javaToJS() call.
RHINO USAGE WARNING: Missed Context.javaToJS() conversion:
Rhino runtime detected object java.util.ArrayList$ListItr@39a33aca of class java.util.ArrayList$ListItr where it expected String, Number, Boolean or Scriptable instance. Please check your code for missing Context.javaToJS() call.
java.lang.IllegalStateException: FAILED ASSERTION
	at com.google.javascript.rhino.head.Kit.codeBug(Kit.java:449)
	at com.google.javascript.rhino.head.ScriptRuntime.initFunction(ScriptRuntime.java:3479)
	at sun.reflect.NativeMethodAccessorImpl.invoke0(Native Method)
	at sun.reflect.NativeMethodAccessorImpl.invoke(NativeMethodAccessorImpl.java:62)
	at sun.reflect.DelegatingMethodAccessorImpl.invoke(DelegatingMethodAccessorImpl.java:43)
	at java.lang.reflect.Method.invoke(Method.java:498)
	at randoop.util.MethodReflectionCode.runReflectionCodeRaw(MethodReflectionCode.java:54)
	at randoop.util.ReflectionCode.runReflectionCode(ReflectionCode.java:59)
	at randoop.util.ReflectionExecutor.executeReflectionCodeUnThreaded(ReflectionExecutor.java:164)
	at randoop.util.ReflectionExecutor.executeReflectionCode(ReflectionExecutor.java:94)
	at randoop.operation.MethodCall.execute(MethodCall.java:176)
	at randoop.operation.TypedOperation.execute(TypedOperation.java:310)
	at randoop.sequence.Statement.execute(Statement.java:163)
	at randoop.sequence.ExecutableSequence.executeStatement(ExecutableSequence.java:416)
	at randoop.sequence.ExecutableSequence.execute(ExecutableSequence.java:308)
	at randoop.sequence.ExecutableSequence.execute(ExecutableSequence.java:237)
	at randoop.generation.ForwardGenerator.step(ForwardGenerator.java:237)
	at randoop.generation.AbstractGenerator.createAndClassifySequences(AbstractGenerator.java:321)
	at randoop.main.GenTests.handle(GenTests.java:510)
	at randoop.main.Main.nonStaticMain(Main.java:71)
	at randoop.main.Main.main(Main.java:31)
RHINO USAGE WARNING: Missed Context.javaToJS() conversion:
Rhino runtime detected object java.util.ArrayList$ListItr@220cbaeb of class java.util.ArrayList$ListItr where it expected String, Number, Boolean or Scriptable instance. Please check your code for missing Context.javaToJS() call.
RHINO USAGE WARNING: Missed Context.javaToJS() conversion:
Rhino runtime detected object com.google.javascript.rhino.head.EcmaError: Array: Array of class com.google.javascript.rhino.head.EcmaError where it expected String, Number, Boolean or Scriptable instance. Please check your code for missing Context.javaToJS() call.
RHINO USAGE WARNING: Missed Context.javaToJS() conversion:
Rhino runtime detected object java.util.ArrayList$ArrayListSpliterator@1f843278 of class java.util.ArrayList$ArrayListSpliterator where it expected String, Number, Boolean or Scriptable instance. Please check your code for missing Context.javaToJS() call.
RHINO USAGE WARNING: Missed Context.javaToJS() conversion:
Rhino runtime detected object com.google.javascript.rhino.head.EvaluatorException: deu of class com.google.javascript.rhino.head.EvaluatorException where it expected String, Number, Boolean or Scriptable instance. Please check your code for missing Context.javaToJS() call.
RHINO USAGE WARNING: Missed Context.javaToJS() conversion:
Rhino runtime detected object com.google.javascript.rhino.head.Context@468694fd of class com.google.javascript.rhino.head.Context where it expected String, Number, Boolean or Scriptable instance. Please check your code for missing Context.javaToJS() call.
java.lang.IllegalStateException: FAILED ASSERTION
	at com.google.javascript.rhino.head.Kit.codeBug(Kit.java:449)
	at com.google.javascript.rhino.head.ScriptRuntime.escapeString(ScriptRuntime.java:697)
	at sun.reflect.NativeMethodAccessorImpl.invoke0(Native Method)
	at sun.reflect.NativeMethodAccessorImpl.invoke(NativeMethodAccessorImpl.java:62)
	at sun.reflect.DelegatingMethodAccessorImpl.invoke(DelegatingMethodAccessorImpl.java:43)
	at java.lang.reflect.Method.invoke(Method.java:498)
	at randoop.util.MethodReflectionCode.runReflectionCodeRaw(MethodReflectionCode.java:54)
	at randoop.util.ReflectionCode.runReflectionCode(ReflectionCode.java:59)
	at randoop.util.ReflectionExecutor.executeReflectionCodeUnThreaded(ReflectionExecutor.java:164)
	at randoop.util.ReflectionExecutor.executeReflectionCode(ReflectionExecutor.java:94)
	at randoop.operation.MethodCall.execute(MethodCall.java:176)
	at randoop.operation.TypedOperation.execute(TypedOperation.java:310)
	at randoop.sequence.Statement.execute(Statement.java:163)
	at randoop.sequence.ExecutableSequence.executeStatement(ExecutableSequence.java:416)
	at randoop.sequence.ExecutableSequence.execute(ExecutableSequence.java:308)
	at randoop.sequence.ExecutableSequence.execute(ExecutableSequence.java:237)
	at randoop.generation.ForwardGenerator.step(ForwardGenerator.java:237)
	at randoop.generation.AbstractGenerator.createAndClassifySequences(AbstractGenerator.java:321)
	at randoop.main.GenTests.handle(GenTests.java:510)
	at randoop.main.Main.nonStaticMain(Main.java:71)
	at randoop.main.Main.main(Main.java:31)
RHINO USAGE WARNING: Missed Context.javaToJS() conversion:
Rhino runtime detected object array of class java.util.Locale where it expected String, Number, Boolean or Scriptable instance. Please check your code for missing Context.javaToJS() call.
java.lang.IllegalStateException: FAILED ASSERTION
	at com.google.javascript.rhino.head.Kit.codeBug(Kit.java:449)
	at com.google.javascript.rhino.head.ScriptRuntime.escapeString(ScriptRuntime.java:697)
	at sun.reflect.NativeMethodAccessorImpl.invoke0(Native Method)
	at sun.reflect.NativeMethodAccessorImpl.invoke(NativeMethodAccessorImpl.java:62)
	at sun.reflect.DelegatingMethodAccessorImpl.invoke(DelegatingMethodAccessorImpl.java:43)
	at java.lang.reflect.Method.invoke(Method.java:498)
	at randoop.util.MethodReflectionCode.runReflectionCodeRaw(MethodReflectionCode.java:54)
	at randoop.util.ReflectionCode.runReflectionCode(ReflectionCode.java:59)
	at randoop.util.ReflectionExecutor.executeReflectionCodeUnThreaded(ReflectionExecutor.java:164)
	at randoop.util.ReflectionExecutor.executeReflectionCode(ReflectionExecutor.java:94)
	at randoop.operation.MethodCall.execute(MethodCall.java:176)
	at randoop.operation.TypedOperation.execute(TypedOperation.java:310)
	at randoop.sequence.Statement.execute(Statement.java:163)
	at randoop.sequence.ExecutableSequence.executeStatement(ExecutableSequence.java:416)
	at randoop.sequence.ExecutableSequence.execute(ExecutableSequence.java:308)
	at randoop.sequence.ExecutableSequence.execute(ExecutableSequence.java:237)
	at randoop.generation.ForwardGenerator.step(ForwardGenerator.java:237)
	at randoop.generation.AbstractGenerator.createAndClassifySequences(AbstractGenerator.java:321)
	at randoop.main.GenTests.handle(GenTests.java:510)
	at randoop.main.Main.nonStaticMain(Main.java:71)
	at randoop.main.Main.main(Main.java:31)
RHINO USAGE WARNING: Missed Context.javaToJS() conversion:
Rhino runtime detected object com.google.javascript.rhino.head.EvaluatorException: deu of class com.google.javascript.rhino.head.EvaluatorException where it expected String, Number, Boolean or Scriptable instance. Please check your code for missing Context.javaToJS() call.
