Randoop for Java version "4.3.0, local changes, branch master, commit 7af20ae, 2022-01-31".
Cannot instantiate non-accessible class com.google.javascript.rhino.head.ScriptableObject$Slot specified via --testclass or --classlist; will use its static methods.

Will try to generate tests for 34 classes.
PUBLIC MEMBERS=491
Explorer = ForwardGenerator(steps: 0, null steps: 0, num_sequences_generated: 0;
    allSequences: 0, regresson seqs: 0, error seqs: 0=0=0, invalid seqs: 0, subsumed_sequences: 0, num_failed_output_test: 0;
    runtimePrimitivesSeen:38)

Progress update: steps=1, test inputs generated=0, failing inputs=0      (2022-02-23T03:42:16.032Z     279M used)
Progress update: steps=1000, test inputs generated=664, failing inputs=3      (2022-02-23T03:42:25.036Z     1.11G used)
Progress update: steps=2000, test inputs generated=1328, failing inputs=6      (2022-02-23T03:42:32.834Z     1.30G used)
Progress update: steps=3000, test inputs generated=2014, failing inputs=14      (2022-02-23T03:42:39.868Z     1.06G used)
Progress update: steps=4000, test inputs generated=2676, failing inputs=19      (2022-02-23T03:42:47.240Z     165M used)
Progress update: steps=5000, test inputs generated=3352, failing inputs=25      (2022-02-23T03:42:54.430Z     616M used)
Progress update: steps=6000, test inputs generated=3974, failing inputs=27      (2022-02-23T03:43:01.126Z     876M used)
Progress update: steps=7000, test inputs generated=4620, failing inputs=29      (2022-02-23T03:43:08.091Z     484M used)
Progress update: steps=8000, test inputs generated=5293, failing inputs=33      (2022-02-23T03:43:15.330Z     1.37G used)
Progress update: steps=8087, test inputs generated=5349, failing inputs=33      (2022-02-23T03:43:16.047Z     784M used)
Progress update: steps=9000, test inputs generated=5939, failing inputs=35      (2022-02-23T03:43:22.537Z     873M used)
Progress update: steps=10000, test inputs generated=6575, failing inputs=38      (2022-02-23T03:43:29.881Z     1.41G used)
Progress update: steps=11000, test inputs generated=7269, failing inputs=43      (2022-02-23T03:43:37.710Z     1.12G used)
Progress update: steps=12000, test inputs generated=7901, failing inputs=45      (2022-02-23T03:43:44.397Z     1.38G used)
Progress update: steps=13000, test inputs generated=8555, failing inputs=49      (2022-02-23T03:43:51.782Z     853M used)createAndClassifySequences threw an exception
randoop.main.RandoopBug: code=Call to public com.google.javascript.rhino.head.Scriptable com.google.javascript.rhino.head.Context.newArray(com.google.javascript.rhino.head.Scriptable,int) receiver: com.google.javascript.rhino.head.Context@b3c5932 args: [com.google.javascript.rhino.head.BaseFunction@57012b93, -1] failed to run
	at randoop.util.ReflectionExecutor.executeReflectionCodeUnThreaded(ReflectionExecutor.java:169)
	at randoop.util.ReflectionExecutor.executeReflectionCode(ReflectionExecutor.java:94)
	at randoop.operation.MethodCall.execute(MethodCall.java:176)
	at randoop.operation.TypedOperation.execute(TypedOperation.java:310)
	at randoop.sequence.Statement.execute(Statement.java:163)
	at randoop.sequence.ExecutableSequence.executeStatement(ExecutableSequence.java:416)
	at randoop.sequence.ExecutableSequence.execute(ExecutableSequence.java:308)
	at randoop.sequence.ExecutableSequence.execute(ExecutableSequence.java:237)
	at randoop.generation.ForwardGenerator.step(ForwardGenerator.java:237)
	at randoop.generation.AbstractGenerator.createAndClassifySequences(AbstractGenerator.java:321)
	at randoop.main.GenTests.handle(GenTests.java:510)
	at randoop.main.Main.nonStaticMain(Main.java:71)
	at randoop.main.Main.main(Main.java:31)
Caused by: randoop.util.ReflectionCode$ReflectionCodeException: error invoking public com.google.javascript.rhino.head.Scriptable com.google.javascript.rhino.head.Context.newArray(com.google.javascript.rhino.head.Scriptable,int) on 3 arguments:
  com.google.javascript.rhino.head.Context@b3c5932
  com.google.javascript.rhino.head.BaseFunction@57012b93
  -1
	at randoop.util.MethodReflectionCode.runReflectionCodeRaw(MethodReflectionCode.java:83)
	at randoop.util.ReflectionCode.runReflectionCode(ReflectionCode.java:59)
	at randoop.util.ReflectionExecutor.executeReflectionCodeUnThreaded(ReflectionExecutor.java:164)
	... 12 more
Caused by: java.lang.IndexOutOfBoundsException: Index: 0
	at com.google.javascript.rhino.head.NativeArray.listIterator(NativeArray.java:1806)
	at com.google.javascript.rhino.head.NativeArray.iterator(NativeArray.java:1791)
	at randoop.org.plumelib.util.StringsPlume.listToString(StringsPlume.java:1068)
	at randoop.org.plumelib.util.StringsPlume.listToStringAndClass(StringsPlume.java:1047)
	at randoop.org.plumelib.util.StringsPlume.toStringAndClass(StringsPlume.java:1022)
	at randoop.org.plumelib.util.StringsPlume.toStringAndClass(StringsPlume.java:999)
	at randoop.util.MethodReflectionCode.runReflectionCodeRaw(MethodReflectionCode.java:57)
	... 14 more


Randoop failed in an unexpected way.
Please report at https://github.com/randoop/randoop/issues ,
providing the information requested at https://randoop.github.io/randoop/manual/index.html#bug-reporting .
randoop.main.RandoopBug: code=Call to public com.google.javascript.rhino.head.Scriptable com.google.javascript.rhino.head.Context.newArray(com.google.javascript.rhino.head.Scriptable,int) receiver: com.google.javascript.rhino.head.Context@b3c5932 args: [com.google.javascript.rhino.head.BaseFunction@57012b93, -1] failed to run
	at randoop.util.ReflectionExecutor.executeReflectionCodeUnThreaded(ReflectionExecutor.java:169)
	at randoop.util.ReflectionExecutor.executeReflectionCode(ReflectionExecutor.java:94)
	at randoop.operation.MethodCall.execute(MethodCall.java:176)
	at randoop.operation.TypedOperation.execute(TypedOperation.java:310)
	at randoop.sequence.Statement.execute(Statement.java:163)
	at randoop.sequence.ExecutableSequence.executeStatement(ExecutableSequence.java:416)
	at randoop.sequence.ExecutableSequence.execute(ExecutableSequence.java:308)
	at randoop.sequence.ExecutableSequence.execute(ExecutableSequence.java:237)
	at randoop.generation.ForwardGenerator.step(ForwardGenerator.java:237)
	at randoop.generation.AbstractGenerator.createAndClassifySequences(AbstractGenerator.java:321)
	at randoop.main.GenTests.handle(GenTests.java:510)
	at randoop.main.Main.nonStaticMain(Main.java:71)
	at randoop.main.Main.main(Main.java:31)
Caused by: randoop.util.ReflectionCode$ReflectionCodeException: error invoking public com.google.javascript.rhino.head.Scriptable com.google.javascript.rhino.head.Context.newArray(com.google.javascript.rhino.head.Scriptable,int) on 3 arguments:
  com.google.javascript.rhino.head.Context@b3c5932
  com.google.javascript.rhino.head.BaseFunction@57012b93
  -1
	at randoop.util.MethodReflectionCode.runReflectionCodeRaw(MethodReflectionCode.java:83)
	at randoop.util.ReflectionCode.runReflectionCode(ReflectionCode.java:59)
	at randoop.util.ReflectionExecutor.executeReflectionCodeUnThreaded(ReflectionExecutor.java:164)
	... 12 more
Caused by: java.lang.IndexOutOfBoundsException: Index: 0
	at com.google.javascript.rhino.head.NativeArray.listIterator(NativeArray.java:1806)
	at com.google.javascript.rhino.head.NativeArray.iterator(NativeArray.java:1791)
	at randoop.org.plumelib.util.StringsPlume.listToString(StringsPlume.java:1068)
	at randoop.org.plumelib.util.StringsPlume.listToStringAndClass(StringsPlume.java:1047)
	at randoop.org.plumelib.util.StringsPlume.toStringAndClass(StringsPlume.java:1022)
	at randoop.org.plumelib.util.StringsPlume.toStringAndClass(StringsPlume.java:999)
	at randoop.util.MethodReflectionCode.runReflectionCodeRaw(MethodReflectionCode.java:57)
	... 14 more
