entry: sources/closure-16/build/classes
entry: sources/closure-16/lib/args4j.jar
entry: sources/closure-16/lib/guava.jar
entry: sources/closure-16/lib/json.jar
entry: sources/closure-16/lib/jsr305.jar
entry: sources/closure-16/lib/protobuf-java.jar
entry: sources/closure-16/build/lib/rhino.jar
entry: sources/closure-16/lib/ant.jar
** CP: sources/closure-16/build/classes:sources/closure-16/lib/args4j.jar:sources/closure-16/lib/guava.jar:sources/closure-16/lib/json.jar:sources/closure-16/lib/jsr305.jar:sources/closure-16/lib/protobuf-java.jar:sources/closure-16/build/lib/rhino.jar:sources/closure-16/lib/ant.jar
* EvoSuite 1.0.7-SNAPSHOT
* Going to generate test cases for class: com.google.javascript.rhino.head.tools.debugger.Dim
* Starting Client-0
* Connecting to master process on port 15009
* Analyzing classpath: 
  - sources/closure-16/build/classes
  - sources/closure-16/lib/args4j.jar
  - sources/closure-16/lib/guava.jar
  - sources/closure-16/lib/json.jar
  - sources/closure-16/lib/jsr305.jar
  - sources/closure-16/lib/protobuf-java.jar
  - sources/closure-16/build/lib/rhino.jar
  - sources/closure-16/lib/ant.jar
* Finished analyzing classpath
* Generating tests for class com.google.javascript.rhino.head.tools.debugger.Dim
* Test criterion:
  - Branch Coverage
* Total number of test goals for DYNAMOSA: 311
* Using seed 1566407517230
* Starting evolution
* Initialsss Number of Goals in DynMOSA = 133 / 311
Current fitness function value: class org.evosuite.coverage.branch.BranchCoverageSuiteFitness ** 0.06752411575562701
Current fitness function value: class org.evosuite.coverage.branch.BranchCoverageSuiteFitness ** 0.10932475884244373
Current fitness function value: class org.evosuite.coverage.branch.BranchCoverageSuiteFitness ** 0.11254019292604502
[MASTER] 19:13:06.489 [logback-1] WARN  TestUsageChecker - class com.google.javascript.rhino.head.ContextFactory$1GlobalSetterImpl looks like an anonymous class, ignoring it (although reflection says false) GlobalSetterImpl
Current fitness function value: class org.evosuite.coverage.branch.BranchCoverageSuiteFitness ** 0.3279742765273312
Current fitness function value: class org.evosuite.coverage.branch.BranchCoverageSuiteFitness ** 0.33762057877813506
[MASTER] 19:13:24.373 [logback-1] WARN  TestChromosome - Functional mock problem: org.evosuite.ga.ConstructionFailedException: Failed to add constructor for com.google.javascript.rhino.head.NativeGenerator due to org.evosuite.ga.ConstructionFailedException: Failed to add constructor for com.google.javascript.rhino.head.NativeJavaMethod due to org.evosuite.ga.ConstructionFailedException: Have no generator for class java.lang.reflect.Method canUseFunctionalMocks=true, canBeMocked: false
Current fitness function value: class org.evosuite.coverage.branch.BranchCoverageSuiteFitness ** 0.3665594855305466
Current fitness function value: class org.evosuite.coverage.branch.BranchCoverageSuiteFitness ** 0.42765273311897106
[MASTER] 19:13:45.648 [logback-1] WARN  TestChromosome - Functional mock problem: org.evosuite.ga.ConstructionFailedException: Failed to add constructor for com.google.javascript.rhino.head.NativeJavaConstructor due to org.evosuite.ga.ConstructionFailedException: Have no generator for class com.google.javascript.rhino.head.MemberBox canUseFunctionalMocks=true, canBeMocked: false
Current fitness function value: class org.evosuite.coverage.branch.BranchCoverageSuiteFitness ** 0.43086816720257237
Current fitness function value: class org.evosuite.coverage.branch.BranchCoverageSuiteFitness ** 0.43086816720257237
Current fitness function value: class org.evosuite.coverage.branch.BranchCoverageSuiteFitness ** 0.43729903536977494
Current fitness function value: class org.evosuite.coverage.branch.BranchCoverageSuiteFitness ** 0.43729903536977494
Current fitness function value: class org.evosuite.coverage.branch.BranchCoverageSuiteFitness ** 0.4405144694533762
Current fitness function value: class org.evosuite.coverage.branch.BranchCoverageSuiteFitness ** 0.4437299035369775
Current fitness function value: class org.evosuite.coverage.branch.BranchCoverageSuiteFitness ** 0.4437299035369775
Current fitness function value: class org.evosuite.coverage.branch.BranchCoverageSuiteFitness ** 0.4437299035369775
Current fitness function value: class org.evosuite.coverage.branch.BranchCoverageSuiteFitness ** 0.4437299035369775
Current fitness function value: class org.evosuite.coverage.branch.BranchCoverageSuiteFitness ** 0.4437299035369775
Current fitness function value: class org.evosuite.coverage.branch.BranchCoverageSuiteFitness ** 0.4437299035369775
Current fitness function value: class org.evosuite.coverage.branch.BranchCoverageSuiteFitness ** 0.4437299035369775
Current fitness function value: class org.evosuite.coverage.branch.BranchCoverageSuiteFitness ** 0.4437299035369775
Current fitness function value: class org.evosuite.coverage.branch.BranchCoverageSuiteFitness ** 0.4437299035369775
Current fitness function value: class org.evosuite.coverage.branch.BranchCoverageSuiteFitness ** 0.4437299035369775
[MASTER] 19:16:52.538 [logback-1] WARN  TestChromosome - Functional mock problem: org.evosuite.ga.ConstructionFailedException: Failed to add constructor for com.google.javascript.rhino.head.NativeJavaObject due to org.evosuite.ga.ConstructionFailedException: Failed to add constructor for com.google.javascript.rhino.head.Synchronizer due to org.evosuite.ga.ConstructionFailedException: Failed to add constructor for com.google.javascript.rhino.head.BoundFunction due to org.evosuite.ga.ConstructionFailedException: Max recursion depth reached
Current fitness function value: class org.evosuite.coverage.branch.BranchCoverageSuiteFitness ** 0.4437299035369775
Current fitness function value: class org.evosuite.coverage.branch.BranchCoverageSuiteFitness ** 0.4437299035369775
Current fitness function value: class org.evosuite.coverage.branch.BranchCoverageSuiteFitness ** 0.4437299035369775
Current fitness function value: class org.evosuite.coverage.branch.BranchCoverageSuiteFitness ** 0.4437299035369775
Current fitness function value: class org.evosuite.coverage.branch.BranchCoverageSuiteFitness ** 0.4437299035369775
* Search finished after 302s and 417 generations, 113192 statements, best individual has fitness: 173.0
Current fitness function value: class org.evosuite.coverage.branch.BranchCoverageSuiteFitness ** 0.4437299035369775
* Minimizing test suite
* Going to analyze the coverage criteria
* Coverage analysis for criterion BRANCH
* Coverage of criterion BRANCH: 25%
* Total number of goals: 311
* Number of covered goals: 79
Current fitness function value: class org.evosuite.coverage.branch.BranchCoverageSuiteFitness ** 0.4437299035369775
* Generated 34 tests with total length 117
* Resulting test suite's coverage: 44%
* Generating assertions
* Resulting test suite's mutation score: 11%
Current fitness function value: class org.evosuite.coverage.branch.BranchCoverageSuiteFitness ** 0.4437299035369775
* Compiling and checking tests
[MASTER] 19:18:49.080 [logback-1] WARN  JUnitAnalyzer - Found unstable test named test0 -> class java.lang.AssertionError: Expecting exception: IllegalStateException
[MASTER] 19:18:49.080 [logback-1] WARN  JUnitAnalyzer - Failing test:
 Dim dim0 = new Dim();
ContextFactory contextFactory0 = ContextFactory.getGlobal();
dim0.attachTo(contextFactory0);
ImporterTopLevel importerTopLevel0 = new ImporterTopLevel();
dim0.getObjectProperty(importerTopLevel0, 4);

* Permissions denied during test execution: 
  - java.io.FilePermission: 
         execute /usr/bin/xprop: 1
* Writing tests to file
* Writing JUnit test case 'Dim_ESTest' to results/evosuite5/closure-16-com.google.javascript.rhino.head.tools.debugger.Dim-12
* Done!

* Computation finished
