entry: sources/closure-16/build/classes
entry: sources/closure-16/lib/args4j.jar
entry: sources/closure-16/lib/guava.jar
entry: sources/closure-16/lib/json.jar
entry: sources/closure-16/lib/jsr305.jar
entry: sources/closure-16/lib/protobuf-java.jar
entry: sources/closure-16/build/lib/rhino.jar
entry: sources/closure-16/lib/ant.jar
** CP: sources/closure-16/build/classes:sources/closure-16/lib/args4j.jar:sources/closure-16/lib/guava.jar:sources/closure-16/lib/json.jar:sources/closure-16/lib/jsr305.jar:sources/closure-16/lib/protobuf-java.jar:sources/closure-16/build/lib/rhino.jar:sources/closure-16/lib/ant.jar
* EvoSuite 1.0.7-SNAPSHOT
* Going to generate test cases for class: com.google.javascript.rhino.head.ScriptableObject
* Starting Client-0
* Connecting to master process on port 9960
* Analyzing classpath: 
  - sources/closure-16/build/classes
  - sources/closure-16/lib/args4j.jar
  - sources/closure-16/lib/guava.jar
  - sources/closure-16/lib/json.jar
  - sources/closure-16/lib/jsr305.jar
  - sources/closure-16/lib/protobuf-java.jar
  - sources/closure-16/build/lib/rhino.jar
  - sources/closure-16/lib/ant.jar
* Finished analyzing classpath
* Generating tests for class com.google.javascript.rhino.head.ScriptableObject
* Test criterion:
  - Branch Coverage
* Total number of test goals for DYNAMOSA: 916
* Using seed 1566111112425
* Starting evolution
* Initialsss Number of Goals in DynMOSA = 254 / 916
Current fitness function value: class org.evosuite.coverage.branch.BranchCoverageSuiteFitness ** 0.22270742358078602
Current fitness function value: class org.evosuite.coverage.branch.BranchCoverageSuiteFitness ** 0.24017467248908297
Current fitness function value: class org.evosuite.coverage.branch.BranchCoverageSuiteFitness ** 0.25436681222707425
Current fitness function value: class org.evosuite.coverage.branch.BranchCoverageSuiteFitness ** 0.28056768558951967
Current fitness function value: class org.evosuite.coverage.branch.BranchCoverageSuiteFitness ** 0.3395196506550218
Current fitness function value: class org.evosuite.coverage.branch.BranchCoverageSuiteFitness ** 0.3635371179039301
Current fitness function value: class org.evosuite.coverage.branch.BranchCoverageSuiteFitness ** 0.3722707423580786
Current fitness function value: class org.evosuite.coverage.branch.BranchCoverageSuiteFitness ** 0.4192139737991266
Current fitness function value: class org.evosuite.coverage.branch.BranchCoverageSuiteFitness ** 0.4410480349344978
Current fitness function value: class org.evosuite.coverage.branch.BranchCoverageSuiteFitness ** 0.45524017467248906
[MASTER] 08:55:46.454 [logback-1] WARN  TestUsageChecker - class com.google.javascript.rhino.head.ContextFactory$1GlobalSetterImpl looks like an anonymous class, ignoring it (although reflection says false) GlobalSetterImpl
Current fitness function value: class org.evosuite.coverage.branch.BranchCoverageSuiteFitness ** 0.4606986899563319
Current fitness function value: class org.evosuite.coverage.branch.BranchCoverageSuiteFitness ** 0.46397379912663755
Current fitness function value: class org.evosuite.coverage.branch.BranchCoverageSuiteFitness ** 0.4672489082969432
Current fitness function value: class org.evosuite.coverage.branch.BranchCoverageSuiteFitness ** 0.4737991266375546
Current fitness function value: class org.evosuite.coverage.branch.BranchCoverageSuiteFitness ** 0.48034934497816595
Current fitness function value: class org.evosuite.coverage.branch.BranchCoverageSuiteFitness ** 0.48253275109170307
Current fitness function value: class org.evosuite.coverage.branch.BranchCoverageSuiteFitness ** 0.4836244541484716
Current fitness function value: class org.evosuite.coverage.branch.BranchCoverageSuiteFitness ** 0.4836244541484716
* Search finished after 303s and 41 generations, 22294 statements, best individual has fitness: 473.0
Current fitness function value: class org.evosuite.coverage.branch.BranchCoverageSuiteFitness ** 0.4836244541484716
* Minimizing test suite
[MASTER] 08:58:23.120 [logback-1] WARN  TestSuiteMinimizer - Minimization timeout. Roll back to original test suite
* Going to analyze the coverage criteria
* Coverage analysis for criterion BRANCH
* Coverage of criterion BRANCH: 49%
* Total number of goals: 916
* Number of covered goals: 445
Current fitness function value: class org.evosuite.coverage.branch.BranchCoverageSuiteFitness ** 0.4836244541484716
* Generated 103 tests with total length 1336
* Resulting test suite's coverage: 48%
* Generating assertions
[MASTER] 08:59:44.936 [logback-1] WARN  SimpleMutationAssertionGenerator - Assertion minimization is taking too long (0.8789333333333333% of time used, but only 10/103 tests minimized), falling back to using all assertions
[MASTER] 08:59:52.307 [logback-1] WARN  SimpleMutationAssertionGenerator - Reached maximum time to generate assertions, aborting assertion generation
* Resulting test suite's mutation score: 1%
Current fitness function value: class org.evosuite.coverage.branch.BranchCoverageSuiteFitness ** 0.4836244541484716
* Compiling and checking tests
[MASTER] 09:00:25.446 [logback-1] WARN  JUnitAnalyzer - Found unstable test named test0 -> class org.evosuite.runtime.mock.java.lang.MockRuntimeException: No Context associated with current Thread
[MASTER] 09:00:25.447 [logback-1] WARN  JUnitAnalyzer - Failing test:
 ContextFactory contextFactory0 = ContextFactory.getGlobal();
Context context0 = new Context(contextFactory0);
NativeString nativeString0 = new NativeString("error reporter");
Scriptable scriptable0 = ScriptableObject.ensureScriptable(nativeString0);
ScriptableObject.hasProperty(scriptable0, "$EOq");
contextFactory0.onContextCreated(context0);
NativeArray nativeArray0 = new NativeArray(1);
NativeContinuation nativeContinuation0 = new NativeContinuation();
ContextFactory contextFactory1 = new ContextFactory();
ImporterTopLevel importerTopLevel0 = new ImporterTopLevel(context0);
NativeNumber nativeNumber0 = new NativeNumber(12);

[MASTER] 09:00:35.046 [logback-1] WARN  JUnitAnalyzer - Found unstable test named test0 -> class org.evosuite.runtime.mock.java.lang.MockRuntimeException: No Context associated with current Thread
[MASTER] 09:00:35.046 [logback-1] WARN  JUnitAnalyzer - Failing test:
 NativeBoolean nativeBoolean0 = new NativeBoolean(false);
NativeNumber nativeNumber0 = new NativeNumber(13);
NativeNumber nativeNumber1 = new NativeNumber(8);
IdFunctionObject idFunctionObject0 = new IdFunctionObject(nativeBoolean0, nativeNumber1, 8, 13);
NativeIterator.StopIteration nativeIterator_StopIteration0 = new NativeIterator.StopIteration();
ScriptableObject.isTrue(nativeIterator_StopIteration0);
idFunctionObject0.exportAsScopeProperty();

[MASTER] 09:00:37.369 [logback-1] WARN  JUnitAnalyzer - Found unstable test named test0 -> class org.evosuite.runtime.mock.java.lang.MockRuntimeException: No Context associated with current Thread
[MASTER] 09:00:37.369 [logback-1] WARN  JUnitAnalyzer - Failing test:
 Context context0 = Context.getContext();
WrapFactory wrapFactory0 = new WrapFactory();
context0.setWrapFactory(wrapFactory0);
Integer integer0 = new Integer(9);
Scriptable scriptable0 = null;
Class<NativeIterator> class0 = NativeIterator.class;
boolean boolean0 = true;
BaseFunction baseFunction0 = new BaseFunction((Scriptable) null, (Scriptable) null);

[MASTER] 09:00:39.819 [logback-1] WARN  JUnitAnalyzer - Found unstable test named test0 -> class org.evosuite.runtime.mock.java.lang.MockRuntimeException: No Context associated with current Thread
[MASTER] 09:00:39.819 [logback-1] WARN  JUnitAnalyzer - Failing test:
 String string0 = "B}";
Member member0 = null;
NativeJavaClass nativeJavaClass0 = new NativeJavaClass();
BaseFunction baseFunction0 = new BaseFunction(nativeJavaClass0, nativeJavaClass0);
Context.getContext();
NativeContinuation nativeContinuation0 = new NativeContinuation();
Class<Arguments> class0 = Arguments.class;
NativeJavaClass nativeJavaClass1 = new NativeJavaClass(nativeContinuation0, class0);

[MASTER] 09:00:41.175 [logback-1] WARN  JUnitAnalyzer - Found unstable test named test0 -> class java.lang.AssertionError: Exception was not thrown in com.google.javascript.rhino.head.DefaultErrorReporter but in com.google.javascript.rhino.head.Context.reportRuntimeError(Context.java:947): org.evosuite.runtime.mock.java.lang.MockThrowable: Invalid JavaScript value of type class com.google.javascript.rhino.head.NativeError
[MASTER] 09:00:41.175 [logback-1] WARN  JUnitAnalyzer - Failing test:
 NativeJavaMethod nativeJavaMethod0 = new NativeJavaMethod((MemberBox[]) null, "msg.change.writable.false.to.true.with.configurable.false");
NativeBoolean nativeBoolean0 = new NativeBoolean(false);
nativeBoolean0.setGetterOrSetter("msg.change.writable.false.to.true.with.configurable.false", 0, nativeJavaMethod0, false);
NativeBoolean nativeBoolean1 = new NativeBoolean(false);
Class<NativeError> class0 = NativeError.class;
nativeBoolean1.getDefaultValue(class0);

[MASTER] 09:00:42.872 [logback-1] WARN  JUnitAnalyzer - Found unstable test named test0 -> class org.evosuite.runtime.mock.java.lang.MockRuntimeException: No Context associated with current Thread
[MASTER] 09:00:42.872 [logback-1] WARN  JUnitAnalyzer - Failing test:
 NativeBoolean nativeBoolean0 = new NativeBoolean(false);
NativeJavaMethod nativeJavaMethod0 = new NativeJavaMethod((MemberBox[]) null, (String) null);
LazilyLoadedCtor lazilyLoadedCtor0 = new LazilyLoadedCtor(nativeBoolean0, (String) null, (String) null, false);
Context context0 = Context.getContext();
ImporterTopLevel importerTopLevel0 = new ImporterTopLevel(context0);
nativeBoolean0.getIds(false);
importerTopLevel0.addLazilyInitializedValue("FP{,-#q_qk}Q%L", 51, lazilyLoadedCtor0, (-720));

* Permissions denied during test execution: 
  - java.lang.RuntimePermission: 
         writeFileDescriptor: 5
* Writing tests to file
* Writing JUnit test case 'ScriptableObject_ESTest' to results/evosuite5/closure-16-com.google.javascript.rhino.head.ScriptableObject-23
* Done!

* Computation finished
