entry: sources/closure-16/build/classes
entry: sources/closure-16/lib/args4j.jar
entry: sources/closure-16/lib/guava.jar
entry: sources/closure-16/lib/json.jar
entry: sources/closure-16/lib/jsr305.jar
entry: sources/closure-16/lib/protobuf-java.jar
entry: sources/closure-16/build/lib/rhino.jar
entry: sources/closure-16/lib/ant.jar
** CP: sources/closure-16/build/classes:sources/closure-16/lib/args4j.jar:sources/closure-16/lib/guava.jar:sources/closure-16/lib/json.jar:sources/closure-16/lib/jsr305.jar:sources/closure-16/lib/protobuf-java.jar:sources/closure-16/build/lib/rhino.jar:sources/closure-16/lib/ant.jar
* EvoSuite 1.0.7-SNAPSHOT
* Going to generate test cases for class: com.google.javascript.rhino.head.tools.shell.Global
* Starting Client-0
* Connecting to master process on port 2530
* Analyzing classpath: 
  - sources/closure-16/build/classes
  - sources/closure-16/lib/args4j.jar
  - sources/closure-16/lib/guava.jar
  - sources/closure-16/lib/json.jar
  - sources/closure-16/lib/jsr305.jar
  - sources/closure-16/lib/protobuf-java.jar
  - sources/closure-16/build/lib/rhino.jar
  - sources/closure-16/lib/ant.jar
* Finished analyzing classpath
* Generating tests for class com.google.javascript.rhino.head.tools.shell.Global
* Test criterion:
  - Branch Coverage
* Total number of test goals for DYNAMOSA: 320
* Using seed 1566340101165
* Starting evolution
* Initialsss Number of Goals in DynMOSA = 94 / 320
[MASTER] 00:29:01.547 [logback-1] WARN  TestUsageChecker - class com.google.javascript.rhino.head.ContextFactory$1GlobalSetterImpl looks like an anonymous class, ignoring it (although reflection says false) GlobalSetterImpl
Current fitness function value: class org.evosuite.coverage.branch.BranchCoverageSuiteFitness ** 0.084375
Current fitness function value: class org.evosuite.coverage.branch.BranchCoverageSuiteFitness ** 0.121875
Current fitness function value: class org.evosuite.coverage.branch.BranchCoverageSuiteFitness ** 0.20625
Current fitness function value: class org.evosuite.coverage.branch.BranchCoverageSuiteFitness ** 0.259375
Current fitness function value: class org.evosuite.coverage.branch.BranchCoverageSuiteFitness ** 0.284375
Current fitness function value: class org.evosuite.coverage.branch.BranchCoverageSuiteFitness ** 0.2875
Current fitness function value: class org.evosuite.coverage.branch.BranchCoverageSuiteFitness ** 0.378125
Current fitness function value: class org.evosuite.coverage.branch.BranchCoverageSuiteFitness ** 0.421875
Current fitness function value: class org.evosuite.coverage.branch.BranchCoverageSuiteFitness ** 0.4375
Current fitness function value: class org.evosuite.coverage.branch.BranchCoverageSuiteFitness ** 0.4625
Current fitness function value: class org.evosuite.coverage.branch.BranchCoverageSuiteFitness ** 0.4625
Current fitness function value: class org.evosuite.coverage.branch.BranchCoverageSuiteFitness ** 0.4625
Current fitness function value: class org.evosuite.coverage.branch.BranchCoverageSuiteFitness ** 0.471875
Current fitness function value: class org.evosuite.coverage.branch.BranchCoverageSuiteFitness ** 0.4875
Current fitness function value: class org.evosuite.coverage.branch.BranchCoverageSuiteFitness ** 0.4875
Current fitness function value: class org.evosuite.coverage.branch.BranchCoverageSuiteFitness ** 0.4875
Current fitness function value: class org.evosuite.coverage.branch.BranchCoverageSuiteFitness ** 0.4875
Current fitness function value: class org.evosuite.coverage.branch.BranchCoverageSuiteFitness ** 0.49375
Current fitness function value: class org.evosuite.coverage.branch.BranchCoverageSuiteFitness ** 0.49375
* Search finished after 311s and 120 generations, 46995 statements, best individual has fitness: 162.0
Current fitness function value: class org.evosuite.coverage.branch.BranchCoverageSuiteFitness ** 0.49375
* Minimizing test suite
* Going to analyze the coverage criteria
* Coverage analysis for criterion BRANCH
* Coverage of criterion BRANCH: 48%
* Total number of goals: 320
* Number of covered goals: 154
Current fitness function value: class org.evosuite.coverage.branch.BranchCoverageSuiteFitness ** 0.49375
* Generated 56 tests with total length 287
* Resulting test suite's coverage: 49%
* Generating assertions
* Resulting test suite's mutation score: 17%
Current fitness function value: class org.evosuite.coverage.branch.BranchCoverageSuiteFitness ** 0.49375
* Compiling and checking tests
[MASTER] 00:34:57.547 [logback-1] WARN  JUnitAnalyzer - Found unstable test named test0 -> class org.evosuite.runtime.mock.java.lang.MockRuntimeException: No Context associated with current Thread
[MASTER] 00:34:57.548 [logback-1] WARN  JUnitAnalyzer - Failing test:
 Context context0 = new Context();
Global global0 = new Global(context0);
TopLevel.Builtins topLevel_Builtins0 = TopLevel.Builtins.Object;
BaseFunction baseFunction0 = global0.getBuiltinCtor(topLevel_Builtins0);
Global.doctest(context0, global0, context0.emptyArgs, baseFunction0);

[MASTER] 00:35:09.334 [logback-1] WARN  JUnitAnalyzer - Found unstable test named test0 -> class java.lang.AssertionError: Exception was not thrown in com.google.javascript.rhino.head.DefaultErrorReporter but in com.google.javascript.rhino.head.tools.shell.Global.readUrl(Global.java:845): java.lang.NullPointerException
[MASTER] 00:35:09.334 [logback-1] WARN  JUnitAnalyzer - Failing test:
 Context context0 = new Context();
NativeJavaClass nativeJavaClass0 = new NativeJavaClass();
Global.readUrl(context0, nativeJavaClass0, context0.emptyArgs, nativeJavaClass0);

[MASTER] 00:35:16.781 [logback-1] WARN  JUnitAnalyzer - Found unstable test named test0 -> class java.lang.NullPointerException: null
[MASTER] 00:35:16.782 [logback-1] WARN  JUnitAnalyzer - Failing test:
 ContextFactory contextFactory0 = new ContextFactory();
Context context0 = contextFactory0.enter();
Global global0 = new Global(context0);
NativeArray nativeArray0 = new NativeArray(0L);
Require require0 = global0.installRequire(context0, nativeArray0, true);
NativeJavaClass nativeJavaClass0 = new NativeJavaClass();
double double0 = Global.version(context0, require0, context0.emptyArgs, nativeJavaClass0);
assertTrue(require0.isEmpty());
assertEquals(0.0, double0, 0.01);


[MASTER] 00:35:17.695 [logback-1] WARN  JUnitAnalyzer - Found unstable test named test0 -> class java.lang.NullPointerException: null
[MASTER] 00:35:17.695 [logback-1] WARN  JUnitAnalyzer - Failing test:
 Context context0 = Context.getCurrentContext();
String[] stringArray0 = Locale.getISOLanguages();
NativeArray nativeArray0 = new NativeArray(stringArray0);
Global global0 = new Global(context0);
Require require0 = global0.installRequire(context0, nativeArray0, true);
assertTrue(require0.isEmpty());


[MASTER] 00:35:20.112 [logback-1] WARN  JUnitAnalyzer - Found unstable test named test0 -> class java.lang.NullPointerException: null
[MASTER] 00:35:20.113 [logback-1] WARN  JUnitAnalyzer - Failing test:
 Global global0 = new Global();
Context context0 = Context.enter();
NativeContinuation nativeContinuation0 = new NativeContinuation();
BaseFunction baseFunction0 = new BaseFunction(global0, nativeContinuation0);
QuitAction quitAction0 = mock(QuitAction.class, new ViolatedAssumptionAnswer());
global0.initQuitAction(quitAction0);
Global.quit(context0, baseFunction0, context0.emptyArgs, baseFunction0);
assertFalse(context0.isGeneratingDebugChanged());


[MASTER] 00:35:22.131 [logback-1] WARN  JUnitAnalyzer - Found unstable test named test0 -> class java.lang.NullPointerException: null
[MASTER] 00:35:22.131 [logback-1] WARN  JUnitAnalyzer - Failing test:
 Global global0 = new Global();
Context context0 = Context.getCurrentContext();
ContextFactory contextFactory0 = context0.getFactory();
Object[] objectArray0 = new Object[1];
IdFunctionObject idFunctionObject0 = new IdFunctionObject(global0, contextFactory0, 5, "language version", 0, global0);
double double0 = Global.version(context0, idFunctionObject0, objectArray0, idFunctionObject0);
assertEquals(0.0, double0, 0.01);


[MASTER] 00:35:23.099 [logback-1] WARN  JUnitAnalyzer - Found unstable test named test0 -> class java.lang.NullPointerException: null
[MASTER] 00:35:23.100 [logback-1] WARN  JUnitAnalyzer - Failing test:
 ContextFactory contextFactory0 = new ContextFactory();
Context context0 = contextFactory0.enter();
BaseFunction baseFunction0 = new BaseFunction();
Global.load(context0, baseFunction0, context0.emptyArgs, baseFunction0);
assertEquals(13, ScriptableObject.CONST);


[MASTER] 00:35:24.784 [logback-1] WARN  JUnitAnalyzer - Found unstable test named test0 -> class java.lang.AssertionError: Exception was not thrown in com.google.javascript.rhino.head.DefaultErrorReporter but in com.google.javascript.rhino.head.Context.reportRuntimeError(Context.java:947): org.evosuite.runtime.mock.java.lang.MockThrowable: Class "null" not found.
[MASTER] 00:35:24.785 [logback-1] WARN  JUnitAnalyzer - Failing test:
 Context context0 = Context.getCurrentContext();
BaseFunction baseFunction0 = new BaseFunction();
Object[] objectArray0 = new Object[1];
Global.defineClass(context0, (Scriptable) baseFunction0, objectArray0, (Function) baseFunction0);

[MASTER] 00:35:25.543 [logback-1] WARN  JUnitAnalyzer - Found unstable test named test0 -> class java.lang.AssertionError: Exception was not thrown in com.google.javascript.rhino.head.DefaultErrorReporter but in com.google.javascript.rhino.head.tools.shell.Global.getClass(Global.java:338): java.lang.NullPointerException
[MASTER] 00:35:25.543 [logback-1] WARN  JUnitAnalyzer - Failing test:
 Context context0 = Context.enter();
BaseFunction baseFunction0 = new BaseFunction();
Global.loadClass(context0, baseFunction0, context0.emptyArgs, baseFunction0);

[MASTER] 00:35:27.534 [logback-1] WARN  JUnitAnalyzer - Found unstable test named test0 -> class java.lang.AssertionError: Exception was not thrown in com.google.javascript.rhino.head.DefaultErrorReporter but in com.google.javascript.rhino.head.Context.reportRuntimeError(Context.java:947): org.evosuite.runtime.mock.java.lang.MockThrowable: Expected an object to serialize and a filename to write the serialization to
[MASTER] 00:35:27.534 [logback-1] WARN  JUnitAnalyzer - Failing test:
 BaseFunction baseFunction0 = new BaseFunction();
Object[] objectArray0 = new Object[0];
Global.serialize((Context) null, baseFunction0, objectArray0, baseFunction0);

[MASTER] 00:35:29.261 [logback-1] WARN  JUnitAnalyzer - Found unstable test named test0 -> class java.lang.AssertionError: Exception was not thrown in com.google.javascript.rhino.head.DefaultErrorReporter but in com.google.javascript.rhino.head.tools.shell.Global.deserialize(Global.java:378): java.lang.NullPointerException
[MASTER] 00:35:29.261 [logback-1] WARN  JUnitAnalyzer - Failing test:
 Global global0 = new Global();
ContextFactory contextFactory0 = new ContextFactory();
Context context0 = contextFactory0.enterContext();
Delegator delegator0 = new Delegator();
Global.deserialize(context0, global0, context0.emptyArgs, delegator0);

[MASTER] 00:35:30.818 [logback-1] WARN  JUnitAnalyzer - Found unstable test named test0 -> class java.lang.AssertionError: Exception was not thrown in com.google.javascript.rhino.head.DefaultErrorReporter but in com.google.javascript.rhino.head.tools.shell.Global.spawn(Global.java:574): java.lang.NullPointerException
[MASTER] 00:35:30.818 [logback-1] WARN  JUnitAnalyzer - Failing test:
 Context context0 = new Context();
NativeContinuation nativeContinuation0 = new NativeContinuation();
Global.spawn(context0, nativeContinuation0, context0.emptyArgs, nativeContinuation0);

[MASTER] 00:35:33.147 [logback-1] WARN  JUnitAnalyzer - Found unstable test named test0 -> class java.lang.AssertionError: null
[MASTER] 00:35:33.148 [logback-1] WARN  JUnitAnalyzer - Failing test:
 Global global0 = new Global();
ContextFactory contextFactory0 = new ContextFactory();
Context context0 = contextFactory0.enter();
BaseFunction baseFunction0 = new BaseFunction();
IdFunctionObject idFunctionObject0 = new IdFunctionObject(global0, global0, 180, "error reporter", 6, baseFunction0);
Object[] objectArray0 = new Object[2];
objectArray0[0] = (Object) baseFunction0;
objectArray0[1] = (Object) global0;
MockThread mockThread0 = (MockThread)Global.spawn(context0, idFunctionObject0, objectArray0, baseFunction0);
assertFalse(mockThread0.isDaemon());


* Permissions denied during test execution: 
  - java.lang.RuntimePermission: 
         writeFileDescriptor: 5
* Writing tests to file
* Writing JUnit test case 'Global_ESTest' to results/evosuite5/closure-16-com.google.javascript.rhino.head.tools.shell.Global-1
* Done!

* Computation finished
