entry: sources/closure-16/build/classes
entry: sources/closure-16/lib/args4j.jar
entry: sources/closure-16/lib/guava.jar
entry: sources/closure-16/lib/json.jar
entry: sources/closure-16/lib/jsr305.jar
entry: sources/closure-16/lib/protobuf-java.jar
entry: sources/closure-16/build/lib/rhino.jar
entry: sources/closure-16/lib/ant.jar
** CP: sources/closure-16/build/classes:sources/closure-16/lib/args4j.jar:sources/closure-16/lib/guava.jar:sources/closure-16/lib/json.jar:sources/closure-16/lib/jsr305.jar:sources/closure-16/lib/protobuf-java.jar:sources/closure-16/build/lib/rhino.jar:sources/closure-16/lib/ant.jar
* EvoSuite 1.0.7-SNAPSHOT
* Going to generate test cases for class: com.google.javascript.rhino.head.NativeObject
* Starting Client-0
* Connecting to master process on port 21389
* Analyzing classpath: 
  - sources/closure-16/build/classes
  - sources/closure-16/lib/args4j.jar
  - sources/closure-16/lib/guava.jar
  - sources/closure-16/lib/json.jar
  - sources/closure-16/lib/jsr305.jar
  - sources/closure-16/lib/protobuf-java.jar
  - sources/closure-16/build/lib/rhino.jar
  - sources/closure-16/lib/ant.jar
* Finished analyzing classpath
* Generating tests for class com.google.javascript.rhino.head.NativeObject
* Test criterion:
  - Branch Coverage
* Total number of test goals for DYNAMOSA: 364
* Using seed 1566311683558
* Starting evolution
* Initialsss Number of Goals in DynMOSA = 122 / 364
Current fitness function value: class org.evosuite.coverage.branch.BranchCoverageSuiteFitness ** 0.17857142857142858
[MASTER] 16:35:08.184 [logback-1] WARN  TestUsageChecker - class com.google.javascript.rhino.head.ContextFactory$1GlobalSetterImpl looks like an anonymous class, ignoring it (although reflection says false) GlobalSetterImpl
Current fitness function value: class org.evosuite.coverage.branch.BranchCoverageSuiteFitness ** 0.3956043956043956
Current fitness function value: class org.evosuite.coverage.branch.BranchCoverageSuiteFitness ** 0.4532967032967033
Current fitness function value: class org.evosuite.coverage.branch.BranchCoverageSuiteFitness ** 0.46703296703296704
Current fitness function value: class org.evosuite.coverage.branch.BranchCoverageSuiteFitness ** 0.4725274725274725
Current fitness function value: class org.evosuite.coverage.branch.BranchCoverageSuiteFitness ** 0.489010989010989
Current fitness function value: class org.evosuite.coverage.branch.BranchCoverageSuiteFitness ** 0.49725274725274726
Current fitness function value: class org.evosuite.coverage.branch.BranchCoverageSuiteFitness ** 0.5192307692307693
Current fitness function value: class org.evosuite.coverage.branch.BranchCoverageSuiteFitness ** 0.5384615384615384
Current fitness function value: class org.evosuite.coverage.branch.BranchCoverageSuiteFitness ** 0.5741758241758241
Current fitness function value: class org.evosuite.coverage.branch.BranchCoverageSuiteFitness ** 0.5851648351648352
Current fitness function value: class org.evosuite.coverage.branch.BranchCoverageSuiteFitness ** 0.6098901098901099
Current fitness function value: class org.evosuite.coverage.branch.BranchCoverageSuiteFitness ** 0.6318681318681318
Current fitness function value: class org.evosuite.coverage.branch.BranchCoverageSuiteFitness ** 0.6565934065934066
Current fitness function value: class org.evosuite.coverage.branch.BranchCoverageSuiteFitness ** 0.6758241758241759
Current fitness function value: class org.evosuite.coverage.branch.BranchCoverageSuiteFitness ** 0.6840659340659341
Current fitness function value: class org.evosuite.coverage.branch.BranchCoverageSuiteFitness ** 0.6923076923076923
Current fitness function value: class org.evosuite.coverage.branch.BranchCoverageSuiteFitness ** 0.7005494505494505
Current fitness function value: class org.evosuite.coverage.branch.BranchCoverageSuiteFitness ** 0.7032967032967034
[MASTER] 16:38:41.288 [logback-1] WARN  TestChromosome - Functional mock problem: org.evosuite.ga.ConstructionFailedException: Failed to add constructor for com.google.javascript.rhino.head.FieldAndMethods due to org.evosuite.ga.ConstructionFailedException: Have no generator for class java.lang.reflect.Field canUseFunctionalMocks=true, canBeMocked: false
Current fitness function value: class org.evosuite.coverage.branch.BranchCoverageSuiteFitness ** 0.7032967032967034
[MASTER] 16:39:13.146 [logback-1] WARN  TestChromosome - Functional mock problem: org.evosuite.ga.ConstructionFailedException: Failed to add constructor for com.google.javascript.rhino.head.FieldAndMethods due to org.evosuite.ga.ConstructionFailedException: Failed to add constructor for com.google.javascript.rhino.head.FunctionObject due to org.evosuite.ga.ConstructionFailedException: Failed to add constructor for com.google.javascript.rhino.head.MemberBox due to org.evosuite.ga.ConstructionFailedException: Have no generator for java.lang.reflect.Constructor<com.google.javascript.rhino.head.IdFunctionObject> canUseFunctionalMocks=true, canBeMocked: false
Current fitness function value: class org.evosuite.coverage.branch.BranchCoverageSuiteFitness ** 0.7060439560439561
[MASTER] 16:39:20.616 [logback-1] WARN  TestChromosome - Functional mock problem: org.evosuite.ga.ConstructionFailedException: Failed to add constructor for com.google.javascript.rhino.head.FieldAndMethods due to org.evosuite.ga.ConstructionFailedException: Failed to add constructor for com.google.javascript.rhino.head.MemberBox due to org.evosuite.ga.ConstructionFailedException: Have no generator for class java.lang.reflect.Method canUseFunctionalMocks=true, canBeMocked: false
Current fitness function value: class org.evosuite.coverage.branch.BranchCoverageSuiteFitness ** 0.728021978021978
Current fitness function value: class org.evosuite.coverage.branch.BranchCoverageSuiteFitness ** 0.728021978021978
Current fitness function value: class org.evosuite.coverage.branch.BranchCoverageSuiteFitness ** 0.728021978021978
Current fitness function value: class org.evosuite.coverage.branch.BranchCoverageSuiteFitness ** 0.728021978021978
Current fitness function value: class org.evosuite.coverage.branch.BranchCoverageSuiteFitness ** 0.728021978021978
* Search finished after 315s and 449 generations, 174296 statements, best individual has fitness: 99.0
Current fitness function value: class org.evosuite.coverage.branch.BranchCoverageSuiteFitness ** 0.728021978021978
* Minimizing test suite
* Going to analyze the coverage criteria
* Coverage analysis for criterion BRANCH
* Coverage of criterion BRANCH: 73%
* Total number of goals: 364
* Number of covered goals: 266
Current fitness function value: class org.evosuite.coverage.branch.BranchCoverageSuiteFitness ** 0.728021978021978
* Generated 77 tests with total length 299
* Resulting test suite's coverage: 73%
* Generating assertions
* Resulting test suite's mutation score: 36%
Current fitness function value: class org.evosuite.coverage.branch.BranchCoverageSuiteFitness ** 0.728021978021978
* Compiling and checking tests
* Permissions denied during test execution: 
  - java.lang.RuntimePermission: 
         writeFileDescriptor: 3
* Writing tests to file
* Writing JUnit test case 'NativeObject_ESTest' to results/evosuite5/closure-16-com.google.javascript.rhino.head.NativeObject-3
* Done!

* Computation finished
