entry: sources/closure-16/build/classes
entry: sources/closure-16/lib/args4j.jar
entry: sources/closure-16/lib/guava.jar
entry: sources/closure-16/lib/json.jar
entry: sources/closure-16/lib/jsr305.jar
entry: sources/closure-16/lib/protobuf-java.jar
entry: sources/closure-16/build/lib/rhino.jar
entry: sources/closure-16/lib/ant.jar
** CP: sources/closure-16/build/classes:sources/closure-16/lib/args4j.jar:sources/closure-16/lib/guava.jar:sources/closure-16/lib/json.jar:sources/closure-16/lib/jsr305.jar:sources/closure-16/lib/protobuf-java.jar:sources/closure-16/build/lib/rhino.jar:sources/closure-16/lib/ant.jar
* EvoSuite 1.0.7-SNAPSHOT
* Going to generate test cases for class: com.google.javascript.rhino.head.FunctionObject
* Starting Client-0
* Connecting to master process on port 4497
* Analyzing classpath: 
  - sources/closure-16/build/classes
  - sources/closure-16/lib/args4j.jar
  - sources/closure-16/lib/guava.jar
  - sources/closure-16/lib/json.jar
  - sources/closure-16/lib/jsr305.jar
  - sources/closure-16/lib/protobuf-java.jar
  - sources/closure-16/build/lib/rhino.jar
  - sources/closure-16/lib/ant.jar
* Finished analyzing classpath
* Generating tests for class com.google.javascript.rhino.head.FunctionObject
* Test criterion:
  - Branch Coverage
* Total number of test goals for DYNAMOSA: 183
* Using seed 1564035885402
* Starting evolution
* Initialsss Number of Goals in DynMOSA = 59 / 183
Current fitness function value: class org.evosuite.coverage.branch.BranchCoverageSuiteFitness ** 0.19672131147540983
Current fitness function value: class org.evosuite.coverage.branch.BranchCoverageSuiteFitness ** 0.2568306010928962
[MASTER] 08:25:19.213 [logback-1] WARN  TestUsageChecker - class com.google.javascript.rhino.head.ContextFactory$1GlobalSetterImpl looks like an anonymous class, ignoring it (although reflection says false) GlobalSetterImpl
[MASTER] 08:25:23.666 [logback-1] WARN  TestChromosome - Functional mock problem: org.evosuite.ga.ConstructionFailedException: Failed to add constructor for com.google.javascript.rhino.head.FieldAndMethods due to org.evosuite.ga.ConstructionFailedException: Have no generator for class com.google.javascript.rhino.head.FunctionObject canUseFunctionalMocks=false, canBeMocked: false
Current fitness function value: class org.evosuite.coverage.branch.BranchCoverageSuiteFitness ** 0.453551912568306
Current fitness function value: class org.evosuite.coverage.branch.BranchCoverageSuiteFitness ** 0.4644808743169399
Current fitness function value: class org.evosuite.coverage.branch.BranchCoverageSuiteFitness ** 0.4808743169398907
Current fitness function value: class org.evosuite.coverage.branch.BranchCoverageSuiteFitness ** 0.4808743169398907
Current fitness function value: class org.evosuite.coverage.branch.BranchCoverageSuiteFitness ** 0.4808743169398907
Current fitness function value: class org.evosuite.coverage.branch.BranchCoverageSuiteFitness ** 0.4808743169398907
Current fitness function value: class org.evosuite.coverage.branch.BranchCoverageSuiteFitness ** 0.4808743169398907
Current fitness function value: class org.evosuite.coverage.branch.BranchCoverageSuiteFitness ** 0.4808743169398907
Current fitness function value: class org.evosuite.coverage.branch.BranchCoverageSuiteFitness ** 0.4808743169398907
Current fitness function value: class org.evosuite.coverage.branch.BranchCoverageSuiteFitness ** 0.4808743169398907
Current fitness function value: class org.evosuite.coverage.branch.BranchCoverageSuiteFitness ** 0.4808743169398907
[MASTER] 08:28:01.188 [logback-1] WARN  TestChromosome - Functional mock problem: org.evosuite.ga.ConstructionFailedException: Failed to add constructor for com.google.javascript.rhino.head.FunctionObject due to org.evosuite.ga.ConstructionFailedException: Failed to add constructor for com.google.javascript.rhino.head.MemberBox due to org.evosuite.ga.ConstructionFailedException: Have no generator for class java.lang.reflect.Method canUseFunctionalMocks=true, canBeMocked: false
Current fitness function value: class org.evosuite.coverage.branch.BranchCoverageSuiteFitness ** 0.4808743169398907
Current fitness function value: class org.evosuite.coverage.branch.BranchCoverageSuiteFitness ** 0.4808743169398907
Current fitness function value: class org.evosuite.coverage.branch.BranchCoverageSuiteFitness ** 0.4808743169398907
Current fitness function value: class org.evosuite.coverage.branch.BranchCoverageSuiteFitness ** 0.4808743169398907
Current fitness function value: class org.evosuite.coverage.branch.BranchCoverageSuiteFitness ** 0.4808743169398907
Current fitness function value: class org.evosuite.coverage.branch.BranchCoverageSuiteFitness ** 0.4808743169398907
[MASTER] 08:29:27.024 [logback-1] WARN  TestChromosome - Functional mock problem: org.evosuite.ga.ConstructionFailedException: Failed to add constructor for com.google.javascript.rhino.head.FieldAndMethods due to org.evosuite.ga.ConstructionFailedException: Have no generator for class java.lang.reflect.Field canUseFunctionalMocks=true, canBeMocked: false
Current fitness function value: class org.evosuite.coverage.branch.BranchCoverageSuiteFitness ** 0.4808743169398907
Current fitness function value: class org.evosuite.coverage.branch.BranchCoverageSuiteFitness ** 0.4808743169398907
Current fitness function value: class org.evosuite.coverage.branch.BranchCoverageSuiteFitness ** 0.4808743169398907
Current fitness function value: class org.evosuite.coverage.branch.BranchCoverageSuiteFitness ** 0.4808743169398907
Current fitness function value: class org.evosuite.coverage.branch.BranchCoverageSuiteFitness ** 0.4808743169398907
Current fitness function value: class org.evosuite.coverage.branch.BranchCoverageSuiteFitness ** 0.4808743169398907
* Search finished after 312s and 285 generations, 78862 statements, best individual has fitness: 95.0
Current fitness function value: class org.evosuite.coverage.branch.BranchCoverageSuiteFitness ** 0.4808743169398907
* Minimizing test suite
* Going to analyze the coverage criteria
* Coverage analysis for criterion BRANCH
* Coverage of criterion BRANCH: 48%
* Total number of goals: 183
* Number of covered goals: 88
Current fitness function value: class org.evosuite.coverage.branch.BranchCoverageSuiteFitness ** 0.4808743169398907
* Generated 20 tests with total length 68
* Resulting test suite's coverage: 48%
* Generating assertions
* Resulting test suite's mutation score: 24%
Current fitness function value: class org.evosuite.coverage.branch.BranchCoverageSuiteFitness ** 0.4808743169398907
* Compiling and checking tests
[MASTER] 08:30:54.047 [logback-1] WARN  JUnitAnalyzer - Found unstable test named test0 -> class java.lang.AssertionError: Exception was not thrown in com.google.javascript.rhino.head.DefaultErrorReporter but in com.google.javascript.rhino.head.Context.reportRuntimeError(Context.java:947): org.evosuite.runtime.mock.java.lang.MockThrowable: Unsupported parameter type "com.google.javascript.rhino.head.Context" in method "call".
[MASTER] 08:30:54.048 [logback-1] WARN  JUnitAnalyzer - Failing test:
 Class<Delegator> class0 = Delegator.class;
Method[] methodArray0 = FunctionObject.getMethodList(class0);
Method method0 = FunctionObject.findSingleMethod(methodArray0, "call");
FunctionObject functionObject0 = new FunctionObject("call", method0, (Scriptable) null);

[MASTER] 08:31:13.585 [logback-1] WARN  JUnitAnalyzer - Found unstable test named test0 -> class java.lang.NullPointerException: null
[MASTER] 08:31:13.586 [logback-1] WARN  JUnitAnalyzer - Failing test:
 Context context0 = Context.enter();
NativeArray nativeArray0 = new NativeArray(context0.emptyArgs);
Class<Integer> class0 = Integer.class;
Object object0 = FunctionObject.convertArg(context0, (Scriptable) nativeArray0, (Object) context0, (Class<?>) class0);
assertEquals(0, object0);


[MASTER] 08:31:15.096 [logback-1] WARN  JUnitAnalyzer - Found unstable test named test0 -> class java.lang.NullPointerException: null
[MASTER] 08:31:15.097 [logback-1] WARN  JUnitAnalyzer - Failing test:
 Context context0 = Context.getCurrentContext();
NativeArray nativeArray0 = new NativeArray(context0.emptyArgs);
Class<Integer> class0 = Integer.TYPE;
Object object0 = FunctionObject.convertArg(context0, (Scriptable) nativeArray0, (Object) context0, (Class<?>) class0);
assertEquals(0, object0);


[MASTER] 08:31:16.427 [logback-1] WARN  JUnitAnalyzer - Found unstable test named test0 -> class java.lang.NullPointerException: null
[MASTER] 08:31:16.428 [logback-1] WARN  JUnitAnalyzer - Failing test:
 ContextFactory contextFactory0 = new ContextFactory();
Context context0 = contextFactory0.enterContext();
NativeArray nativeArray0 = new NativeArray(context0.emptyArgs);
Class<Boolean> class0 = Boolean.class;
Object object0 = FunctionObject.convertArg(context0, (Scriptable) nativeArray0, (Object) null, (Class<?>) class0);
assertEquals(false, object0);
assertNotNull(object0);


[MASTER] 08:31:29.653 [logback-1] WARN  JUnitAnalyzer - Found unstable test named test0 -> class java.lang.NullPointerException: null
[MASTER] 08:31:29.654 [logback-1] WARN  JUnitAnalyzer - Failing test:
 Context context0 = Context.enter();
NativeArray nativeArray0 = new NativeArray(context0.emptyArgs);
NativeArray nativeArray1 = (NativeArray)FunctionObject.convertArg(context0, (Scriptable) nativeArray0, (Object) nativeArray0, 6);
assertEquals(0, ScriptableObject.EMPTY);


[MASTER] 08:31:31.444 [logback-1] WARN  JUnitAnalyzer - Found unstable test named test0 -> class org.evosuite.runtime.mock.java.lang.MockRuntimeException: No Context associated with current Thread
[MASTER] 08:31:31.445 [logback-1] WARN  JUnitAnalyzer - Failing test:
 Context context0 = Context.getContext();
FunctionObject.convertArg(context0, (Scriptable) null, (Object) null, 0);

* Permissions denied during test execution: 
  - java.lang.RuntimePermission: 
         writeFileDescriptor: 3
* Writing tests to file
* Writing JUnit test case 'FunctionObject_ESTest' to results/evosuite5/closure-16-com.google.javascript.rhino.head.FunctionObject-6
* Done!

* Computation finished
