entry: sources/closure-16/build/classes
entry: sources/closure-16/lib/args4j.jar
entry: sources/closure-16/lib/guava.jar
entry: sources/closure-16/lib/json.jar
entry: sources/closure-16/lib/jsr305.jar
entry: sources/closure-16/lib/protobuf-java.jar
entry: sources/closure-16/build/lib/rhino.jar
entry: sources/closure-16/lib/ant.jar
** CP: sources/closure-16/build/classes:sources/closure-16/lib/args4j.jar:sources/closure-16/lib/guava.jar:sources/closure-16/lib/json.jar:sources/closure-16/lib/jsr305.jar:sources/closure-16/lib/protobuf-java.jar:sources/closure-16/build/lib/rhino.jar:sources/closure-16/lib/ant.jar
* EvoSuite 1.0.7-SNAPSHOT
* Going to generate test cases for class: com.google.javascript.rhino.head.FunctionObject
* Starting Client-0
* Connecting to master process on port 11401
* Analyzing classpath: 
  - sources/closure-16/build/classes
  - sources/closure-16/lib/args4j.jar
  - sources/closure-16/lib/guava.jar
  - sources/closure-16/lib/json.jar
  - sources/closure-16/lib/jsr305.jar
  - sources/closure-16/lib/protobuf-java.jar
  - sources/closure-16/build/lib/rhino.jar
  - sources/closure-16/lib/ant.jar
* Finished analyzing classpath
* Generating tests for class com.google.javascript.rhino.head.FunctionObject
* Test criterion:
  - Branch Coverage
* Total number of test goals for DYNAMOSA: 183
* Using seed 1564035684831
* Starting evolution
* Initialsss Number of Goals in DynMOSA = 59 / 183
Current fitness function value: class org.evosuite.coverage.branch.BranchCoverageSuiteFitness ** 0.20218579234972678
[MASTER] 08:22:03.247 [logback-1] WARN  TestUsageChecker - class com.google.javascript.rhino.head.ContextFactory$1GlobalSetterImpl looks like an anonymous class, ignoring it (although reflection says false) GlobalSetterImpl
Current fitness function value: class org.evosuite.coverage.branch.BranchCoverageSuiteFitness ** 0.3005464480874317
Current fitness function value: class org.evosuite.coverage.branch.BranchCoverageSuiteFitness ** 0.3442622950819672
Current fitness function value: class org.evosuite.coverage.branch.BranchCoverageSuiteFitness ** 0.5027322404371585
Current fitness function value: class org.evosuite.coverage.branch.BranchCoverageSuiteFitness ** 0.5355191256830601
Current fitness function value: class org.evosuite.coverage.branch.BranchCoverageSuiteFitness ** 0.5901639344262295
Current fitness function value: class org.evosuite.coverage.branch.BranchCoverageSuiteFitness ** 0.6010928961748634
Current fitness function value: class org.evosuite.coverage.branch.BranchCoverageSuiteFitness ** 0.6010928961748634
Current fitness function value: class org.evosuite.coverage.branch.BranchCoverageSuiteFitness ** 0.6885245901639344
Current fitness function value: class org.evosuite.coverage.branch.BranchCoverageSuiteFitness ** 0.6885245901639344
Current fitness function value: class org.evosuite.coverage.branch.BranchCoverageSuiteFitness ** 0.6885245901639344
Current fitness function value: class org.evosuite.coverage.branch.BranchCoverageSuiteFitness ** 0.6885245901639344
Current fitness function value: class org.evosuite.coverage.branch.BranchCoverageSuiteFitness ** 0.6885245901639344
Current fitness function value: class org.evosuite.coverage.branch.BranchCoverageSuiteFitness ** 0.6939890710382514
Current fitness function value: class org.evosuite.coverage.branch.BranchCoverageSuiteFitness ** 0.6939890710382514
Current fitness function value: class org.evosuite.coverage.branch.BranchCoverageSuiteFitness ** 0.6939890710382514
Current fitness function value: class org.evosuite.coverage.branch.BranchCoverageSuiteFitness ** 0.6939890710382514
Current fitness function value: class org.evosuite.coverage.branch.BranchCoverageSuiteFitness ** 0.6939890710382514
Current fitness function value: class org.evosuite.coverage.branch.BranchCoverageSuiteFitness ** 0.6939890710382514
Current fitness function value: class org.evosuite.coverage.branch.BranchCoverageSuiteFitness ** 0.6939890710382514
Current fitness function value: class org.evosuite.coverage.branch.BranchCoverageSuiteFitness ** 0.6994535519125683
Current fitness function value: class org.evosuite.coverage.branch.BranchCoverageSuiteFitness ** 0.6994535519125683
Current fitness function value: class org.evosuite.coverage.branch.BranchCoverageSuiteFitness ** 0.7049180327868853
Current fitness function value: class org.evosuite.coverage.branch.BranchCoverageSuiteFitness ** 0.7049180327868853
Current fitness function value: class org.evosuite.coverage.branch.BranchCoverageSuiteFitness ** 0.7049180327868853
Current fitness function value: class org.evosuite.coverage.branch.BranchCoverageSuiteFitness ** 0.7049180327868853
Current fitness function value: class org.evosuite.coverage.branch.BranchCoverageSuiteFitness ** 0.7049180327868853
Current fitness function value: class org.evosuite.coverage.branch.BranchCoverageSuiteFitness ** 0.7049180327868853
Current fitness function value: class org.evosuite.coverage.branch.BranchCoverageSuiteFitness ** 0.7049180327868853
* Search finished after 302s and 664 generations, 207978 statements, best individual has fitness: 54.0
Current fitness function value: class org.evosuite.coverage.branch.BranchCoverageSuiteFitness ** 0.7049180327868853
* Minimizing test suite
* Going to analyze the coverage criteria
* Coverage analysis for criterion BRANCH
* Coverage of criterion BRANCH: 69%
* Total number of goals: 183
* Number of covered goals: 126
Current fitness function value: class org.evosuite.coverage.branch.BranchCoverageSuiteFitness ** 0.7049180327868853
* Generated 34 tests with total length 156
* Resulting test suite's coverage: 70%
* Generating assertions
* Resulting test suite's mutation score: 33%
Current fitness function value: class org.evosuite.coverage.branch.BranchCoverageSuiteFitness ** 0.7049180327868853
* Compiling and checking tests
[MASTER] 08:27:44.324 [logback-1] WARN  JUnitAnalyzer - Found unstable test named test0 -> class java.lang.AssertionError: Exception was not thrown in com.google.javascript.rhino.head.DefaultErrorReporter but in com.google.javascript.rhino.head.Context.reportRuntimeError(Context.java:947): org.evosuite.runtime.mock.java.lang.MockThrowable: Unsupported parameter type "com.google.javascript.rhino.head.Context" in method "execIdCall".
[MASTER] 08:27:44.325 [logback-1] WARN  JUnitAnalyzer - Failing test:
 Class<NativeArray> class0 = NativeArray.class;
Method[] methodArray0 = FunctionObject.getMethodList(class0);
Method method0 = FunctionObject.findSingleMethod(methodArray0, "execIdCall");
NativeObject nativeObject0 = new NativeObject();
FunctionObject functionObject0 = new FunctionObject("execIdCall", method0, nativeObject0);

[MASTER] 08:28:03.945 [logback-1] WARN  JUnitAnalyzer - Found unstable test named test0 -> class org.evosuite.runtime.mock.java.lang.MockRuntimeException: No Context associated with current Thread
[MASTER] 08:28:03.946 [logback-1] WARN  JUnitAnalyzer - Failing test:
 Class<Object> class0 = Object.class;
Method[] methodArray0 = FunctionObject.getMethodList(class0);
Method method0 = FunctionObject.findSingleMethod(methodArray0, "toString");
NativeCall nativeCall0 = new NativeCall();
FunctionObject functionObject0 = new FunctionObject("toString", method0, nativeCall0);
Context context0 = Context.getContext();
FunctionObject.convertArg(context0, (Scriptable) functionObject0, (Object) "com.google.javascript.rhino.head.NativeCall@1", 1);

[MASTER] 08:28:07.501 [logback-1] WARN  JUnitAnalyzer - Found unstable test named test0 -> class org.evosuite.runtime.mock.java.lang.MockRuntimeException: No Context associated with current Thread
[MASTER] 08:28:07.501 [logback-1] WARN  JUnitAnalyzer - Failing test:
 Context context0 = Context.getContext();
NativeIterator.StopIteration nativeIterator_StopIteration0 = new NativeIterator.StopIteration();
FunctionObject.convertArg(context0, (Scriptable) nativeIterator_StopIteration0, (Object) context0.VERSION_1_7, 2);

* Permissions denied during test execution: 
  - java.lang.RuntimePermission: 
         writeFileDescriptor: 3
* Writing tests to file
* Writing JUnit test case 'FunctionObject_ESTest' to results/evosuite5/closure-16-com.google.javascript.rhino.head.FunctionObject-1
* Done!

* Computation finished
