entry: sources/closure-16/build/classes
entry: sources/closure-16/lib/args4j.jar
entry: sources/closure-16/lib/guava.jar
entry: sources/closure-16/lib/json.jar
entry: sources/closure-16/lib/jsr305.jar
entry: sources/closure-16/lib/protobuf-java.jar
entry: sources/closure-16/build/lib/rhino.jar
entry: sources/closure-16/lib/ant.jar
** CP: sources/closure-16/build/classes:sources/closure-16/lib/args4j.jar:sources/closure-16/lib/guava.jar:sources/closure-16/lib/json.jar:sources/closure-16/lib/jsr305.jar:sources/closure-16/lib/protobuf-java.jar:sources/closure-16/build/lib/rhino.jar:sources/closure-16/lib/ant.jar
* EvoSuite 1.0.7-SNAPSHOT
* Going to generate test cases for class: com.google.javascript.rhino.head.tools.debugger.Dim
* Starting Client-0
* Connecting to master process on port 3009
* Analyzing classpath: 
  - sources/closure-16/build/classes
  - sources/closure-16/lib/args4j.jar
  - sources/closure-16/lib/guava.jar
  - sources/closure-16/lib/json.jar
  - sources/closure-16/lib/jsr305.jar
  - sources/closure-16/lib/protobuf-java.jar
  - sources/closure-16/build/lib/rhino.jar
  - sources/closure-16/lib/ant.jar
* Finished analyzing classpath
* Generating tests for class com.google.javascript.rhino.head.tools.debugger.Dim
* Test criterion:
  - Branch Coverage
* Total number of test goals for DYNAMOSA: 311
* Using seed 1566407519831
* Starting evolution
* Initialsss Number of Goals in DynMOSA = 133 / 311
Current fitness function value: class org.evosuite.coverage.branch.BranchCoverageSuiteFitness ** 0.06752411575562701
Current fitness function value: class org.evosuite.coverage.branch.BranchCoverageSuiteFitness ** 0.12861736334405144
[MASTER] 19:12:58.520 [logback-1] WARN  TestUsageChecker - class com.google.javascript.rhino.head.ContextFactory$1GlobalSetterImpl looks like an anonymous class, ignoring it (although reflection says false) GlobalSetterImpl
Current fitness function value: class org.evosuite.coverage.branch.BranchCoverageSuiteFitness ** 0.1607717041800643
Current fitness function value: class org.evosuite.coverage.branch.BranchCoverageSuiteFitness ** 0.31189710610932475
[MASTER] 19:13:24.075 [logback-1] WARN  TestChromosome - Functional mock problem: org.evosuite.ga.ConstructionFailedException: Have no generator for class com.google.javascript.rhino.head.tools.debugger.Dim$StackFrame canUseFunctionalMocks=false, canBeMocked: true
Current fitness function value: class org.evosuite.coverage.branch.BranchCoverageSuiteFitness ** 0.3215434083601286
[MASTER] 19:13:27.960 [logback-1] WARN  TestChromosome - Functional mock problem: org.evosuite.ga.ConstructionFailedException: Failed to add constructor for com.google.javascript.rhino.head.IdFunctionObject due to org.evosuite.ga.ConstructionFailedException: Failed to add constructor for com.google.javascript.rhino.head.NativeJavaMethod due to org.evosuite.ga.ConstructionFailedException: Have no generator for class java.lang.reflect.Method canUseFunctionalMocks=true, canBeMocked: false
Current fitness function value: class org.evosuite.coverage.branch.BranchCoverageSuiteFitness ** 0.3215434083601286
Current fitness function value: class org.evosuite.coverage.branch.BranchCoverageSuiteFitness ** 0.33762057877813506
Current fitness function value: class org.evosuite.coverage.branch.BranchCoverageSuiteFitness ** 0.3954983922829582
Current fitness function value: class org.evosuite.coverage.branch.BranchCoverageSuiteFitness ** 0.4115755627009646
Current fitness function value: class org.evosuite.coverage.branch.BranchCoverageSuiteFitness ** 0.4180064308681672
Current fitness function value: class org.evosuite.coverage.branch.BranchCoverageSuiteFitness ** 0.4180064308681672
Current fitness function value: class org.evosuite.coverage.branch.BranchCoverageSuiteFitness ** 0.4212218649517685
[MASTER] 19:14:43.561 [logback-1] WARN  TestChromosome - Functional mock problem: org.evosuite.ga.ConstructionFailedException: Failed to add constructor for com.google.javascript.rhino.head.Synchronizer due to org.evosuite.ga.ConstructionFailedException: Max recursion depth reached
Current fitness function value: class org.evosuite.coverage.branch.BranchCoverageSuiteFitness ** 0.42443729903536975
Current fitness function value: class org.evosuite.coverage.branch.BranchCoverageSuiteFitness ** 0.42443729903536975
Current fitness function value: class org.evosuite.coverage.branch.BranchCoverageSuiteFitness ** 0.42443729903536975
Current fitness function value: class org.evosuite.coverage.branch.BranchCoverageSuiteFitness ** 0.42443729903536975
Current fitness function value: class org.evosuite.coverage.branch.BranchCoverageSuiteFitness ** 0.42443729903536975
Current fitness function value: class org.evosuite.coverage.branch.BranchCoverageSuiteFitness ** 0.42443729903536975
Current fitness function value: class org.evosuite.coverage.branch.BranchCoverageSuiteFitness ** 0.42765273311897106
Current fitness function value: class org.evosuite.coverage.branch.BranchCoverageSuiteFitness ** 0.42765273311897106
[MASTER] 19:16:36.004 [logback-1] WARN  TestChromosome - Functional mock problem: org.evosuite.ga.ConstructionFailedException: Failed to add constructor for com.google.javascript.rhino.head.BoundFunction due to org.evosuite.ga.ConstructionFailedException: Failed to add constructor for com.google.javascript.rhino.head.NativeJavaArray due to org.evosuite.ga.ConstructionFailedException: Failed to add constructor for com.google.javascript.rhino.head.NativeJavaConstructor due to org.evosuite.ga.ConstructionFailedException: Have no generator for class com.google.javascript.rhino.head.MemberBox canUseFunctionalMocks=true, canBeMocked: false
Current fitness function value: class org.evosuite.coverage.branch.BranchCoverageSuiteFitness ** 0.42765273311897106
Current fitness function value: class org.evosuite.coverage.branch.BranchCoverageSuiteFitness ** 0.42765273311897106
Current fitness function value: class org.evosuite.coverage.branch.BranchCoverageSuiteFitness ** 0.42765273311897106
Current fitness function value: class org.evosuite.coverage.branch.BranchCoverageSuiteFitness ** 0.42765273311897106
Current fitness function value: class org.evosuite.coverage.branch.BranchCoverageSuiteFitness ** 0.42765273311897106
Current fitness function value: class org.evosuite.coverage.branch.BranchCoverageSuiteFitness ** 0.42765273311897106
* Search finished after 317s and 325 generations, 73105 statements, best individual has fitness: 178.0
Current fitness function value: class org.evosuite.coverage.branch.BranchCoverageSuiteFitness ** 0.42765273311897106
* Minimizing test suite
* Going to analyze the coverage criteria
* Coverage analysis for criterion BRANCH
* Coverage of criterion BRANCH: 21%
* Total number of goals: 311
* Number of covered goals: 64
Current fitness function value: class org.evosuite.coverage.branch.BranchCoverageSuiteFitness ** 0.42765273311897106
* Generated 28 tests with total length 84
* Resulting test suite's coverage: 43%
* Generating assertions
* Resulting test suite's mutation score: 7%
Current fitness function value: class org.evosuite.coverage.branch.BranchCoverageSuiteFitness ** 0.42765273311897106
* Compiling and checking tests
* Permissions denied during test execution: 
  - java.io.FilePermission: 
         execute /usr/bin/xprop: 1
  - java.lang.RuntimePermission: 
         writeFileDescriptor: 3
* Writing tests to file
* Writing JUnit test case 'Dim_ESTest' to results/evosuite5/closure-16-com.google.javascript.rhino.head.tools.debugger.Dim-14
* Done!

* Computation finished
