entry: sources/closure-16/build/classes
entry: sources/closure-16/lib/args4j.jar
entry: sources/closure-16/lib/guava.jar
entry: sources/closure-16/lib/json.jar
entry: sources/closure-16/lib/jsr305.jar
entry: sources/closure-16/lib/protobuf-java.jar
entry: sources/closure-16/build/lib/rhino.jar
entry: sources/closure-16/lib/ant.jar
** CP: sources/closure-16/build/classes:sources/closure-16/lib/args4j.jar:sources/closure-16/lib/guava.jar:sources/closure-16/lib/json.jar:sources/closure-16/lib/jsr305.jar:sources/closure-16/lib/protobuf-java.jar:sources/closure-16/build/lib/rhino.jar:sources/closure-16/lib/ant.jar
* EvoSuite 1.0.7-SNAPSHOT
* Going to generate test cases for class: com.google.javascript.rhino.head.Context
* Starting Client-0
* Connecting to master process on port 8603
* Analyzing classpath: 
  - sources/closure-16/build/classes
  - sources/closure-16/lib/args4j.jar
  - sources/closure-16/lib/guava.jar
  - sources/closure-16/lib/json.jar
  - sources/closure-16/lib/jsr305.jar
  - sources/closure-16/lib/protobuf-java.jar
  - sources/closure-16/build/lib/rhino.jar
  - sources/closure-16/lib/ant.jar
* Finished analyzing classpath
* Generating tests for class com.google.javascript.rhino.head.Context
* Test criterion:
  - Branch Coverage
* Total number of test goals for DYNAMOSA: 397
* Using seed 1565737905331
* Starting evolution
* Initialsss Number of Goals in DynMOSA = 249 / 397
[MASTER] 01:12:30.066 [logback-1] WARN  TestUsageChecker - class com.google.javascript.rhino.head.ContextFactory$1GlobalSetterImpl looks like an anonymous class, ignoring it (although reflection says false) GlobalSetterImpl
Current fitness function value: class org.evosuite.coverage.branch.BranchCoverageSuiteFitness ** 0.38287153652392947
[MASTER] 01:12:41.780 [logback-1] WARN  TestChromosome - Functional mock problem: org.evosuite.ga.ConstructionFailedException: Failed to add constructor for com.google.javascript.rhino.head.FunctionObject due to org.evosuite.ga.ConstructionFailedException: Have no generator for class java.lang.reflect.Method canUseFunctionalMocks=true, canBeMocked: false
Current fitness function value: class org.evosuite.coverage.branch.BranchCoverageSuiteFitness ** 0.5491183879093199
Current fitness function value: class org.evosuite.coverage.branch.BranchCoverageSuiteFitness ** 0.6297229219143576
[MASTER] 01:12:58.162 [logback-1] WARN  TestChromosome - Functional mock problem: org.evosuite.ga.ConstructionFailedException: Failed to add constructor for com.google.javascript.rhino.head.NativeJavaMethod due to org.evosuite.ga.ConstructionFailedException: Failed to add constructor for com.google.javascript.rhino.head.FunctionObject due to org.evosuite.ga.ConstructionFailedException: Failed to add constructor for com.google.javascript.rhino.head.MemberBox due to org.evosuite.ga.ConstructionFailedException: Have no generator for class java.lang.reflect.Method canUseFunctionalMocks=true, canBeMocked: false
Current fitness function value: class org.evosuite.coverage.branch.BranchCoverageSuiteFitness ** 0.6926952141057935
Current fitness function value: class org.evosuite.coverage.branch.BranchCoverageSuiteFitness ** 0.7178841309823678
Current fitness function value: class org.evosuite.coverage.branch.BranchCoverageSuiteFitness ** 0.7481108312342569
[MASTER] 01:13:36.723 [logback-1] WARN  TestChromosome - Functional mock problem: org.evosuite.ga.ConstructionFailedException: Failed to add constructor for com.google.javascript.rhino.head.FieldAndMethods due to org.evosuite.ga.ConstructionFailedException: Have no generator for class java.lang.reflect.Field canUseFunctionalMocks=true, canBeMocked: false
Current fitness function value: class org.evosuite.coverage.branch.BranchCoverageSuiteFitness ** 0.7531486146095718
[MASTER] 01:13:38.136 [logback-1] WARN  TestChromosome - Functional mock problem: org.evosuite.ga.ConstructionFailedException: Failed to add constructor for com.google.javascript.rhino.head.FunctionObject due to org.evosuite.ga.ConstructionFailedException: Have no generator for class com.google.javascript.rhino.head.FunctionObject canUseFunctionalMocks=false, canBeMocked: true
[MASTER] 01:13:39.036 [logback-1] WARN  TestChromosome - Functional mock problem: org.evosuite.ga.ConstructionFailedException: Failed to add constructor for com.google.javascript.rhino.head.NativeJavaConstructor due to org.evosuite.ga.ConstructionFailedException: Failed to add constructor for com.google.javascript.rhino.head.MemberBox due to org.evosuite.ga.ConstructionFailedException: Have no generator for java.lang.reflect.Constructor<java.lang.Byte> canUseFunctionalMocks=true, canBeMocked: false
Current fitness function value: class org.evosuite.coverage.branch.BranchCoverageSuiteFitness ** 0.7581863979848866
Current fitness function value: class org.evosuite.coverage.branch.BranchCoverageSuiteFitness ** 0.760705289672544
Current fitness function value: class org.evosuite.coverage.branch.BranchCoverageSuiteFitness ** 0.7682619647355163
Current fitness function value: class org.evosuite.coverage.branch.BranchCoverageSuiteFitness ** 0.7707808564231738
[MASTER] 01:14:19.758 [logback-1] WARN  TestChromosome - Functional mock problem: org.evosuite.ga.ConstructionFailedException: Failed to add constructor for com.google.javascript.rhino.head.NativeJavaConstructor due to org.evosuite.ga.ConstructionFailedException: Failed to add constructor for com.google.javascript.rhino.head.MemberBox due to org.evosuite.ga.ConstructionFailedException: Have no generator for class java.lang.reflect.Method canUseFunctionalMocks=true, canBeMocked: false
Current fitness function value: class org.evosuite.coverage.branch.BranchCoverageSuiteFitness ** 0.7758186397984886
[MASTER] 01:14:33.164 [logback-1] WARN  TestChromosome - Functional mock problem: org.evosuite.ga.ConstructionFailedException: Failed to add constructor for com.google.javascript.rhino.head.FunctionObject due to org.evosuite.ga.ConstructionFailedException: Failed to add constructor for com.google.javascript.rhino.head.MemberBox due to org.evosuite.ga.ConstructionFailedException: Have no generator for java.lang.reflect.Constructor<com.google.javascript.rhino.head.InterpretedFunction> canUseFunctionalMocks=true, canBeMocked: false
Current fitness function value: class org.evosuite.coverage.branch.BranchCoverageSuiteFitness ** 0.7808564231738035
[MASTER] 01:14:46.920 [logback-1] WARN  TestChromosome - Functional mock problem: org.evosuite.ga.ConstructionFailedException: Failed to add constructor for com.google.javascript.rhino.head.FieldAndMethods due to org.evosuite.ga.ConstructionFailedException: Failed to add constructor for com.google.javascript.rhino.head.FunctionObject due to org.evosuite.ga.ConstructionFailedException: Failed to add constructor for com.google.javascript.rhino.head.MemberBox due to org.evosuite.ga.ConstructionFailedException: Have no generator for java.lang.reflect.Constructor<com.google.javascript.rhino.head.InterpretedFunction> canUseFunctionalMocks=true, canBeMocked: false
[MASTER] 01:14:50.642 [logback-1] WARN  TestChromosome - Functional mock problem: org.evosuite.ga.ConstructionFailedException: Failed to add constructor for com.google.javascript.rhino.head.FunctionObject due to org.evosuite.ga.ConstructionFailedException: Failed to add constructor for com.google.javascript.rhino.head.MemberBox due to org.evosuite.ga.ConstructionFailedException: Have no generator for java.lang.reflect.Constructor<com.google.javascript.rhino.head.FieldAndMethods> canUseFunctionalMocks=true, canBeMocked: false
Current fitness function value: class org.evosuite.coverage.branch.BranchCoverageSuiteFitness ** 0.7808564231738035
Current fitness function value: class org.evosuite.coverage.branch.BranchCoverageSuiteFitness ** 0.7858942065491183
[MASTER] 01:15:11.108 [logback-1] WARN  TestChromosome - Functional mock problem: org.evosuite.ga.ConstructionFailedException: Failed to add constructor for com.google.javascript.rhino.head.FieldAndMethods due to org.evosuite.ga.ConstructionFailedException: Failed to add constructor for com.google.javascript.rhino.head.MemberBox due to org.evosuite.ga.ConstructionFailedException: Have no generator for java.lang.reflect.Constructor<com.google.javascript.rhino.head.NativeJavaConstructor> canUseFunctionalMocks=true, canBeMocked: false
Current fitness function value: class org.evosuite.coverage.branch.BranchCoverageSuiteFitness ** 0.801007556675063
Current fitness function value: class org.evosuite.coverage.branch.BranchCoverageSuiteFitness ** 0.8060453400503779
[MASTER] 01:15:32.726 [logback-1] WARN  TestChromosome - Functional mock problem: org.evosuite.ga.ConstructionFailedException: Failed to add constructor for com.google.javascript.rhino.head.NativeGenerator due to org.evosuite.ga.ConstructionFailedException: Failed to add constructor for com.google.javascript.rhino.head.InterpreterData due to org.evosuite.ga.ConstructionFailedException: Max recursion depth reached
Current fitness function value: class org.evosuite.coverage.branch.BranchCoverageSuiteFitness ** 0.8060453400503779
Current fitness function value: class org.evosuite.coverage.branch.BranchCoverageSuiteFitness ** 0.8060453400503779
[MASTER] 01:15:50.147 [logback-1] WARN  TestChromosome - Functional mock problem: org.evosuite.ga.ConstructionFailedException: Failed to add constructor for com.google.javascript.rhino.head.NativeJavaConstructor due to org.evosuite.ga.ConstructionFailedException: Failed to add constructor for com.google.javascript.rhino.head.FunctionObject due to org.evosuite.ga.ConstructionFailedException: Have no generator for class java.lang.reflect.Method canUseFunctionalMocks=true, canBeMocked: false
Current fitness function value: class org.evosuite.coverage.branch.BranchCoverageSuiteFitness ** 0.8060453400503779
Current fitness function value: class org.evosuite.coverage.branch.BranchCoverageSuiteFitness ** 0.8060453400503779
[MASTER] 01:16:07.380 [logback-1] WARN  TestChromosome - Functional mock problem: org.evosuite.ga.ConstructionFailedException: Failed to add constructor for com.google.javascript.rhino.head.FunctionObject due to org.evosuite.ga.ConstructionFailedException: Failed to add constructor for com.google.javascript.rhino.head.MemberBox due to org.evosuite.ga.ConstructionFailedException: Have no generator for class java.lang.reflect.Method canUseFunctionalMocks=true, canBeMocked: false
Current fitness function value: class org.evosuite.coverage.branch.BranchCoverageSuiteFitness ** 0.8085642317380353
[MASTER] 01:16:23.770 [logback-1] WARN  TestChromosome - Functional mock problem: org.evosuite.ga.ConstructionFailedException: Failed to add constructor for com.google.javascript.rhino.head.NativeJavaMethod due to org.evosuite.ga.ConstructionFailedException: Failed to add constructor for com.google.javascript.rhino.head.FunctionObject due to org.evosuite.ga.ConstructionFailedException: Failed to add constructor for com.google.javascript.rhino.head.MemberBox due to org.evosuite.ga.ConstructionFailedException: Have no generator for java.lang.reflect.Constructor<com.google.javascript.rhino.head.NativeJavaConstructor> canUseFunctionalMocks=true, canBeMocked: false
Current fitness function value: class org.evosuite.coverage.branch.BranchCoverageSuiteFitness ** 0.8085642317380353
[MASTER] 01:16:31.312 [logback-1] WARN  TestChromosome - Functional mock problem: org.evosuite.ga.ConstructionFailedException: Failed to add constructor for com.google.javascript.rhino.head.FieldAndMethods due to org.evosuite.ga.ConstructionFailedException: Failed to add constructor for com.google.javascript.rhino.head.MemberBox due to org.evosuite.ga.ConstructionFailedException: Have no generator for java.lang.reflect.Constructor<com.google.javascript.rhino.head.NativeGenerator> canUseFunctionalMocks=true, canBeMocked: false
Current fitness function value: class org.evosuite.coverage.branch.BranchCoverageSuiteFitness ** 0.8085642317380353
[MASTER] 01:16:42.697 [logback-1] WARN  TestChromosome - Functional mock problem: org.evosuite.ga.ConstructionFailedException: Failed to add constructor for com.google.javascript.rhino.head.Arguments due to org.evosuite.ga.ConstructionFailedException: Failed to add constructor for com.google.javascript.rhino.head.NativeCall due to org.evosuite.ga.ConstructionFailedException: Failed to add constructor for com.google.javascript.rhino.head.InterpreterData due to org.evosuite.ga.ConstructionFailedException: Max recursion depth reached
Current fitness function value: class org.evosuite.coverage.branch.BranchCoverageSuiteFitness ** 0.8085642317380353
[MASTER] 01:16:45.814 [logback-1] WARN  TestChromosome - Functional mock problem: org.evosuite.ga.ConstructionFailedException: Failed to add constructor for com.google.javascript.rhino.head.FieldAndMethods due to org.evosuite.ga.ConstructionFailedException: Failed to add constructor for com.google.javascript.rhino.head.FunctionObject due to org.evosuite.ga.ConstructionFailedException: Have no generator for class java.lang.reflect.Method canUseFunctionalMocks=true, canBeMocked: false
[MASTER] 01:16:51.480 [logback-1] WARN  TestChromosome - Functional mock problem: org.evosuite.ga.ConstructionFailedException: Failed to add constructor for com.google.javascript.rhino.head.NativeJavaConstructor due to org.evosuite.ga.ConstructionFailedException: Failed to add constructor for com.google.javascript.rhino.head.MemberBox due to org.evosuite.ga.ConstructionFailedException: Have no generator for java.lang.reflect.Constructor<com.google.javascript.rhino.head.Interpreter> canUseFunctionalMocks=true, canBeMocked: false
Current fitness function value: class org.evosuite.coverage.branch.BranchCoverageSuiteFitness ** 0.8085642317380353
[MASTER] 01:17:04.380 [logback-1] WARN  TestChromosome - Functional mock problem: org.evosuite.ga.ConstructionFailedException: Failed to add constructor for com.google.javascript.rhino.head.JavaScriptException due to org.evosuite.ga.ConstructionFailedException: Failed to add constructor for com.google.javascript.rhino.head.NativeJavaConstructor due to org.evosuite.ga.ConstructionFailedException: Failed to add constructor for com.google.javascript.rhino.head.MemberBox due to org.evosuite.ga.ConstructionFailedException: Have no generator for java.lang.reflect.Constructor<com.google.javascript.rhino.head.NativeJavaTopPackage> canUseFunctionalMocks=true, canBeMocked: false
Current fitness function value: class org.evosuite.coverage.branch.BranchCoverageSuiteFitness ** 0.8085642317380353
Current fitness function value: class org.evosuite.coverage.branch.BranchCoverageSuiteFitness ** 0.8085642317380353
[MASTER] 01:17:19.354 [logback-1] WARN  TestChromosome - Functional mock problem: org.evosuite.ga.ConstructionFailedException: Failed to add constructor for com.google.javascript.rhino.head.InterpreterData due to org.evosuite.ga.ConstructionFailedException: Have no generator for class com.google.javascript.rhino.head.Interpreter canUseFunctionalMocks=false, canBeMocked: true
Current fitness function value: class org.evosuite.coverage.branch.BranchCoverageSuiteFitness ** 0.8161209068010076
Current fitness function value: class org.evosuite.coverage.branch.BranchCoverageSuiteFitness ** 0.8161209068010076
* Search finished after 303s and 343 generations, 87412 statements, best individual has fitness: 73.0
Current fitness function value: class org.evosuite.coverage.branch.BranchCoverageSuiteFitness ** 0.8161209068010076
* Minimizing test suite
* Going to analyze the coverage criteria
* Coverage analysis for criterion BRANCH
* Coverage of criterion BRANCH: 69%
* Total number of goals: 397
* Number of covered goals: 274
Current fitness function value: class org.evosuite.coverage.branch.BranchCoverageSuiteFitness ** 0.8161209068010076
* Generated 137 tests with total length 347
* Resulting test suite's coverage: 82%
* Generating assertions
[MASTER] 01:18:18.602 [logback-1] WARN  SimpleMutationAssertionGenerator - Assertion minimization is taking too long (0.6689833333333334% of time used, but only 15/137 tests minimized), falling back to using all assertions
* Resulting test suite's mutation score: 6%
Current fitness function value: class org.evosuite.coverage.branch.BranchCoverageSuiteFitness ** 0.8161209068010076
* Compiling and checking tests
[MASTER] 01:19:17.091 [logback-1] WARN  JUnitAnalyzer - Found unstable test named test0 -> class org.evosuite.runtime.mock.java.lang.MockRuntimeException: No Context associated with current Thread
[MASTER] 01:19:17.092 [logback-1] WARN  JUnitAnalyzer - Failing test:
 NativeCall nativeCall0 = new NativeCall();
Context context0 = Context.getContext();
NativeContinuation nativeContinuation0 = new NativeContinuation();
Context.call((ContextFactory) null, (Callable) nativeContinuation0, (Scriptable) nativeCall0, (Scriptable) nativeContinuation0, context0.emptyArgs);

* Permissions denied during test execution: 
  - java.lang.RuntimePermission: 
         writeFileDescriptor: 3
* Writing tests to file
* Writing JUnit test case 'Context_ESTest' to results/evosuite5/closure-16-com.google.javascript.rhino.head.Context-11
* Done!

* Computation finished
