entry: sources/closure-16/build/classes
entry: sources/closure-16/lib/args4j.jar
entry: sources/closure-16/lib/guava.jar
entry: sources/closure-16/lib/json.jar
entry: sources/closure-16/lib/jsr305.jar
entry: sources/closure-16/lib/protobuf-java.jar
entry: sources/closure-16/build/lib/rhino.jar
entry: sources/closure-16/lib/ant.jar
** CP: sources/closure-16/build/classes:sources/closure-16/lib/args4j.jar:sources/closure-16/lib/guava.jar:sources/closure-16/lib/json.jar:sources/closure-16/lib/jsr305.jar:sources/closure-16/lib/protobuf-java.jar:sources/closure-16/build/lib/rhino.jar:sources/closure-16/lib/ant.jar
* EvoSuite 1.0.7-SNAPSHOT
* Going to generate test cases for class: com.google.javascript.jscomp.AbstractCommandLineRunner
* Starting Client-0
* Connecting to master process on port 5673
* Analyzing classpath: 
  - sources/closure-16/build/classes
  - sources/closure-16/lib/args4j.jar
  - sources/closure-16/lib/guava.jar
  - sources/closure-16/lib/json.jar
  - sources/closure-16/lib/jsr305.jar
  - sources/closure-16/lib/protobuf-java.jar
  - sources/closure-16/build/lib/rhino.jar
  - sources/closure-16/lib/ant.jar
* Finished analyzing classpath
* Generating tests for class com.google.javascript.jscomp.AbstractCommandLineRunner
* Test criterion:
  - Branch Coverage
* Total number of test goals for DYNAMOSA: 457
* Using seed 1564037963208
* Starting evolution
* Initialsss Number of Goals in DynMOSA = 163 / 457
Current fitness function value: class org.evosuite.coverage.branch.BranchCoverageSuiteFitness ** 0.14442013129102846
Current fitness function value: class org.evosuite.coverage.branch.BranchCoverageSuiteFitness ** 0.26914660831509846
Current fitness function value: class org.evosuite.coverage.branch.BranchCoverageSuiteFitness ** 0.2800875273522976
Current fitness function value: class org.evosuite.coverage.branch.BranchCoverageSuiteFitness ** 0.3238512035010941
Current fitness function value: class org.evosuite.coverage.branch.BranchCoverageSuiteFitness ** 0.3238512035010941
[MASTER] 09:01:26.965 [logback-1] WARN  TestChromosome - Functional mock problem: org.evosuite.ga.ConstructionFailedException: Failed to add constructor for com.google.javascript.jscomp.NodeTraversal due to org.evosuite.ga.ConstructionFailedException: Failed to add constructor for com.google.javascript.jscomp.TypeCheck due to org.evosuite.ga.ConstructionFailedException: Failed to add constructor for com.google.javascript.jscomp.Scope due to org.evosuite.ga.ConstructionFailedException: Failed to add constructor for com.google.javascript.rhino.Node due to org.evosuite.ga.ConstructionFailedException: Max recursion depth reached
[MASTER] 09:01:31.818 [logback-1] WARN  TestChromosome - Functional mock problem: org.evosuite.ga.ConstructionFailedException: Failed to add constructor for com.google.javascript.rhino.Node due to org.evosuite.ga.ConstructionFailedException: Max recursion depth reached
[MASTER] 09:01:37.015 [logback-1] WARN  TestChromosome - Functional mock problem: org.evosuite.ga.ConstructionFailedException: Failed to add constructor for com.google.javascript.jscomp.CompilerInput due to org.evosuite.ga.ConstructionFailedException: Failed to add constructor for com.google.javascript.jscomp.CompilerInput due to org.evosuite.ga.ConstructionFailedException: Failed to add constructor for com.google.javascript.jscomp.NodeTraversal due to org.evosuite.ga.ConstructionFailedException: Failed to add constructor for com.google.javascript.jscomp.TypedScopeCreator due to org.evosuite.ga.ConstructionFailedException: Failed to add constructor for com.google.javascript.jscomp.JqueryCodingConvention due to org.evosuite.ga.ConstructionFailedException: Max recursion depth reached
Current fitness function value: class org.evosuite.coverage.branch.BranchCoverageSuiteFitness ** 0.3238512035010941
[MASTER] 09:01:37.717 [logback-1] WARN  TestChromosome - Functional mock problem: org.evosuite.ga.ConstructionFailedException: Failed to add constructor for com.google.javascript.jscomp.CompilerInput due to org.evosuite.ga.ConstructionFailedException: Failed to add constructor for com.google.javascript.jscomp.NodeTraversal due to org.evosuite.ga.ConstructionFailedException: Failed to add constructor for com.google.javascript.jscomp.SyntacticScopeCreator due to org.evosuite.ga.ConstructionFailedException: Have no generator for interface com.google.javascript.jscomp.SyntacticScopeCreator$RedeclarationHandler canUseFunctionalMocks=true, canBeMocked: false
[MASTER] 09:01:38.412 [logback-1] WARN  TestChromosome - Functional mock problem: org.evosuite.ga.ConstructionFailedException: Failed to add constructor for com.google.javascript.jscomp.CompilerInput due to org.evosuite.ga.ConstructionFailedException: Failed to add constructor for com.google.javascript.jscomp.CompilerInput due to org.evosuite.ga.ConstructionFailedException: Failed to add constructor for com.google.javascript.jscomp.NodeTraversal due to org.evosuite.ga.ConstructionFailedException: Failed to add constructor for com.google.javascript.jscomp.SyntacticScopeCreator due to org.evosuite.ga.ConstructionFailedException: Have no generator for interface com.google.javascript.jscomp.SyntacticScopeCreator$RedeclarationHandler canUseFunctionalMocks=true, canBeMocked: false
Current fitness function value: class org.evosuite.coverage.branch.BranchCoverageSuiteFitness ** 0.32603938730853393
[MASTER] 09:02:02.353 [logback-1] WARN  TestChromosome - Functional mock problem: org.evosuite.ga.ConstructionFailedException: Failed to add constructor for com.google.javascript.jscomp.NodeTraversal due to org.evosuite.ga.ConstructionFailedException: Failed to add constructor for com.google.javascript.jscomp.ExpandJqueryAliases$FindCallbackArgumentReferences due to java.lang.IllegalArgumentException: Size mismatched
Current fitness function value: class org.evosuite.coverage.branch.BranchCoverageSuiteFitness ** 0.3282275711159737
[MASTER] 09:02:16.406 [logback-1] WARN  TestChromosome - Functional mock problem: org.evosuite.ga.ConstructionFailedException: Failed to add constructor for com.google.javascript.jscomp.CompilerInput due to org.evosuite.ga.ConstructionFailedException: Failed to add constructor for com.google.javascript.jscomp.Compiler due to org.evosuite.ga.ConstructionFailedException: Failed to add constructor for com.google.javascript.jscomp.PrintStreamErrorManager due to org.evosuite.ga.ConstructionFailedException: Failed to add constructor for org.evosuite.runtime.mock.java.io.MockPrintStream due to org.evosuite.ga.ConstructionFailedException: Max recursion depth reached
Current fitness function value: class org.evosuite.coverage.branch.BranchCoverageSuiteFitness ** 0.33260393873085337
Current fitness function value: class org.evosuite.coverage.branch.BranchCoverageSuiteFitness ** 0.3347921225382932
[MASTER] 09:02:37.680 [logback-1] WARN  TestChromosome - Functional mock problem: org.evosuite.ga.ConstructionFailedException: Failed to add constructor for com.google.javascript.rhino.Node due to org.evosuite.ga.ConstructionFailedException: Failed to add constructor for com.google.javascript.rhino.Node due to org.evosuite.ga.ConstructionFailedException: Failed to add constructor for com.google.javascript.rhino.Node due to org.evosuite.ga.ConstructionFailedException: Max recursion depth reached
Current fitness function value: class org.evosuite.coverage.branch.BranchCoverageSuiteFitness ** 0.3347921225382932
Current fitness function value: class org.evosuite.coverage.branch.BranchCoverageSuiteFitness ** 0.3413566739606127
Current fitness function value: class org.evosuite.coverage.branch.BranchCoverageSuiteFitness ** 0.3413566739606127
Current fitness function value: class org.evosuite.coverage.branch.BranchCoverageSuiteFitness ** 0.3413566739606127
Current fitness function value: class org.evosuite.coverage.branch.BranchCoverageSuiteFitness ** 0.3413566739606127
Current fitness function value: class org.evosuite.coverage.branch.BranchCoverageSuiteFitness ** 0.3413566739606127
Current fitness function value: class org.evosuite.coverage.branch.BranchCoverageSuiteFitness ** 0.3413566739606127
Current fitness function value: class org.evosuite.coverage.branch.BranchCoverageSuiteFitness ** 0.3413566739606127
Current fitness function value: class org.evosuite.coverage.branch.BranchCoverageSuiteFitness ** 0.3413566739606127
Current fitness function value: class org.evosuite.coverage.branch.BranchCoverageSuiteFitness ** 0.3588621444201313
Current fitness function value: class org.evosuite.coverage.branch.BranchCoverageSuiteFitness ** 0.3588621444201313
Current fitness function value: class org.evosuite.coverage.branch.BranchCoverageSuiteFitness ** 0.3588621444201313
* Search finished after 302s and 146 generations, 65088 statements, best individual has fitness: 293.0
Current fitness function value: class org.evosuite.coverage.branch.BranchCoverageSuiteFitness ** 0.3588621444201313
* Minimizing test suite
* Going to analyze the coverage criteria
* Coverage analysis for criterion BRANCH
* Coverage of criterion BRANCH: 36%
* Total number of goals: 457
* Number of covered goals: 163
Current fitness function value: class org.evosuite.coverage.branch.BranchCoverageSuiteFitness ** 0.3588621444201313
* Generated 44 tests with total length 166
* Resulting test suite's coverage: 36%
* Generating assertions
* Resulting test suite's mutation score: 15%
Current fitness function value: class org.evosuite.coverage.branch.BranchCoverageSuiteFitness ** 0.3588621444201313
* Compiling and checking tests
* Permissions denied during test execution: 
  - java.lang.RuntimePermission: 
         writeFileDescriptor: 21
* Writing tests to file
* Writing JUnit test case 'AbstractCommandLineRunner_ESTest' to results/evosuite5/closure-16-com.google.javascript.jscomp.AbstractCommandLineRunner-9
* Done!

* Computation finished
