entry: sources/closure-16/build/classes
entry: sources/closure-16/lib/args4j.jar
entry: sources/closure-16/lib/guava.jar
entry: sources/closure-16/lib/json.jar
entry: sources/closure-16/lib/jsr305.jar
entry: sources/closure-16/lib/protobuf-java.jar
entry: sources/closure-16/build/lib/rhino.jar
entry: sources/closure-16/lib/ant.jar
** CP: sources/closure-16/build/classes:sources/closure-16/lib/args4j.jar:sources/closure-16/lib/guava.jar:sources/closure-16/lib/json.jar:sources/closure-16/lib/jsr305.jar:sources/closure-16/lib/protobuf-java.jar:sources/closure-16/build/lib/rhino.jar:sources/closure-16/lib/ant.jar
* EvoSuite 1.0.7-SNAPSHOT
* Going to generate test cases for class: com.google.javascript.rhino.head.ScriptRuntime
* Starting Client-0
* Connecting to master process on port 13114
* Analyzing classpath: 
  - sources/closure-16/build/classes
  - sources/closure-16/lib/args4j.jar
  - sources/closure-16/lib/guava.jar
  - sources/closure-16/lib/json.jar
  - sources/closure-16/lib/jsr305.jar
  - sources/closure-16/lib/protobuf-java.jar
  - sources/closure-16/build/lib/rhino.jar
  - sources/closure-16/lib/ant.jar
* Finished analyzing classpath
* Generating tests for class com.google.javascript.rhino.head.ScriptRuntime
* Test criterion:
  - Branch Coverage
* Total number of test goals for DYNAMOSA: 1430
* Using seed 1565744877306
* Starting evolution
* Initialsss Number of Goals in DynMOSA = 432 / 1430
Current fitness function value: class org.evosuite.coverage.branch.BranchCoverageSuiteFitness ** 0.12657342657342657
Current fitness function value: class org.evosuite.coverage.branch.BranchCoverageSuiteFitness ** 0.16433566433566432
[MASTER] 03:08:54.454 [logback-1] WARN  TestUsageChecker - class com.google.javascript.rhino.head.ContextFactory$1GlobalSetterImpl looks like an anonymous class, ignoring it (although reflection says false) GlobalSetterImpl
[MASTER] 03:09:00.085 [logback-1] WARN  TestChromosome - Functional mock problem: org.evosuite.ga.ConstructionFailedException: Failed to add constructor for com.google.javascript.rhino.head.FieldAndMethods due to org.evosuite.ga.ConstructionFailedException: Have no generator for class java.lang.reflect.Field canUseFunctionalMocks=true, canBeMocked: false
Current fitness function value: class org.evosuite.coverage.branch.BranchCoverageSuiteFitness ** 0.26573426573426573
[MASTER] 03:09:08.064 [logback-1] WARN  TestChromosome - Functional mock problem: org.evosuite.ga.ConstructionFailedException: Have no generator for class java.lang.reflect.Method canUseFunctionalMocks=true, canBeMocked: false
[MASTER] 03:09:11.467 [logback-1] WARN  TestChromosome - Functional mock problem: org.evosuite.ga.ConstructionFailedException: Failed to add constructor for com.google.javascript.rhino.head.ScriptRuntime$NoSuchMethodShim due to org.evosuite.ga.ConstructionFailedException: Failed to add constructor for com.google.javascript.rhino.head.IdFunctionObject due to org.evosuite.ga.ConstructionFailedException: Failed to add constructor for com.google.javascript.rhino.head.BaseFunction due to org.evosuite.ga.ConstructionFailedException: Max recursion depth reached
Current fitness function value: class org.evosuite.coverage.branch.BranchCoverageSuiteFitness ** 0.3300699300699301
Current fitness function value: class org.evosuite.coverage.branch.BranchCoverageSuiteFitness ** 0.36153846153846153
[MASTER] 03:09:26.922 [logback-1] WARN  TestChromosome - Functional mock problem: org.evosuite.ga.ConstructionFailedException: Failed to add constructor for com.google.javascript.rhino.head.Synchronizer due to org.evosuite.ga.ConstructionFailedException: Failed to add constructor for com.google.javascript.rhino.head.NativeJavaObject due to org.evosuite.ga.ConstructionFailedException: Max recursion depth reached
Current fitness function value: class org.evosuite.coverage.branch.BranchCoverageSuiteFitness ** 0.4048951048951049
[MASTER] 03:09:37.736 [logback-1] WARN  TestChromosome - Functional mock problem: org.evosuite.ga.ConstructionFailedException: Failed to add constructor for com.google.javascript.rhino.head.MemberBox due to org.evosuite.ga.ConstructionFailedException: Have no generator for java.lang.reflect.Constructor<com.google.javascript.rhino.head.InterpretedFunction> canUseFunctionalMocks=true, canBeMocked: false
Current fitness function value: class org.evosuite.coverage.branch.BranchCoverageSuiteFitness ** 0.4405594405594406
Current fitness function value: class org.evosuite.coverage.branch.BranchCoverageSuiteFitness ** 0.48391608391608393
Current fitness function value: class org.evosuite.coverage.branch.BranchCoverageSuiteFitness ** 0.5216783216783217
Current fitness function value: class org.evosuite.coverage.branch.BranchCoverageSuiteFitness ** 0.5496503496503496
Current fitness function value: class org.evosuite.coverage.branch.BranchCoverageSuiteFitness ** 0.5622377622377622
Current fitness function value: class org.evosuite.coverage.branch.BranchCoverageSuiteFitness ** 0.5741258741258741
