entry: sources/closure-16/build/classes
entry: sources/closure-16/lib/args4j.jar
entry: sources/closure-16/lib/guava.jar
entry: sources/closure-16/lib/json.jar
entry: sources/closure-16/lib/jsr305.jar
entry: sources/closure-16/lib/protobuf-java.jar
entry: sources/closure-16/build/lib/rhino.jar
entry: sources/closure-16/lib/ant.jar
** CP: sources/closure-16/build/classes:sources/closure-16/lib/args4j.jar:sources/closure-16/lib/guava.jar:sources/closure-16/lib/json.jar:sources/closure-16/lib/jsr305.jar:sources/closure-16/lib/protobuf-java.jar:sources/closure-16/build/lib/rhino.jar:sources/closure-16/lib/ant.jar
* EvoSuite 1.0.7-SNAPSHOT
* Going to generate test cases for class: com.google.javascript.jscomp.AbstractCommandLineRunner
* Starting Client-0
* Connecting to master process on port 17339
* Analyzing classpath: 
  - sources/closure-16/build/classes
  - sources/closure-16/lib/args4j.jar
  - sources/closure-16/lib/guava.jar
  - sources/closure-16/lib/json.jar
  - sources/closure-16/lib/jsr305.jar
  - sources/closure-16/lib/protobuf-java.jar
  - sources/closure-16/build/lib/rhino.jar
  - sources/closure-16/lib/ant.jar
* Finished analyzing classpath
* Generating tests for class com.google.javascript.jscomp.AbstractCommandLineRunner
* Test criterion:
  - Branch Coverage
* Total number of test goals for DYNAMOSA: 457
* Using seed 1564037829707
* Starting evolution
* Initialsss Number of Goals in DynMOSA = 163 / 457
Current fitness function value: class org.evosuite.coverage.branch.BranchCoverageSuiteFitness ** 0.19037199124726478
Current fitness function value: class org.evosuite.coverage.branch.BranchCoverageSuiteFitness ** 0.22975929978118162
Current fitness function value: class org.evosuite.coverage.branch.BranchCoverageSuiteFitness ** 0.2888402625820569
Current fitness function value: class org.evosuite.coverage.branch.BranchCoverageSuiteFitness ** 0.2910284463894967
Current fitness function value: class org.evosuite.coverage.branch.BranchCoverageSuiteFitness ** 0.31291028446389496
Current fitness function value: class org.evosuite.coverage.branch.BranchCoverageSuiteFitness ** 0.3238512035010941
Current fitness function value: class org.evosuite.coverage.branch.BranchCoverageSuiteFitness ** 0.3347921225382932
Current fitness function value: class org.evosuite.coverage.branch.BranchCoverageSuiteFitness ** 0.350109409190372
Current fitness function value: class org.evosuite.coverage.branch.BranchCoverageSuiteFitness ** 0.350109409190372
Current fitness function value: class org.evosuite.coverage.branch.BranchCoverageSuiteFitness ** 0.350109409190372
Current fitness function value: class org.evosuite.coverage.branch.BranchCoverageSuiteFitness ** 0.350109409190372
Current fitness function value: class org.evosuite.coverage.branch.BranchCoverageSuiteFitness ** 0.350109409190372
[MASTER] 09:00:04.404 [logback-1] WARN  TestChromosome - Functional mock problem: org.evosuite.ga.ConstructionFailedException: Failed to add constructor for com.google.javascript.jscomp.NodeTraversal due to org.evosuite.ga.ConstructionFailedException: Failed to add constructor for com.google.javascript.jscomp.Compiler due to org.evosuite.ga.ConstructionFailedException: Failed to add constructor for com.google.javascript.jscomp.LoggerErrorManager due to org.evosuite.ga.ConstructionFailedException: Failed to add constructor for com.google.javascript.jscomp.LightweightMessageFormatter due to org.evosuite.ga.ConstructionFailedException: Max recursion depth reached
Current fitness function value: class org.evosuite.coverage.branch.BranchCoverageSuiteFitness ** 0.35667396061269147
Current fitness function value: class org.evosuite.coverage.branch.BranchCoverageSuiteFitness ** 0.35667396061269147
Current fitness function value: class org.evosuite.coverage.branch.BranchCoverageSuiteFitness ** 0.3676148796498906
Current fitness function value: class org.evosuite.coverage.branch.BranchCoverageSuiteFitness ** 0.36980306345733044
Current fitness function value: class org.evosuite.coverage.branch.BranchCoverageSuiteFitness ** 0.36980306345733044
Current fitness function value: class org.evosuite.coverage.branch.BranchCoverageSuiteFitness ** 0.36980306345733044
Current fitness function value: class org.evosuite.coverage.branch.BranchCoverageSuiteFitness ** 0.36980306345733044
Current fitness function value: class org.evosuite.coverage.branch.BranchCoverageSuiteFitness ** 0.36980306345733044
Current fitness function value: class org.evosuite.coverage.branch.BranchCoverageSuiteFitness ** 0.36980306345733044
Current fitness function value: class org.evosuite.coverage.branch.BranchCoverageSuiteFitness ** 0.36980306345733044
Current fitness function value: class org.evosuite.coverage.branch.BranchCoverageSuiteFitness ** 0.38949671772428884
Current fitness function value: class org.evosuite.coverage.branch.BranchCoverageSuiteFitness ** 0.45295404814004375
Current fitness function value: class org.evosuite.coverage.branch.BranchCoverageSuiteFitness ** 0.4551422319474836
Current fitness function value: class org.evosuite.coverage.branch.BranchCoverageSuiteFitness ** 0.4573304157549234
* Search finished after 301s and 146 generations, 63434 statements, best individual has fitness: 248.0
Current fitness function value: class org.evosuite.coverage.branch.BranchCoverageSuiteFitness ** 0.4573304157549234
* Minimizing test suite
* Going to analyze the coverage criteria
* Coverage analysis for criterion BRANCH
* Coverage of criterion BRANCH: 46%
* Total number of goals: 457
* Number of covered goals: 209
Current fitness function value: class org.evosuite.coverage.branch.BranchCoverageSuiteFitness ** 0.4573304157549234
* Generated 50 tests with total length 258
* Resulting test suite's coverage: 46%
* Generating assertions
* Resulting test suite's mutation score: 19%
Current fitness function value: class org.evosuite.coverage.branch.BranchCoverageSuiteFitness ** 0.4573304157549234
* Compiling and checking tests
* Permissions denied during test execution: 
  - java.lang.RuntimePermission: 
         writeFileDescriptor: 23
* Writing tests to file
* Writing JUnit test case 'AbstractCommandLineRunner_ESTest' to results/evosuite5/closure-16-com.google.javascript.jscomp.AbstractCommandLineRunner-7
* Done!

* Computation finished
