entry: sources/closure-16/build/classes
entry: sources/closure-16/lib/args4j.jar
entry: sources/closure-16/lib/guava.jar
entry: sources/closure-16/lib/json.jar
entry: sources/closure-16/lib/jsr305.jar
entry: sources/closure-16/lib/protobuf-java.jar
entry: sources/closure-16/build/lib/rhino.jar
entry: sources/closure-16/lib/ant.jar
** CP: sources/closure-16/build/classes:sources/closure-16/lib/args4j.jar:sources/closure-16/lib/guava.jar:sources/closure-16/lib/json.jar:sources/closure-16/lib/jsr305.jar:sources/closure-16/lib/protobuf-java.jar:sources/closure-16/build/lib/rhino.jar:sources/closure-16/lib/ant.jar
* EvoSuite 1.0.7-SNAPSHOT
* Going to generate test cases for class: com.google.javascript.rhino.jstype.JSType
* Starting Client-0
* Connecting to master process on port 17714
* Analyzing classpath: 
  - sources/closure-16/build/classes
  - sources/closure-16/lib/args4j.jar
  - sources/closure-16/lib/guava.jar
  - sources/closure-16/lib/json.jar
  - sources/closure-16/lib/jsr305.jar
  - sources/closure-16/lib/protobuf-java.jar
  - sources/closure-16/build/lib/rhino.jar
  - sources/closure-16/lib/ant.jar
* Finished analyzing classpath
* Generating tests for class com.google.javascript.rhino.jstype.JSType
* Test criterion:
  - Branch Coverage
* Total number of test goals for DYNAMOSA: 292
* Using seed 1566100614515
* Starting evolution
* Initialsss Number of Goals in DynMOSA = 142 / 292
Current fitness function value: class org.evosuite.coverage.branch.BranchCoverageSuiteFitness ** 0.22602739726027396
Current fitness function value: class org.evosuite.coverage.branch.BranchCoverageSuiteFitness ** 0.4349315068493151
Current fitness function value: class org.evosuite.coverage.branch.BranchCoverageSuiteFitness ** 0.702054794520548
Current fitness function value: class org.evosuite.coverage.branch.BranchCoverageSuiteFitness ** 0.7705479452054794
Current fitness function value: class org.evosuite.coverage.branch.BranchCoverageSuiteFitness ** 0.821917808219178
Current fitness function value: class org.evosuite.coverage.branch.BranchCoverageSuiteFitness ** 0.886986301369863
Current fitness function value: class org.evosuite.coverage.branch.BranchCoverageSuiteFitness ** 0.9006849315068494
Current fitness function value: class org.evosuite.coverage.branch.BranchCoverageSuiteFitness ** 0.9006849315068494
Current fitness function value: class org.evosuite.coverage.branch.BranchCoverageSuiteFitness ** 0.9006849315068494
Current fitness function value: class org.evosuite.coverage.branch.BranchCoverageSuiteFitness ** 0.9041095890410958
[MASTER] 05:58:50.630 [logback-1] WARN  TestChromosome - Functional mock problem: org.evosuite.ga.ConstructionFailedException: Failed to add constructor for com.google.javascript.rhino.jstype.IndexedType due to org.evosuite.ga.ConstructionFailedException: Failed to add constructor for com.google.javascript.rhino.jstype.PrototypeObjectType due to org.evosuite.ga.ConstructionFailedException: Max recursion depth reached
Current fitness function value: class org.evosuite.coverage.branch.BranchCoverageSuiteFitness ** 0.9075342465753424
Current fitness function value: class org.evosuite.coverage.branch.BranchCoverageSuiteFitness ** 0.9075342465753424
Current fitness function value: class org.evosuite.coverage.branch.BranchCoverageSuiteFitness ** 0.910958904109589
Current fitness function value: class org.evosuite.coverage.branch.BranchCoverageSuiteFitness ** 0.9143835616438356
Current fitness function value: class org.evosuite.coverage.branch.BranchCoverageSuiteFitness ** 0.9212328767123288
Current fitness function value: class org.evosuite.coverage.branch.BranchCoverageSuiteFitness ** 0.928082191780822
Current fitness function value: class org.evosuite.coverage.branch.BranchCoverageSuiteFitness ** 0.9315068493150684
Current fitness function value: class org.evosuite.coverage.branch.BranchCoverageSuiteFitness ** 0.9417808219178082
Current fitness function value: class org.evosuite.coverage.branch.BranchCoverageSuiteFitness ** 0.9486301369863014
Current fitness function value: class org.evosuite.coverage.branch.BranchCoverageSuiteFitness ** 0.9554794520547946
Current fitness function value: class org.evosuite.coverage.branch.BranchCoverageSuiteFitness ** 0.9623287671232876
Current fitness function value: class org.evosuite.coverage.branch.BranchCoverageSuiteFitness ** 0.9657534246575342
Current fitness function value: class org.evosuite.coverage.branch.BranchCoverageSuiteFitness ** 0.976027397260274
Current fitness function value: class org.evosuite.coverage.branch.BranchCoverageSuiteFitness ** 0.976027397260274
Current fitness function value: class org.evosuite.coverage.branch.BranchCoverageSuiteFitness ** 0.976027397260274
Current fitness function value: class org.evosuite.coverage.branch.BranchCoverageSuiteFitness ** 0.976027397260274
Current fitness function value: class org.evosuite.coverage.branch.BranchCoverageSuiteFitness ** 0.976027397260274
Current fitness function value: class org.evosuite.coverage.branch.BranchCoverageSuiteFitness ** 0.9794520547945206
Current fitness function value: class org.evosuite.coverage.branch.BranchCoverageSuiteFitness ** 0.9794520547945206
Current fitness function value: class org.evosuite.coverage.branch.BranchCoverageSuiteFitness ** 0.9794520547945206
* Search finished after 302s and 383 generations, 197779 statements, best individual has fitness: 6.0
Current fitness function value: class org.evosuite.coverage.branch.BranchCoverageSuiteFitness ** 0.9794520547945206
* Minimizing test suite
* Going to analyze the coverage criteria
* Coverage analysis for criterion BRANCH
* Coverage of criterion BRANCH: 98%
* Total number of goals: 292
* Number of covered goals: 286
Current fitness function value: class org.evosuite.coverage.branch.BranchCoverageSuiteFitness ** 0.9794520547945206
* Generated 103 tests with total length 476
* Resulting test suite's coverage: 98%
* Generating assertions
* Resulting test suite's mutation score: 63%
Current fitness function value: class org.evosuite.coverage.branch.BranchCoverageSuiteFitness ** 0.9794520547945206
* Compiling and checking tests
* Permissions denied during test execution: 
  - java.lang.RuntimePermission: 
         writeFileDescriptor: 4
* Writing tests to file
* Writing JUnit test case 'JSType_ESTest' to results/evosuite5/closure-16-com.google.javascript.rhino.jstype.JSType-28
* Done!

* Computation finished
