entry: sources/closure-16/build/classes
entry: sources/closure-16/lib/args4j.jar
entry: sources/closure-16/lib/guava.jar
entry: sources/closure-16/lib/json.jar
entry: sources/closure-16/lib/jsr305.jar
entry: sources/closure-16/lib/protobuf-java.jar
entry: sources/closure-16/build/lib/rhino.jar
entry: sources/closure-16/lib/ant.jar
** CP: sources/closure-16/build/classes:sources/closure-16/lib/args4j.jar:sources/closure-16/lib/guava.jar:sources/closure-16/lib/json.jar:sources/closure-16/lib/jsr305.jar:sources/closure-16/lib/protobuf-java.jar:sources/closure-16/build/lib/rhino.jar:sources/closure-16/lib/ant.jar
* EvoSuite 1.0.7-SNAPSHOT
* Going to generate test cases for class: com.google.javascript.rhino.head.NativeContinuation
* Starting Client-0
* Connecting to master process on port 12488
* Analyzing classpath: 
  - sources/closure-16/build/classes
  - sources/closure-16/lib/args4j.jar
  - sources/closure-16/lib/guava.jar
  - sources/closure-16/lib/json.jar
  - sources/closure-16/lib/jsr305.jar
  - sources/closure-16/lib/protobuf-java.jar
  - sources/closure-16/build/lib/rhino.jar
  - sources/closure-16/lib/ant.jar
* Finished analyzing classpath
* Generating tests for class com.google.javascript.rhino.head.NativeContinuation
* Test criterion:
  - Branch Coverage
* Total number of test goals for DYNAMOSA: 29
* Using seed 1566113618095
* Starting evolution
* Initialsss Number of Goals in DynMOSA = 19 / 29
Current fitness function value: class org.evosuite.coverage.branch.BranchCoverageSuiteFitness ** 0.41379310344827586
[MASTER] 09:33:54.378 [logback-1] WARN  TestUsageChecker - class com.google.javascript.rhino.head.ContextFactory$1GlobalSetterImpl looks like an anonymous class, ignoring it (although reflection says false) GlobalSetterImpl
Current fitness function value: class org.evosuite.coverage.branch.BranchCoverageSuiteFitness ** 0.7931034482758621
Current fitness function value: class org.evosuite.coverage.branch.BranchCoverageSuiteFitness ** 0.8620689655172413
Current fitness function value: class org.evosuite.coverage.branch.BranchCoverageSuiteFitness ** 0.8620689655172413
Current fitness function value: class org.evosuite.coverage.branch.BranchCoverageSuiteFitness ** 0.8620689655172413
Current fitness function value: class org.evosuite.coverage.branch.BranchCoverageSuiteFitness ** 0.8620689655172413
Current fitness function value: class org.evosuite.coverage.branch.BranchCoverageSuiteFitness ** 0.8620689655172413
Current fitness function value: class org.evosuite.coverage.branch.BranchCoverageSuiteFitness ** 0.8620689655172413
Current fitness function value: class org.evosuite.coverage.branch.BranchCoverageSuiteFitness ** 0.8620689655172413
Current fitness function value: class org.evosuite.coverage.branch.BranchCoverageSuiteFitness ** 0.8620689655172413
Current fitness function value: class org.evosuite.coverage.branch.BranchCoverageSuiteFitness ** 0.8620689655172413
Current fitness function value: class org.evosuite.coverage.branch.BranchCoverageSuiteFitness ** 0.8620689655172413
Current fitness function value: class org.evosuite.coverage.branch.BranchCoverageSuiteFitness ** 0.8620689655172413
Current fitness function value: class org.evosuite.coverage.branch.BranchCoverageSuiteFitness ** 0.8620689655172413
Current fitness function value: class org.evosuite.coverage.branch.BranchCoverageSuiteFitness ** 0.8620689655172413
Current fitness function value: class org.evosuite.coverage.branch.BranchCoverageSuiteFitness ** 0.9310344827586207
Current fitness function value: class org.evosuite.coverage.branch.BranchCoverageSuiteFitness ** 0.9310344827586207
Current fitness function value: class org.evosuite.coverage.branch.BranchCoverageSuiteFitness ** 0.9310344827586207
Current fitness function value: class org.evosuite.coverage.branch.BranchCoverageSuiteFitness ** 0.9310344827586207
Current fitness function value: class org.evosuite.coverage.branch.BranchCoverageSuiteFitness ** 0.9310344827586207
Current fitness function value: class org.evosuite.coverage.branch.BranchCoverageSuiteFitness ** 0.9310344827586207
Current fitness function value: class org.evosuite.coverage.branch.BranchCoverageSuiteFitness ** 0.9310344827586207
Current fitness function value: class org.evosuite.coverage.branch.BranchCoverageSuiteFitness ** 0.9310344827586207
Current fitness function value: class org.evosuite.coverage.branch.BranchCoverageSuiteFitness ** 0.9310344827586207
Current fitness function value: class org.evosuite.coverage.branch.BranchCoverageSuiteFitness ** 0.9655172413793104
Current fitness function value: class org.evosuite.coverage.branch.BranchCoverageSuiteFitness ** 0.9655172413793104
Current fitness function value: class org.evosuite.coverage.branch.BranchCoverageSuiteFitness ** 0.9655172413793104
Current fitness function value: class org.evosuite.coverage.branch.BranchCoverageSuiteFitness ** 0.9655172413793104
* Search finished after 307s and 549 generations, 246788 statements, best individual has fitness: 1.0
Current fitness function value: class org.evosuite.coverage.branch.BranchCoverageSuiteFitness ** 0.9655172413793104
* Minimizing test suite
* Going to analyze the coverage criteria
* Coverage analysis for criterion BRANCH
* Coverage of criterion BRANCH: 97%
* Total number of goals: 29
* Number of covered goals: 28
Current fitness function value: class org.evosuite.coverage.branch.BranchCoverageSuiteFitness ** 0.9655172413793104
* Generated 12 tests with total length 40
* Resulting test suite's coverage: 97%
* Generating assertions
* Resulting test suite's mutation score: 59%
Current fitness function value: class org.evosuite.coverage.branch.BranchCoverageSuiteFitness ** 0.9655172413793104
* Compiling and checking tests
[MASTER] 09:39:16.320 [logback-1] WARN  JUnitAnalyzer - Found unstable test named test0 -> class java.lang.NullPointerException: null
[MASTER] 09:39:16.320 [logback-1] WARN  JUnitAnalyzer - Failing test:
 NativeContinuation nativeContinuation0 = new NativeContinuation();
ContextFactory contextFactory0 = ContextFactory.getGlobal();
Context context0 = contextFactory0.makeContext();
Object object0 = nativeContinuation0.call(context0, nativeContinuation0, nativeContinuation0, context0.emptyArgs);
assertNotNull(object0);


[MASTER] 09:39:19.410 [logback-1] WARN  JUnitAnalyzer - Found unstable test named test0 -> class java.lang.AssertionError: Exception was not thrown in com.google.javascript.rhino.head.DefaultErrorReporter but in com.google.javascript.rhino.head.Context.reportRuntimeError(Context.java:947): org.evosuite.runtime.mock.java.lang.MockThrowable: Direct call is not supported
[MASTER] 09:39:19.411 [logback-1] WARN  JUnitAnalyzer - Failing test:
 NativeContinuation nativeContinuation0 = new NativeContinuation();
Context context0 = new Context();
IdFunctionObject idFunctionObject0 = nativeContinuation0.exportAsJSClass(2, nativeContinuation0, false);
nativeContinuation0.construct(context0, idFunctionObject0, context0.emptyArgs);

[MASTER] 09:39:34.063 [logback-1] WARN  JUnitAnalyzer - Found unstable test named test0 -> class java.lang.AssertionError: Exception was not thrown in com.google.javascript.rhino.head.DefaultErrorReporter but in com.google.javascript.rhino.head.Context.reportRuntimeError(Context.java:947): org.evosuite.runtime.mock.java.lang.MockThrowable: Direct call is not supported
[MASTER] 09:39:34.063 [logback-1] WARN  JUnitAnalyzer - Failing test:
 NativeContinuation nativeContinuation0 = new NativeContinuation();
Context context0 = new Context();
IdFunctionObject idFunctionObject0 = nativeContinuation0.exportAsJSClass(2, nativeContinuation0, false);
nativeContinuation0.execIdCall(idFunctionObject0, context0, idFunctionObject0, idFunctionObject0, context0.emptyArgs);

* Permissions denied during test execution: 
  - java.lang.RuntimePermission: 
         writeFileDescriptor: 1
* Writing tests to file
* Writing JUnit test case 'NativeContinuation_ESTest' to results/evosuite5/closure-16-com.google.javascript.rhino.head.NativeContinuation-28
* Done!

* Computation finished
