entry: sources/lang-22/target/classes
** CP: sources/lang-22/target/classes
* EvoSuite 1.0.7-SNAPSHOT
* Going to generate test cases for class: org.apache.commons.lang3.builder.ToStringStyle
* Starting Client-0
* Connecting to master process on port 6367
* Analyzing classpath: 
  - sources/lang-22/target/classes
* Finished analyzing classpath
* Generating tests for class org.apache.commons.lang3.builder.ToStringStyle
* Test criterion:
  - Branch Coverage
* Total number of test goals for DYNAMOSA: 300
* Using seed 1566073954959
* Starting evolution
* Initialsss Number of Goals in DynMOSA = 166 / 300
Current fitness function value: class org.evosuite.coverage.branch.BranchCoverageSuiteFitness ** 0.5266666666666666
Current fitness function value: class org.evosuite.coverage.branch.BranchCoverageSuiteFitness ** 0.7833333333333333
Current fitness function value: class org.evosuite.coverage.branch.BranchCoverageSuiteFitness ** 0.83
Current fitness function value: class org.evosuite.coverage.branch.BranchCoverageSuiteFitness ** 0.8333333333333334
Current fitness function value: class org.evosuite.coverage.branch.BranchCoverageSuiteFitness ** 0.8333333333333334
Current fitness function value: class org.evosuite.coverage.branch.BranchCoverageSuiteFitness ** 0.8333333333333334
Current fitness function value: class org.evosuite.coverage.branch.BranchCoverageSuiteFitness ** 0.8333333333333334
Current fitness function value: class org.evosuite.coverage.branch.BranchCoverageSuiteFitness ** 0.84
Current fitness function value: class org.evosuite.coverage.branch.BranchCoverageSuiteFitness ** 0.8433333333333334
Current fitness function value: class org.evosuite.coverage.branch.BranchCoverageSuiteFitness ** 0.8433333333333334
Current fitness function value: class org.evosuite.coverage.branch.BranchCoverageSuiteFitness ** 0.8433333333333334
Current fitness function value: class org.evosuite.coverage.branch.BranchCoverageSuiteFitness ** 0.8433333333333334
Current fitness function value: class org.evosuite.coverage.branch.BranchCoverageSuiteFitness ** 0.8433333333333334
Current fitness function value: class org.evosuite.coverage.branch.BranchCoverageSuiteFitness ** 0.8433333333333334
Current fitness function value: class org.evosuite.coverage.branch.BranchCoverageSuiteFitness ** 0.8433333333333334
Current fitness function value: class org.evosuite.coverage.branch.BranchCoverageSuiteFitness ** 0.8433333333333334
Current fitness function value: class org.evosuite.coverage.branch.BranchCoverageSuiteFitness ** 0.8433333333333334
Current fitness function value: class org.evosuite.coverage.branch.BranchCoverageSuiteFitness ** 0.8433333333333334
Current fitness function value: class org.evosuite.coverage.branch.BranchCoverageSuiteFitness ** 0.8433333333333334
Current fitness function value: class org.evosuite.coverage.branch.BranchCoverageSuiteFitness ** 0.8433333333333334
Current fitness function value: class org.evosuite.coverage.branch.BranchCoverageSuiteFitness ** 0.8433333333333334
Current fitness function value: class org.evosuite.coverage.branch.BranchCoverageSuiteFitness ** 0.8433333333333334
* Search finished after 302s and 446 generations, 219913 statements, best individual has fitness: 47.0
Current fitness function value: class org.evosuite.coverage.branch.BranchCoverageSuiteFitness ** 0.8433333333333334
* Minimizing test suite
* Going to analyze the coverage criteria
* Coverage analysis for criterion BRANCH
* Coverage of criterion BRANCH: 83%
* Total number of goals: 300
* Number of covered goals: 250
Current fitness function value: class org.evosuite.coverage.branch.BranchCoverageSuiteFitness ** 0.8433333333333334
* Generated 111 tests with total length 344
* Resulting test suite's coverage: 84%
* Generating assertions
* Resulting test suite's mutation score: 67%
Current fitness function value: class org.evosuite.coverage.branch.BranchCoverageSuiteFitness ** 0.8433333333333334
* Compiling and checking tests
[MASTER] 22:39:02.153 [logback-1] WARN  JUnitAnalyzer - Found unstable test named test0 -> class java.lang.AssertionError: expected:<9> but was:<22>
[MASTER] 22:39:02.153 [logback-1] WARN  JUnitAnalyzer - Failing test:
 StandardToStringStyle standardToStringStyle0 = new StandardToStringStyle();
StringBuffer stringBuffer0 = new StringBuffer(53);
float[] floatArray0 = new float[1];
Boolean boolean0 = Boolean.FALSE;
standardToStringStyle0.SHORT_PREFIX_STYLE.append(stringBuffer0, "%-zX+W~\"'u6$", floatArray0, boolean0);
assertEquals(9, stringBuffer0.length());
assertEquals(",", standardToStringStyle0.getFieldSeparator());


[MASTER] 22:39:02.599 [logback-1] WARN  JUnitAnalyzer - Found unstable test named test0 -> class java.lang.AssertionError: expected:<9> but was:<25>
[MASTER] 22:39:02.600 [logback-1] WARN  JUnitAnalyzer - Failing test:
 StringBuffer stringBuffer0 = new StringBuffer();
StandardToStringStyle standardToStringStyle0 = new StandardToStringStyle();
double[] doubleArray0 = new double[1];
Boolean boolean0 = Boolean.valueOf("2b\"'u58IjCHg V~");
standardToStringStyle0.SHORT_PREFIX_STYLE.append(stringBuffer0, "2b\"'u58IjCHg V~", doubleArray0, boolean0);
assertEquals(9, stringBuffer0.length());
assertEquals(",", standardToStringStyle0.getArraySeparator());


* Permissions denied during test execution: 
  - java.lang.RuntimePermission: 
         writeFileDescriptor: 4
* Writing tests to file
* Writing JUnit test case 'ToStringStyle_ESTest' to results/evosuite5/lang-22-org.apache.commons.lang3.builder.ToStringStyle-23
* Done!

* Computation finished
