entry: sources/time-14/build/classes
entry: defects4j/framework/projects/Time/lib/joda-convert-1.2.jar
** CP: sources/time-14/build/classes:defects4j/framework/projects/Time/lib/joda-convert-1.2.jar
* EvoSuite 1.0.7-SNAPSHOT
* Going to generate test cases for class: org.joda.time.DateTime
* Starting Client-0
* Connecting to master process on port 3881
* Analyzing classpath: 
  - sources/time-14/build/classes
  - defects4j/framework/projects/Time/lib/joda-convert-1.2.jar
* Finished analyzing classpath
* Generating tests for class org.joda.time.DateTime
* Test criterion:
  - Branch Coverage
* Total number of test goals for DYNAMOSA: 166
* Using seed 1564028993011
* Starting evolution
* Initialsss Number of Goals in DynMOSA = 156 / 166
Current fitness function value: class org.evosuite.coverage.branch.BranchCoverageSuiteFitness ** 0.39759036144578314
Current fitness function value: class org.evosuite.coverage.branch.BranchCoverageSuiteFitness ** 0.963855421686747
Current fitness function value: class org.evosuite.coverage.branch.BranchCoverageSuiteFitness ** 0.9698795180722891
Current fitness function value: class org.evosuite.coverage.branch.BranchCoverageSuiteFitness ** 0.9698795180722891
Current fitness function value: class org.evosuite.coverage.branch.BranchCoverageSuiteFitness ** 0.9698795180722891
Current fitness function value: class org.evosuite.coverage.branch.BranchCoverageSuiteFitness ** 0.9698795180722891
Current fitness function value: class org.evosuite.coverage.branch.BranchCoverageSuiteFitness ** 0.9698795180722891
Current fitness function value: class org.evosuite.coverage.branch.BranchCoverageSuiteFitness ** 0.9698795180722891
Current fitness function value: class org.evosuite.coverage.branch.BranchCoverageSuiteFitness ** 0.9698795180722891
Current fitness function value: class org.evosuite.coverage.branch.BranchCoverageSuiteFitness ** 0.9698795180722891
Current fitness function value: class org.evosuite.coverage.branch.BranchCoverageSuiteFitness ** 0.9698795180722891
Current fitness function value: class org.evosuite.coverage.branch.BranchCoverageSuiteFitness ** 0.9698795180722891
Current fitness function value: class org.evosuite.coverage.branch.BranchCoverageSuiteFitness ** 0.9698795180722891
Current fitness function value: class org.evosuite.coverage.branch.BranchCoverageSuiteFitness ** 0.9698795180722891
Current fitness function value: class org.evosuite.coverage.branch.BranchCoverageSuiteFitness ** 0.9698795180722891
Current fitness function value: class org.evosuite.coverage.branch.BranchCoverageSuiteFitness ** 0.9698795180722891
Current fitness function value: class org.evosuite.coverage.branch.BranchCoverageSuiteFitness ** 0.9698795180722891
Current fitness function value: class org.evosuite.coverage.branch.BranchCoverageSuiteFitness ** 0.9698795180722891
Current fitness function value: class org.evosuite.coverage.branch.BranchCoverageSuiteFitness ** 0.9698795180722891
Current fitness function value: class org.evosuite.coverage.branch.BranchCoverageSuiteFitness ** 0.9698795180722891
Current fitness function value: class org.evosuite.coverage.branch.BranchCoverageSuiteFitness ** 0.9698795180722891
Current fitness function value: class org.evosuite.coverage.branch.BranchCoverageSuiteFitness ** 0.9698795180722891
Current fitness function value: class org.evosuite.coverage.branch.BranchCoverageSuiteFitness ** 0.9698795180722891
Current fitness function value: class org.evosuite.coverage.branch.BranchCoverageSuiteFitness ** 0.9698795180722891
Current fitness function value: class org.evosuite.coverage.branch.BranchCoverageSuiteFitness ** 0.9698795180722891
Current fitness function value: class org.evosuite.coverage.branch.BranchCoverageSuiteFitness ** 0.9698795180722891
Current fitness function value: class org.evosuite.coverage.branch.BranchCoverageSuiteFitness ** 0.9698795180722891
Current fitness function value: class org.evosuite.coverage.branch.BranchCoverageSuiteFitness ** 0.9698795180722891
Current fitness function value: class org.evosuite.coverage.branch.BranchCoverageSuiteFitness ** 0.9698795180722891
Current fitness function value: class org.evosuite.coverage.branch.BranchCoverageSuiteFitness ** 0.9698795180722891
Current fitness function value: class org.evosuite.coverage.branch.BranchCoverageSuiteFitness ** 0.9698795180722891
* Search finished after 301s and 1730 generations, 451071 statements, best individual has fitness: 5.0
Current fitness function value: class org.evosuite.coverage.branch.BranchCoverageSuiteFitness ** 0.9698795180722891
* Minimizing test suite
* Going to analyze the coverage criteria
* Coverage analysis for criterion BRANCH
* Coverage of criterion BRANCH: 96%
* Total number of goals: 166
* Number of covered goals: 160
Current fitness function value: class org.evosuite.coverage.branch.BranchCoverageSuiteFitness ** 0.9698795180722891
* Generated 123 tests with total length 278
* Resulting test suite's coverage: 97%
* Generating assertions
* Resulting test suite's mutation score: 51%
Current fitness function value: class org.evosuite.coverage.branch.BranchCoverageSuiteFitness ** 0.9698795180722891
* Compiling and checking tests
[MASTER] 06:35:59.911 [logback-1] WARN  JUnitAnalyzer - Found unstable test named test0 -> class java.lang.AssertionError: expected not same
[MASTER] 06:35:59.912 [logback-1] WARN  JUnitAnalyzer - Failing test:
 DateTime dateTime0 = new DateTime();
DateTimeZone dateTimeZone0 = DateTimeZone.getDefault();
DateTime dateTime1 = dateTime0.toDateTime(dateTimeZone0);
assertNotSame(dateTime1, dateTime0);


[MASTER] 06:36:02.463 [logback-1] WARN  JUnitAnalyzer - Found unstable test named test0 -> class java.lang.AssertionError: expected not same
[MASTER] 06:36:02.463 [logback-1] WARN  JUnitAnalyzer - Failing test:
 DateTime dateTime0 = DateTime.now();
DateTime dateTime1 = dateTime0.withZoneRetainFields((DateTimeZone) null);
assertNotSame(dateTime1, dateTime0);
assertEquals(1392409281320L, dateTime1.getMillis());


* Permissions denied during test execution: 
  - java.lang.RuntimePermission: 
         writeFileDescriptor: 2
* Writing tests to file
* Writing JUnit test case 'DateTime_ESTest' to results/evosuite5/time-14-org.joda.time.DateTime-1
* Done!

* Computation finished
