entry: sources/time-14/build/classes
entry: defects4j/framework/projects/Time/lib/joda-convert-1.2.jar
** CP: sources/time-14/build/classes:defects4j/framework/projects/Time/lib/joda-convert-1.2.jar
* EvoSuite 1.0.7-SNAPSHOT
* Going to generate test cases for class: org.joda.time.chrono.IslamicChronology
* Starting Client-0
* Connecting to master process on port 5494
* Analyzing classpath: 
  - sources/time-14/build/classes
  - defects4j/framework/projects/Time/lib/joda-convert-1.2.jar
* Finished analyzing classpath
* Generating tests for class org.joda.time.chrono.IslamicChronology
* Test criterion:
  - Branch Coverage
* Total number of test goals for DYNAMOSA: 83
* Using seed 1566079167401
* Starting evolution
* Initialsss Number of Goals in DynMOSA = 61 / 83
Current fitness function value: class org.evosuite.coverage.branch.BranchCoverageSuiteFitness ** 0.6626506024096386
Current fitness function value: class org.evosuite.coverage.branch.BranchCoverageSuiteFitness ** 0.8072289156626506
Current fitness function value: class org.evosuite.coverage.branch.BranchCoverageSuiteFitness ** 0.8072289156626506
Current fitness function value: class org.evosuite.coverage.branch.BranchCoverageSuiteFitness ** 0.8192771084337349
Current fitness function value: class org.evosuite.coverage.branch.BranchCoverageSuiteFitness ** 0.8192771084337349
Current fitness function value: class org.evosuite.coverage.branch.BranchCoverageSuiteFitness ** 0.8554216867469879
Current fitness function value: class org.evosuite.coverage.branch.BranchCoverageSuiteFitness ** 0.8554216867469879
Current fitness function value: class org.evosuite.coverage.branch.BranchCoverageSuiteFitness ** 0.8554216867469879
Current fitness function value: class org.evosuite.coverage.branch.BranchCoverageSuiteFitness ** 0.8554216867469879
Current fitness function value: class org.evosuite.coverage.branch.BranchCoverageSuiteFitness ** 0.8554216867469879
Current fitness function value: class org.evosuite.coverage.branch.BranchCoverageSuiteFitness ** 0.8554216867469879
Current fitness function value: class org.evosuite.coverage.branch.BranchCoverageSuiteFitness ** 0.8554216867469879
Current fitness function value: class org.evosuite.coverage.branch.BranchCoverageSuiteFitness ** 0.8554216867469879
Current fitness function value: class org.evosuite.coverage.branch.BranchCoverageSuiteFitness ** 0.8554216867469879
Current fitness function value: class org.evosuite.coverage.branch.BranchCoverageSuiteFitness ** 0.8554216867469879
Current fitness function value: class org.evosuite.coverage.branch.BranchCoverageSuiteFitness ** 0.8554216867469879
Current fitness function value: class org.evosuite.coverage.branch.BranchCoverageSuiteFitness ** 0.8554216867469879
Current fitness function value: class org.evosuite.coverage.branch.BranchCoverageSuiteFitness ** 0.8554216867469879
Current fitness function value: class org.evosuite.coverage.branch.BranchCoverageSuiteFitness ** 0.8554216867469879
Current fitness function value: class org.evosuite.coverage.branch.BranchCoverageSuiteFitness ** 0.8554216867469879
Current fitness function value: class org.evosuite.coverage.branch.BranchCoverageSuiteFitness ** 0.8554216867469879
Current fitness function value: class org.evosuite.coverage.branch.BranchCoverageSuiteFitness ** 0.8554216867469879
Current fitness function value: class org.evosuite.coverage.branch.BranchCoverageSuiteFitness ** 0.8554216867469879
Current fitness function value: class org.evosuite.coverage.branch.BranchCoverageSuiteFitness ** 0.8554216867469879
Current fitness function value: class org.evosuite.coverage.branch.BranchCoverageSuiteFitness ** 0.8554216867469879
Current fitness function value: class org.evosuite.coverage.branch.BranchCoverageSuiteFitness ** 0.8554216867469879
Current fitness function value: class org.evosuite.coverage.branch.BranchCoverageSuiteFitness ** 0.8554216867469879
Current fitness function value: class org.evosuite.coverage.branch.BranchCoverageSuiteFitness ** 0.8554216867469879
Current fitness function value: class org.evosuite.coverage.branch.BranchCoverageSuiteFitness ** 0.8554216867469879
Current fitness function value: class org.evosuite.coverage.branch.BranchCoverageSuiteFitness ** 0.8554216867469879
Current fitness function value: class org.evosuite.coverage.branch.BranchCoverageSuiteFitness ** 0.8554216867469879
* Search finished after 301s and 2669 generations, 1065478 statements, best individual has fitness: 12.0
Current fitness function value: class org.evosuite.coverage.branch.BranchCoverageSuiteFitness ** 0.8554216867469879
* Minimizing test suite
* Going to analyze the coverage criteria
* Coverage analysis for criterion BRANCH
* Coverage of criterion BRANCH: 80%
* Total number of goals: 83
* Number of covered goals: 66
Current fitness function value: class org.evosuite.coverage.branch.BranchCoverageSuiteFitness ** 0.8554216867469879
* Generated 28 tests with total length 62
* Resulting test suite's coverage: 86%
* Generating assertions
* Resulting test suite's mutation score: 47%
Current fitness function value: class org.evosuite.coverage.branch.BranchCoverageSuiteFitness ** 0.8554216867469879
* Compiling and checking tests
[MASTER] 00:04:55.560 [logback-1] WARN  JUnitAnalyzer - Found unstable test named test0 -> class java.lang.AssertionError: expected:<85978195200000> but was:<85979059200000>
[MASTER] 00:04:55.560 [logback-1] WARN  JUnitAnalyzer - Failing test:
 IslamicChronology islamicChronology0 = IslamicChronology.getInstanceUTC();
long long0 = islamicChronology0.setYear(85948473600000L, 4197);
assertEquals(85978195200000L, long0);


[MASTER] 00:05:03.450 [logback-1] WARN  JUnitAnalyzer - Found unstable test named test0 -> class org.evosuite.runtime.mock.java.lang.MockArithmeticException: Year is too small: -2147483646 < -292269337
[MASTER] 00:05:03.451 [logback-1] WARN  JUnitAnalyzer - Failing test:
 IslamicChronology islamicChronology0 = IslamicChronology.getInstance();
islamicChronology0.getMonthOfYear(1, (-2147483646));

* Permissions denied during test execution: 
  - java.lang.RuntimePermission: 
         writeFileDescriptor: 3
* Writing tests to file
* Writing JUnit test case 'IslamicChronology_ESTest' to results/evosuite5/time-14-org.joda.time.chrono.IslamicChronology-24
* Done!

* Computation finished
