entry: sources/time-14/build/classes
entry: defects4j/framework/projects/Time/lib/joda-convert-1.2.jar
** CP: sources/time-14/build/classes:defects4j/framework/projects/Time/lib/joda-convert-1.2.jar
* EvoSuite 1.0.7-SNAPSHOT
* Going to generate test cases for class: org.joda.time.field.FieldUtils
* Starting Client-0
* Connecting to master process on port 16268
* Analyzing classpath: 
  - sources/time-14/build/classes
  - defects4j/framework/projects/Time/lib/joda-convert-1.2.jar
* Finished analyzing classpath
* Generating tests for class org.joda.time.field.FieldUtils
* Test criterion:
  - Branch Coverage
* Total number of test goals for DYNAMOSA: 78
* Using seed 1566092886443
* Starting evolution
* Initialsss Number of Goals in DynMOSA = 38 / 78
Current fitness function value: class org.evosuite.coverage.branch.BranchCoverageSuiteFitness ** 0.7948717948717948
Current fitness function value: class org.evosuite.coverage.branch.BranchCoverageSuiteFitness ** 0.9743589743589743
Current fitness function value: class org.evosuite.coverage.branch.BranchCoverageSuiteFitness ** 0.9743589743589743
Current fitness function value: class org.evosuite.coverage.branch.BranchCoverageSuiteFitness ** 0.9743589743589743
Current fitness function value: class org.evosuite.coverage.branch.BranchCoverageSuiteFitness ** 0.9743589743589743
Current fitness function value: class org.evosuite.coverage.branch.BranchCoverageSuiteFitness ** 0.9743589743589743
Current fitness function value: class org.evosuite.coverage.branch.BranchCoverageSuiteFitness ** 0.9743589743589743
Current fitness function value: class org.evosuite.coverage.branch.BranchCoverageSuiteFitness ** 0.9743589743589743
Current fitness function value: class org.evosuite.coverage.branch.BranchCoverageSuiteFitness ** 0.9743589743589743
Current fitness function value: class org.evosuite.coverage.branch.BranchCoverageSuiteFitness ** 0.9743589743589743
Current fitness function value: class org.evosuite.coverage.branch.BranchCoverageSuiteFitness ** 0.9743589743589743
Current fitness function value: class org.evosuite.coverage.branch.BranchCoverageSuiteFitness ** 0.9743589743589743
Current fitness function value: class org.evosuite.coverage.branch.BranchCoverageSuiteFitness ** 0.9743589743589743
Current fitness function value: class org.evosuite.coverage.branch.BranchCoverageSuiteFitness ** 0.9743589743589743
Current fitness function value: class org.evosuite.coverage.branch.BranchCoverageSuiteFitness ** 0.9743589743589743
Current fitness function value: class org.evosuite.coverage.branch.BranchCoverageSuiteFitness ** 0.9743589743589743
Current fitness function value: class org.evosuite.coverage.branch.BranchCoverageSuiteFitness ** 0.9743589743589743
Current fitness function value: class org.evosuite.coverage.branch.BranchCoverageSuiteFitness ** 0.9743589743589743
Current fitness function value: class org.evosuite.coverage.branch.BranchCoverageSuiteFitness ** 0.9743589743589743
Current fitness function value: class org.evosuite.coverage.branch.BranchCoverageSuiteFitness ** 0.9743589743589743
Current fitness function value: class org.evosuite.coverage.branch.BranchCoverageSuiteFitness ** 0.9743589743589743
Current fitness function value: class org.evosuite.coverage.branch.BranchCoverageSuiteFitness ** 0.9743589743589743
Current fitness function value: class org.evosuite.coverage.branch.BranchCoverageSuiteFitness ** 0.9743589743589743
Current fitness function value: class org.evosuite.coverage.branch.BranchCoverageSuiteFitness ** 0.9743589743589743
Current fitness function value: class org.evosuite.coverage.branch.BranchCoverageSuiteFitness ** 0.9743589743589743
Current fitness function value: class org.evosuite.coverage.branch.BranchCoverageSuiteFitness ** 0.9743589743589743
Current fitness function value: class org.evosuite.coverage.branch.BranchCoverageSuiteFitness ** 0.9743589743589743
Current fitness function value: class org.evosuite.coverage.branch.BranchCoverageSuiteFitness ** 0.9743589743589743
Current fitness function value: class org.evosuite.coverage.branch.BranchCoverageSuiteFitness ** 0.9743589743589743
Current fitness function value: class org.evosuite.coverage.branch.BranchCoverageSuiteFitness ** 0.9743589743589743
Current fitness function value: class org.evosuite.coverage.branch.BranchCoverageSuiteFitness ** 0.9743589743589743
* Search finished after 301s and 4727 generations, 1317460 statements, best individual has fitness: 2.0
Current fitness function value: class org.evosuite.coverage.branch.BranchCoverageSuiteFitness ** 0.9743589743589743
* Minimizing test suite
* Going to analyze the coverage criteria
* Coverage analysis for criterion BRANCH
* Coverage of criterion BRANCH: 97%
* Total number of goals: 78
* Number of covered goals: 76
Current fitness function value: class org.evosuite.coverage.branch.BranchCoverageSuiteFitness ** 0.9743589743589743
* Generated 47 tests with total length 55
* Resulting test suite's coverage: 97%
* Generating assertions
* Resulting test suite's mutation score: 49%
Current fitness function value: class org.evosuite.coverage.branch.BranchCoverageSuiteFitness ** 0.9743589743589743
* Compiling and checking tests
[MASTER] 03:53:29.101 [logback-1] WARN  JUnitAnalyzer - Found unstable test named test0 -> class java.lang.AssertionError: Expecting exception: ArithmeticException
[MASTER] 03:53:29.101 [logback-1] WARN  JUnitAnalyzer - Failing test:
 FieldUtils.safeMultiply((-9223372036854775780L), (-1));

[MASTER] 03:53:32.428 [logback-1] WARN  JUnitAnalyzer - Found unstable test named test0 -> class java.lang.AssertionError: Expecting exception: ArithmeticException
[MASTER] 03:53:32.428 [logback-1] WARN  JUnitAnalyzer - Failing test:
 FieldUtils.safeMultiply((-9223372036854775776L), (long) (-1));

[MASTER] 03:53:33.165 [logback-1] WARN  JUnitAnalyzer - Found unstable test named test0 -> class java.lang.AssertionError: Expecting exception: ArithmeticException
[MASTER] 03:53:33.165 [logback-1] WARN  JUnitAnalyzer - Failing test:
 FieldUtils.safeMultiply((long) (-1), (-9223372036854775776L));

* Permissions denied during test execution: 
  - java.lang.RuntimePermission: 
         writeFileDescriptor: 1
* Writing tests to file
* Writing JUnit test case 'FieldUtils_ESTest' to results/evosuite5/time-14-org.joda.time.field.FieldUtils-25
* Done!

* Computation finished
