JUnit version 4.12
..E......E....E....
Time: 1.828
There were 3 failures:
1) test15(org.joda.time.chrono.BasicWeekyearDateTimeField_ESTest)
org.joda.time.IllegalFieldValueException: Value 3468 for monthOfYear must be in the range [1,13]
	at org.joda.time.field.FieldUtils.verifyValueBounds(FieldUtils.java:236)
	at org.joda.time.chrono.BasicChronology.getDateMidnightMillis(BasicChronology.java:604)
	at org.joda.time.chrono.BasicChronology.getDateTimeMillis(BasicChronology.java:159)
	at org.joda.time.chrono.EthiopicChronology.getDateTimeMillis(EthiopicChronology.java:51)
	at org.joda.time.chrono.LimitChronology.getDateTimeMillis(LimitChronology.java:177)
	at org.joda.time.chrono.BasicChronology.getDateTimeMillis(BasicChronology.java:154)
	at org.joda.time.chrono.EthiopicChronology.getDateTimeMillis(EthiopicChronology.java:51)
	at org.joda.time.LocalDate.<init>(LocalDate.java:444)
	at org.joda.time.chrono.BasicWeekyearDateTimeField_ESTest.test15(BasicWeekyearDateTimeField_ESTest.java:166)
	at sun.reflect.NativeMethodAccessorImpl.invoke0(Native Method)
	at sun.reflect.NativeMethodAccessorImpl.invoke(NativeMethodAccessorImpl.java:62)
	at sun.reflect.DelegatingMethodAccessorImpl.invoke(DelegatingMethodAccessorImpl.java:43)
	at java.lang.reflect.Method.invoke(Method.java:498)
	at org.junit.runners.model.FrameworkMethod$1.runReflectiveCall(FrameworkMethod.java:50)
	at org.junit.internal.runners.model.ReflectiveCallable.run(ReflectiveCallable.java:12)
	at org.junit.runners.model.FrameworkMethod.invokeExplosively(FrameworkMethod.java:47)
	at org.junit.internal.runners.statements.InvokeMethod.evaluate(InvokeMethod.java:17)
	at org.junit.internal.runners.statements.FailOnTimeout$CallableStatement.call(FailOnTimeout.java:298)
	at org.junit.internal.runners.statements.FailOnTimeout$CallableStatement.call(FailOnTimeout.java:292)
	at java.util.concurrent.FutureTask.run(FutureTask.java:266)
	at java.lang.Thread.run(Thread.java:748)
2) test00(org.joda.time.chrono.BasicWeekyearDateTimeField_ESTest)
java.lang.IllegalArgumentException: Invalid min days in first week: -1423
	at org.joda.time.chrono.BasicChronology.<init>(BasicChronology.java:134)
	at org.joda.time.chrono.BasicGJChronology.<init>(BasicGJChronology.java:75)
	at org.joda.time.chrono.JulianChronology.<init>(JulianChronology.java:162)
	at org.joda.time.chrono.BasicWeekyearDateTimeField_ESTest.test00(BasicWeekyearDateTimeField_ESTest.java:34)
	at sun.reflect.NativeMethodAccessorImpl.invoke0(Native Method)
	at sun.reflect.NativeMethodAccessorImpl.invoke(NativeMethodAccessorImpl.java:62)
	at sun.reflect.DelegatingMethodAccessorImpl.invoke(DelegatingMethodAccessorImpl.java:43)
	at java.lang.reflect.Method.invoke(Method.java:498)
	at org.junit.runners.model.FrameworkMethod$1.runReflectiveCall(FrameworkMethod.java:50)
	at org.junit.internal.runners.model.ReflectiveCallable.run(ReflectiveCallable.java:12)
	at org.junit.runners.model.FrameworkMethod.invokeExplosively(FrameworkMethod.java:47)
	at org.junit.internal.runners.statements.InvokeMethod.evaluate(InvokeMethod.java:17)
	at org.junit.internal.runners.statements.FailOnTimeout$CallableStatement.call(FailOnTimeout.java:298)
	at org.junit.internal.runners.statements.FailOnTimeout$CallableStatement.call(FailOnTimeout.java:292)
	at java.util.concurrent.FutureTask.run(FutureTask.java:266)
	at java.lang.Thread.run(Thread.java:748)
3) test10(org.joda.time.chrono.BasicWeekyearDateTimeField_ESTest)
java.lang.IllegalArgumentException: Invalid min days in first week: 3041
	at org.joda.time.chrono.BasicChronology.<init>(BasicChronology.java:134)
	at org.joda.time.chrono.BasicFixedMonthChronology.<init>(BasicFixedMonthChronology.java:59)
	at org.joda.time.chrono.EthiopicChronology.<init>(EthiopicChronology.java:161)
	at org.joda.time.chrono.BasicWeekyearDateTimeField_ESTest.test10(BasicWeekyearDateTimeField_ESTest.java:119)
	at sun.reflect.NativeMethodAccessorImpl.invoke0(Native Method)
	at sun.reflect.NativeMethodAccessorImpl.invoke(NativeMethodAccessorImpl.java:62)
	at sun.reflect.DelegatingMethodAccessorImpl.invoke(DelegatingMethodAccessorImpl.java:43)
	at java.lang.reflect.Method.invoke(Method.java:498)
	at org.junit.runners.model.FrameworkMethod$1.runReflectiveCall(FrameworkMethod.java:50)
	at org.junit.internal.runners.model.ReflectiveCallable.run(ReflectiveCallable.java:12)
	at org.junit.runners.model.FrameworkMethod.invokeExplosively(FrameworkMethod.java:47)
	at org.junit.internal.runners.statements.InvokeMethod.evaluate(InvokeMethod.java:17)
	at org.junit.internal.runners.statements.FailOnTimeout$CallableStatement.call(FailOnTimeout.java:298)
	at org.junit.internal.runners.statements.FailOnTimeout$CallableStatement.call(FailOnTimeout.java:292)
	at java.util.concurrent.FutureTask.run(FutureTask.java:266)
	at java.lang.Thread.run(Thread.java:748)

FAILURES!!!
Tests run: 16,  Failures: 3

