JUnit version 4.12
.E..E.....
Time: 1.109
There were 2 failures:
1) test2(org.mockito.cglib.transform.impl.InterceptFieldTransformer_ESTest)
org.evosuite.runtime.mock.java.lang.MockIllegalStateException: classInfo is null! org.mockito.cglib.core.ClassEmitter@1
	at org.mockito.cglib.core.ClassEmitter.begin_method(ClassEmitter.java:138)
	at org.mockito.cglib.core.ClassEmitter.begin_static(ClassEmitter.java:176)
	at org.mockito.cglib.transform.impl.InterceptFieldTransformer_ESTest.test2(InterceptFieldTransformer_ESTest.java:53)
	at sun.reflect.NativeMethodAccessorImpl.invoke0(Native Method)
	at sun.reflect.NativeMethodAccessorImpl.invoke(NativeMethodAccessorImpl.java:62)
	at sun.reflect.DelegatingMethodAccessorImpl.invoke(DelegatingMethodAccessorImpl.java:43)
	at java.lang.reflect.Method.invoke(Method.java:498)
	at org.junit.runners.model.FrameworkMethod$1.runReflectiveCall(FrameworkMethod.java:50)
	at org.junit.internal.runners.model.ReflectiveCallable.run(ReflectiveCallable.java:12)
	at org.junit.runners.model.FrameworkMethod.invokeExplosively(FrameworkMethod.java:47)
	at org.junit.internal.runners.statements.InvokeMethod.evaluate(InvokeMethod.java:17)
	at org.junit.internal.runners.statements.FailOnTimeout$CallableStatement.call(FailOnTimeout.java:298)
	at org.junit.internal.runners.statements.FailOnTimeout$CallableStatement.call(FailOnTimeout.java:292)
	at java.util.concurrent.FutureTask.run(FutureTask.java:266)
	at java.lang.Thread.run(Thread.java:748)
2) test4(org.mockito.cglib.transform.impl.InterceptFieldTransformer_ESTest)
org.evosuite.runtime.mock.java.lang.MockIllegalStateException: static hook is invalid for this class
	at org.mockito.cglib.core.ClassEmitter.getStaticHook(ClassEmitter.java:91)
	at org.mockito.cglib.transform.impl.InterceptFieldTransformer_ESTest.test4(InterceptFieldTransformer_ESTest.java:79)
	at sun.reflect.NativeMethodAccessorImpl.invoke0(Native Method)
	at sun.reflect.NativeMethodAccessorImpl.invoke(NativeMethodAccessorImpl.java:62)
	at sun.reflect.DelegatingMethodAccessorImpl.invoke(DelegatingMethodAccessorImpl.java:43)
	at java.lang.reflect.Method.invoke(Method.java:498)
	at org.junit.runners.model.FrameworkMethod$1.runReflectiveCall(FrameworkMethod.java:50)
	at org.junit.internal.runners.model.ReflectiveCallable.run(ReflectiveCallable.java:12)
	at org.junit.runners.model.FrameworkMethod.invokeExplosively(FrameworkMethod.java:47)
	at org.junit.internal.runners.statements.InvokeMethod.evaluate(InvokeMethod.java:17)
	at org.junit.internal.runners.statements.FailOnTimeout$CallableStatement.call(FailOnTimeout.java:298)
	at org.junit.internal.runners.statements.FailOnTimeout$CallableStatement.call(FailOnTimeout.java:292)
	at java.util.concurrent.FutureTask.run(FutureTask.java:266)
	at java.lang.Thread.run(Thread.java:748)

FAILURES!!!
Tests run: 8,  Failures: 2

