JUnit version 4.12
.....E....E..E.E.E...E....E.E.E.E.E.E.....E.......E.E.E.E.E.E.
Time: 2.807
There were 19 failures:
1) test10(org.apache.commons.math.ode.GraggBulirschStoerIntegrator_ESTest)
org.apache.commons.math.ode.IntegratorException: minimal step size (3,428.198) reached, integration needs 0
	at org.apache.commons.math.ode.AdaptiveStepsizeIntegrator.filterStep(AdaptiveStepsizeIntegrator.java:309)
	at org.apache.commons.math.ode.GraggBulirschStoerIntegrator.integrate(GraggBulirschStoerIntegrator.java:926)
	at org.apache.commons.math.ode.GraggBulirschStoerIntegrator_ESTest.test10(GraggBulirschStoerIntegrator_ESTest.java:230)
	at sun.reflect.NativeMethodAccessorImpl.invoke0(Native Method)
	at sun.reflect.NativeMethodAccessorImpl.invoke(NativeMethodAccessorImpl.java:62)
	at sun.reflect.DelegatingMethodAccessorImpl.invoke(DelegatingMethodAccessorImpl.java:43)
	at java.lang.reflect.Method.invoke(Method.java:498)
	at org.junit.runners.model.FrameworkMethod$1.runReflectiveCall(FrameworkMethod.java:50)
	at org.junit.internal.runners.model.ReflectiveCallable.run(ReflectiveCallable.java:12)
	at org.junit.runners.model.FrameworkMethod.invokeExplosively(FrameworkMethod.java:47)
	at org.junit.internal.runners.statements.InvokeMethod.evaluate(InvokeMethod.java:17)
	at org.junit.internal.runners.statements.FailOnTimeout$CallableStatement.call(FailOnTimeout.java:298)
	at org.junit.internal.runners.statements.FailOnTimeout$CallableStatement.call(FailOnTimeout.java:292)
	at java.util.concurrent.FutureTask.run(FutureTask.java:266)
	at java.lang.Thread.run(Thread.java:748)
2) test38(org.apache.commons.math.ode.GraggBulirschStoerIntegrator_ESTest)
org.apache.commons.math.ode.IntegratorException: too small integration interval: length = 0
	at org.apache.commons.math.ode.AdaptiveStepsizeIntegrator.sanityChecks(AdaptiveStepsizeIntegrator.java:209)
	at org.apache.commons.math.ode.GraggBulirschStoerIntegrator.integrate(GraggBulirschStoerIntegrator.java:527)
	at org.apache.commons.math.ode.GraggBulirschStoerIntegrator_ESTest.test38(GraggBulirschStoerIntegrator_ESTest.java:639)
	at sun.reflect.NativeMethodAccessorImpl.invoke0(Native Method)
	at sun.reflect.NativeMethodAccessorImpl.invoke(NativeMethodAccessorImpl.java:62)
	at sun.reflect.DelegatingMethodAccessorImpl.invoke(DelegatingMethodAccessorImpl.java:43)
	at java.lang.reflect.Method.invoke(Method.java:498)
	at org.junit.runners.model.FrameworkMethod$1.runReflectiveCall(FrameworkMethod.java:50)
	at org.junit.internal.runners.model.ReflectiveCallable.run(ReflectiveCallable.java:12)
	at org.junit.runners.model.FrameworkMethod.invokeExplosively(FrameworkMethod.java:47)
	at org.junit.internal.runners.statements.InvokeMethod.evaluate(InvokeMethod.java:17)
	at org.junit.internal.runners.statements.FailOnTimeout$CallableStatement.call(FailOnTimeout.java:298)
	at org.junit.internal.runners.statements.FailOnTimeout$CallableStatement.call(FailOnTimeout.java:292)
	at java.util.concurrent.FutureTask.run(FutureTask.java:266)
	at java.lang.Thread.run(Thread.java:748)
3) test37(org.apache.commons.math.ode.GraggBulirschStoerIntegrator_ESTest)
org.apache.commons.math.ode.IntegratorException: too small integration interval: length = 0
	at org.apache.commons.math.ode.AdaptiveStepsizeIntegrator.sanityChecks(AdaptiveStepsizeIntegrator.java:209)
	at org.apache.commons.math.ode.GraggBulirschStoerIntegrator.integrate(GraggBulirschStoerIntegrator.java:527)
	at org.apache.commons.math.ode.GraggBulirschStoerIntegrator_ESTest.test37(GraggBulirschStoerIntegrator_ESTest.java:619)
	at sun.reflect.NativeMethodAccessorImpl.invoke0(Native Method)
	at sun.reflect.NativeMethodAccessorImpl.invoke(NativeMethodAccessorImpl.java:62)
	at sun.reflect.DelegatingMethodAccessorImpl.invoke(DelegatingMethodAccessorImpl.java:43)
	at java.lang.reflect.Method.invoke(Method.java:498)
	at org.junit.runners.model.FrameworkMethod$1.runReflectiveCall(FrameworkMethod.java:50)
	at org.junit.internal.runners.model.ReflectiveCallable.run(ReflectiveCallable.java:12)
	at org.junit.runners.model.FrameworkMethod.invokeExplosively(FrameworkMethod.java:47)
	at org.junit.internal.runners.statements.InvokeMethod.evaluate(InvokeMethod.java:17)
	at org.junit.internal.runners.statements.FailOnTimeout$CallableStatement.call(FailOnTimeout.java:298)
	at org.junit.internal.runners.statements.FailOnTimeout$CallableStatement.call(FailOnTimeout.java:292)
	at java.util.concurrent.FutureTask.run(FutureTask.java:266)
	at java.lang.Thread.run(Thread.java:748)
4) test14(org.apache.commons.math.ode.GraggBulirschStoerIntegrator_ESTest)
org.apache.commons.math.ode.IntegratorException: minimal step size (3,428.198) reached, integration needs 0
	at org.apache.commons.math.ode.AdaptiveStepsizeIntegrator.filterStep(AdaptiveStepsizeIntegrator.java:309)
	at org.apache.commons.math.ode.GraggBulirschStoerIntegrator.integrate(GraggBulirschStoerIntegrator.java:926)
	at org.apache.commons.math.ode.GraggBulirschStoerIntegrator_ESTest.test14(GraggBulirschStoerIntegrator_ESTest.java:279)
	at sun.reflect.NativeMethodAccessorImpl.invoke0(Native Method)
	at sun.reflect.NativeMethodAccessorImpl.invoke(NativeMethodAccessorImpl.java:62)
	at sun.reflect.DelegatingMethodAccessorImpl.invoke(DelegatingMethodAccessorImpl.java:43)
	at java.lang.reflect.Method.invoke(Method.java:498)
	at org.junit.runners.model.FrameworkMethod$1.runReflectiveCall(FrameworkMethod.java:50)
	at org.junit.internal.runners.model.ReflectiveCallable.run(ReflectiveCallable.java:12)
	at org.junit.runners.model.FrameworkMethod.invokeExplosively(FrameworkMethod.java:47)
	at org.junit.internal.runners.statements.InvokeMethod.evaluate(InvokeMethod.java:17)
	at org.junit.internal.runners.statements.FailOnTimeout$CallableStatement.call(FailOnTimeout.java:298)
	at org.junit.internal.runners.statements.FailOnTimeout$CallableStatement.call(FailOnTimeout.java:292)
	at java.util.concurrent.FutureTask.run(FutureTask.java:266)
	at java.lang.Thread.run(Thread.java:748)
5) test36(org.apache.commons.math.ode.GraggBulirschStoerIntegrator_ESTest)
org.apache.commons.math.ode.IntegratorException: too small integration interval: length = 0
	at org.apache.commons.math.ode.AdaptiveStepsizeIntegrator.sanityChecks(AdaptiveStepsizeIntegrator.java:209)
	at org.apache.commons.math.ode.GraggBulirschStoerIntegrator.integrate(GraggBulirschStoerIntegrator.java:527)
	at org.apache.commons.math.ode.GraggBulirschStoerIntegrator_ESTest.test36(GraggBulirschStoerIntegrator_ESTest.java:599)
	at sun.reflect.NativeMethodAccessorImpl.invoke0(Native Method)
	at sun.reflect.NativeMethodAccessorImpl.invoke(NativeMethodAccessorImpl.java:62)
	at sun.reflect.DelegatingMethodAccessorImpl.invoke(DelegatingMethodAccessorImpl.java:43)
	at java.lang.reflect.Method.invoke(Method.java:498)
	at org.junit.runners.model.FrameworkMethod$1.runReflectiveCall(FrameworkMethod.java:50)
	at org.junit.internal.runners.model.ReflectiveCallable.run(ReflectiveCallable.java:12)
	at org.junit.runners.model.FrameworkMethod.invokeExplosively(FrameworkMethod.java:47)
	at org.junit.internal.runners.statements.InvokeMethod.evaluate(InvokeMethod.java:17)
	at org.junit.internal.runners.statements.FailOnTimeout$CallableStatement.call(FailOnTimeout.java:298)
	at org.junit.internal.runners.statements.FailOnTimeout$CallableStatement.call(FailOnTimeout.java:292)
	at java.util.concurrent.FutureTask.run(FutureTask.java:266)
	at java.lang.Thread.run(Thread.java:748)
6) test19(org.apache.commons.math.ode.GraggBulirschStoerIntegrator_ESTest)
org.apache.commons.math.ode.IntegratorException: dimensions mismatch: ODE problem has dimension 0, initial state vector has dimension 2
	at org.apache.commons.math.ode.AdaptiveStepsizeIntegrator.sanityChecks(AdaptiveStepsizeIntegrator.java:177)
	at org.apache.commons.math.ode.GraggBulirschStoerIntegrator.integrate(GraggBulirschStoerIntegrator.java:527)
	at org.apache.commons.math.ode.GraggBulirschStoerIntegrator_ESTest.test19(GraggBulirschStoerIntegrator_ESTest.java:341)
	at sun.reflect.NativeMethodAccessorImpl.invoke0(Native Method)
	at sun.reflect.NativeMethodAccessorImpl.invoke(NativeMethodAccessorImpl.java:62)
	at sun.reflect.DelegatingMethodAccessorImpl.invoke(DelegatingMethodAccessorImpl.java:43)
	at java.lang.reflect.Method.invoke(Method.java:498)
	at org.junit.runners.model.FrameworkMethod$1.runReflectiveCall(FrameworkMethod.java:50)
	at org.junit.internal.runners.model.ReflectiveCallable.run(ReflectiveCallable.java:12)
	at org.junit.runners.model.FrameworkMethod.invokeExplosively(FrameworkMethod.java:47)
	at org.junit.internal.runners.statements.InvokeMethod.evaluate(InvokeMethod.java:17)
	at org.junit.internal.runners.statements.FailOnTimeout$CallableStatement.call(FailOnTimeout.java:298)
	at org.junit.internal.runners.statements.FailOnTimeout$CallableStatement.call(FailOnTimeout.java:292)
	at java.util.concurrent.FutureTask.run(FutureTask.java:266)
	at java.lang.Thread.run(Thread.java:748)
7) test30(org.apache.commons.math.ode.GraggBulirschStoerIntegrator_ESTest)
org.evosuite.runtime.mock.java.lang.MockIllegalArgumentException: Endpoints do not specify an interval: [50.666666666666664,24.624900000127997]
	at org.apache.commons.math.analysis.UnivariateRealSolverImpl.verifyInterval(UnivariateRealSolverImpl.java:296)
	at org.apache.commons.math.analysis.BrentSolver.solve(BrentSolver.java:129)
	at org.apache.commons.math.ode.SwitchState.evaluateStep(SwitchState.java:177)
	at org.apache.commons.math.ode.SwitchingFunctionsHandler.evaluateStep(SwitchingFunctionsHandler.java:109)
	at org.apache.commons.math.ode.GraggBulirschStoerIntegrator.integrate(GraggBulirschStoerIntegrator.java:848)
	at org.apache.commons.math.ode.GraggBulirschStoerIntegrator_ESTest.test30(GraggBulirschStoerIntegrator_ESTest.java:521)
	at sun.reflect.NativeMethodAccessorImpl.invoke0(Native Method)
	at sun.reflect.NativeMethodAccessorImpl.invoke(NativeMethodAccessorImpl.java:62)
	at sun.reflect.DelegatingMethodAccessorImpl.invoke(DelegatingMethodAccessorImpl.java:43)
	at java.lang.reflect.Method.invoke(Method.java:498)
	at org.junit.runners.model.FrameworkMethod$1.runReflectiveCall(FrameworkMethod.java:50)
	at org.junit.internal.runners.model.ReflectiveCallable.run(ReflectiveCallable.java:12)
	at org.junit.runners.model.FrameworkMethod.invokeExplosively(FrameworkMethod.java:47)
	at org.junit.internal.runners.statements.InvokeMethod.evaluate(InvokeMethod.java:17)
	at org.junit.internal.runners.statements.FailOnTimeout$CallableStatement.call(FailOnTimeout.java:298)
	at org.junit.internal.runners.statements.FailOnTimeout$CallableStatement.call(FailOnTimeout.java:292)
	at java.util.concurrent.FutureTask.run(FutureTask.java:266)
	at java.lang.Thread.run(Thread.java:748)
8) test01(org.apache.commons.math.ode.GraggBulirschStoerIntegrator_ESTest)
org.apache.commons.math.ode.IntegratorException: dimensions mismatch: ODE problem has dimension 0, final state vector has dimension 4
	at org.apache.commons.math.ode.AdaptiveStepsizeIntegrator.sanityChecks(AdaptiveStepsizeIntegrator.java:185)
	at org.apache.commons.math.ode.GraggBulirschStoerIntegrator.integrate(GraggBulirschStoerIntegrator.java:527)
	at org.apache.commons.math.ode.GraggBulirschStoerIntegrator_ESTest.test01(GraggBulirschStoerIntegrator_ESTest.java:55)
	at sun.reflect.NativeMethodAccessorImpl.invoke0(Native Method)
	at sun.reflect.NativeMethodAccessorImpl.invoke(NativeMethodAccessorImpl.java:62)
	at sun.reflect.DelegatingMethodAccessorImpl.invoke(DelegatingMethodAccessorImpl.java:43)
	at java.lang.reflect.Method.invoke(Method.java:498)
	at org.junit.runners.model.FrameworkMethod$1.runReflectiveCall(FrameworkMethod.java:50)
	at org.junit.internal.runners.model.ReflectiveCallable.run(ReflectiveCallable.java:12)
	at org.junit.runners.model.FrameworkMethod.invokeExplosively(FrameworkMethod.java:47)
	at org.junit.internal.runners.statements.InvokeMethod.evaluate(InvokeMethod.java:17)
	at org.junit.internal.runners.statements.FailOnTimeout$CallableStatement.call(FailOnTimeout.java:298)
	at org.junit.internal.runners.statements.FailOnTimeout$CallableStatement.call(FailOnTimeout.java:292)
	at java.util.concurrent.FutureTask.run(FutureTask.java:266)
	at java.lang.Thread.run(Thread.java:748)
9) test23(org.apache.commons.math.ode.GraggBulirschStoerIntegrator_ESTest)
org.apache.commons.math.ode.IntegratorException: dimensions mismatch: state vector has dimension 0, relative tolerance vector has dimension 8
	at org.apache.commons.math.ode.AdaptiveStepsizeIntegrator.sanityChecks(AdaptiveStepsizeIntegrator.java:201)
	at org.apache.commons.math.ode.GraggBulirschStoerIntegrator.integrate(GraggBulirschStoerIntegrator.java:527)
	at org.apache.commons.math.ode.GraggBulirschStoerIntegrator_ESTest.test23(GraggBulirschStoerIntegrator_ESTest.java:411)
	at sun.reflect.NativeMethodAccessorImpl.invoke0(Native Method)
	at sun.reflect.NativeMethodAccessorImpl.invoke(NativeMethodAccessorImpl.java:62)
	at sun.reflect.DelegatingMethodAccessorImpl.invoke(DelegatingMethodAccessorImpl.java:43)
	at java.lang.reflect.Method.invoke(Method.java:498)
	at org.junit.runners.model.FrameworkMethod$1.runReflectiveCall(FrameworkMethod.java:50)
	at org.junit.internal.runners.model.ReflectiveCallable.run(ReflectiveCallable.java:12)
	at org.junit.runners.model.FrameworkMethod.invokeExplosively(FrameworkMethod.java:47)
	at org.junit.internal.runners.statements.InvokeMethod.evaluate(InvokeMethod.java:17)
	at org.junit.internal.runners.statements.FailOnTimeout$CallableStatement.call(FailOnTimeout.java:298)
	at org.junit.internal.runners.statements.FailOnTimeout$CallableStatement.call(FailOnTimeout.java:292)
	at java.util.concurrent.FutureTask.run(FutureTask.java:266)
	at java.lang.Thread.run(Thread.java:748)
10) test00(org.apache.commons.math.ode.GraggBulirschStoerIntegrator_ESTest)
org.apache.commons.math.ode.IntegratorException: dimensions mismatch: ODE problem has dimension -1,303, initial state vector has dimension 5
	at org.apache.commons.math.ode.AdaptiveStepsizeIntegrator.sanityChecks(AdaptiveStepsizeIntegrator.java:177)
	at org.apache.commons.math.ode.GraggBulirschStoerIntegrator.integrate(GraggBulirschStoerIntegrator.java:527)
	at org.apache.commons.math.ode.GraggBulirschStoerIntegrator_ESTest.test00(GraggBulirschStoerIntegrator_ESTest.java:36)
	at sun.reflect.NativeMethodAccessorImpl.invoke0(Native Method)
	at sun.reflect.NativeMethodAccessorImpl.invoke(NativeMethodAccessorImpl.java:62)
	at sun.reflect.DelegatingMethodAccessorImpl.invoke(DelegatingMethodAccessorImpl.java:43)
	at java.lang.reflect.Method.invoke(Method.java:498)
	at org.junit.runners.model.FrameworkMethod$1.runReflectiveCall(FrameworkMethod.java:50)
	at org.junit.internal.runners.model.ReflectiveCallable.run(ReflectiveCallable.java:12)
	at org.junit.runners.model.FrameworkMethod.invokeExplosively(FrameworkMethod.java:47)
	at org.junit.internal.runners.statements.InvokeMethod.evaluate(InvokeMethod.java:17)
	at org.junit.internal.runners.statements.FailOnTimeout$CallableStatement.call(FailOnTimeout.java:298)
	at org.junit.internal.runners.statements.FailOnTimeout$CallableStatement.call(FailOnTimeout.java:292)
	at java.util.concurrent.FutureTask.run(FutureTask.java:266)
	at java.lang.Thread.run(Thread.java:748)
11) test22(org.apache.commons.math.ode.GraggBulirschStoerIntegrator_ESTest)
org.apache.commons.math.ode.IntegratorException: minimal step size (3,428.198) reached, integration needs 0
	at org.apache.commons.math.ode.AdaptiveStepsizeIntegrator.filterStep(AdaptiveStepsizeIntegrator.java:309)
	at org.apache.commons.math.ode.GraggBulirschStoerIntegrator.integrate(GraggBulirschStoerIntegrator.java:926)
	at org.apache.commons.math.ode.GraggBulirschStoerIntegrator_ESTest.test22(GraggBulirschStoerIntegrator_ESTest.java:391)
	at sun.reflect.NativeMethodAccessorImpl.invoke0(Native Method)
	at sun.reflect.NativeMethodAccessorImpl.invoke(NativeMethodAccessorImpl.java:62)
	at sun.reflect.DelegatingMethodAccessorImpl.invoke(DelegatingMethodAccessorImpl.java:43)
	at java.lang.reflect.Method.invoke(Method.java:498)
	at org.junit.runners.model.FrameworkMethod$1.runReflectiveCall(FrameworkMethod.java:50)
	at org.junit.internal.runners.model.ReflectiveCallable.run(ReflectiveCallable.java:12)
	at org.junit.runners.model.FrameworkMethod.invokeExplosively(FrameworkMethod.java:47)
	at org.junit.internal.runners.statements.InvokeMethod.evaluate(InvokeMethod.java:17)
	at org.junit.internal.runners.statements.FailOnTimeout$CallableStatement.call(FailOnTimeout.java:298)
	at org.junit.internal.runners.statements.FailOnTimeout$CallableStatement.call(FailOnTimeout.java:292)
	at java.util.concurrent.FutureTask.run(FutureTask.java:266)
	at java.lang.Thread.run(Thread.java:748)
12) test21(org.apache.commons.math.ode.GraggBulirschStoerIntegrator_ESTest)
org.apache.commons.math.ode.IntegratorException: too small integration interval: length = 0
	at org.apache.commons.math.ode.AdaptiveStepsizeIntegrator.sanityChecks(AdaptiveStepsizeIntegrator.java:209)
	at org.apache.commons.math.ode.GraggBulirschStoerIntegrator.integrate(GraggBulirschStoerIntegrator.java:527)
	at org.apache.commons.math.ode.GraggBulirschStoerIntegrator_ESTest.test21(GraggBulirschStoerIntegrator_ESTest.java:371)
	at sun.reflect.NativeMethodAccessorImpl.invoke0(Native Method)
	at sun.reflect.NativeMethodAccessorImpl.invoke(NativeMethodAccessorImpl.java:62)
	at sun.reflect.DelegatingMethodAccessorImpl.invoke(DelegatingMethodAccessorImpl.java:43)
	at java.lang.reflect.Method.invoke(Method.java:498)
	at org.junit.runners.model.FrameworkMethod$1.runReflectiveCall(FrameworkMethod.java:50)
	at org.junit.internal.runners.model.ReflectiveCallable.run(ReflectiveCallable.java:12)
	at org.junit.runners.model.FrameworkMethod.invokeExplosively(FrameworkMethod.java:47)
	at org.junit.internal.runners.statements.InvokeMethod.evaluate(InvokeMethod.java:17)
	at org.junit.internal.runners.statements.FailOnTimeout$CallableStatement.call(FailOnTimeout.java:298)
	at org.junit.internal.runners.statements.FailOnTimeout$CallableStatement.call(FailOnTimeout.java:292)
	at java.util.concurrent.FutureTask.run(FutureTask.java:266)
	at java.lang.Thread.run(Thread.java:748)
13) test04(org.apache.commons.math.ode.GraggBulirschStoerIntegrator_ESTest)
org.apache.commons.math.ode.IntegratorException: too small integration interval: length = 0
	at org.apache.commons.math.ode.AdaptiveStepsizeIntegrator.sanityChecks(AdaptiveStepsizeIntegrator.java:209)
	at org.apache.commons.math.ode.GraggBulirschStoerIntegrator.integrate(GraggBulirschStoerIntegrator.java:527)
	at org.apache.commons.math.ode.GraggBulirschStoerIntegrator_ESTest.test04(GraggBulirschStoerIntegrator_ESTest.java:120)
	at sun.reflect.NativeMethodAccessorImpl.invoke0(Native Method)
	at sun.reflect.NativeMethodAccessorImpl.invoke(NativeMethodAccessorImpl.java:62)
	at sun.reflect.DelegatingMethodAccessorImpl.invoke(DelegatingMethodAccessorImpl.java:43)
	at java.lang.reflect.Method.invoke(Method.java:498)
	at org.junit.runners.model.FrameworkMethod$1.runReflectiveCall(FrameworkMethod.java:50)
	at org.junit.internal.runners.model.ReflectiveCallable.run(ReflectiveCallable.java:12)
	at org.junit.runners.model.FrameworkMethod.invokeExplosively(FrameworkMethod.java:47)
	at org.junit.internal.runners.statements.InvokeMethod.evaluate(InvokeMethod.java:17)
	at org.junit.internal.runners.statements.FailOnTimeout$CallableStatement.call(FailOnTimeout.java:298)
	at org.junit.internal.runners.statements.FailOnTimeout$CallableStatement.call(FailOnTimeout.java:292)
	at java.util.concurrent.FutureTask.run(FutureTask.java:266)
	at java.lang.Thread.run(Thread.java:748)
14) test08(org.apache.commons.math.ode.GraggBulirschStoerIntegrator_ESTest)
org.apache.commons.math.ode.IntegratorException: dimensions mismatch: ODE problem has dimension 0, final state vector has dimension 7
	at org.apache.commons.math.ode.AdaptiveStepsizeIntegrator.sanityChecks(AdaptiveStepsizeIntegrator.java:185)
	at org.apache.commons.math.ode.GraggBulirschStoerIntegrator.integrate(GraggBulirschStoerIntegrator.java:527)
	at org.apache.commons.math.ode.GraggBulirschStoerIntegrator_ESTest.test08(GraggBulirschStoerIntegrator_ESTest.java:185)
	at sun.reflect.NativeMethodAccessorImpl.invoke0(Native Method)
	at sun.reflect.NativeMethodAccessorImpl.invoke(NativeMethodAccessorImpl.java:62)
	at sun.reflect.DelegatingMethodAccessorImpl.invoke(DelegatingMethodAccessorImpl.java:43)
	at java.lang.reflect.Method.invoke(Method.java:498)
	at org.junit.runners.model.FrameworkMethod$1.runReflectiveCall(FrameworkMethod.java:50)
	at org.junit.internal.runners.model.ReflectiveCallable.run(ReflectiveCallable.java:12)
	at org.junit.runners.model.FrameworkMethod.invokeExplosively(FrameworkMethod.java:47)
	at org.junit.internal.runners.statements.InvokeMethod.evaluate(InvokeMethod.java:17)
	at org.junit.internal.runners.statements.FailOnTimeout$CallableStatement.call(FailOnTimeout.java:298)
	at org.junit.internal.runners.statements.FailOnTimeout$CallableStatement.call(FailOnTimeout.java:292)
	at java.util.concurrent.FutureTask.run(FutureTask.java:266)
	at java.lang.Thread.run(Thread.java:748)
15) test07(org.apache.commons.math.ode.GraggBulirschStoerIntegrator_ESTest)
org.apache.commons.math.ode.IntegratorException: dimensions mismatch: ODE problem has dimension 492, initial state vector has dimension 3
	at org.apache.commons.math.ode.AdaptiveStepsizeIntegrator.sanityChecks(AdaptiveStepsizeIntegrator.java:177)
	at org.apache.commons.math.ode.GraggBulirschStoerIntegrator.integrate(GraggBulirschStoerIntegrator.java:527)
	at org.apache.commons.math.ode.GraggBulirschStoerIntegrator_ESTest.test07(GraggBulirschStoerIntegrator_ESTest.java:166)
	at sun.reflect.NativeMethodAccessorImpl.invoke0(Native Method)
	at sun.reflect.NativeMethodAccessorImpl.invoke(NativeMethodAccessorImpl.java:62)
	at sun.reflect.DelegatingMethodAccessorImpl.invoke(DelegatingMethodAccessorImpl.java:43)
	at java.lang.reflect.Method.invoke(Method.java:498)
	at org.junit.runners.model.FrameworkMethod$1.runReflectiveCall(FrameworkMethod.java:50)
	at org.junit.internal.runners.model.ReflectiveCallable.run(ReflectiveCallable.java:12)
	at org.junit.runners.model.FrameworkMethod.invokeExplosively(FrameworkMethod.java:47)
	at org.junit.internal.runners.statements.InvokeMethod.evaluate(InvokeMethod.java:17)
	at org.junit.internal.runners.statements.FailOnTimeout$CallableStatement.call(FailOnTimeout.java:298)
	at org.junit.internal.runners.statements.FailOnTimeout$CallableStatement.call(FailOnTimeout.java:292)
	at java.util.concurrent.FutureTask.run(FutureTask.java:266)
	at java.lang.Thread.run(Thread.java:748)
16) test29(org.apache.commons.math.ode.GraggBulirschStoerIntegrator_ESTest)
org.apache.commons.math.ode.IntegratorException: dimensions mismatch: ODE problem has dimension 0, final state vector has dimension 4
	at org.apache.commons.math.ode.AdaptiveStepsizeIntegrator.sanityChecks(AdaptiveStepsizeIntegrator.java:185)
	at org.apache.commons.math.ode.GraggBulirschStoerIntegrator.integrate(GraggBulirschStoerIntegrator.java:527)
	at org.apache.commons.math.ode.GraggBulirschStoerIntegrator_ESTest.test29(GraggBulirschStoerIntegrator_ESTest.java:498)
	at sun.reflect.NativeMethodAccessorImpl.invoke0(Native Method)
	at sun.reflect.NativeMethodAccessorImpl.invoke(NativeMethodAccessorImpl.java:62)
	at sun.reflect.DelegatingMethodAccessorImpl.invoke(DelegatingMethodAccessorImpl.java:43)
	at java.lang.reflect.Method.invoke(Method.java:498)
	at org.junit.runners.model.FrameworkMethod$1.runReflectiveCall(FrameworkMethod.java:50)
	at org.junit.internal.runners.model.ReflectiveCallable.run(ReflectiveCallable.java:12)
	at org.junit.runners.model.FrameworkMethod.invokeExplosively(FrameworkMethod.java:47)
	at org.junit.internal.runners.statements.InvokeMethod.evaluate(InvokeMethod.java:17)
	at org.junit.internal.runners.statements.FailOnTimeout$CallableStatement.call(FailOnTimeout.java:298)
	at org.junit.internal.runners.statements.FailOnTimeout$CallableStatement.call(FailOnTimeout.java:292)
	at java.util.concurrent.FutureTask.run(FutureTask.java:266)
	at java.lang.Thread.run(Thread.java:748)
17) test06(org.apache.commons.math.ode.GraggBulirschStoerIntegrator_ESTest)
org.apache.commons.math.ode.IntegratorException: minimal step size (3,428.198) reached, integration needs 0
	at org.apache.commons.math.ode.AdaptiveStepsizeIntegrator.filterStep(AdaptiveStepsizeIntegrator.java:309)
	at org.apache.commons.math.ode.GraggBulirschStoerIntegrator.integrate(GraggBulirschStoerIntegrator.java:926)
	at org.apache.commons.math.ode.GraggBulirschStoerIntegrator_ESTest.test06(GraggBulirschStoerIntegrator_ESTest.java:148)
	at sun.reflect.NativeMethodAccessorImpl.invoke0(Native Method)
	at sun.reflect.NativeMethodAccessorImpl.invoke(NativeMethodAccessorImpl.java:62)
	at sun.reflect.DelegatingMethodAccessorImpl.invoke(DelegatingMethodAccessorImpl.java:43)
	at java.lang.reflect.Method.invoke(Method.java:498)
	at org.junit.runners.model.FrameworkMethod$1.runReflectiveCall(FrameworkMethod.java:50)
	at org.junit.internal.runners.model.ReflectiveCallable.run(ReflectiveCallable.java:12)
	at org.junit.runners.model.FrameworkMethod.invokeExplosively(FrameworkMethod.java:47)
	at org.junit.internal.runners.statements.InvokeMethod.evaluate(InvokeMethod.java:17)
	at org.junit.internal.runners.statements.FailOnTimeout$CallableStatement.call(FailOnTimeout.java:298)
	at org.junit.internal.runners.statements.FailOnTimeout$CallableStatement.call(FailOnTimeout.java:292)
	at java.util.concurrent.FutureTask.run(FutureTask.java:266)
	at java.lang.Thread.run(Thread.java:748)
18) test28(org.apache.commons.math.ode.GraggBulirschStoerIntegrator_ESTest)
org.apache.commons.math.ode.IntegratorException: dimensions mismatch: ODE problem has dimension 1,414, initial state vector has dimension 3
	at org.apache.commons.math.ode.AdaptiveStepsizeIntegrator.sanityChecks(AdaptiveStepsizeIntegrator.java:177)
	at org.apache.commons.math.ode.GraggBulirschStoerIntegrator.integrate(GraggBulirschStoerIntegrator.java:527)
	at org.apache.commons.math.ode.GraggBulirschStoerIntegrator_ESTest.test28(GraggBulirschStoerIntegrator_ESTest.java:479)
	at sun.reflect.NativeMethodAccessorImpl.invoke0(Native Method)
	at sun.reflect.NativeMethodAccessorImpl.invoke(NativeMethodAccessorImpl.java:62)
	at sun.reflect.DelegatingMethodAccessorImpl.invoke(DelegatingMethodAccessorImpl.java:43)
	at java.lang.reflect.Method.invoke(Method.java:498)
	at org.junit.runners.model.FrameworkMethod$1.runReflectiveCall(FrameworkMethod.java:50)
	at org.junit.internal.runners.model.ReflectiveCallable.run(ReflectiveCallable.java:12)
	at org.junit.runners.model.FrameworkMethod.invokeExplosively(FrameworkMethod.java:47)
	at org.junit.internal.runners.statements.InvokeMethod.evaluate(InvokeMethod.java:17)
	at org.junit.internal.runners.statements.FailOnTimeout$CallableStatement.call(FailOnTimeout.java:298)
	at org.junit.internal.runners.statements.FailOnTimeout$CallableStatement.call(FailOnTimeout.java:292)
	at java.util.concurrent.FutureTask.run(FutureTask.java:266)
	at java.lang.Thread.run(Thread.java:748)
19) test41(org.apache.commons.math.ode.GraggBulirschStoerIntegrator_ESTest)
java.lang.NullPointerException
	at org.apache.commons.math.ode.SwitchState.reinitializeBegin(SwitchState.java:124)
	at org.apache.commons.math.ode.SwitchingFunctionsHandler.evaluateStep(SwitchingFunctionsHandler.java:98)
	at org.apache.commons.math.ode.GraggBulirschStoerIntegrator.integrate(GraggBulirschStoerIntegrator.java:848)
	at org.apache.commons.math.ode.GraggBulirschStoerIntegrator_ESTest.test41(GraggBulirschStoerIntegrator_ESTest.java:683)
	at sun.reflect.NativeMethodAccessorImpl.invoke0(Native Method)
	at sun.reflect.NativeMethodAccessorImpl.invoke(NativeMethodAccessorImpl.java:62)
	at sun.reflect.DelegatingMethodAccessorImpl.invoke(DelegatingMethodAccessorImpl.java:43)
	at java.lang.reflect.Method.invoke(Method.java:498)
	at org.junit.runners.model.FrameworkMethod$1.runReflectiveCall(FrameworkMethod.java:50)
	at org.junit.internal.runners.model.ReflectiveCallable.run(ReflectiveCallable.java:12)
	at org.junit.runners.model.FrameworkMethod.invokeExplosively(FrameworkMethod.java:47)
	at org.junit.internal.runners.statements.InvokeMethod.evaluate(InvokeMethod.java:17)
	at org.junit.internal.runners.statements.FailOnTimeout$CallableStatement.call(FailOnTimeout.java:298)
	at org.junit.internal.runners.statements.FailOnTimeout$CallableStatement.call(FailOnTimeout.java:292)
	at java.util.concurrent.FutureTask.run(FutureTask.java:266)
	at java.lang.Thread.run(Thread.java:748)

FAILURES!!!
Tests run: 43,  Failures: 19

