JUnit version 4.12
I.EII.E..I.E.EIIIIII.....EI.EI..III.EI.IIII..II.III.E.I.E.EII.I...EI.E.E.EII..III.I.E.EI....E.E..E.E.I.E..E.EII..EI...E.III.II...EI..III.I...IIII..EII..IIII.
Time: 1.974
There were 27 failures:
1) test105(com.google.javascript.rhino.head.ScriptableObject_ESTest)
java.lang.NullPointerException
	at com.google.javascript.rhino.head.ScriptableObject.getTopLevelScope(ScriptableObject.java:2131)
	at com.google.javascript.rhino.head.ScriptableObject.getFunctionPrototype(ScriptableObject.java:2075)
	at com.google.javascript.rhino.head.IdFunctionObject.getPrototype(IdFunctionObject.java:119)
	at com.google.javascript.rhino.head.ScriptableObject.getBase(ScriptableObject.java:2562)
	at com.google.javascript.rhino.head.ScriptableObject.hasProperty(ScriptableObject.java:2313)
	at com.google.javascript.rhino.head.ScriptableObject.isAccessorDescriptor(ScriptableObject.java:2008)
	at com.google.javascript.rhino.head.ScriptableObject.defineOwnProperty(ScriptableObject.java:1825)
	at com.google.javascript.rhino.head.ScriptableObject_ESTest.test105(ScriptableObject_ESTest.java:12376)
	at sun.reflect.NativeMethodAccessorImpl.invoke0(Native Method)
	at sun.reflect.NativeMethodAccessorImpl.invoke(NativeMethodAccessorImpl.java:62)
	at sun.reflect.DelegatingMethodAccessorImpl.invoke(DelegatingMethodAccessorImpl.java:43)
	at java.lang.reflect.Method.invoke(Method.java:498)
	at org.junit.runners.model.FrameworkMethod$1.runReflectiveCall(FrameworkMethod.java:50)
	at org.junit.internal.runners.model.ReflectiveCallable.run(ReflectiveCallable.java:12)
	at org.junit.runners.model.FrameworkMethod.invokeExplosively(FrameworkMethod.java:47)
	at org.junit.internal.runners.statements.InvokeMethod.evaluate(InvokeMethod.java:17)
	at org.junit.internal.runners.statements.FailOnTimeout$CallableStatement.call(FailOnTimeout.java:298)
	at org.junit.internal.runners.statements.FailOnTimeout$CallableStatement.call(FailOnTimeout.java:292)
	at java.util.concurrent.FutureTask.run(FutureTask.java:266)
	at java.lang.Thread.run(Thread.java:748)
2) test069(com.google.javascript.rhino.head.ScriptableObject_ESTest)
com.google.javascript.rhino.head.EcmaError: TypeError: Cannot find default value for object.
	at com.google.javascript.rhino.head.ScriptRuntime.constructError(ScriptRuntime.java:3728)
	at com.google.javascript.rhino.head.ScriptRuntime.constructError(ScriptRuntime.java:3706)
	at com.google.javascript.rhino.head.ScriptRuntime.typeError(ScriptRuntime.java:3734)
	at com.google.javascript.rhino.head.ScriptRuntime.typeError1(ScriptRuntime.java:3746)
	at com.google.javascript.rhino.head.ScriptableObject.getDefaultValue(ScriptableObject.java:1014)
	at com.google.javascript.rhino.head.ScriptableObject.getDefaultValue(ScriptableObject.java:933)
	at com.google.javascript.rhino.head.ScriptRuntime.toString(ScriptRuntime.java:803)
	at com.google.javascript.rhino.head.ScriptRuntime.toStringIdOrIndex(ScriptRuntime.java:1448)
	at com.google.javascript.rhino.head.ScriptableObject.getSlot(ScriptableObject.java:3100)
	at com.google.javascript.rhino.head.ScriptableObject.defineOwnProperty(ScriptableObject.java:1815)
	at com.google.javascript.rhino.head.ScriptableObject.defineOwnProperty(ScriptableObject.java:1799)
	at com.google.javascript.rhino.head.IdScriptableObject.defineOwnProperty(IdScriptableObject.java:772)
	at com.google.javascript.rhino.head.ScriptableObject_ESTest.test069(ScriptableObject_ESTest.java:8820)
	at sun.reflect.NativeMethodAccessorImpl.invoke0(Native Method)
	at sun.reflect.NativeMethodAccessorImpl.invoke(NativeMethodAccessorImpl.java:62)
	at sun.reflect.DelegatingMethodAccessorImpl.invoke(DelegatingMethodAccessorImpl.java:43)
	at java.lang.reflect.Method.invoke(Method.java:498)
	at org.junit.runners.model.FrameworkMethod$1.runReflectiveCall(FrameworkMethod.java:50)
	at org.junit.internal.runners.model.ReflectiveCallable.run(ReflectiveCallable.java:12)
	at org.junit.runners.model.FrameworkMethod.invokeExplosively(FrameworkMethod.java:47)
	at org.junit.internal.runners.statements.InvokeMethod.evaluate(InvokeMethod.java:17)
	at org.junit.internal.runners.statements.FailOnTimeout$CallableStatement.call(FailOnTimeout.java:298)
	at org.junit.internal.runners.statements.FailOnTimeout$CallableStatement.call(FailOnTimeout.java:292)
	at java.util.concurrent.FutureTask.run(FutureTask.java:266)
	at java.lang.Thread.run(Thread.java:748)
3) test104(com.google.javascript.rhino.head.ScriptableObject_ESTest)
java.lang.IllegalArgumentException: 2YRb
	at com.google.javascript.rhino.head.ScriptableObject.getGetterOrSetter(ScriptableObject.java:813)
	at com.google.javascript.rhino.head.ScriptableObject_ESTest.test104(ScriptableObject_ESTest.java:12222)
	at sun.reflect.NativeMethodAccessorImpl.invoke0(Native Method)
	at sun.reflect.NativeMethodAccessorImpl.invoke(NativeMethodAccessorImpl.java:62)
	at sun.reflect.DelegatingMethodAccessorImpl.invoke(DelegatingMethodAccessorImpl.java:43)
	at java.lang.reflect.Method.invoke(Method.java:498)
	at org.junit.runners.model.FrameworkMethod$1.runReflectiveCall(FrameworkMethod.java:50)
	at org.junit.internal.runners.model.ReflectiveCallable.run(ReflectiveCallable.java:12)
	at org.junit.runners.model.FrameworkMethod.invokeExplosively(FrameworkMethod.java:47)
	at org.junit.internal.runners.statements.InvokeMethod.evaluate(InvokeMethod.java:17)
	at org.junit.internal.runners.statements.FailOnTimeout$CallableStatement.call(FailOnTimeout.java:298)
	at org.junit.internal.runners.statements.FailOnTimeout$CallableStatement.call(FailOnTimeout.java:292)
	at java.util.concurrent.FutureTask.run(FutureTask.java:266)
	at java.lang.Thread.run(Thread.java:748)
4) test103(com.google.javascript.rhino.head.ScriptableObject_ESTest)
java.lang.NullPointerException
	at com.google.javascript.rhino.head.ScriptableObject.putConst(ScriptableObject.java:605)
	at com.google.javascript.rhino.head.ScriptableObject_ESTest.test103(ScriptableObject_ESTest.java:12070)
	at sun.reflect.NativeMethodAccessorImpl.invoke0(Native Method)
	at sun.reflect.NativeMethodAccessorImpl.invoke(NativeMethodAccessorImpl.java:62)
	at sun.reflect.DelegatingMethodAccessorImpl.invoke(DelegatingMethodAccessorImpl.java:43)
	at java.lang.reflect.Method.invoke(Method.java:498)
	at org.junit.runners.model.FrameworkMethod$1.runReflectiveCall(FrameworkMethod.java:50)
	at org.junit.internal.runners.model.ReflectiveCallable.run(ReflectiveCallable.java:12)
	at org.junit.runners.model.FrameworkMethod.invokeExplosively(FrameworkMethod.java:47)
	at org.junit.internal.runners.statements.InvokeMethod.evaluate(InvokeMethod.java:17)
	at org.junit.internal.runners.statements.FailOnTimeout$CallableStatement.call(FailOnTimeout.java:298)
	at org.junit.internal.runners.statements.FailOnTimeout$CallableStatement.call(FailOnTimeout.java:292)
	at java.util.concurrent.FutureTask.run(FutureTask.java:266)
	at java.lang.Thread.run(Thread.java:748)
5) test074(com.google.javascript.rhino.head.ScriptableObject_ESTest)
java.lang.NullPointerException
	at com.google.javascript.rhino.head.ScriptRuntime.storeIndexResult(ScriptRuntime.java:3943)
	at com.google.javascript.rhino.head.ScriptRuntime.toStringIdOrIndex(ScriptRuntime.java:1439)
	at com.google.javascript.rhino.head.ScriptableObject.getSlot(ScriptableObject.java:3100)
	at com.google.javascript.rhino.head.ScriptableObject.defineOwnProperty(ScriptableObject.java:1815)
	at com.google.javascript.rhino.head.ScriptableObject.defineOwnProperty(ScriptableObject.java:1799)
	at com.google.javascript.rhino.head.IdScriptableObject.defineOwnProperty(IdScriptableObject.java:772)
	at com.google.javascript.rhino.head.ScriptableObject.defineOwnProperties(ScriptableObject.java:1786)
	at com.google.javascript.rhino.head.ScriptableObject_ESTest.test074(ScriptableObject_ESTest.java:9411)
	at sun.reflect.NativeMethodAccessorImpl.invoke0(Native Method)
	at sun.reflect.NativeMethodAccessorImpl.invoke(NativeMethodAccessorImpl.java:62)
	at sun.reflect.DelegatingMethodAccessorImpl.invoke(DelegatingMethodAccessorImpl.java:43)
	at java.lang.reflect.Method.invoke(Method.java:498)
	at org.junit.runners.model.FrameworkMethod$1.runReflectiveCall(FrameworkMethod.java:50)
	at org.junit.internal.runners.model.ReflectiveCallable.run(ReflectiveCallable.java:12)
	at org.junit.runners.model.FrameworkMethod.invokeExplosively(FrameworkMethod.java:47)
	at org.junit.internal.runners.statements.InvokeMethod.evaluate(InvokeMethod.java:17)
	at org.junit.internal.runners.statements.FailOnTimeout$CallableStatement.call(FailOnTimeout.java:298)
	at org.junit.internal.runners.statements.FailOnTimeout$CallableStatement.call(FailOnTimeout.java:292)
	at java.util.concurrent.FutureTask.run(FutureTask.java:266)
	at java.lang.Thread.run(Thread.java:748)
6) test058(com.google.javascript.rhino.head.ScriptableObject_ESTest)
java.lang.IllegalArgumentException: 83
	at com.google.javascript.rhino.head.ScriptableObject.checkValidAttributes(ScriptableObject.java:419)
	at com.google.javascript.rhino.head.IdScriptableObject.setAttributes(IdScriptableObject.java:463)
	at com.google.javascript.rhino.head.ScriptableObject.defineProperty(ScriptableObject.java:1559)
	at com.google.javascript.rhino.head.ScriptableObject_ESTest.test058(ScriptableObject_ESTest.java:7847)
	at sun.reflect.NativeMethodAccessorImpl.invoke0(Native Method)
	at sun.reflect.NativeMethodAccessorImpl.invoke(NativeMethodAccessorImpl.java:62)
	at sun.reflect.DelegatingMethodAccessorImpl.invoke(DelegatingMethodAccessorImpl.java:43)
	at java.lang.reflect.Method.invoke(Method.java:498)
	at org.junit.runners.model.FrameworkMethod$1.runReflectiveCall(FrameworkMethod.java:50)
	at org.junit.internal.runners.model.ReflectiveCallable.run(ReflectiveCallable.java:12)
	at org.junit.runners.model.FrameworkMethod.invokeExplosively(FrameworkMethod.java:47)
	at org.junit.internal.runners.statements.InvokeMethod.evaluate(InvokeMethod.java:17)
	at org.junit.internal.runners.statements.FailOnTimeout$CallableStatement.call(FailOnTimeout.java:298)
	at org.junit.internal.runners.statements.FailOnTimeout$CallableStatement.call(FailOnTimeout.java:292)
	at java.util.concurrent.FutureTask.run(FutureTask.java:266)
	at java.lang.Thread.run(Thread.java:748)
7) test066(com.google.javascript.rhino.head.ScriptableObject_ESTest)
java.lang.NullPointerException
	at com.google.javascript.rhino.head.FunctionObject.findSingleMethod(FunctionObject.java:287)
	at com.google.javascript.rhino.head.ScriptableObject.defineFunctionProperties(ScriptableObject.java:2051)
	at com.google.javascript.rhino.head.ScriptableObject_ESTest.test066(ScriptableObject_ESTest.java:8561)
	at sun.reflect.NativeMethodAccessorImpl.invoke0(Native Method)
	at sun.reflect.NativeMethodAccessorImpl.invoke(NativeMethodAccessorImpl.java:62)
	at sun.reflect.DelegatingMethodAccessorImpl.invoke(DelegatingMethodAccessorImpl.java:43)
	at java.lang.reflect.Method.invoke(Method.java:498)
	at org.junit.runners.model.FrameworkMethod$1.runReflectiveCall(FrameworkMethod.java:50)
	at org.junit.internal.runners.model.ReflectiveCallable.run(ReflectiveCallable.java:12)
	at org.junit.runners.model.FrameworkMethod.invokeExplosively(FrameworkMethod.java:47)
	at org.junit.internal.runners.statements.InvokeMethod.evaluate(InvokeMethod.java:17)
	at org.junit.internal.runners.statements.FailOnTimeout$CallableStatement.call(FailOnTimeout.java:298)
	at org.junit.internal.runners.statements.FailOnTimeout$CallableStatement.call(FailOnTimeout.java:292)
	at java.util.concurrent.FutureTask.run(FutureTask.java:266)
	at java.lang.Thread.run(Thread.java:748)
8) test123(com.google.javascript.rhino.head.ScriptableObject_ESTest)
com.google.javascript.rhino.head.EcmaError: TypeError: Expected argument of type object, but instead had type object
	at com.google.javascript.rhino.head.ScriptRuntime.constructError(ScriptRuntime.java:3728)
	at com.google.javascript.rhino.head.ScriptRuntime.constructError(ScriptRuntime.java:3706)
	at com.google.javascript.rhino.head.ScriptRuntime.typeError(ScriptRuntime.java:3734)
	at com.google.javascript.rhino.head.ScriptRuntime.typeError1(ScriptRuntime.java:3746)
	at com.google.javascript.rhino.head.ScriptableObject.ensureScriptableObject(ScriptableObject.java:2028)
	at com.google.javascript.rhino.head.ScriptableObject_ESTest.test123(ScriptableObject_ESTest.java:14153)
	at sun.reflect.NativeMethodAccessorImpl.invoke0(Native Method)
	at sun.reflect.NativeMethodAccessorImpl.invoke(NativeMethodAccessorImpl.java:62)
	at sun.reflect.DelegatingMethodAccessorImpl.invoke(DelegatingMethodAccessorImpl.java:43)
	at java.lang.reflect.Method.invoke(Method.java:498)
	at org.junit.runners.model.FrameworkMethod$1.runReflectiveCall(FrameworkMethod.java:50)
	at org.junit.internal.runners.model.ReflectiveCallable.run(ReflectiveCallable.java:12)
	at org.junit.runners.model.FrameworkMethod.invokeExplosively(FrameworkMethod.java:47)
	at org.junit.internal.runners.statements.InvokeMethod.evaluate(InvokeMethod.java:17)
	at org.junit.internal.runners.statements.FailOnTimeout$CallableStatement.call(FailOnTimeout.java:298)
	at org.junit.internal.runners.statements.FailOnTimeout$CallableStatement.call(FailOnTimeout.java:292)
	at java.util.concurrent.FutureTask.run(FutureTask.java:266)
	at java.lang.Thread.run(Thread.java:748)
9) test004(com.google.javascript.rhino.head.ScriptableObject_ESTest)
java.lang.NullPointerException
	at com.google.javascript.rhino.head.NativeCall.<init>(NativeCall.java:73)
	at com.google.javascript.rhino.head.ScriptableObject_ESTest.test004(ScriptableObject_ESTest.java:867)
	at sun.reflect.NativeMethodAccessorImpl.invoke0(Native Method)
	at sun.reflect.NativeMethodAccessorImpl.invoke(NativeMethodAccessorImpl.java:62)
	at sun.reflect.DelegatingMethodAccessorImpl.invoke(DelegatingMethodAccessorImpl.java:43)
	at java.lang.reflect.Method.invoke(Method.java:498)
	at org.junit.runners.model.FrameworkMethod$1.runReflectiveCall(FrameworkMethod.java:50)
	at org.junit.internal.runners.model.ReflectiveCallable.run(ReflectiveCallable.java:12)
	at org.junit.runners.model.FrameworkMethod.invokeExplosively(FrameworkMethod.java:47)
	at org.junit.internal.runners.statements.InvokeMethod.evaluate(InvokeMethod.java:17)
	at org.junit.internal.runners.statements.FailOnTimeout$CallableStatement.call(FailOnTimeout.java:298)
	at org.junit.internal.runners.statements.FailOnTimeout$CallableStatement.call(FailOnTimeout.java:292)
	at java.util.concurrent.FutureTask.run(FutureTask.java:266)
	at java.lang.Thread.run(Thread.java:748)
10) test125(com.google.javascript.rhino.head.ScriptableObject_ESTest)
java.lang.IllegalArgumentException: 2747
	at com.google.javascript.rhino.head.ScriptableObject.checkValidAttributes(ScriptableObject.java:419)
	at com.google.javascript.rhino.head.IdScriptableObject.setAttributes(IdScriptableObject.java:463)
	at com.google.javascript.rhino.head.ScriptableObject.defineProperty(ScriptableObject.java:1559)
	at com.google.javascript.rhino.head.ScriptableObject_ESTest.test125(ScriptableObject_ESTest.java:14186)
	at sun.reflect.NativeMethodAccessorImpl.invoke0(Native Method)
	at sun.reflect.NativeMethodAccessorImpl.invoke(NativeMethodAccessorImpl.java:62)
	at sun.reflect.DelegatingMethodAccessorImpl.invoke(DelegatingMethodAccessorImpl.java:43)
	at java.lang.reflect.Method.invoke(Method.java:498)
	at org.junit.runners.model.FrameworkMethod$1.runReflectiveCall(FrameworkMethod.java:50)
	at org.junit.internal.runners.model.ReflectiveCallable.run(ReflectiveCallable.java:12)
	at org.junit.runners.model.FrameworkMethod.invokeExplosively(FrameworkMethod.java:47)
	at org.junit.internal.runners.statements.InvokeMethod.evaluate(InvokeMethod.java:17)
	at org.junit.internal.runners.statements.FailOnTimeout$CallableStatement.call(FailOnTimeout.java:298)
	at org.junit.internal.runners.statements.FailOnTimeout$CallableStatement.call(FailOnTimeout.java:292)
	at java.util.concurrent.FutureTask.run(FutureTask.java:266)
	at java.lang.Thread.run(Thread.java:748)
11) test012(com.google.javascript.rhino.head.ScriptableObject_ESTest)
com.google.javascript.rhino.head.EcmaError: TypeError: Expected argument of type object, but instead had type string
	at com.google.javascript.rhino.head.ScriptRuntime.constructError(ScriptRuntime.java:3728)
	at com.google.javascript.rhino.head.ScriptRuntime.constructError(ScriptRuntime.java:3706)
	at com.google.javascript.rhino.head.ScriptRuntime.typeError(ScriptRuntime.java:3734)
	at com.google.javascript.rhino.head.ScriptRuntime.typeError1(ScriptRuntime.java:3746)
	at com.google.javascript.rhino.head.ScriptableObject.ensureScriptableObject(ScriptableObject.java:2028)
	at com.google.javascript.rhino.head.ScriptableObject.defineOwnProperties(ScriptableObject.java:1781)
	at com.google.javascript.rhino.head.ScriptableObject_ESTest.test012(ScriptableObject_ESTest.java:1982)
	at sun.reflect.NativeMethodAccessorImpl.invoke0(Native Method)
	at sun.reflect.NativeMethodAccessorImpl.invoke(NativeMethodAccessorImpl.java:62)
	at sun.reflect.DelegatingMethodAccessorImpl.invoke(DelegatingMethodAccessorImpl.java:43)
	at java.lang.reflect.Method.invoke(Method.java:498)
	at org.junit.runners.model.FrameworkMethod$1.runReflectiveCall(FrameworkMethod.java:50)
	at org.junit.internal.runners.model.ReflectiveCallable.run(ReflectiveCallable.java:12)
	at org.junit.runners.model.FrameworkMethod.invokeExplosively(FrameworkMethod.java:47)
	at org.junit.internal.runners.statements.InvokeMethod.evaluate(InvokeMethod.java:17)
	at org.junit.internal.runners.statements.FailOnTimeout$CallableStatement.call(FailOnTimeout.java:298)
	at org.junit.internal.runners.statements.FailOnTimeout$CallableStatement.call(FailOnTimeout.java:292)
	at java.util.concurrent.FutureTask.run(FutureTask.java:266)
	at java.lang.Thread.run(Thread.java:748)
12) test099(com.google.javascript.rhino.head.ScriptableObject_ESTest)
java.lang.NullPointerException
	at com.google.javascript.rhino.head.Arguments.<init>(Arguments.java:59)
	at com.google.javascript.rhino.head.ScriptableObject_ESTest.test099(ScriptableObject_ESTest.java:11809)
	at sun.reflect.NativeMethodAccessorImpl.invoke0(Native Method)
	at sun.reflect.NativeMethodAccessorImpl.invoke(NativeMethodAccessorImpl.java:62)
	at sun.reflect.DelegatingMethodAccessorImpl.invoke(DelegatingMethodAccessorImpl.java:43)
	at java.lang.reflect.Method.invoke(Method.java:498)
	at org.junit.runners.model.FrameworkMethod$1.runReflectiveCall(FrameworkMethod.java:50)
	at org.junit.internal.runners.model.ReflectiveCallable.run(ReflectiveCallable.java:12)
	at org.junit.runners.model.FrameworkMethod.invokeExplosively(FrameworkMethod.java:47)
	at org.junit.internal.runners.statements.InvokeMethod.evaluate(InvokeMethod.java:17)
	at org.junit.internal.runners.statements.FailOnTimeout$CallableStatement.call(FailOnTimeout.java:298)
	at org.junit.internal.runners.statements.FailOnTimeout$CallableStatement.call(FailOnTimeout.java:292)
	at java.util.concurrent.FutureTask.run(FutureTask.java:266)
	at java.lang.Thread.run(Thread.java:748)
13) test094(com.google.javascript.rhino.head.ScriptableObject_ESTest)
org.evosuite.runtime.mock.java.lang.MockIllegalStateException: Interpreter frames not found
	at com.google.javascript.rhino.head.Interpreter.captureContinuation(Interpreter.java:2918)
	at com.google.javascript.rhino.head.ScriptableObject_ESTest.test094(ScriptableObject_ESTest.java:11305)
	at sun.reflect.NativeMethodAccessorImpl.invoke0(Native Method)
	at sun.reflect.NativeMethodAccessorImpl.invoke(NativeMethodAccessorImpl.java:62)
	at sun.reflect.DelegatingMethodAccessorImpl.invoke(DelegatingMethodAccessorImpl.java:43)
	at java.lang.reflect.Method.invoke(Method.java:498)
	at org.junit.runners.model.FrameworkMethod$1.runReflectiveCall(FrameworkMethod.java:50)
	at org.junit.internal.runners.model.ReflectiveCallable.run(ReflectiveCallable.java:12)
	at org.junit.runners.model.FrameworkMethod.invokeExplosively(FrameworkMethod.java:47)
	at org.junit.internal.runners.statements.InvokeMethod.evaluate(InvokeMethod.java:17)
	at org.junit.internal.runners.statements.FailOnTimeout$CallableStatement.call(FailOnTimeout.java:298)
	at org.junit.internal.runners.statements.FailOnTimeout$CallableStatement.call(FailOnTimeout.java:292)
	at java.util.concurrent.FutureTask.run(FutureTask.java:266)
	at java.lang.Thread.run(Thread.java:748)
14) test093(com.google.javascript.rhino.head.ScriptableObject_ESTest)
java.lang.IllegalArgumentException: -874
	at com.google.javascript.rhino.head.ScriptableObject.checkValidAttributes(ScriptableObject.java:419)
	at com.google.javascript.rhino.head.ScriptableObject$Slot.setAttributes(ScriptableObject.java:223)
	at com.google.javascript.rhino.head.ScriptableObject.setAttributes(ScriptableObject.java:751)
	at com.google.javascript.rhino.head.ScriptableObject.setAttributes(ScriptableObject.java:668)
	at com.google.javascript.rhino.head.ScriptableObject_ESTest.test093(ScriptableObject_ESTest.java:11220)
	at sun.reflect.NativeMethodAccessorImpl.invoke0(Native Method)
	at sun.reflect.NativeMethodAccessorImpl.invoke(NativeMethodAccessorImpl.java:62)
	at sun.reflect.DelegatingMethodAccessorImpl.invoke(DelegatingMethodAccessorImpl.java:43)
	at java.lang.reflect.Method.invoke(Method.java:498)
	at org.junit.runners.model.FrameworkMethod$1.runReflectiveCall(FrameworkMethod.java:50)
	at org.junit.internal.runners.model.ReflectiveCallable.run(ReflectiveCallable.java:12)
	at org.junit.runners.model.FrameworkMethod.invokeExplosively(FrameworkMethod.java:47)
	at org.junit.internal.runners.statements.InvokeMethod.evaluate(InvokeMethod.java:17)
	at org.junit.internal.runners.statements.FailOnTimeout$CallableStatement.call(FailOnTimeout.java:298)
	at org.junit.internal.runners.statements.FailOnTimeout$CallableStatement.call(FailOnTimeout.java:292)
	at java.util.concurrent.FutureTask.run(FutureTask.java:266)
	at java.lang.Thread.run(Thread.java:748)
15) test115(com.google.javascript.rhino.head.ScriptableObject_ESTest)
com.google.javascript.rhino.head.EcmaError: TypeError: Expected argument of type object, but instead had type object
	at com.google.javascript.rhino.head.ScriptRuntime.constructError(ScriptRuntime.java:3728)
	at com.google.javascript.rhino.head.ScriptRuntime.constructError(ScriptRuntime.java:3706)
	at com.google.javascript.rhino.head.ScriptRuntime.typeError(ScriptRuntime.java:3734)
	at com.google.javascript.rhino.head.ScriptRuntime.typeError1(ScriptRuntime.java:3746)
	at com.google.javascript.rhino.head.ScriptableObject.ensureScriptableObject(ScriptableObject.java:2028)
	at com.google.javascript.rhino.head.ScriptableObject.defineOwnProperties(ScriptableObject.java:1781)
	at com.google.javascript.rhino.head.ScriptableObject_ESTest.test115(ScriptableObject_ESTest.java:13555)
	at sun.reflect.NativeMethodAccessorImpl.invoke0(Native Method)
	at sun.reflect.NativeMethodAccessorImpl.invoke(NativeMethodAccessorImpl.java:62)
	at sun.reflect.DelegatingMethodAccessorImpl.invoke(DelegatingMethodAccessorImpl.java:43)
	at java.lang.reflect.Method.invoke(Method.java:498)
	at org.junit.runners.model.FrameworkMethod$1.runReflectiveCall(FrameworkMethod.java:50)
	at org.junit.internal.runners.model.ReflectiveCallable.run(ReflectiveCallable.java:12)
	at org.junit.runners.model.FrameworkMethod.invokeExplosively(FrameworkMethod.java:47)
	at org.junit.internal.runners.statements.InvokeMethod.evaluate(InvokeMethod.java:17)
	at org.junit.internal.runners.statements.FailOnTimeout$CallableStatement.call(FailOnTimeout.java:298)
	at org.junit.internal.runners.statements.FailOnTimeout$CallableStatement.call(FailOnTimeout.java:292)
	at java.util.concurrent.FutureTask.run(FutureTask.java:266)
	at java.lang.Thread.run(Thread.java:748)
16) test114(com.google.javascript.rhino.head.ScriptableObject_ESTest)
com.google.javascript.rhino.head.EcmaError: TypeError: Expected argument of type object, but instead had type object
	at com.google.javascript.rhino.head.ScriptRuntime.constructError(ScriptRuntime.java:3728)
	at com.google.javascript.rhino.head.ScriptRuntime.constructError(ScriptRuntime.java:3706)
	at com.google.javascript.rhino.head.ScriptRuntime.typeError(ScriptRuntime.java:3734)
	at com.google.javascript.rhino.head.ScriptRuntime.typeError1(ScriptRuntime.java:3746)
	at com.google.javascript.rhino.head.ScriptableObject.ensureScriptableObject(ScriptableObject.java:2028)
	at com.google.javascript.rhino.head.ScriptableObject.defineOwnProperties(ScriptableObject.java:1781)
	at com.google.javascript.rhino.head.ScriptableObject_ESTest.test114(ScriptableObject_ESTest.java:13280)
	at sun.reflect.NativeMethodAccessorImpl.invoke0(Native Method)
	at sun.reflect.NativeMethodAccessorImpl.invoke(NativeMethodAccessorImpl.java:62)
	at sun.reflect.DelegatingMethodAccessorImpl.invoke(DelegatingMethodAccessorImpl.java:43)
	at java.lang.reflect.Method.invoke(Method.java:498)
	at org.junit.runners.model.FrameworkMethod$1.runReflectiveCall(FrameworkMethod.java:50)
	at org.junit.internal.runners.model.ReflectiveCallable.run(ReflectiveCallable.java:12)
	at org.junit.runners.model.FrameworkMethod.invokeExplosively(FrameworkMethod.java:47)
	at org.junit.internal.runners.statements.InvokeMethod.evaluate(InvokeMethod.java:17)
	at org.junit.internal.runners.statements.FailOnTimeout$CallableStatement.call(FailOnTimeout.java:298)
	at org.junit.internal.runners.statements.FailOnTimeout$CallableStatement.call(FailOnTimeout.java:292)
	at java.util.concurrent.FutureTask.run(FutureTask.java:266)
	at java.lang.Thread.run(Thread.java:748)
17) test086(com.google.javascript.rhino.head.ScriptableObject_ESTest)
com.google.javascript.rhino.head.EcmaError: TypeError: Cannot find default value for object.
	at com.google.javascript.rhino.head.ScriptRuntime.constructError(ScriptRuntime.java:3728)
	at com.google.javascript.rhino.head.ScriptRuntime.constructError(ScriptRuntime.java:3706)
	at com.google.javascript.rhino.head.ScriptRuntime.typeError(ScriptRuntime.java:3734)
	at com.google.javascript.rhino.head.ScriptRuntime.typeError1(ScriptRuntime.java:3746)
	at com.google.javascript.rhino.head.ScriptableObject.getDefaultValue(ScriptableObject.java:1014)
	at com.google.javascript.rhino.head.ScriptableObject.getDefaultValue(ScriptableObject.java:933)
	at com.google.javascript.rhino.head.ScriptRuntime.toString(ScriptRuntime.java:803)
	at com.google.javascript.rhino.head.ScriptRuntime.toStringIdOrIndex(ScriptRuntime.java:1448)
	at com.google.javascript.rhino.head.ScriptableObject.getSlot(ScriptableObject.java:3100)
	at com.google.javascript.rhino.head.ScriptableObject.defineOwnProperty(ScriptableObject.java:1815)
	at com.google.javascript.rhino.head.ScriptableObject_ESTest.test086(ScriptableObject_ESTest.java:10571)
	at sun.reflect.NativeMethodAccessorImpl.invoke0(Native Method)
	at sun.reflect.NativeMethodAccessorImpl.invoke(NativeMethodAccessorImpl.java:62)
	at sun.reflect.DelegatingMethodAccessorImpl.invoke(DelegatingMethodAccessorImpl.java:43)
	at java.lang.reflect.Method.invoke(Method.java:498)
	at org.junit.runners.model.FrameworkMethod$1.runReflectiveCall(FrameworkMethod.java:50)
	at org.junit.internal.runners.model.ReflectiveCallable.run(ReflectiveCallable.java:12)
	at org.junit.runners.model.FrameworkMethod.invokeExplosively(FrameworkMethod.java:47)
	at org.junit.internal.runners.statements.InvokeMethod.evaluate(InvokeMethod.java:17)
	at org.junit.internal.runners.statements.FailOnTimeout$CallableStatement.call(FailOnTimeout.java:298)
	at org.junit.internal.runners.statements.FailOnTimeout$CallableStatement.call(FailOnTimeout.java:292)
	at java.util.concurrent.FutureTask.run(FutureTask.java:266)
	at java.lang.Thread.run(Thread.java:748)
18) test001(com.google.javascript.rhino.head.ScriptableObject_ESTest)
com.google.javascript.rhino.head.EvaluatorException: TypeError: redeclaration of var pDiPgd.
	at com.google.javascript.rhino.head.DefaultErrorReporter.runtimeError(DefaultErrorReporter.java:108)
	at com.google.javascript.rhino.head.Context.reportRuntimeError(Context.java:943)
	at com.google.javascript.rhino.head.Context.reportRuntimeError(Context.java:999)
	at com.google.javascript.rhino.head.Context.reportRuntimeError1(Context.java:962)
	at com.google.javascript.rhino.head.ScriptableObject.redefineProperty(ScriptableObject.java:2338)
	at com.google.javascript.rhino.head.ScriptableObject_ESTest.test001(ScriptableObject_ESTest.java:337)
	at sun.reflect.NativeMethodAccessorImpl.invoke0(Native Method)
	at sun.reflect.NativeMethodAccessorImpl.invoke(NativeMethodAccessorImpl.java:62)
	at sun.reflect.DelegatingMethodAccessorImpl.invoke(DelegatingMethodAccessorImpl.java:43)
	at java.lang.reflect.Method.invoke(Method.java:498)
	at org.junit.runners.model.FrameworkMethod$1.runReflectiveCall(FrameworkMethod.java:50)
	at org.junit.internal.runners.model.ReflectiveCallable.run(ReflectiveCallable.java:12)
	at org.junit.runners.model.FrameworkMethod.invokeExplosively(FrameworkMethod.java:47)
	at org.junit.internal.runners.statements.InvokeMethod.evaluate(InvokeMethod.java:17)
	at org.junit.internal.runners.statements.FailOnTimeout$CallableStatement.call(FailOnTimeout.java:298)
	at org.junit.internal.runners.statements.FailOnTimeout$CallableStatement.call(FailOnTimeout.java:292)
	at java.util.concurrent.FutureTask.run(FutureTask.java:266)
	at java.lang.Thread.run(Thread.java:748)
19) test122(com.google.javascript.rhino.head.ScriptableObject_ESTest)
com.google.javascript.rhino.head.EcmaError: TypeError: Cannot find default value for object.
	at com.google.javascript.rhino.head.ScriptRuntime.constructError(ScriptRuntime.java:3728)
	at com.google.javascript.rhino.head.ScriptRuntime.constructError(ScriptRuntime.java:3706)
	at com.google.javascript.rhino.head.ScriptRuntime.typeError(ScriptRuntime.java:3734)
	at com.google.javascript.rhino.head.ScriptRuntime.typeError1(ScriptRuntime.java:3746)
	at com.google.javascript.rhino.head.ScriptableObject.getDefaultValue(ScriptableObject.java:1014)
	at com.google.javascript.rhino.head.ScriptableObject.getDefaultValue(ScriptableObject.java:933)
	at com.google.javascript.rhino.head.ScriptRuntime.toString(ScriptRuntime.java:803)
	at com.google.javascript.rhino.head.ScriptRuntime.toStringIdOrIndex(ScriptRuntime.java:1448)
	at com.google.javascript.rhino.head.ScriptableObject.getSlot(ScriptableObject.java:3100)
	at com.google.javascript.rhino.head.ScriptableObject.defineOwnProperty(ScriptableObject.java:1815)
	at com.google.javascript.rhino.head.ScriptableObject_ESTest.test122(ScriptableObject_ESTest.java:14136)
	at sun.reflect.NativeMethodAccessorImpl.invoke0(Native Method)
	at sun.reflect.NativeMethodAccessorImpl.invoke(NativeMethodAccessorImpl.java:62)
	at sun.reflect.DelegatingMethodAccessorImpl.invoke(DelegatingMethodAccessorImpl.java:43)
	at java.lang.reflect.Method.invoke(Method.java:498)
	at org.junit.runners.model.FrameworkMethod$1.runReflectiveCall(FrameworkMethod.java:50)
	at org.junit.internal.runners.model.ReflectiveCallable.run(ReflectiveCallable.java:12)
	at org.junit.runners.model.FrameworkMethod.invokeExplosively(FrameworkMethod.java:47)
	at org.junit.internal.runners.statements.InvokeMethod.evaluate(InvokeMethod.java:17)
	at org.junit.internal.runners.statements.FailOnTimeout$CallableStatement.call(FailOnTimeout.java:298)
	at org.junit.internal.runners.statements.FailOnTimeout$CallableStatement.call(FailOnTimeout.java:292)
	at java.util.concurrent.FutureTask.run(FutureTask.java:266)
	at java.lang.Thread.run(Thread.java:748)
20) test000(com.google.javascript.rhino.head.ScriptableObject_ESTest)
com.google.javascript.rhino.head.EcmaError: TypeError: Expected argument of type object, but instead had type object
	at com.google.javascript.rhino.head.ScriptRuntime.constructError(ScriptRuntime.java:3728)
	at com.google.javascript.rhino.head.ScriptRuntime.constructError(ScriptRuntime.java:3706)
	at com.google.javascript.rhino.head.ScriptRuntime.typeError(ScriptRuntime.java:3734)
	at com.google.javascript.rhino.head.ScriptRuntime.typeError1(ScriptRuntime.java:3746)
	at com.google.javascript.rhino.head.ScriptableObject.ensureScriptable(ScriptableObject.java:2022)
	at com.google.javascript.rhino.head.ScriptableObject_ESTest.test000(ScriptableObject_ESTest.java:61)
	at sun.reflect.NativeMethodAccessorImpl.invoke0(Native Method)
	at sun.reflect.NativeMethodAccessorImpl.invoke(NativeMethodAccessorImpl.java:62)
	at sun.reflect.DelegatingMethodAccessorImpl.invoke(DelegatingMethodAccessorImpl.java:43)
	at java.lang.reflect.Method.invoke(Method.java:498)
	at org.junit.runners.model.FrameworkMethod$1.runReflectiveCall(FrameworkMethod.java:50)
	at org.junit.internal.runners.model.ReflectiveCallable.run(ReflectiveCallable.java:12)
	at org.junit.runners.model.FrameworkMethod.invokeExplosively(FrameworkMethod.java:47)
	at org.junit.internal.runners.statements.InvokeMethod.evaluate(InvokeMethod.java:17)
	at org.junit.internal.runners.statements.FailOnTimeout$CallableStatement.call(FailOnTimeout.java:298)
	at org.junit.internal.runners.statements.FailOnTimeout$CallableStatement.call(FailOnTimeout.java:292)
	at java.util.concurrent.FutureTask.run(FutureTask.java:266)
	at java.lang.Thread.run(Thread.java:748)
21) test083(com.google.javascript.rhino.head.ScriptableObject_ESTest)
java.lang.NullPointerException
	at com.google.javascript.rhino.head.IdScriptableObject.initPrototypeMethod(IdScriptableObject.java:646)
	at com.google.javascript.rhino.head.NativeBoolean.initPrototypeId(NativeBoolean.java:91)
	at com.google.javascript.rhino.head.ScriptableObject_ESTest.test083(ScriptableObject_ESTest.java:10200)
	at sun.reflect.NativeMethodAccessorImpl.invoke0(Native Method)
	at sun.reflect.NativeMethodAccessorImpl.invoke(NativeMethodAccessorImpl.java:62)
	at sun.reflect.DelegatingMethodAccessorImpl.invoke(DelegatingMethodAccessorImpl.java:43)
	at java.lang.reflect.Method.invoke(Method.java:498)
	at org.junit.runners.model.FrameworkMethod$1.runReflectiveCall(FrameworkMethod.java:50)
	at org.junit.internal.runners.model.ReflectiveCallable.run(ReflectiveCallable.java:12)
	at org.junit.runners.model.FrameworkMethod.invokeExplosively(FrameworkMethod.java:47)
	at org.junit.internal.runners.statements.InvokeMethod.evaluate(InvokeMethod.java:17)
	at org.junit.internal.runners.statements.FailOnTimeout$CallableStatement.call(FailOnTimeout.java:298)
	at org.junit.internal.runners.statements.FailOnTimeout$CallableStatement.call(FailOnTimeout.java:292)
	at java.util.concurrent.FutureTask.run(FutureTask.java:266)
	at java.lang.Thread.run(Thread.java:748)
22) test085(com.google.javascript.rhino.head.ScriptableObject_ESTest)
com.google.javascript.rhino.head.EcmaError: TypeError: Cannot add properties to this object because extensible is false.
	at com.google.javascript.rhino.head.ScriptRuntime.constructError(ScriptRuntime.java:3728)
	at com.google.javascript.rhino.head.ScriptRuntime.constructError(ScriptRuntime.java:3706)
	at com.google.javascript.rhino.head.ScriptRuntime.typeError(ScriptRuntime.java:3734)
	at com.google.javascript.rhino.head.ScriptRuntime.typeError0(ScriptRuntime.java:3740)
	at com.google.javascript.rhino.head.ScriptableObject.checkPropertyChange(ScriptableObject.java:1889)
	at com.google.javascript.rhino.head.ScriptableObject.defineOwnProperty(ScriptableObject.java:1822)
	at com.google.javascript.rhino.head.ScriptableObject_ESTest.test085(ScriptableObject_ESTest.java:10480)
	at sun.reflect.NativeMethodAccessorImpl.invoke0(Native Method)
	at sun.reflect.NativeMethodAccessorImpl.invoke(NativeMethodAccessorImpl.java:62)
	at sun.reflect.DelegatingMethodAccessorImpl.invoke(DelegatingMethodAccessorImpl.java:43)
	at java.lang.reflect.Method.invoke(Method.java:498)
	at org.junit.runners.model.FrameworkMethod$1.runReflectiveCall(FrameworkMethod.java:50)
	at org.junit.internal.runners.model.ReflectiveCallable.run(ReflectiveCallable.java:12)
	at org.junit.runners.model.FrameworkMethod.invokeExplosively(FrameworkMethod.java:47)
	at org.junit.internal.runners.statements.InvokeMethod.evaluate(InvokeMethod.java:17)
	at org.junit.internal.runners.statements.FailOnTimeout$CallableStatement.call(FailOnTimeout.java:298)
	at org.junit.internal.runners.statements.FailOnTimeout$CallableStatement.call(FailOnTimeout.java:292)
	at java.util.concurrent.FutureTask.run(FutureTask.java:266)
	at java.lang.Thread.run(Thread.java:748)
23) test084(com.google.javascript.rhino.head.ScriptableObject_ESTest)
java.lang.NullPointerException
	at com.google.javascript.rhino.head.ScriptableObject.defineProperty(ScriptableObject.java:1573)
	at com.google.javascript.rhino.head.IdFunctionObject.addAsProperty(IdFunctionObject.java:103)
	at com.google.javascript.rhino.head.ScriptableObject_ESTest.test084(ScriptableObject_ESTest.java:10280)
	at sun.reflect.NativeMethodAccessorImpl.invoke0(Native Method)
	at sun.reflect.NativeMethodAccessorImpl.invoke(NativeMethodAccessorImpl.java:62)
	at sun.reflect.DelegatingMethodAccessorImpl.invoke(DelegatingMethodAccessorImpl.java:43)
	at java.lang.reflect.Method.invoke(Method.java:498)
	at org.junit.runners.model.FrameworkMethod$1.runReflectiveCall(FrameworkMethod.java:50)
	at org.junit.internal.runners.model.ReflectiveCallable.run(ReflectiveCallable.java:12)
	at org.junit.runners.model.FrameworkMethod.invokeExplosively(FrameworkMethod.java:47)
	at org.junit.internal.runners.statements.InvokeMethod.evaluate(InvokeMethod.java:17)
	at org.junit.internal.runners.statements.FailOnTimeout$CallableStatement.call(FailOnTimeout.java:298)
	at org.junit.internal.runners.statements.FailOnTimeout$CallableStatement.call(FailOnTimeout.java:292)
	at java.util.concurrent.FutureTask.run(FutureTask.java:266)
	at java.lang.Thread.run(Thread.java:748)
24) test024(com.google.javascript.rhino.head.ScriptableObject_ESTest)
java.lang.NullPointerException
	at com.google.javascript.rhino.head.ScriptableObject.defineProperty(ScriptableObject.java:1573)
	at com.google.javascript.rhino.head.ScriptableObject.defineConstProperty(ScriptableObject.java:1593)
	at com.google.javascript.rhino.head.ScriptableObject_ESTest.test024(ScriptableObject_ESTest.java:3158)
	at sun.reflect.NativeMethodAccessorImpl.invoke0(Native Method)
	at sun.reflect.NativeMethodAccessorImpl.invoke(NativeMethodAccessorImpl.java:62)
	at sun.reflect.DelegatingMethodAccessorImpl.invoke(DelegatingMethodAccessorImpl.java:43)
	at java.lang.reflect.Method.invoke(Method.java:498)
	at org.junit.runners.model.FrameworkMethod$1.runReflectiveCall(FrameworkMethod.java:50)
	at org.junit.internal.runners.model.ReflectiveCallable.run(ReflectiveCallable.java:12)
	at org.junit.runners.model.FrameworkMethod.invokeExplosively(FrameworkMethod.java:47)
	at org.junit.internal.runners.statements.InvokeMethod.evaluate(InvokeMethod.java:17)
	at org.junit.internal.runners.statements.FailOnTimeout$CallableStatement.call(FailOnTimeout.java:298)
	at org.junit.internal.runners.statements.FailOnTimeout$CallableStatement.call(FailOnTimeout.java:292)
	at java.util.concurrent.FutureTask.run(FutureTask.java:266)
	at java.lang.Thread.run(Thread.java:748)
25) test031(com.google.javascript.rhino.head.ScriptableObject_ESTest)
java.lang.NullPointerException
	at com.google.javascript.rhino.head.ScriptableObject.put(ScriptableObject.java:550)
	at com.google.javascript.rhino.head.ScriptableObject_ESTest.test031(ScriptableObject_ESTest.java:4290)
	at sun.reflect.NativeMethodAccessorImpl.invoke0(Native Method)
	at sun.reflect.NativeMethodAccessorImpl.invoke(NativeMethodAccessorImpl.java:62)
	at sun.reflect.DelegatingMethodAccessorImpl.invoke(DelegatingMethodAccessorImpl.java:43)
	at java.lang.reflect.Method.invoke(Method.java:498)
	at org.junit.runners.model.FrameworkMethod$1.runReflectiveCall(FrameworkMethod.java:50)
	at org.junit.internal.runners.model.ReflectiveCallable.run(ReflectiveCallable.java:12)
	at org.junit.runners.model.FrameworkMethod.invokeExplosively(FrameworkMethod.java:47)
	at org.junit.internal.runners.statements.InvokeMethod.evaluate(InvokeMethod.java:17)
	at org.junit.internal.runners.statements.FailOnTimeout$CallableStatement.call(FailOnTimeout.java:298)
	at org.junit.internal.runners.statements.FailOnTimeout$CallableStatement.call(FailOnTimeout.java:292)
	at java.util.concurrent.FutureTask.run(FutureTask.java:266)
	at java.lang.Thread.run(Thread.java:748)
26) test015(com.google.javascript.rhino.head.ScriptableObject_ESTest)
java.lang.IllegalArgumentException
	at com.google.javascript.rhino.head.ScriptableObject.<init>(ScriptableObject.java:430)
	at com.google.javascript.rhino.head.IdScriptableObject.<init>(IdScriptableObject.java:322)
	at com.google.javascript.rhino.head.BaseFunction.<init>(BaseFunction.java:69)
	at com.google.javascript.rhino.head.IdFunctionObject.<init>(IdFunctionObject.java:63)
	at com.google.javascript.rhino.head.ScriptableObject_ESTest.test015(ScriptableObject_ESTest.java:2361)
	at sun.reflect.NativeMethodAccessorImpl.invoke0(Native Method)
	at sun.reflect.NativeMethodAccessorImpl.invoke(NativeMethodAccessorImpl.java:62)
	at sun.reflect.DelegatingMethodAccessorImpl.invoke(DelegatingMethodAccessorImpl.java:43)
	at java.lang.reflect.Method.invoke(Method.java:498)
	at org.junit.runners.model.FrameworkMethod$1.runReflectiveCall(FrameworkMethod.java:50)
	at org.junit.internal.runners.model.ReflectiveCallable.run(ReflectiveCallable.java:12)
	at org.junit.runners.model.FrameworkMethod.invokeExplosively(FrameworkMethod.java:47)
	at org.junit.internal.runners.statements.InvokeMethod.evaluate(InvokeMethod.java:17)
	at org.junit.internal.runners.statements.FailOnTimeout$CallableStatement.call(FailOnTimeout.java:298)
	at org.junit.internal.runners.statements.FailOnTimeout$CallableStatement.call(FailOnTimeout.java:292)
	at java.util.concurrent.FutureTask.run(FutureTask.java:266)
	at java.lang.Thread.run(Thread.java:748)
27) test036(com.google.javascript.rhino.head.ScriptableObject_ESTest)
com.google.javascript.rhino.head.EvaluatorException: Cannot load class "com.google.javascript.rhino.head.NativeIterator" which has no zero-parameter constructor.
	at com.google.javascript.rhino.head.DefaultErrorReporter.runtimeError(DefaultErrorReporter.java:108)
	at com.google.javascript.rhino.head.Context.reportRuntimeError(Context.java:943)
	at com.google.javascript.rhino.head.Context.reportRuntimeError(Context.java:999)
	at com.google.javascript.rhino.head.Context.reportRuntimeError1(Context.java:962)
	at com.google.javascript.rhino.head.ScriptableObject.buildClassCtor(ScriptableObject.java:1289)
	at com.google.javascript.rhino.head.ScriptableObject.defineClass(ScriptableObject.java:1233)
	at com.google.javascript.rhino.head.ScriptableObject.defineClass(ScriptableObject.java:1197)
	at com.google.javascript.rhino.head.ScriptableObject_ESTest.test036(ScriptableObject_ESTest.java:5561)
	at sun.reflect.NativeMethodAccessorImpl.invoke0(Native Method)
	at sun.reflect.NativeMethodAccessorImpl.invoke(NativeMethodAccessorImpl.java:62)
	at sun.reflect.DelegatingMethodAccessorImpl.invoke(DelegatingMethodAccessorImpl.java:43)
	at java.lang.reflect.Method.invoke(Method.java:498)
	at org.junit.runners.model.FrameworkMethod$1.runReflectiveCall(FrameworkMethod.java:50)
	at org.junit.internal.runners.model.ReflectiveCallable.run(ReflectiveCallable.java:12)
	at org.junit.runners.model.FrameworkMethod.invokeExplosively(FrameworkMethod.java:47)
	at org.junit.internal.runners.statements.InvokeMethod.evaluate(InvokeMethod.java:17)
	at org.junit.internal.runners.statements.FailOnTimeout$CallableStatement.call(FailOnTimeout.java:298)
	at org.junit.internal.runners.statements.FailOnTimeout$CallableStatement.call(FailOnTimeout.java:292)
	at java.util.concurrent.FutureTask.run(FutureTask.java:266)
	at java.lang.Thread.run(Thread.java:748)

FAILURES!!!
Tests run: 69,  Failures: 27

