JUnit version 4.12
..E.I.E.E....E....EI..E..
Time: 27.173
There were 6 failures:
1) test09(com.google.javascript.rhino.head.FunctionObject_ESTest)
com.google.javascript.rhino.head.EcmaError: TypeError: java.lang.String@0000000005 is not a function, it is object.
	at com.google.javascript.rhino.head.ScriptRuntime.constructError(ScriptRuntime.java:3728)
	at com.google.javascript.rhino.head.ScriptRuntime.constructError(ScriptRuntime.java:3706)
	at com.google.javascript.rhino.head.ScriptRuntime.typeError(ScriptRuntime.java:3734)
	at com.google.javascript.rhino.head.ScriptRuntime.typeError2(ScriptRuntime.java:3753)
	at com.google.javascript.rhino.head.ScriptRuntime.notFunctionError(ScriptRuntime.java:3808)
	at com.google.javascript.rhino.head.ScriptableObject.callMethod(ScriptableObject.java:2539)
	at com.google.javascript.rhino.head.FunctionObject_ESTest.test09(FunctionObject_ESTest.java:150)
	at sun.reflect.NativeMethodAccessorImpl.invoke0(Native Method)
	at sun.reflect.NativeMethodAccessorImpl.invoke(NativeMethodAccessorImpl.java:62)
	at sun.reflect.DelegatingMethodAccessorImpl.invoke(DelegatingMethodAccessorImpl.java:43)
	at java.lang.reflect.Method.invoke(Method.java:497)
	at org.junit.runners.model.FrameworkMethod$1.runReflectiveCall(FrameworkMethod.java:50)
	at org.junit.internal.runners.model.ReflectiveCallable.run(ReflectiveCallable.java:12)
	at org.junit.runners.model.FrameworkMethod.invokeExplosively(FrameworkMethod.java:47)
	at org.junit.internal.runners.statements.InvokeMethod.evaluate(InvokeMethod.java:17)
	at org.junit.internal.runners.statements.FailOnTimeout$CallableStatement.call(FailOnTimeout.java:298)
	at org.junit.internal.runners.statements.FailOnTimeout$CallableStatement.call(FailOnTimeout.java:292)
	at java.util.concurrent.FutureTask.run(FutureTask.java:266)
	at java.lang.Thread.run(Thread.java:745)
2) test07(com.google.javascript.rhino.head.FunctionObject_ESTest)
java.lang.NullPointerException
	at com.google.javascript.rhino.head.ScriptableObject.put(ScriptableObject.java:550)
	at com.google.javascript.rhino.head.NativeArray.put(NativeArray.java:468)
	at com.google.javascript.rhino.head.FunctionObject_ESTest.test07(FunctionObject_ESTest.java:122)
	at sun.reflect.NativeMethodAccessorImpl.invoke0(Native Method)
	at sun.reflect.NativeMethodAccessorImpl.invoke(NativeMethodAccessorImpl.java:62)
	at sun.reflect.DelegatingMethodAccessorImpl.invoke(DelegatingMethodAccessorImpl.java:43)
	at java.lang.reflect.Method.invoke(Method.java:497)
	at org.junit.runners.model.FrameworkMethod$1.runReflectiveCall(FrameworkMethod.java:50)
	at org.junit.internal.runners.model.ReflectiveCallable.run(ReflectiveCallable.java:12)
	at org.junit.runners.model.FrameworkMethod.invokeExplosively(FrameworkMethod.java:47)
	at org.junit.internal.runners.statements.InvokeMethod.evaluate(InvokeMethod.java:17)
	at org.junit.internal.runners.statements.FailOnTimeout$CallableStatement.call(FailOnTimeout.java:298)
	at org.junit.internal.runners.statements.FailOnTimeout$CallableStatement.call(FailOnTimeout.java:292)
	at java.util.concurrent.FutureTask.run(FutureTask.java:266)
	at java.lang.Thread.run(Thread.java:745)
3) test18(com.google.javascript.rhino.head.FunctionObject_ESTest)
com.google.javascript.rhino.head.EcmaError: TypeError: Cannot find default value for object.
	at com.google.javascript.rhino.head.ScriptRuntime.constructError(ScriptRuntime.java:3728)
	at com.google.javascript.rhino.head.ScriptRuntime.constructError(ScriptRuntime.java:3706)
	at com.google.javascript.rhino.head.ScriptRuntime.typeError(ScriptRuntime.java:3734)
	at com.google.javascript.rhino.head.ScriptRuntime.typeError1(ScriptRuntime.java:3746)
	at com.google.javascript.rhino.head.ScriptableObject.getDefaultValue(ScriptableObject.java:1014)
	at com.google.javascript.rhino.head.ScriptableObject.getDefaultValue(ScriptableObject.java:933)
	at com.google.javascript.rhino.head.ScriptRuntime.toNumber(ScriptRuntime.java:410)
	at com.google.javascript.rhino.head.Arguments.getOwnPropertyDescriptor(Arguments.java:340)
	at com.google.javascript.rhino.head.FunctionObject_ESTest.test18(FunctionObject_ESTest.java:281)
	at sun.reflect.NativeMethodAccessorImpl.invoke0(Native Method)
	at sun.reflect.NativeMethodAccessorImpl.invoke(NativeMethodAccessorImpl.java:62)
	at sun.reflect.DelegatingMethodAccessorImpl.invoke(DelegatingMethodAccessorImpl.java:43)
	at java.lang.reflect.Method.invoke(Method.java:497)
	at org.junit.runners.model.FrameworkMethod$1.runReflectiveCall(FrameworkMethod.java:50)
	at org.junit.internal.runners.model.ReflectiveCallable.run(ReflectiveCallable.java:12)
	at org.junit.runners.model.FrameworkMethod.invokeExplosively(FrameworkMethod.java:47)
	at org.junit.internal.runners.statements.InvokeMethod.evaluate(InvokeMethod.java:17)
	at org.junit.internal.runners.statements.FailOnTimeout$CallableStatement.call(FailOnTimeout.java:298)
	at org.junit.internal.runners.statements.FailOnTimeout$CallableStatement.call(FailOnTimeout.java:292)
	at java.util.concurrent.FutureTask.run(FutureTask.java:266)
	at java.lang.Thread.run(Thread.java:745)
4) test12(com.google.javascript.rhino.head.FunctionObject_ESTest)
java.lang.IllegalArgumentException: 4sp9czZsV6i
	at com.google.javascript.rhino.head.ScriptableObject.setGetterOrSetter(ScriptableObject.java:767)
	at com.google.javascript.rhino.head.ScriptableObject.setGetterOrSetter(ScriptableObject.java:760)
	at com.google.javascript.rhino.head.FunctionObject_ESTest.test12(FunctionObject_ESTest.java:184)
	at sun.reflect.NativeMethodAccessorImpl.invoke0(Native Method)
	at sun.reflect.NativeMethodAccessorImpl.invoke(NativeMethodAccessorImpl.java:62)
	at sun.reflect.DelegatingMethodAccessorImpl.invoke(DelegatingMethodAccessorImpl.java:43)
	at java.lang.reflect.Method.invoke(Method.java:497)
	at org.junit.runners.model.FrameworkMethod$1.runReflectiveCall(FrameworkMethod.java:50)
	at org.junit.internal.runners.model.ReflectiveCallable.run(ReflectiveCallable.java:12)
	at org.junit.runners.model.FrameworkMethod.invokeExplosively(FrameworkMethod.java:47)
	at org.junit.internal.runners.statements.InvokeMethod.evaluate(InvokeMethod.java:17)
	at org.junit.internal.runners.statements.FailOnTimeout$CallableStatement.call(FailOnTimeout.java:298)
	at org.junit.internal.runners.statements.FailOnTimeout$CallableStatement.call(FailOnTimeout.java:292)
	at java.util.concurrent.FutureTask.run(FutureTask.java:266)
	at java.lang.Thread.run(Thread.java:745)
5) test05(com.google.javascript.rhino.head.FunctionObject_ESTest)
java.lang.IllegalArgumentException: 1866
	at com.google.javascript.rhino.head.ScriptableObject.checkValidAttributes(ScriptableObject.java:419)
	at com.google.javascript.rhino.head.ScriptableObject$Slot.setAttributes(ScriptableObject.java:223)
	at com.google.javascript.rhino.head.ScriptableObject.setAttributes(ScriptableObject.java:751)
	at com.google.javascript.rhino.head.FunctionObject_ESTest.test05(FunctionObject_ESTest.java:97)
	at sun.reflect.NativeMethodAccessorImpl.invoke0(Native Method)
	at sun.reflect.NativeMethodAccessorImpl.invoke(NativeMethodAccessorImpl.java:62)
	at sun.reflect.DelegatingMethodAccessorImpl.invoke(DelegatingMethodAccessorImpl.java:43)
	at java.lang.reflect.Method.invoke(Method.java:497)
	at org.junit.runners.model.FrameworkMethod$1.runReflectiveCall(FrameworkMethod.java:50)
	at org.junit.internal.runners.model.ReflectiveCallable.run(ReflectiveCallable.java:12)
	at org.junit.runners.model.FrameworkMethod.invokeExplosively(FrameworkMethod.java:47)
	at org.junit.internal.runners.statements.InvokeMethod.evaluate(InvokeMethod.java:17)
	at org.junit.internal.runners.statements.FailOnTimeout$CallableStatement.call(FailOnTimeout.java:298)
	at org.junit.internal.runners.statements.FailOnTimeout$CallableStatement.call(FailOnTimeout.java:292)
	at java.util.concurrent.FutureTask.run(FutureTask.java:266)
	at java.lang.Thread.run(Thread.java:745)
6) test13(com.google.javascript.rhino.head.FunctionObject_ESTest)
java.lang.IllegalArgumentException
	at com.google.javascript.rhino.head.ScriptableObject.<init>(ScriptableObject.java:430)
	at com.google.javascript.rhino.head.IdScriptableObject.<init>(IdScriptableObject.java:322)
	at com.google.javascript.rhino.head.BaseFunction.<init>(BaseFunction.java:69)
	at com.google.javascript.rhino.head.FunctionObject_ESTest.test13(FunctionObject_ESTest.java:199)
	at sun.reflect.NativeMethodAccessorImpl.invoke0(Native Method)
	at sun.reflect.NativeMethodAccessorImpl.invoke(NativeMethodAccessorImpl.java:62)
	at sun.reflect.DelegatingMethodAccessorImpl.invoke(DelegatingMethodAccessorImpl.java:43)
	at java.lang.reflect.Method.invoke(Method.java:497)
	at org.junit.runners.model.FrameworkMethod$1.runReflectiveCall(FrameworkMethod.java:50)
	at org.junit.internal.runners.model.ReflectiveCallable.run(ReflectiveCallable.java:12)
	at org.junit.runners.model.FrameworkMethod.invokeExplosively(FrameworkMethod.java:47)
	at org.junit.internal.runners.statements.InvokeMethod.evaluate(InvokeMethod.java:17)
	at org.junit.internal.runners.statements.FailOnTimeout$CallableStatement.call(FailOnTimeout.java:298)
	at org.junit.internal.runners.statements.FailOnTimeout$CallableStatement.call(FailOnTimeout.java:292)
	at java.util.concurrent.FutureTask.run(FutureTask.java:266)
	at java.lang.Thread.run(Thread.java:745)

FAILURES!!!
Tests run: 17,  Failures: 6

