JUnit version 4.12
.........E....E.........E....E.............................E....E..E.E....E...E....E.E.......E.E.E..E..E........E..E.......E...........E...E.E..E..E...E.......E.E.E.E...E...E..E....E.E..E..E.E..E...E..E..E...........E......E...E.E.E.E...E..E...E.E.......E..E.....E.........E...E..E...E...E........E....E..E.....E.E..E.E.....E.E....E...E.E..E..E...E..E..E.E..E..E.E.E..E......E.E.........E.........E...E.......E..E.
Time: 2.901
There were 90 failures:
1) test085(com.google.javascript.rhino.head.ScriptRuntime_ESTest)
org.evosuite.runtime.mock.java.lang.MockRuntimeException: No Context associated with current Thread
	at com.google.javascript.rhino.head.Context.getContext(Context.java:2332)
	at com.google.javascript.rhino.head.ScriptRuntime_ESTest.test085(ScriptRuntime_ESTest.java:4837)
	at sun.reflect.NativeMethodAccessorImpl.invoke0(Native Method)
	at sun.reflect.NativeMethodAccessorImpl.invoke(NativeMethodAccessorImpl.java:62)
	at sun.reflect.DelegatingMethodAccessorImpl.invoke(DelegatingMethodAccessorImpl.java:43)
	at java.lang.reflect.Method.invoke(Method.java:498)
	at org.junit.runners.model.FrameworkMethod$1.runReflectiveCall(FrameworkMethod.java:50)
	at org.junit.internal.runners.model.ReflectiveCallable.run(ReflectiveCallable.java:12)
	at org.junit.runners.model.FrameworkMethod.invokeExplosively(FrameworkMethod.java:47)
	at org.junit.internal.runners.statements.InvokeMethod.evaluate(InvokeMethod.java:17)
	at org.junit.internal.runners.statements.FailOnTimeout$CallableStatement.call(FailOnTimeout.java:298)
	at org.junit.internal.runners.statements.FailOnTimeout$CallableStatement.call(FailOnTimeout.java:292)
	at java.util.concurrent.FutureTask.run(FutureTask.java:266)
	at java.lang.Thread.run(Thread.java:748)
2) test098(com.google.javascript.rhino.head.ScriptRuntime_ESTest)
org.evosuite.runtime.mock.java.lang.MockRuntimeException: No Context associated with current Thread
	at com.google.javascript.rhino.head.Context.getContext(Context.java:2332)
	at com.google.javascript.rhino.head.NativeJavaPackage.getPkgProperty(NativeJavaPackage.java:154)
	at com.google.javascript.rhino.head.NativeJavaPackage.get(NativeJavaPackage.java:115)
	at com.google.javascript.rhino.head.ScriptRuntime.propIncrDecr(ScriptRuntime.java:2689)
	at com.google.javascript.rhino.head.ScriptRuntime_ESTest.test098(ScriptRuntime_ESTest.java:5493)
	at sun.reflect.NativeMethodAccessorImpl.invoke0(Native Method)
	at sun.reflect.NativeMethodAccessorImpl.invoke(NativeMethodAccessorImpl.java:62)
	at sun.reflect.DelegatingMethodAccessorImpl.invoke(DelegatingMethodAccessorImpl.java:43)
	at java.lang.reflect.Method.invoke(Method.java:498)
	at org.junit.runners.model.FrameworkMethod$1.runReflectiveCall(FrameworkMethod.java:50)
	at org.junit.internal.runners.model.ReflectiveCallable.run(ReflectiveCallable.java:12)
	at org.junit.runners.model.FrameworkMethod.invokeExplosively(FrameworkMethod.java:47)
	at org.junit.internal.runners.statements.InvokeMethod.evaluate(InvokeMethod.java:17)
	at org.junit.internal.runners.statements.FailOnTimeout$CallableStatement.call(FailOnTimeout.java:298)
	at org.junit.internal.runners.statements.FailOnTimeout$CallableStatement.call(FailOnTimeout.java:292)
	at java.util.concurrent.FutureTask.run(FutureTask.java:266)
	at java.lang.Thread.run(Thread.java:748)
3) test057(com.google.javascript.rhino.head.ScriptRuntime_ESTest)
java.lang.AssertionError
	at org.junit.Assert.fail(Assert.java:86)
	at org.junit.Assert.assertTrue(Assert.java:41)
	at org.junit.Assert.assertNotNull(Assert.java:712)
	at org.junit.Assert.assertNotNull(Assert.java:722)
	at com.google.javascript.rhino.head.ScriptRuntime_ESTest.test057(ScriptRuntime_ESTest.java:4080)
	at sun.reflect.NativeMethodAccessorImpl.invoke0(Native Method)
	at sun.reflect.NativeMethodAccessorImpl.invoke(NativeMethodAccessorImpl.java:62)
	at sun.reflect.DelegatingMethodAccessorImpl.invoke(DelegatingMethodAccessorImpl.java:43)
	at java.lang.reflect.Method.invoke(Method.java:498)
	at org.junit.runners.model.FrameworkMethod$1.runReflectiveCall(FrameworkMethod.java:50)
	at org.junit.internal.runners.model.ReflectiveCallable.run(ReflectiveCallable.java:12)
	at org.junit.runners.model.FrameworkMethod.invokeExplosively(FrameworkMethod.java:47)
	at org.junit.internal.runners.statements.InvokeMethod.evaluate(InvokeMethod.java:17)
	at org.junit.internal.runners.statements.FailOnTimeout$CallableStatement.call(FailOnTimeout.java:298)
	at org.junit.internal.runners.statements.FailOnTimeout$CallableStatement.call(FailOnTimeout.java:292)
	at java.util.concurrent.FutureTask.run(FutureTask.java:266)
	at java.lang.Thread.run(Thread.java:748)
4) test179(com.google.javascript.rhino.head.ScriptRuntime_ESTest)
java.lang.AssertionError
	at org.junit.Assert.fail(Assert.java:86)
	at org.junit.Assert.assertTrue(Assert.java:41)
	at org.junit.Assert.assertNotNull(Assert.java:712)
	at org.junit.Assert.assertNotNull(Assert.java:722)
	at com.google.javascript.rhino.head.ScriptRuntime_ESTest.test179(ScriptRuntime_ESTest.java:11991)
	at sun.reflect.NativeMethodAccessorImpl.invoke0(Native Method)
	at sun.reflect.NativeMethodAccessorImpl.invoke(NativeMethodAccessorImpl.java:62)
	at sun.reflect.DelegatingMethodAccessorImpl.invoke(DelegatingMethodAccessorImpl.java:43)
	at java.lang.reflect.Method.invoke(Method.java:498)
	at org.junit.runners.model.FrameworkMethod$1.runReflectiveCall(FrameworkMethod.java:50)
	at org.junit.internal.runners.model.ReflectiveCallable.run(ReflectiveCallable.java:12)
	at org.junit.runners.model.FrameworkMethod.invokeExplosively(FrameworkMethod.java:47)
	at org.junit.internal.runners.statements.InvokeMethod.evaluate(InvokeMethod.java:17)
	at org.junit.internal.runners.statements.FailOnTimeout$CallableStatement.call(FailOnTimeout.java:298)
	at org.junit.internal.runners.statements.FailOnTimeout$CallableStatement.call(FailOnTimeout.java:292)
	at java.util.concurrent.FutureTask.run(FutureTask.java:266)
	at java.lang.Thread.run(Thread.java:748)
5) test199(com.google.javascript.rhino.head.ScriptRuntime_ESTest)
java.lang.AssertionError: Exception was not thrown in com.google.javascript.rhino.head.NativeJavaClass but in org.evosuite.runtime.Reflection.getModifiers(Reflection.java:108): java.lang.NullPointerException
	at org.evosuite.runtime.EvoAssertions.assertThrownBy(EvoAssertions.java:112)
	at org.evosuite.runtime.EvoAssertions.verifyException(EvoAssertions.java:49)
	at com.google.javascript.rhino.head.ScriptRuntime_ESTest.test199(ScriptRuntime_ESTest.java:12548)
	at sun.reflect.NativeMethodAccessorImpl.invoke0(Native Method)
	at sun.reflect.NativeMethodAccessorImpl.invoke(NativeMethodAccessorImpl.java:62)
	at sun.reflect.DelegatingMethodAccessorImpl.invoke(DelegatingMethodAccessorImpl.java:43)
	at java.lang.reflect.Method.invoke(Method.java:498)
	at org.junit.runners.model.FrameworkMethod$1.runReflectiveCall(FrameworkMethod.java:50)
	at org.junit.internal.runners.model.ReflectiveCallable.run(ReflectiveCallable.java:12)
	at org.junit.runners.model.FrameworkMethod.invokeExplosively(FrameworkMethod.java:47)
	at org.junit.internal.runners.statements.InvokeMethod.evaluate(InvokeMethod.java:17)
	at org.junit.internal.runners.statements.FailOnTimeout$CallableStatement.call(FailOnTimeout.java:298)
	at org.junit.internal.runners.statements.FailOnTimeout$CallableStatement.call(FailOnTimeout.java:292)
	at java.util.concurrent.FutureTask.run(FutureTask.java:266)
	at java.lang.Thread.run(Thread.java:748)
6) test193(com.google.javascript.rhino.head.ScriptRuntime_ESTest)
java.lang.ArrayIndexOutOfBoundsException: -1522
	at com.google.javascript.rhino.head.ScriptRuntime.toInteger(ScriptRuntime.java:1131)
	at com.google.javascript.rhino.head.ScriptRuntime_ESTest.test193(ScriptRuntime_ESTest.java:12405)
	at sun.reflect.NativeMethodAccessorImpl.invoke0(Native Method)
	at sun.reflect.NativeMethodAccessorImpl.invoke(NativeMethodAccessorImpl.java:62)
	at sun.reflect.DelegatingMethodAccessorImpl.invoke(DelegatingMethodAccessorImpl.java:43)
	at java.lang.reflect.Method.invoke(Method.java:498)
	at org.junit.runners.model.FrameworkMethod$1.runReflectiveCall(FrameworkMethod.java:50)
	at org.junit.internal.runners.model.ReflectiveCallable.run(ReflectiveCallable.java:12)
	at org.junit.runners.model.FrameworkMethod.invokeExplosively(FrameworkMethod.java:47)
	at org.junit.internal.runners.statements.InvokeMethod.evaluate(InvokeMethod.java:17)
	at org.junit.internal.runners.statements.FailOnTimeout$CallableStatement.call(FailOnTimeout.java:298)
	at org.junit.internal.runners.statements.FailOnTimeout$CallableStatement.call(FailOnTimeout.java:292)
	at java.util.concurrent.FutureTask.run(FutureTask.java:266)
	at java.lang.Thread.run(Thread.java:748)
7) test194(com.google.javascript.rhino.head.ScriptRuntime_ESTest)
org.evosuite.runtime.mock.java.lang.MockRuntimeException: No Context associated with current Thread
	at com.google.javascript.rhino.head.Context.getContext(Context.java:2332)
	at com.google.javascript.rhino.head.ScriptRuntime_ESTest.test194(ScriptRuntime_ESTest.java:12418)
	at sun.reflect.NativeMethodAccessorImpl.invoke0(Native Method)
	at sun.reflect.NativeMethodAccessorImpl.invoke(NativeMethodAccessorImpl.java:62)
	at sun.reflect.DelegatingMethodAccessorImpl.invoke(DelegatingMethodAccessorImpl.java:43)
	at java.lang.reflect.Method.invoke(Method.java:498)
	at org.junit.runners.model.FrameworkMethod$1.runReflectiveCall(FrameworkMethod.java:50)
	at org.junit.internal.runners.model.ReflectiveCallable.run(ReflectiveCallable.java:12)
	at org.junit.runners.model.FrameworkMethod.invokeExplosively(FrameworkMethod.java:47)
	at org.junit.internal.runners.statements.InvokeMethod.evaluate(InvokeMethod.java:17)
	at org.junit.internal.runners.statements.FailOnTimeout$CallableStatement.call(FailOnTimeout.java:298)
	at org.junit.internal.runners.statements.FailOnTimeout$CallableStatement.call(FailOnTimeout.java:292)
	at java.util.concurrent.FutureTask.run(FutureTask.java:266)
	at java.lang.Thread.run(Thread.java:748)
8) test074(com.google.javascript.rhino.head.ScriptRuntime_ESTest)
java.lang.AssertionError
	at org.junit.Assert.fail(Assert.java:86)
	at org.junit.Assert.assertTrue(Assert.java:41)
	at org.junit.Assert.assertNotNull(Assert.java:712)
	at org.junit.Assert.assertNotNull(Assert.java:722)
	at com.google.javascript.rhino.head.ScriptRuntime_ESTest.test074(ScriptRuntime_ESTest.java:4504)
	at sun.reflect.NativeMethodAccessorImpl.invoke0(Native Method)
	at sun.reflect.NativeMethodAccessorImpl.invoke(NativeMethodAccessorImpl.java:62)
	at sun.reflect.DelegatingMethodAccessorImpl.invoke(DelegatingMethodAccessorImpl.java:43)
	at java.lang.reflect.Method.invoke(Method.java:498)
	at org.junit.runners.model.FrameworkMethod$1.runReflectiveCall(FrameworkMethod.java:50)
	at org.junit.internal.runners.model.ReflectiveCallable.run(ReflectiveCallable.java:12)
	at org.junit.runners.model.FrameworkMethod.invokeExplosively(FrameworkMethod.java:47)
	at org.junit.internal.runners.statements.InvokeMethod.evaluate(InvokeMethod.java:17)
	at org.junit.internal.runners.statements.FailOnTimeout$CallableStatement.call(FailOnTimeout.java:298)
	at org.junit.internal.runners.statements.FailOnTimeout$CallableStatement.call(FailOnTimeout.java:292)
	at java.util.concurrent.FutureTask.run(FutureTask.java:266)
	at java.lang.Thread.run(Thread.java:748)
9) test191(com.google.javascript.rhino.head.ScriptRuntime_ESTest)
java.lang.ArrayIndexOutOfBoundsException: -316
	at com.google.javascript.rhino.head.ScriptRuntime.toInt32(ScriptRuntime.java:1148)
	at com.google.javascript.rhino.head.ScriptRuntime_ESTest.test191(ScriptRuntime_ESTest.java:12347)
	at sun.reflect.NativeMethodAccessorImpl.invoke0(Native Method)
	at sun.reflect.NativeMethodAccessorImpl.invoke(NativeMethodAccessorImpl.java:62)
	at sun.reflect.DelegatingMethodAccessorImpl.invoke(DelegatingMethodAccessorImpl.java:43)
	at java.lang.reflect.Method.invoke(Method.java:498)
	at org.junit.runners.model.FrameworkMethod$1.runReflectiveCall(FrameworkMethod.java:50)
	at org.junit.internal.runners.model.ReflectiveCallable.run(ReflectiveCallable.java:12)
	at org.junit.runners.model.FrameworkMethod.invokeExplosively(FrameworkMethod.java:47)
	at org.junit.internal.runners.statements.InvokeMethod.evaluate(InvokeMethod.java:17)
	at org.junit.internal.runners.statements.FailOnTimeout$CallableStatement.call(FailOnTimeout.java:298)
	at org.junit.internal.runners.statements.FailOnTimeout$CallableStatement.call(FailOnTimeout.java:292)
	at java.util.concurrent.FutureTask.run(FutureTask.java:266)
	at java.lang.Thread.run(Thread.java:748)
10) test314(com.google.javascript.rhino.head.ScriptRuntime_ESTest)
java.lang.AssertionError: Exception was not thrown in com.google.javascript.rhino.head.ScriptRuntime but in com.google.javascript.rhino.head.Context.getContext(Context.java:2332): org.evosuite.runtime.mock.java.lang.MockThrowable: No Context associated with current Thread
	at org.evosuite.runtime.EvoAssertions.assertThrownBy(EvoAssertions.java:112)
	at org.evosuite.runtime.EvoAssertions.verifyException(EvoAssertions.java:49)
	at com.google.javascript.rhino.head.ScriptRuntime_ESTest.test314(ScriptRuntime_ESTest.java:16366)
	at sun.reflect.NativeMethodAccessorImpl.invoke0(Native Method)
	at sun.reflect.NativeMethodAccessorImpl.invoke(NativeMethodAccessorImpl.java:62)
	at sun.reflect.DelegatingMethodAccessorImpl.invoke(DelegatingMethodAccessorImpl.java:43)
	at java.lang.reflect.Method.invoke(Method.java:498)
	at org.junit.runners.model.FrameworkMethod$1.runReflectiveCall(FrameworkMethod.java:50)
	at org.junit.internal.runners.model.ReflectiveCallable.run(ReflectiveCallable.java:12)
	at org.junit.runners.model.FrameworkMethod.invokeExplosively(FrameworkMethod.java:47)
	at org.junit.internal.runners.statements.InvokeMethod.evaluate(InvokeMethod.java:17)
	at org.junit.internal.runners.statements.FailOnTimeout$CallableStatement.call(FailOnTimeout.java:298)
	at org.junit.internal.runners.statements.FailOnTimeout$CallableStatement.call(FailOnTimeout.java:292)
	at java.util.concurrent.FutureTask.run(FutureTask.java:266)
	at java.lang.Thread.run(Thread.java:748)
11) test310(com.google.javascript.rhino.head.ScriptRuntime_ESTest)
java.lang.NullPointerException
	at com.google.javascript.rhino.head.ScriptRuntime.getTopCallScope(ScriptRuntime.java:3113)
	at com.google.javascript.rhino.head.ScriptRuntime.getObjectElem(ScriptRuntime.java:1464)
	at com.google.javascript.rhino.head.ScriptRuntime.elemIncrDecr(ScriptRuntime.java:2736)
	at com.google.javascript.rhino.head.ScriptRuntime_ESTest.test310(ScriptRuntime_ESTest.java:16291)
	at sun.reflect.NativeMethodAccessorImpl.invoke0(Native Method)
	at sun.reflect.NativeMethodAccessorImpl.invoke(NativeMethodAccessorImpl.java:62)
	at sun.reflect.DelegatingMethodAccessorImpl.invoke(DelegatingMethodAccessorImpl.java:43)
	at java.lang.reflect.Method.invoke(Method.java:498)
	at org.junit.runners.model.FrameworkMethod$1.runReflectiveCall(FrameworkMethod.java:50)
	at org.junit.internal.runners.model.ReflectiveCallable.run(ReflectiveCallable.java:12)
	at org.junit.runners.model.FrameworkMethod.invokeExplosively(FrameworkMethod.java:47)
	at org.junit.internal.runners.statements.InvokeMethod.evaluate(InvokeMethod.java:17)
	at org.junit.internal.runners.statements.FailOnTimeout$CallableStatement.call(FailOnTimeout.java:298)
	at org.junit.internal.runners.statements.FailOnTimeout$CallableStatement.call(FailOnTimeout.java:292)
	at java.util.concurrent.FutureTask.run(FutureTask.java:266)
	at java.lang.Thread.run(Thread.java:748)
12) test311(com.google.javascript.rhino.head.ScriptRuntime_ESTest)
java.lang.AssertionError: Exception was not thrown in com.google.javascript.rhino.head.DefaultErrorReporter but in com.google.javascript.rhino.head.Context.reportRuntimeError(Context.java:947): org.evosuite.runtime.mock.java.lang.MockThrowable: Constructor for "Error" not found.
	at org.evosuite.runtime.EvoAssertions.assertThrownBy(EvoAssertions.java:112)
	at org.evosuite.runtime.EvoAssertions.verifyException(EvoAssertions.java:49)
	at com.google.javascript.rhino.head.ScriptRuntime_ESTest.test311(ScriptRuntime_ESTest.java:16315)
	at sun.reflect.NativeMethodAccessorImpl.invoke0(Native Method)
	at sun.reflect.NativeMethodAccessorImpl.invoke(NativeMethodAccessorImpl.java:62)
	at sun.reflect.DelegatingMethodAccessorImpl.invoke(DelegatingMethodAccessorImpl.java:43)
	at java.lang.reflect.Method.invoke(Method.java:498)
	at org.junit.runners.model.FrameworkMethod$1.runReflectiveCall(FrameworkMethod.java:50)
	at org.junit.internal.runners.model.ReflectiveCallable.run(ReflectiveCallable.java:12)
	at org.junit.runners.model.FrameworkMethod.invokeExplosively(FrameworkMethod.java:47)
	at org.junit.internal.runners.statements.InvokeMethod.evaluate(InvokeMethod.java:17)
	at org.junit.internal.runners.statements.FailOnTimeout$CallableStatement.call(FailOnTimeout.java:298)
	at org.junit.internal.runners.statements.FailOnTimeout$CallableStatement.call(FailOnTimeout.java:292)
	at java.util.concurrent.FutureTask.run(FutureTask.java:266)
	at java.lang.Thread.run(Thread.java:748)
13) test205(com.google.javascript.rhino.head.ScriptRuntime_ESTest)
org.evosuite.runtime.mock.java.lang.MockRuntimeException: No Context associated with current Thread
	at com.google.javascript.rhino.head.Context.getContext(Context.java:2332)
	at com.google.javascript.rhino.head.ScriptRuntime.toObject(ScriptRuntime.java:1017)
	at com.google.javascript.rhino.head.ScriptRuntime_ESTest.test205(ScriptRuntime_ESTest.java:12978)
	at sun.reflect.NativeMethodAccessorImpl.invoke0(Native Method)
	at sun.reflect.NativeMethodAccessorImpl.invoke(NativeMethodAccessorImpl.java:62)
	at sun.reflect.DelegatingMethodAccessorImpl.invoke(DelegatingMethodAccessorImpl.java:43)
	at java.lang.reflect.Method.invoke(Method.java:498)
	at org.junit.runners.model.FrameworkMethod$1.runReflectiveCall(FrameworkMethod.java:50)
	at org.junit.internal.runners.model.ReflectiveCallable.run(ReflectiveCallable.java:12)
	at org.junit.runners.model.FrameworkMethod.invokeExplosively(FrameworkMethod.java:47)
	at org.junit.internal.runners.statements.InvokeMethod.evaluate(InvokeMethod.java:17)
	at org.junit.internal.runners.statements.FailOnTimeout$CallableStatement.call(FailOnTimeout.java:298)
	at org.junit.internal.runners.statements.FailOnTimeout$CallableStatement.call(FailOnTimeout.java:292)
	at java.util.concurrent.FutureTask.run(FutureTask.java:266)
	at java.lang.Thread.run(Thread.java:748)
14) test206(com.google.javascript.rhino.head.ScriptRuntime_ESTest)
org.evosuite.runtime.mock.java.lang.MockRuntimeException: No Context associated with current Thread
	at com.google.javascript.rhino.head.Context.getContext(Context.java:2332)
	at com.google.javascript.rhino.head.ScriptableObject.buildClassCtor(ScriptableObject.java:1261)
	at com.google.javascript.rhino.head.LazilyLoadedCtor.buildValue0(LazilyLoadedCtor.java:138)
	at com.google.javascript.rhino.head.LazilyLoadedCtor.access$000(LazilyLoadedCtor.java:51)
	at com.google.javascript.rhino.head.LazilyLoadedCtor$1.run(LazilyLoadedCtor.java:123)
	at java.security.AccessController.doPrivileged(Native Method)
	at com.google.javascript.rhino.head.LazilyLoadedCtor.buildValue(LazilyLoadedCtor.java:119)
	at com.google.javascript.rhino.head.LazilyLoadedCtor.init(LazilyLoadedCtor.java:99)
	at com.google.javascript.rhino.head.ScriptableObject$GetterSlot.getValue(ScriptableObject.java:345)
	at com.google.javascript.rhino.head.ScriptableObject.get(ScriptableObject.java:494)
	at com.google.javascript.rhino.head.IdScriptableObject.get(IdScriptableObject.java:361)
	at com.google.javascript.rhino.head.ImporterTopLevel.get(ImporterTopLevel.java:129)
	at com.google.javascript.rhino.head.ScriptableObject.getProperty(ScriptableObject.java:2213)
	at com.google.javascript.rhino.head.TopLevel.cacheBuiltins(TopLevel.java:114)
	at com.google.javascript.rhino.head.ScriptRuntime.initStandardObjects(ScriptRuntime.java:262)
	at com.google.javascript.rhino.head.Context.initStandardObjects(Context.java:1074)
	at com.google.javascript.rhino.head.ImporterTopLevel.initStandardObjects(ImporterTopLevel.java:106)
	at com.google.javascript.rhino.head.ImporterTopLevel.<init>(ImporterTopLevel.java:87)
	at com.google.javascript.rhino.head.ImporterTopLevel.<init>(ImporterTopLevel.java:82)
	at com.google.javascript.rhino.head.ScriptRuntime_ESTest.test206(ScriptRuntime_ESTest.java:13047)
	at sun.reflect.NativeMethodAccessorImpl.invoke0(Native Method)
	at sun.reflect.NativeMethodAccessorImpl.invoke(NativeMethodAccessorImpl.java:62)
	at sun.reflect.DelegatingMethodAccessorImpl.invoke(DelegatingMethodAccessorImpl.java:43)
	at java.lang.reflect.Method.invoke(Method.java:498)
	at org.junit.runners.model.FrameworkMethod$1.runReflectiveCall(FrameworkMethod.java:50)
	at org.junit.internal.runners.model.ReflectiveCallable.run(ReflectiveCallable.java:12)
	at org.junit.runners.model.FrameworkMethod.invokeExplosively(FrameworkMethod.java:47)
	at org.junit.internal.runners.statements.InvokeMethod.evaluate(InvokeMethod.java:17)
	at org.junit.internal.runners.statements.FailOnTimeout$CallableStatement.call(FailOnTimeout.java:298)
	at org.junit.internal.runners.statements.FailOnTimeout$CallableStatement.call(FailOnTimeout.java:292)
	at java.util.concurrent.FutureTask.run(FutureTask.java:266)
	at java.lang.Thread.run(Thread.java:748)
15) test207(com.google.javascript.rhino.head.ScriptRuntime_ESTest)
java.lang.AssertionError
	at org.junit.Assert.fail(Assert.java:86)
	at org.junit.Assert.assertTrue(Assert.java:41)
	at org.junit.Assert.assertNotNull(Assert.java:712)
	at org.junit.Assert.assertNotNull(Assert.java:722)
	at com.google.javascript.rhino.head.ScriptRuntime_ESTest.test207(ScriptRuntime_ESTest.java:13253)
	at sun.reflect.NativeMethodAccessorImpl.invoke0(Native Method)
	at sun.reflect.NativeMethodAccessorImpl.invoke(NativeMethodAccessorImpl.java:62)
	at sun.reflect.DelegatingMethodAccessorImpl.invoke(DelegatingMethodAccessorImpl.java:43)
	at java.lang.reflect.Method.invoke(Method.java:498)
	at org.junit.runners.model.FrameworkMethod$1.runReflectiveCall(FrameworkMethod.java:50)
	at org.junit.internal.runners.model.ReflectiveCallable.run(ReflectiveCallable.java:12)
	at org.junit.runners.model.FrameworkMethod.invokeExplosively(FrameworkMethod.java:47)
	at org.junit.internal.runners.statements.InvokeMethod.evaluate(InvokeMethod.java:17)
	at org.junit.internal.runners.statements.FailOnTimeout$CallableStatement.call(FailOnTimeout.java:298)
	at org.junit.internal.runners.statements.FailOnTimeout$CallableStatement.call(FailOnTimeout.java:292)
	at java.util.concurrent.FutureTask.run(FutureTask.java:266)
	at java.lang.Thread.run(Thread.java:748)
16) test321(com.google.javascript.rhino.head.ScriptRuntime_ESTest)
java.lang.AssertionError: Exception was not thrown in com.google.javascript.rhino.head.ScriptRuntime but in com.google.javascript.rhino.head.ScriptableObject.getTopLevelScope(ScriptableObject.java:2131): java.lang.NullPointerException
	at org.evosuite.runtime.EvoAssertions.assertThrownBy(EvoAssertions.java:112)
	at org.evosuite.runtime.EvoAssertions.verifyException(EvoAssertions.java:49)
	at com.google.javascript.rhino.head.ScriptRuntime_ESTest.test321(ScriptRuntime_ESTest.java:16474)
	at sun.reflect.NativeMethodAccessorImpl.invoke0(Native Method)
	at sun.reflect.NativeMethodAccessorImpl.invoke(NativeMethodAccessorImpl.java:62)
	at sun.reflect.DelegatingMethodAccessorImpl.invoke(DelegatingMethodAccessorImpl.java:43)
	at java.lang.reflect.Method.invoke(Method.java:498)
	at org.junit.runners.model.FrameworkMethod$1.runReflectiveCall(FrameworkMethod.java:50)
	at org.junit.internal.runners.model.ReflectiveCallable.run(ReflectiveCallable.java:12)
	at org.junit.runners.model.FrameworkMethod.invokeExplosively(FrameworkMethod.java:47)
	at org.junit.internal.runners.statements.InvokeMethod.evaluate(InvokeMethod.java:17)
	at org.junit.internal.runners.statements.FailOnTimeout$CallableStatement.call(FailOnTimeout.java:298)
	at org.junit.internal.runners.statements.FailOnTimeout$CallableStatement.call(FailOnTimeout.java:292)
	at java.util.concurrent.FutureTask.run(FutureTask.java:266)
	at java.lang.Thread.run(Thread.java:748)
17) test322(com.google.javascript.rhino.head.ScriptRuntime_ESTest)
java.lang.AssertionError: Expecting exception: NullPointerException
	at org.junit.Assert.fail(Assert.java:88)
	at com.google.javascript.rhino.head.ScriptRuntime_ESTest.test322(ScriptRuntime_ESTest.java:16486)
	at sun.reflect.NativeMethodAccessorImpl.invoke0(Native Method)
	at sun.reflect.NativeMethodAccessorImpl.invoke(NativeMethodAccessorImpl.java:62)
	at sun.reflect.DelegatingMethodAccessorImpl.invoke(DelegatingMethodAccessorImpl.java:43)
	at java.lang.reflect.Method.invoke(Method.java:498)
	at org.junit.runners.model.FrameworkMethod$1.runReflectiveCall(FrameworkMethod.java:50)
	at org.junit.internal.runners.model.ReflectiveCallable.run(ReflectiveCallable.java:12)
	at org.junit.runners.model.FrameworkMethod.invokeExplosively(FrameworkMethod.java:47)
	at org.junit.internal.runners.statements.InvokeMethod.evaluate(InvokeMethod.java:17)
	at org.junit.internal.runners.statements.FailOnTimeout$CallableStatement.call(FailOnTimeout.java:298)
	at org.junit.internal.runners.statements.FailOnTimeout$CallableStatement.call(FailOnTimeout.java:292)
	at java.util.concurrent.FutureTask.run(FutureTask.java:266)
	at java.lang.Thread.run(Thread.java:748)
18) test303(com.google.javascript.rhino.head.ScriptRuntime_ESTest)
java.lang.NullPointerException
	at com.google.javascript.rhino.head.ScriptRuntime.getTopCallScope(ScriptRuntime.java:3113)
	at com.google.javascript.rhino.head.ScriptRuntime.toObjectOrNull(ScriptRuntime.java:989)
	at com.google.javascript.rhino.head.SpecialRef.createSpecial(SpecialRef.java:62)
	at com.google.javascript.rhino.head.ScriptRuntime.specialRef(ScriptRuntime.java:1725)
	at com.google.javascript.rhino.head.ScriptRuntime_ESTest.test303(ScriptRuntime_ESTest.java:16186)
	at sun.reflect.NativeMethodAccessorImpl.invoke0(Native Method)
	at sun.reflect.NativeMethodAccessorImpl.invoke(NativeMethodAccessorImpl.java:62)
	at sun.reflect.DelegatingMethodAccessorImpl.invoke(DelegatingMethodAccessorImpl.java:43)
	at java.lang.reflect.Method.invoke(Method.java:498)
	at org.junit.runners.model.FrameworkMethod$1.runReflectiveCall(FrameworkMethod.java:50)
	at org.junit.internal.runners.model.ReflectiveCallable.run(ReflectiveCallable.java:12)
	at org.junit.runners.model.FrameworkMethod.invokeExplosively(FrameworkMethod.java:47)
	at org.junit.internal.runners.statements.InvokeMethod.evaluate(InvokeMethod.java:17)
	at org.junit.internal.runners.statements.FailOnTimeout$CallableStatement.call(FailOnTimeout.java:298)
	at org.junit.internal.runners.statements.FailOnTimeout$CallableStatement.call(FailOnTimeout.java:292)
	at java.util.concurrent.FutureTask.run(FutureTask.java:266)
	at java.lang.Thread.run(Thread.java:748)
19) test305(com.google.javascript.rhino.head.ScriptRuntime_ESTest)
java.lang.NullPointerException
	at com.google.javascript.rhino.head.ImporterTopLevel.initStandardObjects(ImporterTopLevel.java:106)
	at com.google.javascript.rhino.head.ImporterTopLevel.<init>(ImporterTopLevel.java:87)
	at com.google.javascript.rhino.head.ScriptRuntime_ESTest.test305(ScriptRuntime_ESTest.java:16219)
	at sun.reflect.NativeMethodAccessorImpl.invoke0(Native Method)
	at sun.reflect.NativeMethodAccessorImpl.invoke(NativeMethodAccessorImpl.java:62)
	at sun.reflect.DelegatingMethodAccessorImpl.invoke(DelegatingMethodAccessorImpl.java:43)
	at java.lang.reflect.Method.invoke(Method.java:498)
	at org.junit.runners.model.FrameworkMethod$1.runReflectiveCall(FrameworkMethod.java:50)
	at org.junit.internal.runners.model.ReflectiveCallable.run(ReflectiveCallable.java:12)
	at org.junit.runners.model.FrameworkMethod.invokeExplosively(FrameworkMethod.java:47)
	at org.junit.internal.runners.statements.InvokeMethod.evaluate(InvokeMethod.java:17)
	at org.junit.internal.runners.statements.FailOnTimeout$CallableStatement.call(FailOnTimeout.java:298)
	at org.junit.internal.runners.statements.FailOnTimeout$CallableStatement.call(FailOnTimeout.java:292)
	at java.util.concurrent.FutureTask.run(FutureTask.java:266)
	at java.lang.Thread.run(Thread.java:748)
20) test117(com.google.javascript.rhino.head.ScriptRuntime_ESTest)
java.lang.AssertionError
	at org.junit.Assert.fail(Assert.java:86)
	at org.junit.Assert.assertTrue(Assert.java:41)
	at org.junit.Assert.assertNotNull(Assert.java:712)
	at org.junit.Assert.assertNotNull(Assert.java:722)
	at com.google.javascript.rhino.head.ScriptRuntime_ESTest.test117(ScriptRuntime_ESTest.java:7348)
	at sun.reflect.NativeMethodAccessorImpl.invoke0(Native Method)
	at sun.reflect.NativeMethodAccessorImpl.invoke(NativeMethodAccessorImpl.java:62)
	at sun.reflect.DelegatingMethodAccessorImpl.invoke(DelegatingMethodAccessorImpl.java:43)
	at java.lang.reflect.Method.invoke(Method.java:498)
	at org.junit.runners.model.FrameworkMethod$1.runReflectiveCall(FrameworkMethod.java:50)
	at org.junit.internal.runners.model.ReflectiveCallable.run(ReflectiveCallable.java:12)
	at org.junit.runners.model.FrameworkMethod.invokeExplosively(FrameworkMethod.java:47)
	at org.junit.internal.runners.statements.InvokeMethod.evaluate(InvokeMethod.java:17)
	at org.junit.internal.runners.statements.FailOnTimeout$CallableStatement.call(FailOnTimeout.java:298)
	at org.junit.internal.runners.statements.FailOnTimeout$CallableStatement.call(FailOnTimeout.java:292)
	at java.util.concurrent.FutureTask.run(FutureTask.java:266)
	at java.lang.Thread.run(Thread.java:748)
21) test115(com.google.javascript.rhino.head.ScriptRuntime_ESTest)
org.evosuite.runtime.mock.java.lang.MockIllegalStateException
	at com.google.javascript.rhino.head.ScriptRuntime.getTopCallScope(ScriptRuntime.java:3115)
	at com.google.javascript.rhino.head.ScriptRuntime.applyOrCall(ScriptRuntime.java:2454)
	at com.google.javascript.rhino.head.ScriptRuntime_ESTest.test115(ScriptRuntime_ESTest.java:7207)
	at sun.reflect.NativeMethodAccessorImpl.invoke0(Native Method)
	at sun.reflect.NativeMethodAccessorImpl.invoke(NativeMethodAccessorImpl.java:62)
	at sun.reflect.DelegatingMethodAccessorImpl.invoke(DelegatingMethodAccessorImpl.java:43)
	at java.lang.reflect.Method.invoke(Method.java:498)
	at org.junit.runners.model.FrameworkMethod$1.runReflectiveCall(FrameworkMethod.java:50)
	at org.junit.internal.runners.model.ReflectiveCallable.run(ReflectiveCallable.java:12)
	at org.junit.runners.model.FrameworkMethod.invokeExplosively(FrameworkMethod.java:47)
	at org.junit.internal.runners.statements.InvokeMethod.evaluate(InvokeMethod.java:17)
	at org.junit.internal.runners.statements.FailOnTimeout$CallableStatement.call(FailOnTimeout.java:298)
	at org.junit.internal.runners.statements.FailOnTimeout$CallableStatement.call(FailOnTimeout.java:292)
	at java.util.concurrent.FutureTask.run(FutureTask.java:266)
	at java.lang.Thread.run(Thread.java:748)
22) test120(com.google.javascript.rhino.head.ScriptRuntime_ESTest)
org.evosuite.runtime.mock.java.lang.MockRuntimeException: No Context associated with current Thread
	at com.google.javascript.rhino.head.Context.getContext(Context.java:2332)
	at com.google.javascript.rhino.head.ScriptRuntime_ESTest.test120(ScriptRuntime_ESTest.java:7549)
	at sun.reflect.NativeMethodAccessorImpl.invoke0(Native Method)
	at sun.reflect.NativeMethodAccessorImpl.invoke(NativeMethodAccessorImpl.java:62)
	at sun.reflect.DelegatingMethodAccessorImpl.invoke(DelegatingMethodAccessorImpl.java:43)
	at java.lang.reflect.Method.invoke(Method.java:498)
	at org.junit.runners.model.FrameworkMethod$1.runReflectiveCall(FrameworkMethod.java:50)
	at org.junit.internal.runners.model.ReflectiveCallable.run(ReflectiveCallable.java:12)
	at org.junit.runners.model.FrameworkMethod.invokeExplosively(FrameworkMethod.java:47)
	at org.junit.internal.runners.statements.InvokeMethod.evaluate(InvokeMethod.java:17)
	at org.junit.internal.runners.statements.FailOnTimeout$CallableStatement.call(FailOnTimeout.java:298)
	at org.junit.internal.runners.statements.FailOnTimeout$CallableStatement.call(FailOnTimeout.java:292)
	at java.util.concurrent.FutureTask.run(FutureTask.java:266)
	at java.lang.Thread.run(Thread.java:748)
23) test241(com.google.javascript.rhino.head.ScriptRuntime_ESTest)
java.lang.AssertionError
	at org.junit.Assert.fail(Assert.java:86)
	at org.junit.Assert.assertTrue(Assert.java:41)
	at org.junit.Assert.assertNotNull(Assert.java:712)
	at org.junit.Assert.assertNotNull(Assert.java:722)
	at com.google.javascript.rhino.head.ScriptRuntime_ESTest.test241(ScriptRuntime_ESTest.java:15580)
	at sun.reflect.NativeMethodAccessorImpl.invoke0(Native Method)
	at sun.reflect.NativeMethodAccessorImpl.invoke(NativeMethodAccessorImpl.java:62)
	at sun.reflect.DelegatingMethodAccessorImpl.invoke(DelegatingMethodAccessorImpl.java:43)
	at java.lang.reflect.Method.invoke(Method.java:498)
	at org.junit.runners.model.FrameworkMethod$1.runReflectiveCall(FrameworkMethod.java:50)
	at org.junit.internal.runners.model.ReflectiveCallable.run(ReflectiveCallable.java:12)
	at org.junit.runners.model.FrameworkMethod.invokeExplosively(FrameworkMethod.java:47)
	at org.junit.internal.runners.statements.InvokeMethod.evaluate(InvokeMethod.java:17)
	at org.junit.internal.runners.statements.FailOnTimeout$CallableStatement.call(FailOnTimeout.java:298)
	at org.junit.internal.runners.statements.FailOnTimeout$CallableStatement.call(FailOnTimeout.java:292)
	at java.util.concurrent.FutureTask.run(FutureTask.java:266)
	at java.lang.Thread.run(Thread.java:748)
24) test121(com.google.javascript.rhino.head.ScriptRuntime_ESTest)
java.lang.AssertionError: Exception was not thrown in com.google.javascript.rhino.head.DefaultErrorReporter but in com.google.javascript.rhino.head.Context.reportRuntimeError(Context.java:947): org.evosuite.runtime.mock.java.lang.MockThrowable: Direct call is not supported
	at org.evosuite.runtime.EvoAssertions.assertThrownBy(EvoAssertions.java:112)
	at org.evosuite.runtime.EvoAssertions.verifyException(EvoAssertions.java:49)
	at com.google.javascript.rhino.head.ScriptRuntime_ESTest.test121(ScriptRuntime_ESTest.java:7719)
	at sun.reflect.NativeMethodAccessorImpl.invoke0(Native Method)
	at sun.reflect.NativeMethodAccessorImpl.invoke(NativeMethodAccessorImpl.java:62)
	at sun.reflect.DelegatingMethodAccessorImpl.invoke(DelegatingMethodAccessorImpl.java:43)
	at java.lang.reflect.Method.invoke(Method.java:498)
	at org.junit.runners.model.FrameworkMethod$1.runReflectiveCall(FrameworkMethod.java:50)
	at org.junit.internal.runners.model.ReflectiveCallable.run(ReflectiveCallable.java:12)
	at org.junit.runners.model.FrameworkMethod.invokeExplosively(FrameworkMethod.java:47)
	at org.junit.internal.runners.statements.InvokeMethod.evaluate(InvokeMethod.java:17)
	at org.junit.internal.runners.statements.FailOnTimeout$CallableStatement.call(FailOnTimeout.java:298)
	at org.junit.internal.runners.statements.FailOnTimeout$CallableStatement.call(FailOnTimeout.java:292)
	at java.util.concurrent.FutureTask.run(FutureTask.java:266)
	at java.lang.Thread.run(Thread.java:748)
25) test001(com.google.javascript.rhino.head.ScriptRuntime_ESTest)
org.evosuite.runtime.mock.java.lang.MockRuntimeException: No Context associated with current Thread
	at com.google.javascript.rhino.head.Context.getContext(Context.java:2332)
	at com.google.javascript.rhino.head.ScriptableObject.buildClassCtor(ScriptableObject.java:1261)
	at com.google.javascript.rhino.head.LazilyLoadedCtor.buildValue0(LazilyLoadedCtor.java:138)
	at com.google.javascript.rhino.head.LazilyLoadedCtor.access$000(LazilyLoadedCtor.java:51)
	at com.google.javascript.rhino.head.LazilyLoadedCtor$1.run(LazilyLoadedCtor.java:123)
	at java.security.AccessController.doPrivileged(Native Method)
	at com.google.javascript.rhino.head.LazilyLoadedCtor.buildValue(LazilyLoadedCtor.java:119)
	at com.google.javascript.rhino.head.LazilyLoadedCtor.init(LazilyLoadedCtor.java:99)
	at com.google.javascript.rhino.head.ScriptableObject$GetterSlot.getValue(ScriptableObject.java:345)
	at com.google.javascript.rhino.head.ScriptableObject.get(ScriptableObject.java:494)
	at com.google.javascript.rhino.head.IdScriptableObject.get(IdScriptableObject.java:361)
	at com.google.javascript.rhino.head.ImporterTopLevel.get(ImporterTopLevel.java:129)
	at com.google.javascript.rhino.head.ScriptableObject.getProperty(ScriptableObject.java:2213)
	at com.google.javascript.rhino.head.TopLevel.cacheBuiltins(TopLevel.java:114)
	at com.google.javascript.rhino.head.ScriptRuntime.initStandardObjects(ScriptRuntime.java:262)
	at com.google.javascript.rhino.head.Context.initStandardObjects(Context.java:1074)
	at com.google.javascript.rhino.head.ImporterTopLevel.initStandardObjects(ImporterTopLevel.java:106)
	at com.google.javascript.rhino.head.ImporterTopLevel.<init>(ImporterTopLevel.java:87)
	at com.google.javascript.rhino.head.ImporterTopLevel.<init>(ImporterTopLevel.java:82)
	at com.google.javascript.rhino.head.ScriptRuntime.getGlobal(ScriptRuntime.java:3103)
	at com.google.javascript.rhino.head.ScriptRuntime_ESTest.test001(ScriptRuntime_ESTest.java:116)
	at sun.reflect.NativeMethodAccessorImpl.invoke0(Native Method)
	at sun.reflect.NativeMethodAccessorImpl.invoke(NativeMethodAccessorImpl.java:62)
	at sun.reflect.DelegatingMethodAccessorImpl.invoke(DelegatingMethodAccessorImpl.java:43)
	at java.lang.reflect.Method.invoke(Method.java:498)
	at org.junit.runners.model.FrameworkMethod$1.runReflectiveCall(FrameworkMethod.java:50)
	at org.junit.internal.runners.model.ReflectiveCallable.run(ReflectiveCallable.java:12)
	at org.junit.runners.model.FrameworkMethod.invokeExplosively(FrameworkMethod.java:47)
	at org.junit.internal.runners.statements.InvokeMethod.evaluate(InvokeMethod.java:17)
	at org.junit.internal.runners.statements.FailOnTimeout$CallableStatement.call(FailOnTimeout.java:298)
	at org.junit.internal.runners.statements.FailOnTimeout$CallableStatement.call(FailOnTimeout.java:292)
	at java.util.concurrent.FutureTask.run(FutureTask.java:266)
	at java.lang.Thread.run(Thread.java:748)
26) test006(com.google.javascript.rhino.head.ScriptRuntime_ESTest)
java.lang.AssertionError
	at org.junit.Assert.fail(Assert.java:86)
	at org.junit.Assert.assertTrue(Assert.java:41)
	at org.junit.Assert.assertNotNull(Assert.java:712)
	at org.junit.Assert.assertNotNull(Assert.java:722)
	at com.google.javascript.rhino.head.ScriptRuntime_ESTest.test006(ScriptRuntime_ESTest.java:672)
	at sun.reflect.NativeMethodAccessorImpl.invoke0(Native Method)
	at sun.reflect.NativeMethodAccessorImpl.invoke(NativeMethodAccessorImpl.java:62)
	at sun.reflect.DelegatingMethodAccessorImpl.invoke(DelegatingMethodAccessorImpl.java:43)
	at java.lang.reflect.Method.invoke(Method.java:498)
	at org.junit.runners.model.FrameworkMethod$1.runReflectiveCall(FrameworkMethod.java:50)
	at org.junit.internal.runners.model.ReflectiveCallable.run(ReflectiveCallable.java:12)
	at org.junit.runners.model.FrameworkMethod.invokeExplosively(FrameworkMethod.java:47)
	at org.junit.internal.runners.statements.InvokeMethod.evaluate(InvokeMethod.java:17)
	at org.junit.internal.runners.statements.FailOnTimeout$CallableStatement.call(FailOnTimeout.java:298)
	at org.junit.internal.runners.statements.FailOnTimeout$CallableStatement.call(FailOnTimeout.java:292)
	at java.util.concurrent.FutureTask.run(FutureTask.java:266)
	at java.lang.Thread.run(Thread.java:748)
27) test129(com.google.javascript.rhino.head.ScriptRuntime_ESTest)
java.lang.AssertionError
	at org.junit.Assert.fail(Assert.java:86)
	at org.junit.Assert.assertTrue(Assert.java:41)
	at org.junit.Assert.assertNotNull(Assert.java:712)
	at org.junit.Assert.assertNotNull(Assert.java:722)
	at com.google.javascript.rhino.head.ScriptRuntime_ESTest.test129(ScriptRuntime_ESTest.java:8487)
	at sun.reflect.NativeMethodAccessorImpl.invoke0(Native Method)
	at sun.reflect.NativeMethodAccessorImpl.invoke(NativeMethodAccessorImpl.java:62)
	at sun.reflect.DelegatingMethodAccessorImpl.invoke(DelegatingMethodAccessorImpl.java:43)
	at java.lang.reflect.Method.invoke(Method.java:498)
	at org.junit.runners.model.FrameworkMethod$1.runReflectiveCall(FrameworkMethod.java:50)
	at org.junit.internal.runners.model.ReflectiveCallable.run(ReflectiveCallable.java:12)
	at org.junit.runners.model.FrameworkMethod.invokeExplosively(FrameworkMethod.java:47)
	at org.junit.internal.runners.statements.InvokeMethod.evaluate(InvokeMethod.java:17)
	at org.junit.internal.runners.statements.FailOnTimeout$CallableStatement.call(FailOnTimeout.java:298)
	at org.junit.internal.runners.statements.FailOnTimeout$CallableStatement.call(FailOnTimeout.java:292)
	at java.util.concurrent.FutureTask.run(FutureTask.java:266)
	at java.lang.Thread.run(Thread.java:748)
28) test009(com.google.javascript.rhino.head.ScriptRuntime_ESTest)
org.evosuite.runtime.mock.java.lang.MockRuntimeException: No Context associated with current Thread
	at com.google.javascript.rhino.head.Context.getContext(Context.java:2332)
	at com.google.javascript.rhino.head.ScriptableObject.buildClassCtor(ScriptableObject.java:1261)
	at com.google.javascript.rhino.head.LazilyLoadedCtor.buildValue0(LazilyLoadedCtor.java:138)
	at com.google.javascript.rhino.head.LazilyLoadedCtor.access$000(LazilyLoadedCtor.java:51)
	at com.google.javascript.rhino.head.LazilyLoadedCtor$1.run(LazilyLoadedCtor.java:123)
	at java.security.AccessController.doPrivileged(Native Method)
	at com.google.javascript.rhino.head.LazilyLoadedCtor.buildValue(LazilyLoadedCtor.java:119)
	at com.google.javascript.rhino.head.LazilyLoadedCtor.init(LazilyLoadedCtor.java:99)
	at com.google.javascript.rhino.head.ScriptableObject$GetterSlot.getValue(ScriptableObject.java:345)
	at com.google.javascript.rhino.head.ScriptableObject.get(ScriptableObject.java:494)
	at com.google.javascript.rhino.head.IdScriptableObject.get(IdScriptableObject.java:361)
	at com.google.javascript.rhino.head.ImporterTopLevel.get(ImporterTopLevel.java:129)
	at com.google.javascript.rhino.head.ScriptableObject.getProperty(ScriptableObject.java:2213)
	at com.google.javascript.rhino.head.TopLevel.cacheBuiltins(TopLevel.java:114)
	at com.google.javascript.rhino.head.ScriptRuntime.initStandardObjects(ScriptRuntime.java:262)
	at com.google.javascript.rhino.head.Context.initStandardObjects(Context.java:1074)
	at com.google.javascript.rhino.head.ImporterTopLevel.initStandardObjects(ImporterTopLevel.java:106)
	at com.google.javascript.rhino.head.ImporterTopLevel.<init>(ImporterTopLevel.java:87)
	at com.google.javascript.rhino.head.ImporterTopLevel.<init>(ImporterTopLevel.java:82)
	at com.google.javascript.rhino.head.ScriptRuntime.getGlobal(ScriptRuntime.java:3103)
	at com.google.javascript.rhino.head.ScriptRuntime_ESTest.test009(ScriptRuntime_ESTest.java:870)
	at sun.reflect.NativeMethodAccessorImpl.invoke0(Native Method)
	at sun.reflect.NativeMethodAccessorImpl.invoke(NativeMethodAccessorImpl.java:62)
	at sun.reflect.DelegatingMethodAccessorImpl.invoke(DelegatingMethodAccessorImpl.java:43)
	at java.lang.reflect.Method.invoke(Method.java:498)
	at org.junit.runners.model.FrameworkMethod$1.runReflectiveCall(FrameworkMethod.java:50)
	at org.junit.internal.runners.model.ReflectiveCallable.run(ReflectiveCallable.java:12)
	at org.junit.runners.model.FrameworkMethod.invokeExplosively(FrameworkMethod.java:47)
	at org.junit.internal.runners.statements.InvokeMethod.evaluate(InvokeMethod.java:17)
	at org.junit.internal.runners.statements.FailOnTimeout$CallableStatement.call(FailOnTimeout.java:298)
	at org.junit.internal.runners.statements.FailOnTimeout$CallableStatement.call(FailOnTimeout.java:292)
	at java.util.concurrent.FutureTask.run(FutureTask.java:266)
	at java.lang.Thread.run(Thread.java:748)
29) test002(com.google.javascript.rhino.head.ScriptRuntime_ESTest)
java.lang.AssertionError
	at org.junit.Assert.fail(Assert.java:86)
	at org.junit.Assert.assertTrue(Assert.java:41)
	at org.junit.Assert.assertNotNull(Assert.java:712)
	at org.junit.Assert.assertNotNull(Assert.java:722)
	at com.google.javascript.rhino.head.ScriptRuntime_ESTest.test002(ScriptRuntime_ESTest.java:380)
	at sun.reflect.NativeMethodAccessorImpl.invoke0(Native Method)
	at sun.reflect.NativeMethodAccessorImpl.invoke(NativeMethodAccessorImpl.java:62)
	at sun.reflect.DelegatingMethodAccessorImpl.invoke(DelegatingMethodAccessorImpl.java:43)
	at java.lang.reflect.Method.invoke(Method.java:498)
	at org.junit.runners.model.FrameworkMethod$1.runReflectiveCall(FrameworkMethod.java:50)
	at org.junit.internal.runners.model.ReflectiveCallable.run(ReflectiveCallable.java:12)
	at org.junit.runners.model.FrameworkMethod.invokeExplosively(FrameworkMethod.java:47)
	at org.junit.internal.runners.statements.InvokeMethod.evaluate(InvokeMethod.java:17)
	at org.junit.internal.runners.statements.FailOnTimeout$CallableStatement.call(FailOnTimeout.java:298)
	at org.junit.internal.runners.statements.FailOnTimeout$CallableStatement.call(FailOnTimeout.java:292)
	at java.util.concurrent.FutureTask.run(FutureTask.java:266)
	at java.lang.Thread.run(Thread.java:748)
30) test123(com.google.javascript.rhino.head.ScriptRuntime_ESTest)
java.lang.AssertionError
	at org.junit.Assert.fail(Assert.java:86)
	at org.junit.Assert.assertTrue(Assert.java:41)
	at org.junit.Assert.assertNotNull(Assert.java:712)
	at org.junit.Assert.assertNotNull(Assert.java:722)
	at com.google.javascript.rhino.head.ScriptRuntime_ESTest.test123(ScriptRuntime_ESTest.java:7778)
	at sun.reflect.NativeMethodAccessorImpl.invoke0(Native Method)
	at sun.reflect.NativeMethodAccessorImpl.invoke(NativeMethodAccessorImpl.java:62)
	at sun.reflect.DelegatingMethodAccessorImpl.invoke(DelegatingMethodAccessorImpl.java:43)
	at java.lang.reflect.Method.invoke(Method.java:498)
	at org.junit.runners.model.FrameworkMethod$1.runReflectiveCall(FrameworkMethod.java:50)
	at org.junit.internal.runners.model.ReflectiveCallable.run(ReflectiveCallable.java:12)
	at org.junit.runners.model.FrameworkMethod.invokeExplosively(FrameworkMethod.java:47)
	at org.junit.internal.runners.statements.InvokeMethod.evaluate(InvokeMethod.java:17)
	at org.junit.internal.runners.statements.FailOnTimeout$CallableStatement.call(FailOnTimeout.java:298)
	at org.junit.internal.runners.statements.FailOnTimeout$CallableStatement.call(FailOnTimeout.java:292)
	at java.util.concurrent.FutureTask.run(FutureTask.java:266)
	at java.lang.Thread.run(Thread.java:748)
31) test124(com.google.javascript.rhino.head.ScriptRuntime_ESTest)
org.evosuite.runtime.mock.java.lang.MockRuntimeException: No Context associated with current Thread
	at com.google.javascript.rhino.head.Context.getContext(Context.java:2332)
	at com.google.javascript.rhino.head.ScriptableObject.buildClassCtor(ScriptableObject.java:1261)
	at com.google.javascript.rhino.head.LazilyLoadedCtor.buildValue0(LazilyLoadedCtor.java:138)
	at com.google.javascript.rhino.head.LazilyLoadedCtor.access$000(LazilyLoadedCtor.java:51)
	at com.google.javascript.rhino.head.LazilyLoadedCtor$1.run(LazilyLoadedCtor.java:123)
	at java.security.AccessController.doPrivileged(Native Method)
	at com.google.javascript.rhino.head.LazilyLoadedCtor.buildValue(LazilyLoadedCtor.java:119)
	at com.google.javascript.rhino.head.LazilyLoadedCtor.init(LazilyLoadedCtor.java:99)
	at com.google.javascript.rhino.head.ScriptableObject$GetterSlot.getValue(ScriptableObject.java:345)
	at com.google.javascript.rhino.head.ScriptableObject.get(ScriptableObject.java:494)
	at com.google.javascript.rhino.head.IdScriptableObject.get(IdScriptableObject.java:361)
	at com.google.javascript.rhino.head.ImporterTopLevel.get(ImporterTopLevel.java:129)
	at com.google.javascript.rhino.head.ScriptableObject.getProperty(ScriptableObject.java:2213)
	at com.google.javascript.rhino.head.TopLevel.cacheBuiltins(TopLevel.java:114)
	at com.google.javascript.rhino.head.ScriptRuntime.initStandardObjects(ScriptRuntime.java:262)
	at com.google.javascript.rhino.head.Context.initStandardObjects(Context.java:1074)
	at com.google.javascript.rhino.head.ImporterTopLevel.initStandardObjects(ImporterTopLevel.java:106)
	at com.google.javascript.rhino.head.ImporterTopLevel.<init>(ImporterTopLevel.java:87)
	at com.google.javascript.rhino.head.ImporterTopLevel.<init>(ImporterTopLevel.java:82)
	at com.google.javascript.rhino.head.ScriptRuntime.getGlobal(ScriptRuntime.java:3103)
	at com.google.javascript.rhino.head.ScriptRuntime_ESTest.test124(ScriptRuntime_ESTest.java:8004)
	at sun.reflect.NativeMethodAccessorImpl.invoke0(Native Method)
	at sun.reflect.NativeMethodAccessorImpl.invoke(NativeMethodAccessorImpl.java:62)
	at sun.reflect.DelegatingMethodAccessorImpl.invoke(DelegatingMethodAccessorImpl.java:43)
	at java.lang.reflect.Method.invoke(Method.java:498)
	at org.junit.runners.model.FrameworkMethod$1.runReflectiveCall(FrameworkMethod.java:50)
	at org.junit.internal.runners.model.ReflectiveCallable.run(ReflectiveCallable.java:12)
	at org.junit.runners.model.FrameworkMethod.invokeExplosively(FrameworkMethod.java:47)
	at org.junit.internal.runners.statements.InvokeMethod.evaluate(InvokeMethod.java:17)
	at org.junit.internal.runners.statements.FailOnTimeout$CallableStatement.call(FailOnTimeout.java:298)
	at org.junit.internal.runners.statements.FailOnTimeout$CallableStatement.call(FailOnTimeout.java:292)
	at java.util.concurrent.FutureTask.run(FutureTask.java:266)
	at java.lang.Thread.run(Thread.java:748)
32) test125(com.google.javascript.rhino.head.ScriptRuntime_ESTest)
java.lang.AssertionError
	at org.junit.Assert.fail(Assert.java:86)
	at org.junit.Assert.assertTrue(Assert.java:41)
	at org.junit.Assert.assertNotNull(Assert.java:712)
	at org.junit.Assert.assertNotNull(Assert.java:722)
	at com.google.javascript.rhino.head.ScriptRuntime_ESTest.test125(ScriptRuntime_ESTest.java:8155)
	at sun.reflect.NativeMethodAccessorImpl.invoke0(Native Method)
	at sun.reflect.NativeMethodAccessorImpl.invoke(NativeMethodAccessorImpl.java:62)
	at sun.reflect.DelegatingMethodAccessorImpl.invoke(DelegatingMethodAccessorImpl.java:43)
	at java.lang.reflect.Method.invoke(Method.java:498)
	at org.junit.runners.model.FrameworkMethod$1.runReflectiveCall(FrameworkMethod.java:50)
	at org.junit.internal.runners.model.ReflectiveCallable.run(ReflectiveCallable.java:12)
	at org.junit.runners.model.FrameworkMethod.invokeExplosively(FrameworkMethod.java:47)
	at org.junit.internal.runners.statements.InvokeMethod.evaluate(InvokeMethod.java:17)
	at org.junit.internal.runners.statements.FailOnTimeout$CallableStatement.call(FailOnTimeout.java:298)
	at org.junit.internal.runners.statements.FailOnTimeout$CallableStatement.call(FailOnTimeout.java:292)
	at java.util.concurrent.FutureTask.run(FutureTask.java:266)
	at java.lang.Thread.run(Thread.java:748)
33) test005(com.google.javascript.rhino.head.ScriptRuntime_ESTest)
org.evosuite.runtime.mock.java.lang.MockRuntimeException: No Context associated with current Thread
	at com.google.javascript.rhino.head.Context.getContext(Context.java:2332)
	at com.google.javascript.rhino.head.ScriptRuntime_ESTest.test005(ScriptRuntime_ESTest.java:600)
	at sun.reflect.NativeMethodAccessorImpl.invoke0(Native Method)
	at sun.reflect.NativeMethodAccessorImpl.invoke(NativeMethodAccessorImpl.java:62)
	at sun.reflect.DelegatingMethodAccessorImpl.invoke(DelegatingMethodAccessorImpl.java:43)
	at java.lang.reflect.Method.invoke(Method.java:498)
	at org.junit.runners.model.FrameworkMethod$1.runReflectiveCall(FrameworkMethod.java:50)
	at org.junit.internal.runners.model.ReflectiveCallable.run(ReflectiveCallable.java:12)
	at org.junit.runners.model.FrameworkMethod.invokeExplosively(FrameworkMethod.java:47)
	at org.junit.internal.runners.statements.InvokeMethod.evaluate(InvokeMethod.java:17)
	at org.junit.internal.runners.statements.FailOnTimeout$CallableStatement.call(FailOnTimeout.java:298)
	at org.junit.internal.runners.statements.FailOnTimeout$CallableStatement.call(FailOnTimeout.java:292)
	at java.util.concurrent.FutureTask.run(FutureTask.java:266)
	at java.lang.Thread.run(Thread.java:748)
34) test251(com.google.javascript.rhino.head.ScriptRuntime_ESTest)
java.lang.ArrayIndexOutOfBoundsException: -1
	at com.google.javascript.rhino.head.ScriptRuntime.toNumber(ScriptRuntime.java:421)
	at com.google.javascript.rhino.head.ScriptRuntime_ESTest.test251(ScriptRuntime_ESTest.java:15688)
	at sun.reflect.NativeMethodAccessorImpl.invoke0(Native Method)
	at sun.reflect.NativeMethodAccessorImpl.invoke(NativeMethodAccessorImpl.java:62)
	at sun.reflect.DelegatingMethodAccessorImpl.invoke(DelegatingMethodAccessorImpl.java:43)
	at java.lang.reflect.Method.invoke(Method.java:498)
	at org.junit.runners.model.FrameworkMethod$1.runReflectiveCall(FrameworkMethod.java:50)
	at org.junit.internal.runners.model.ReflectiveCallable.run(ReflectiveCallable.java:12)
	at org.junit.runners.model.FrameworkMethod.invokeExplosively(FrameworkMethod.java:47)
	at org.junit.internal.runners.statements.InvokeMethod.evaluate(InvokeMethod.java:17)
	at org.junit.internal.runners.statements.FailOnTimeout$CallableStatement.call(FailOnTimeout.java:298)
	at org.junit.internal.runners.statements.FailOnTimeout$CallableStatement.call(FailOnTimeout.java:292)
	at java.util.concurrent.FutureTask.run(FutureTask.java:266)
	at java.lang.Thread.run(Thread.java:748)
35) test010(com.google.javascript.rhino.head.ScriptRuntime_ESTest)
org.evosuite.runtime.mock.java.lang.MockRuntimeException: No Context associated with current Thread
	at com.google.javascript.rhino.head.Context.getContext(Context.java:2332)
	at com.google.javascript.rhino.head.ScriptRuntime_ESTest.test010(ScriptRuntime_ESTest.java:938)
	at sun.reflect.NativeMethodAccessorImpl.invoke0(Native Method)
	at sun.reflect.NativeMethodAccessorImpl.invoke(NativeMethodAccessorImpl.java:62)
	at sun.reflect.DelegatingMethodAccessorImpl.invoke(DelegatingMethodAccessorImpl.java:43)
	at java.lang.reflect.Method.invoke(Method.java:498)
	at org.junit.runners.model.FrameworkMethod$1.runReflectiveCall(FrameworkMethod.java:50)
	at org.junit.internal.runners.model.ReflectiveCallable.run(ReflectiveCallable.java:12)
	at org.junit.runners.model.FrameworkMethod.invokeExplosively(FrameworkMethod.java:47)
	at org.junit.internal.runners.statements.InvokeMethod.evaluate(InvokeMethod.java:17)
	at org.junit.internal.runners.statements.FailOnTimeout$CallableStatement.call(FailOnTimeout.java:298)
	at org.junit.internal.runners.statements.FailOnTimeout$CallableStatement.call(FailOnTimeout.java:292)
	at java.util.concurrent.FutureTask.run(FutureTask.java:266)
	at java.lang.Thread.run(Thread.java:748)
36) test252(com.google.javascript.rhino.head.ScriptRuntime_ESTest)
java.lang.AssertionError: Expecting exception: NullPointerException
	at org.junit.Assert.fail(Assert.java:88)
	at com.google.javascript.rhino.head.ScriptRuntime_ESTest.test252(ScriptRuntime_ESTest.java:15705)
	at sun.reflect.NativeMethodAccessorImpl.invoke0(Native Method)
	at sun.reflect.NativeMethodAccessorImpl.invoke(NativeMethodAccessorImpl.java:62)
	at sun.reflect.DelegatingMethodAccessorImpl.invoke(DelegatingMethodAccessorImpl.java:43)
	at java.lang.reflect.Method.invoke(Method.java:498)
	at org.junit.runners.model.FrameworkMethod$1.runReflectiveCall(FrameworkMethod.java:50)
	at org.junit.internal.runners.model.ReflectiveCallable.run(ReflectiveCallable.java:12)
	at org.junit.runners.model.FrameworkMethod.invokeExplosively(FrameworkMethod.java:47)
	at org.junit.internal.runners.statements.InvokeMethod.evaluate(InvokeMethod.java:17)
	at org.junit.internal.runners.statements.FailOnTimeout$CallableStatement.call(FailOnTimeout.java:298)
	at org.junit.internal.runners.statements.FailOnTimeout$CallableStatement.call(FailOnTimeout.java:292)
	at java.util.concurrent.FutureTask.run(FutureTask.java:266)
	at java.lang.Thread.run(Thread.java:748)
37) test132(com.google.javascript.rhino.head.ScriptRuntime_ESTest)
org.evosuite.runtime.mock.java.lang.MockRuntimeException: No Context associated with current Thread
	at com.google.javascript.rhino.head.Context.getContext(Context.java:2332)
	at com.google.javascript.rhino.head.ScriptRuntime_ESTest.test132(ScriptRuntime_ESTest.java:8740)
	at sun.reflect.NativeMethodAccessorImpl.invoke0(Native Method)
	at sun.reflect.NativeMethodAccessorImpl.invoke(NativeMethodAccessorImpl.java:62)
	at sun.reflect.DelegatingMethodAccessorImpl.invoke(DelegatingMethodAccessorImpl.java:43)
	at java.lang.reflect.Method.invoke(Method.java:498)
	at org.junit.runners.model.FrameworkMethod$1.runReflectiveCall(FrameworkMethod.java:50)
	at org.junit.internal.runners.model.ReflectiveCallable.run(ReflectiveCallable.java:12)
	at org.junit.runners.model.FrameworkMethod.invokeExplosively(FrameworkMethod.java:47)
	at org.junit.internal.runners.statements.InvokeMethod.evaluate(InvokeMethod.java:17)
	at org.junit.internal.runners.statements.FailOnTimeout$CallableStatement.call(FailOnTimeout.java:298)
	at org.junit.internal.runners.statements.FailOnTimeout$CallableStatement.call(FailOnTimeout.java:292)
	at java.util.concurrent.FutureTask.run(FutureTask.java:266)
	at java.lang.Thread.run(Thread.java:748)
38) test253(com.google.javascript.rhino.head.ScriptRuntime_ESTest)
org.evosuite.runtime.mock.java.lang.MockRuntimeException: No Context associated with current Thread
	at com.google.javascript.rhino.head.Context.getContext(Context.java:2332)
	at com.google.javascript.rhino.head.Context.reportWarning(Context.java:853)
	at com.google.javascript.rhino.head.Context.reportWarning(Context.java:871)
	at com.google.javascript.rhino.head.ScriptRuntime.warnAboutNonJSObject(ScriptRuntime.java:3841)
	at com.google.javascript.rhino.head.ScriptRuntime.toNumber(ScriptRuntime.java:415)
	at com.google.javascript.rhino.head.ScriptRuntime.add(ScriptRuntime.java:2626)
	at com.google.javascript.rhino.head.ScriptRuntime_ESTest.test253(ScriptRuntime_ESTest.java:15720)
	at sun.reflect.NativeMethodAccessorImpl.invoke0(Native Method)
	at sun.reflect.NativeMethodAccessorImpl.invoke(NativeMethodAccessorImpl.java:62)
	at sun.reflect.DelegatingMethodAccessorImpl.invoke(DelegatingMethodAccessorImpl.java:43)
	at java.lang.reflect.Method.invoke(Method.java:498)
	at org.junit.runners.model.FrameworkMethod$1.runReflectiveCall(FrameworkMethod.java:50)
	at org.junit.internal.runners.model.ReflectiveCallable.run(ReflectiveCallable.java:12)
	at org.junit.runners.model.FrameworkMethod.invokeExplosively(FrameworkMethod.java:47)
	at org.junit.internal.runners.statements.InvokeMethod.evaluate(InvokeMethod.java:17)
	at org.junit.internal.runners.statements.FailOnTimeout$CallableStatement.call(FailOnTimeout.java:298)
	at org.junit.internal.runners.statements.FailOnTimeout$CallableStatement.call(FailOnTimeout.java:292)
	at java.util.concurrent.FutureTask.run(FutureTask.java:266)
	at java.lang.Thread.run(Thread.java:748)
39) test133(com.google.javascript.rhino.head.ScriptRuntime_ESTest)
org.evosuite.runtime.mock.java.lang.MockRuntimeException: No Context associated with current Thread
	at com.google.javascript.rhino.head.Context.getContext(Context.java:2332)
	at com.google.javascript.rhino.head.ScriptRuntime_ESTest.test133(ScriptRuntime_ESTest.java:8800)
	at sun.reflect.NativeMethodAccessorImpl.invoke0(Native Method)
	at sun.reflect.NativeMethodAccessorImpl.invoke(NativeMethodAccessorImpl.java:62)
	at sun.reflect.DelegatingMethodAccessorImpl.invoke(DelegatingMethodAccessorImpl.java:43)
	at java.lang.reflect.Method.invoke(Method.java:498)
	at org.junit.runners.model.FrameworkMethod$1.runReflectiveCall(FrameworkMethod.java:50)
	at org.junit.internal.runners.model.ReflectiveCallable.run(ReflectiveCallable.java:12)
	at org.junit.runners.model.FrameworkMethod.invokeExplosively(FrameworkMethod.java:47)
	at org.junit.internal.runners.statements.InvokeMethod.evaluate(InvokeMethod.java:17)
	at org.junit.internal.runners.statements.FailOnTimeout$CallableStatement.call(FailOnTimeout.java:298)
	at org.junit.internal.runners.statements.FailOnTimeout$CallableStatement.call(FailOnTimeout.java:292)
	at java.util.concurrent.FutureTask.run(FutureTask.java:266)
	at java.lang.Thread.run(Thread.java:748)
40) test219(com.google.javascript.rhino.head.ScriptRuntime_ESTest)
java.lang.AssertionError: Exception was not thrown in com.google.javascript.rhino.head.DefaultErrorReporter but in com.google.javascript.rhino.head.Context.reportRuntimeError(Context.java:947): org.evosuite.runtime.mock.java.lang.MockThrowable: illegal radix -2152.
	at org.evosuite.runtime.EvoAssertions.assertThrownBy(EvoAssertions.java:112)
	at org.evosuite.runtime.EvoAssertions.verifyException(EvoAssertions.java:49)
	at com.google.javascript.rhino.head.ScriptRuntime_ESTest.test219(ScriptRuntime_ESTest.java:14446)
	at sun.reflect.NativeMethodAccessorImpl.invoke0(Native Method)
	at sun.reflect.NativeMethodAccessorImpl.invoke(NativeMethodAccessorImpl.java:62)
	at sun.reflect.DelegatingMethodAccessorImpl.invoke(DelegatingMethodAccessorImpl.java:43)
	at java.lang.reflect.Method.invoke(Method.java:498)
	at org.junit.runners.model.FrameworkMethod$1.runReflectiveCall(FrameworkMethod.java:50)
	at org.junit.internal.runners.model.ReflectiveCallable.run(ReflectiveCallable.java:12)
	at org.junit.runners.model.FrameworkMethod.invokeExplosively(FrameworkMethod.java:47)
	at org.junit.internal.runners.statements.InvokeMethod.evaluate(InvokeMethod.java:17)
	at org.junit.internal.runners.statements.FailOnTimeout$CallableStatement.call(FailOnTimeout.java:298)
	at org.junit.internal.runners.statements.FailOnTimeout$CallableStatement.call(FailOnTimeout.java:292)
	at java.util.concurrent.FutureTask.run(FutureTask.java:266)
	at java.lang.Thread.run(Thread.java:748)
41) test216(com.google.javascript.rhino.head.ScriptRuntime_ESTest)
org.evosuite.runtime.mock.java.lang.MockRuntimeException: No Context associated with current Thread
	at com.google.javascript.rhino.head.Context.getContext(Context.java:2332)
	at com.google.javascript.rhino.head.ScriptRuntime_ESTest.test216(ScriptRuntime_ESTest.java:14274)
	at sun.reflect.NativeMethodAccessorImpl.invoke0(Native Method)
	at sun.reflect.NativeMethodAccessorImpl.invoke(NativeMethodAccessorImpl.java:62)
	at sun.reflect.DelegatingMethodAccessorImpl.invoke(DelegatingMethodAccessorImpl.java:43)
	at java.lang.reflect.Method.invoke(Method.java:498)
	at org.junit.runners.model.FrameworkMethod$1.runReflectiveCall(FrameworkMethod.java:50)
	at org.junit.internal.runners.model.ReflectiveCallable.run(ReflectiveCallable.java:12)
	at org.junit.runners.model.FrameworkMethod.invokeExplosively(FrameworkMethod.java:47)
	at org.junit.internal.runners.statements.InvokeMethod.evaluate(InvokeMethod.java:17)
	at org.junit.internal.runners.statements.FailOnTimeout$CallableStatement.call(FailOnTimeout.java:298)
	at org.junit.internal.runners.statements.FailOnTimeout$CallableStatement.call(FailOnTimeout.java:292)
	at java.util.concurrent.FutureTask.run(FutureTask.java:266)
	at java.lang.Thread.run(Thread.java:748)
42) test218(com.google.javascript.rhino.head.ScriptRuntime_ESTest)
java.lang.AssertionError: Exception was not thrown in com.google.javascript.rhino.head.DefaultErrorReporter but in com.google.javascript.rhino.head.Context.reportRuntimeError(Context.java:947): org.evosuite.runtime.mock.java.lang.MockThrowable: illegal radix 130.
	at org.evosuite.runtime.EvoAssertions.assertThrownBy(EvoAssertions.java:112)
	at org.evosuite.runtime.EvoAssertions.verifyException(EvoAssertions.java:49)
	at com.google.javascript.rhino.head.ScriptRuntime_ESTest.test218(ScriptRuntime_ESTest.java:14431)
	at sun.reflect.NativeMethodAccessorImpl.invoke0(Native Method)
	at sun.reflect.NativeMethodAccessorImpl.invoke(NativeMethodAccessorImpl.java:62)
	at sun.reflect.DelegatingMethodAccessorImpl.invoke(DelegatingMethodAccessorImpl.java:43)
	at java.lang.reflect.Method.invoke(Method.java:498)
	at org.junit.runners.model.FrameworkMethod$1.runReflectiveCall(FrameworkMethod.java:50)
	at org.junit.internal.runners.model.ReflectiveCallable.run(ReflectiveCallable.java:12)
	at org.junit.runners.model.FrameworkMethod.invokeExplosively(FrameworkMethod.java:47)
	at org.junit.internal.runners.statements.InvokeMethod.evaluate(InvokeMethod.java:17)
	at org.junit.internal.runners.statements.FailOnTimeout$CallableStatement.call(FailOnTimeout.java:298)
	at org.junit.internal.runners.statements.FailOnTimeout$CallableStatement.call(FailOnTimeout.java:292)
	at java.util.concurrent.FutureTask.run(FutureTask.java:266)
	at java.lang.Thread.run(Thread.java:748)
43) test106(com.google.javascript.rhino.head.ScriptRuntime_ESTest)
java.lang.AssertionError
	at org.junit.Assert.fail(Assert.java:86)
	at org.junit.Assert.assertTrue(Assert.java:41)
	at org.junit.Assert.assertNotNull(Assert.java:712)
	at org.junit.Assert.assertNotNull(Assert.java:722)
	at com.google.javascript.rhino.head.ScriptRuntime_ESTest.test106(ScriptRuntime_ESTest.java:6396)
	at sun.reflect.NativeMethodAccessorImpl.invoke0(Native Method)
	at sun.reflect.NativeMethodAccessorImpl.invoke(NativeMethodAccessorImpl.java:62)
	at sun.reflect.DelegatingMethodAccessorImpl.invoke(DelegatingMethodAccessorImpl.java:43)
	at java.lang.reflect.Method.invoke(Method.java:498)
	at org.junit.runners.model.FrameworkMethod$1.runReflectiveCall(FrameworkMethod.java:50)
	at org.junit.internal.runners.model.ReflectiveCallable.run(ReflectiveCallable.java:12)
	at org.junit.runners.model.FrameworkMethod.invokeExplosively(FrameworkMethod.java:47)
	at org.junit.internal.runners.statements.InvokeMethod.evaluate(InvokeMethod.java:17)
	at org.junit.internal.runners.statements.FailOnTimeout$CallableStatement.call(FailOnTimeout.java:298)
	at org.junit.internal.runners.statements.FailOnTimeout$CallableStatement.call(FailOnTimeout.java:292)
	at java.util.concurrent.FutureTask.run(FutureTask.java:266)
	at java.lang.Thread.run(Thread.java:748)
44) test101(com.google.javascript.rhino.head.ScriptRuntime_ESTest)
org.evosuite.runtime.mock.java.lang.MockRuntimeException: No Context associated with current Thread
	at com.google.javascript.rhino.head.Context.getContext(Context.java:2332)
	at com.google.javascript.rhino.head.NativeJavaPackage.getPkgProperty(NativeJavaPackage.java:154)
	at com.google.javascript.rhino.head.NativeJavaPackage.get(NativeJavaPackage.java:115)
	at com.google.javascript.rhino.head.ScriptRuntime.nameIncrDecr(ScriptRuntime.java:2663)
	at com.google.javascript.rhino.head.ScriptRuntime_ESTest.test101(ScriptRuntime_ESTest.java:6004)
	at sun.reflect.NativeMethodAccessorImpl.invoke0(Native Method)
	at sun.reflect.NativeMethodAccessorImpl.invoke(NativeMethodAccessorImpl.java:62)
	at sun.reflect.DelegatingMethodAccessorImpl.invoke(DelegatingMethodAccessorImpl.java:43)
	at java.lang.reflect.Method.invoke(Method.java:498)
	at org.junit.runners.model.FrameworkMethod$1.runReflectiveCall(FrameworkMethod.java:50)
	at org.junit.internal.runners.model.ReflectiveCallable.run(ReflectiveCallable.java:12)
	at org.junit.runners.model.FrameworkMethod.invokeExplosively(FrameworkMethod.java:47)
	at org.junit.internal.runners.statements.InvokeMethod.evaluate(InvokeMethod.java:17)
	at org.junit.internal.runners.statements.FailOnTimeout$CallableStatement.call(FailOnTimeout.java:298)
	at org.junit.internal.runners.statements.FailOnTimeout$CallableStatement.call(FailOnTimeout.java:292)
	at java.util.concurrent.FutureTask.run(FutureTask.java:266)
	at java.lang.Thread.run(Thread.java:748)
45) test223(com.google.javascript.rhino.head.ScriptRuntime_ESTest)
java.lang.AssertionError
	at org.junit.Assert.fail(Assert.java:86)
	at org.junit.Assert.assertTrue(Assert.java:41)
	at org.junit.Assert.assertNotNull(Assert.java:712)
	at org.junit.Assert.assertNotNull(Assert.java:722)
	at com.google.javascript.rhino.head.ScriptRuntime_ESTest.test223(ScriptRuntime_ESTest.java:14762)
	at sun.reflect.NativeMethodAccessorImpl.invoke0(Native Method)
	at sun.reflect.NativeMethodAccessorImpl.invoke(NativeMethodAccessorImpl.java:62)
	at sun.reflect.DelegatingMethodAccessorImpl.invoke(DelegatingMethodAccessorImpl.java:43)
	at java.lang.reflect.Method.invoke(Method.java:498)
	at org.junit.runners.model.FrameworkMethod$1.runReflectiveCall(FrameworkMethod.java:50)
	at org.junit.internal.runners.model.ReflectiveCallable.run(ReflectiveCallable.java:12)
	at org.junit.runners.model.FrameworkMethod.invokeExplosively(FrameworkMethod.java:47)
	at org.junit.internal.runners.statements.InvokeMethod.evaluate(InvokeMethod.java:17)
	at org.junit.internal.runners.statements.FailOnTimeout$CallableStatement.call(FailOnTimeout.java:298)
	at org.junit.internal.runners.statements.FailOnTimeout$CallableStatement.call(FailOnTimeout.java:292)
	at java.util.concurrent.FutureTask.run(FutureTask.java:266)
	at java.lang.Thread.run(Thread.java:748)
46) test103(com.google.javascript.rhino.head.ScriptRuntime_ESTest)
org.evosuite.runtime.mock.java.lang.MockRuntimeException: No Context associated with current Thread
	at com.google.javascript.rhino.head.Context.getContext(Context.java:2332)
	at com.google.javascript.rhino.head.ScriptRuntime_ESTest.test103(ScriptRuntime_ESTest.java:6187)
	at sun.reflect.NativeMethodAccessorImpl.invoke0(Native Method)
	at sun.reflect.NativeMethodAccessorImpl.invoke(NativeMethodAccessorImpl.java:62)
	at sun.reflect.DelegatingMethodAccessorImpl.invoke(DelegatingMethodAccessorImpl.java:43)
	at java.lang.reflect.Method.invoke(Method.java:498)
	at org.junit.runners.model.FrameworkMethod$1.runReflectiveCall(FrameworkMethod.java:50)
	at org.junit.internal.runners.model.ReflectiveCallable.run(ReflectiveCallable.java:12)
	at org.junit.runners.model.FrameworkMethod.invokeExplosively(FrameworkMethod.java:47)
	at org.junit.internal.runners.statements.InvokeMethod.evaluate(InvokeMethod.java:17)
	at org.junit.internal.runners.statements.FailOnTimeout$CallableStatement.call(FailOnTimeout.java:298)
	at org.junit.internal.runners.statements.FailOnTimeout$CallableStatement.call(FailOnTimeout.java:292)
	at java.util.concurrent.FutureTask.run(FutureTask.java:266)
	at java.lang.Thread.run(Thread.java:748)
47) test224(com.google.javascript.rhino.head.ScriptRuntime_ESTest)
java.lang.AssertionError: Expecting exception: NullPointerException
	at org.junit.Assert.fail(Assert.java:88)
	at com.google.javascript.rhino.head.ScriptRuntime_ESTest.test224(ScriptRuntime_ESTest.java:14860)
	at sun.reflect.NativeMethodAccessorImpl.invoke0(Native Method)
	at sun.reflect.NativeMethodAccessorImpl.invoke(NativeMethodAccessorImpl.java:62)
	at sun.reflect.DelegatingMethodAccessorImpl.invoke(DelegatingMethodAccessorImpl.java:43)
	at java.lang.reflect.Method.invoke(Method.java:498)
	at org.junit.runners.model.FrameworkMethod$1.runReflectiveCall(FrameworkMethod.java:50)
	at org.junit.internal.runners.model.ReflectiveCallable.run(ReflectiveCallable.java:12)
	at org.junit.runners.model.FrameworkMethod.invokeExplosively(FrameworkMethod.java:47)
	at org.junit.internal.runners.statements.InvokeMethod.evaluate(InvokeMethod.java:17)
	at org.junit.internal.runners.statements.FailOnTimeout$CallableStatement.call(FailOnTimeout.java:298)
	at org.junit.internal.runners.statements.FailOnTimeout$CallableStatement.call(FailOnTimeout.java:292)
	at java.util.concurrent.FutureTask.run(FutureTask.java:266)
	at java.lang.Thread.run(Thread.java:748)
48) test104(com.google.javascript.rhino.head.ScriptRuntime_ESTest)
org.evosuite.runtime.mock.java.lang.MockRuntimeException: No Context associated with current Thread
	at com.google.javascript.rhino.head.Context.getContext(Context.java:2332)
	at com.google.javascript.rhino.head.ScriptableObject.buildClassCtor(ScriptableObject.java:1261)
	at com.google.javascript.rhino.head.LazilyLoadedCtor.buildValue0(LazilyLoadedCtor.java:138)
	at com.google.javascript.rhino.head.LazilyLoadedCtor.access$000(LazilyLoadedCtor.java:51)
	at com.google.javascript.rhino.head.LazilyLoadedCtor$1.run(LazilyLoadedCtor.java:123)
	at java.security.AccessController.doPrivileged(Native Method)
	at com.google.javascript.rhino.head.LazilyLoadedCtor.buildValue(LazilyLoadedCtor.java:119)
	at com.google.javascript.rhino.head.LazilyLoadedCtor.init(LazilyLoadedCtor.java:99)
	at com.google.javascript.rhino.head.ScriptableObject$GetterSlot.getValue(ScriptableObject.java:345)
	at com.google.javascript.rhino.head.ScriptableObject.get(ScriptableObject.java:494)
	at com.google.javascript.rhino.head.IdScriptableObject.get(IdScriptableObject.java:361)
	at com.google.javascript.rhino.head.ImporterTopLevel.get(ImporterTopLevel.java:129)
	at com.google.javascript.rhino.head.ScriptableObject.getProperty(ScriptableObject.java:2213)
	at com.google.javascript.rhino.head.TopLevel.cacheBuiltins(TopLevel.java:114)
	at com.google.javascript.rhino.head.ScriptRuntime.initStandardObjects(ScriptRuntime.java:262)
	at com.google.javascript.rhino.head.Context.initStandardObjects(Context.java:1074)
	at com.google.javascript.rhino.head.ImporterTopLevel.initStandardObjects(ImporterTopLevel.java:106)
	at com.google.javascript.rhino.head.ImporterTopLevel.<init>(ImporterTopLevel.java:87)
	at com.google.javascript.rhino.head.ImporterTopLevel.<init>(ImporterTopLevel.java:82)
	at com.google.javascript.rhino.head.ScriptRuntime_ESTest.test104(ScriptRuntime_ESTest.java:6276)
	at sun.reflect.NativeMethodAccessorImpl.invoke0(Native Method)
	at sun.reflect.NativeMethodAccessorImpl.invoke(NativeMethodAccessorImpl.java:62)
	at sun.reflect.DelegatingMethodAccessorImpl.invoke(DelegatingMethodAccessorImpl.java:43)
	at java.lang.reflect.Method.invoke(Method.java:498)
	at org.junit.runners.model.FrameworkMethod$1.runReflectiveCall(FrameworkMethod.java:50)
	at org.junit.internal.runners.model.ReflectiveCallable.run(ReflectiveCallable.java:12)
	at org.junit.runners.model.FrameworkMethod.invokeExplosively(FrameworkMethod.java:47)
	at org.junit.internal.runners.statements.InvokeMethod.evaluate(InvokeMethod.java:17)
	at org.junit.internal.runners.statements.FailOnTimeout$CallableStatement.call(FailOnTimeout.java:298)
	at org.junit.internal.runners.statements.FailOnTimeout$CallableStatement.call(FailOnTimeout.java:292)
	at java.util.concurrent.FutureTask.run(FutureTask.java:266)
	at java.lang.Thread.run(Thread.java:748)
49) test110(com.google.javascript.rhino.head.ScriptRuntime_ESTest)
org.evosuite.runtime.mock.java.lang.MockRuntimeException: No Context associated with current Thread
	at com.google.javascript.rhino.head.Context.getContext(Context.java:2332)
	at com.google.javascript.rhino.head.ScriptableObject.buildClassCtor(ScriptableObject.java:1261)
	at com.google.javascript.rhino.head.LazilyLoadedCtor.buildValue0(LazilyLoadedCtor.java:138)
	at com.google.javascript.rhino.head.LazilyLoadedCtor.access$000(LazilyLoadedCtor.java:51)
	at com.google.javascript.rhino.head.LazilyLoadedCtor$1.run(LazilyLoadedCtor.java:123)
	at java.security.AccessController.doPrivileged(Native Method)
	at com.google.javascript.rhino.head.LazilyLoadedCtor.buildValue(LazilyLoadedCtor.java:119)
	at com.google.javascript.rhino.head.LazilyLoadedCtor.init(LazilyLoadedCtor.java:99)
	at com.google.javascript.rhino.head.ScriptableObject$GetterSlot.getValue(ScriptableObject.java:345)
	at com.google.javascript.rhino.head.ScriptableObject.get(ScriptableObject.java:494)
	at com.google.javascript.rhino.head.IdScriptableObject.get(IdScriptableObject.java:361)
	at com.google.javascript.rhino.head.ImporterTopLevel.get(ImporterTopLevel.java:129)
	at com.google.javascript.rhino.head.ScriptableObject.getProperty(ScriptableObject.java:2213)
	at com.google.javascript.rhino.head.TopLevel.cacheBuiltins(TopLevel.java:114)
	at com.google.javascript.rhino.head.ScriptRuntime.initStandardObjects(ScriptRuntime.java:262)
	at com.google.javascript.rhino.head.Context.initStandardObjects(Context.java:1074)
	at com.google.javascript.rhino.head.ImporterTopLevel.initStandardObjects(ImporterTopLevel.java:106)
	at com.google.javascript.rhino.head.ImporterTopLevel.<init>(ImporterTopLevel.java:87)
	at com.google.javascript.rhino.head.ImporterTopLevel.<init>(ImporterTopLevel.java:82)
	at com.google.javascript.rhino.head.ScriptRuntime.getGlobal(ScriptRuntime.java:3103)
	at com.google.javascript.rhino.head.ScriptRuntime_ESTest.test110(ScriptRuntime_ESTest.java:6748)
	at sun.reflect.NativeMethodAccessorImpl.invoke0(Native Method)
	at sun.reflect.NativeMethodAccessorImpl.invoke(NativeMethodAccessorImpl.java:62)
	at sun.reflect.DelegatingMethodAccessorImpl.invoke(DelegatingMethodAccessorImpl.java:43)
	at java.lang.reflect.Method.invoke(Method.java:498)
	at org.junit.runners.model.FrameworkMethod$1.runReflectiveCall(FrameworkMethod.java:50)
	at org.junit.internal.runners.model.ReflectiveCallable.run(ReflectiveCallable.java:12)
	at org.junit.runners.model.FrameworkMethod.invokeExplosively(FrameworkMethod.java:47)
	at org.junit.internal.runners.statements.InvokeMethod.evaluate(InvokeMethod.java:17)
	at org.junit.internal.runners.statements.FailOnTimeout$CallableStatement.call(FailOnTimeout.java:298)
	at org.junit.internal.runners.statements.FailOnTimeout$CallableStatement.call(FailOnTimeout.java:292)
	at java.util.concurrent.FutureTask.run(FutureTask.java:266)
	at java.lang.Thread.run(Thread.java:748)
50) test111(com.google.javascript.rhino.head.ScriptRuntime_ESTest)
java.lang.AssertionError
	at org.junit.Assert.fail(Assert.java:86)
	at org.junit.Assert.assertTrue(Assert.java:41)
	at org.junit.Assert.assertNotNull(Assert.java:712)
	at org.junit.Assert.assertNotNull(Assert.java:722)
	at com.google.javascript.rhino.head.ScriptRuntime_ESTest.test111(ScriptRuntime_ESTest.java:6817)
	at sun.reflect.NativeMethodAccessorImpl.invoke0(Native Method)
	at sun.reflect.NativeMethodAccessorImpl.invoke(NativeMethodAccessorImpl.java:62)
	at sun.reflect.DelegatingMethodAccessorImpl.invoke(DelegatingMethodAccessorImpl.java:43)
	at java.lang.reflect.Method.invoke(Method.java:498)
	at org.junit.runners.model.FrameworkMethod$1.runReflectiveCall(FrameworkMethod.java:50)
	at org.junit.internal.runners.model.ReflectiveCallable.run(ReflectiveCallable.java:12)
	at org.junit.runners.model.FrameworkMethod.invokeExplosively(FrameworkMethod.java:47)
	at org.junit.internal.runners.statements.InvokeMethod.evaluate(InvokeMethod.java:17)
	at org.junit.internal.runners.statements.FailOnTimeout$CallableStatement.call(FailOnTimeout.java:298)
	at org.junit.internal.runners.statements.FailOnTimeout$CallableStatement.call(FailOnTimeout.java:292)
	at java.util.concurrent.FutureTask.run(FutureTask.java:266)
	at java.lang.Thread.run(Thread.java:748)
51) test035(com.google.javascript.rhino.head.ScriptRuntime_ESTest)
java.lang.AssertionError
	at org.junit.Assert.fail(Assert.java:86)
	at org.junit.Assert.assertTrue(Assert.java:41)
	at org.junit.Assert.assertNotNull(Assert.java:712)
	at org.junit.Assert.assertNotNull(Assert.java:722)
	at com.google.javascript.rhino.head.ScriptRuntime_ESTest.test035(ScriptRuntime_ESTest.java:2638)
	at sun.reflect.NativeMethodAccessorImpl.invoke0(Native Method)
	at sun.reflect.NativeMethodAccessorImpl.invoke(NativeMethodAccessorImpl.java:62)
	at sun.reflect.DelegatingMethodAccessorImpl.invoke(DelegatingMethodAccessorImpl.java:43)
	at java.lang.reflect.Method.invoke(Method.java:498)
	at org.junit.runners.model.FrameworkMethod$1.runReflectiveCall(FrameworkMethod.java:50)
	at org.junit.internal.runners.model.ReflectiveCallable.run(ReflectiveCallable.java:12)
	at org.junit.runners.model.FrameworkMethod.invokeExplosively(FrameworkMethod.java:47)
	at org.junit.internal.runners.statements.InvokeMethod.evaluate(InvokeMethod.java:17)
	at org.junit.internal.runners.statements.FailOnTimeout$CallableStatement.call(FailOnTimeout.java:298)
	at org.junit.internal.runners.statements.FailOnTimeout$CallableStatement.call(FailOnTimeout.java:292)
	at java.util.concurrent.FutureTask.run(FutureTask.java:266)
	at java.lang.Thread.run(Thread.java:748)
52) test156(com.google.javascript.rhino.head.ScriptRuntime_ESTest)
org.evosuite.runtime.mock.java.lang.MockRuntimeException: No Context associated with current Thread
	at com.google.javascript.rhino.head.Context.getContext(Context.java:2332)
	at com.google.javascript.rhino.head.ScriptRuntime_ESTest.test156(ScriptRuntime_ESTest.java:11333)
	at sun.reflect.NativeMethodAccessorImpl.invoke0(Native Method)
	at sun.reflect.NativeMethodAccessorImpl.invoke(NativeMethodAccessorImpl.java:62)
	at sun.reflect.DelegatingMethodAccessorImpl.invoke(DelegatingMethodAccessorImpl.java:43)
	at java.lang.reflect.Method.invoke(Method.java:498)
	at org.junit.runners.model.FrameworkMethod$1.runReflectiveCall(FrameworkMethod.java:50)
	at org.junit.internal.runners.model.ReflectiveCallable.run(ReflectiveCallable.java:12)
	at org.junit.runners.model.FrameworkMethod.invokeExplosively(FrameworkMethod.java:47)
	at org.junit.internal.runners.statements.InvokeMethod.evaluate(InvokeMethod.java:17)
	at org.junit.internal.runners.statements.FailOnTimeout$CallableStatement.call(FailOnTimeout.java:298)
	at org.junit.internal.runners.statements.FailOnTimeout$CallableStatement.call(FailOnTimeout.java:292)
	at java.util.concurrent.FutureTask.run(FutureTask.java:266)
	at java.lang.Thread.run(Thread.java:748)
53) test279(com.google.javascript.rhino.head.ScriptRuntime_ESTest)
org.evosuite.runtime.mock.java.lang.MockRuntimeException: No Context associated with current Thread
	at com.google.javascript.rhino.head.Context.getContext(Context.java:2332)
	at com.google.javascript.rhino.head.ScriptRuntime_ESTest.test279(ScriptRuntime_ESTest.java:15891)
	at sun.reflect.NativeMethodAccessorImpl.invoke0(Native Method)
	at sun.reflect.NativeMethodAccessorImpl.invoke(NativeMethodAccessorImpl.java:62)
	at sun.reflect.DelegatingMethodAccessorImpl.invoke(DelegatingMethodAccessorImpl.java:43)
	at java.lang.reflect.Method.invoke(Method.java:498)
	at org.junit.runners.model.FrameworkMethod$1.runReflectiveCall(FrameworkMethod.java:50)
	at org.junit.internal.runners.model.ReflectiveCallable.run(ReflectiveCallable.java:12)
	at org.junit.runners.model.FrameworkMethod.invokeExplosively(FrameworkMethod.java:47)
	at org.junit.internal.runners.statements.InvokeMethod.evaluate(InvokeMethod.java:17)
	at org.junit.internal.runners.statements.FailOnTimeout$CallableStatement.call(FailOnTimeout.java:298)
	at org.junit.internal.runners.statements.FailOnTimeout$CallableStatement.call(FailOnTimeout.java:292)
	at java.util.concurrent.FutureTask.run(FutureTask.java:266)
	at java.lang.Thread.run(Thread.java:748)
54) test159(com.google.javascript.rhino.head.ScriptRuntime_ESTest)
org.evosuite.runtime.mock.java.lang.MockRuntimeException: No Context associated with current Thread
	at com.google.javascript.rhino.head.Context.getContext(Context.java:2332)
	at com.google.javascript.rhino.head.ScriptRuntime_ESTest.test159(ScriptRuntime_ESTest.java:11559)
	at sun.reflect.NativeMethodAccessorImpl.invoke0(Native Method)
	at sun.reflect.NativeMethodAccessorImpl.invoke(NativeMethodAccessorImpl.java:62)
	at sun.reflect.DelegatingMethodAccessorImpl.invoke(DelegatingMethodAccessorImpl.java:43)
	at java.lang.reflect.Method.invoke(Method.java:498)
	at org.junit.runners.model.FrameworkMethod$1.runReflectiveCall(FrameworkMethod.java:50)
	at org.junit.internal.runners.model.ReflectiveCallable.run(ReflectiveCallable.java:12)
	at org.junit.runners.model.FrameworkMethod.invokeExplosively(FrameworkMethod.java:47)
	at org.junit.internal.runners.statements.InvokeMethod.evaluate(InvokeMethod.java:17)
	at org.junit.internal.runners.statements.FailOnTimeout$CallableStatement.call(FailOnTimeout.java:298)
	at org.junit.internal.runners.statements.FailOnTimeout$CallableStatement.call(FailOnTimeout.java:292)
	at java.util.concurrent.FutureTask.run(FutureTask.java:266)
	at java.lang.Thread.run(Thread.java:748)
55) test164(com.google.javascript.rhino.head.ScriptRuntime_ESTest)
org.evosuite.runtime.mock.java.lang.MockRuntimeException: No Context associated with current Thread
	at com.google.javascript.rhino.head.Context.getContext(Context.java:2332)
	at com.google.javascript.rhino.head.ScriptRuntime_ESTest.test164(ScriptRuntime_ESTest.java:11847)
	at sun.reflect.NativeMethodAccessorImpl.invoke0(Native Method)
	at sun.reflect.NativeMethodAccessorImpl.invoke(NativeMethodAccessorImpl.java:62)
	at sun.reflect.DelegatingMethodAccessorImpl.invoke(DelegatingMethodAccessorImpl.java:43)
	at java.lang.reflect.Method.invoke(Method.java:498)
	at org.junit.runners.model.FrameworkMethod$1.runReflectiveCall(FrameworkMethod.java:50)
	at org.junit.internal.runners.model.ReflectiveCallable.run(ReflectiveCallable.java:12)
	at org.junit.runners.model.FrameworkMethod.invokeExplosively(FrameworkMethod.java:47)
	at org.junit.internal.runners.statements.InvokeMethod.evaluate(InvokeMethod.java:17)
	at org.junit.internal.runners.statements.FailOnTimeout$CallableStatement.call(FailOnTimeout.java:298)
	at org.junit.internal.runners.statements.FailOnTimeout$CallableStatement.call(FailOnTimeout.java:292)
	at java.util.concurrent.FutureTask.run(FutureTask.java:266)
	at java.lang.Thread.run(Thread.java:748)
56) test160(com.google.javascript.rhino.head.ScriptRuntime_ESTest)
org.evosuite.runtime.mock.java.lang.MockRuntimeException: No Context associated with current Thread
	at com.google.javascript.rhino.head.Context.getContext(Context.java:2332)
	at com.google.javascript.rhino.head.ScriptRuntime_ESTest.test160(ScriptRuntime_ESTest.java:11611)
	at sun.reflect.NativeMethodAccessorImpl.invoke0(Native Method)
	at sun.reflect.NativeMethodAccessorImpl.invoke(NativeMethodAccessorImpl.java:62)
	at sun.reflect.DelegatingMethodAccessorImpl.invoke(DelegatingMethodAccessorImpl.java:43)
	at java.lang.reflect.Method.invoke(Method.java:498)
	at org.junit.runners.model.FrameworkMethod$1.runReflectiveCall(FrameworkMethod.java:50)
	at org.junit.internal.runners.model.ReflectiveCallable.run(ReflectiveCallable.java:12)
	at org.junit.runners.model.FrameworkMethod.invokeExplosively(FrameworkMethod.java:47)
	at org.junit.internal.runners.statements.InvokeMethod.evaluate(InvokeMethod.java:17)
	at org.junit.internal.runners.statements.FailOnTimeout$CallableStatement.call(FailOnTimeout.java:298)
	at org.junit.internal.runners.statements.FailOnTimeout$CallableStatement.call(FailOnTimeout.java:292)
	at java.util.concurrent.FutureTask.run(FutureTask.java:266)
	at java.lang.Thread.run(Thread.java:748)
57) test161(com.google.javascript.rhino.head.ScriptRuntime_ESTest)
java.lang.AssertionError
	at org.junit.Assert.fail(Assert.java:86)
	at org.junit.Assert.assertTrue(Assert.java:41)
	at org.junit.Assert.assertNotNull(Assert.java:712)
	at org.junit.Assert.assertNotNull(Assert.java:722)
	at com.google.javascript.rhino.head.ScriptRuntime_ESTest.test161(ScriptRuntime_ESTest.java:11668)
	at sun.reflect.NativeMethodAccessorImpl.invoke0(Native Method)
	at sun.reflect.NativeMethodAccessorImpl.invoke(NativeMethodAccessorImpl.java:62)
	at sun.reflect.DelegatingMethodAccessorImpl.invoke(DelegatingMethodAccessorImpl.java:43)
	at java.lang.reflect.Method.invoke(Method.java:498)
	at org.junit.runners.model.FrameworkMethod$1.runReflectiveCall(FrameworkMethod.java:50)
	at org.junit.internal.runners.model.ReflectiveCallable.run(ReflectiveCallable.java:12)
	at org.junit.runners.model.FrameworkMethod.invokeExplosively(FrameworkMethod.java:47)
	at org.junit.internal.runners.statements.InvokeMethod.evaluate(InvokeMethod.java:17)
	at org.junit.internal.runners.statements.FailOnTimeout$CallableStatement.call(FailOnTimeout.java:298)
	at org.junit.internal.runners.statements.FailOnTimeout$CallableStatement.call(FailOnTimeout.java:292)
	at java.util.concurrent.FutureTask.run(FutureTask.java:266)
	at java.lang.Thread.run(Thread.java:748)
58) test041(com.google.javascript.rhino.head.ScriptRuntime_ESTest)
java.lang.AssertionError
	at org.junit.Assert.fail(Assert.java:86)
	at org.junit.Assert.assertTrue(Assert.java:41)
	at org.junit.Assert.assertNotNull(Assert.java:712)
	at org.junit.Assert.assertNotNull(Assert.java:722)
	at com.google.javascript.rhino.head.ScriptRuntime_ESTest.test041(ScriptRuntime_ESTest.java:3094)
	at sun.reflect.NativeMethodAccessorImpl.invoke0(Native Method)
	at sun.reflect.NativeMethodAccessorImpl.invoke(NativeMethodAccessorImpl.java:62)
	at sun.reflect.DelegatingMethodAccessorImpl.invoke(DelegatingMethodAccessorImpl.java:43)
	at java.lang.reflect.Method.invoke(Method.java:498)
	at org.junit.runners.model.FrameworkMethod$1.runReflectiveCall(FrameworkMethod.java:50)
	at org.junit.internal.runners.model.ReflectiveCallable.run(ReflectiveCallable.java:12)
	at org.junit.runners.model.FrameworkMethod.invokeExplosively(FrameworkMethod.java:47)
	at org.junit.internal.runners.statements.InvokeMethod.evaluate(InvokeMethod.java:17)
	at org.junit.internal.runners.statements.FailOnTimeout$CallableStatement.call(FailOnTimeout.java:298)
	at org.junit.internal.runners.statements.FailOnTimeout$CallableStatement.call(FailOnTimeout.java:292)
	at java.util.concurrent.FutureTask.run(FutureTask.java:266)
	at java.lang.Thread.run(Thread.java:748)
59) test046(com.google.javascript.rhino.head.ScriptRuntime_ESTest)
org.evosuite.runtime.mock.java.lang.MockRuntimeException: No Context associated with current Thread
	at com.google.javascript.rhino.head.Context.getContext(Context.java:2332)
	at com.google.javascript.rhino.head.ScriptableObject.buildClassCtor(ScriptableObject.java:1261)
	at com.google.javascript.rhino.head.LazilyLoadedCtor.buildValue0(LazilyLoadedCtor.java:138)
	at com.google.javascript.rhino.head.LazilyLoadedCtor.access$000(LazilyLoadedCtor.java:51)
	at com.google.javascript.rhino.head.LazilyLoadedCtor$1.run(LazilyLoadedCtor.java:123)
	at java.security.AccessController.doPrivileged(Native Method)
	at com.google.javascript.rhino.head.LazilyLoadedCtor.buildValue(LazilyLoadedCtor.java:119)
	at com.google.javascript.rhino.head.LazilyLoadedCtor.init(LazilyLoadedCtor.java:99)
	at com.google.javascript.rhino.head.ScriptableObject$GetterSlot.getValue(ScriptableObject.java:345)
	at com.google.javascript.rhino.head.ScriptableObject.get(ScriptableObject.java:494)
	at com.google.javascript.rhino.head.IdScriptableObject.get(IdScriptableObject.java:361)
	at com.google.javascript.rhino.head.ImporterTopLevel.get(ImporterTopLevel.java:129)
	at com.google.javascript.rhino.head.ScriptableObject.getProperty(ScriptableObject.java:2213)
	at com.google.javascript.rhino.head.TopLevel.cacheBuiltins(TopLevel.java:114)
	at com.google.javascript.rhino.head.ScriptRuntime.initStandardObjects(ScriptRuntime.java:262)
	at com.google.javascript.rhino.head.Context.initStandardObjects(Context.java:1074)
	at com.google.javascript.rhino.head.ImporterTopLevel.initStandardObjects(ImporterTopLevel.java:106)
	at com.google.javascript.rhino.head.ImporterTopLevel.<init>(ImporterTopLevel.java:87)
	at com.google.javascript.rhino.head.ImporterTopLevel.<init>(ImporterTopLevel.java:82)
	at com.google.javascript.rhino.head.ScriptRuntime.getGlobal(ScriptRuntime.java:3103)
	at com.google.javascript.rhino.head.ScriptRuntime_ESTest.test046(ScriptRuntime_ESTest.java:3325)
	at sun.reflect.NativeMethodAccessorImpl.invoke0(Native Method)
	at sun.reflect.NativeMethodAccessorImpl.invoke(NativeMethodAccessorImpl.java:62)
	at sun.reflect.DelegatingMethodAccessorImpl.invoke(DelegatingMethodAccessorImpl.java:43)
	at java.lang.reflect.Method.invoke(Method.java:498)
	at org.junit.runners.model.FrameworkMethod$1.runReflectiveCall(FrameworkMethod.java:50)
	at org.junit.internal.runners.model.ReflectiveCallable.run(ReflectiveCallable.java:12)
	at org.junit.runners.model.FrameworkMethod.invokeExplosively(FrameworkMethod.java:47)
	at org.junit.internal.runners.statements.InvokeMethod.evaluate(InvokeMethod.java:17)
	at org.junit.internal.runners.statements.FailOnTimeout$CallableStatement.call(FailOnTimeout.java:298)
	at org.junit.internal.runners.statements.FailOnTimeout$CallableStatement.call(FailOnTimeout.java:292)
	at java.util.concurrent.FutureTask.run(FutureTask.java:266)
	at java.lang.Thread.run(Thread.java:748)
60) test047(com.google.javascript.rhino.head.ScriptRuntime_ESTest)
org.evosuite.runtime.mock.java.lang.MockRuntimeException: No Context associated with current Thread
	at com.google.javascript.rhino.head.Context.getContext(Context.java:2332)
	at com.google.javascript.rhino.head.ScriptableObject.buildClassCtor(ScriptableObject.java:1261)
	at com.google.javascript.rhino.head.LazilyLoadedCtor.buildValue0(LazilyLoadedCtor.java:138)
	at com.google.javascript.rhino.head.LazilyLoadedCtor.access$000(LazilyLoadedCtor.java:51)
	at com.google.javascript.rhino.head.LazilyLoadedCtor$1.run(LazilyLoadedCtor.java:123)
	at java.security.AccessController.doPrivileged(Native Method)
	at com.google.javascript.rhino.head.LazilyLoadedCtor.buildValue(LazilyLoadedCtor.java:119)
	at com.google.javascript.rhino.head.LazilyLoadedCtor.init(LazilyLoadedCtor.java:99)
	at com.google.javascript.rhino.head.ScriptableObject$GetterSlot.getValue(ScriptableObject.java:345)
	at com.google.javascript.rhino.head.ScriptableObject.get(ScriptableObject.java:494)
	at com.google.javascript.rhino.head.IdScriptableObject.get(IdScriptableObject.java:361)
	at com.google.javascript.rhino.head.ImporterTopLevel.get(ImporterTopLevel.java:129)
	at com.google.javascript.rhino.head.ScriptableObject.getProperty(ScriptableObject.java:2213)
	at com.google.javascript.rhino.head.TopLevel.cacheBuiltins(TopLevel.java:114)
	at com.google.javascript.rhino.head.ScriptRuntime.initStandardObjects(ScriptRuntime.java:262)
	at com.google.javascript.rhino.head.Context.initStandardObjects(Context.java:1074)
	at com.google.javascript.rhino.head.ImporterTopLevel.initStandardObjects(ImporterTopLevel.java:106)
	at com.google.javascript.rhino.head.ImporterTopLevel.<init>(ImporterTopLevel.java:87)
	at com.google.javascript.rhino.head.ImporterTopLevel.<init>(ImporterTopLevel.java:82)
	at com.google.javascript.rhino.head.ScriptRuntime.getGlobal(ScriptRuntime.java:3103)
	at com.google.javascript.rhino.head.ScriptRuntime_ESTest.test047(ScriptRuntime_ESTest.java:3478)
	at sun.reflect.NativeMethodAccessorImpl.invoke0(Native Method)
	at sun.reflect.NativeMethodAccessorImpl.invoke(NativeMethodAccessorImpl.java:62)
	at sun.reflect.DelegatingMethodAccessorImpl.invoke(DelegatingMethodAccessorImpl.java:43)
	at java.lang.reflect.Method.invoke(Method.java:498)
	at org.junit.runners.model.FrameworkMethod$1.runReflectiveCall(FrameworkMethod.java:50)
	at org.junit.internal.runners.model.ReflectiveCallable.run(ReflectiveCallable.java:12)
	at org.junit.runners.model.FrameworkMethod.invokeExplosively(FrameworkMethod.java:47)
	at org.junit.internal.runners.statements.InvokeMethod.evaluate(InvokeMethod.java:17)
	at org.junit.internal.runners.statements.FailOnTimeout$CallableStatement.call(FailOnTimeout.java:298)
	at org.junit.internal.runners.statements.FailOnTimeout$CallableStatement.call(FailOnTimeout.java:292)
	at java.util.concurrent.FutureTask.run(FutureTask.java:266)
	at java.lang.Thread.run(Thread.java:748)
61) test295(com.google.javascript.rhino.head.ScriptRuntime_ESTest)
org.evosuite.runtime.mock.java.lang.MockRuntimeException: No Context associated with current Thread
	at com.google.javascript.rhino.head.Context.getContext(Context.java:2332)
	at com.google.javascript.rhino.head.ScriptRuntime_ESTest.test295(ScriptRuntime_ESTest.java:16066)
	at sun.reflect.NativeMethodAccessorImpl.invoke0(Native Method)
	at sun.reflect.NativeMethodAccessorImpl.invoke(NativeMethodAccessorImpl.java:62)
	at sun.reflect.DelegatingMethodAccessorImpl.invoke(DelegatingMethodAccessorImpl.java:43)
	at java.lang.reflect.Method.invoke(Method.java:498)
	at org.junit.runners.model.FrameworkMethod$1.runReflectiveCall(FrameworkMethod.java:50)
	at org.junit.internal.runners.model.ReflectiveCallable.run(ReflectiveCallable.java:12)
	at org.junit.runners.model.FrameworkMethod.invokeExplosively(FrameworkMethod.java:47)
	at org.junit.internal.runners.statements.InvokeMethod.evaluate(InvokeMethod.java:17)
	at org.junit.internal.runners.statements.FailOnTimeout$CallableStatement.call(FailOnTimeout.java:298)
	at org.junit.internal.runners.statements.FailOnTimeout$CallableStatement.call(FailOnTimeout.java:292)
	at java.util.concurrent.FutureTask.run(FutureTask.java:266)
	at java.lang.Thread.run(Thread.java:748)
62) test055(com.google.javascript.rhino.head.ScriptRuntime_ESTest)
java.lang.AssertionError
	at org.junit.Assert.fail(Assert.java:86)
	at org.junit.Assert.assertTrue(Assert.java:41)
	at org.junit.Assert.assertNotNull(Assert.java:712)
	at org.junit.Assert.assertNotNull(Assert.java:722)
	at com.google.javascript.rhino.head.ScriptRuntime_ESTest.test055(ScriptRuntime_ESTest.java:3993)
	at sun.reflect.NativeMethodAccessorImpl.invoke0(Native Method)
	at sun.reflect.NativeMethodAccessorImpl.invoke(NativeMethodAccessorImpl.java:62)
	at sun.reflect.DelegatingMethodAccessorImpl.invoke(DelegatingMethodAccessorImpl.java:43)
	at java.lang.reflect.Method.invoke(Method.java:498)
	at org.junit.runners.model.FrameworkMethod$1.runReflectiveCall(FrameworkMethod.java:50)
	at org.junit.internal.runners.model.ReflectiveCallable.run(ReflectiveCallable.java:12)
	at org.junit.runners.model.FrameworkMethod.invokeExplosively(FrameworkMethod.java:47)
	at org.junit.internal.runners.statements.InvokeMethod.evaluate(InvokeMethod.java:17)
	at org.junit.internal.runners.statements.FailOnTimeout$CallableStatement.call(FailOnTimeout.java:298)
	at org.junit.internal.runners.statements.FailOnTimeout$CallableStatement.call(FailOnTimeout.java:292)
	at java.util.concurrent.FutureTask.run(FutureTask.java:266)
	at java.lang.Thread.run(Thread.java:748)
63) test297(com.google.javascript.rhino.head.ScriptRuntime_ESTest)
org.evosuite.runtime.mock.java.lang.MockRuntimeException: No Context associated with current Thread
	at com.google.javascript.rhino.head.Context.getContext(Context.java:2332)
	at com.google.javascript.rhino.head.ScriptRuntime_ESTest.test297(ScriptRuntime_ESTest.java:16095)
	at sun.reflect.NativeMethodAccessorImpl.invoke0(Native Method)
	at sun.reflect.NativeMethodAccessorImpl.invoke(NativeMethodAccessorImpl.java:62)
	at sun.reflect.DelegatingMethodAccessorImpl.invoke(DelegatingMethodAccessorImpl.java:43)
	at java.lang.reflect.Method.invoke(Method.java:498)
	at org.junit.runners.model.FrameworkMethod$1.runReflectiveCall(FrameworkMethod.java:50)
	at org.junit.internal.runners.model.ReflectiveCallable.run(ReflectiveCallable.java:12)
	at org.junit.runners.model.FrameworkMethod.invokeExplosively(FrameworkMethod.java:47)
	at org.junit.internal.runners.statements.InvokeMethod.evaluate(InvokeMethod.java:17)
	at org.junit.internal.runners.statements.FailOnTimeout$CallableStatement.call(FailOnTimeout.java:298)
	at org.junit.internal.runners.statements.FailOnTimeout$CallableStatement.call(FailOnTimeout.java:292)
	at java.util.concurrent.FutureTask.run(FutureTask.java:266)
	at java.lang.Thread.run(Thread.java:748)
64) test291(com.google.javascript.rhino.head.ScriptRuntime_ESTest)
java.lang.NullPointerException
	at com.google.javascript.rhino.head.NativeJavaPackage.<init>(NativeJavaPackage.java:84)
	at com.google.javascript.rhino.head.ScriptRuntime_ESTest.test291(ScriptRuntime_ESTest.java:15998)
	at sun.reflect.NativeMethodAccessorImpl.invoke0(Native Method)
	at sun.reflect.NativeMethodAccessorImpl.invoke(NativeMethodAccessorImpl.java:62)
	at sun.reflect.DelegatingMethodAccessorImpl.invoke(DelegatingMethodAccessorImpl.java:43)
	at java.lang.reflect.Method.invoke(Method.java:498)
	at org.junit.runners.model.FrameworkMethod$1.runReflectiveCall(FrameworkMethod.java:50)
	at org.junit.internal.runners.model.ReflectiveCallable.run(ReflectiveCallable.java:12)
	at org.junit.runners.model.FrameworkMethod.invokeExplosively(FrameworkMethod.java:47)
	at org.junit.internal.runners.statements.InvokeMethod.evaluate(InvokeMethod.java:17)
	at org.junit.internal.runners.statements.FailOnTimeout$CallableStatement.call(FailOnTimeout.java:298)
	at org.junit.internal.runners.statements.FailOnTimeout$CallableStatement.call(FailOnTimeout.java:292)
	at java.util.concurrent.FutureTask.run(FutureTask.java:266)
	at java.lang.Thread.run(Thread.java:748)
65) test050(com.google.javascript.rhino.head.ScriptRuntime_ESTest)
org.evosuite.runtime.mock.java.lang.MockRuntimeException: No Context associated with current Thread
	at com.google.javascript.rhino.head.Context.getContext(Context.java:2332)
	at com.google.javascript.rhino.head.ScriptRuntime_ESTest.test050(ScriptRuntime_ESTest.java:3678)
	at sun.reflect.NativeMethodAccessorImpl.invoke0(Native Method)
	at sun.reflect.NativeMethodAccessorImpl.invoke(NativeMethodAccessorImpl.java:62)
	at sun.reflect.DelegatingMethodAccessorImpl.invoke(DelegatingMethodAccessorImpl.java:43)
	at java.lang.reflect.Method.invoke(Method.java:498)
	at org.junit.runners.model.FrameworkMethod$1.runReflectiveCall(FrameworkMethod.java:50)
	at org.junit.internal.runners.model.ReflectiveCallable.run(ReflectiveCallable.java:12)
	at org.junit.runners.model.FrameworkMethod.invokeExplosively(FrameworkMethod.java:47)
	at org.junit.internal.runners.statements.InvokeMethod.evaluate(InvokeMethod.java:17)
	at org.junit.internal.runners.statements.FailOnTimeout$CallableStatement.call(FailOnTimeout.java:298)
	at org.junit.internal.runners.statements.FailOnTimeout$CallableStatement.call(FailOnTimeout.java:292)
	at java.util.concurrent.FutureTask.run(FutureTask.java:266)
	at java.lang.Thread.run(Thread.java:748)
66) test292(com.google.javascript.rhino.head.ScriptRuntime_ESTest)
java.lang.AssertionError: Expecting exception: NullPointerException
	at org.junit.Assert.fail(Assert.java:88)
	at com.google.javascript.rhino.head.ScriptRuntime_ESTest.test292(ScriptRuntime_ESTest.java:16021)
	at sun.reflect.NativeMethodAccessorImpl.invoke0(Native Method)
	at sun.reflect.NativeMethodAccessorImpl.invoke(NativeMethodAccessorImpl.java:62)
	at sun.reflect.DelegatingMethodAccessorImpl.invoke(DelegatingMethodAccessorImpl.java:43)
	at java.lang.reflect.Method.invoke(Method.java:498)
	at org.junit.runners.model.FrameworkMethod$1.runReflectiveCall(FrameworkMethod.java:50)
	at org.junit.internal.runners.model.ReflectiveCallable.run(ReflectiveCallable.java:12)
	at org.junit.runners.model.FrameworkMethod.invokeExplosively(FrameworkMethod.java:47)
	at org.junit.internal.runners.statements.InvokeMethod.evaluate(InvokeMethod.java:17)
	at org.junit.internal.runners.statements.FailOnTimeout$CallableStatement.call(FailOnTimeout.java:298)
	at org.junit.internal.runners.statements.FailOnTimeout$CallableStatement.call(FailOnTimeout.java:292)
	at java.util.concurrent.FutureTask.run(FutureTask.java:266)
	at java.lang.Thread.run(Thread.java:748)
67) test051(com.google.javascript.rhino.head.ScriptRuntime_ESTest)
org.evosuite.runtime.mock.java.lang.MockRuntimeException: No Context associated with current Thread
	at com.google.javascript.rhino.head.Context.getContext(Context.java:2332)
	at com.google.javascript.rhino.head.ScriptRuntime_ESTest.test051(ScriptRuntime_ESTest.java:3750)
	at sun.reflect.NativeMethodAccessorImpl.invoke0(Native Method)
	at sun.reflect.NativeMethodAccessorImpl.invoke(NativeMethodAccessorImpl.java:62)
	at sun.reflect.DelegatingMethodAccessorImpl.invoke(DelegatingMethodAccessorImpl.java:43)
	at java.lang.reflect.Method.invoke(Method.java:498)
	at org.junit.runners.model.FrameworkMethod$1.runReflectiveCall(FrameworkMethod.java:50)
	at org.junit.internal.runners.model.ReflectiveCallable.run(ReflectiveCallable.java:12)
	at org.junit.runners.model.FrameworkMethod.invokeExplosively(FrameworkMethod.java:47)
	at org.junit.internal.runners.statements.InvokeMethod.evaluate(InvokeMethod.java:17)
	at org.junit.internal.runners.statements.FailOnTimeout$CallableStatement.call(FailOnTimeout.java:298)
	at org.junit.internal.runners.statements.FailOnTimeout$CallableStatement.call(FailOnTimeout.java:292)
	at java.util.concurrent.FutureTask.run(FutureTask.java:266)
	at java.lang.Thread.run(Thread.java:748)
68) test294(com.google.javascript.rhino.head.ScriptRuntime_ESTest)
org.evosuite.runtime.mock.java.lang.MockRuntimeException: No Context associated with current Thread
	at com.google.javascript.rhino.head.Context.getContext(Context.java:2332)
	at com.google.javascript.rhino.head.ScriptRuntime_ESTest.test294(ScriptRuntime_ESTest.java:16050)
	at sun.reflect.NativeMethodAccessorImpl.invoke0(Native Method)
	at sun.reflect.NativeMethodAccessorImpl.invoke(NativeMethodAccessorImpl.java:62)
	at sun.reflect.DelegatingMethodAccessorImpl.invoke(DelegatingMethodAccessorImpl.java:43)
	at java.lang.reflect.Method.invoke(Method.java:498)
	at org.junit.runners.model.FrameworkMethod$1.runReflectiveCall(FrameworkMethod.java:50)
	at org.junit.internal.runners.model.ReflectiveCallable.run(ReflectiveCallable.java:12)
	at org.junit.runners.model.FrameworkMethod.invokeExplosively(FrameworkMethod.java:47)
	at org.junit.internal.runners.statements.InvokeMethod.evaluate(InvokeMethod.java:17)
	at org.junit.internal.runners.statements.FailOnTimeout$CallableStatement.call(FailOnTimeout.java:298)
	at org.junit.internal.runners.statements.FailOnTimeout$CallableStatement.call(FailOnTimeout.java:292)
	at java.util.concurrent.FutureTask.run(FutureTask.java:266)
	at java.lang.Thread.run(Thread.java:748)
69) test290(com.google.javascript.rhino.head.ScriptRuntime_ESTest)
org.evosuite.runtime.mock.java.lang.MockRuntimeException: No Context associated with current Thread
	at com.google.javascript.rhino.head.Context.getContext(Context.java:2332)
	at com.google.javascript.rhino.head.ScriptRuntime_ESTest.test290(ScriptRuntime_ESTest.java:15978)
	at sun.reflect.NativeMethodAccessorImpl.invoke0(Native Method)
	at sun.reflect.NativeMethodAccessorImpl.invoke(NativeMethodAccessorImpl.java:62)
	at sun.reflect.DelegatingMethodAccessorImpl.invoke(DelegatingMethodAccessorImpl.java:43)
	at java.lang.reflect.Method.invoke(Method.java:498)
	at org.junit.runners.model.FrameworkMethod$1.runReflectiveCall(FrameworkMethod.java:50)
	at org.junit.internal.runners.model.ReflectiveCallable.run(ReflectiveCallable.java:12)
	at org.junit.runners.model.FrameworkMethod.invokeExplosively(FrameworkMethod.java:47)
	at org.junit.internal.runners.statements.InvokeMethod.evaluate(InvokeMethod.java:17)
	at org.junit.internal.runners.statements.FailOnTimeout$CallableStatement.call(FailOnTimeout.java:298)
	at org.junit.internal.runners.statements.FailOnTimeout$CallableStatement.call(FailOnTimeout.java:292)
	at java.util.concurrent.FutureTask.run(FutureTask.java:266)
	at java.lang.Thread.run(Thread.java:748)
70) test018(com.google.javascript.rhino.head.ScriptRuntime_ESTest)
org.evosuite.runtime.mock.java.lang.MockRuntimeException: No Context associated with current Thread
	at com.google.javascript.rhino.head.Context.getContext(Context.java:2332)
	at com.google.javascript.rhino.head.ScriptableObject.buildClassCtor(ScriptableObject.java:1261)
	at com.google.javascript.rhino.head.LazilyLoadedCtor.buildValue0(LazilyLoadedCtor.java:138)
	at com.google.javascript.rhino.head.LazilyLoadedCtor.access$000(LazilyLoadedCtor.java:51)
	at com.google.javascript.rhino.head.LazilyLoadedCtor$1.run(LazilyLoadedCtor.java:123)
	at java.security.AccessController.doPrivileged(Native Method)
	at com.google.javascript.rhino.head.LazilyLoadedCtor.buildValue(LazilyLoadedCtor.java:119)
	at com.google.javascript.rhino.head.LazilyLoadedCtor.init(LazilyLoadedCtor.java:99)
	at com.google.javascript.rhino.head.ScriptableObject$GetterSlot.getValue(ScriptableObject.java:345)
	at com.google.javascript.rhino.head.ScriptableObject.get(ScriptableObject.java:494)
	at com.google.javascript.rhino.head.IdScriptableObject.get(IdScriptableObject.java:361)
	at com.google.javascript.rhino.head.ImporterTopLevel.get(ImporterTopLevel.java:129)
	at com.google.javascript.rhino.head.ScriptableObject.getProperty(ScriptableObject.java:2213)
	at com.google.javascript.rhino.head.TopLevel.cacheBuiltins(TopLevel.java:114)
	at com.google.javascript.rhino.head.ScriptRuntime.initStandardObjects(ScriptRuntime.java:262)
	at com.google.javascript.rhino.head.Context.initStandardObjects(Context.java:1074)
	at com.google.javascript.rhino.head.ImporterTopLevel.initStandardObjects(ImporterTopLevel.java:106)
	at com.google.javascript.rhino.head.ImporterTopLevel.<init>(ImporterTopLevel.java:87)
	at com.google.javascript.rhino.head.ImporterTopLevel.<init>(ImporterTopLevel.java:82)
	at com.google.javascript.rhino.head.ScriptRuntime_ESTest.test018(ScriptRuntime_ESTest.java:1454)
	at sun.reflect.NativeMethodAccessorImpl.invoke0(Native Method)
	at sun.reflect.NativeMethodAccessorImpl.invoke(NativeMethodAccessorImpl.java:62)
	at sun.reflect.DelegatingMethodAccessorImpl.invoke(DelegatingMethodAccessorImpl.java:43)
	at java.lang.reflect.Method.invoke(Method.java:498)
	at org.junit.runners.model.FrameworkMethod$1.runReflectiveCall(FrameworkMethod.java:50)
	at org.junit.internal.runners.model.ReflectiveCallable.run(ReflectiveCallable.java:12)
	at org.junit.runners.model.FrameworkMethod.invokeExplosively(FrameworkMethod.java:47)
	at org.junit.internal.runners.statements.InvokeMethod.evaluate(InvokeMethod.java:17)
	at org.junit.internal.runners.statements.FailOnTimeout$CallableStatement.call(FailOnTimeout.java:298)
	at org.junit.internal.runners.statements.FailOnTimeout$CallableStatement.call(FailOnTimeout.java:292)
	at java.util.concurrent.FutureTask.run(FutureTask.java:266)
	at java.lang.Thread.run(Thread.java:748)
71) test013(com.google.javascript.rhino.head.ScriptRuntime_ESTest)
org.evosuite.runtime.mock.java.lang.MockRuntimeException: No Context associated with current Thread
	at com.google.javascript.rhino.head.Context.getContext(Context.java:2332)
	at com.google.javascript.rhino.head.Context.reportWarning(Context.java:853)
	at com.google.javascript.rhino.head.Context.reportWarning(Context.java:871)
	at com.google.javascript.rhino.head.ScriptRuntime.checkDeprecated(ScriptRuntime.java:3607)
	at com.google.javascript.rhino.head.ScriptRuntime_ESTest.test013(ScriptRuntime_ESTest.java:1146)
	at sun.reflect.NativeMethodAccessorImpl.invoke0(Native Method)
	at sun.reflect.NativeMethodAccessorImpl.invoke(NativeMethodAccessorImpl.java:62)
	at sun.reflect.DelegatingMethodAccessorImpl.invoke(DelegatingMethodAccessorImpl.java:43)
	at java.lang.reflect.Method.invoke(Method.java:498)
	at org.junit.runners.model.FrameworkMethod$1.runReflectiveCall(FrameworkMethod.java:50)
	at org.junit.internal.runners.model.ReflectiveCallable.run(ReflectiveCallable.java:12)
	at org.junit.runners.model.FrameworkMethod.invokeExplosively(FrameworkMethod.java:47)
	at org.junit.internal.runners.statements.InvokeMethod.evaluate(InvokeMethod.java:17)
	at org.junit.internal.runners.statements.FailOnTimeout$CallableStatement.call(FailOnTimeout.java:298)
	at org.junit.internal.runners.statements.FailOnTimeout$CallableStatement.call(FailOnTimeout.java:292)
	at java.util.concurrent.FutureTask.run(FutureTask.java:266)
	at java.lang.Thread.run(Thread.java:748)
72) test134(com.google.javascript.rhino.head.ScriptRuntime_ESTest)
org.evosuite.runtime.mock.java.lang.MockRuntimeException: No Context associated with current Thread
	at com.google.javascript.rhino.head.Context.getContext(Context.java:2332)
	at com.google.javascript.rhino.head.ScriptRuntime_ESTest.test134(ScriptRuntime_ESTest.java:8852)
	at sun.reflect.NativeMethodAccessorImpl.invoke0(Native Method)
	at sun.reflect.NativeMethodAccessorImpl.invoke(NativeMethodAccessorImpl.java:62)
	at sun.reflect.DelegatingMethodAccessorImpl.invoke(DelegatingMethodAccessorImpl.java:43)
	at java.lang.reflect.Method.invoke(Method.java:498)
	at org.junit.runners.model.FrameworkMethod$1.runReflectiveCall(FrameworkMethod.java:50)
	at org.junit.internal.runners.model.ReflectiveCallable.run(ReflectiveCallable.java:12)
	at org.junit.runners.model.FrameworkMethod.invokeExplosively(FrameworkMethod.java:47)
	at org.junit.internal.runners.statements.InvokeMethod.evaluate(InvokeMethod.java:17)
	at org.junit.internal.runners.statements.FailOnTimeout$CallableStatement.call(FailOnTimeout.java:298)
	at org.junit.internal.runners.statements.FailOnTimeout$CallableStatement.call(FailOnTimeout.java:292)
	at java.util.concurrent.FutureTask.run(FutureTask.java:266)
	at java.lang.Thread.run(Thread.java:748)
73) test014(com.google.javascript.rhino.head.ScriptRuntime_ESTest)
java.lang.AssertionError
	at org.junit.Assert.fail(Assert.java:86)
	at org.junit.Assert.assertTrue(Assert.java:41)
	at org.junit.Assert.assertNotNull(Assert.java:712)
	at org.junit.Assert.assertNotNull(Assert.java:722)
	at com.google.javascript.rhino.head.ScriptRuntime_ESTest.test014(ScriptRuntime_ESTest.java:1186)
	at sun.reflect.NativeMethodAccessorImpl.invoke0(Native Method)
	at sun.reflect.NativeMethodAccessorImpl.invoke(NativeMethodAccessorImpl.java:62)
	at sun.reflect.DelegatingMethodAccessorImpl.invoke(DelegatingMethodAccessorImpl.java:43)
	at java.lang.reflect.Method.invoke(Method.java:498)
	at org.junit.runners.model.FrameworkMethod$1.runReflectiveCall(FrameworkMethod.java:50)
	at org.junit.internal.runners.model.ReflectiveCallable.run(ReflectiveCallable.java:12)
	at org.junit.runners.model.FrameworkMethod.invokeExplosively(FrameworkMethod.java:47)
	at org.junit.internal.runners.statements.InvokeMethod.evaluate(InvokeMethod.java:17)
	at org.junit.internal.runners.statements.FailOnTimeout$CallableStatement.call(FailOnTimeout.java:298)
	at org.junit.internal.runners.statements.FailOnTimeout$CallableStatement.call(FailOnTimeout.java:292)
	at java.util.concurrent.FutureTask.run(FutureTask.java:266)
	at java.lang.Thread.run(Thread.java:748)
74) test256(com.google.javascript.rhino.head.ScriptRuntime_ESTest)
org.evosuite.runtime.mock.java.lang.MockRuntimeException: No Context associated with current Thread
	at com.google.javascript.rhino.head.Context.getContext(Context.java:2332)
	at com.google.javascript.rhino.head.ScriptRuntime.toBoolean(ScriptRuntime.java:374)
	at com.google.javascript.rhino.head.ScriptRuntime_ESTest.test256(ScriptRuntime_ESTest.java:15742)
	at sun.reflect.NativeMethodAccessorImpl.invoke0(Native Method)
	at sun.reflect.NativeMethodAccessorImpl.invoke(NativeMethodAccessorImpl.java:62)
	at sun.reflect.DelegatingMethodAccessorImpl.invoke(DelegatingMethodAccessorImpl.java:43)
	at java.lang.reflect.Method.invoke(Method.java:498)
	at org.junit.runners.model.FrameworkMethod$1.runReflectiveCall(FrameworkMethod.java:50)
	at org.junit.internal.runners.model.ReflectiveCallable.run(ReflectiveCallable.java:12)
	at org.junit.runners.model.FrameworkMethod.invokeExplosively(FrameworkMethod.java:47)
	at org.junit.internal.runners.statements.InvokeMethod.evaluate(InvokeMethod.java:17)
	at org.junit.internal.runners.statements.FailOnTimeout$CallableStatement.call(FailOnTimeout.java:298)
	at org.junit.internal.runners.statements.FailOnTimeout$CallableStatement.call(FailOnTimeout.java:292)
	at java.util.concurrent.FutureTask.run(FutureTask.java:266)
	at java.lang.Thread.run(Thread.java:748)
75) test257(com.google.javascript.rhino.head.ScriptRuntime_ESTest)
java.lang.AssertionError
	at org.junit.Assert.fail(Assert.java:86)
	at org.junit.Assert.assertTrue(Assert.java:41)
	at org.junit.Assert.assertTrue(Assert.java:52)
	at com.google.javascript.rhino.head.ScriptRuntime_ESTest.test257(ScriptRuntime_ESTest.java:15750)
	at sun.reflect.NativeMethodAccessorImpl.invoke0(Native Method)
	at sun.reflect.NativeMethodAccessorImpl.invoke(NativeMethodAccessorImpl.java:62)
	at sun.reflect.DelegatingMethodAccessorImpl.invoke(DelegatingMethodAccessorImpl.java:43)
	at java.lang.reflect.Method.invoke(Method.java:498)
	at org.junit.runners.model.FrameworkMethod$1.runReflectiveCall(FrameworkMethod.java:50)
	at org.junit.internal.runners.model.ReflectiveCallable.run(ReflectiveCallable.java:12)
	at org.junit.runners.model.FrameworkMethod.invokeExplosively(FrameworkMethod.java:47)
	at org.junit.internal.runners.statements.InvokeMethod.evaluate(InvokeMethod.java:17)
	at org.junit.internal.runners.statements.FailOnTimeout$CallableStatement.call(FailOnTimeout.java:298)
	at org.junit.internal.runners.statements.FailOnTimeout$CallableStatement.call(FailOnTimeout.java:292)
	at java.util.concurrent.FutureTask.run(FutureTask.java:266)
	at java.lang.Thread.run(Thread.java:748)
76) test137(com.google.javascript.rhino.head.ScriptRuntime_ESTest)
java.lang.AssertionError
	at org.junit.Assert.fail(Assert.java:86)
	at org.junit.Assert.assertTrue(Assert.java:41)
	at org.junit.Assert.assertNotNull(Assert.java:712)
	at org.junit.Assert.assertNotNull(Assert.java:722)
	at com.google.javascript.rhino.head.ScriptRuntime_ESTest.test137(ScriptRuntime_ESTest.java:9368)
	at sun.reflect.NativeMethodAccessorImpl.invoke0(Native Method)
	at sun.reflect.NativeMethodAccessorImpl.invoke(NativeMethodAccessorImpl.java:62)
	at sun.reflect.DelegatingMethodAccessorImpl.invoke(DelegatingMethodAccessorImpl.java:43)
	at java.lang.reflect.Method.invoke(Method.java:498)
	at org.junit.runners.model.FrameworkMethod$1.runReflectiveCall(FrameworkMethod.java:50)
	at org.junit.internal.runners.model.ReflectiveCallable.run(ReflectiveCallable.java:12)
	at org.junit.runners.model.FrameworkMethod.invokeExplosively(FrameworkMethod.java:47)
	at org.junit.internal.runners.statements.InvokeMethod.evaluate(InvokeMethod.java:17)
	at org.junit.internal.runners.statements.FailOnTimeout$CallableStatement.call(FailOnTimeout.java:298)
	at org.junit.internal.runners.statements.FailOnTimeout$CallableStatement.call(FailOnTimeout.java:292)
	at java.util.concurrent.FutureTask.run(FutureTask.java:266)
	at java.lang.Thread.run(Thread.java:748)
77) test020(com.google.javascript.rhino.head.ScriptRuntime_ESTest)
org.evosuite.runtime.mock.java.lang.MockRuntimeException: No Context associated with current Thread
	at com.google.javascript.rhino.head.Context.getContext(Context.java:2332)
	at com.google.javascript.rhino.head.ScriptRuntime_ESTest.test020(ScriptRuntime_ESTest.java:1655)
	at sun.reflect.NativeMethodAccessorImpl.invoke0(Native Method)
	at sun.reflect.NativeMethodAccessorImpl.invoke(NativeMethodAccessorImpl.java:62)
	at sun.reflect.DelegatingMethodAccessorImpl.invoke(DelegatingMethodAccessorImpl.java:43)
	at java.lang.reflect.Method.invoke(Method.java:498)
	at org.junit.runners.model.FrameworkMethod$1.runReflectiveCall(FrameworkMethod.java:50)
	at org.junit.internal.runners.model.ReflectiveCallable.run(ReflectiveCallable.java:12)
	at org.junit.runners.model.FrameworkMethod.invokeExplosively(FrameworkMethod.java:47)
	at org.junit.internal.runners.statements.InvokeMethod.evaluate(InvokeMethod.java:17)
	at org.junit.internal.runners.statements.FailOnTimeout$CallableStatement.call(FailOnTimeout.java:298)
	at org.junit.internal.runners.statements.FailOnTimeout$CallableStatement.call(FailOnTimeout.java:292)
	at java.util.concurrent.FutureTask.run(FutureTask.java:266)
	at java.lang.Thread.run(Thread.java:748)
78) test141(com.google.javascript.rhino.head.ScriptRuntime_ESTest)
org.evosuite.runtime.mock.java.lang.MockRuntimeException: No Context associated with current Thread
	at com.google.javascript.rhino.head.Context.getContext(Context.java:2332)
	at com.google.javascript.rhino.head.ScriptRuntime.typeofName(ScriptRuntime.java:2580)
	at com.google.javascript.rhino.head.ScriptRuntime_ESTest.test141(ScriptRuntime_ESTest.java:9761)
	at sun.reflect.NativeMethodAccessorImpl.invoke0(Native Method)
	at sun.reflect.NativeMethodAccessorImpl.invoke(NativeMethodAccessorImpl.java:62)
	at sun.reflect.DelegatingMethodAccessorImpl.invoke(DelegatingMethodAccessorImpl.java:43)
	at java.lang.reflect.Method.invoke(Method.java:498)
	at org.junit.runners.model.FrameworkMethod$1.runReflectiveCall(FrameworkMethod.java:50)
	at org.junit.internal.runners.model.ReflectiveCallable.run(ReflectiveCallable.java:12)
	at org.junit.runners.model.FrameworkMethod.invokeExplosively(FrameworkMethod.java:47)
	at org.junit.internal.runners.statements.InvokeMethod.evaluate(InvokeMethod.java:17)
	at org.junit.internal.runners.statements.FailOnTimeout$CallableStatement.call(FailOnTimeout.java:298)
	at org.junit.internal.runners.statements.FailOnTimeout$CallableStatement.call(FailOnTimeout.java:292)
	at java.util.concurrent.FutureTask.run(FutureTask.java:266)
	at java.lang.Thread.run(Thread.java:748)
79) test021(com.google.javascript.rhino.head.ScriptRuntime_ESTest)
org.evosuite.runtime.mock.java.lang.MockRuntimeException: No Context associated with current Thread
	at com.google.javascript.rhino.head.Context.getContext(Context.java:2332)
	at com.google.javascript.rhino.head.ScriptRuntime_ESTest.test021(ScriptRuntime_ESTest.java:1708)
	at sun.reflect.NativeMethodAccessorImpl.invoke0(Native Method)
	at sun.reflect.NativeMethodAccessorImpl.invoke(NativeMethodAccessorImpl.java:62)
	at sun.reflect.DelegatingMethodAccessorImpl.invoke(DelegatingMethodAccessorImpl.java:43)
	at java.lang.reflect.Method.invoke(Method.java:498)
	at org.junit.runners.model.FrameworkMethod$1.runReflectiveCall(FrameworkMethod.java:50)
	at org.junit.internal.runners.model.ReflectiveCallable.run(ReflectiveCallable.java:12)
	at org.junit.runners.model.FrameworkMethod.invokeExplosively(FrameworkMethod.java:47)
	at org.junit.internal.runners.statements.InvokeMethod.evaluate(InvokeMethod.java:17)
	at org.junit.internal.runners.statements.FailOnTimeout$CallableStatement.call(FailOnTimeout.java:298)
	at org.junit.internal.runners.statements.FailOnTimeout$CallableStatement.call(FailOnTimeout.java:292)
	at java.util.concurrent.FutureTask.run(FutureTask.java:266)
	at java.lang.Thread.run(Thread.java:748)
80) test263(com.google.javascript.rhino.head.ScriptRuntime_ESTest)
org.evosuite.runtime.mock.java.lang.MockRuntimeException: No Context associated with current Thread
	at com.google.javascript.rhino.head.Context.getContext(Context.java:2332)
	at com.google.javascript.rhino.head.ScriptRuntime.toBoolean(ScriptRuntime.java:374)
	at com.google.javascript.rhino.head.ScriptRuntime_ESTest.test263(ScriptRuntime_ESTest.java:15790)
	at sun.reflect.NativeMethodAccessorImpl.invoke0(Native Method)
	at sun.reflect.NativeMethodAccessorImpl.invoke(NativeMethodAccessorImpl.java:62)
	at sun.reflect.DelegatingMethodAccessorImpl.invoke(DelegatingMethodAccessorImpl.java:43)
	at java.lang.reflect.Method.invoke(Method.java:498)
	at org.junit.runners.model.FrameworkMethod$1.runReflectiveCall(FrameworkMethod.java:50)
	at org.junit.internal.runners.model.ReflectiveCallable.run(ReflectiveCallable.java:12)
	at org.junit.runners.model.FrameworkMethod.invokeExplosively(FrameworkMethod.java:47)
	at org.junit.internal.runners.statements.InvokeMethod.evaluate(InvokeMethod.java:17)
	at org.junit.internal.runners.statements.FailOnTimeout$CallableStatement.call(FailOnTimeout.java:298)
	at org.junit.internal.runners.statements.FailOnTimeout$CallableStatement.call(FailOnTimeout.java:292)
	at java.util.concurrent.FutureTask.run(FutureTask.java:266)
	at java.lang.Thread.run(Thread.java:748)
81) test022(com.google.javascript.rhino.head.ScriptRuntime_ESTest)
java.lang.AssertionError
	at org.junit.Assert.fail(Assert.java:86)
	at org.junit.Assert.assertTrue(Assert.java:41)
	at org.junit.Assert.assertNotNull(Assert.java:712)
	at org.junit.Assert.assertNotNull(Assert.java:722)
	at com.google.javascript.rhino.head.ScriptRuntime_ESTest.test022(ScriptRuntime_ESTest.java:1764)
	at sun.reflect.NativeMethodAccessorImpl.invoke0(Native Method)
	at sun.reflect.NativeMethodAccessorImpl.invoke(NativeMethodAccessorImpl.java:62)
	at sun.reflect.DelegatingMethodAccessorImpl.invoke(DelegatingMethodAccessorImpl.java:43)
	at java.lang.reflect.Method.invoke(Method.java:498)
	at org.junit.runners.model.FrameworkMethod$1.runReflectiveCall(FrameworkMethod.java:50)
	at org.junit.internal.runners.model.ReflectiveCallable.run(ReflectiveCallable.java:12)
	at org.junit.runners.model.FrameworkMethod.invokeExplosively(FrameworkMethod.java:47)
	at org.junit.internal.runners.statements.InvokeMethod.evaluate(InvokeMethod.java:17)
	at org.junit.internal.runners.statements.FailOnTimeout$CallableStatement.call(FailOnTimeout.java:298)
	at org.junit.internal.runners.statements.FailOnTimeout$CallableStatement.call(FailOnTimeout.java:292)
	at java.util.concurrent.FutureTask.run(FutureTask.java:266)
	at java.lang.Thread.run(Thread.java:748)
82) test143(com.google.javascript.rhino.head.ScriptRuntime_ESTest)
org.evosuite.runtime.mock.java.lang.MockRuntimeException: No Context associated with current Thread
	at com.google.javascript.rhino.head.Context.getContext(Context.java:2332)
	at com.google.javascript.rhino.head.ScriptRuntime.typeofName(ScriptRuntime.java:2580)
	at com.google.javascript.rhino.head.ScriptRuntime_ESTest.test143(ScriptRuntime_ESTest.java:10143)
	at sun.reflect.NativeMethodAccessorImpl.invoke0(Native Method)
	at sun.reflect.NativeMethodAccessorImpl.invoke(NativeMethodAccessorImpl.java:62)
	at sun.reflect.DelegatingMethodAccessorImpl.invoke(DelegatingMethodAccessorImpl.java:43)
	at java.lang.reflect.Method.invoke(Method.java:498)
	at org.junit.runners.model.FrameworkMethod$1.runReflectiveCall(FrameworkMethod.java:50)
	at org.junit.internal.runners.model.ReflectiveCallable.run(ReflectiveCallable.java:12)
	at org.junit.runners.model.FrameworkMethod.invokeExplosively(FrameworkMethod.java:47)
	at org.junit.internal.runners.statements.InvokeMethod.evaluate(InvokeMethod.java:17)
	at org.junit.internal.runners.statements.FailOnTimeout$CallableStatement.call(FailOnTimeout.java:298)
	at org.junit.internal.runners.statements.FailOnTimeout$CallableStatement.call(FailOnTimeout.java:292)
	at java.util.concurrent.FutureTask.run(FutureTask.java:266)
	at java.lang.Thread.run(Thread.java:748)
83) test023(com.google.javascript.rhino.head.ScriptRuntime_ESTest)
java.lang.AssertionError
	at org.junit.Assert.fail(Assert.java:86)
	at org.junit.Assert.assertTrue(Assert.java:41)
	at org.junit.Assert.assertNotNull(Assert.java:712)
	at org.junit.Assert.assertNotNull(Assert.java:722)
	at com.google.javascript.rhino.head.ScriptRuntime_ESTest.test023(ScriptRuntime_ESTest.java:1820)
	at sun.reflect.NativeMethodAccessorImpl.invoke0(Native Method)
	at sun.reflect.NativeMethodAccessorImpl.invoke(NativeMethodAccessorImpl.java:62)
	at sun.reflect.DelegatingMethodAccessorImpl.invoke(DelegatingMethodAccessorImpl.java:43)
	at java.lang.reflect.Method.invoke(Method.java:498)
	at org.junit.runners.model.FrameworkMethod$1.runReflectiveCall(FrameworkMethod.java:50)
	at org.junit.internal.runners.model.ReflectiveCallable.run(ReflectiveCallable.java:12)
	at org.junit.runners.model.FrameworkMethod.invokeExplosively(FrameworkMethod.java:47)
	at org.junit.internal.runners.statements.InvokeMethod.evaluate(InvokeMethod.java:17)
	at org.junit.internal.runners.statements.FailOnTimeout$CallableStatement.call(FailOnTimeout.java:298)
	at org.junit.internal.runners.statements.FailOnTimeout$CallableStatement.call(FailOnTimeout.java:292)
	at java.util.concurrent.FutureTask.run(FutureTask.java:266)
	at java.lang.Thread.run(Thread.java:748)
84) test028(com.google.javascript.rhino.head.ScriptRuntime_ESTest)
org.evosuite.runtime.mock.java.lang.MockRuntimeException: No Context associated with current Thread
	at com.google.javascript.rhino.head.Context.getContext(Context.java:2332)
	at com.google.javascript.rhino.head.ScriptRuntime_ESTest.test028(ScriptRuntime_ESTest.java:2060)
	at sun.reflect.NativeMethodAccessorImpl.invoke0(Native Method)
	at sun.reflect.NativeMethodAccessorImpl.invoke(NativeMethodAccessorImpl.java:62)
	at sun.reflect.DelegatingMethodAccessorImpl.invoke(DelegatingMethodAccessorImpl.java:43)
	at java.lang.reflect.Method.invoke(Method.java:498)
	at org.junit.runners.model.FrameworkMethod$1.runReflectiveCall(FrameworkMethod.java:50)
	at org.junit.internal.runners.model.ReflectiveCallable.run(ReflectiveCallable.java:12)
	at org.junit.runners.model.FrameworkMethod.invokeExplosively(FrameworkMethod.java:47)
	at org.junit.internal.runners.statements.InvokeMethod.evaluate(InvokeMethod.java:17)
	at org.junit.internal.runners.statements.FailOnTimeout$CallableStatement.call(FailOnTimeout.java:298)
	at org.junit.internal.runners.statements.FailOnTimeout$CallableStatement.call(FailOnTimeout.java:292)
	at java.util.concurrent.FutureTask.run(FutureTask.java:266)
	at java.lang.Thread.run(Thread.java:748)
85) test149(com.google.javascript.rhino.head.ScriptRuntime_ESTest)
java.lang.AssertionError
	at org.junit.Assert.fail(Assert.java:86)
	at org.junit.Assert.assertTrue(Assert.java:41)
	at org.junit.Assert.assertNotNull(Assert.java:712)
	at org.junit.Assert.assertNotNull(Assert.java:722)
	at com.google.javascript.rhino.head.ScriptRuntime_ESTest.test149(ScriptRuntime_ESTest.java:10728)
	at sun.reflect.NativeMethodAccessorImpl.invoke0(Native Method)
	at sun.reflect.NativeMethodAccessorImpl.invoke(NativeMethodAccessorImpl.java:62)
	at sun.reflect.DelegatingMethodAccessorImpl.invoke(DelegatingMethodAccessorImpl.java:43)
	at java.lang.reflect.Method.invoke(Method.java:498)
	at org.junit.runners.model.FrameworkMethod$1.runReflectiveCall(FrameworkMethod.java:50)
	at org.junit.internal.runners.model.ReflectiveCallable.run(ReflectiveCallable.java:12)
	at org.junit.runners.model.FrameworkMethod.invokeExplosively(FrameworkMethod.java:47)
	at org.junit.internal.runners.statements.InvokeMethod.evaluate(InvokeMethod.java:17)
	at org.junit.internal.runners.statements.FailOnTimeout$CallableStatement.call(FailOnTimeout.java:298)
	at org.junit.internal.runners.statements.FailOnTimeout$CallableStatement.call(FailOnTimeout.java:292)
	at java.util.concurrent.FutureTask.run(FutureTask.java:266)
	at java.lang.Thread.run(Thread.java:748)
86) test147(com.google.javascript.rhino.head.ScriptRuntime_ESTest)
java.lang.AssertionError
	at org.junit.Assert.fail(Assert.java:86)
	at org.junit.Assert.assertTrue(Assert.java:41)
	at org.junit.Assert.assertNotNull(Assert.java:712)
	at org.junit.Assert.assertNotNull(Assert.java:722)
	at com.google.javascript.rhino.head.ScriptRuntime_ESTest.test147(ScriptRuntime_ESTest.java:10570)
	at sun.reflect.NativeMethodAccessorImpl.invoke0(Native Method)
	at sun.reflect.NativeMethodAccessorImpl.invoke(NativeMethodAccessorImpl.java:62)
	at sun.reflect.DelegatingMethodAccessorImpl.invoke(DelegatingMethodAccessorImpl.java:43)
	at java.lang.reflect.Method.invoke(Method.java:498)
	at org.junit.runners.model.FrameworkMethod$1.runReflectiveCall(FrameworkMethod.java:50)
	at org.junit.internal.runners.model.ReflectiveCallable.run(ReflectiveCallable.java:12)
	at org.junit.runners.model.FrameworkMethod.invokeExplosively(FrameworkMethod.java:47)
	at org.junit.internal.runners.statements.InvokeMethod.evaluate(InvokeMethod.java:17)
	at org.junit.internal.runners.statements.FailOnTimeout$CallableStatement.call(FailOnTimeout.java:298)
	at org.junit.internal.runners.statements.FailOnTimeout$CallableStatement.call(FailOnTimeout.java:292)
	at java.util.concurrent.FutureTask.run(FutureTask.java:266)
	at java.lang.Thread.run(Thread.java:748)
87) test153(com.google.javascript.rhino.head.ScriptRuntime_ESTest)
java.lang.AssertionError
	at org.junit.Assert.fail(Assert.java:86)
	at org.junit.Assert.assertTrue(Assert.java:41)
	at org.junit.Assert.assertNotNull(Assert.java:712)
	at org.junit.Assert.assertNotNull(Assert.java:722)
	at com.google.javascript.rhino.head.ScriptRuntime_ESTest.test153(ScriptRuntime_ESTest.java:11132)
	at sun.reflect.NativeMethodAccessorImpl.invoke0(Native Method)
	at sun.reflect.NativeMethodAccessorImpl.invoke(NativeMethodAccessorImpl.java:62)
	at sun.reflect.DelegatingMethodAccessorImpl.invoke(DelegatingMethodAccessorImpl.java:43)
	at java.lang.reflect.Method.invoke(Method.java:498)
	at org.junit.runners.model.FrameworkMethod$1.runReflectiveCall(FrameworkMethod.java:50)
	at org.junit.internal.runners.model.ReflectiveCallable.run(ReflectiveCallable.java:12)
	at org.junit.runners.model.FrameworkMethod.invokeExplosively(FrameworkMethod.java:47)
	at org.junit.internal.runners.statements.InvokeMethod.evaluate(InvokeMethod.java:17)
	at org.junit.internal.runners.statements.FailOnTimeout$CallableStatement.call(FailOnTimeout.java:298)
	at org.junit.internal.runners.statements.FailOnTimeout$CallableStatement.call(FailOnTimeout.java:292)
	at java.util.concurrent.FutureTask.run(FutureTask.java:266)
	at java.lang.Thread.run(Thread.java:748)
88) test154(com.google.javascript.rhino.head.ScriptRuntime_ESTest)
java.lang.AssertionError
	at org.junit.Assert.fail(Assert.java:86)
	at org.junit.Assert.assertTrue(Assert.java:41)
	at org.junit.Assert.assertNotNull(Assert.java:712)
	at org.junit.Assert.assertNotNull(Assert.java:722)
	at com.google.javascript.rhino.head.ScriptRuntime_ESTest.test154(ScriptRuntime_ESTest.java:11223)
	at sun.reflect.NativeMethodAccessorImpl.invoke0(Native Method)
	at sun.reflect.NativeMethodAccessorImpl.invoke(NativeMethodAccessorImpl.java:62)
	at sun.reflect.DelegatingMethodAccessorImpl.invoke(DelegatingMethodAccessorImpl.java:43)
	at java.lang.reflect.Method.invoke(Method.java:498)
	at org.junit.runners.model.FrameworkMethod$1.runReflectiveCall(FrameworkMethod.java:50)
	at org.junit.internal.runners.model.ReflectiveCallable.run(ReflectiveCallable.java:12)
	at org.junit.runners.model.FrameworkMethod.invokeExplosively(FrameworkMethod.java:47)
	at org.junit.internal.runners.statements.InvokeMethod.evaluate(InvokeMethod.java:17)
	at org.junit.internal.runners.statements.FailOnTimeout$CallableStatement.call(FailOnTimeout.java:298)
	at org.junit.internal.runners.statements.FailOnTimeout$CallableStatement.call(FailOnTimeout.java:292)
	at java.util.concurrent.FutureTask.run(FutureTask.java:266)
	at java.lang.Thread.run(Thread.java:748)
89) test271(com.google.javascript.rhino.head.ScriptRuntime_ESTest)
java.lang.NullPointerException
	at com.google.javascript.rhino.head.ImporterTopLevel.initStandardObjects(ImporterTopLevel.java:106)
	at com.google.javascript.rhino.head.ImporterTopLevel.<init>(ImporterTopLevel.java:87)
	at com.google.javascript.rhino.head.ScriptRuntime_ESTest.test271(ScriptRuntime_ESTest.java:15839)
	at sun.reflect.NativeMethodAccessorImpl.invoke0(Native Method)
	at sun.reflect.NativeMethodAccessorImpl.invoke(NativeMethodAccessorImpl.java:62)
	at sun.reflect.DelegatingMethodAccessorImpl.invoke(DelegatingMethodAccessorImpl.java:43)
	at java.lang.reflect.Method.invoke(Method.java:498)
	at org.junit.runners.model.FrameworkMethod$1.runReflectiveCall(FrameworkMethod.java:50)
	at org.junit.internal.runners.model.ReflectiveCallable.run(ReflectiveCallable.java:12)
	at org.junit.runners.model.FrameworkMethod.invokeExplosively(FrameworkMethod.java:47)
	at org.junit.internal.runners.statements.InvokeMethod.evaluate(InvokeMethod.java:17)
	at org.junit.internal.runners.statements.FailOnTimeout$CallableStatement.call(FailOnTimeout.java:298)
	at org.junit.internal.runners.statements.FailOnTimeout$CallableStatement.call(FailOnTimeout.java:292)
	at java.util.concurrent.FutureTask.run(FutureTask.java:266)
	at java.lang.Thread.run(Thread.java:748)
90) test151(com.google.javascript.rhino.head.ScriptRuntime_ESTest)
org.evosuite.runtime.mock.java.lang.MockRuntimeException: No Context associated with current Thread
	at com.google.javascript.rhino.head.Context.getContext(Context.java:2332)
	at com.google.javascript.rhino.head.ScriptableObject.buildClassCtor(ScriptableObject.java:1261)
	at com.google.javascript.rhino.head.LazilyLoadedCtor.buildValue0(LazilyLoadedCtor.java:138)
	at com.google.javascript.rhino.head.LazilyLoadedCtor.access$000(LazilyLoadedCtor.java:51)
	at com.google.javascript.rhino.head.LazilyLoadedCtor$1.run(LazilyLoadedCtor.java:123)
	at java.security.AccessController.doPrivileged(Native Method)
	at com.google.javascript.rhino.head.LazilyLoadedCtor.buildValue(LazilyLoadedCtor.java:119)
	at com.google.javascript.rhino.head.LazilyLoadedCtor.init(LazilyLoadedCtor.java:99)
	at com.google.javascript.rhino.head.ScriptableObject$GetterSlot.getValue(ScriptableObject.java:345)
	at com.google.javascript.rhino.head.ScriptableObject.get(ScriptableObject.java:494)
	at com.google.javascript.rhino.head.IdScriptableObject.get(IdScriptableObject.java:361)
	at com.google.javascript.rhino.head.ImporterTopLevel.get(ImporterTopLevel.java:129)
	at com.google.javascript.rhino.head.ScriptableObject.getProperty(ScriptableObject.java:2213)
	at com.google.javascript.rhino.head.TopLevel.cacheBuiltins(TopLevel.java:114)
	at com.google.javascript.rhino.head.ScriptRuntime.initStandardObjects(ScriptRuntime.java:262)
	at com.google.javascript.rhino.head.Context.initStandardObjects(Context.java:1074)
	at com.google.javascript.rhino.head.ImporterTopLevel.initStandardObjects(ImporterTopLevel.java:106)
	at com.google.javascript.rhino.head.ImporterTopLevel.<init>(ImporterTopLevel.java:87)
	at com.google.javascript.rhino.head.ScriptRuntime_ESTest.test151(ScriptRuntime_ESTest.java:10861)
	at sun.reflect.NativeMethodAccessorImpl.invoke0(Native Method)
	at sun.reflect.NativeMethodAccessorImpl.invoke(NativeMethodAccessorImpl.java:62)
	at sun.reflect.DelegatingMethodAccessorImpl.invoke(DelegatingMethodAccessorImpl.java:43)
	at java.lang.reflect.Method.invoke(Method.java:498)
	at org.junit.runners.model.FrameworkMethod$1.runReflectiveCall(FrameworkMethod.java:50)
	at org.junit.internal.runners.model.ReflectiveCallable.run(ReflectiveCallable.java:12)
	at org.junit.runners.model.FrameworkMethod.invokeExplosively(FrameworkMethod.java:47)
	at org.junit.internal.runners.statements.InvokeMethod.evaluate(InvokeMethod.java:17)
	at org.junit.internal.runners.statements.FailOnTimeout$CallableStatement.call(FailOnTimeout.java:298)
	at org.junit.internal.runners.statements.FailOnTimeout$CallableStatement.call(FailOnTimeout.java:292)
	at java.util.concurrent.FutureTask.run(FutureTask.java:266)
	at java.lang.Thread.run(Thread.java:748)

FAILURES!!!
Tests run: 324,  Failures: 90

