JUnit version 4.12
...E.....E.E..E...E.E....E.E.E..E.E.E..E.
Time: 0.584
There were 13 failures:
1) test19(org.apache.commons.math.stat.StatUtils_ESTest)
org.evosuite.runtime.mock.java.lang.MockIllegalArgumentException: start position cannot be negative
	at org.apache.commons.math.stat.descriptive.AbstractUnivariateStatistic.test(AbstractUnivariateStatistic.java:82)
	at org.apache.commons.math.stat.descriptive.moment.Variance.evaluate(Variance.java:229)
	at org.apache.commons.math.stat.StatUtils.variance(StatUtils.java:338)
	at org.apache.commons.math.stat.StatUtils_ESTest.test19(StatUtils_ESTest.java:236)
	at sun.reflect.NativeMethodAccessorImpl.invoke0(Native Method)
	at sun.reflect.NativeMethodAccessorImpl.invoke(NativeMethodAccessorImpl.java:62)
	at sun.reflect.DelegatingMethodAccessorImpl.invoke(DelegatingMethodAccessorImpl.java:43)
	at java.lang.reflect.Method.invoke(Method.java:498)
	at org.junit.runners.model.FrameworkMethod$1.runReflectiveCall(FrameworkMethod.java:50)
	at org.junit.internal.runners.model.ReflectiveCallable.run(ReflectiveCallable.java:12)
	at org.junit.runners.model.FrameworkMethod.invokeExplosively(FrameworkMethod.java:47)
	at org.junit.internal.runners.statements.InvokeMethod.evaluate(InvokeMethod.java:17)
	at org.junit.internal.runners.statements.FailOnTimeout$CallableStatement.call(FailOnTimeout.java:298)
	at org.junit.internal.runners.statements.FailOnTimeout$CallableStatement.call(FailOnTimeout.java:292)
	at java.util.concurrent.FutureTask.run(FutureTask.java:266)
	at java.lang.Thread.run(Thread.java:748)
2) test13(org.apache.commons.math.stat.StatUtils_ESTest)
org.evosuite.runtime.mock.java.lang.MockIllegalArgumentException: begin + length > values.length
	at org.apache.commons.math.stat.descriptive.AbstractUnivariateStatistic.test(AbstractUnivariateStatistic.java:90)
	at org.apache.commons.math.stat.descriptive.summary.Sum.evaluate(Sum.java:107)
	at org.apache.commons.math.stat.StatUtils.sum(StatUtils.java:107)
	at org.apache.commons.math.stat.StatUtils_ESTest.test13(StatUtils_ESTest.java:176)
	at sun.reflect.NativeMethodAccessorImpl.invoke0(Native Method)
	at sun.reflect.NativeMethodAccessorImpl.invoke(NativeMethodAccessorImpl.java:62)
	at sun.reflect.DelegatingMethodAccessorImpl.invoke(DelegatingMethodAccessorImpl.java:43)
	at java.lang.reflect.Method.invoke(Method.java:498)
	at org.junit.runners.model.FrameworkMethod$1.runReflectiveCall(FrameworkMethod.java:50)
	at org.junit.internal.runners.model.ReflectiveCallable.run(ReflectiveCallable.java:12)
	at org.junit.runners.model.FrameworkMethod.invokeExplosively(FrameworkMethod.java:47)
	at org.junit.internal.runners.statements.InvokeMethod.evaluate(InvokeMethod.java:17)
	at org.junit.internal.runners.statements.FailOnTimeout$CallableStatement.call(FailOnTimeout.java:298)
	at org.junit.internal.runners.statements.FailOnTimeout$CallableStatement.call(FailOnTimeout.java:292)
	at java.util.concurrent.FutureTask.run(FutureTask.java:266)
	at java.lang.Thread.run(Thread.java:748)
3) test16(org.apache.commons.math.stat.StatUtils_ESTest)
org.evosuite.runtime.mock.java.lang.MockIllegalArgumentException: begin + length > values.length
	at org.apache.commons.math.stat.descriptive.AbstractUnivariateStatistic.test(AbstractUnivariateStatistic.java:90)
	at org.apache.commons.math.stat.descriptive.summary.SumOfLogs.evaluate(SumOfLogs.java:118)
	at org.apache.commons.math.stat.StatUtils.sumLog(StatUtils.java:215)
	at org.apache.commons.math.stat.StatUtils_ESTest.test16(StatUtils_ESTest.java:206)
	at sun.reflect.NativeMethodAccessorImpl.invoke0(Native Method)
	at sun.reflect.NativeMethodAccessorImpl.invoke(NativeMethodAccessorImpl.java:62)
	at sun.reflect.DelegatingMethodAccessorImpl.invoke(DelegatingMethodAccessorImpl.java:43)
	at java.lang.reflect.Method.invoke(Method.java:498)
	at org.junit.runners.model.FrameworkMethod$1.runReflectiveCall(FrameworkMethod.java:50)
	at org.junit.internal.runners.model.ReflectiveCallable.run(ReflectiveCallable.java:12)
	at org.junit.runners.model.FrameworkMethod.invokeExplosively(FrameworkMethod.java:47)
	at org.junit.internal.runners.statements.InvokeMethod.evaluate(InvokeMethod.java:17)
	at org.junit.internal.runners.statements.FailOnTimeout$CallableStatement.call(FailOnTimeout.java:298)
	at org.junit.internal.runners.statements.FailOnTimeout$CallableStatement.call(FailOnTimeout.java:292)
	at java.util.concurrent.FutureTask.run(FutureTask.java:266)
	at java.lang.Thread.run(Thread.java:748)
4) test07(org.apache.commons.math.stat.StatUtils_ESTest)
org.evosuite.runtime.mock.java.lang.MockIllegalArgumentException: begin + length > values.length
	at org.apache.commons.math.stat.descriptive.AbstractUnivariateStatistic.test(AbstractUnivariateStatistic.java:90)
	at org.apache.commons.math.stat.descriptive.rank.Max.evaluate(Max.java:113)
	at org.apache.commons.math.stat.StatUtils.max(StatUtils.java:443)
	at org.apache.commons.math.stat.StatUtils_ESTest.test07(StatUtils_ESTest.java:116)
	at sun.reflect.NativeMethodAccessorImpl.invoke0(Native Method)
	at sun.reflect.NativeMethodAccessorImpl.invoke(NativeMethodAccessorImpl.java:62)
	at sun.reflect.DelegatingMethodAccessorImpl.invoke(DelegatingMethodAccessorImpl.java:43)
	at java.lang.reflect.Method.invoke(Method.java:498)
	at org.junit.runners.model.FrameworkMethod$1.runReflectiveCall(FrameworkMethod.java:50)
	at org.junit.internal.runners.model.ReflectiveCallable.run(ReflectiveCallable.java:12)
	at org.junit.runners.model.FrameworkMethod.invokeExplosively(FrameworkMethod.java:47)
	at org.junit.internal.runners.statements.InvokeMethod.evaluate(InvokeMethod.java:17)
	at org.junit.internal.runners.statements.FailOnTimeout$CallableStatement.call(FailOnTimeout.java:298)
	at org.junit.internal.runners.statements.FailOnTimeout$CallableStatement.call(FailOnTimeout.java:292)
	at java.util.concurrent.FutureTask.run(FutureTask.java:266)
	at java.lang.Thread.run(Thread.java:748)
5) test08(org.apache.commons.math.stat.StatUtils_ESTest)
org.evosuite.runtime.mock.java.lang.MockIllegalArgumentException: begin + length > values.length
	at org.apache.commons.math.stat.descriptive.AbstractUnivariateStatistic.test(AbstractUnivariateStatistic.java:90)
	at org.apache.commons.math.stat.descriptive.summary.Product.evaluate(Product.java:107)
	at org.apache.commons.math.stat.StatUtils.product(StatUtils.java:174)
	at org.apache.commons.math.stat.StatUtils_ESTest.test08(StatUtils_ESTest.java:132)
	at sun.reflect.NativeMethodAccessorImpl.invoke0(Native Method)
	at sun.reflect.NativeMethodAccessorImpl.invoke(NativeMethodAccessorImpl.java:62)
	at sun.reflect.DelegatingMethodAccessorImpl.invoke(DelegatingMethodAccessorImpl.java:43)
	at java.lang.reflect.Method.invoke(Method.java:498)
	at org.junit.runners.model.FrameworkMethod$1.runReflectiveCall(FrameworkMethod.java:50)
	at org.junit.internal.runners.model.ReflectiveCallable.run(ReflectiveCallable.java:12)
	at org.junit.runners.model.FrameworkMethod.invokeExplosively(FrameworkMethod.java:47)
	at org.junit.internal.runners.statements.InvokeMethod.evaluate(InvokeMethod.java:17)
	at org.junit.internal.runners.statements.FailOnTimeout$CallableStatement.call(FailOnTimeout.java:298)
	at org.junit.internal.runners.statements.FailOnTimeout$CallableStatement.call(FailOnTimeout.java:292)
	at java.util.concurrent.FutureTask.run(FutureTask.java:266)
	at java.lang.Thread.run(Thread.java:748)
6) test21(org.apache.commons.math.stat.StatUtils_ESTest)
org.evosuite.runtime.mock.java.lang.MockIllegalArgumentException: invalid quantile value: -979.86243951
	at org.apache.commons.math.stat.descriptive.rank.Percentile.evaluate(Percentile.java:188)
	at org.apache.commons.math.stat.descriptive.rank.Percentile.evaluate(Percentile.java:121)
	at org.apache.commons.math.stat.StatUtils.percentile(StatUtils.java:518)
	at org.apache.commons.math.stat.StatUtils_ESTest.test21(StatUtils_ESTest.java:259)
	at sun.reflect.NativeMethodAccessorImpl.invoke0(Native Method)
	at sun.reflect.NativeMethodAccessorImpl.invoke(NativeMethodAccessorImpl.java:62)
	at sun.reflect.DelegatingMethodAccessorImpl.invoke(DelegatingMethodAccessorImpl.java:43)
	at java.lang.reflect.Method.invoke(Method.java:498)
	at org.junit.runners.model.FrameworkMethod$1.runReflectiveCall(FrameworkMethod.java:50)
	at org.junit.internal.runners.model.ReflectiveCallable.run(ReflectiveCallable.java:12)
	at org.junit.runners.model.FrameworkMethod.invokeExplosively(FrameworkMethod.java:47)
	at org.junit.internal.runners.statements.InvokeMethod.evaluate(InvokeMethod.java:17)
	at org.junit.internal.runners.statements.FailOnTimeout$CallableStatement.call(FailOnTimeout.java:298)
	at org.junit.internal.runners.statements.FailOnTimeout$CallableStatement.call(FailOnTimeout.java:292)
	at java.util.concurrent.FutureTask.run(FutureTask.java:266)
	at java.lang.Thread.run(Thread.java:748)
7) test00(org.apache.commons.math.stat.StatUtils_ESTest)
org.evosuite.runtime.mock.java.lang.MockIllegalArgumentException: Input array lengths must be equal and at least 2.
	at org.apache.commons.math.stat.StatUtils.varianceDifference(StatUtils.java:611)
	at org.apache.commons.math.stat.StatUtils_ESTest.test00(StatUtils_ESTest.java:24)
	at sun.reflect.NativeMethodAccessorImpl.invoke0(Native Method)
	at sun.reflect.NativeMethodAccessorImpl.invoke(NativeMethodAccessorImpl.java:62)
	at sun.reflect.DelegatingMethodAccessorImpl.invoke(DelegatingMethodAccessorImpl.java:43)
	at java.lang.reflect.Method.invoke(Method.java:498)
	at org.junit.runners.model.FrameworkMethod$1.runReflectiveCall(FrameworkMethod.java:50)
	at org.junit.internal.runners.model.ReflectiveCallable.run(ReflectiveCallable.java:12)
	at org.junit.runners.model.FrameworkMethod.invokeExplosively(FrameworkMethod.java:47)
	at org.junit.internal.runners.statements.InvokeMethod.evaluate(InvokeMethod.java:17)
	at org.junit.internal.runners.statements.FailOnTimeout$CallableStatement.call(FailOnTimeout.java:298)
	at org.junit.internal.runners.statements.FailOnTimeout$CallableStatement.call(FailOnTimeout.java:292)
	at java.util.concurrent.FutureTask.run(FutureTask.java:266)
	at java.lang.Thread.run(Thread.java:748)
8) test22(org.apache.commons.math.stat.StatUtils_ESTest)
org.evosuite.runtime.mock.java.lang.MockIllegalArgumentException: start position cannot be negative
	at org.apache.commons.math.stat.descriptive.AbstractUnivariateStatistic.test(AbstractUnivariateStatistic.java:82)
	at org.apache.commons.math.stat.descriptive.summary.SumOfLogs.evaluate(SumOfLogs.java:118)
	at org.apache.commons.math.stat.descriptive.moment.GeometricMean.evaluate(GeometricMean.java:112)
	at org.apache.commons.math.stat.StatUtils.geometricMean(StatUtils.java:293)
	at org.apache.commons.math.stat.StatUtils_ESTest.test22(StatUtils_ESTest.java:275)
	at sun.reflect.NativeMethodAccessorImpl.invoke0(Native Method)
	at sun.reflect.NativeMethodAccessorImpl.invoke(NativeMethodAccessorImpl.java:62)
	at sun.reflect.DelegatingMethodAccessorImpl.invoke(DelegatingMethodAccessorImpl.java:43)
	at java.lang.reflect.Method.invoke(Method.java:498)
	at org.junit.runners.model.FrameworkMethod$1.runReflectiveCall(FrameworkMethod.java:50)
	at org.junit.internal.runners.model.ReflectiveCallable.run(ReflectiveCallable.java:12)
	at org.junit.runners.model.FrameworkMethod.invokeExplosively(FrameworkMethod.java:47)
	at org.junit.internal.runners.statements.InvokeMethod.evaluate(InvokeMethod.java:17)
	at org.junit.internal.runners.statements.FailOnTimeout$CallableStatement.call(FailOnTimeout.java:298)
	at org.junit.internal.runners.statements.FailOnTimeout$CallableStatement.call(FailOnTimeout.java:292)
	at java.util.concurrent.FutureTask.run(FutureTask.java:266)
	at java.lang.Thread.run(Thread.java:748)
9) test03(org.apache.commons.math.stat.StatUtils_ESTest)
org.evosuite.runtime.mock.java.lang.MockIllegalArgumentException: Input arrays must have the same (positive) length.
	at org.apache.commons.math.stat.StatUtils.sumDifference(StatUtils.java:567)
	at org.apache.commons.math.stat.StatUtils_ESTest.test03(StatUtils_ESTest.java:61)
	at sun.reflect.NativeMethodAccessorImpl.invoke0(Native Method)
	at sun.reflect.NativeMethodAccessorImpl.invoke(NativeMethodAccessorImpl.java:62)
	at sun.reflect.DelegatingMethodAccessorImpl.invoke(DelegatingMethodAccessorImpl.java:43)
	at java.lang.reflect.Method.invoke(Method.java:498)
	at org.junit.runners.model.FrameworkMethod$1.runReflectiveCall(FrameworkMethod.java:50)
	at org.junit.internal.runners.model.ReflectiveCallable.run(ReflectiveCallable.java:12)
	at org.junit.runners.model.FrameworkMethod.invokeExplosively(FrameworkMethod.java:47)
	at org.junit.internal.runners.statements.InvokeMethod.evaluate(InvokeMethod.java:17)
	at org.junit.internal.runners.statements.FailOnTimeout$CallableStatement.call(FailOnTimeout.java:298)
	at org.junit.internal.runners.statements.FailOnTimeout$CallableStatement.call(FailOnTimeout.java:292)
	at java.util.concurrent.FutureTask.run(FutureTask.java:266)
	at java.lang.Thread.run(Thread.java:748)
10) test02(org.apache.commons.math.stat.StatUtils_ESTest)
org.evosuite.runtime.mock.java.lang.MockIllegalArgumentException: Input array lengths must be equal and at least 2.
	at org.apache.commons.math.stat.StatUtils.varianceDifference(StatUtils.java:611)
	at org.apache.commons.math.stat.StatUtils_ESTest.test02(StatUtils_ESTest.java:46)
	at sun.reflect.NativeMethodAccessorImpl.invoke0(Native Method)
	at sun.reflect.NativeMethodAccessorImpl.invoke(NativeMethodAccessorImpl.java:62)
	at sun.reflect.DelegatingMethodAccessorImpl.invoke(DelegatingMethodAccessorImpl.java:43)
	at java.lang.reflect.Method.invoke(Method.java:498)
	at org.junit.runners.model.FrameworkMethod$1.runReflectiveCall(FrameworkMethod.java:50)
	at org.junit.internal.runners.model.ReflectiveCallable.run(ReflectiveCallable.java:12)
	at org.junit.runners.model.FrameworkMethod.invokeExplosively(FrameworkMethod.java:47)
	at org.junit.internal.runners.statements.InvokeMethod.evaluate(InvokeMethod.java:17)
	at org.junit.internal.runners.statements.FailOnTimeout$CallableStatement.call(FailOnTimeout.java:298)
	at org.junit.internal.runners.statements.FailOnTimeout$CallableStatement.call(FailOnTimeout.java:292)
	at java.util.concurrent.FutureTask.run(FutureTask.java:266)
	at java.lang.Thread.run(Thread.java:748)
11) test24(org.apache.commons.math.stat.StatUtils_ESTest)
org.evosuite.runtime.mock.java.lang.MockIllegalArgumentException: start position cannot be negative
	at org.apache.commons.math.stat.descriptive.AbstractUnivariateStatistic.test(AbstractUnivariateStatistic.java:82)
	at org.apache.commons.math.stat.descriptive.rank.Percentile.evaluate(Percentile.java:185)
	at org.apache.commons.math.stat.StatUtils.percentile(StatUtils.java:550)
	at org.apache.commons.math.stat.StatUtils_ESTest.test24(StatUtils_ESTest.java:298)
	at sun.reflect.NativeMethodAccessorImpl.invoke0(Native Method)
	at sun.reflect.NativeMethodAccessorImpl.invoke(NativeMethodAccessorImpl.java:62)
	at sun.reflect.DelegatingMethodAccessorImpl.invoke(DelegatingMethodAccessorImpl.java:43)
	at java.lang.reflect.Method.invoke(Method.java:498)
	at org.junit.runners.model.FrameworkMethod$1.runReflectiveCall(FrameworkMethod.java:50)
	at org.junit.internal.runners.model.ReflectiveCallable.run(ReflectiveCallable.java:12)
	at org.junit.runners.model.FrameworkMethod.invokeExplosively(FrameworkMethod.java:47)
	at org.junit.internal.runners.statements.InvokeMethod.evaluate(InvokeMethod.java:17)
	at org.junit.internal.runners.statements.FailOnTimeout$CallableStatement.call(FailOnTimeout.java:298)
	at org.junit.internal.runners.statements.FailOnTimeout$CallableStatement.call(FailOnTimeout.java:292)
	at java.util.concurrent.FutureTask.run(FutureTask.java:266)
	at java.lang.Thread.run(Thread.java:748)
12) test05(org.apache.commons.math.stat.StatUtils_ESTest)
org.evosuite.runtime.mock.java.lang.MockIllegalArgumentException: begin + length > values.length
	at org.apache.commons.math.stat.descriptive.AbstractUnivariateStatistic.test(AbstractUnivariateStatistic.java:90)
	at org.apache.commons.math.stat.descriptive.moment.Mean.evaluate(Mean.java:140)
	at org.apache.commons.math.stat.StatUtils.mean(StatUtils.java:254)
	at org.apache.commons.math.stat.StatUtils_ESTest.test05(StatUtils_ESTest.java:93)
	at sun.reflect.NativeMethodAccessorImpl.invoke0(Native Method)
	at sun.reflect.NativeMethodAccessorImpl.invoke(NativeMethodAccessorImpl.java:62)
	at sun.reflect.DelegatingMethodAccessorImpl.invoke(DelegatingMethodAccessorImpl.java:43)
	at java.lang.reflect.Method.invoke(Method.java:498)
	at org.junit.runners.model.FrameworkMethod$1.runReflectiveCall(FrameworkMethod.java:50)
	at org.junit.internal.runners.model.ReflectiveCallable.run(ReflectiveCallable.java:12)
	at org.junit.runners.model.FrameworkMethod.invokeExplosively(FrameworkMethod.java:47)
	at org.junit.internal.runners.statements.InvokeMethod.evaluate(InvokeMethod.java:17)
	at org.junit.internal.runners.statements.FailOnTimeout$CallableStatement.call(FailOnTimeout.java:298)
	at org.junit.internal.runners.statements.FailOnTimeout$CallableStatement.call(FailOnTimeout.java:292)
	at java.util.concurrent.FutureTask.run(FutureTask.java:266)
	at java.lang.Thread.run(Thread.java:748)
13) test04(org.apache.commons.math.stat.StatUtils_ESTest)
org.evosuite.runtime.mock.java.lang.MockIllegalArgumentException: Input arrays must have the same (positive) length.
	at org.apache.commons.math.stat.StatUtils.sumDifference(StatUtils.java:567)
	at org.apache.commons.math.stat.StatUtils.meanDifference(StatUtils.java:589)
	at org.apache.commons.math.stat.StatUtils_ESTest.test04(StatUtils_ESTest.java:77)
	at sun.reflect.NativeMethodAccessorImpl.invoke0(Native Method)
	at sun.reflect.NativeMethodAccessorImpl.invoke(NativeMethodAccessorImpl.java:62)
	at sun.reflect.DelegatingMethodAccessorImpl.invoke(DelegatingMethodAccessorImpl.java:43)
	at java.lang.reflect.Method.invoke(Method.java:498)
	at org.junit.runners.model.FrameworkMethod$1.runReflectiveCall(FrameworkMethod.java:50)
	at org.junit.internal.runners.model.ReflectiveCallable.run(ReflectiveCallable.java:12)
	at org.junit.runners.model.FrameworkMethod.invokeExplosively(FrameworkMethod.java:47)
	at org.junit.internal.runners.statements.InvokeMethod.evaluate(InvokeMethod.java:17)
	at org.junit.internal.runners.statements.FailOnTimeout$CallableStatement.call(FailOnTimeout.java:298)
	at org.junit.internal.runners.statements.FailOnTimeout$CallableStatement.call(FailOnTimeout.java:292)
	at java.util.concurrent.FutureTask.run(FutureTask.java:266)
	at java.lang.Thread.run(Thread.java:748)

FAILURES!!!
Tests run: 28,  Failures: 13

