JUnit version 4.12
.....E.E.E.....
Time: 1.333
There were 3 failures:
1) test00(org.apache.commons.math.ode.SwitchingFunctionsHandler_ESTest)
org.evosuite.runtime.mock.java.lang.MockIllegalArgumentException: Function values at endpoints do not have different signs.  Endpoints: [0.0,NaN]  Values: [0.0,0.0]
	at org.apache.commons.math.analysis.BrentSolver.solve(BrentSolver.java:136)
	at org.apache.commons.math.ode.SwitchState.evaluateStep(SwitchState.java:177)
	at org.apache.commons.math.ode.SwitchingFunctionsHandler.evaluateStep(SwitchingFunctionsHandler.java:109)
	at org.apache.commons.math.ode.SwitchingFunctionsHandler_ESTest.test00(SwitchingFunctionsHandler_ESTest.java:38)
	at sun.reflect.NativeMethodAccessorImpl.invoke0(Native Method)
	at sun.reflect.NativeMethodAccessorImpl.invoke(NativeMethodAccessorImpl.java:62)
	at sun.reflect.DelegatingMethodAccessorImpl.invoke(DelegatingMethodAccessorImpl.java:43)
	at java.lang.reflect.Method.invoke(Method.java:498)
	at org.junit.runners.model.FrameworkMethod$1.runReflectiveCall(FrameworkMethod.java:50)
	at org.junit.internal.runners.model.ReflectiveCallable.run(ReflectiveCallable.java:12)
	at org.junit.runners.model.FrameworkMethod.invokeExplosively(FrameworkMethod.java:47)
	at org.junit.internal.runners.statements.InvokeMethod.evaluate(InvokeMethod.java:17)
	at org.junit.internal.runners.statements.FailOnTimeout$CallableStatement.call(FailOnTimeout.java:298)
	at org.junit.internal.runners.statements.FailOnTimeout$CallableStatement.call(FailOnTimeout.java:292)
	at java.util.concurrent.FutureTask.run(FutureTask.java:266)
	at java.lang.Thread.run(Thread.java:748)
2) test11(org.apache.commons.math.ode.SwitchingFunctionsHandler_ESTest)
org.evosuite.runtime.mock.java.lang.MockIllegalArgumentException: Function values at endpoints do not have different signs.  Endpoints: [NaN,NaN]  Values: [0.0,0.0]
	at org.apache.commons.math.analysis.BrentSolver.solve(BrentSolver.java:136)
	at org.apache.commons.math.ode.SwitchState.evaluateStep(SwitchState.java:177)
	at org.apache.commons.math.ode.SwitchingFunctionsHandler.evaluateStep(SwitchingFunctionsHandler.java:109)
	at org.apache.commons.math.ode.SwitchingFunctionsHandler_ESTest.test11(SwitchingFunctionsHandler_ESTest.java:219)
	at sun.reflect.NativeMethodAccessorImpl.invoke0(Native Method)
	at sun.reflect.NativeMethodAccessorImpl.invoke(NativeMethodAccessorImpl.java:62)
	at sun.reflect.DelegatingMethodAccessorImpl.invoke(DelegatingMethodAccessorImpl.java:43)
	at java.lang.reflect.Method.invoke(Method.java:498)
	at org.junit.runners.model.FrameworkMethod$1.runReflectiveCall(FrameworkMethod.java:50)
	at org.junit.internal.runners.model.ReflectiveCallable.run(ReflectiveCallable.java:12)
	at org.junit.runners.model.FrameworkMethod.invokeExplosively(FrameworkMethod.java:47)
	at org.junit.internal.runners.statements.InvokeMethod.evaluate(InvokeMethod.java:17)
	at org.junit.internal.runners.statements.FailOnTimeout$CallableStatement.call(FailOnTimeout.java:298)
	at org.junit.internal.runners.statements.FailOnTimeout$CallableStatement.call(FailOnTimeout.java:292)
	at java.util.concurrent.FutureTask.run(FutureTask.java:266)
	at java.lang.Thread.run(Thread.java:748)
3) test01(org.apache.commons.math.ode.SwitchingFunctionsHandler_ESTest)
org.evosuite.runtime.mock.java.lang.MockIllegalArgumentException: Function values at endpoints do not have different signs.  Endpoints: [0.0,NaN]  Values: [0.0,0.0]
	at org.apache.commons.math.analysis.BrentSolver.solve(BrentSolver.java:136)
	at org.apache.commons.math.ode.SwitchState.evaluateStep(SwitchState.java:177)
	at org.apache.commons.math.ode.SwitchingFunctionsHandler.evaluateStep(SwitchingFunctionsHandler.java:109)
	at org.apache.commons.math.ode.SwitchingFunctionsHandler_ESTest.test01(SwitchingFunctionsHandler_ESTest.java:63)
	at sun.reflect.NativeMethodAccessorImpl.invoke0(Native Method)
	at sun.reflect.NativeMethodAccessorImpl.invoke(NativeMethodAccessorImpl.java:62)
	at sun.reflect.DelegatingMethodAccessorImpl.invoke(DelegatingMethodAccessorImpl.java:43)
	at java.lang.reflect.Method.invoke(Method.java:498)
	at org.junit.runners.model.FrameworkMethod$1.runReflectiveCall(FrameworkMethod.java:50)
	at org.junit.internal.runners.model.ReflectiveCallable.run(ReflectiveCallable.java:12)
	at org.junit.runners.model.FrameworkMethod.invokeExplosively(FrameworkMethod.java:47)
	at org.junit.internal.runners.statements.InvokeMethod.evaluate(InvokeMethod.java:17)
	at org.junit.internal.runners.statements.FailOnTimeout$CallableStatement.call(FailOnTimeout.java:298)
	at org.junit.internal.runners.statements.FailOnTimeout$CallableStatement.call(FailOnTimeout.java:292)
	at java.util.concurrent.FutureTask.run(FutureTask.java:266)
	at java.lang.Thread.run(Thread.java:748)

FAILURES!!!
Tests run: 12,  Failures: 3

