JUnit version 4.12
.......E.........
Time: 2.07
There was 1 failure:
1) test04(org.apache.commons.math.ode.GraggBulirschStoerIntegrator_ESTest)
java.lang.ArrayIndexOutOfBoundsException: 0
	at org.apache.commons.math.ode.GraggBulirschStoerIntegrator.integrate(GraggBulirschStoerIntegrator.java:579)
	at org.apache.commons.math.ode.GraggBulirschStoerIntegrator_ESTest.test04(GraggBulirschStoerIntegrator_ESTest.java:86)
	at sun.reflect.NativeMethodAccessorImpl.invoke0(Native Method)
	at sun.reflect.NativeMethodAccessorImpl.invoke(NativeMethodAccessorImpl.java:62)
	at sun.reflect.DelegatingMethodAccessorImpl.invoke(DelegatingMethodAccessorImpl.java:43)
	at java.lang.reflect.Method.invoke(Method.java:498)
	at org.junit.runners.model.FrameworkMethod$1.runReflectiveCall(FrameworkMethod.java:50)
	at org.junit.internal.runners.model.ReflectiveCallable.run(ReflectiveCallable.java:12)
	at org.junit.runners.model.FrameworkMethod.invokeExplosively(FrameworkMethod.java:47)
	at org.junit.internal.runners.statements.InvokeMethod.evaluate(InvokeMethod.java:17)
	at org.junit.internal.runners.statements.FailOnTimeout$CallableStatement.call(FailOnTimeout.java:298)
	at org.junit.internal.runners.statements.FailOnTimeout$CallableStatement.call(FailOnTimeout.java:292)
	at java.util.concurrent.FutureTask.run(FutureTask.java:266)
	at java.lang.Thread.run(Thread.java:748)

FAILURES!!!
Tests run: 16,  Failures: 1

