JUnit version 4.12
.E.E.E.E.E..E..E..E..E..E.E.E.E.E.E..E.E.E......E.....E.E..E.E.
Time: 0.859
There were 23 failures:
1) test30(org.apache.commons.math.stat.descriptive.DescriptiveStatistics_ESTest)
org.evosuite.runtime.mock.java.lang.MockArrayIndexOutOfBoundsException: Cannot set an element at a negative index
	at org.apache.commons.math.util.ResizableDoubleArray.setElement(ResizableDoubleArray.java:574)
	at org.apache.commons.math.stat.descriptive.DescriptiveStatistics_ESTest.test30(DescriptiveStatistics_ESTest.java:468)
	at sun.reflect.NativeMethodAccessorImpl.invoke0(Native Method)
	at sun.reflect.NativeMethodAccessorImpl.invoke(NativeMethodAccessorImpl.java:62)
	at sun.reflect.DelegatingMethodAccessorImpl.invoke(DelegatingMethodAccessorImpl.java:43)
	at java.lang.reflect.Method.invoke(Method.java:498)
	at org.junit.runners.model.FrameworkMethod$1.runReflectiveCall(FrameworkMethod.java:50)
	at org.junit.internal.runners.model.ReflectiveCallable.run(ReflectiveCallable.java:12)
	at org.junit.runners.model.FrameworkMethod.invokeExplosively(FrameworkMethod.java:47)
	at org.junit.internal.runners.statements.InvokeMethod.evaluate(InvokeMethod.java:17)
	at org.junit.internal.runners.statements.FailOnTimeout$CallableStatement.call(FailOnTimeout.java:298)
	at org.junit.internal.runners.statements.FailOnTimeout$CallableStatement.call(FailOnTimeout.java:292)
	at java.util.concurrent.FutureTask.run(FutureTask.java:266)
	at java.lang.Thread.run(Thread.java:748)
2) test18(org.apache.commons.math.stat.descriptive.DescriptiveStatistics_ESTest)
org.evosuite.runtime.mock.java.lang.MockArrayIndexOutOfBoundsException: The index specified: 0 is larger than the current number of elements
	at org.apache.commons.math.util.ResizableDoubleArray.getElement(ResizableDoubleArray.java:460)
	at org.apache.commons.math.stat.descriptive.DescriptiveStatistics.getElement(DescriptiveStatistics.java:361)
	at org.apache.commons.math.stat.descriptive.DescriptiveStatistics_ESTest.test18(DescriptiveStatistics_ESTest.java:289)
	at sun.reflect.NativeMethodAccessorImpl.invoke0(Native Method)
	at sun.reflect.NativeMethodAccessorImpl.invoke(NativeMethodAccessorImpl.java:62)
	at sun.reflect.DelegatingMethodAccessorImpl.invoke(DelegatingMethodAccessorImpl.java:43)
	at java.lang.reflect.Method.invoke(Method.java:498)
	at org.junit.runners.model.FrameworkMethod$1.runReflectiveCall(FrameworkMethod.java:50)
	at org.junit.internal.runners.model.ReflectiveCallable.run(ReflectiveCallable.java:12)
	at org.junit.runners.model.FrameworkMethod.invokeExplosively(FrameworkMethod.java:47)
	at org.junit.internal.runners.statements.InvokeMethod.evaluate(InvokeMethod.java:17)
	at org.junit.internal.runners.statements.FailOnTimeout$CallableStatement.call(FailOnTimeout.java:298)
	at org.junit.internal.runners.statements.FailOnTimeout$CallableStatement.call(FailOnTimeout.java:292)
	at java.util.concurrent.FutureTask.run(FutureTask.java:266)
	at java.lang.Thread.run(Thread.java:748)
3) test17(org.apache.commons.math.stat.descriptive.DescriptiveStatistics_ESTest)
org.evosuite.runtime.mock.java.lang.MockIllegalArgumentException: Number of elements must be zero or a positive integer
	at org.apache.commons.math.util.ResizableDoubleArray.setNumElements(ResizableDoubleArray.java:651)
	at org.apache.commons.math.stat.descriptive.DescriptiveStatistics_ESTest.test17(DescriptiveStatistics_ESTest.java:271)
	at sun.reflect.NativeMethodAccessorImpl.invoke0(Native Method)
	at sun.reflect.NativeMethodAccessorImpl.invoke(NativeMethodAccessorImpl.java:62)
	at sun.reflect.DelegatingMethodAccessorImpl.invoke(DelegatingMethodAccessorImpl.java:43)
	at java.lang.reflect.Method.invoke(Method.java:498)
	at org.junit.runners.model.FrameworkMethod$1.runReflectiveCall(FrameworkMethod.java:50)
	at org.junit.internal.runners.model.ReflectiveCallable.run(ReflectiveCallable.java:12)
	at org.junit.runners.model.FrameworkMethod.invokeExplosively(FrameworkMethod.java:47)
	at org.junit.internal.runners.statements.InvokeMethod.evaluate(InvokeMethod.java:17)
	at org.junit.internal.runners.statements.FailOnTimeout$CallableStatement.call(FailOnTimeout.java:298)
	at org.junit.internal.runners.statements.FailOnTimeout$CallableStatement.call(FailOnTimeout.java:292)
	at java.util.concurrent.FutureTask.run(FutureTask.java:266)
	at java.lang.Thread.run(Thread.java:748)
4) test39(org.apache.commons.math.stat.descriptive.DescriptiveStatistics_ESTest)
org.evosuite.runtime.mock.java.lang.MockArrayIndexOutOfBoundsException: The index specified: 1 is larger than the current number of elements
	at org.apache.commons.math.util.ResizableDoubleArray.getElement(ResizableDoubleArray.java:460)
	at org.apache.commons.math.stat.descriptive.DescriptiveStatistics.getElement(DescriptiveStatistics.java:361)
	at org.apache.commons.math.stat.descriptive.DescriptiveStatistics_ESTest.test39(DescriptiveStatistics_ESTest.java:602)
	at sun.reflect.NativeMethodAccessorImpl.invoke0(Native Method)
	at sun.reflect.NativeMethodAccessorImpl.invoke(NativeMethodAccessorImpl.java:62)
	at sun.reflect.DelegatingMethodAccessorImpl.invoke(DelegatingMethodAccessorImpl.java:43)
	at java.lang.reflect.Method.invoke(Method.java:498)
	at org.junit.runners.model.FrameworkMethod$1.runReflectiveCall(FrameworkMethod.java:50)
	at org.junit.internal.runners.model.ReflectiveCallable.run(ReflectiveCallable.java:12)
	at org.junit.runners.model.FrameworkMethod.invokeExplosively(FrameworkMethod.java:47)
	at org.junit.internal.runners.statements.InvokeMethod.evaluate(InvokeMethod.java:17)
	at org.junit.internal.runners.statements.FailOnTimeout$CallableStatement.call(FailOnTimeout.java:298)
	at org.junit.internal.runners.statements.FailOnTimeout$CallableStatement.call(FailOnTimeout.java:292)
	at java.util.concurrent.FutureTask.run(FutureTask.java:266)
	at java.lang.Thread.run(Thread.java:748)
5) test19(org.apache.commons.math.stat.descriptive.DescriptiveStatistics_ESTest)
org.evosuite.runtime.mock.java.lang.MockArrayIndexOutOfBoundsException: Elements cannot be retrieved from a negative array index
	at org.apache.commons.math.util.ResizableDoubleArray.getElement(ResizableDoubleArray.java:466)
	at org.apache.commons.math.stat.descriptive.DescriptiveStatistics.getElement(DescriptiveStatistics.java:361)
	at org.apache.commons.math.stat.descriptive.DescriptiveStatistics_ESTest.test19(DescriptiveStatistics_ESTest.java:307)
	at sun.reflect.NativeMethodAccessorImpl.invoke0(Native Method)
	at sun.reflect.NativeMethodAccessorImpl.invoke(NativeMethodAccessorImpl.java:62)
	at sun.reflect.DelegatingMethodAccessorImpl.invoke(DelegatingMethodAccessorImpl.java:43)
	at java.lang.reflect.Method.invoke(Method.java:498)
	at org.junit.runners.model.FrameworkMethod$1.runReflectiveCall(FrameworkMethod.java:50)
	at org.junit.internal.runners.model.ReflectiveCallable.run(ReflectiveCallable.java:12)
	at org.junit.runners.model.FrameworkMethod.invokeExplosively(FrameworkMethod.java:47)
	at org.junit.internal.runners.statements.InvokeMethod.evaluate(InvokeMethod.java:17)
	at org.junit.internal.runners.statements.FailOnTimeout$CallableStatement.call(FailOnTimeout.java:298)
	at org.junit.internal.runners.statements.FailOnTimeout$CallableStatement.call(FailOnTimeout.java:292)
	at java.util.concurrent.FutureTask.run(FutureTask.java:266)
	at java.lang.Thread.run(Thread.java:748)
6) test32(org.apache.commons.math.stat.descriptive.DescriptiveStatistics_ESTest)
org.evosuite.runtime.mock.java.lang.MockArrayIndexOutOfBoundsException: The index specified: 4 is larger than the current number of elements
	at org.apache.commons.math.util.ResizableDoubleArray.getElement(ResizableDoubleArray.java:460)
	at org.apache.commons.math.stat.descriptive.DescriptiveStatistics.getElement(DescriptiveStatistics.java:361)
	at org.apache.commons.math.stat.descriptive.DescriptiveStatistics_ESTest.test32(DescriptiveStatistics_ESTest.java:499)
	at sun.reflect.NativeMethodAccessorImpl.invoke0(Native Method)
	at sun.reflect.NativeMethodAccessorImpl.invoke(NativeMethodAccessorImpl.java:62)
	at sun.reflect.DelegatingMethodAccessorImpl.invoke(DelegatingMethodAccessorImpl.java:43)
	at java.lang.reflect.Method.invoke(Method.java:498)
	at org.junit.runners.model.FrameworkMethod$1.runReflectiveCall(FrameworkMethod.java:50)
	at org.junit.internal.runners.model.ReflectiveCallable.run(ReflectiveCallable.java:12)
	at org.junit.runners.model.FrameworkMethod.invokeExplosively(FrameworkMethod.java:47)
	at org.junit.internal.runners.statements.InvokeMethod.evaluate(InvokeMethod.java:17)
	at org.junit.internal.runners.statements.FailOnTimeout$CallableStatement.call(FailOnTimeout.java:298)
	at org.junit.internal.runners.statements.FailOnTimeout$CallableStatement.call(FailOnTimeout.java:292)
	at java.util.concurrent.FutureTask.run(FutureTask.java:266)
	at java.lang.Thread.run(Thread.java:748)
7) test12(org.apache.commons.math.stat.descriptive.DescriptiveStatistics_ESTest)
org.evosuite.runtime.mock.java.lang.MockArrayIndexOutOfBoundsException: The index specified: 2068 is larger than the current number of elements
	at org.apache.commons.math.util.ResizableDoubleArray.getElement(ResizableDoubleArray.java:460)
	at org.apache.commons.math.stat.descriptive.DescriptiveStatistics.getElement(DescriptiveStatistics.java:361)
	at org.apache.commons.math.stat.descriptive.DescriptiveStatistics_ESTest.test12(DescriptiveStatistics_ESTest.java:180)
	at sun.reflect.NativeMethodAccessorImpl.invoke0(Native Method)
	at sun.reflect.NativeMethodAccessorImpl.invoke(NativeMethodAccessorImpl.java:62)
	at sun.reflect.DelegatingMethodAccessorImpl.invoke(DelegatingMethodAccessorImpl.java:43)
	at java.lang.reflect.Method.invoke(Method.java:498)
	at org.junit.runners.model.FrameworkMethod$1.runReflectiveCall(FrameworkMethod.java:50)
	at org.junit.internal.runners.model.ReflectiveCallable.run(ReflectiveCallable.java:12)
	at org.junit.runners.model.FrameworkMethod.invokeExplosively(FrameworkMethod.java:47)
	at org.junit.internal.runners.statements.InvokeMethod.evaluate(InvokeMethod.java:17)
	at org.junit.internal.runners.statements.FailOnTimeout$CallableStatement.call(FailOnTimeout.java:298)
	at org.junit.internal.runners.statements.FailOnTimeout$CallableStatement.call(FailOnTimeout.java:292)
	at java.util.concurrent.FutureTask.run(FutureTask.java:266)
	at java.lang.Thread.run(Thread.java:748)
8) test11(org.apache.commons.math.stat.descriptive.DescriptiveStatistics_ESTest)
org.evosuite.runtime.mock.java.lang.MockArrayIndexOutOfBoundsException: Cannot set an element at a negative index
	at org.apache.commons.math.util.ResizableDoubleArray.setElement(ResizableDoubleArray.java:574)
	at org.apache.commons.math.stat.descriptive.DescriptiveStatistics_ESTest.test11(DescriptiveStatistics_ESTest.java:163)
	at sun.reflect.NativeMethodAccessorImpl.invoke0(Native Method)
	at sun.reflect.NativeMethodAccessorImpl.invoke(NativeMethodAccessorImpl.java:62)
	at sun.reflect.DelegatingMethodAccessorImpl.invoke(DelegatingMethodAccessorImpl.java:43)
	at java.lang.reflect.Method.invoke(Method.java:498)
	at org.junit.runners.model.FrameworkMethod$1.runReflectiveCall(FrameworkMethod.java:50)
	at org.junit.internal.runners.model.ReflectiveCallable.run(ReflectiveCallable.java:12)
	at org.junit.runners.model.FrameworkMethod.invokeExplosively(FrameworkMethod.java:47)
	at org.junit.internal.runners.statements.InvokeMethod.evaluate(InvokeMethod.java:17)
	at org.junit.internal.runners.statements.FailOnTimeout$CallableStatement.call(FailOnTimeout.java:298)
	at org.junit.internal.runners.statements.FailOnTimeout$CallableStatement.call(FailOnTimeout.java:292)
	at java.util.concurrent.FutureTask.run(FutureTask.java:266)
	at java.lang.Thread.run(Thread.java:748)
9) test14(org.apache.commons.math.stat.descriptive.DescriptiveStatistics_ESTest)
org.evosuite.runtime.mock.java.lang.MockIllegalArgumentException: Number of elements must be zero or a positive integer
	at org.apache.commons.math.util.ResizableDoubleArray.setNumElements(ResizableDoubleArray.java:651)
	at org.apache.commons.math.stat.descriptive.DescriptiveStatistics_ESTest.test14(DescriptiveStatistics_ESTest.java:215)
	at sun.reflect.NativeMethodAccessorImpl.invoke0(Native Method)
	at sun.reflect.NativeMethodAccessorImpl.invoke(NativeMethodAccessorImpl.java:62)
	at sun.reflect.DelegatingMethodAccessorImpl.invoke(DelegatingMethodAccessorImpl.java:43)
	at java.lang.reflect.Method.invoke(Method.java:498)
	at org.junit.runners.model.FrameworkMethod$1.runReflectiveCall(FrameworkMethod.java:50)
	at org.junit.internal.runners.model.ReflectiveCallable.run(ReflectiveCallable.java:12)
	at org.junit.runners.model.FrameworkMethod.invokeExplosively(FrameworkMethod.java:47)
	at org.junit.internal.runners.statements.InvokeMethod.evaluate(InvokeMethod.java:17)
	at org.junit.internal.runners.statements.FailOnTimeout$CallableStatement.call(FailOnTimeout.java:298)
	at org.junit.internal.runners.statements.FailOnTimeout$CallableStatement.call(FailOnTimeout.java:292)
	at java.util.concurrent.FutureTask.run(FutureTask.java:266)
	at java.lang.Thread.run(Thread.java:748)
10) test13(org.apache.commons.math.stat.descriptive.DescriptiveStatistics_ESTest)
org.evosuite.runtime.mock.java.lang.MockArrayIndexOutOfBoundsException: Elements cannot be retrieved from a negative array index
	at org.apache.commons.math.util.ResizableDoubleArray.getElement(ResizableDoubleArray.java:466)
	at org.apache.commons.math.stat.descriptive.DescriptiveStatistics.getElement(DescriptiveStatistics.java:361)
	at org.apache.commons.math.stat.descriptive.DescriptiveStatistics_ESTest.test13(DescriptiveStatistics_ESTest.java:197)
	at sun.reflect.NativeMethodAccessorImpl.invoke0(Native Method)
	at sun.reflect.NativeMethodAccessorImpl.invoke(NativeMethodAccessorImpl.java:62)
	at sun.reflect.DelegatingMethodAccessorImpl.invoke(DelegatingMethodAccessorImpl.java:43)
	at java.lang.reflect.Method.invoke(Method.java:498)
	at org.junit.runners.model.FrameworkMethod$1.runReflectiveCall(FrameworkMethod.java:50)
	at org.junit.internal.runners.model.ReflectiveCallable.run(ReflectiveCallable.java:12)
	at org.junit.runners.model.FrameworkMethod.invokeExplosively(FrameworkMethod.java:47)
	at org.junit.internal.runners.statements.InvokeMethod.evaluate(InvokeMethod.java:17)
	at org.junit.internal.runners.statements.FailOnTimeout$CallableStatement.call(FailOnTimeout.java:298)
	at org.junit.internal.runners.statements.FailOnTimeout$CallableStatement.call(FailOnTimeout.java:292)
	at java.util.concurrent.FutureTask.run(FutureTask.java:266)
	at java.lang.Thread.run(Thread.java:748)
11) test35(org.apache.commons.math.stat.descriptive.DescriptiveStatistics_ESTest)
org.evosuite.runtime.mock.java.lang.MockArrayIndexOutOfBoundsException: Elements cannot be retrieved from a negative array index
	at org.apache.commons.math.util.ResizableDoubleArray.getElement(ResizableDoubleArray.java:466)
	at org.apache.commons.math.stat.descriptive.DescriptiveStatistics.getElement(DescriptiveStatistics.java:361)
	at org.apache.commons.math.stat.descriptive.DescriptiveStatistics_ESTest.test35(DescriptiveStatistics_ESTest.java:541)
	at sun.reflect.NativeMethodAccessorImpl.invoke0(Native Method)
	at sun.reflect.NativeMethodAccessorImpl.invoke(NativeMethodAccessorImpl.java:62)
	at sun.reflect.DelegatingMethodAccessorImpl.invoke(DelegatingMethodAccessorImpl.java:43)
	at java.lang.reflect.Method.invoke(Method.java:498)
	at org.junit.runners.model.FrameworkMethod$1.runReflectiveCall(FrameworkMethod.java:50)
	at org.junit.internal.runners.model.ReflectiveCallable.run(ReflectiveCallable.java:12)
	at org.junit.runners.model.FrameworkMethod.invokeExplosively(FrameworkMethod.java:47)
	at org.junit.internal.runners.statements.InvokeMethod.evaluate(InvokeMethod.java:17)
	at org.junit.internal.runners.statements.FailOnTimeout$CallableStatement.call(FailOnTimeout.java:298)
	at org.junit.internal.runners.statements.FailOnTimeout$CallableStatement.call(FailOnTimeout.java:292)
	at java.util.concurrent.FutureTask.run(FutureTask.java:266)
	at java.lang.Thread.run(Thread.java:748)
12) test16(org.apache.commons.math.stat.descriptive.DescriptiveStatistics_ESTest)
org.evosuite.runtime.mock.java.lang.MockIllegalArgumentException: Number of elements must be zero or a positive integer
	at org.apache.commons.math.util.ResizableDoubleArray.setNumElements(ResizableDoubleArray.java:651)
	at org.apache.commons.math.stat.descriptive.DescriptiveStatistics_ESTest.test16(DescriptiveStatistics_ESTest.java:251)
	at sun.reflect.NativeMethodAccessorImpl.invoke0(Native Method)
	at sun.reflect.NativeMethodAccessorImpl.invoke(NativeMethodAccessorImpl.java:62)
	at sun.reflect.DelegatingMethodAccessorImpl.invoke(DelegatingMethodAccessorImpl.java:43)
	at java.lang.reflect.Method.invoke(Method.java:498)
	at org.junit.runners.model.FrameworkMethod$1.runReflectiveCall(FrameworkMethod.java:50)
	at org.junit.internal.runners.model.ReflectiveCallable.run(ReflectiveCallable.java:12)
	at org.junit.runners.model.FrameworkMethod.invokeExplosively(FrameworkMethod.java:47)
	at org.junit.internal.runners.statements.InvokeMethod.evaluate(InvokeMethod.java:17)
	at org.junit.internal.runners.statements.FailOnTimeout$CallableStatement.call(FailOnTimeout.java:298)
	at org.junit.internal.runners.statements.FailOnTimeout$CallableStatement.call(FailOnTimeout.java:292)
	at java.util.concurrent.FutureTask.run(FutureTask.java:266)
	at java.lang.Thread.run(Thread.java:748)
13) test38(org.apache.commons.math.stat.descriptive.DescriptiveStatistics_ESTest)
org.evosuite.runtime.mock.java.lang.MockIllegalArgumentException: The initial capacity supplied: -1must be a positive integer
	at org.apache.commons.math.util.ResizableDoubleArray.setInitialCapacity(ResizableDoubleArray.java:633)
	at org.apache.commons.math.util.ResizableDoubleArray.<init>(ResizableDoubleArray.java:155)
	at org.apache.commons.math.stat.descriptive.DescriptiveStatistics_ESTest.test38(DescriptiveStatistics_ESTest.java:584)
	at sun.reflect.NativeMethodAccessorImpl.invoke0(Native Method)
	at sun.reflect.NativeMethodAccessorImpl.invoke(NativeMethodAccessorImpl.java:62)
	at sun.reflect.DelegatingMethodAccessorImpl.invoke(DelegatingMethodAccessorImpl.java:43)
	at java.lang.reflect.Method.invoke(Method.java:498)
	at org.junit.runners.model.FrameworkMethod$1.runReflectiveCall(FrameworkMethod.java:50)
	at org.junit.internal.runners.model.ReflectiveCallable.run(ReflectiveCallable.java:12)
	at org.junit.runners.model.FrameworkMethod.invokeExplosively(FrameworkMethod.java:47)
	at org.junit.internal.runners.statements.InvokeMethod.evaluate(InvokeMethod.java:17)
	at org.junit.internal.runners.statements.FailOnTimeout$CallableStatement.call(FailOnTimeout.java:298)
	at org.junit.internal.runners.statements.FailOnTimeout$CallableStatement.call(FailOnTimeout.java:292)
	at java.util.concurrent.FutureTask.run(FutureTask.java:266)
	at java.lang.Thread.run(Thread.java:748)
14) test15(org.apache.commons.math.stat.descriptive.DescriptiveStatistics_ESTest)
org.evosuite.runtime.mock.java.lang.MockIllegalArgumentException: Number of elements must be zero or a positive integer
	at org.apache.commons.math.util.ResizableDoubleArray.setNumElements(ResizableDoubleArray.java:651)
	at org.apache.commons.math.stat.descriptive.DescriptiveStatistics_ESTest.test15(DescriptiveStatistics_ESTest.java:233)
	at sun.reflect.NativeMethodAccessorImpl.invoke0(Native Method)
	at sun.reflect.NativeMethodAccessorImpl.invoke(NativeMethodAccessorImpl.java:62)
	at sun.reflect.DelegatingMethodAccessorImpl.invoke(DelegatingMethodAccessorImpl.java:43)
	at java.lang.reflect.Method.invoke(Method.java:498)
	at org.junit.runners.model.FrameworkMethod$1.runReflectiveCall(FrameworkMethod.java:50)
	at org.junit.internal.runners.model.ReflectiveCallable.run(ReflectiveCallable.java:12)
	at org.junit.runners.model.FrameworkMethod.invokeExplosively(FrameworkMethod.java:47)
	at org.junit.internal.runners.statements.InvokeMethod.evaluate(InvokeMethod.java:17)
	at org.junit.internal.runners.statements.FailOnTimeout$CallableStatement.call(FailOnTimeout.java:298)
	at org.junit.internal.runners.statements.FailOnTimeout$CallableStatement.call(FailOnTimeout.java:292)
	at java.util.concurrent.FutureTask.run(FutureTask.java:266)
	at java.lang.Thread.run(Thread.java:748)
15) test37(org.apache.commons.math.stat.descriptive.DescriptiveStatistics_ESTest)
org.evosuite.runtime.mock.java.lang.MockIllegalArgumentException: Number of elements must be zero or a positive integer
	at org.apache.commons.math.util.ResizableDoubleArray.setNumElements(ResizableDoubleArray.java:651)
	at org.apache.commons.math.stat.descriptive.DescriptiveStatistics_ESTest.test37(DescriptiveStatistics_ESTest.java:569)
	at sun.reflect.NativeMethodAccessorImpl.invoke0(Native Method)
	at sun.reflect.NativeMethodAccessorImpl.invoke(NativeMethodAccessorImpl.java:62)
	at sun.reflect.DelegatingMethodAccessorImpl.invoke(DelegatingMethodAccessorImpl.java:43)
	at java.lang.reflect.Method.invoke(Method.java:498)
	at org.junit.runners.model.FrameworkMethod$1.runReflectiveCall(FrameworkMethod.java:50)
	at org.junit.internal.runners.model.ReflectiveCallable.run(ReflectiveCallable.java:12)
	at org.junit.runners.model.FrameworkMethod.invokeExplosively(FrameworkMethod.java:47)
	at org.junit.internal.runners.statements.InvokeMethod.evaluate(InvokeMethod.java:17)
	at org.junit.internal.runners.statements.FailOnTimeout$CallableStatement.call(FailOnTimeout.java:298)
	at org.junit.internal.runners.statements.FailOnTimeout$CallableStatement.call(FailOnTimeout.java:292)
	at java.util.concurrent.FutureTask.run(FutureTask.java:266)
	at java.lang.Thread.run(Thread.java:748)
16) test29(org.apache.commons.math.stat.descriptive.DescriptiveStatistics_ESTest)
org.evosuite.runtime.mock.java.lang.MockArrayIndexOutOfBoundsException: Elements cannot be retrieved from a negative array index
	at org.apache.commons.math.util.ResizableDoubleArray.getElement(ResizableDoubleArray.java:466)
	at org.apache.commons.math.stat.descriptive.DescriptiveStatistics.getElement(DescriptiveStatistics.java:361)
	at org.apache.commons.math.stat.descriptive.DescriptiveStatistics_ESTest.test29(DescriptiveStatistics_ESTest.java:450)
	at sun.reflect.NativeMethodAccessorImpl.invoke0(Native Method)
	at sun.reflect.NativeMethodAccessorImpl.invoke(NativeMethodAccessorImpl.java:62)
	at sun.reflect.DelegatingMethodAccessorImpl.invoke(DelegatingMethodAccessorImpl.java:43)
	at java.lang.reflect.Method.invoke(Method.java:498)
	at org.junit.runners.model.FrameworkMethod$1.runReflectiveCall(FrameworkMethod.java:50)
	at org.junit.internal.runners.model.ReflectiveCallable.run(ReflectiveCallable.java:12)
	at org.junit.runners.model.FrameworkMethod.invokeExplosively(FrameworkMethod.java:47)
	at org.junit.internal.runners.statements.InvokeMethod.evaluate(InvokeMethod.java:17)
	at org.junit.internal.runners.statements.FailOnTimeout$CallableStatement.call(FailOnTimeout.java:298)
	at org.junit.internal.runners.statements.FailOnTimeout$CallableStatement.call(FailOnTimeout.java:292)
	at java.util.concurrent.FutureTask.run(FutureTask.java:266)
	at java.lang.Thread.run(Thread.java:748)
17) test06(org.apache.commons.math.stat.descriptive.DescriptiveStatistics_ESTest)
org.evosuite.runtime.mock.java.lang.MockArrayIndexOutOfBoundsException: Elements cannot be retrieved from a negative array index
	at org.apache.commons.math.util.ResizableDoubleArray.getElement(ResizableDoubleArray.java:466)
	at org.apache.commons.math.stat.descriptive.DescriptiveStatistics.getElement(DescriptiveStatistics.java:361)
	at org.apache.commons.math.stat.descriptive.DescriptiveStatistics_ESTest.test06(DescriptiveStatistics_ESTest.java:102)
	at sun.reflect.NativeMethodAccessorImpl.invoke0(Native Method)
	at sun.reflect.NativeMethodAccessorImpl.invoke(NativeMethodAccessorImpl.java:62)
	at sun.reflect.DelegatingMethodAccessorImpl.invoke(DelegatingMethodAccessorImpl.java:43)
	at java.lang.reflect.Method.invoke(Method.java:498)
	at org.junit.runners.model.FrameworkMethod$1.runReflectiveCall(FrameworkMethod.java:50)
	at org.junit.internal.runners.model.ReflectiveCallable.run(ReflectiveCallable.java:12)
	at org.junit.runners.model.FrameworkMethod.invokeExplosively(FrameworkMethod.java:47)
	at org.junit.internal.runners.statements.InvokeMethod.evaluate(InvokeMethod.java:17)
	at org.junit.internal.runners.statements.FailOnTimeout$CallableStatement.call(FailOnTimeout.java:298)
	at org.junit.internal.runners.statements.FailOnTimeout$CallableStatement.call(FailOnTimeout.java:292)
	at java.util.concurrent.FutureTask.run(FutureTask.java:266)
	at java.lang.Thread.run(Thread.java:748)
18) test28(org.apache.commons.math.stat.descriptive.DescriptiveStatistics_ESTest)
org.evosuite.runtime.mock.java.lang.MockIllegalArgumentException: Illegal expansionMode setting.
	at org.apache.commons.math.util.ResizableDoubleArray.setExpansionMode(ResizableDoubleArray.java:612)
	at org.apache.commons.math.stat.descriptive.DescriptiveStatistics_ESTest.test28(DescriptiveStatistics_ESTest.java:432)
	at sun.reflect.NativeMethodAccessorImpl.invoke0(Native Method)
	at sun.reflect.NativeMethodAccessorImpl.invoke(NativeMethodAccessorImpl.java:62)
	at sun.reflect.DelegatingMethodAccessorImpl.invoke(DelegatingMethodAccessorImpl.java:43)
	at java.lang.reflect.Method.invoke(Method.java:498)
	at org.junit.runners.model.FrameworkMethod$1.runReflectiveCall(FrameworkMethod.java:50)
	at org.junit.internal.runners.model.ReflectiveCallable.run(ReflectiveCallable.java:12)
	at org.junit.runners.model.FrameworkMethod.invokeExplosively(FrameworkMethod.java:47)
	at org.junit.internal.runners.statements.InvokeMethod.evaluate(InvokeMethod.java:17)
	at org.junit.internal.runners.statements.FailOnTimeout$CallableStatement.call(FailOnTimeout.java:298)
	at org.junit.internal.runners.statements.FailOnTimeout$CallableStatement.call(FailOnTimeout.java:292)
	at java.util.concurrent.FutureTask.run(FutureTask.java:266)
	at java.lang.Thread.run(Thread.java:748)
19) test23(org.apache.commons.math.stat.descriptive.DescriptiveStatistics_ESTest)
org.evosuite.runtime.mock.java.lang.MockArrayIndexOutOfBoundsException: Cannot set an element at a negative index
	at org.apache.commons.math.util.ResizableDoubleArray.setElement(ResizableDoubleArray.java:574)
	at org.apache.commons.math.stat.descriptive.DescriptiveStatistics_ESTest.test23(DescriptiveStatistics_ESTest.java:357)
	at sun.reflect.NativeMethodAccessorImpl.invoke0(Native Method)
	at sun.reflect.NativeMethodAccessorImpl.invoke(NativeMethodAccessorImpl.java:62)
	at sun.reflect.DelegatingMethodAccessorImpl.invoke(DelegatingMethodAccessorImpl.java:43)
	at java.lang.reflect.Method.invoke(Method.java:498)
	at org.junit.runners.model.FrameworkMethod$1.runReflectiveCall(FrameworkMethod.java:50)
	at org.junit.internal.runners.model.ReflectiveCallable.run(ReflectiveCallable.java:12)
	at org.junit.runners.model.FrameworkMethod.invokeExplosively(FrameworkMethod.java:47)
	at org.junit.internal.runners.statements.InvokeMethod.evaluate(InvokeMethod.java:17)
	at org.junit.internal.runners.statements.FailOnTimeout$CallableStatement.call(FailOnTimeout.java:298)
	at org.junit.internal.runners.statements.FailOnTimeout$CallableStatement.call(FailOnTimeout.java:292)
	at java.util.concurrent.FutureTask.run(FutureTask.java:266)
	at java.lang.Thread.run(Thread.java:748)
20) test02(org.apache.commons.math.stat.descriptive.DescriptiveStatistics_ESTest)
org.evosuite.runtime.mock.java.lang.MockArrayIndexOutOfBoundsException: Cannot set an element at a negative index
	at org.apache.commons.math.util.ResizableDoubleArray.setElement(ResizableDoubleArray.java:574)
	at org.apache.commons.math.stat.descriptive.DescriptiveStatistics_ESTest.test02(DescriptiveStatistics_ESTest.java:46)
	at sun.reflect.NativeMethodAccessorImpl.invoke0(Native Method)
	at sun.reflect.NativeMethodAccessorImpl.invoke(NativeMethodAccessorImpl.java:62)
	at sun.reflect.DelegatingMethodAccessorImpl.invoke(DelegatingMethodAccessorImpl.java:43)
	at java.lang.reflect.Method.invoke(Method.java:498)
	at org.junit.runners.model.FrameworkMethod$1.runReflectiveCall(FrameworkMethod.java:50)
	at org.junit.internal.runners.model.ReflectiveCallable.run(ReflectiveCallable.java:12)
	at org.junit.runners.model.FrameworkMethod.invokeExplosively(FrameworkMethod.java:47)
	at org.junit.internal.runners.statements.InvokeMethod.evaluate(InvokeMethod.java:17)
	at org.junit.internal.runners.statements.FailOnTimeout$CallableStatement.call(FailOnTimeout.java:298)
	at org.junit.internal.runners.statements.FailOnTimeout$CallableStatement.call(FailOnTimeout.java:292)
	at java.util.concurrent.FutureTask.run(FutureTask.java:266)
	at java.lang.Thread.run(Thread.java:748)
21) test24(org.apache.commons.math.stat.descriptive.DescriptiveStatistics_ESTest)
org.evosuite.runtime.mock.java.lang.MockArrayIndexOutOfBoundsException: Cannot set an element at a negative index
	at org.apache.commons.math.util.ResizableDoubleArray.setElement(ResizableDoubleArray.java:574)
	at org.apache.commons.math.stat.descriptive.DescriptiveStatistics_ESTest.test24(DescriptiveStatistics_ESTest.java:374)
	at sun.reflect.NativeMethodAccessorImpl.invoke0(Native Method)
	at sun.reflect.NativeMethodAccessorImpl.invoke(NativeMethodAccessorImpl.java:62)
	at sun.reflect.DelegatingMethodAccessorImpl.invoke(DelegatingMethodAccessorImpl.java:43)
	at java.lang.reflect.Method.invoke(Method.java:498)
	at org.junit.runners.model.FrameworkMethod$1.runReflectiveCall(FrameworkMethod.java:50)
	at org.junit.internal.runners.model.ReflectiveCallable.run(ReflectiveCallable.java:12)
	at org.junit.runners.model.FrameworkMethod.invokeExplosively(FrameworkMethod.java:47)
	at org.junit.internal.runners.statements.InvokeMethod.evaluate(InvokeMethod.java:17)
	at org.junit.internal.runners.statements.FailOnTimeout$CallableStatement.call(FailOnTimeout.java:298)
	at org.junit.internal.runners.statements.FailOnTimeout$CallableStatement.call(FailOnTimeout.java:292)
	at java.util.concurrent.FutureTask.run(FutureTask.java:266)
	at java.lang.Thread.run(Thread.java:748)
22) test27(org.apache.commons.math.stat.descriptive.DescriptiveStatistics_ESTest)
org.evosuite.runtime.mock.java.lang.MockIllegalArgumentException: Illegal expansionMode setting.
	at org.apache.commons.math.util.ResizableDoubleArray.setExpansionMode(ResizableDoubleArray.java:612)
	at org.apache.commons.math.stat.descriptive.DescriptiveStatistics_ESTest.test27(DescriptiveStatistics_ESTest.java:414)
	at sun.reflect.NativeMethodAccessorImpl.invoke0(Native Method)
	at sun.reflect.NativeMethodAccessorImpl.invoke(NativeMethodAccessorImpl.java:62)
	at sun.reflect.DelegatingMethodAccessorImpl.invoke(DelegatingMethodAccessorImpl.java:43)
	at java.lang.reflect.Method.invoke(Method.java:498)
	at org.junit.runners.model.FrameworkMethod$1.runReflectiveCall(FrameworkMethod.java:50)
	at org.junit.internal.runners.model.ReflectiveCallable.run(ReflectiveCallable.java:12)
	at org.junit.runners.model.FrameworkMethod.invokeExplosively(FrameworkMethod.java:47)
	at org.junit.internal.runners.statements.InvokeMethod.evaluate(InvokeMethod.java:17)
	at org.junit.internal.runners.statements.FailOnTimeout$CallableStatement.call(FailOnTimeout.java:298)
	at org.junit.internal.runners.statements.FailOnTimeout$CallableStatement.call(FailOnTimeout.java:292)
	at java.util.concurrent.FutureTask.run(FutureTask.java:266)
	at java.lang.Thread.run(Thread.java:748)
23) test04(org.apache.commons.math.stat.descriptive.DescriptiveStatistics_ESTest)
org.evosuite.runtime.mock.java.lang.MockArrayIndexOutOfBoundsException: The index specified: 2068 is larger than the current number of elements
	at org.apache.commons.math.util.ResizableDoubleArray.getElement(ResizableDoubleArray.java:460)
	at org.apache.commons.math.stat.descriptive.DescriptiveStatistics.getElement(DescriptiveStatistics.java:361)
	at org.apache.commons.math.stat.descriptive.DescriptiveStatistics_ESTest.test04(DescriptiveStatistics_ESTest.java:75)
	at sun.reflect.NativeMethodAccessorImpl.invoke0(Native Method)
	at sun.reflect.NativeMethodAccessorImpl.invoke(NativeMethodAccessorImpl.java:62)
	at sun.reflect.DelegatingMethodAccessorImpl.invoke(DelegatingMethodAccessorImpl.java:43)
	at java.lang.reflect.Method.invoke(Method.java:498)
	at org.junit.runners.model.FrameworkMethod$1.runReflectiveCall(FrameworkMethod.java:50)
	at org.junit.internal.runners.model.ReflectiveCallable.run(ReflectiveCallable.java:12)
	at org.junit.runners.model.FrameworkMethod.invokeExplosively(FrameworkMethod.java:47)
	at org.junit.internal.runners.statements.InvokeMethod.evaluate(InvokeMethod.java:17)
	at org.junit.internal.runners.statements.FailOnTimeout$CallableStatement.call(FailOnTimeout.java:298)
	at org.junit.internal.runners.statements.FailOnTimeout$CallableStatement.call(FailOnTimeout.java:292)
	at java.util.concurrent.FutureTask.run(FutureTask.java:266)
	at java.lang.Thread.run(Thread.java:748)

FAILURES!!!
Tests run: 40,  Failures: 23

